[2025-03-24T08:10:03.425+0000] {processor.py:186} INFO - Started process (PID=64) to work on /opt/airflow/dags/dlt_pipeline_dag.py
[2025-03-24T08:10:03.427+0000] {processor.py:914} INFO - Processing file /opt/airflow/dags/dlt_pipeline_dag.py for tasks to queue
[2025-03-24T08:10:03.429+0000] {logging_mixin.py:190} INFO - [2025-03-24T08:10:03.429+0000] {dagbag.py:588} INFO - Filling up the DagBag from /opt/airflow/dags/dlt_pipeline_dag.py
[2025-03-24T08:10:03.460+0000] {processor.py:925} INFO - DAG(s) 'dlt_to_postgres_pipeline' retrieved from /opt/airflow/dags/dlt_pipeline_dag.py
[2025-03-24T08:10:03.759+0000] {logging_mixin.py:190} INFO - [2025-03-24T08:10:03.758+0000] {override.py:1912} INFO - Created Permission View: can read on DAG:dlt_to_postgres_pipeline
[2025-03-24T08:10:03.773+0000] {logging_mixin.py:190} INFO - [2025-03-24T08:10:03.773+0000] {override.py:1912} INFO - Created Permission View: can delete on DAG:dlt_to_postgres_pipeline
[2025-03-24T08:10:03.782+0000] {logging_mixin.py:190} INFO - [2025-03-24T08:10:03.782+0000] {override.py:1912} INFO - Created Permission View: can edit on DAG:dlt_to_postgres_pipeline
[2025-03-24T08:10:03.794+0000] {logging_mixin.py:190} INFO - [2025-03-24T08:10:03.794+0000] {override.py:1912} INFO - Created Permission View: can create on DAG Run:dlt_to_postgres_pipeline
[2025-03-24T08:10:03.802+0000] {logging_mixin.py:190} INFO - [2025-03-24T08:10:03.802+0000] {override.py:1912} INFO - Created Permission View: menu access on DAG Run:dlt_to_postgres_pipeline
[2025-03-24T08:10:03.811+0000] {logging_mixin.py:190} INFO - [2025-03-24T08:10:03.810+0000] {override.py:1912} INFO - Created Permission View: can read on DAG Run:dlt_to_postgres_pipeline
[2025-03-24T08:10:03.819+0000] {logging_mixin.py:190} INFO - [2025-03-24T08:10:03.818+0000] {override.py:1912} INFO - Created Permission View: can delete on DAG Run:dlt_to_postgres_pipeline
[2025-03-24T08:10:03.819+0000] {logging_mixin.py:190} INFO - [2025-03-24T08:10:03.819+0000] {dag.py:3239} INFO - Sync 1 DAGs
[2025-03-24T08:10:03.833+0000] {logging_mixin.py:190} INFO - [2025-03-24T08:10:03.833+0000] {dag.py:3262} INFO - Creating ORM DAG for dlt_to_postgres_pipeline
[2025-03-24T08:10:03.834+0000] {logging_mixin.py:190} INFO - [2025-03-24T08:10:03.834+0000] {dag.py:4180} INFO - Setting next_dagrun for dlt_to_postgres_pipeline to None, run_after=None
[2025-03-24T08:10:03.854+0000] {processor.py:208} INFO - Processing /opt/airflow/dags/dlt_pipeline_dag.py took 0.435 seconds
[2025-03-24T08:10:33.911+0000] {processor.py:186} INFO - Started process (PID=128) to work on /opt/airflow/dags/dlt_pipeline_dag.py
[2025-03-24T08:10:33.913+0000] {processor.py:914} INFO - Processing file /opt/airflow/dags/dlt_pipeline_dag.py for tasks to queue
[2025-03-24T08:10:33.916+0000] {logging_mixin.py:190} INFO - [2025-03-24T08:10:33.915+0000] {dagbag.py:588} INFO - Filling up the DagBag from /opt/airflow/dags/dlt_pipeline_dag.py
[2025-03-24T08:10:33.930+0000] {processor.py:925} INFO - DAG(s) 'dlt_to_postgres_pipeline' retrieved from /opt/airflow/dags/dlt_pipeline_dag.py
[2025-03-24T08:10:33.950+0000] {logging_mixin.py:190} INFO - [2025-03-24T08:10:33.950+0000] {dag.py:3239} INFO - Sync 1 DAGs
[2025-03-24T08:10:33.966+0000] {logging_mixin.py:190} INFO - [2025-03-24T08:10:33.966+0000] {dag.py:4180} INFO - Setting next_dagrun for dlt_to_postgres_pipeline to None, run_after=None
[2025-03-24T08:10:33.992+0000] {processor.py:208} INFO - Processing /opt/airflow/dags/dlt_pipeline_dag.py took 0.088 seconds
[2025-03-24T08:11:04.110+0000] {processor.py:186} INFO - Started process (PID=192) to work on /opt/airflow/dags/dlt_pipeline_dag.py
[2025-03-24T08:11:04.111+0000] {processor.py:914} INFO - Processing file /opt/airflow/dags/dlt_pipeline_dag.py for tasks to queue
[2025-03-24T08:11:04.115+0000] {logging_mixin.py:190} INFO - [2025-03-24T08:11:04.114+0000] {dagbag.py:588} INFO - Filling up the DagBag from /opt/airflow/dags/dlt_pipeline_dag.py
[2025-03-24T08:11:04.136+0000] {processor.py:925} INFO - DAG(s) 'dlt_to_postgres_pipeline' retrieved from /opt/airflow/dags/dlt_pipeline_dag.py
[2025-03-24T08:11:04.156+0000] {logging_mixin.py:190} INFO - [2025-03-24T08:11:04.156+0000] {dag.py:3239} INFO - Sync 1 DAGs
[2025-03-24T08:11:04.172+0000] {logging_mixin.py:190} INFO - [2025-03-24T08:11:04.172+0000] {dag.py:4180} INFO - Setting next_dagrun for dlt_to_postgres_pipeline to None, run_after=None
[2025-03-24T08:11:04.198+0000] {processor.py:208} INFO - Processing /opt/airflow/dags/dlt_pipeline_dag.py took 0.094 seconds
[2025-03-24T08:11:34.924+0000] {processor.py:186} INFO - Started process (PID=256) to work on /opt/airflow/dags/dlt_pipeline_dag.py
[2025-03-24T08:11:34.925+0000] {processor.py:914} INFO - Processing file /opt/airflow/dags/dlt_pipeline_dag.py for tasks to queue
[2025-03-24T08:11:34.928+0000] {logging_mixin.py:190} INFO - [2025-03-24T08:11:34.928+0000] {dagbag.py:588} INFO - Filling up the DagBag from /opt/airflow/dags/dlt_pipeline_dag.py
[2025-03-24T08:11:34.946+0000] {processor.py:925} INFO - DAG(s) 'dlt_to_postgres_pipeline' retrieved from /opt/airflow/dags/dlt_pipeline_dag.py
[2025-03-24T08:11:34.969+0000] {logging_mixin.py:190} INFO - [2025-03-24T08:11:34.968+0000] {dag.py:3239} INFO - Sync 1 DAGs
[2025-03-24T08:11:34.985+0000] {logging_mixin.py:190} INFO - [2025-03-24T08:11:34.985+0000] {dag.py:4180} INFO - Setting next_dagrun for dlt_to_postgres_pipeline to None, run_after=None
[2025-03-24T08:11:35.007+0000] {processor.py:208} INFO - Processing /opt/airflow/dags/dlt_pipeline_dag.py took 0.091 seconds
[2025-03-24T08:12:05.534+0000] {processor.py:186} INFO - Started process (PID=320) to work on /opt/airflow/dags/dlt_pipeline_dag.py
[2025-03-24T08:12:05.535+0000] {processor.py:914} INFO - Processing file /opt/airflow/dags/dlt_pipeline_dag.py for tasks to queue
[2025-03-24T08:12:05.538+0000] {logging_mixin.py:190} INFO - [2025-03-24T08:12:05.538+0000] {dagbag.py:588} INFO - Filling up the DagBag from /opt/airflow/dags/dlt_pipeline_dag.py
[2025-03-24T08:12:05.559+0000] {processor.py:925} INFO - DAG(s) 'dlt_to_postgres_pipeline' retrieved from /opt/airflow/dags/dlt_pipeline_dag.py
[2025-03-24T08:12:05.579+0000] {logging_mixin.py:190} INFO - [2025-03-24T08:12:05.579+0000] {dag.py:3239} INFO - Sync 1 DAGs
[2025-03-24T08:12:05.594+0000] {logging_mixin.py:190} INFO - [2025-03-24T08:12:05.594+0000] {dag.py:4180} INFO - Setting next_dagrun for dlt_to_postgres_pipeline to None, run_after=None
[2025-03-24T08:12:05.620+0000] {processor.py:208} INFO - Processing /opt/airflow/dags/dlt_pipeline_dag.py took 0.093 seconds
[2025-03-24T08:12:36.469+0000] {processor.py:186} INFO - Started process (PID=384) to work on /opt/airflow/dags/dlt_pipeline_dag.py
[2025-03-24T08:12:36.470+0000] {processor.py:914} INFO - Processing file /opt/airflow/dags/dlt_pipeline_dag.py for tasks to queue
[2025-03-24T08:12:36.474+0000] {logging_mixin.py:190} INFO - [2025-03-24T08:12:36.473+0000] {dagbag.py:588} INFO - Filling up the DagBag from /opt/airflow/dags/dlt_pipeline_dag.py
[2025-03-24T08:12:36.494+0000] {processor.py:925} INFO - DAG(s) 'dlt_to_postgres_pipeline' retrieved from /opt/airflow/dags/dlt_pipeline_dag.py
[2025-03-24T08:12:36.513+0000] {logging_mixin.py:190} INFO - [2025-03-24T08:12:36.513+0000] {dag.py:3239} INFO - Sync 1 DAGs
[2025-03-24T08:12:36.529+0000] {logging_mixin.py:190} INFO - [2025-03-24T08:12:36.528+0000] {dag.py:4180} INFO - Setting next_dagrun for dlt_to_postgres_pipeline to None, run_after=None
[2025-03-24T08:12:36.550+0000] {processor.py:208} INFO - Processing /opt/airflow/dags/dlt_pipeline_dag.py took 0.089 seconds
[2025-03-24T08:13:06.791+0000] {processor.py:186} INFO - Started process (PID=448) to work on /opt/airflow/dags/dlt_pipeline_dag.py
[2025-03-24T08:13:06.792+0000] {processor.py:914} INFO - Processing file /opt/airflow/dags/dlt_pipeline_dag.py for tasks to queue
[2025-03-24T08:13:06.795+0000] {logging_mixin.py:190} INFO - [2025-03-24T08:13:06.795+0000] {dagbag.py:588} INFO - Filling up the DagBag from /opt/airflow/dags/dlt_pipeline_dag.py
[2025-03-24T08:13:06.817+0000] {processor.py:925} INFO - DAG(s) 'dlt_to_postgres_pipeline' retrieved from /opt/airflow/dags/dlt_pipeline_dag.py
[2025-03-24T08:13:06.836+0000] {logging_mixin.py:190} INFO - [2025-03-24T08:13:06.836+0000] {dag.py:3239} INFO - Sync 1 DAGs
[2025-03-24T08:13:06.852+0000] {logging_mixin.py:190} INFO - [2025-03-24T08:13:06.851+0000] {dag.py:4180} INFO - Setting next_dagrun for dlt_to_postgres_pipeline to None, run_after=None
[2025-03-24T08:13:06.876+0000] {processor.py:208} INFO - Processing /opt/airflow/dags/dlt_pipeline_dag.py took 0.093 seconds
[2025-03-24T08:13:37.778+0000] {processor.py:186} INFO - Started process (PID=512) to work on /opt/airflow/dags/dlt_pipeline_dag.py
[2025-03-24T08:13:37.779+0000] {processor.py:914} INFO - Processing file /opt/airflow/dags/dlt_pipeline_dag.py for tasks to queue
[2025-03-24T08:13:37.782+0000] {logging_mixin.py:190} INFO - [2025-03-24T08:13:37.781+0000] {dagbag.py:588} INFO - Filling up the DagBag from /opt/airflow/dags/dlt_pipeline_dag.py
[2025-03-24T08:13:37.805+0000] {processor.py:925} INFO - DAG(s) 'dlt_to_postgres_pipeline' retrieved from /opt/airflow/dags/dlt_pipeline_dag.py
[2025-03-24T08:13:37.825+0000] {logging_mixin.py:190} INFO - [2025-03-24T08:13:37.824+0000] {dag.py:3239} INFO - Sync 1 DAGs
[2025-03-24T08:13:37.840+0000] {logging_mixin.py:190} INFO - [2025-03-24T08:13:37.840+0000] {dag.py:4180} INFO - Setting next_dagrun for dlt_to_postgres_pipeline to None, run_after=None
[2025-03-24T08:13:37.866+0000] {processor.py:208} INFO - Processing /opt/airflow/dags/dlt_pipeline_dag.py took 0.094 seconds
[2025-03-24T08:14:08.776+0000] {processor.py:186} INFO - Started process (PID=576) to work on /opt/airflow/dags/dlt_pipeline_dag.py
[2025-03-24T08:14:08.777+0000] {processor.py:914} INFO - Processing file /opt/airflow/dags/dlt_pipeline_dag.py for tasks to queue
[2025-03-24T08:14:08.780+0000] {logging_mixin.py:190} INFO - [2025-03-24T08:14:08.780+0000] {dagbag.py:588} INFO - Filling up the DagBag from /opt/airflow/dags/dlt_pipeline_dag.py
[2025-03-24T08:14:08.802+0000] {processor.py:925} INFO - DAG(s) 'dlt_to_postgres_pipeline' retrieved from /opt/airflow/dags/dlt_pipeline_dag.py
[2025-03-24T08:14:08.827+0000] {logging_mixin.py:190} INFO - [2025-03-24T08:14:08.827+0000] {dag.py:3239} INFO - Sync 1 DAGs
[2025-03-24T08:14:08.843+0000] {logging_mixin.py:190} INFO - [2025-03-24T08:14:08.843+0000] {dag.py:4180} INFO - Setting next_dagrun for dlt_to_postgres_pipeline to None, run_after=None
[2025-03-24T08:14:08.869+0000] {processor.py:208} INFO - Processing /opt/airflow/dags/dlt_pipeline_dag.py took 0.102 seconds
[2025-03-24T08:14:39.882+0000] {processor.py:186} INFO - Started process (PID=640) to work on /opt/airflow/dags/dlt_pipeline_dag.py
[2025-03-24T08:14:39.883+0000] {processor.py:914} INFO - Processing file /opt/airflow/dags/dlt_pipeline_dag.py for tasks to queue
[2025-03-24T08:14:39.886+0000] {logging_mixin.py:190} INFO - [2025-03-24T08:14:39.885+0000] {dagbag.py:588} INFO - Filling up the DagBag from /opt/airflow/dags/dlt_pipeline_dag.py
[2025-03-24T08:14:39.908+0000] {processor.py:925} INFO - DAG(s) 'dlt_to_postgres_pipeline' retrieved from /opt/airflow/dags/dlt_pipeline_dag.py
[2025-03-24T08:14:39.928+0000] {logging_mixin.py:190} INFO - [2025-03-24T08:14:39.928+0000] {dag.py:3239} INFO - Sync 1 DAGs
[2025-03-24T08:14:39.945+0000] {logging_mixin.py:190} INFO - [2025-03-24T08:14:39.944+0000] {dag.py:4180} INFO - Setting next_dagrun for dlt_to_postgres_pipeline to None, run_after=None
[2025-03-24T08:14:39.966+0000] {processor.py:208} INFO - Processing /opt/airflow/dags/dlt_pipeline_dag.py took 0.091 seconds
[2025-03-24T08:15:10.912+0000] {processor.py:186} INFO - Started process (PID=704) to work on /opt/airflow/dags/dlt_pipeline_dag.py
[2025-03-24T08:15:10.914+0000] {processor.py:914} INFO - Processing file /opt/airflow/dags/dlt_pipeline_dag.py for tasks to queue
[2025-03-24T08:15:10.917+0000] {logging_mixin.py:190} INFO - [2025-03-24T08:15:10.917+0000] {dagbag.py:588} INFO - Filling up the DagBag from /opt/airflow/dags/dlt_pipeline_dag.py
[2025-03-24T08:15:10.936+0000] {processor.py:925} INFO - DAG(s) 'dlt_to_postgres_pipeline' retrieved from /opt/airflow/dags/dlt_pipeline_dag.py
[2025-03-24T08:15:10.959+0000] {logging_mixin.py:190} INFO - [2025-03-24T08:15:10.958+0000] {dag.py:3239} INFO - Sync 1 DAGs
[2025-03-24T08:15:10.974+0000] {logging_mixin.py:190} INFO - [2025-03-24T08:15:10.973+0000] {dag.py:4180} INFO - Setting next_dagrun for dlt_to_postgres_pipeline to None, run_after=None
[2025-03-24T08:15:10.996+0000] {processor.py:208} INFO - Processing /opt/airflow/dags/dlt_pipeline_dag.py took 0.090 seconds
[2025-03-24T08:15:41.212+0000] {processor.py:186} INFO - Started process (PID=768) to work on /opt/airflow/dags/dlt_pipeline_dag.py
[2025-03-24T08:15:41.213+0000] {processor.py:914} INFO - Processing file /opt/airflow/dags/dlt_pipeline_dag.py for tasks to queue
[2025-03-24T08:15:41.215+0000] {logging_mixin.py:190} INFO - [2025-03-24T08:15:41.215+0000] {dagbag.py:588} INFO - Filling up the DagBag from /opt/airflow/dags/dlt_pipeline_dag.py
[2025-03-24T08:15:41.239+0000] {processor.py:925} INFO - DAG(s) 'dlt_to_postgres_pipeline' retrieved from /opt/airflow/dags/dlt_pipeline_dag.py
[2025-03-24T08:15:41.258+0000] {logging_mixin.py:190} INFO - [2025-03-24T08:15:41.258+0000] {dag.py:3239} INFO - Sync 1 DAGs
[2025-03-24T08:15:41.274+0000] {logging_mixin.py:190} INFO - [2025-03-24T08:15:41.274+0000] {dag.py:4180} INFO - Setting next_dagrun for dlt_to_postgres_pipeline to None, run_after=None
[2025-03-24T08:15:41.300+0000] {processor.py:208} INFO - Processing /opt/airflow/dags/dlt_pipeline_dag.py took 0.094 seconds
[2025-03-24T08:16:11.946+0000] {processor.py:186} INFO - Started process (PID=832) to work on /opt/airflow/dags/dlt_pipeline_dag.py
[2025-03-24T08:16:11.947+0000] {processor.py:914} INFO - Processing file /opt/airflow/dags/dlt_pipeline_dag.py for tasks to queue
[2025-03-24T08:16:11.950+0000] {logging_mixin.py:190} INFO - [2025-03-24T08:16:11.949+0000] {dagbag.py:588} INFO - Filling up the DagBag from /opt/airflow/dags/dlt_pipeline_dag.py
[2025-03-24T08:16:11.970+0000] {processor.py:925} INFO - DAG(s) 'dlt_to_postgres_pipeline' retrieved from /opt/airflow/dags/dlt_pipeline_dag.py
[2025-03-24T08:16:11.991+0000] {logging_mixin.py:190} INFO - [2025-03-24T08:16:11.990+0000] {dag.py:3239} INFO - Sync 1 DAGs
[2025-03-24T08:16:12.007+0000] {logging_mixin.py:190} INFO - [2025-03-24T08:16:12.007+0000] {dag.py:4180} INFO - Setting next_dagrun for dlt_to_postgres_pipeline to None, run_after=None
[2025-03-24T08:16:12.032+0000] {processor.py:208} INFO - Processing /opt/airflow/dags/dlt_pipeline_dag.py took 0.093 seconds
[2025-03-24T08:16:42.115+0000] {processor.py:186} INFO - Started process (PID=896) to work on /opt/airflow/dags/dlt_pipeline_dag.py
[2025-03-24T08:16:42.117+0000] {processor.py:914} INFO - Processing file /opt/airflow/dags/dlt_pipeline_dag.py for tasks to queue
[2025-03-24T08:16:42.119+0000] {logging_mixin.py:190} INFO - [2025-03-24T08:16:42.119+0000] {dagbag.py:588} INFO - Filling up the DagBag from /opt/airflow/dags/dlt_pipeline_dag.py
[2025-03-24T08:16:42.138+0000] {processor.py:925} INFO - DAG(s) 'dlt_to_postgres_pipeline' retrieved from /opt/airflow/dags/dlt_pipeline_dag.py
[2025-03-24T08:16:42.159+0000] {logging_mixin.py:190} INFO - [2025-03-24T08:16:42.158+0000] {dag.py:3239} INFO - Sync 1 DAGs
[2025-03-24T08:16:42.175+0000] {logging_mixin.py:190} INFO - [2025-03-24T08:16:42.175+0000] {dag.py:4180} INFO - Setting next_dagrun for dlt_to_postgres_pipeline to None, run_after=None
[2025-03-24T08:16:42.202+0000] {processor.py:208} INFO - Processing /opt/airflow/dags/dlt_pipeline_dag.py took 0.093 seconds
[2025-03-24T08:17:12.356+0000] {processor.py:186} INFO - Started process (PID=960) to work on /opt/airflow/dags/dlt_pipeline_dag.py
[2025-03-24T08:17:12.357+0000] {processor.py:914} INFO - Processing file /opt/airflow/dags/dlt_pipeline_dag.py for tasks to queue
[2025-03-24T08:17:12.359+0000] {logging_mixin.py:190} INFO - [2025-03-24T08:17:12.359+0000] {dagbag.py:588} INFO - Filling up the DagBag from /opt/airflow/dags/dlt_pipeline_dag.py
[2025-03-24T08:17:12.381+0000] {processor.py:925} INFO - DAG(s) 'dlt_to_postgres_pipeline' retrieved from /opt/airflow/dags/dlt_pipeline_dag.py
[2025-03-24T08:17:12.401+0000] {logging_mixin.py:190} INFO - [2025-03-24T08:17:12.401+0000] {dag.py:3239} INFO - Sync 1 DAGs
[2025-03-24T08:17:12.417+0000] {logging_mixin.py:190} INFO - [2025-03-24T08:17:12.417+0000] {dag.py:4180} INFO - Setting next_dagrun for dlt_to_postgres_pipeline to None, run_after=None
[2025-03-24T08:17:12.438+0000] {processor.py:208} INFO - Processing /opt/airflow/dags/dlt_pipeline_dag.py took 0.091 seconds
[2025-03-24T08:17:43.457+0000] {processor.py:186} INFO - Started process (PID=1024) to work on /opt/airflow/dags/dlt_pipeline_dag.py
[2025-03-24T08:17:43.458+0000] {processor.py:914} INFO - Processing file /opt/airflow/dags/dlt_pipeline_dag.py for tasks to queue
[2025-03-24T08:17:43.460+0000] {logging_mixin.py:190} INFO - [2025-03-24T08:17:43.460+0000] {dagbag.py:588} INFO - Filling up the DagBag from /opt/airflow/dags/dlt_pipeline_dag.py
[2025-03-24T08:17:43.482+0000] {processor.py:925} INFO - DAG(s) 'dlt_to_postgres_pipeline' retrieved from /opt/airflow/dags/dlt_pipeline_dag.py
[2025-03-24T08:17:43.503+0000] {logging_mixin.py:190} INFO - [2025-03-24T08:17:43.502+0000] {dag.py:3239} INFO - Sync 1 DAGs
[2025-03-24T08:17:43.519+0000] {logging_mixin.py:190} INFO - [2025-03-24T08:17:43.519+0000] {dag.py:4180} INFO - Setting next_dagrun for dlt_to_postgres_pipeline to None, run_after=None
[2025-03-24T08:17:43.544+0000] {processor.py:208} INFO - Processing /opt/airflow/dags/dlt_pipeline_dag.py took 0.095 seconds
[2025-03-24T08:18:14.538+0000] {processor.py:186} INFO - Started process (PID=1088) to work on /opt/airflow/dags/dlt_pipeline_dag.py
[2025-03-24T08:18:14.539+0000] {processor.py:914} INFO - Processing file /opt/airflow/dags/dlt_pipeline_dag.py for tasks to queue
[2025-03-24T08:18:14.541+0000] {logging_mixin.py:190} INFO - [2025-03-24T08:18:14.541+0000] {dagbag.py:588} INFO - Filling up the DagBag from /opt/airflow/dags/dlt_pipeline_dag.py
[2025-03-24T08:18:14.561+0000] {processor.py:925} INFO - DAG(s) 'dlt_to_postgres_pipeline' retrieved from /opt/airflow/dags/dlt_pipeline_dag.py
[2025-03-24T08:18:14.581+0000] {logging_mixin.py:190} INFO - [2025-03-24T08:18:14.581+0000] {dag.py:3239} INFO - Sync 1 DAGs
[2025-03-24T08:18:14.597+0000] {logging_mixin.py:190} INFO - [2025-03-24T08:18:14.596+0000] {dag.py:4180} INFO - Setting next_dagrun for dlt_to_postgres_pipeline to None, run_after=None
[2025-03-24T08:18:14.618+0000] {processor.py:208} INFO - Processing /opt/airflow/dags/dlt_pipeline_dag.py took 0.087 seconds
[2025-03-24T08:18:45.522+0000] {processor.py:186} INFO - Started process (PID=1152) to work on /opt/airflow/dags/dlt_pipeline_dag.py
[2025-03-24T08:18:45.523+0000] {processor.py:914} INFO - Processing file /opt/airflow/dags/dlt_pipeline_dag.py for tasks to queue
[2025-03-24T08:18:45.525+0000] {logging_mixin.py:190} INFO - [2025-03-24T08:18:45.525+0000] {dagbag.py:588} INFO - Filling up the DagBag from /opt/airflow/dags/dlt_pipeline_dag.py
[2025-03-24T08:18:45.546+0000] {processor.py:925} INFO - DAG(s) 'dlt_to_postgres_pipeline' retrieved from /opt/airflow/dags/dlt_pipeline_dag.py
[2025-03-24T08:18:45.566+0000] {logging_mixin.py:190} INFO - [2025-03-24T08:18:45.565+0000] {dag.py:3239} INFO - Sync 1 DAGs
[2025-03-24T08:18:45.581+0000] {logging_mixin.py:190} INFO - [2025-03-24T08:18:45.581+0000] {dag.py:4180} INFO - Setting next_dagrun for dlt_to_postgres_pipeline to None, run_after=None
[2025-03-24T08:18:45.612+0000] {processor.py:208} INFO - Processing /opt/airflow/dags/dlt_pipeline_dag.py took 0.097 seconds
[2025-03-24T08:19:16.031+0000] {processor.py:186} INFO - Started process (PID=1216) to work on /opt/airflow/dags/dlt_pipeline_dag.py
[2025-03-24T08:19:16.032+0000] {processor.py:914} INFO - Processing file /opt/airflow/dags/dlt_pipeline_dag.py for tasks to queue
[2025-03-24T08:19:16.034+0000] {logging_mixin.py:190} INFO - [2025-03-24T08:19:16.034+0000] {dagbag.py:588} INFO - Filling up the DagBag from /opt/airflow/dags/dlt_pipeline_dag.py
[2025-03-24T08:19:16.054+0000] {processor.py:925} INFO - DAG(s) 'dlt_to_postgres_pipeline' retrieved from /opt/airflow/dags/dlt_pipeline_dag.py
[2025-03-24T08:19:16.073+0000] {logging_mixin.py:190} INFO - [2025-03-24T08:19:16.073+0000] {dag.py:3239} INFO - Sync 1 DAGs
[2025-03-24T08:19:16.089+0000] {logging_mixin.py:190} INFO - [2025-03-24T08:19:16.089+0000] {dag.py:4180} INFO - Setting next_dagrun for dlt_to_postgres_pipeline to None, run_after=None
[2025-03-24T08:19:16.115+0000] {processor.py:208} INFO - Processing /opt/airflow/dags/dlt_pipeline_dag.py took 0.091 seconds
[2025-03-24T08:19:46.233+0000] {processor.py:186} INFO - Started process (PID=1280) to work on /opt/airflow/dags/dlt_pipeline_dag.py
[2025-03-24T08:19:46.235+0000] {processor.py:914} INFO - Processing file /opt/airflow/dags/dlt_pipeline_dag.py for tasks to queue
[2025-03-24T08:19:46.237+0000] {logging_mixin.py:190} INFO - [2025-03-24T08:19:46.237+0000] {dagbag.py:588} INFO - Filling up the DagBag from /opt/airflow/dags/dlt_pipeline_dag.py
[2025-03-24T08:19:46.259+0000] {processor.py:925} INFO - DAG(s) 'dlt_to_postgres_pipeline' retrieved from /opt/airflow/dags/dlt_pipeline_dag.py
[2025-03-24T08:19:46.288+0000] {logging_mixin.py:190} INFO - [2025-03-24T08:19:46.288+0000] {dag.py:3239} INFO - Sync 1 DAGs
[2025-03-24T08:19:46.310+0000] {logging_mixin.py:190} INFO - [2025-03-24T08:19:46.310+0000] {dag.py:4180} INFO - Setting next_dagrun for dlt_to_postgres_pipeline to None, run_after=None
[2025-03-24T08:19:46.344+0000] {processor.py:208} INFO - Processing /opt/airflow/dags/dlt_pipeline_dag.py took 0.121 seconds
[2025-03-24T08:20:17.300+0000] {processor.py:186} INFO - Started process (PID=1344) to work on /opt/airflow/dags/dlt_pipeline_dag.py
[2025-03-24T08:20:17.302+0000] {processor.py:914} INFO - Processing file /opt/airflow/dags/dlt_pipeline_dag.py for tasks to queue
[2025-03-24T08:20:17.305+0000] {logging_mixin.py:190} INFO - [2025-03-24T08:20:17.304+0000] {dagbag.py:588} INFO - Filling up the DagBag from /opt/airflow/dags/dlt_pipeline_dag.py
[2025-03-24T08:20:17.326+0000] {processor.py:925} INFO - DAG(s) 'dlt_to_postgres_pipeline' retrieved from /opt/airflow/dags/dlt_pipeline_dag.py
[2025-03-24T08:20:17.348+0000] {logging_mixin.py:190} INFO - [2025-03-24T08:20:17.348+0000] {dag.py:3239} INFO - Sync 1 DAGs
[2025-03-24T08:20:17.366+0000] {logging_mixin.py:190} INFO - [2025-03-24T08:20:17.365+0000] {dag.py:4180} INFO - Setting next_dagrun for dlt_to_postgres_pipeline to None, run_after=None
[2025-03-24T08:20:17.388+0000] {processor.py:208} INFO - Processing /opt/airflow/dags/dlt_pipeline_dag.py took 0.098 seconds
[2025-03-24T08:20:48.262+0000] {processor.py:186} INFO - Started process (PID=1408) to work on /opt/airflow/dags/dlt_pipeline_dag.py
[2025-03-24T08:20:48.263+0000] {processor.py:914} INFO - Processing file /opt/airflow/dags/dlt_pipeline_dag.py for tasks to queue
[2025-03-24T08:20:48.265+0000] {logging_mixin.py:190} INFO - [2025-03-24T08:20:48.265+0000] {dagbag.py:588} INFO - Filling up the DagBag from /opt/airflow/dags/dlt_pipeline_dag.py
[2025-03-24T08:20:48.283+0000] {processor.py:925} INFO - DAG(s) 'dlt_to_postgres_pipeline' retrieved from /opt/airflow/dags/dlt_pipeline_dag.py
[2025-03-24T08:20:48.303+0000] {logging_mixin.py:190} INFO - [2025-03-24T08:20:48.303+0000] {dag.py:3239} INFO - Sync 1 DAGs
[2025-03-24T08:20:48.319+0000] {logging_mixin.py:190} INFO - [2025-03-24T08:20:48.319+0000] {dag.py:4180} INFO - Setting next_dagrun for dlt_to_postgres_pipeline to None, run_after=None
[2025-03-24T08:20:48.344+0000] {processor.py:208} INFO - Processing /opt/airflow/dags/dlt_pipeline_dag.py took 0.090 seconds
[2025-03-24T08:21:18.954+0000] {processor.py:186} INFO - Started process (PID=1472) to work on /opt/airflow/dags/dlt_pipeline_dag.py
[2025-03-24T08:21:18.955+0000] {processor.py:914} INFO - Processing file /opt/airflow/dags/dlt_pipeline_dag.py for tasks to queue
[2025-03-24T08:21:18.958+0000] {logging_mixin.py:190} INFO - [2025-03-24T08:21:18.957+0000] {dagbag.py:588} INFO - Filling up the DagBag from /opt/airflow/dags/dlt_pipeline_dag.py
[2025-03-24T08:21:18.980+0000] {processor.py:925} INFO - DAG(s) 'dlt_to_postgres_pipeline' retrieved from /opt/airflow/dags/dlt_pipeline_dag.py
[2025-03-24T08:21:19.002+0000] {logging_mixin.py:190} INFO - [2025-03-24T08:21:19.002+0000] {dag.py:3239} INFO - Sync 1 DAGs
[2025-03-24T08:21:19.020+0000] {logging_mixin.py:190} INFO - [2025-03-24T08:21:19.020+0000] {dag.py:4180} INFO - Setting next_dagrun for dlt_to_postgres_pipeline to None, run_after=None
[2025-03-24T08:21:19.047+0000] {processor.py:208} INFO - Processing /opt/airflow/dags/dlt_pipeline_dag.py took 0.102 seconds
[2025-03-24T08:21:49.254+0000] {processor.py:186} INFO - Started process (PID=1536) to work on /opt/airflow/dags/dlt_pipeline_dag.py
[2025-03-24T08:21:49.255+0000] {processor.py:914} INFO - Processing file /opt/airflow/dags/dlt_pipeline_dag.py for tasks to queue
[2025-03-24T08:21:49.257+0000] {logging_mixin.py:190} INFO - [2025-03-24T08:21:49.257+0000] {dagbag.py:588} INFO - Filling up the DagBag from /opt/airflow/dags/dlt_pipeline_dag.py
[2025-03-24T08:21:49.278+0000] {processor.py:925} INFO - DAG(s) 'dlt_to_postgres_pipeline' retrieved from /opt/airflow/dags/dlt_pipeline_dag.py
[2025-03-24T08:21:49.298+0000] {logging_mixin.py:190} INFO - [2025-03-24T08:21:49.298+0000] {dag.py:3239} INFO - Sync 1 DAGs
[2025-03-24T08:21:49.314+0000] {logging_mixin.py:190} INFO - [2025-03-24T08:21:49.314+0000] {dag.py:4180} INFO - Setting next_dagrun for dlt_to_postgres_pipeline to None, run_after=None
[2025-03-24T08:21:49.339+0000] {processor.py:208} INFO - Processing /opt/airflow/dags/dlt_pipeline_dag.py took 0.092 seconds
[2025-03-24T08:22:19.974+0000] {processor.py:186} INFO - Started process (PID=1600) to work on /opt/airflow/dags/dlt_pipeline_dag.py
[2025-03-24T08:22:19.975+0000] {processor.py:914} INFO - Processing file /opt/airflow/dags/dlt_pipeline_dag.py for tasks to queue
[2025-03-24T08:22:19.978+0000] {logging_mixin.py:190} INFO - [2025-03-24T08:22:19.977+0000] {dagbag.py:588} INFO - Filling up the DagBag from /opt/airflow/dags/dlt_pipeline_dag.py
[2025-03-24T08:22:19.999+0000] {processor.py:925} INFO - DAG(s) 'dlt_to_postgres_pipeline' retrieved from /opt/airflow/dags/dlt_pipeline_dag.py
[2025-03-24T08:22:20.020+0000] {logging_mixin.py:190} INFO - [2025-03-24T08:22:20.020+0000] {dag.py:3239} INFO - Sync 1 DAGs
[2025-03-24T08:22:20.037+0000] {logging_mixin.py:190} INFO - [2025-03-24T08:22:20.037+0000] {dag.py:4180} INFO - Setting next_dagrun for dlt_to_postgres_pipeline to None, run_after=None
[2025-03-24T08:22:20.064+0000] {processor.py:208} INFO - Processing /opt/airflow/dags/dlt_pipeline_dag.py took 0.098 seconds
[2025-03-24T08:22:50.957+0000] {processor.py:186} INFO - Started process (PID=1664) to work on /opt/airflow/dags/dlt_pipeline_dag.py
[2025-03-24T08:22:50.958+0000] {processor.py:914} INFO - Processing file /opt/airflow/dags/dlt_pipeline_dag.py for tasks to queue
[2025-03-24T08:22:50.961+0000] {logging_mixin.py:190} INFO - [2025-03-24T08:22:50.961+0000] {dagbag.py:588} INFO - Filling up the DagBag from /opt/airflow/dags/dlt_pipeline_dag.py
[2025-03-24T08:22:50.988+0000] {processor.py:925} INFO - DAG(s) 'dlt_to_postgres_pipeline' retrieved from /opt/airflow/dags/dlt_pipeline_dag.py
[2025-03-24T08:22:51.010+0000] {logging_mixin.py:190} INFO - [2025-03-24T08:22:51.010+0000] {dag.py:3239} INFO - Sync 1 DAGs
[2025-03-24T08:22:51.027+0000] {logging_mixin.py:190} INFO - [2025-03-24T08:22:51.027+0000] {dag.py:4180} INFO - Setting next_dagrun for dlt_to_postgres_pipeline to None, run_after=None
[2025-03-24T08:22:51.051+0000] {processor.py:208} INFO - Processing /opt/airflow/dags/dlt_pipeline_dag.py took 0.104 seconds
[2025-03-24T08:23:21.252+0000] {processor.py:186} INFO - Started process (PID=1728) to work on /opt/airflow/dags/dlt_pipeline_dag.py
[2025-03-24T08:23:21.254+0000] {processor.py:914} INFO - Processing file /opt/airflow/dags/dlt_pipeline_dag.py for tasks to queue
[2025-03-24T08:23:21.257+0000] {logging_mixin.py:190} INFO - [2025-03-24T08:23:21.256+0000] {dagbag.py:588} INFO - Filling up the DagBag from /opt/airflow/dags/dlt_pipeline_dag.py
[2025-03-24T08:23:21.278+0000] {processor.py:925} INFO - DAG(s) 'dlt_to_postgres_pipeline' retrieved from /opt/airflow/dags/dlt_pipeline_dag.py
[2025-03-24T08:23:21.299+0000] {logging_mixin.py:190} INFO - [2025-03-24T08:23:21.298+0000] {dag.py:3239} INFO - Sync 1 DAGs
[2025-03-24T08:23:21.315+0000] {logging_mixin.py:190} INFO - [2025-03-24T08:23:21.315+0000] {dag.py:4180} INFO - Setting next_dagrun for dlt_to_postgres_pipeline to None, run_after=None
[2025-03-24T08:23:21.338+0000] {processor.py:208} INFO - Processing /opt/airflow/dags/dlt_pipeline_dag.py took 0.092 seconds
[2025-03-24T08:23:51.550+0000] {processor.py:186} INFO - Started process (PID=1792) to work on /opt/airflow/dags/dlt_pipeline_dag.py
[2025-03-24T08:23:51.551+0000] {processor.py:914} INFO - Processing file /opt/airflow/dags/dlt_pipeline_dag.py for tasks to queue
[2025-03-24T08:23:51.554+0000] {logging_mixin.py:190} INFO - [2025-03-24T08:23:51.554+0000] {dagbag.py:588} INFO - Filling up the DagBag from /opt/airflow/dags/dlt_pipeline_dag.py
[2025-03-24T08:23:51.574+0000] {processor.py:925} INFO - DAG(s) 'dlt_to_postgres_pipeline' retrieved from /opt/airflow/dags/dlt_pipeline_dag.py
[2025-03-24T08:23:51.594+0000] {logging_mixin.py:190} INFO - [2025-03-24T08:23:51.594+0000] {dag.py:3239} INFO - Sync 1 DAGs
[2025-03-24T08:23:51.609+0000] {logging_mixin.py:190} INFO - [2025-03-24T08:23:51.609+0000] {dag.py:4180} INFO - Setting next_dagrun for dlt_to_postgres_pipeline to None, run_after=None
[2025-03-24T08:23:51.635+0000] {processor.py:208} INFO - Processing /opt/airflow/dags/dlt_pipeline_dag.py took 0.091 seconds
[2025-03-24T08:24:21.921+0000] {processor.py:186} INFO - Started process (PID=1856) to work on /opt/airflow/dags/dlt_pipeline_dag.py
[2025-03-24T08:24:21.923+0000] {processor.py:914} INFO - Processing file /opt/airflow/dags/dlt_pipeline_dag.py for tasks to queue
[2025-03-24T08:24:21.926+0000] {logging_mixin.py:190} INFO - [2025-03-24T08:24:21.926+0000] {dagbag.py:588} INFO - Filling up the DagBag from /opt/airflow/dags/dlt_pipeline_dag.py
[2025-03-24T08:24:21.949+0000] {processor.py:925} INFO - DAG(s) 'dlt_to_postgres_pipeline' retrieved from /opt/airflow/dags/dlt_pipeline_dag.py
[2025-03-24T08:24:21.969+0000] {logging_mixin.py:190} INFO - [2025-03-24T08:24:21.969+0000] {dag.py:3239} INFO - Sync 1 DAGs
[2025-03-24T08:24:21.986+0000] {logging_mixin.py:190} INFO - [2025-03-24T08:24:21.986+0000] {dag.py:4180} INFO - Setting next_dagrun for dlt_to_postgres_pipeline to None, run_after=None
[2025-03-24T08:24:22.012+0000] {processor.py:208} INFO - Processing /opt/airflow/dags/dlt_pipeline_dag.py took 0.098 seconds
[2025-03-24T08:24:52.190+0000] {processor.py:186} INFO - Started process (PID=1920) to work on /opt/airflow/dags/dlt_pipeline_dag.py
[2025-03-24T08:24:52.191+0000] {processor.py:914} INFO - Processing file /opt/airflow/dags/dlt_pipeline_dag.py for tasks to queue
[2025-03-24T08:24:52.194+0000] {logging_mixin.py:190} INFO - [2025-03-24T08:24:52.193+0000] {dagbag.py:588} INFO - Filling up the DagBag from /opt/airflow/dags/dlt_pipeline_dag.py
[2025-03-24T08:24:52.214+0000] {processor.py:925} INFO - DAG(s) 'dlt_to_postgres_pipeline' retrieved from /opt/airflow/dags/dlt_pipeline_dag.py
[2025-03-24T08:24:52.233+0000] {logging_mixin.py:190} INFO - [2025-03-24T08:24:52.233+0000] {dag.py:3239} INFO - Sync 1 DAGs
[2025-03-24T08:24:52.249+0000] {logging_mixin.py:190} INFO - [2025-03-24T08:24:52.249+0000] {dag.py:4180} INFO - Setting next_dagrun for dlt_to_postgres_pipeline to None, run_after=None
[2025-03-24T08:24:52.274+0000] {processor.py:208} INFO - Processing /opt/airflow/dags/dlt_pipeline_dag.py took 0.091 seconds
[2025-03-24T08:25:22.506+0000] {processor.py:186} INFO - Started process (PID=1984) to work on /opt/airflow/dags/dlt_pipeline_dag.py
[2025-03-24T08:25:22.507+0000] {processor.py:914} INFO - Processing file /opt/airflow/dags/dlt_pipeline_dag.py for tasks to queue
[2025-03-24T08:25:22.510+0000] {logging_mixin.py:190} INFO - [2025-03-24T08:25:22.509+0000] {dagbag.py:588} INFO - Filling up the DagBag from /opt/airflow/dags/dlt_pipeline_dag.py
[2025-03-24T08:25:22.530+0000] {processor.py:925} INFO - DAG(s) 'dlt_to_postgres_pipeline' retrieved from /opt/airflow/dags/dlt_pipeline_dag.py
[2025-03-24T08:25:22.550+0000] {logging_mixin.py:190} INFO - [2025-03-24T08:25:22.550+0000] {dag.py:3239} INFO - Sync 1 DAGs
[2025-03-24T08:25:22.565+0000] {logging_mixin.py:190} INFO - [2025-03-24T08:25:22.565+0000] {dag.py:4180} INFO - Setting next_dagrun for dlt_to_postgres_pipeline to None, run_after=None
[2025-03-24T08:25:22.590+0000] {processor.py:208} INFO - Processing /opt/airflow/dags/dlt_pipeline_dag.py took 0.091 seconds
[2025-03-24T08:25:52.709+0000] {processor.py:186} INFO - Started process (PID=2048) to work on /opt/airflow/dags/dlt_pipeline_dag.py
[2025-03-24T08:25:52.710+0000] {processor.py:914} INFO - Processing file /opt/airflow/dags/dlt_pipeline_dag.py for tasks to queue
[2025-03-24T08:25:52.713+0000] {logging_mixin.py:190} INFO - [2025-03-24T08:25:52.712+0000] {dagbag.py:588} INFO - Filling up the DagBag from /opt/airflow/dags/dlt_pipeline_dag.py
[2025-03-24T08:25:52.733+0000] {processor.py:925} INFO - DAG(s) 'dlt_to_postgres_pipeline' retrieved from /opt/airflow/dags/dlt_pipeline_dag.py
[2025-03-24T08:25:52.755+0000] {logging_mixin.py:190} INFO - [2025-03-24T08:25:52.755+0000] {dag.py:3239} INFO - Sync 1 DAGs
[2025-03-24T08:25:52.771+0000] {logging_mixin.py:190} INFO - [2025-03-24T08:25:52.771+0000] {dag.py:4180} INFO - Setting next_dagrun for dlt_to_postgres_pipeline to None, run_after=None
[2025-03-24T08:25:52.797+0000] {processor.py:208} INFO - Processing /opt/airflow/dags/dlt_pipeline_dag.py took 0.094 seconds
[2025-03-24T08:26:22.976+0000] {processor.py:186} INFO - Started process (PID=2112) to work on /opt/airflow/dags/dlt_pipeline_dag.py
[2025-03-24T08:26:22.977+0000] {processor.py:914} INFO - Processing file /opt/airflow/dags/dlt_pipeline_dag.py for tasks to queue
[2025-03-24T08:26:22.980+0000] {logging_mixin.py:190} INFO - [2025-03-24T08:26:22.980+0000] {dagbag.py:588} INFO - Filling up the DagBag from /opt/airflow/dags/dlt_pipeline_dag.py
[2025-03-24T08:26:23.003+0000] {processor.py:925} INFO - DAG(s) 'dlt_to_postgres_pipeline' retrieved from /opt/airflow/dags/dlt_pipeline_dag.py
[2025-03-24T08:26:23.023+0000] {logging_mixin.py:190} INFO - [2025-03-24T08:26:23.023+0000] {dag.py:3239} INFO - Sync 1 DAGs
[2025-03-24T08:26:23.039+0000] {logging_mixin.py:190} INFO - [2025-03-24T08:26:23.039+0000] {dag.py:4180} INFO - Setting next_dagrun for dlt_to_postgres_pipeline to None, run_after=None
[2025-03-24T08:26:23.065+0000] {processor.py:208} INFO - Processing /opt/airflow/dags/dlt_pipeline_dag.py took 0.096 seconds
[2025-03-24T08:26:53.241+0000] {processor.py:186} INFO - Started process (PID=2176) to work on /opt/airflow/dags/dlt_pipeline_dag.py
[2025-03-24T08:26:53.242+0000] {processor.py:914} INFO - Processing file /opt/airflow/dags/dlt_pipeline_dag.py for tasks to queue
[2025-03-24T08:26:53.245+0000] {logging_mixin.py:190} INFO - [2025-03-24T08:26:53.245+0000] {dagbag.py:588} INFO - Filling up the DagBag from /opt/airflow/dags/dlt_pipeline_dag.py
[2025-03-24T08:26:53.263+0000] {processor.py:925} INFO - DAG(s) 'dlt_to_postgres_pipeline' retrieved from /opt/airflow/dags/dlt_pipeline_dag.py
[2025-03-24T08:26:53.283+0000] {logging_mixin.py:190} INFO - [2025-03-24T08:26:53.282+0000] {dag.py:3239} INFO - Sync 1 DAGs
[2025-03-24T08:26:53.298+0000] {logging_mixin.py:190} INFO - [2025-03-24T08:26:53.298+0000] {dag.py:4180} INFO - Setting next_dagrun for dlt_to_postgres_pipeline to None, run_after=None
[2025-03-24T08:26:53.323+0000] {processor.py:208} INFO - Processing /opt/airflow/dags/dlt_pipeline_dag.py took 0.088 seconds
[2025-03-24T08:27:23.491+0000] {processor.py:186} INFO - Started process (PID=2240) to work on /opt/airflow/dags/dlt_pipeline_dag.py
[2025-03-24T08:27:23.492+0000] {processor.py:914} INFO - Processing file /opt/airflow/dags/dlt_pipeline_dag.py for tasks to queue
[2025-03-24T08:27:23.495+0000] {logging_mixin.py:190} INFO - [2025-03-24T08:27:23.495+0000] {dagbag.py:588} INFO - Filling up the DagBag from /opt/airflow/dags/dlt_pipeline_dag.py
[2025-03-24T08:27:23.511+0000] {processor.py:925} INFO - DAG(s) 'dlt_to_postgres_pipeline' retrieved from /opt/airflow/dags/dlt_pipeline_dag.py
[2025-03-24T08:27:23.530+0000] {logging_mixin.py:190} INFO - [2025-03-24T08:27:23.529+0000] {dag.py:3239} INFO - Sync 1 DAGs
[2025-03-24T08:27:23.545+0000] {logging_mixin.py:190} INFO - [2025-03-24T08:27:23.545+0000] {dag.py:4180} INFO - Setting next_dagrun for dlt_to_postgres_pipeline to None, run_after=None
[2025-03-24T08:27:23.569+0000] {processor.py:208} INFO - Processing /opt/airflow/dags/dlt_pipeline_dag.py took 0.084 seconds
[2025-03-24T08:27:54.306+0000] {processor.py:186} INFO - Started process (PID=2302) to work on /opt/airflow/dags/dlt_pipeline_dag.py
[2025-03-24T08:27:54.307+0000] {processor.py:914} INFO - Processing file /opt/airflow/dags/dlt_pipeline_dag.py for tasks to queue
[2025-03-24T08:27:54.310+0000] {logging_mixin.py:190} INFO - [2025-03-24T08:27:54.310+0000] {dagbag.py:588} INFO - Filling up the DagBag from /opt/airflow/dags/dlt_pipeline_dag.py
[2025-03-24T08:27:54.329+0000] {processor.py:925} INFO - DAG(s) 'dlt_to_postgres_pipeline' retrieved from /opt/airflow/dags/dlt_pipeline_dag.py
[2025-03-24T08:27:54.349+0000] {logging_mixin.py:190} INFO - [2025-03-24T08:27:54.349+0000] {dag.py:3239} INFO - Sync 1 DAGs
[2025-03-24T08:27:54.365+0000] {logging_mixin.py:190} INFO - [2025-03-24T08:27:54.365+0000] {dag.py:4180} INFO - Setting next_dagrun for dlt_to_postgres_pipeline to None, run_after=None
[2025-03-24T08:27:54.387+0000] {processor.py:208} INFO - Processing /opt/airflow/dags/dlt_pipeline_dag.py took 0.087 seconds
[2025-03-24T08:28:25.044+0000] {processor.py:186} INFO - Started process (PID=2365) to work on /opt/airflow/dags/dlt_pipeline_dag.py
[2025-03-24T08:28:25.045+0000] {processor.py:914} INFO - Processing file /opt/airflow/dags/dlt_pipeline_dag.py for tasks to queue
[2025-03-24T08:28:25.048+0000] {logging_mixin.py:190} INFO - [2025-03-24T08:28:25.047+0000] {dagbag.py:588} INFO - Filling up the DagBag from /opt/airflow/dags/dlt_pipeline_dag.py
[2025-03-24T08:28:25.064+0000] {processor.py:925} INFO - DAG(s) 'dlt_to_postgres_pipeline' retrieved from /opt/airflow/dags/dlt_pipeline_dag.py
[2025-03-24T08:28:25.085+0000] {logging_mixin.py:190} INFO - [2025-03-24T08:28:25.085+0000] {dag.py:3239} INFO - Sync 1 DAGs
[2025-03-24T08:28:25.102+0000] {logging_mixin.py:190} INFO - [2025-03-24T08:28:25.101+0000] {dag.py:4180} INFO - Setting next_dagrun for dlt_to_postgres_pipeline to None, run_after=None
[2025-03-24T08:28:25.126+0000] {processor.py:208} INFO - Processing /opt/airflow/dags/dlt_pipeline_dag.py took 0.089 seconds
[2025-03-24T08:28:55.918+0000] {processor.py:186} INFO - Started process (PID=2428) to work on /opt/airflow/dags/dlt_pipeline_dag.py
[2025-03-24T08:28:55.919+0000] {processor.py:914} INFO - Processing file /opt/airflow/dags/dlt_pipeline_dag.py for tasks to queue
[2025-03-24T08:28:55.922+0000] {logging_mixin.py:190} INFO - [2025-03-24T08:28:55.922+0000] {dagbag.py:588} INFO - Filling up the DagBag from /opt/airflow/dags/dlt_pipeline_dag.py
[2025-03-24T08:28:55.938+0000] {processor.py:925} INFO - DAG(s) 'dlt_to_postgres_pipeline' retrieved from /opt/airflow/dags/dlt_pipeline_dag.py
[2025-03-24T08:28:55.958+0000] {logging_mixin.py:190} INFO - [2025-03-24T08:28:55.958+0000] {dag.py:3239} INFO - Sync 1 DAGs
[2025-03-24T08:28:55.975+0000] {logging_mixin.py:190} INFO - [2025-03-24T08:28:55.975+0000] {dag.py:4180} INFO - Setting next_dagrun for dlt_to_postgres_pipeline to None, run_after=None
[2025-03-24T08:28:55.999+0000] {processor.py:208} INFO - Processing /opt/airflow/dags/dlt_pipeline_dag.py took 0.088 seconds
[2025-03-24T08:29:26.091+0000] {processor.py:186} INFO - Started process (PID=2479) to work on /opt/airflow/dags/dlt_pipeline_dag.py
[2025-03-24T08:29:26.092+0000] {processor.py:914} INFO - Processing file /opt/airflow/dags/dlt_pipeline_dag.py for tasks to queue
[2025-03-24T08:29:26.095+0000] {logging_mixin.py:190} INFO - [2025-03-24T08:29:26.094+0000] {dagbag.py:588} INFO - Filling up the DagBag from /opt/airflow/dags/dlt_pipeline_dag.py
[2025-03-24T08:29:26.114+0000] {processor.py:925} INFO - DAG(s) 'dlt_to_postgres_pipeline' retrieved from /opt/airflow/dags/dlt_pipeline_dag.py
[2025-03-24T08:29:26.134+0000] {logging_mixin.py:190} INFO - [2025-03-24T08:29:26.134+0000] {dag.py:3239} INFO - Sync 1 DAGs
[2025-03-24T08:29:26.149+0000] {logging_mixin.py:190} INFO - [2025-03-24T08:29:26.149+0000] {dag.py:4180} INFO - Setting next_dagrun for dlt_to_postgres_pipeline to None, run_after=None
[2025-03-24T08:29:26.172+0000] {processor.py:208} INFO - Processing /opt/airflow/dags/dlt_pipeline_dag.py took 0.088 seconds
[2025-03-24T08:29:56.772+0000] {processor.py:186} INFO - Started process (PID=2540) to work on /opt/airflow/dags/dlt_pipeline_dag.py
[2025-03-24T08:29:56.773+0000] {processor.py:914} INFO - Processing file /opt/airflow/dags/dlt_pipeline_dag.py for tasks to queue
[2025-03-24T08:29:56.775+0000] {logging_mixin.py:190} INFO - [2025-03-24T08:29:56.775+0000] {dagbag.py:588} INFO - Filling up the DagBag from /opt/airflow/dags/dlt_pipeline_dag.py
[2025-03-24T08:29:56.795+0000] {processor.py:925} INFO - DAG(s) 'dlt_to_postgres_pipeline' retrieved from /opt/airflow/dags/dlt_pipeline_dag.py
[2025-03-24T08:29:56.816+0000] {logging_mixin.py:190} INFO - [2025-03-24T08:29:56.816+0000] {dag.py:3239} INFO - Sync 1 DAGs
[2025-03-24T08:29:56.833+0000] {logging_mixin.py:190} INFO - [2025-03-24T08:29:56.833+0000] {dag.py:4180} INFO - Setting next_dagrun for dlt_to_postgres_pipeline to None, run_after=None
[2025-03-24T08:29:56.858+0000] {processor.py:208} INFO - Processing /opt/airflow/dags/dlt_pipeline_dag.py took 0.093 seconds
[2025-03-24T08:30:26.947+0000] {processor.py:186} INFO - Started process (PID=2602) to work on /opt/airflow/dags/dlt_pipeline_dag.py
[2025-03-24T08:30:26.948+0000] {processor.py:914} INFO - Processing file /opt/airflow/dags/dlt_pipeline_dag.py for tasks to queue
[2025-03-24T08:30:26.951+0000] {logging_mixin.py:190} INFO - [2025-03-24T08:30:26.951+0000] {dagbag.py:588} INFO - Filling up the DagBag from /opt/airflow/dags/dlt_pipeline_dag.py
[2025-03-24T08:30:26.971+0000] {processor.py:925} INFO - DAG(s) 'dlt_to_postgres_pipeline' retrieved from /opt/airflow/dags/dlt_pipeline_dag.py
[2025-03-24T08:30:26.992+0000] {logging_mixin.py:190} INFO - [2025-03-24T08:30:26.992+0000] {dag.py:3239} INFO - Sync 1 DAGs
[2025-03-24T08:30:27.009+0000] {logging_mixin.py:190} INFO - [2025-03-24T08:30:27.008+0000] {dag.py:4180} INFO - Setting next_dagrun for dlt_to_postgres_pipeline to None, run_after=None
[2025-03-24T08:30:27.034+0000] {processor.py:208} INFO - Processing /opt/airflow/dags/dlt_pipeline_dag.py took 0.094 seconds
[2025-03-24T08:30:57.612+0000] {processor.py:186} INFO - Started process (PID=2664) to work on /opt/airflow/dags/dlt_pipeline_dag.py
[2025-03-24T08:30:57.613+0000] {processor.py:914} INFO - Processing file /opt/airflow/dags/dlt_pipeline_dag.py for tasks to queue
[2025-03-24T08:30:57.615+0000] {logging_mixin.py:190} INFO - [2025-03-24T08:30:57.615+0000] {dagbag.py:588} INFO - Filling up the DagBag from /opt/airflow/dags/dlt_pipeline_dag.py
[2025-03-24T08:30:57.635+0000] {processor.py:925} INFO - DAG(s) 'dlt_to_postgres_pipeline' retrieved from /opt/airflow/dags/dlt_pipeline_dag.py
[2025-03-24T08:30:57.655+0000] {logging_mixin.py:190} INFO - [2025-03-24T08:30:57.655+0000] {dag.py:3239} INFO - Sync 1 DAGs
[2025-03-24T08:30:57.671+0000] {logging_mixin.py:190} INFO - [2025-03-24T08:30:57.670+0000] {dag.py:4180} INFO - Setting next_dagrun for dlt_to_postgres_pipeline to None, run_after=None
[2025-03-24T08:30:57.696+0000] {processor.py:208} INFO - Processing /opt/airflow/dags/dlt_pipeline_dag.py took 0.091 seconds
[2025-03-24T08:31:29.374+0000] {processor.py:186} INFO - Started process (PID=2728) to work on /opt/airflow/dags/dlt_pipeline_dag.py
[2025-03-24T08:31:29.375+0000] {processor.py:914} INFO - Processing file /opt/airflow/dags/dlt_pipeline_dag.py for tasks to queue
[2025-03-24T08:31:29.378+0000] {logging_mixin.py:190} INFO - [2025-03-24T08:31:29.378+0000] {dagbag.py:588} INFO - Filling up the DagBag from /opt/airflow/dags/dlt_pipeline_dag.py
[2025-03-24T08:31:29.398+0000] {processor.py:925} INFO - DAG(s) 'dlt_to_postgres_pipeline' retrieved from /opt/airflow/dags/dlt_pipeline_dag.py
[2025-03-24T08:31:29.418+0000] {logging_mixin.py:190} INFO - [2025-03-24T08:31:29.418+0000] {dag.py:3239} INFO - Sync 1 DAGs
[2025-03-24T08:31:29.435+0000] {logging_mixin.py:190} INFO - [2025-03-24T08:31:29.435+0000] {dag.py:4180} INFO - Setting next_dagrun for dlt_to_postgres_pipeline to None, run_after=None
[2025-03-24T08:31:29.461+0000] {processor.py:208} INFO - Processing /opt/airflow/dags/dlt_pipeline_dag.py took 0.094 seconds
[2025-03-24T08:32:00.675+0000] {processor.py:186} INFO - Started process (PID=2791) to work on /opt/airflow/dags/dlt_pipeline_dag.py
[2025-03-24T08:32:00.677+0000] {processor.py:914} INFO - Processing file /opt/airflow/dags/dlt_pipeline_dag.py for tasks to queue
[2025-03-24T08:32:00.680+0000] {logging_mixin.py:190} INFO - [2025-03-24T08:32:00.679+0000] {dagbag.py:588} INFO - Filling up the DagBag from /opt/airflow/dags/dlt_pipeline_dag.py
[2025-03-24T08:32:00.700+0000] {processor.py:925} INFO - DAG(s) 'dlt_to_postgres_pipeline' retrieved from /opt/airflow/dags/dlt_pipeline_dag.py
[2025-03-24T08:32:00.722+0000] {logging_mixin.py:190} INFO - [2025-03-24T08:32:00.722+0000] {dag.py:3239} INFO - Sync 1 DAGs
[2025-03-24T08:32:00.740+0000] {logging_mixin.py:190} INFO - [2025-03-24T08:32:00.740+0000] {dag.py:4180} INFO - Setting next_dagrun for dlt_to_postgres_pipeline to None, run_after=None
[2025-03-24T08:32:00.762+0000] {processor.py:208} INFO - Processing /opt/airflow/dags/dlt_pipeline_dag.py took 0.094 seconds
[2025-03-24T08:32:32.174+0000] {processor.py:186} INFO - Started process (PID=2855) to work on /opt/airflow/dags/dlt_pipeline_dag.py
[2025-03-24T08:32:32.175+0000] {processor.py:914} INFO - Processing file /opt/airflow/dags/dlt_pipeline_dag.py for tasks to queue
[2025-03-24T08:32:32.178+0000] {logging_mixin.py:190} INFO - [2025-03-24T08:32:32.178+0000] {dagbag.py:588} INFO - Filling up the DagBag from /opt/airflow/dags/dlt_pipeline_dag.py
[2025-03-24T08:32:32.198+0000] {processor.py:925} INFO - DAG(s) 'dlt_to_postgres_pipeline' retrieved from /opt/airflow/dags/dlt_pipeline_dag.py
[2025-03-24T08:32:32.218+0000] {logging_mixin.py:190} INFO - [2025-03-24T08:32:32.218+0000] {dag.py:3239} INFO - Sync 1 DAGs
[2025-03-24T08:32:32.235+0000] {logging_mixin.py:190} INFO - [2025-03-24T08:32:32.235+0000] {dag.py:4180} INFO - Setting next_dagrun for dlt_to_postgres_pipeline to None, run_after=None
[2025-03-24T08:32:32.257+0000] {processor.py:208} INFO - Processing /opt/airflow/dags/dlt_pipeline_dag.py took 0.089 seconds
[2025-03-24T08:33:03.674+0000] {processor.py:186} INFO - Started process (PID=2918) to work on /opt/airflow/dags/dlt_pipeline_dag.py
[2025-03-24T08:33:03.675+0000] {processor.py:914} INFO - Processing file /opt/airflow/dags/dlt_pipeline_dag.py for tasks to queue
[2025-03-24T08:33:03.681+0000] {logging_mixin.py:190} INFO - [2025-03-24T08:33:03.680+0000] {dagbag.py:588} INFO - Filling up the DagBag from /opt/airflow/dags/dlt_pipeline_dag.py
[2025-03-24T08:33:03.707+0000] {processor.py:925} INFO - DAG(s) 'dlt_to_postgres_pipeline' retrieved from /opt/airflow/dags/dlt_pipeline_dag.py
[2025-03-24T08:33:03.728+0000] {logging_mixin.py:190} INFO - [2025-03-24T08:33:03.728+0000] {dag.py:3239} INFO - Sync 1 DAGs
[2025-03-24T08:33:03.746+0000] {logging_mixin.py:190} INFO - [2025-03-24T08:33:03.745+0000] {dag.py:4180} INFO - Setting next_dagrun for dlt_to_postgres_pipeline to None, run_after=None
[2025-03-24T08:33:03.773+0000] {processor.py:208} INFO - Processing /opt/airflow/dags/dlt_pipeline_dag.py took 0.106 seconds
