[2025-03-24T08:10:05.895+0000] {processor.py:186} INFO - Started process (PID=73) to work on /home/airflow/.local/lib/python3.12/site-packages/airflow/example_dags/example_bash_operator.py
[2025-03-24T08:10:05.896+0000] {processor.py:914} INFO - Processing file /home/airflow/.local/lib/python3.12/site-packages/airflow/example_dags/example_bash_operator.py for tasks to queue
[2025-03-24T08:10:05.899+0000] {logging_mixin.py:190} INFO - [2025-03-24T08:10:05.899+0000] {dagbag.py:588} INFO - Filling up the DagBag from /home/airflow/.local/lib/python3.12/site-packages/airflow/example_dags/example_bash_operator.py
[2025-03-24T08:10:05.917+0000] {processor.py:925} INFO - DAG(s) 'example_bash_operator' retrieved from /home/airflow/.local/lib/python3.12/site-packages/airflow/example_dags/example_bash_operator.py
[2025-03-24T08:10:06.063+0000] {logging_mixin.py:190} INFO - [2025-03-24T08:10:06.063+0000] {override.py:1912} INFO - Created Permission View: can read on DAG:example_bash_operator
[2025-03-24T08:10:06.077+0000] {logging_mixin.py:190} INFO - [2025-03-24T08:10:06.076+0000] {override.py:1912} INFO - Created Permission View: can delete on DAG:example_bash_operator
[2025-03-24T08:10:06.085+0000] {logging_mixin.py:190} INFO - [2025-03-24T08:10:06.084+0000] {override.py:1912} INFO - Created Permission View: can edit on DAG:example_bash_operator
[2025-03-24T08:10:06.095+0000] {logging_mixin.py:190} INFO - [2025-03-24T08:10:06.094+0000] {override.py:1912} INFO - Created Permission View: can create on DAG Run:example_bash_operator
[2025-03-24T08:10:06.103+0000] {logging_mixin.py:190} INFO - [2025-03-24T08:10:06.103+0000] {override.py:1912} INFO - Created Permission View: menu access on DAG Run:example_bash_operator
[2025-03-24T08:10:06.111+0000] {logging_mixin.py:190} INFO - [2025-03-24T08:10:06.111+0000] {override.py:1912} INFO - Created Permission View: can read on DAG Run:example_bash_operator
[2025-03-24T08:10:06.119+0000] {logging_mixin.py:190} INFO - [2025-03-24T08:10:06.119+0000] {override.py:1912} INFO - Created Permission View: can delete on DAG Run:example_bash_operator
[2025-03-24T08:10:06.120+0000] {logging_mixin.py:190} INFO - [2025-03-24T08:10:06.120+0000] {dag.py:3239} INFO - Sync 1 DAGs
[2025-03-24T08:10:06.135+0000] {logging_mixin.py:190} INFO - [2025-03-24T08:10:06.135+0000] {dag.py:3262} INFO - Creating ORM DAG for example_bash_operator
[2025-03-24T08:10:06.150+0000] {logging_mixin.py:190} INFO - [2025-03-24T08:10:06.150+0000] {dag.py:4180} INFO - Setting next_dagrun for example_bash_operator to 2025-03-23 00:00:00+00:00, run_after=2025-03-24 00:00:00+00:00
[2025-03-24T08:10:06.177+0000] {processor.py:208} INFO - Processing /home/airflow/.local/lib/python3.12/site-packages/airflow/example_dags/example_bash_operator.py took 0.288 seconds
[2025-03-24T08:10:36.477+0000] {processor.py:186} INFO - Started process (PID=136) to work on /home/airflow/.local/lib/python3.12/site-packages/airflow/example_dags/example_bash_operator.py
[2025-03-24T08:10:36.478+0000] {processor.py:914} INFO - Processing file /home/airflow/.local/lib/python3.12/site-packages/airflow/example_dags/example_bash_operator.py for tasks to queue
[2025-03-24T08:10:36.481+0000] {logging_mixin.py:190} INFO - [2025-03-24T08:10:36.480+0000] {dagbag.py:588} INFO - Filling up the DagBag from /home/airflow/.local/lib/python3.12/site-packages/airflow/example_dags/example_bash_operator.py
[2025-03-24T08:10:36.496+0000] {processor.py:925} INFO - DAG(s) 'example_bash_operator' retrieved from /home/airflow/.local/lib/python3.12/site-packages/airflow/example_dags/example_bash_operator.py
[2025-03-24T08:10:36.527+0000] {logging_mixin.py:190} INFO - [2025-03-24T08:10:36.527+0000] {dag.py:3239} INFO - Sync 1 DAGs
[2025-03-24T08:10:36.561+0000] {logging_mixin.py:190} INFO - [2025-03-24T08:10:36.561+0000] {dag.py:4180} INFO - Setting next_dagrun for example_bash_operator to 2025-03-23 00:00:00+00:00, run_after=2025-03-24 00:00:00+00:00
[2025-03-24T08:10:36.586+0000] {processor.py:208} INFO - Processing /home/airflow/.local/lib/python3.12/site-packages/airflow/example_dags/example_bash_operator.py took 0.115 seconds
[2025-03-24T08:11:06.655+0000] {processor.py:186} INFO - Started process (PID=200) to work on /home/airflow/.local/lib/python3.12/site-packages/airflow/example_dags/example_bash_operator.py
[2025-03-24T08:11:06.656+0000] {processor.py:914} INFO - Processing file /home/airflow/.local/lib/python3.12/site-packages/airflow/example_dags/example_bash_operator.py for tasks to queue
[2025-03-24T08:11:06.658+0000] {logging_mixin.py:190} INFO - [2025-03-24T08:11:06.658+0000] {dagbag.py:588} INFO - Filling up the DagBag from /home/airflow/.local/lib/python3.12/site-packages/airflow/example_dags/example_bash_operator.py
[2025-03-24T08:11:06.672+0000] {processor.py:925} INFO - DAG(s) 'example_bash_operator' retrieved from /home/airflow/.local/lib/python3.12/site-packages/airflow/example_dags/example_bash_operator.py
[2025-03-24T08:11:06.703+0000] {logging_mixin.py:190} INFO - [2025-03-24T08:11:06.702+0000] {dag.py:3239} INFO - Sync 1 DAGs
[2025-03-24T08:11:06.729+0000] {logging_mixin.py:190} INFO - [2025-03-24T08:11:06.729+0000] {dag.py:4180} INFO - Setting next_dagrun for example_bash_operator to 2025-03-23 00:00:00+00:00, run_after=2025-03-24 00:00:00+00:00
[2025-03-24T08:11:06.755+0000] {processor.py:208} INFO - Processing /home/airflow/.local/lib/python3.12/site-packages/airflow/example_dags/example_bash_operator.py took 0.106 seconds
[2025-03-24T08:11:37.454+0000] {processor.py:186} INFO - Started process (PID=264) to work on /home/airflow/.local/lib/python3.12/site-packages/airflow/example_dags/example_bash_operator.py
[2025-03-24T08:11:37.455+0000] {processor.py:914} INFO - Processing file /home/airflow/.local/lib/python3.12/site-packages/airflow/example_dags/example_bash_operator.py for tasks to queue
[2025-03-24T08:11:37.457+0000] {logging_mixin.py:190} INFO - [2025-03-24T08:11:37.457+0000] {dagbag.py:588} INFO - Filling up the DagBag from /home/airflow/.local/lib/python3.12/site-packages/airflow/example_dags/example_bash_operator.py
[2025-03-24T08:11:37.472+0000] {processor.py:925} INFO - DAG(s) 'example_bash_operator' retrieved from /home/airflow/.local/lib/python3.12/site-packages/airflow/example_dags/example_bash_operator.py
[2025-03-24T08:11:37.504+0000] {logging_mixin.py:190} INFO - [2025-03-24T08:11:37.504+0000] {dag.py:3239} INFO - Sync 1 DAGs
[2025-03-24T08:11:37.530+0000] {logging_mixin.py:190} INFO - [2025-03-24T08:11:37.530+0000] {dag.py:4180} INFO - Setting next_dagrun for example_bash_operator to 2025-03-23 00:00:00+00:00, run_after=2025-03-24 00:00:00+00:00
[2025-03-24T08:11:37.555+0000] {processor.py:208} INFO - Processing /home/airflow/.local/lib/python3.12/site-packages/airflow/example_dags/example_bash_operator.py took 0.108 seconds
[2025-03-24T08:12:07.959+0000] {processor.py:186} INFO - Started process (PID=328) to work on /home/airflow/.local/lib/python3.12/site-packages/airflow/example_dags/example_bash_operator.py
[2025-03-24T08:12:07.961+0000] {processor.py:914} INFO - Processing file /home/airflow/.local/lib/python3.12/site-packages/airflow/example_dags/example_bash_operator.py for tasks to queue
[2025-03-24T08:12:07.963+0000] {logging_mixin.py:190} INFO - [2025-03-24T08:12:07.963+0000] {dagbag.py:588} INFO - Filling up the DagBag from /home/airflow/.local/lib/python3.12/site-packages/airflow/example_dags/example_bash_operator.py
[2025-03-24T08:12:07.978+0000] {processor.py:925} INFO - DAG(s) 'example_bash_operator' retrieved from /home/airflow/.local/lib/python3.12/site-packages/airflow/example_dags/example_bash_operator.py
[2025-03-24T08:12:08.010+0000] {logging_mixin.py:190} INFO - [2025-03-24T08:12:08.010+0000] {dag.py:3239} INFO - Sync 1 DAGs
[2025-03-24T08:12:08.038+0000] {logging_mixin.py:190} INFO - [2025-03-24T08:12:08.037+0000] {dag.py:4180} INFO - Setting next_dagrun for example_bash_operator to 2025-03-23 00:00:00+00:00, run_after=2025-03-24 00:00:00+00:00
[2025-03-24T08:12:08.062+0000] {processor.py:208} INFO - Processing /home/airflow/.local/lib/python3.12/site-packages/airflow/example_dags/example_bash_operator.py took 0.109 seconds
[2025-03-24T08:12:39.007+0000] {processor.py:186} INFO - Started process (PID=392) to work on /home/airflow/.local/lib/python3.12/site-packages/airflow/example_dags/example_bash_operator.py
[2025-03-24T08:12:39.008+0000] {processor.py:914} INFO - Processing file /home/airflow/.local/lib/python3.12/site-packages/airflow/example_dags/example_bash_operator.py for tasks to queue
[2025-03-24T08:12:39.010+0000] {logging_mixin.py:190} INFO - [2025-03-24T08:12:39.010+0000] {dagbag.py:588} INFO - Filling up the DagBag from /home/airflow/.local/lib/python3.12/site-packages/airflow/example_dags/example_bash_operator.py
[2025-03-24T08:12:39.024+0000] {processor.py:925} INFO - DAG(s) 'example_bash_operator' retrieved from /home/airflow/.local/lib/python3.12/site-packages/airflow/example_dags/example_bash_operator.py
[2025-03-24T08:12:39.055+0000] {logging_mixin.py:190} INFO - [2025-03-24T08:12:39.055+0000] {dag.py:3239} INFO - Sync 1 DAGs
[2025-03-24T08:12:39.082+0000] {logging_mixin.py:190} INFO - [2025-03-24T08:12:39.082+0000] {dag.py:4180} INFO - Setting next_dagrun for example_bash_operator to 2025-03-23 00:00:00+00:00, run_after=2025-03-24 00:00:00+00:00
[2025-03-24T08:12:39.107+0000] {processor.py:208} INFO - Processing /home/airflow/.local/lib/python3.12/site-packages/airflow/example_dags/example_bash_operator.py took 0.106 seconds
[2025-03-24T08:13:09.258+0000] {processor.py:186} INFO - Started process (PID=456) to work on /home/airflow/.local/lib/python3.12/site-packages/airflow/example_dags/example_bash_operator.py
[2025-03-24T08:13:09.259+0000] {processor.py:914} INFO - Processing file /home/airflow/.local/lib/python3.12/site-packages/airflow/example_dags/example_bash_operator.py for tasks to queue
[2025-03-24T08:13:09.262+0000] {logging_mixin.py:190} INFO - [2025-03-24T08:13:09.261+0000] {dagbag.py:588} INFO - Filling up the DagBag from /home/airflow/.local/lib/python3.12/site-packages/airflow/example_dags/example_bash_operator.py
[2025-03-24T08:13:09.275+0000] {processor.py:925} INFO - DAG(s) 'example_bash_operator' retrieved from /home/airflow/.local/lib/python3.12/site-packages/airflow/example_dags/example_bash_operator.py
[2025-03-24T08:13:09.307+0000] {logging_mixin.py:190} INFO - [2025-03-24T08:13:09.307+0000] {dag.py:3239} INFO - Sync 1 DAGs
[2025-03-24T08:13:09.333+0000] {logging_mixin.py:190} INFO - [2025-03-24T08:13:09.333+0000] {dag.py:4180} INFO - Setting next_dagrun for example_bash_operator to 2025-03-23 00:00:00+00:00, run_after=2025-03-24 00:00:00+00:00
[2025-03-24T08:13:09.358+0000] {processor.py:208} INFO - Processing /home/airflow/.local/lib/python3.12/site-packages/airflow/example_dags/example_bash_operator.py took 0.106 seconds
[2025-03-24T08:13:40.235+0000] {processor.py:186} INFO - Started process (PID=520) to work on /home/airflow/.local/lib/python3.12/site-packages/airflow/example_dags/example_bash_operator.py
[2025-03-24T08:13:40.237+0000] {processor.py:914} INFO - Processing file /home/airflow/.local/lib/python3.12/site-packages/airflow/example_dags/example_bash_operator.py for tasks to queue
[2025-03-24T08:13:40.240+0000] {logging_mixin.py:190} INFO - [2025-03-24T08:13:40.239+0000] {dagbag.py:588} INFO - Filling up the DagBag from /home/airflow/.local/lib/python3.12/site-packages/airflow/example_dags/example_bash_operator.py
[2025-03-24T08:13:40.254+0000] {processor.py:925} INFO - DAG(s) 'example_bash_operator' retrieved from /home/airflow/.local/lib/python3.12/site-packages/airflow/example_dags/example_bash_operator.py
[2025-03-24T08:13:40.285+0000] {logging_mixin.py:190} INFO - [2025-03-24T08:13:40.285+0000] {dag.py:3239} INFO - Sync 1 DAGs
[2025-03-24T08:13:40.311+0000] {logging_mixin.py:190} INFO - [2025-03-24T08:13:40.310+0000] {dag.py:4180} INFO - Setting next_dagrun for example_bash_operator to 2025-03-23 00:00:00+00:00, run_after=2025-03-24 00:00:00+00:00
[2025-03-24T08:13:40.334+0000] {processor.py:208} INFO - Processing /home/airflow/.local/lib/python3.12/site-packages/airflow/example_dags/example_bash_operator.py took 0.105 seconds
[2025-03-24T08:14:10.429+0000] {processor.py:186} INFO - Started process (PID=584) to work on /home/airflow/.local/lib/python3.12/site-packages/airflow/example_dags/example_bash_operator.py
[2025-03-24T08:14:10.430+0000] {processor.py:914} INFO - Processing file /home/airflow/.local/lib/python3.12/site-packages/airflow/example_dags/example_bash_operator.py for tasks to queue
[2025-03-24T08:14:10.432+0000] {logging_mixin.py:190} INFO - [2025-03-24T08:14:10.432+0000] {dagbag.py:588} INFO - Filling up the DagBag from /home/airflow/.local/lib/python3.12/site-packages/airflow/example_dags/example_bash_operator.py
[2025-03-24T08:14:10.448+0000] {processor.py:925} INFO - DAG(s) 'example_bash_operator' retrieved from /home/airflow/.local/lib/python3.12/site-packages/airflow/example_dags/example_bash_operator.py
[2025-03-24T08:14:10.480+0000] {logging_mixin.py:190} INFO - [2025-03-24T08:14:10.480+0000] {dag.py:3239} INFO - Sync 1 DAGs
[2025-03-24T08:14:10.506+0000] {logging_mixin.py:190} INFO - [2025-03-24T08:14:10.506+0000] {dag.py:4180} INFO - Setting next_dagrun for example_bash_operator to 2025-03-23 00:00:00+00:00, run_after=2025-03-24 00:00:00+00:00
[2025-03-24T08:14:10.527+0000] {processor.py:208} INFO - Processing /home/airflow/.local/lib/python3.12/site-packages/airflow/example_dags/example_bash_operator.py took 0.104 seconds
[2025-03-24T08:14:41.416+0000] {processor.py:186} INFO - Started process (PID=648) to work on /home/airflow/.local/lib/python3.12/site-packages/airflow/example_dags/example_bash_operator.py
[2025-03-24T08:14:41.417+0000] {processor.py:914} INFO - Processing file /home/airflow/.local/lib/python3.12/site-packages/airflow/example_dags/example_bash_operator.py for tasks to queue
[2025-03-24T08:14:41.419+0000] {logging_mixin.py:190} INFO - [2025-03-24T08:14:41.419+0000] {dagbag.py:588} INFO - Filling up the DagBag from /home/airflow/.local/lib/python3.12/site-packages/airflow/example_dags/example_bash_operator.py
[2025-03-24T08:14:41.433+0000] {processor.py:925} INFO - DAG(s) 'example_bash_operator' retrieved from /home/airflow/.local/lib/python3.12/site-packages/airflow/example_dags/example_bash_operator.py
[2025-03-24T08:14:41.465+0000] {logging_mixin.py:190} INFO - [2025-03-24T08:14:41.465+0000] {dag.py:3239} INFO - Sync 1 DAGs
[2025-03-24T08:14:41.491+0000] {logging_mixin.py:190} INFO - [2025-03-24T08:14:41.491+0000] {dag.py:4180} INFO - Setting next_dagrun for example_bash_operator to 2025-03-23 00:00:00+00:00, run_after=2025-03-24 00:00:00+00:00
[2025-03-24T08:14:41.517+0000] {processor.py:208} INFO - Processing /home/airflow/.local/lib/python3.12/site-packages/airflow/example_dags/example_bash_operator.py took 0.107 seconds
[2025-03-24T08:15:11.648+0000] {processor.py:186} INFO - Started process (PID=712) to work on /home/airflow/.local/lib/python3.12/site-packages/airflow/example_dags/example_bash_operator.py
[2025-03-24T08:15:11.650+0000] {processor.py:914} INFO - Processing file /home/airflow/.local/lib/python3.12/site-packages/airflow/example_dags/example_bash_operator.py for tasks to queue
[2025-03-24T08:15:11.652+0000] {logging_mixin.py:190} INFO - [2025-03-24T08:15:11.652+0000] {dagbag.py:588} INFO - Filling up the DagBag from /home/airflow/.local/lib/python3.12/site-packages/airflow/example_dags/example_bash_operator.py
[2025-03-24T08:15:11.666+0000] {processor.py:925} INFO - DAG(s) 'example_bash_operator' retrieved from /home/airflow/.local/lib/python3.12/site-packages/airflow/example_dags/example_bash_operator.py
[2025-03-24T08:15:11.697+0000] {logging_mixin.py:190} INFO - [2025-03-24T08:15:11.697+0000] {dag.py:3239} INFO - Sync 1 DAGs
[2025-03-24T08:15:11.723+0000] {logging_mixin.py:190} INFO - [2025-03-24T08:15:11.723+0000] {dag.py:4180} INFO - Setting next_dagrun for example_bash_operator to 2025-03-23 00:00:00+00:00, run_after=2025-03-24 00:00:00+00:00
[2025-03-24T08:15:11.747+0000] {processor.py:208} INFO - Processing /home/airflow/.local/lib/python3.12/site-packages/airflow/example_dags/example_bash_operator.py took 0.105 seconds
[2025-03-24T08:15:41.836+0000] {processor.py:186} INFO - Started process (PID=776) to work on /home/airflow/.local/lib/python3.12/site-packages/airflow/example_dags/example_bash_operator.py
[2025-03-24T08:15:41.837+0000] {processor.py:914} INFO - Processing file /home/airflow/.local/lib/python3.12/site-packages/airflow/example_dags/example_bash_operator.py for tasks to queue
[2025-03-24T08:15:41.840+0000] {logging_mixin.py:190} INFO - [2025-03-24T08:15:41.839+0000] {dagbag.py:588} INFO - Filling up the DagBag from /home/airflow/.local/lib/python3.12/site-packages/airflow/example_dags/example_bash_operator.py
[2025-03-24T08:15:41.854+0000] {processor.py:925} INFO - DAG(s) 'example_bash_operator' retrieved from /home/airflow/.local/lib/python3.12/site-packages/airflow/example_dags/example_bash_operator.py
[2025-03-24T08:15:41.884+0000] {logging_mixin.py:190} INFO - [2025-03-24T08:15:41.884+0000] {dag.py:3239} INFO - Sync 1 DAGs
[2025-03-24T08:15:41.911+0000] {logging_mixin.py:190} INFO - [2025-03-24T08:15:41.911+0000] {dag.py:4180} INFO - Setting next_dagrun for example_bash_operator to 2025-03-23 00:00:00+00:00, run_after=2025-03-24 00:00:00+00:00
[2025-03-24T08:15:41.931+0000] {processor.py:208} INFO - Processing /home/airflow/.local/lib/python3.12/site-packages/airflow/example_dags/example_bash_operator.py took 0.101 seconds
[2025-03-24T08:16:12.565+0000] {processor.py:186} INFO - Started process (PID=840) to work on /home/airflow/.local/lib/python3.12/site-packages/airflow/example_dags/example_bash_operator.py
[2025-03-24T08:16:12.566+0000] {processor.py:914} INFO - Processing file /home/airflow/.local/lib/python3.12/site-packages/airflow/example_dags/example_bash_operator.py for tasks to queue
[2025-03-24T08:16:12.568+0000] {logging_mixin.py:190} INFO - [2025-03-24T08:16:12.568+0000] {dagbag.py:588} INFO - Filling up the DagBag from /home/airflow/.local/lib/python3.12/site-packages/airflow/example_dags/example_bash_operator.py
[2025-03-24T08:16:12.583+0000] {processor.py:925} INFO - DAG(s) 'example_bash_operator' retrieved from /home/airflow/.local/lib/python3.12/site-packages/airflow/example_dags/example_bash_operator.py
[2025-03-24T08:16:12.613+0000] {logging_mixin.py:190} INFO - [2025-03-24T08:16:12.613+0000] {dag.py:3239} INFO - Sync 1 DAGs
[2025-03-24T08:16:12.639+0000] {logging_mixin.py:190} INFO - [2025-03-24T08:16:12.638+0000] {dag.py:4180} INFO - Setting next_dagrun for example_bash_operator to 2025-03-23 00:00:00+00:00, run_after=2025-03-24 00:00:00+00:00
[2025-03-24T08:16:12.659+0000] {processor.py:208} INFO - Processing /home/airflow/.local/lib/python3.12/site-packages/airflow/example_dags/example_bash_operator.py took 0.101 seconds
[2025-03-24T08:16:42.751+0000] {processor.py:186} INFO - Started process (PID=904) to work on /home/airflow/.local/lib/python3.12/site-packages/airflow/example_dags/example_bash_operator.py
[2025-03-24T08:16:42.752+0000] {processor.py:914} INFO - Processing file /home/airflow/.local/lib/python3.12/site-packages/airflow/example_dags/example_bash_operator.py for tasks to queue
[2025-03-24T08:16:42.755+0000] {logging_mixin.py:190} INFO - [2025-03-24T08:16:42.754+0000] {dagbag.py:588} INFO - Filling up the DagBag from /home/airflow/.local/lib/python3.12/site-packages/airflow/example_dags/example_bash_operator.py
[2025-03-24T08:16:42.769+0000] {processor.py:925} INFO - DAG(s) 'example_bash_operator' retrieved from /home/airflow/.local/lib/python3.12/site-packages/airflow/example_dags/example_bash_operator.py
[2025-03-24T08:16:42.800+0000] {logging_mixin.py:190} INFO - [2025-03-24T08:16:42.800+0000] {dag.py:3239} INFO - Sync 1 DAGs
[2025-03-24T08:16:42.828+0000] {logging_mixin.py:190} INFO - [2025-03-24T08:16:42.827+0000] {dag.py:4180} INFO - Setting next_dagrun for example_bash_operator to 2025-03-23 00:00:00+00:00, run_after=2025-03-24 00:00:00+00:00
[2025-03-24T08:16:42.848+0000] {processor.py:208} INFO - Processing /home/airflow/.local/lib/python3.12/site-packages/airflow/example_dags/example_bash_operator.py took 0.104 seconds
[2025-03-24T08:17:12.982+0000] {processor.py:186} INFO - Started process (PID=968) to work on /home/airflow/.local/lib/python3.12/site-packages/airflow/example_dags/example_bash_operator.py
[2025-03-24T08:17:12.983+0000] {processor.py:914} INFO - Processing file /home/airflow/.local/lib/python3.12/site-packages/airflow/example_dags/example_bash_operator.py for tasks to queue
[2025-03-24T08:17:12.985+0000] {logging_mixin.py:190} INFO - [2025-03-24T08:17:12.985+0000] {dagbag.py:588} INFO - Filling up the DagBag from /home/airflow/.local/lib/python3.12/site-packages/airflow/example_dags/example_bash_operator.py
[2025-03-24T08:17:13.000+0000] {processor.py:925} INFO - DAG(s) 'example_bash_operator' retrieved from /home/airflow/.local/lib/python3.12/site-packages/airflow/example_dags/example_bash_operator.py
[2025-03-24T08:17:13.030+0000] {logging_mixin.py:190} INFO - [2025-03-24T08:17:13.030+0000] {dag.py:3239} INFO - Sync 1 DAGs
[2025-03-24T08:17:13.055+0000] {logging_mixin.py:190} INFO - [2025-03-24T08:17:13.055+0000] {dag.py:4180} INFO - Setting next_dagrun for example_bash_operator to 2025-03-23 00:00:00+00:00, run_after=2025-03-24 00:00:00+00:00
[2025-03-24T08:17:13.076+0000] {processor.py:208} INFO - Processing /home/airflow/.local/lib/python3.12/site-packages/airflow/example_dags/example_bash_operator.py took 0.101 seconds
[2025-03-24T08:17:44.096+0000] {processor.py:186} INFO - Started process (PID=1032) to work on /home/airflow/.local/lib/python3.12/site-packages/airflow/example_dags/example_bash_operator.py
[2025-03-24T08:17:44.097+0000] {processor.py:914} INFO - Processing file /home/airflow/.local/lib/python3.12/site-packages/airflow/example_dags/example_bash_operator.py for tasks to queue
[2025-03-24T08:17:44.100+0000] {logging_mixin.py:190} INFO - [2025-03-24T08:17:44.099+0000] {dagbag.py:588} INFO - Filling up the DagBag from /home/airflow/.local/lib/python3.12/site-packages/airflow/example_dags/example_bash_operator.py
[2025-03-24T08:17:44.114+0000] {processor.py:925} INFO - DAG(s) 'example_bash_operator' retrieved from /home/airflow/.local/lib/python3.12/site-packages/airflow/example_dags/example_bash_operator.py
[2025-03-24T08:17:44.147+0000] {logging_mixin.py:190} INFO - [2025-03-24T08:17:44.147+0000] {dag.py:3239} INFO - Sync 1 DAGs
[2025-03-24T08:17:44.173+0000] {logging_mixin.py:190} INFO - [2025-03-24T08:17:44.173+0000] {dag.py:4180} INFO - Setting next_dagrun for example_bash_operator to 2025-03-23 00:00:00+00:00, run_after=2025-03-24 00:00:00+00:00
[2025-03-24T08:17:44.197+0000] {processor.py:208} INFO - Processing /home/airflow/.local/lib/python3.12/site-packages/airflow/example_dags/example_bash_operator.py took 0.107 seconds
[2025-03-24T08:18:15.165+0000] {processor.py:186} INFO - Started process (PID=1096) to work on /home/airflow/.local/lib/python3.12/site-packages/airflow/example_dags/example_bash_operator.py
[2025-03-24T08:18:15.166+0000] {processor.py:914} INFO - Processing file /home/airflow/.local/lib/python3.12/site-packages/airflow/example_dags/example_bash_operator.py for tasks to queue
[2025-03-24T08:18:15.169+0000] {logging_mixin.py:190} INFO - [2025-03-24T08:18:15.169+0000] {dagbag.py:588} INFO - Filling up the DagBag from /home/airflow/.local/lib/python3.12/site-packages/airflow/example_dags/example_bash_operator.py
[2025-03-24T08:18:15.183+0000] {processor.py:925} INFO - DAG(s) 'example_bash_operator' retrieved from /home/airflow/.local/lib/python3.12/site-packages/airflow/example_dags/example_bash_operator.py
[2025-03-24T08:18:15.213+0000] {logging_mixin.py:190} INFO - [2025-03-24T08:18:15.213+0000] {dag.py:3239} INFO - Sync 1 DAGs
[2025-03-24T08:18:15.240+0000] {logging_mixin.py:190} INFO - [2025-03-24T08:18:15.240+0000] {dag.py:4180} INFO - Setting next_dagrun for example_bash_operator to 2025-03-23 00:00:00+00:00, run_after=2025-03-24 00:00:00+00:00
[2025-03-24T08:18:15.263+0000] {processor.py:208} INFO - Processing /home/airflow/.local/lib/python3.12/site-packages/airflow/example_dags/example_bash_operator.py took 0.104 seconds
[2025-03-24T08:18:46.147+0000] {processor.py:186} INFO - Started process (PID=1160) to work on /home/airflow/.local/lib/python3.12/site-packages/airflow/example_dags/example_bash_operator.py
[2025-03-24T08:18:46.148+0000] {processor.py:914} INFO - Processing file /home/airflow/.local/lib/python3.12/site-packages/airflow/example_dags/example_bash_operator.py for tasks to queue
[2025-03-24T08:18:46.151+0000] {logging_mixin.py:190} INFO - [2025-03-24T08:18:46.150+0000] {dagbag.py:588} INFO - Filling up the DagBag from /home/airflow/.local/lib/python3.12/site-packages/airflow/example_dags/example_bash_operator.py
[2025-03-24T08:18:46.165+0000] {processor.py:925} INFO - DAG(s) 'example_bash_operator' retrieved from /home/airflow/.local/lib/python3.12/site-packages/airflow/example_dags/example_bash_operator.py
[2025-03-24T08:18:46.196+0000] {logging_mixin.py:190} INFO - [2025-03-24T08:18:46.196+0000] {dag.py:3239} INFO - Sync 1 DAGs
[2025-03-24T08:18:46.222+0000] {logging_mixin.py:190} INFO - [2025-03-24T08:18:46.222+0000] {dag.py:4180} INFO - Setting next_dagrun for example_bash_operator to 2025-03-23 00:00:00+00:00, run_after=2025-03-24 00:00:00+00:00
[2025-03-24T08:18:46.248+0000] {processor.py:208} INFO - Processing /home/airflow/.local/lib/python3.12/site-packages/airflow/example_dags/example_bash_operator.py took 0.107 seconds
[2025-03-24T08:19:16.647+0000] {processor.py:186} INFO - Started process (PID=1224) to work on /home/airflow/.local/lib/python3.12/site-packages/airflow/example_dags/example_bash_operator.py
[2025-03-24T08:19:16.648+0000] {processor.py:914} INFO - Processing file /home/airflow/.local/lib/python3.12/site-packages/airflow/example_dags/example_bash_operator.py for tasks to queue
[2025-03-24T08:19:16.651+0000] {logging_mixin.py:190} INFO - [2025-03-24T08:19:16.650+0000] {dagbag.py:588} INFO - Filling up the DagBag from /home/airflow/.local/lib/python3.12/site-packages/airflow/example_dags/example_bash_operator.py
[2025-03-24T08:19:16.665+0000] {processor.py:925} INFO - DAG(s) 'example_bash_operator' retrieved from /home/airflow/.local/lib/python3.12/site-packages/airflow/example_dags/example_bash_operator.py
[2025-03-24T08:19:16.694+0000] {logging_mixin.py:190} INFO - [2025-03-24T08:19:16.694+0000] {dag.py:3239} INFO - Sync 1 DAGs
[2025-03-24T08:19:16.720+0000] {logging_mixin.py:190} INFO - [2025-03-24T08:19:16.720+0000] {dag.py:4180} INFO - Setting next_dagrun for example_bash_operator to 2025-03-23 00:00:00+00:00, run_after=2025-03-24 00:00:00+00:00
[2025-03-24T08:19:16.741+0000] {processor.py:208} INFO - Processing /home/airflow/.local/lib/python3.12/site-packages/airflow/example_dags/example_bash_operator.py took 0.100 seconds
[2025-03-24T08:19:46.972+0000] {processor.py:186} INFO - Started process (PID=1288) to work on /home/airflow/.local/lib/python3.12/site-packages/airflow/example_dags/example_bash_operator.py
[2025-03-24T08:19:46.973+0000] {processor.py:914} INFO - Processing file /home/airflow/.local/lib/python3.12/site-packages/airflow/example_dags/example_bash_operator.py for tasks to queue
[2025-03-24T08:19:46.976+0000] {logging_mixin.py:190} INFO - [2025-03-24T08:19:46.975+0000] {dagbag.py:588} INFO - Filling up the DagBag from /home/airflow/.local/lib/python3.12/site-packages/airflow/example_dags/example_bash_operator.py
[2025-03-24T08:19:46.991+0000] {processor.py:925} INFO - DAG(s) 'example_bash_operator' retrieved from /home/airflow/.local/lib/python3.12/site-packages/airflow/example_dags/example_bash_operator.py
[2025-03-24T08:19:47.023+0000] {logging_mixin.py:190} INFO - [2025-03-24T08:19:47.022+0000] {dag.py:3239} INFO - Sync 1 DAGs
[2025-03-24T08:19:47.050+0000] {logging_mixin.py:190} INFO - [2025-03-24T08:19:47.049+0000] {dag.py:4180} INFO - Setting next_dagrun for example_bash_operator to 2025-03-23 00:00:00+00:00, run_after=2025-03-24 00:00:00+00:00
[2025-03-24T08:19:47.073+0000] {processor.py:208} INFO - Processing /home/airflow/.local/lib/python3.12/site-packages/airflow/example_dags/example_bash_operator.py took 0.108 seconds
[2025-03-24T08:20:17.968+0000] {processor.py:186} INFO - Started process (PID=1352) to work on /home/airflow/.local/lib/python3.12/site-packages/airflow/example_dags/example_bash_operator.py
[2025-03-24T08:20:17.969+0000] {processor.py:914} INFO - Processing file /home/airflow/.local/lib/python3.12/site-packages/airflow/example_dags/example_bash_operator.py for tasks to queue
[2025-03-24T08:20:17.971+0000] {logging_mixin.py:190} INFO - [2025-03-24T08:20:17.971+0000] {dagbag.py:588} INFO - Filling up the DagBag from /home/airflow/.local/lib/python3.12/site-packages/airflow/example_dags/example_bash_operator.py
[2025-03-24T08:20:17.986+0000] {processor.py:925} INFO - DAG(s) 'example_bash_operator' retrieved from /home/airflow/.local/lib/python3.12/site-packages/airflow/example_dags/example_bash_operator.py
[2025-03-24T08:20:18.018+0000] {logging_mixin.py:190} INFO - [2025-03-24T08:20:18.018+0000] {dag.py:3239} INFO - Sync 1 DAGs
[2025-03-24T08:20:18.046+0000] {logging_mixin.py:190} INFO - [2025-03-24T08:20:18.045+0000] {dag.py:4180} INFO - Setting next_dagrun for example_bash_operator to 2025-03-23 00:00:00+00:00, run_after=2025-03-24 00:00:00+00:00
[2025-03-24T08:20:18.070+0000] {processor.py:208} INFO - Processing /home/airflow/.local/lib/python3.12/site-packages/airflow/example_dags/example_bash_operator.py took 0.109 seconds
[2025-03-24T08:20:48.899+0000] {processor.py:186} INFO - Started process (PID=1416) to work on /home/airflow/.local/lib/python3.12/site-packages/airflow/example_dags/example_bash_operator.py
[2025-03-24T08:20:48.900+0000] {processor.py:914} INFO - Processing file /home/airflow/.local/lib/python3.12/site-packages/airflow/example_dags/example_bash_operator.py for tasks to queue
[2025-03-24T08:20:48.902+0000] {logging_mixin.py:190} INFO - [2025-03-24T08:20:48.902+0000] {dagbag.py:588} INFO - Filling up the DagBag from /home/airflow/.local/lib/python3.12/site-packages/airflow/example_dags/example_bash_operator.py
[2025-03-24T08:20:48.916+0000] {processor.py:925} INFO - DAG(s) 'example_bash_operator' retrieved from /home/airflow/.local/lib/python3.12/site-packages/airflow/example_dags/example_bash_operator.py
[2025-03-24T08:20:48.947+0000] {logging_mixin.py:190} INFO - [2025-03-24T08:20:48.946+0000] {dag.py:3239} INFO - Sync 1 DAGs
[2025-03-24T08:20:48.974+0000] {logging_mixin.py:190} INFO - [2025-03-24T08:20:48.974+0000] {dag.py:4180} INFO - Setting next_dagrun for example_bash_operator to 2025-03-23 00:00:00+00:00, run_after=2025-03-24 00:00:00+00:00
[2025-03-24T08:20:48.998+0000] {processor.py:208} INFO - Processing /home/airflow/.local/lib/python3.12/site-packages/airflow/example_dags/example_bash_operator.py took 0.107 seconds
[2025-03-24T08:21:19.617+0000] {processor.py:186} INFO - Started process (PID=1480) to work on /home/airflow/.local/lib/python3.12/site-packages/airflow/example_dags/example_bash_operator.py
[2025-03-24T08:21:19.618+0000] {processor.py:914} INFO - Processing file /home/airflow/.local/lib/python3.12/site-packages/airflow/example_dags/example_bash_operator.py for tasks to queue
[2025-03-24T08:21:19.621+0000] {logging_mixin.py:190} INFO - [2025-03-24T08:21:19.621+0000] {dagbag.py:588} INFO - Filling up the DagBag from /home/airflow/.local/lib/python3.12/site-packages/airflow/example_dags/example_bash_operator.py
[2025-03-24T08:21:19.637+0000] {processor.py:925} INFO - DAG(s) 'example_bash_operator' retrieved from /home/airflow/.local/lib/python3.12/site-packages/airflow/example_dags/example_bash_operator.py
[2025-03-24T08:21:19.670+0000] {logging_mixin.py:190} INFO - [2025-03-24T08:21:19.670+0000] {dag.py:3239} INFO - Sync 1 DAGs
[2025-03-24T08:21:19.698+0000] {logging_mixin.py:190} INFO - [2025-03-24T08:21:19.698+0000] {dag.py:4180} INFO - Setting next_dagrun for example_bash_operator to 2025-03-23 00:00:00+00:00, run_after=2025-03-24 00:00:00+00:00
[2025-03-24T08:21:19.723+0000] {processor.py:208} INFO - Processing /home/airflow/.local/lib/python3.12/site-packages/airflow/example_dags/example_bash_operator.py took 0.113 seconds
[2025-03-24T08:21:50.017+0000] {processor.py:186} INFO - Started process (PID=1544) to work on /home/airflow/.local/lib/python3.12/site-packages/airflow/example_dags/example_bash_operator.py
[2025-03-24T08:21:50.019+0000] {processor.py:914} INFO - Processing file /home/airflow/.local/lib/python3.12/site-packages/airflow/example_dags/example_bash_operator.py for tasks to queue
[2025-03-24T08:21:50.021+0000] {logging_mixin.py:190} INFO - [2025-03-24T08:21:50.021+0000] {dagbag.py:588} INFO - Filling up the DagBag from /home/airflow/.local/lib/python3.12/site-packages/airflow/example_dags/example_bash_operator.py
[2025-03-24T08:21:50.035+0000] {processor.py:925} INFO - DAG(s) 'example_bash_operator' retrieved from /home/airflow/.local/lib/python3.12/site-packages/airflow/example_dags/example_bash_operator.py
[2025-03-24T08:21:50.067+0000] {logging_mixin.py:190} INFO - [2025-03-24T08:21:50.066+0000] {dag.py:3239} INFO - Sync 1 DAGs
[2025-03-24T08:21:50.093+0000] {logging_mixin.py:190} INFO - [2025-03-24T08:21:50.093+0000] {dag.py:4180} INFO - Setting next_dagrun for example_bash_operator to 2025-03-23 00:00:00+00:00, run_after=2025-03-24 00:00:00+00:00
[2025-03-24T08:21:50.118+0000] {processor.py:208} INFO - Processing /home/airflow/.local/lib/python3.12/site-packages/airflow/example_dags/example_bash_operator.py took 0.107 seconds
[2025-03-24T08:22:20.614+0000] {processor.py:186} INFO - Started process (PID=1608) to work on /home/airflow/.local/lib/python3.12/site-packages/airflow/example_dags/example_bash_operator.py
[2025-03-24T08:22:20.615+0000] {processor.py:914} INFO - Processing file /home/airflow/.local/lib/python3.12/site-packages/airflow/example_dags/example_bash_operator.py for tasks to queue
[2025-03-24T08:22:20.618+0000] {logging_mixin.py:190} INFO - [2025-03-24T08:22:20.617+0000] {dagbag.py:588} INFO - Filling up the DagBag from /home/airflow/.local/lib/python3.12/site-packages/airflow/example_dags/example_bash_operator.py
[2025-03-24T08:22:20.633+0000] {processor.py:925} INFO - DAG(s) 'example_bash_operator' retrieved from /home/airflow/.local/lib/python3.12/site-packages/airflow/example_dags/example_bash_operator.py
[2025-03-24T08:22:20.664+0000] {logging_mixin.py:190} INFO - [2025-03-24T08:22:20.664+0000] {dag.py:3239} INFO - Sync 1 DAGs
[2025-03-24T08:22:20.690+0000] {logging_mixin.py:190} INFO - [2025-03-24T08:22:20.690+0000] {dag.py:4180} INFO - Setting next_dagrun for example_bash_operator to 2025-03-23 00:00:00+00:00, run_after=2025-03-24 00:00:00+00:00
[2025-03-24T08:22:20.713+0000] {processor.py:208} INFO - Processing /home/airflow/.local/lib/python3.12/site-packages/airflow/example_dags/example_bash_operator.py took 0.105 seconds
[2025-03-24T08:22:51.621+0000] {processor.py:186} INFO - Started process (PID=1672) to work on /home/airflow/.local/lib/python3.12/site-packages/airflow/example_dags/example_bash_operator.py
[2025-03-24T08:22:51.622+0000] {processor.py:914} INFO - Processing file /home/airflow/.local/lib/python3.12/site-packages/airflow/example_dags/example_bash_operator.py for tasks to queue
[2025-03-24T08:22:51.625+0000] {logging_mixin.py:190} INFO - [2025-03-24T08:22:51.625+0000] {dagbag.py:588} INFO - Filling up the DagBag from /home/airflow/.local/lib/python3.12/site-packages/airflow/example_dags/example_bash_operator.py
[2025-03-24T08:22:51.640+0000] {processor.py:925} INFO - DAG(s) 'example_bash_operator' retrieved from /home/airflow/.local/lib/python3.12/site-packages/airflow/example_dags/example_bash_operator.py
[2025-03-24T08:22:51.673+0000] {logging_mixin.py:190} INFO - [2025-03-24T08:22:51.673+0000] {dag.py:3239} INFO - Sync 1 DAGs
[2025-03-24T08:22:51.702+0000] {logging_mixin.py:190} INFO - [2025-03-24T08:22:51.702+0000] {dag.py:4180} INFO - Setting next_dagrun for example_bash_operator to 2025-03-23 00:00:00+00:00, run_after=2025-03-24 00:00:00+00:00
[2025-03-24T08:22:51.729+0000] {processor.py:208} INFO - Processing /home/airflow/.local/lib/python3.12/site-packages/airflow/example_dags/example_bash_operator.py took 0.114 seconds
[2025-03-24T08:23:21.891+0000] {processor.py:186} INFO - Started process (PID=1736) to work on /home/airflow/.local/lib/python3.12/site-packages/airflow/example_dags/example_bash_operator.py
[2025-03-24T08:23:21.893+0000] {processor.py:914} INFO - Processing file /home/airflow/.local/lib/python3.12/site-packages/airflow/example_dags/example_bash_operator.py for tasks to queue
[2025-03-24T08:23:21.895+0000] {logging_mixin.py:190} INFO - [2025-03-24T08:23:21.895+0000] {dagbag.py:588} INFO - Filling up the DagBag from /home/airflow/.local/lib/python3.12/site-packages/airflow/example_dags/example_bash_operator.py
[2025-03-24T08:23:21.910+0000] {processor.py:925} INFO - DAG(s) 'example_bash_operator' retrieved from /home/airflow/.local/lib/python3.12/site-packages/airflow/example_dags/example_bash_operator.py
[2025-03-24T08:23:21.941+0000] {logging_mixin.py:190} INFO - [2025-03-24T08:23:21.941+0000] {dag.py:3239} INFO - Sync 1 DAGs
[2025-03-24T08:23:21.968+0000] {logging_mixin.py:190} INFO - [2025-03-24T08:23:21.968+0000] {dag.py:4180} INFO - Setting next_dagrun for example_bash_operator to 2025-03-23 00:00:00+00:00, run_after=2025-03-24 00:00:00+00:00
[2025-03-24T08:23:21.992+0000] {processor.py:208} INFO - Processing /home/airflow/.local/lib/python3.12/site-packages/airflow/example_dags/example_bash_operator.py took 0.107 seconds
[2025-03-24T08:23:52.305+0000] {processor.py:186} INFO - Started process (PID=1800) to work on /home/airflow/.local/lib/python3.12/site-packages/airflow/example_dags/example_bash_operator.py
[2025-03-24T08:23:52.307+0000] {processor.py:914} INFO - Processing file /home/airflow/.local/lib/python3.12/site-packages/airflow/example_dags/example_bash_operator.py for tasks to queue
[2025-03-24T08:23:52.309+0000] {logging_mixin.py:190} INFO - [2025-03-24T08:23:52.309+0000] {dagbag.py:588} INFO - Filling up the DagBag from /home/airflow/.local/lib/python3.12/site-packages/airflow/example_dags/example_bash_operator.py
[2025-03-24T08:23:52.324+0000] {processor.py:925} INFO - DAG(s) 'example_bash_operator' retrieved from /home/airflow/.local/lib/python3.12/site-packages/airflow/example_dags/example_bash_operator.py
[2025-03-24T08:23:52.354+0000] {logging_mixin.py:190} INFO - [2025-03-24T08:23:52.354+0000] {dag.py:3239} INFO - Sync 1 DAGs
[2025-03-24T08:23:52.381+0000] {logging_mixin.py:190} INFO - [2025-03-24T08:23:52.381+0000] {dag.py:4180} INFO - Setting next_dagrun for example_bash_operator to 2025-03-23 00:00:00+00:00, run_after=2025-03-24 00:00:00+00:00
[2025-03-24T08:23:52.414+0000] {processor.py:208} INFO - Processing /home/airflow/.local/lib/python3.12/site-packages/airflow/example_dags/example_bash_operator.py took 0.114 seconds
[2025-03-24T08:24:22.581+0000] {processor.py:186} INFO - Started process (PID=1864) to work on /home/airflow/.local/lib/python3.12/site-packages/airflow/example_dags/example_bash_operator.py
[2025-03-24T08:24:22.582+0000] {processor.py:914} INFO - Processing file /home/airflow/.local/lib/python3.12/site-packages/airflow/example_dags/example_bash_operator.py for tasks to queue
[2025-03-24T08:24:22.585+0000] {logging_mixin.py:190} INFO - [2025-03-24T08:24:22.584+0000] {dagbag.py:588} INFO - Filling up the DagBag from /home/airflow/.local/lib/python3.12/site-packages/airflow/example_dags/example_bash_operator.py
[2025-03-24T08:24:22.599+0000] {processor.py:925} INFO - DAG(s) 'example_bash_operator' retrieved from /home/airflow/.local/lib/python3.12/site-packages/airflow/example_dags/example_bash_operator.py
[2025-03-24T08:24:22.632+0000] {logging_mixin.py:190} INFO - [2025-03-24T08:24:22.632+0000] {dag.py:3239} INFO - Sync 1 DAGs
[2025-03-24T08:24:22.659+0000] {logging_mixin.py:190} INFO - [2025-03-24T08:24:22.659+0000] {dag.py:4180} INFO - Setting next_dagrun for example_bash_operator to 2025-03-23 00:00:00+00:00, run_after=2025-03-24 00:00:00+00:00
[2025-03-24T08:24:22.683+0000] {processor.py:208} INFO - Processing /home/airflow/.local/lib/python3.12/site-packages/airflow/example_dags/example_bash_operator.py took 0.109 seconds
[2025-03-24T08:24:52.810+0000] {processor.py:186} INFO - Started process (PID=1928) to work on /home/airflow/.local/lib/python3.12/site-packages/airflow/example_dags/example_bash_operator.py
[2025-03-24T08:24:52.811+0000] {processor.py:914} INFO - Processing file /home/airflow/.local/lib/python3.12/site-packages/airflow/example_dags/example_bash_operator.py for tasks to queue
[2025-03-24T08:24:52.814+0000] {logging_mixin.py:190} INFO - [2025-03-24T08:24:52.814+0000] {dagbag.py:588} INFO - Filling up the DagBag from /home/airflow/.local/lib/python3.12/site-packages/airflow/example_dags/example_bash_operator.py
[2025-03-24T08:24:52.828+0000] {processor.py:925} INFO - DAG(s) 'example_bash_operator' retrieved from /home/airflow/.local/lib/python3.12/site-packages/airflow/example_dags/example_bash_operator.py
[2025-03-24T08:24:52.859+0000] {logging_mixin.py:190} INFO - [2025-03-24T08:24:52.858+0000] {dag.py:3239} INFO - Sync 1 DAGs
[2025-03-24T08:24:52.886+0000] {logging_mixin.py:190} INFO - [2025-03-24T08:24:52.886+0000] {dag.py:4180} INFO - Setting next_dagrun for example_bash_operator to 2025-03-23 00:00:00+00:00, run_after=2025-03-24 00:00:00+00:00
[2025-03-24T08:24:52.907+0000] {processor.py:208} INFO - Processing /home/airflow/.local/lib/python3.12/site-packages/airflow/example_dags/example_bash_operator.py took 0.102 seconds
[2025-03-24T08:25:23.127+0000] {processor.py:186} INFO - Started process (PID=1992) to work on /home/airflow/.local/lib/python3.12/site-packages/airflow/example_dags/example_bash_operator.py
[2025-03-24T08:25:23.128+0000] {processor.py:914} INFO - Processing file /home/airflow/.local/lib/python3.12/site-packages/airflow/example_dags/example_bash_operator.py for tasks to queue
[2025-03-24T08:25:23.130+0000] {logging_mixin.py:190} INFO - [2025-03-24T08:25:23.130+0000] {dagbag.py:588} INFO - Filling up the DagBag from /home/airflow/.local/lib/python3.12/site-packages/airflow/example_dags/example_bash_operator.py
[2025-03-24T08:25:23.144+0000] {processor.py:925} INFO - DAG(s) 'example_bash_operator' retrieved from /home/airflow/.local/lib/python3.12/site-packages/airflow/example_dags/example_bash_operator.py
[2025-03-24T08:25:23.176+0000] {logging_mixin.py:190} INFO - [2025-03-24T08:25:23.176+0000] {dag.py:3239} INFO - Sync 1 DAGs
[2025-03-24T08:25:23.202+0000] {logging_mixin.py:190} INFO - [2025-03-24T08:25:23.201+0000] {dag.py:4180} INFO - Setting next_dagrun for example_bash_operator to 2025-03-23 00:00:00+00:00, run_after=2025-03-24 00:00:00+00:00
[2025-03-24T08:25:23.224+0000] {processor.py:208} INFO - Processing /home/airflow/.local/lib/python3.12/site-packages/airflow/example_dags/example_bash_operator.py took 0.104 seconds
[2025-03-24T08:25:53.358+0000] {processor.py:186} INFO - Started process (PID=2056) to work on /home/airflow/.local/lib/python3.12/site-packages/airflow/example_dags/example_bash_operator.py
[2025-03-24T08:25:53.359+0000] {processor.py:914} INFO - Processing file /home/airflow/.local/lib/python3.12/site-packages/airflow/example_dags/example_bash_operator.py for tasks to queue
[2025-03-24T08:25:53.362+0000] {logging_mixin.py:190} INFO - [2025-03-24T08:25:53.362+0000] {dagbag.py:588} INFO - Filling up the DagBag from /home/airflow/.local/lib/python3.12/site-packages/airflow/example_dags/example_bash_operator.py
[2025-03-24T08:25:53.376+0000] {processor.py:925} INFO - DAG(s) 'example_bash_operator' retrieved from /home/airflow/.local/lib/python3.12/site-packages/airflow/example_dags/example_bash_operator.py
[2025-03-24T08:25:53.408+0000] {logging_mixin.py:190} INFO - [2025-03-24T08:25:53.408+0000] {dag.py:3239} INFO - Sync 1 DAGs
[2025-03-24T08:25:53.436+0000] {logging_mixin.py:190} INFO - [2025-03-24T08:25:53.436+0000] {dag.py:4180} INFO - Setting next_dagrun for example_bash_operator to 2025-03-23 00:00:00+00:00, run_after=2025-03-24 00:00:00+00:00
[2025-03-24T08:25:53.457+0000] {processor.py:208} INFO - Processing /home/airflow/.local/lib/python3.12/site-packages/airflow/example_dags/example_bash_operator.py took 0.105 seconds
[2025-03-24T08:26:23.641+0000] {processor.py:186} INFO - Started process (PID=2120) to work on /home/airflow/.local/lib/python3.12/site-packages/airflow/example_dags/example_bash_operator.py
[2025-03-24T08:26:23.642+0000] {processor.py:914} INFO - Processing file /home/airflow/.local/lib/python3.12/site-packages/airflow/example_dags/example_bash_operator.py for tasks to queue
[2025-03-24T08:26:23.647+0000] {logging_mixin.py:190} INFO - [2025-03-24T08:26:23.644+0000] {dagbag.py:588} INFO - Filling up the DagBag from /home/airflow/.local/lib/python3.12/site-packages/airflow/example_dags/example_bash_operator.py
[2025-03-24T08:26:23.668+0000] {processor.py:925} INFO - DAG(s) 'example_bash_operator' retrieved from /home/airflow/.local/lib/python3.12/site-packages/airflow/example_dags/example_bash_operator.py
[2025-03-24T08:26:23.701+0000] {logging_mixin.py:190} INFO - [2025-03-24T08:26:23.701+0000] {dag.py:3239} INFO - Sync 1 DAGs
[2025-03-24T08:26:23.731+0000] {logging_mixin.py:190} INFO - [2025-03-24T08:26:23.730+0000] {dag.py:4180} INFO - Setting next_dagrun for example_bash_operator to 2025-03-23 00:00:00+00:00, run_after=2025-03-24 00:00:00+00:00
[2025-03-24T08:26:23.752+0000] {processor.py:208} INFO - Processing /home/airflow/.local/lib/python3.12/site-packages/airflow/example_dags/example_bash_operator.py took 0.118 seconds
[2025-03-24T08:26:53.875+0000] {processor.py:186} INFO - Started process (PID=2184) to work on /home/airflow/.local/lib/python3.12/site-packages/airflow/example_dags/example_bash_operator.py
[2025-03-24T08:26:53.876+0000] {processor.py:914} INFO - Processing file /home/airflow/.local/lib/python3.12/site-packages/airflow/example_dags/example_bash_operator.py for tasks to queue
[2025-03-24T08:26:53.879+0000] {logging_mixin.py:190} INFO - [2025-03-24T08:26:53.878+0000] {dagbag.py:588} INFO - Filling up the DagBag from /home/airflow/.local/lib/python3.12/site-packages/airflow/example_dags/example_bash_operator.py
[2025-03-24T08:26:53.893+0000] {processor.py:925} INFO - DAG(s) 'example_bash_operator' retrieved from /home/airflow/.local/lib/python3.12/site-packages/airflow/example_dags/example_bash_operator.py
[2025-03-24T08:26:53.924+0000] {logging_mixin.py:190} INFO - [2025-03-24T08:26:53.923+0000] {dag.py:3239} INFO - Sync 1 DAGs
[2025-03-24T08:26:53.951+0000] {logging_mixin.py:190} INFO - [2025-03-24T08:26:53.951+0000] {dag.py:4180} INFO - Setting next_dagrun for example_bash_operator to 2025-03-23 00:00:00+00:00, run_after=2025-03-24 00:00:00+00:00
[2025-03-24T08:26:53.972+0000] {processor.py:208} INFO - Processing /home/airflow/.local/lib/python3.12/site-packages/airflow/example_dags/example_bash_operator.py took 0.103 seconds
[2025-03-24T08:27:24.140+0000] {processor.py:186} INFO - Started process (PID=2248) to work on /home/airflow/.local/lib/python3.12/site-packages/airflow/example_dags/example_bash_operator.py
[2025-03-24T08:27:24.141+0000] {processor.py:914} INFO - Processing file /home/airflow/.local/lib/python3.12/site-packages/airflow/example_dags/example_bash_operator.py for tasks to queue
[2025-03-24T08:27:24.144+0000] {logging_mixin.py:190} INFO - [2025-03-24T08:27:24.144+0000] {dagbag.py:588} INFO - Filling up the DagBag from /home/airflow/.local/lib/python3.12/site-packages/airflow/example_dags/example_bash_operator.py
[2025-03-24T08:27:24.158+0000] {processor.py:925} INFO - DAG(s) 'example_bash_operator' retrieved from /home/airflow/.local/lib/python3.12/site-packages/airflow/example_dags/example_bash_operator.py
[2025-03-24T08:27:24.188+0000] {logging_mixin.py:190} INFO - [2025-03-24T08:27:24.188+0000] {dag.py:3239} INFO - Sync 1 DAGs
[2025-03-24T08:27:24.214+0000] {logging_mixin.py:190} INFO - [2025-03-24T08:27:24.213+0000] {dag.py:4180} INFO - Setting next_dagrun for example_bash_operator to 2025-03-23 00:00:00+00:00, run_after=2025-03-24 00:00:00+00:00
[2025-03-24T08:27:24.237+0000] {processor.py:208} INFO - Processing /home/airflow/.local/lib/python3.12/site-packages/airflow/example_dags/example_bash_operator.py took 0.103 seconds
[2025-03-24T08:27:54.787+0000] {processor.py:186} INFO - Started process (PID=2310) to work on /home/airflow/.local/lib/python3.12/site-packages/airflow/example_dags/example_bash_operator.py
[2025-03-24T08:27:54.788+0000] {processor.py:914} INFO - Processing file /home/airflow/.local/lib/python3.12/site-packages/airflow/example_dags/example_bash_operator.py for tasks to queue
[2025-03-24T08:27:54.791+0000] {logging_mixin.py:190} INFO - [2025-03-24T08:27:54.791+0000] {dagbag.py:588} INFO - Filling up the DagBag from /home/airflow/.local/lib/python3.12/site-packages/airflow/example_dags/example_bash_operator.py
[2025-03-24T08:27:54.807+0000] {processor.py:925} INFO - DAG(s) 'example_bash_operator' retrieved from /home/airflow/.local/lib/python3.12/site-packages/airflow/example_dags/example_bash_operator.py
[2025-03-24T08:27:54.838+0000] {logging_mixin.py:190} INFO - [2025-03-24T08:27:54.838+0000] {dag.py:3239} INFO - Sync 1 DAGs
[2025-03-24T08:27:54.868+0000] {logging_mixin.py:190} INFO - [2025-03-24T08:27:54.868+0000] {dag.py:4180} INFO - Setting next_dagrun for example_bash_operator to 2025-03-23 00:00:00+00:00, run_after=2025-03-24 00:00:00+00:00
[2025-03-24T08:27:54.892+0000] {processor.py:208} INFO - Processing /home/airflow/.local/lib/python3.12/site-packages/airflow/example_dags/example_bash_operator.py took 0.111 seconds
[2025-03-24T08:28:25.512+0000] {processor.py:186} INFO - Started process (PID=2373) to work on /home/airflow/.local/lib/python3.12/site-packages/airflow/example_dags/example_bash_operator.py
[2025-03-24T08:28:25.513+0000] {processor.py:914} INFO - Processing file /home/airflow/.local/lib/python3.12/site-packages/airflow/example_dags/example_bash_operator.py for tasks to queue
[2025-03-24T08:28:25.516+0000] {logging_mixin.py:190} INFO - [2025-03-24T08:28:25.515+0000] {dagbag.py:588} INFO - Filling up the DagBag from /home/airflow/.local/lib/python3.12/site-packages/airflow/example_dags/example_bash_operator.py
[2025-03-24T08:28:25.531+0000] {processor.py:925} INFO - DAG(s) 'example_bash_operator' retrieved from /home/airflow/.local/lib/python3.12/site-packages/airflow/example_dags/example_bash_operator.py
[2025-03-24T08:28:25.562+0000] {logging_mixin.py:190} INFO - [2025-03-24T08:28:25.562+0000] {dag.py:3239} INFO - Sync 1 DAGs
[2025-03-24T08:28:25.590+0000] {logging_mixin.py:190} INFO - [2025-03-24T08:28:25.589+0000] {dag.py:4180} INFO - Setting next_dagrun for example_bash_operator to 2025-03-23 00:00:00+00:00, run_after=2025-03-24 00:00:00+00:00
[2025-03-24T08:28:25.613+0000] {processor.py:208} INFO - Processing /home/airflow/.local/lib/python3.12/site-packages/airflow/example_dags/example_bash_operator.py took 0.108 seconds
[2025-03-24T08:28:56.429+0000] {processor.py:186} INFO - Started process (PID=2436) to work on /home/airflow/.local/lib/python3.12/site-packages/airflow/example_dags/example_bash_operator.py
[2025-03-24T08:28:56.431+0000] {processor.py:914} INFO - Processing file /home/airflow/.local/lib/python3.12/site-packages/airflow/example_dags/example_bash_operator.py for tasks to queue
[2025-03-24T08:28:56.433+0000] {logging_mixin.py:190} INFO - [2025-03-24T08:28:56.433+0000] {dagbag.py:588} INFO - Filling up the DagBag from /home/airflow/.local/lib/python3.12/site-packages/airflow/example_dags/example_bash_operator.py
[2025-03-24T08:28:56.451+0000] {processor.py:925} INFO - DAG(s) 'example_bash_operator' retrieved from /home/airflow/.local/lib/python3.12/site-packages/airflow/example_dags/example_bash_operator.py
[2025-03-24T08:28:56.487+0000] {logging_mixin.py:190} INFO - [2025-03-24T08:28:56.486+0000] {dag.py:3239} INFO - Sync 1 DAGs
[2025-03-24T08:28:56.521+0000] {logging_mixin.py:190} INFO - [2025-03-24T08:28:56.521+0000] {dag.py:4180} INFO - Setting next_dagrun for example_bash_operator to 2025-03-23 00:00:00+00:00, run_after=2025-03-24 00:00:00+00:00
[2025-03-24T08:28:56.547+0000] {processor.py:208} INFO - Processing /home/airflow/.local/lib/python3.12/site-packages/airflow/example_dags/example_bash_operator.py took 0.125 seconds
[2025-03-24T08:29:27.576+0000] {processor.py:186} INFO - Started process (PID=2500) to work on /home/airflow/.local/lib/python3.12/site-packages/airflow/example_dags/example_bash_operator.py
[2025-03-24T08:29:27.577+0000] {processor.py:914} INFO - Processing file /home/airflow/.local/lib/python3.12/site-packages/airflow/example_dags/example_bash_operator.py for tasks to queue
[2025-03-24T08:29:27.580+0000] {logging_mixin.py:190} INFO - [2025-03-24T08:29:27.579+0000] {dagbag.py:588} INFO - Filling up the DagBag from /home/airflow/.local/lib/python3.12/site-packages/airflow/example_dags/example_bash_operator.py
[2025-03-24T08:29:27.596+0000] {processor.py:925} INFO - DAG(s) 'example_bash_operator' retrieved from /home/airflow/.local/lib/python3.12/site-packages/airflow/example_dags/example_bash_operator.py
[2025-03-24T08:29:27.628+0000] {logging_mixin.py:190} INFO - [2025-03-24T08:29:27.628+0000] {dag.py:3239} INFO - Sync 1 DAGs
[2025-03-24T08:29:27.659+0000] {logging_mixin.py:190} INFO - [2025-03-24T08:29:27.658+0000] {dag.py:4180} INFO - Setting next_dagrun for example_bash_operator to 2025-03-23 00:00:00+00:00, run_after=2025-03-24 00:00:00+00:00
[2025-03-24T08:29:27.682+0000] {processor.py:208} INFO - Processing /home/airflow/.local/lib/python3.12/site-packages/airflow/example_dags/example_bash_operator.py took 0.114 seconds
[2025-03-24T08:29:58.357+0000] {processor.py:186} INFO - Started process (PID=2563) to work on /home/airflow/.local/lib/python3.12/site-packages/airflow/example_dags/example_bash_operator.py
[2025-03-24T08:29:58.359+0000] {processor.py:914} INFO - Processing file /home/airflow/.local/lib/python3.12/site-packages/airflow/example_dags/example_bash_operator.py for tasks to queue
[2025-03-24T08:29:58.362+0000] {logging_mixin.py:190} INFO - [2025-03-24T08:29:58.361+0000] {dagbag.py:588} INFO - Filling up the DagBag from /home/airflow/.local/lib/python3.12/site-packages/airflow/example_dags/example_bash_operator.py
[2025-03-24T08:29:58.377+0000] {processor.py:925} INFO - DAG(s) 'example_bash_operator' retrieved from /home/airflow/.local/lib/python3.12/site-packages/airflow/example_dags/example_bash_operator.py
[2025-03-24T08:29:58.409+0000] {logging_mixin.py:190} INFO - [2025-03-24T08:29:58.409+0000] {dag.py:3239} INFO - Sync 1 DAGs
[2025-03-24T08:29:58.438+0000] {logging_mixin.py:190} INFO - [2025-03-24T08:29:58.437+0000] {dag.py:4180} INFO - Setting next_dagrun for example_bash_operator to 2025-03-23 00:00:00+00:00, run_after=2025-03-24 00:00:00+00:00
[2025-03-24T08:29:58.458+0000] {processor.py:208} INFO - Processing /home/airflow/.local/lib/python3.12/site-packages/airflow/example_dags/example_bash_operator.py took 0.108 seconds
[2025-03-24T08:30:29.246+0000] {processor.py:186} INFO - Started process (PID=2625) to work on /home/airflow/.local/lib/python3.12/site-packages/airflow/example_dags/example_bash_operator.py
[2025-03-24T08:30:29.247+0000] {processor.py:914} INFO - Processing file /home/airflow/.local/lib/python3.12/site-packages/airflow/example_dags/example_bash_operator.py for tasks to queue
[2025-03-24T08:30:29.250+0000] {logging_mixin.py:190} INFO - [2025-03-24T08:30:29.249+0000] {dagbag.py:588} INFO - Filling up the DagBag from /home/airflow/.local/lib/python3.12/site-packages/airflow/example_dags/example_bash_operator.py
[2025-03-24T08:30:29.264+0000] {processor.py:925} INFO - DAG(s) 'example_bash_operator' retrieved from /home/airflow/.local/lib/python3.12/site-packages/airflow/example_dags/example_bash_operator.py
[2025-03-24T08:30:29.294+0000] {logging_mixin.py:190} INFO - [2025-03-24T08:30:29.293+0000] {dag.py:3239} INFO - Sync 1 DAGs
[2025-03-24T08:30:29.320+0000] {logging_mixin.py:190} INFO - [2025-03-24T08:30:29.320+0000] {dag.py:4180} INFO - Setting next_dagrun for example_bash_operator to 2025-03-23 00:00:00+00:00, run_after=2025-03-24 00:00:00+00:00
[2025-03-24T08:30:29.343+0000] {processor.py:208} INFO - Processing /home/airflow/.local/lib/python3.12/site-packages/airflow/example_dags/example_bash_operator.py took 0.104 seconds
[2025-03-24T08:30:59.822+0000] {processor.py:186} INFO - Started process (PID=2684) to work on /home/airflow/.local/lib/python3.12/site-packages/airflow/example_dags/example_bash_operator.py
[2025-03-24T08:30:59.823+0000] {processor.py:914} INFO - Processing file /home/airflow/.local/lib/python3.12/site-packages/airflow/example_dags/example_bash_operator.py for tasks to queue
[2025-03-24T08:30:59.825+0000] {logging_mixin.py:190} INFO - [2025-03-24T08:30:59.825+0000] {dagbag.py:588} INFO - Filling up the DagBag from /home/airflow/.local/lib/python3.12/site-packages/airflow/example_dags/example_bash_operator.py
[2025-03-24T08:30:59.840+0000] {processor.py:925} INFO - DAG(s) 'example_bash_operator' retrieved from /home/airflow/.local/lib/python3.12/site-packages/airflow/example_dags/example_bash_operator.py
[2025-03-24T08:30:59.871+0000] {logging_mixin.py:190} INFO - [2025-03-24T08:30:59.871+0000] {dag.py:3239} INFO - Sync 1 DAGs
[2025-03-24T08:30:59.899+0000] {logging_mixin.py:190} INFO - [2025-03-24T08:30:59.899+0000] {dag.py:4180} INFO - Setting next_dagrun for example_bash_operator to 2025-03-23 00:00:00+00:00, run_after=2025-03-24 00:00:00+00:00
[2025-03-24T08:30:59.922+0000] {processor.py:208} INFO - Processing /home/airflow/.local/lib/python3.12/site-packages/airflow/example_dags/example_bash_operator.py took 0.106 seconds
[2025-03-24T08:31:31.421+0000] {processor.py:186} INFO - Started process (PID=2746) to work on /home/airflow/.local/lib/python3.12/site-packages/airflow/example_dags/example_bash_operator.py
[2025-03-24T08:31:31.422+0000] {processor.py:914} INFO - Processing file /home/airflow/.local/lib/python3.12/site-packages/airflow/example_dags/example_bash_operator.py for tasks to queue
[2025-03-24T08:31:31.425+0000] {logging_mixin.py:190} INFO - [2025-03-24T08:31:31.424+0000] {dagbag.py:588} INFO - Filling up the DagBag from /home/airflow/.local/lib/python3.12/site-packages/airflow/example_dags/example_bash_operator.py
[2025-03-24T08:31:31.439+0000] {processor.py:925} INFO - DAG(s) 'example_bash_operator' retrieved from /home/airflow/.local/lib/python3.12/site-packages/airflow/example_dags/example_bash_operator.py
[2025-03-24T08:31:31.471+0000] {logging_mixin.py:190} INFO - [2025-03-24T08:31:31.471+0000] {dag.py:3239} INFO - Sync 1 DAGs
[2025-03-24T08:31:31.498+0000] {logging_mixin.py:190} INFO - [2025-03-24T08:31:31.498+0000] {dag.py:4180} INFO - Setting next_dagrun for example_bash_operator to 2025-03-23 00:00:00+00:00, run_after=2025-03-24 00:00:00+00:00
[2025-03-24T08:31:31.521+0000] {processor.py:208} INFO - Processing /home/airflow/.local/lib/python3.12/site-packages/airflow/example_dags/example_bash_operator.py took 0.106 seconds
[2025-03-24T08:32:02.174+0000] {processor.py:186} INFO - Started process (PID=2805) to work on /home/airflow/.local/lib/python3.12/site-packages/airflow/example_dags/example_bash_operator.py
[2025-03-24T08:32:02.176+0000] {processor.py:914} INFO - Processing file /home/airflow/.local/lib/python3.12/site-packages/airflow/example_dags/example_bash_operator.py for tasks to queue
[2025-03-24T08:32:02.178+0000] {logging_mixin.py:190} INFO - [2025-03-24T08:32:02.178+0000] {dagbag.py:588} INFO - Filling up the DagBag from /home/airflow/.local/lib/python3.12/site-packages/airflow/example_dags/example_bash_operator.py
[2025-03-24T08:32:02.194+0000] {processor.py:925} INFO - DAG(s) 'example_bash_operator' retrieved from /home/airflow/.local/lib/python3.12/site-packages/airflow/example_dags/example_bash_operator.py
[2025-03-24T08:32:02.226+0000] {logging_mixin.py:190} INFO - [2025-03-24T08:32:02.226+0000] {dag.py:3239} INFO - Sync 1 DAGs
[2025-03-24T08:32:02.254+0000] {logging_mixin.py:190} INFO - [2025-03-24T08:32:02.253+0000] {dag.py:4180} INFO - Setting next_dagrun for example_bash_operator to 2025-03-23 00:00:00+00:00, run_after=2025-03-24 00:00:00+00:00
[2025-03-24T08:32:02.273+0000] {processor.py:208} INFO - Processing /home/airflow/.local/lib/python3.12/site-packages/airflow/example_dags/example_bash_operator.py took 0.106 seconds
[2025-03-24T08:32:33.684+0000] {processor.py:186} INFO - Started process (PID=2869) to work on /home/airflow/.local/lib/python3.12/site-packages/airflow/example_dags/example_bash_operator.py
[2025-03-24T08:32:33.685+0000] {processor.py:914} INFO - Processing file /home/airflow/.local/lib/python3.12/site-packages/airflow/example_dags/example_bash_operator.py for tasks to queue
[2025-03-24T08:32:33.688+0000] {logging_mixin.py:190} INFO - [2025-03-24T08:32:33.688+0000] {dagbag.py:588} INFO - Filling up the DagBag from /home/airflow/.local/lib/python3.12/site-packages/airflow/example_dags/example_bash_operator.py
[2025-03-24T08:32:33.703+0000] {processor.py:925} INFO - DAG(s) 'example_bash_operator' retrieved from /home/airflow/.local/lib/python3.12/site-packages/airflow/example_dags/example_bash_operator.py
[2025-03-24T08:32:33.733+0000] {logging_mixin.py:190} INFO - [2025-03-24T08:32:33.733+0000] {dag.py:3239} INFO - Sync 1 DAGs
[2025-03-24T08:32:33.761+0000] {logging_mixin.py:190} INFO - [2025-03-24T08:32:33.760+0000] {dag.py:4180} INFO - Setting next_dagrun for example_bash_operator to 2025-03-23 00:00:00+00:00, run_after=2025-03-24 00:00:00+00:00
[2025-03-24T08:32:33.783+0000] {processor.py:208} INFO - Processing /home/airflow/.local/lib/python3.12/site-packages/airflow/example_dags/example_bash_operator.py took 0.106 seconds
[2025-03-24T08:33:05.374+0000] {processor.py:186} INFO - Started process (PID=2933) to work on /home/airflow/.local/lib/python3.12/site-packages/airflow/example_dags/example_bash_operator.py
[2025-03-24T08:33:05.376+0000] {processor.py:914} INFO - Processing file /home/airflow/.local/lib/python3.12/site-packages/airflow/example_dags/example_bash_operator.py for tasks to queue
[2025-03-24T08:33:05.379+0000] {logging_mixin.py:190} INFO - [2025-03-24T08:33:05.378+0000] {dagbag.py:588} INFO - Filling up the DagBag from /home/airflow/.local/lib/python3.12/site-packages/airflow/example_dags/example_bash_operator.py
[2025-03-24T08:33:05.396+0000] {processor.py:925} INFO - DAG(s) 'example_bash_operator' retrieved from /home/airflow/.local/lib/python3.12/site-packages/airflow/example_dags/example_bash_operator.py
[2025-03-24T08:33:05.437+0000] {logging_mixin.py:190} INFO - [2025-03-24T08:33:05.437+0000] {dag.py:3239} INFO - Sync 1 DAGs
[2025-03-24T08:33:05.470+0000] {logging_mixin.py:190} INFO - [2025-03-24T08:33:05.469+0000] {dag.py:4180} INFO - Setting next_dagrun for example_bash_operator to 2025-03-23 00:00:00+00:00, run_after=2025-03-24 00:00:00+00:00
[2025-03-24T08:33:05.490+0000] {processor.py:208} INFO - Processing /home/airflow/.local/lib/python3.12/site-packages/airflow/example_dags/example_bash_operator.py took 0.124 seconds
