[2025-03-24T08:10:12.436+0000] {processor.py:186} INFO - Started process (PID=100) to work on /home/airflow/.local/lib/python3.12/site-packages/airflow/example_dags/example_dataset_alias.py
[2025-03-24T08:10:12.438+0000] {processor.py:914} INFO - Processing file /home/airflow/.local/lib/python3.12/site-packages/airflow/example_dags/example_dataset_alias.py for tasks to queue
[2025-03-24T08:10:12.440+0000] {logging_mixin.py:190} INFO - [2025-03-24T08:10:12.440+0000] {dagbag.py:588} INFO - Filling up the DagBag from /home/airflow/.local/lib/python3.12/site-packages/airflow/example_dags/example_dataset_alias.py
[2025-03-24T08:10:13.092+0000] {processor.py:925} INFO - DAG(s) 'dataset_alias_example_alias_consumer', 'dataset_s3_bucket_producer', 'dataset_alias_example_alias_producer', 'dataset_s3_bucket_consumer' retrieved from /home/airflow/.local/lib/python3.12/site-packages/airflow/example_dags/example_dataset_alias.py
[2025-03-24T08:10:13.206+0000] {logging_mixin.py:190} INFO - [2025-03-24T08:10:13.205+0000] {override.py:1912} INFO - Created Permission View: can read on DAG:dataset_alias_example_alias_consumer
[2025-03-24T08:10:13.219+0000] {logging_mixin.py:190} INFO - [2025-03-24T08:10:13.218+0000] {override.py:1912} INFO - Created Permission View: can delete on DAG:dataset_alias_example_alias_consumer
[2025-03-24T08:10:13.229+0000] {logging_mixin.py:190} INFO - [2025-03-24T08:10:13.229+0000] {override.py:1912} INFO - Created Permission View: can edit on DAG:dataset_alias_example_alias_consumer
[2025-03-24T08:10:13.238+0000] {logging_mixin.py:190} INFO - [2025-03-24T08:10:13.238+0000] {override.py:1912} INFO - Created Permission View: can create on DAG Run:dataset_alias_example_alias_consumer
[2025-03-24T08:10:13.247+0000] {logging_mixin.py:190} INFO - [2025-03-24T08:10:13.246+0000] {override.py:1912} INFO - Created Permission View: menu access on DAG Run:dataset_alias_example_alias_consumer
[2025-03-24T08:10:13.255+0000] {logging_mixin.py:190} INFO - [2025-03-24T08:10:13.255+0000] {override.py:1912} INFO - Created Permission View: can read on DAG Run:dataset_alias_example_alias_consumer
[2025-03-24T08:10:13.264+0000] {logging_mixin.py:190} INFO - [2025-03-24T08:10:13.264+0000] {override.py:1912} INFO - Created Permission View: can delete on DAG Run:dataset_alias_example_alias_consumer
[2025-03-24T08:10:13.281+0000] {logging_mixin.py:190} INFO - [2025-03-24T08:10:13.280+0000] {override.py:1912} INFO - Created Permission View: can read on DAG:dataset_s3_bucket_producer
[2025-03-24T08:10:13.290+0000] {logging_mixin.py:190} INFO - [2025-03-24T08:10:13.289+0000] {override.py:1912} INFO - Created Permission View: can delete on DAG:dataset_s3_bucket_producer
[2025-03-24T08:10:13.300+0000] {logging_mixin.py:190} INFO - [2025-03-24T08:10:13.299+0000] {override.py:1912} INFO - Created Permission View: can edit on DAG:dataset_s3_bucket_producer
[2025-03-24T08:10:13.310+0000] {logging_mixin.py:190} INFO - [2025-03-24T08:10:13.309+0000] {override.py:1912} INFO - Created Permission View: can create on DAG Run:dataset_s3_bucket_producer
[2025-03-24T08:10:13.319+0000] {logging_mixin.py:190} INFO - [2025-03-24T08:10:13.318+0000] {override.py:1912} INFO - Created Permission View: menu access on DAG Run:dataset_s3_bucket_producer
[2025-03-24T08:10:13.327+0000] {logging_mixin.py:190} INFO - [2025-03-24T08:10:13.327+0000] {override.py:1912} INFO - Created Permission View: can read on DAG Run:dataset_s3_bucket_producer
[2025-03-24T08:10:13.336+0000] {logging_mixin.py:190} INFO - [2025-03-24T08:10:13.335+0000] {override.py:1912} INFO - Created Permission View: can delete on DAG Run:dataset_s3_bucket_producer
[2025-03-24T08:10:13.353+0000] {logging_mixin.py:190} INFO - [2025-03-24T08:10:13.352+0000] {override.py:1912} INFO - Created Permission View: can read on DAG:dataset_alias_example_alias_producer
[2025-03-24T08:10:13.361+0000] {logging_mixin.py:190} INFO - [2025-03-24T08:10:13.361+0000] {override.py:1912} INFO - Created Permission View: can delete on DAG:dataset_alias_example_alias_producer
[2025-03-24T08:10:13.370+0000] {logging_mixin.py:190} INFO - [2025-03-24T08:10:13.370+0000] {override.py:1912} INFO - Created Permission View: can edit on DAG:dataset_alias_example_alias_producer
[2025-03-24T08:10:13.382+0000] {logging_mixin.py:190} INFO - [2025-03-24T08:10:13.381+0000] {override.py:1912} INFO - Created Permission View: can create on DAG Run:dataset_alias_example_alias_producer
[2025-03-24T08:10:13.390+0000] {logging_mixin.py:190} INFO - [2025-03-24T08:10:13.390+0000] {override.py:1912} INFO - Created Permission View: menu access on DAG Run:dataset_alias_example_alias_producer
[2025-03-24T08:10:13.399+0000] {logging_mixin.py:190} INFO - [2025-03-24T08:10:13.398+0000] {override.py:1912} INFO - Created Permission View: can read on DAG Run:dataset_alias_example_alias_producer
[2025-03-24T08:10:13.407+0000] {logging_mixin.py:190} INFO - [2025-03-24T08:10:13.406+0000] {override.py:1912} INFO - Created Permission View: can delete on DAG Run:dataset_alias_example_alias_producer
[2025-03-24T08:10:13.422+0000] {logging_mixin.py:190} INFO - [2025-03-24T08:10:13.421+0000] {override.py:1912} INFO - Created Permission View: can read on DAG:dataset_s3_bucket_consumer
[2025-03-24T08:10:13.430+0000] {logging_mixin.py:190} INFO - [2025-03-24T08:10:13.430+0000] {override.py:1912} INFO - Created Permission View: can delete on DAG:dataset_s3_bucket_consumer
[2025-03-24T08:10:13.438+0000] {logging_mixin.py:190} INFO - [2025-03-24T08:10:13.438+0000] {override.py:1912} INFO - Created Permission View: can edit on DAG:dataset_s3_bucket_consumer
[2025-03-24T08:10:13.447+0000] {logging_mixin.py:190} INFO - [2025-03-24T08:10:13.447+0000] {override.py:1912} INFO - Created Permission View: can create on DAG Run:dataset_s3_bucket_consumer
[2025-03-24T08:10:13.456+0000] {logging_mixin.py:190} INFO - [2025-03-24T08:10:13.456+0000] {override.py:1912} INFO - Created Permission View: menu access on DAG Run:dataset_s3_bucket_consumer
[2025-03-24T08:10:13.464+0000] {logging_mixin.py:190} INFO - [2025-03-24T08:10:13.464+0000] {override.py:1912} INFO - Created Permission View: can read on DAG Run:dataset_s3_bucket_consumer
[2025-03-24T08:10:13.473+0000] {logging_mixin.py:190} INFO - [2025-03-24T08:10:13.472+0000] {override.py:1912} INFO - Created Permission View: can delete on DAG Run:dataset_s3_bucket_consumer
[2025-03-24T08:10:13.474+0000] {logging_mixin.py:190} INFO - [2025-03-24T08:10:13.473+0000] {dag.py:3239} INFO - Sync 4 DAGs
[2025-03-24T08:10:13.490+0000] {logging_mixin.py:190} INFO - [2025-03-24T08:10:13.489+0000] {dag.py:3262} INFO - Creating ORM DAG for dataset_alias_example_alias_producer
[2025-03-24T08:10:13.491+0000] {logging_mixin.py:190} INFO - [2025-03-24T08:10:13.491+0000] {dag.py:3262} INFO - Creating ORM DAG for dataset_s3_bucket_producer
[2025-03-24T08:10:13.492+0000] {logging_mixin.py:190} INFO - [2025-03-24T08:10:13.492+0000] {dag.py:3262} INFO - Creating ORM DAG for dataset_alias_example_alias_consumer
[2025-03-24T08:10:13.493+0000] {logging_mixin.py:190} INFO - [2025-03-24T08:10:13.493+0000] {dag.py:3262} INFO - Creating ORM DAG for dataset_s3_bucket_consumer
[2025-03-24T08:10:13.505+0000] {logging_mixin.py:190} INFO - [2025-03-24T08:10:13.504+0000] {dag.py:4180} INFO - Setting next_dagrun for dataset_alias_example_alias_consumer to None, run_after=None
[2025-03-24T08:10:13.506+0000] {logging_mixin.py:190} INFO - [2025-03-24T08:10:13.506+0000] {dag.py:4180} INFO - Setting next_dagrun for dataset_alias_example_alias_producer to None, run_after=None
[2025-03-24T08:10:13.507+0000] {logging_mixin.py:190} INFO - [2025-03-24T08:10:13.507+0000] {dag.py:4180} INFO - Setting next_dagrun for dataset_s3_bucket_consumer to None, run_after=None
[2025-03-24T08:10:13.508+0000] {logging_mixin.py:190} INFO - [2025-03-24T08:10:13.508+0000] {dag.py:4180} INFO - Setting next_dagrun for dataset_s3_bucket_producer to None, run_after=None
[2025-03-24T08:10:13.541+0000] {processor.py:208} INFO - Processing /home/airflow/.local/lib/python3.12/site-packages/airflow/example_dags/example_dataset_alias.py took 1.111 seconds
[2025-03-24T08:10:43.614+0000] {processor.py:186} INFO - Started process (PID=165) to work on /home/airflow/.local/lib/python3.12/site-packages/airflow/example_dags/example_dataset_alias.py
[2025-03-24T08:10:43.615+0000] {processor.py:914} INFO - Processing file /home/airflow/.local/lib/python3.12/site-packages/airflow/example_dags/example_dataset_alias.py for tasks to queue
[2025-03-24T08:10:43.618+0000] {logging_mixin.py:190} INFO - [2025-03-24T08:10:43.618+0000] {dagbag.py:588} INFO - Filling up the DagBag from /home/airflow/.local/lib/python3.12/site-packages/airflow/example_dags/example_dataset_alias.py
[2025-03-24T08:10:44.296+0000] {processor.py:925} INFO - DAG(s) 'dataset_alias_example_alias_consumer', 'dataset_s3_bucket_consumer', 'dataset_alias_example_alias_producer', 'dataset_s3_bucket_producer' retrieved from /home/airflow/.local/lib/python3.12/site-packages/airflow/example_dags/example_dataset_alias.py
[2025-03-24T08:10:44.323+0000] {logging_mixin.py:190} INFO - [2025-03-24T08:10:44.322+0000] {dag.py:3239} INFO - Sync 4 DAGs
[2025-03-24T08:10:44.351+0000] {logging_mixin.py:190} INFO - [2025-03-24T08:10:44.351+0000] {dag.py:4180} INFO - Setting next_dagrun for dataset_alias_example_alias_consumer to None, run_after=None
[2025-03-24T08:10:44.355+0000] {logging_mixin.py:190} INFO - [2025-03-24T08:10:44.355+0000] {dag.py:4180} INFO - Setting next_dagrun for dataset_alias_example_alias_producer to None, run_after=None
[2025-03-24T08:10:44.357+0000] {logging_mixin.py:190} INFO - [2025-03-24T08:10:44.357+0000] {dag.py:4180} INFO - Setting next_dagrun for dataset_s3_bucket_consumer to None, run_after=None
[2025-03-24T08:10:44.360+0000] {logging_mixin.py:190} INFO - [2025-03-24T08:10:44.360+0000] {dag.py:4180} INFO - Setting next_dagrun for dataset_s3_bucket_producer to None, run_after=None
[2025-03-24T08:10:44.392+0000] {processor.py:208} INFO - Processing /home/airflow/.local/lib/python3.12/site-packages/airflow/example_dags/example_dataset_alias.py took 0.784 seconds
[2025-03-24T08:11:14.835+0000] {processor.py:186} INFO - Started process (PID=229) to work on /home/airflow/.local/lib/python3.12/site-packages/airflow/example_dags/example_dataset_alias.py
[2025-03-24T08:11:14.837+0000] {processor.py:914} INFO - Processing file /home/airflow/.local/lib/python3.12/site-packages/airflow/example_dags/example_dataset_alias.py for tasks to queue
[2025-03-24T08:11:14.839+0000] {logging_mixin.py:190} INFO - [2025-03-24T08:11:14.839+0000] {dagbag.py:588} INFO - Filling up the DagBag from /home/airflow/.local/lib/python3.12/site-packages/airflow/example_dags/example_dataset_alias.py
[2025-03-24T08:11:15.482+0000] {processor.py:925} INFO - DAG(s) 'dataset_s3_bucket_consumer', 'dataset_s3_bucket_producer', 'dataset_alias_example_alias_producer', 'dataset_alias_example_alias_consumer' retrieved from /home/airflow/.local/lib/python3.12/site-packages/airflow/example_dags/example_dataset_alias.py
[2025-03-24T08:11:15.507+0000] {logging_mixin.py:190} INFO - [2025-03-24T08:11:15.506+0000] {dag.py:3239} INFO - Sync 4 DAGs
[2025-03-24T08:11:15.533+0000] {logging_mixin.py:190} INFO - [2025-03-24T08:11:15.533+0000] {dag.py:4180} INFO - Setting next_dagrun for dataset_alias_example_alias_consumer to None, run_after=None
[2025-03-24T08:11:15.537+0000] {logging_mixin.py:190} INFO - [2025-03-24T08:11:15.537+0000] {dag.py:4180} INFO - Setting next_dagrun for dataset_alias_example_alias_producer to None, run_after=None
[2025-03-24T08:11:15.541+0000] {logging_mixin.py:190} INFO - [2025-03-24T08:11:15.541+0000] {dag.py:4180} INFO - Setting next_dagrun for dataset_s3_bucket_consumer to None, run_after=None
[2025-03-24T08:11:15.544+0000] {logging_mixin.py:190} INFO - [2025-03-24T08:11:15.543+0000] {dag.py:4180} INFO - Setting next_dagrun for dataset_s3_bucket_producer to None, run_after=None
[2025-03-24T08:11:15.571+0000] {processor.py:208} INFO - Processing /home/airflow/.local/lib/python3.12/site-packages/airflow/example_dags/example_dataset_alias.py took 0.742 seconds
[2025-03-24T08:11:46.231+0000] {processor.py:186} INFO - Started process (PID=293) to work on /home/airflow/.local/lib/python3.12/site-packages/airflow/example_dags/example_dataset_alias.py
[2025-03-24T08:11:46.232+0000] {processor.py:914} INFO - Processing file /home/airflow/.local/lib/python3.12/site-packages/airflow/example_dags/example_dataset_alias.py for tasks to queue
[2025-03-24T08:11:46.235+0000] {logging_mixin.py:190} INFO - [2025-03-24T08:11:46.235+0000] {dagbag.py:588} INFO - Filling up the DagBag from /home/airflow/.local/lib/python3.12/site-packages/airflow/example_dags/example_dataset_alias.py
[2025-03-24T08:11:46.938+0000] {processor.py:925} INFO - DAG(s) 'dataset_alias_example_alias_producer', 'dataset_alias_example_alias_consumer', 'dataset_s3_bucket_consumer', 'dataset_s3_bucket_producer' retrieved from /home/airflow/.local/lib/python3.12/site-packages/airflow/example_dags/example_dataset_alias.py
[2025-03-24T08:11:46.965+0000] {logging_mixin.py:190} INFO - [2025-03-24T08:11:46.965+0000] {dag.py:3239} INFO - Sync 4 DAGs
[2025-03-24T08:11:46.994+0000] {logging_mixin.py:190} INFO - [2025-03-24T08:11:46.994+0000] {dag.py:4180} INFO - Setting next_dagrun for dataset_alias_example_alias_consumer to None, run_after=None
[2025-03-24T08:11:46.998+0000] {logging_mixin.py:190} INFO - [2025-03-24T08:11:46.998+0000] {dag.py:4180} INFO - Setting next_dagrun for dataset_alias_example_alias_producer to None, run_after=None
[2025-03-24T08:11:47.001+0000] {logging_mixin.py:190} INFO - [2025-03-24T08:11:47.000+0000] {dag.py:4180} INFO - Setting next_dagrun for dataset_s3_bucket_consumer to None, run_after=None
[2025-03-24T08:11:47.003+0000] {logging_mixin.py:190} INFO - [2025-03-24T08:11:47.003+0000] {dag.py:4180} INFO - Setting next_dagrun for dataset_s3_bucket_producer to None, run_after=None
[2025-03-24T08:11:47.036+0000] {processor.py:208} INFO - Processing /home/airflow/.local/lib/python3.12/site-packages/airflow/example_dags/example_dataset_alias.py took 0.812 seconds
[2025-03-24T08:12:17.326+0000] {processor.py:186} INFO - Started process (PID=357) to work on /home/airflow/.local/lib/python3.12/site-packages/airflow/example_dags/example_dataset_alias.py
[2025-03-24T08:12:17.327+0000] {processor.py:914} INFO - Processing file /home/airflow/.local/lib/python3.12/site-packages/airflow/example_dags/example_dataset_alias.py for tasks to queue
[2025-03-24T08:12:17.330+0000] {logging_mixin.py:190} INFO - [2025-03-24T08:12:17.330+0000] {dagbag.py:588} INFO - Filling up the DagBag from /home/airflow/.local/lib/python3.12/site-packages/airflow/example_dags/example_dataset_alias.py
[2025-03-24T08:12:17.958+0000] {processor.py:925} INFO - DAG(s) 'dataset_alias_example_alias_consumer', 'dataset_s3_bucket_producer', 'dataset_s3_bucket_consumer', 'dataset_alias_example_alias_producer' retrieved from /home/airflow/.local/lib/python3.12/site-packages/airflow/example_dags/example_dataset_alias.py
[2025-03-24T08:12:17.983+0000] {logging_mixin.py:190} INFO - [2025-03-24T08:12:17.982+0000] {dag.py:3239} INFO - Sync 4 DAGs
[2025-03-24T08:12:18.007+0000] {logging_mixin.py:190} INFO - [2025-03-24T08:12:18.007+0000] {dag.py:4180} INFO - Setting next_dagrun for dataset_alias_example_alias_consumer to None, run_after=None
[2025-03-24T08:12:18.010+0000] {logging_mixin.py:190} INFO - [2025-03-24T08:12:18.010+0000] {dag.py:4180} INFO - Setting next_dagrun for dataset_alias_example_alias_producer to None, run_after=None
[2025-03-24T08:12:18.012+0000] {logging_mixin.py:190} INFO - [2025-03-24T08:12:18.012+0000] {dag.py:4180} INFO - Setting next_dagrun for dataset_s3_bucket_consumer to None, run_after=None
[2025-03-24T08:12:18.013+0000] {logging_mixin.py:190} INFO - [2025-03-24T08:12:18.013+0000] {dag.py:4180} INFO - Setting next_dagrun for dataset_s3_bucket_producer to None, run_after=None
[2025-03-24T08:12:18.039+0000] {processor.py:208} INFO - Processing /home/airflow/.local/lib/python3.12/site-packages/airflow/example_dags/example_dataset_alias.py took 0.719 seconds
[2025-03-24T08:12:48.630+0000] {processor.py:186} INFO - Started process (PID=421) to work on /home/airflow/.local/lib/python3.12/site-packages/airflow/example_dags/example_dataset_alias.py
[2025-03-24T08:12:48.631+0000] {processor.py:914} INFO - Processing file /home/airflow/.local/lib/python3.12/site-packages/airflow/example_dags/example_dataset_alias.py for tasks to queue
[2025-03-24T08:12:48.634+0000] {logging_mixin.py:190} INFO - [2025-03-24T08:12:48.634+0000] {dagbag.py:588} INFO - Filling up the DagBag from /home/airflow/.local/lib/python3.12/site-packages/airflow/example_dags/example_dataset_alias.py
[2025-03-24T08:12:49.260+0000] {processor.py:925} INFO - DAG(s) 'dataset_alias_example_alias_producer', 'dataset_s3_bucket_producer', 'dataset_s3_bucket_consumer', 'dataset_alias_example_alias_consumer' retrieved from /home/airflow/.local/lib/python3.12/site-packages/airflow/example_dags/example_dataset_alias.py
[2025-03-24T08:12:49.285+0000] {logging_mixin.py:190} INFO - [2025-03-24T08:12:49.284+0000] {dag.py:3239} INFO - Sync 4 DAGs
[2025-03-24T08:12:49.309+0000] {logging_mixin.py:190} INFO - [2025-03-24T08:12:49.309+0000] {dag.py:4180} INFO - Setting next_dagrun for dataset_alias_example_alias_consumer to None, run_after=None
[2025-03-24T08:12:49.312+0000] {logging_mixin.py:190} INFO - [2025-03-24T08:12:49.312+0000] {dag.py:4180} INFO - Setting next_dagrun for dataset_alias_example_alias_producer to None, run_after=None
[2025-03-24T08:12:49.314+0000] {logging_mixin.py:190} INFO - [2025-03-24T08:12:49.314+0000] {dag.py:4180} INFO - Setting next_dagrun for dataset_s3_bucket_consumer to None, run_after=None
[2025-03-24T08:12:49.316+0000] {logging_mixin.py:190} INFO - [2025-03-24T08:12:49.315+0000] {dag.py:4180} INFO - Setting next_dagrun for dataset_s3_bucket_producer to None, run_after=None
[2025-03-24T08:12:49.340+0000] {processor.py:208} INFO - Processing /home/airflow/.local/lib/python3.12/site-packages/airflow/example_dags/example_dataset_alias.py took 0.716 seconds
[2025-03-24T08:13:19.707+0000] {processor.py:186} INFO - Started process (PID=485) to work on /home/airflow/.local/lib/python3.12/site-packages/airflow/example_dags/example_dataset_alias.py
[2025-03-24T08:13:19.708+0000] {processor.py:914} INFO - Processing file /home/airflow/.local/lib/python3.12/site-packages/airflow/example_dags/example_dataset_alias.py for tasks to queue
[2025-03-24T08:13:19.711+0000] {logging_mixin.py:190} INFO - [2025-03-24T08:13:19.711+0000] {dagbag.py:588} INFO - Filling up the DagBag from /home/airflow/.local/lib/python3.12/site-packages/airflow/example_dags/example_dataset_alias.py
[2025-03-24T08:13:20.340+0000] {processor.py:925} INFO - DAG(s) 'dataset_alias_example_alias_producer', 'dataset_alias_example_alias_consumer', 'dataset_s3_bucket_consumer', 'dataset_s3_bucket_producer' retrieved from /home/airflow/.local/lib/python3.12/site-packages/airflow/example_dags/example_dataset_alias.py
[2025-03-24T08:13:20.364+0000] {logging_mixin.py:190} INFO - [2025-03-24T08:13:20.363+0000] {dag.py:3239} INFO - Sync 4 DAGs
[2025-03-24T08:13:20.390+0000] {logging_mixin.py:190} INFO - [2025-03-24T08:13:20.390+0000] {dag.py:4180} INFO - Setting next_dagrun for dataset_alias_example_alias_consumer to None, run_after=None
[2025-03-24T08:13:20.393+0000] {logging_mixin.py:190} INFO - [2025-03-24T08:13:20.393+0000] {dag.py:4180} INFO - Setting next_dagrun for dataset_alias_example_alias_producer to None, run_after=None
[2025-03-24T08:13:20.395+0000] {logging_mixin.py:190} INFO - [2025-03-24T08:13:20.395+0000] {dag.py:4180} INFO - Setting next_dagrun for dataset_s3_bucket_consumer to None, run_after=None
[2025-03-24T08:13:20.397+0000] {logging_mixin.py:190} INFO - [2025-03-24T08:13:20.397+0000] {dag.py:4180} INFO - Setting next_dagrun for dataset_s3_bucket_producer to None, run_after=None
[2025-03-24T08:13:20.422+0000] {processor.py:208} INFO - Processing /home/airflow/.local/lib/python3.12/site-packages/airflow/example_dags/example_dataset_alias.py took 0.721 seconds
[2025-03-24T08:13:50.684+0000] {processor.py:186} INFO - Started process (PID=549) to work on /home/airflow/.local/lib/python3.12/site-packages/airflow/example_dags/example_dataset_alias.py
[2025-03-24T08:13:50.685+0000] {processor.py:914} INFO - Processing file /home/airflow/.local/lib/python3.12/site-packages/airflow/example_dags/example_dataset_alias.py for tasks to queue
[2025-03-24T08:13:50.688+0000] {logging_mixin.py:190} INFO - [2025-03-24T08:13:50.688+0000] {dagbag.py:588} INFO - Filling up the DagBag from /home/airflow/.local/lib/python3.12/site-packages/airflow/example_dags/example_dataset_alias.py
[2025-03-24T08:13:51.330+0000] {processor.py:925} INFO - DAG(s) 'dataset_s3_bucket_producer', 'dataset_alias_example_alias_consumer', 'dataset_s3_bucket_consumer', 'dataset_alias_example_alias_producer' retrieved from /home/airflow/.local/lib/python3.12/site-packages/airflow/example_dags/example_dataset_alias.py
[2025-03-24T08:13:51.359+0000] {logging_mixin.py:190} INFO - [2025-03-24T08:13:51.358+0000] {dag.py:3239} INFO - Sync 4 DAGs
[2025-03-24T08:13:51.388+0000] {logging_mixin.py:190} INFO - [2025-03-24T08:13:51.388+0000] {dag.py:4180} INFO - Setting next_dagrun for dataset_alias_example_alias_consumer to None, run_after=None
[2025-03-24T08:13:51.392+0000] {logging_mixin.py:190} INFO - [2025-03-24T08:13:51.391+0000] {dag.py:4180} INFO - Setting next_dagrun for dataset_alias_example_alias_producer to None, run_after=None
[2025-03-24T08:13:51.394+0000] {logging_mixin.py:190} INFO - [2025-03-24T08:13:51.394+0000] {dag.py:4180} INFO - Setting next_dagrun for dataset_s3_bucket_consumer to None, run_after=None
[2025-03-24T08:13:51.396+0000] {logging_mixin.py:190} INFO - [2025-03-24T08:13:51.396+0000] {dag.py:4180} INFO - Setting next_dagrun for dataset_s3_bucket_producer to None, run_after=None
[2025-03-24T08:13:51.424+0000] {processor.py:208} INFO - Processing /home/airflow/.local/lib/python3.12/site-packages/airflow/example_dags/example_dataset_alias.py took 0.746 seconds
[2025-03-24T08:14:21.828+0000] {processor.py:186} INFO - Started process (PID=613) to work on /home/airflow/.local/lib/python3.12/site-packages/airflow/example_dags/example_dataset_alias.py
[2025-03-24T08:14:21.829+0000] {processor.py:914} INFO - Processing file /home/airflow/.local/lib/python3.12/site-packages/airflow/example_dags/example_dataset_alias.py for tasks to queue
[2025-03-24T08:14:21.832+0000] {logging_mixin.py:190} INFO - [2025-03-24T08:14:21.831+0000] {dagbag.py:588} INFO - Filling up the DagBag from /home/airflow/.local/lib/python3.12/site-packages/airflow/example_dags/example_dataset_alias.py
[2025-03-24T08:14:22.465+0000] {processor.py:925} INFO - DAG(s) 'dataset_alias_example_alias_consumer', 'dataset_alias_example_alias_producer', 'dataset_s3_bucket_consumer', 'dataset_s3_bucket_producer' retrieved from /home/airflow/.local/lib/python3.12/site-packages/airflow/example_dags/example_dataset_alias.py
[2025-03-24T08:14:22.490+0000] {logging_mixin.py:190} INFO - [2025-03-24T08:14:22.489+0000] {dag.py:3239} INFO - Sync 4 DAGs
[2025-03-24T08:14:22.515+0000] {logging_mixin.py:190} INFO - [2025-03-24T08:14:22.514+0000] {dag.py:4180} INFO - Setting next_dagrun for dataset_alias_example_alias_consumer to None, run_after=None
[2025-03-24T08:14:22.518+0000] {logging_mixin.py:190} INFO - [2025-03-24T08:14:22.518+0000] {dag.py:4180} INFO - Setting next_dagrun for dataset_alias_example_alias_producer to None, run_after=None
[2025-03-24T08:14:22.521+0000] {logging_mixin.py:190} INFO - [2025-03-24T08:14:22.520+0000] {dag.py:4180} INFO - Setting next_dagrun for dataset_s3_bucket_consumer to None, run_after=None
[2025-03-24T08:14:22.522+0000] {logging_mixin.py:190} INFO - [2025-03-24T08:14:22.522+0000] {dag.py:4180} INFO - Setting next_dagrun for dataset_s3_bucket_producer to None, run_after=None
[2025-03-24T08:14:22.549+0000] {processor.py:208} INFO - Processing /home/airflow/.local/lib/python3.12/site-packages/airflow/example_dags/example_dataset_alias.py took 0.728 seconds
[2025-03-24T08:14:52.856+0000] {processor.py:186} INFO - Started process (PID=677) to work on /home/airflow/.local/lib/python3.12/site-packages/airflow/example_dags/example_dataset_alias.py
[2025-03-24T08:14:52.857+0000] {processor.py:914} INFO - Processing file /home/airflow/.local/lib/python3.12/site-packages/airflow/example_dags/example_dataset_alias.py for tasks to queue
[2025-03-24T08:14:52.860+0000] {logging_mixin.py:190} INFO - [2025-03-24T08:14:52.860+0000] {dagbag.py:588} INFO - Filling up the DagBag from /home/airflow/.local/lib/python3.12/site-packages/airflow/example_dags/example_dataset_alias.py
[2025-03-24T08:14:53.483+0000] {processor.py:925} INFO - DAG(s) 'dataset_s3_bucket_producer', 'dataset_alias_example_alias_producer', 'dataset_s3_bucket_consumer', 'dataset_alias_example_alias_consumer' retrieved from /home/airflow/.local/lib/python3.12/site-packages/airflow/example_dags/example_dataset_alias.py
[2025-03-24T08:14:53.507+0000] {logging_mixin.py:190} INFO - [2025-03-24T08:14:53.507+0000] {dag.py:3239} INFO - Sync 4 DAGs
[2025-03-24T08:14:53.532+0000] {logging_mixin.py:190} INFO - [2025-03-24T08:14:53.532+0000] {dag.py:4180} INFO - Setting next_dagrun for dataset_alias_example_alias_consumer to None, run_after=None
[2025-03-24T08:14:53.536+0000] {logging_mixin.py:190} INFO - [2025-03-24T08:14:53.535+0000] {dag.py:4180} INFO - Setting next_dagrun for dataset_alias_example_alias_producer to None, run_after=None
[2025-03-24T08:14:53.538+0000] {logging_mixin.py:190} INFO - [2025-03-24T08:14:53.537+0000] {dag.py:4180} INFO - Setting next_dagrun for dataset_s3_bucket_consumer to None, run_after=None
[2025-03-24T08:14:53.539+0000] {logging_mixin.py:190} INFO - [2025-03-24T08:14:53.539+0000] {dag.py:4180} INFO - Setting next_dagrun for dataset_s3_bucket_producer to None, run_after=None
[2025-03-24T08:14:53.566+0000] {processor.py:208} INFO - Processing /home/airflow/.local/lib/python3.12/site-packages/airflow/example_dags/example_dataset_alias.py took 0.716 seconds
[2025-03-24T08:15:24.087+0000] {processor.py:186} INFO - Started process (PID=741) to work on /home/airflow/.local/lib/python3.12/site-packages/airflow/example_dags/example_dataset_alias.py
[2025-03-24T08:15:24.088+0000] {processor.py:914} INFO - Processing file /home/airflow/.local/lib/python3.12/site-packages/airflow/example_dags/example_dataset_alias.py for tasks to queue
[2025-03-24T08:15:24.091+0000] {logging_mixin.py:190} INFO - [2025-03-24T08:15:24.090+0000] {dagbag.py:588} INFO - Filling up the DagBag from /home/airflow/.local/lib/python3.12/site-packages/airflow/example_dags/example_dataset_alias.py
[2025-03-24T08:15:24.714+0000] {processor.py:925} INFO - DAG(s) 'dataset_alias_example_alias_consumer', 'dataset_alias_example_alias_producer', 'dataset_s3_bucket_producer', 'dataset_s3_bucket_consumer' retrieved from /home/airflow/.local/lib/python3.12/site-packages/airflow/example_dags/example_dataset_alias.py
[2025-03-24T08:15:24.740+0000] {logging_mixin.py:190} INFO - [2025-03-24T08:15:24.740+0000] {dag.py:3239} INFO - Sync 4 DAGs
[2025-03-24T08:15:24.766+0000] {logging_mixin.py:190} INFO - [2025-03-24T08:15:24.766+0000] {dag.py:4180} INFO - Setting next_dagrun for dataset_alias_example_alias_consumer to None, run_after=None
[2025-03-24T08:15:24.769+0000] {logging_mixin.py:190} INFO - [2025-03-24T08:15:24.769+0000] {dag.py:4180} INFO - Setting next_dagrun for dataset_alias_example_alias_producer to None, run_after=None
[2025-03-24T08:15:24.771+0000] {logging_mixin.py:190} INFO - [2025-03-24T08:15:24.771+0000] {dag.py:4180} INFO - Setting next_dagrun for dataset_s3_bucket_consumer to None, run_after=None
[2025-03-24T08:15:24.773+0000] {logging_mixin.py:190} INFO - [2025-03-24T08:15:24.773+0000] {dag.py:4180} INFO - Setting next_dagrun for dataset_s3_bucket_producer to None, run_after=None
[2025-03-24T08:15:24.798+0000] {processor.py:208} INFO - Processing /home/airflow/.local/lib/python3.12/site-packages/airflow/example_dags/example_dataset_alias.py took 0.717 seconds
[2025-03-24T08:15:54.874+0000] {processor.py:186} INFO - Started process (PID=805) to work on /home/airflow/.local/lib/python3.12/site-packages/airflow/example_dags/example_dataset_alias.py
[2025-03-24T08:15:54.875+0000] {processor.py:914} INFO - Processing file /home/airflow/.local/lib/python3.12/site-packages/airflow/example_dags/example_dataset_alias.py for tasks to queue
[2025-03-24T08:15:54.878+0000] {logging_mixin.py:190} INFO - [2025-03-24T08:15:54.877+0000] {dagbag.py:588} INFO - Filling up the DagBag from /home/airflow/.local/lib/python3.12/site-packages/airflow/example_dags/example_dataset_alias.py
[2025-03-24T08:15:55.524+0000] {processor.py:925} INFO - DAG(s) 'dataset_s3_bucket_consumer', 'dataset_s3_bucket_producer', 'dataset_alias_example_alias_producer', 'dataset_alias_example_alias_consumer' retrieved from /home/airflow/.local/lib/python3.12/site-packages/airflow/example_dags/example_dataset_alias.py
[2025-03-24T08:15:55.551+0000] {logging_mixin.py:190} INFO - [2025-03-24T08:15:55.550+0000] {dag.py:3239} INFO - Sync 4 DAGs
[2025-03-24T08:15:55.578+0000] {logging_mixin.py:190} INFO - [2025-03-24T08:15:55.578+0000] {dag.py:4180} INFO - Setting next_dagrun for dataset_alias_example_alias_consumer to None, run_after=None
[2025-03-24T08:15:55.582+0000] {logging_mixin.py:190} INFO - [2025-03-24T08:15:55.581+0000] {dag.py:4180} INFO - Setting next_dagrun for dataset_alias_example_alias_producer to None, run_after=None
[2025-03-24T08:15:55.584+0000] {logging_mixin.py:190} INFO - [2025-03-24T08:15:55.584+0000] {dag.py:4180} INFO - Setting next_dagrun for dataset_s3_bucket_consumer to None, run_after=None
[2025-03-24T08:15:55.586+0000] {logging_mixin.py:190} INFO - [2025-03-24T08:15:55.585+0000] {dag.py:4180} INFO - Setting next_dagrun for dataset_s3_bucket_producer to None, run_after=None
[2025-03-24T08:15:55.613+0000] {processor.py:208} INFO - Processing /home/airflow/.local/lib/python3.12/site-packages/airflow/example_dags/example_dataset_alias.py took 0.747 seconds
[2025-03-24T08:16:26.104+0000] {processor.py:186} INFO - Started process (PID=869) to work on /home/airflow/.local/lib/python3.12/site-packages/airflow/example_dags/example_dataset_alias.py
[2025-03-24T08:16:26.105+0000] {processor.py:914} INFO - Processing file /home/airflow/.local/lib/python3.12/site-packages/airflow/example_dags/example_dataset_alias.py for tasks to queue
[2025-03-24T08:16:26.108+0000] {logging_mixin.py:190} INFO - [2025-03-24T08:16:26.108+0000] {dagbag.py:588} INFO - Filling up the DagBag from /home/airflow/.local/lib/python3.12/site-packages/airflow/example_dags/example_dataset_alias.py
[2025-03-24T08:16:26.739+0000] {processor.py:925} INFO - DAG(s) 'dataset_s3_bucket_consumer', 'dataset_alias_example_alias_consumer', 'dataset_alias_example_alias_producer', 'dataset_s3_bucket_producer' retrieved from /home/airflow/.local/lib/python3.12/site-packages/airflow/example_dags/example_dataset_alias.py
[2025-03-24T08:16:26.763+0000] {logging_mixin.py:190} INFO - [2025-03-24T08:16:26.763+0000] {dag.py:3239} INFO - Sync 4 DAGs
[2025-03-24T08:16:26.793+0000] {logging_mixin.py:190} INFO - [2025-03-24T08:16:26.793+0000] {dag.py:4180} INFO - Setting next_dagrun for dataset_alias_example_alias_consumer to None, run_after=None
[2025-03-24T08:16:26.797+0000] {logging_mixin.py:190} INFO - [2025-03-24T08:16:26.796+0000] {dag.py:4180} INFO - Setting next_dagrun for dataset_alias_example_alias_producer to None, run_after=None
[2025-03-24T08:16:26.799+0000] {logging_mixin.py:190} INFO - [2025-03-24T08:16:26.799+0000] {dag.py:4180} INFO - Setting next_dagrun for dataset_s3_bucket_consumer to None, run_after=None
[2025-03-24T08:16:26.801+0000] {logging_mixin.py:190} INFO - [2025-03-24T08:16:26.800+0000] {dag.py:4180} INFO - Setting next_dagrun for dataset_s3_bucket_producer to None, run_after=None
[2025-03-24T08:16:26.826+0000] {processor.py:208} INFO - Processing /home/airflow/.local/lib/python3.12/site-packages/airflow/example_dags/example_dataset_alias.py took 0.728 seconds
[2025-03-24T08:16:57.404+0000] {processor.py:186} INFO - Started process (PID=933) to work on /home/airflow/.local/lib/python3.12/site-packages/airflow/example_dags/example_dataset_alias.py
[2025-03-24T08:16:57.405+0000] {processor.py:914} INFO - Processing file /home/airflow/.local/lib/python3.12/site-packages/airflow/example_dags/example_dataset_alias.py for tasks to queue
[2025-03-24T08:16:57.408+0000] {logging_mixin.py:190} INFO - [2025-03-24T08:16:57.407+0000] {dagbag.py:588} INFO - Filling up the DagBag from /home/airflow/.local/lib/python3.12/site-packages/airflow/example_dags/example_dataset_alias.py
[2025-03-24T08:16:58.028+0000] {processor.py:925} INFO - DAG(s) 'dataset_s3_bucket_producer', 'dataset_alias_example_alias_consumer', 'dataset_alias_example_alias_producer', 'dataset_s3_bucket_consumer' retrieved from /home/airflow/.local/lib/python3.12/site-packages/airflow/example_dags/example_dataset_alias.py
[2025-03-24T08:16:58.052+0000] {logging_mixin.py:190} INFO - [2025-03-24T08:16:58.051+0000] {dag.py:3239} INFO - Sync 4 DAGs
[2025-03-24T08:16:58.076+0000] {logging_mixin.py:190} INFO - [2025-03-24T08:16:58.075+0000] {dag.py:4180} INFO - Setting next_dagrun for dataset_alias_example_alias_consumer to None, run_after=None
[2025-03-24T08:16:58.079+0000] {logging_mixin.py:190} INFO - [2025-03-24T08:16:58.079+0000] {dag.py:4180} INFO - Setting next_dagrun for dataset_alias_example_alias_producer to None, run_after=None
[2025-03-24T08:16:58.082+0000] {logging_mixin.py:190} INFO - [2025-03-24T08:16:58.082+0000] {dag.py:4180} INFO - Setting next_dagrun for dataset_s3_bucket_consumer to None, run_after=None
[2025-03-24T08:16:58.084+0000] {logging_mixin.py:190} INFO - [2025-03-24T08:16:58.084+0000] {dag.py:4180} INFO - Setting next_dagrun for dataset_s3_bucket_producer to None, run_after=None
[2025-03-24T08:16:58.108+0000] {processor.py:208} INFO - Processing /home/airflow/.local/lib/python3.12/site-packages/airflow/example_dags/example_dataset_alias.py took 0.710 seconds
[2025-03-24T08:17:28.362+0000] {processor.py:186} INFO - Started process (PID=997) to work on /home/airflow/.local/lib/python3.12/site-packages/airflow/example_dags/example_dataset_alias.py
[2025-03-24T08:17:28.363+0000] {processor.py:914} INFO - Processing file /home/airflow/.local/lib/python3.12/site-packages/airflow/example_dags/example_dataset_alias.py for tasks to queue
[2025-03-24T08:17:28.366+0000] {logging_mixin.py:190} INFO - [2025-03-24T08:17:28.366+0000] {dagbag.py:588} INFO - Filling up the DagBag from /home/airflow/.local/lib/python3.12/site-packages/airflow/example_dags/example_dataset_alias.py
[2025-03-24T08:17:28.993+0000] {processor.py:925} INFO - DAG(s) 'dataset_alias_example_alias_producer', 'dataset_s3_bucket_producer', 'dataset_s3_bucket_consumer', 'dataset_alias_example_alias_consumer' retrieved from /home/airflow/.local/lib/python3.12/site-packages/airflow/example_dags/example_dataset_alias.py
[2025-03-24T08:17:29.017+0000] {logging_mixin.py:190} INFO - [2025-03-24T08:17:29.016+0000] {dag.py:3239} INFO - Sync 4 DAGs
[2025-03-24T08:17:29.041+0000] {logging_mixin.py:190} INFO - [2025-03-24T08:17:29.041+0000] {dag.py:4180} INFO - Setting next_dagrun for dataset_alias_example_alias_consumer to None, run_after=None
[2025-03-24T08:17:29.044+0000] {logging_mixin.py:190} INFO - [2025-03-24T08:17:29.044+0000] {dag.py:4180} INFO - Setting next_dagrun for dataset_alias_example_alias_producer to None, run_after=None
[2025-03-24T08:17:29.046+0000] {logging_mixin.py:190} INFO - [2025-03-24T08:17:29.046+0000] {dag.py:4180} INFO - Setting next_dagrun for dataset_s3_bucket_consumer to None, run_after=None
[2025-03-24T08:17:29.048+0000] {logging_mixin.py:190} INFO - [2025-03-24T08:17:29.048+0000] {dag.py:4180} INFO - Setting next_dagrun for dataset_s3_bucket_producer to None, run_after=None
[2025-03-24T08:17:29.073+0000] {processor.py:208} INFO - Processing /home/airflow/.local/lib/python3.12/site-packages/airflow/example_dags/example_dataset_alias.py took 0.717 seconds
[2025-03-24T08:17:59.455+0000] {processor.py:186} INFO - Started process (PID=1061) to work on /home/airflow/.local/lib/python3.12/site-packages/airflow/example_dags/example_dataset_alias.py
[2025-03-24T08:17:59.456+0000] {processor.py:914} INFO - Processing file /home/airflow/.local/lib/python3.12/site-packages/airflow/example_dags/example_dataset_alias.py for tasks to queue
[2025-03-24T08:17:59.459+0000] {logging_mixin.py:190} INFO - [2025-03-24T08:17:59.459+0000] {dagbag.py:588} INFO - Filling up the DagBag from /home/airflow/.local/lib/python3.12/site-packages/airflow/example_dags/example_dataset_alias.py
[2025-03-24T08:18:00.078+0000] {processor.py:925} INFO - DAG(s) 'dataset_s3_bucket_producer', 'dataset_alias_example_alias_producer', 'dataset_alias_example_alias_consumer', 'dataset_s3_bucket_consumer' retrieved from /home/airflow/.local/lib/python3.12/site-packages/airflow/example_dags/example_dataset_alias.py
[2025-03-24T08:18:00.103+0000] {logging_mixin.py:190} INFO - [2025-03-24T08:18:00.102+0000] {dag.py:3239} INFO - Sync 4 DAGs
[2025-03-24T08:18:00.127+0000] {logging_mixin.py:190} INFO - [2025-03-24T08:18:00.126+0000] {dag.py:4180} INFO - Setting next_dagrun for dataset_alias_example_alias_consumer to None, run_after=None
[2025-03-24T08:18:00.130+0000] {logging_mixin.py:190} INFO - [2025-03-24T08:18:00.130+0000] {dag.py:4180} INFO - Setting next_dagrun for dataset_alias_example_alias_producer to None, run_after=None
[2025-03-24T08:18:00.132+0000] {logging_mixin.py:190} INFO - [2025-03-24T08:18:00.131+0000] {dag.py:4180} INFO - Setting next_dagrun for dataset_s3_bucket_consumer to None, run_after=None
[2025-03-24T08:18:00.134+0000] {logging_mixin.py:190} INFO - [2025-03-24T08:18:00.133+0000] {dag.py:4180} INFO - Setting next_dagrun for dataset_s3_bucket_producer to None, run_after=None
[2025-03-24T08:18:00.158+0000] {processor.py:208} INFO - Processing /home/airflow/.local/lib/python3.12/site-packages/airflow/example_dags/example_dataset_alias.py took 0.709 seconds
[2025-03-24T08:18:30.438+0000] {processor.py:186} INFO - Started process (PID=1125) to work on /home/airflow/.local/lib/python3.12/site-packages/airflow/example_dags/example_dataset_alias.py
[2025-03-24T08:18:30.439+0000] {processor.py:914} INFO - Processing file /home/airflow/.local/lib/python3.12/site-packages/airflow/example_dags/example_dataset_alias.py for tasks to queue
[2025-03-24T08:18:30.442+0000] {logging_mixin.py:190} INFO - [2025-03-24T08:18:30.442+0000] {dagbag.py:588} INFO - Filling up the DagBag from /home/airflow/.local/lib/python3.12/site-packages/airflow/example_dags/example_dataset_alias.py
[2025-03-24T08:18:31.064+0000] {processor.py:925} INFO - DAG(s) 'dataset_s3_bucket_consumer', 'dataset_alias_example_alias_consumer', 'dataset_alias_example_alias_producer', 'dataset_s3_bucket_producer' retrieved from /home/airflow/.local/lib/python3.12/site-packages/airflow/example_dags/example_dataset_alias.py
[2025-03-24T08:18:31.088+0000] {logging_mixin.py:190} INFO - [2025-03-24T08:18:31.087+0000] {dag.py:3239} INFO - Sync 4 DAGs
[2025-03-24T08:18:31.113+0000] {logging_mixin.py:190} INFO - [2025-03-24T08:18:31.113+0000] {dag.py:4180} INFO - Setting next_dagrun for dataset_alias_example_alias_consumer to None, run_after=None
[2025-03-24T08:18:31.117+0000] {logging_mixin.py:190} INFO - [2025-03-24T08:18:31.116+0000] {dag.py:4180} INFO - Setting next_dagrun for dataset_alias_example_alias_producer to None, run_after=None
[2025-03-24T08:18:31.119+0000] {logging_mixin.py:190} INFO - [2025-03-24T08:18:31.118+0000] {dag.py:4180} INFO - Setting next_dagrun for dataset_s3_bucket_consumer to None, run_after=None
[2025-03-24T08:18:31.120+0000] {logging_mixin.py:190} INFO - [2025-03-24T08:18:31.120+0000] {dag.py:4180} INFO - Setting next_dagrun for dataset_s3_bucket_producer to None, run_after=None
[2025-03-24T08:18:31.145+0000] {processor.py:208} INFO - Processing /home/airflow/.local/lib/python3.12/site-packages/airflow/example_dags/example_dataset_alias.py took 0.713 seconds
[2025-03-24T08:19:01.946+0000] {processor.py:186} INFO - Started process (PID=1189) to work on /home/airflow/.local/lib/python3.12/site-packages/airflow/example_dags/example_dataset_alias.py
[2025-03-24T08:19:01.947+0000] {processor.py:914} INFO - Processing file /home/airflow/.local/lib/python3.12/site-packages/airflow/example_dags/example_dataset_alias.py for tasks to queue
[2025-03-24T08:19:01.949+0000] {logging_mixin.py:190} INFO - [2025-03-24T08:19:01.949+0000] {dagbag.py:588} INFO - Filling up the DagBag from /home/airflow/.local/lib/python3.12/site-packages/airflow/example_dags/example_dataset_alias.py
[2025-03-24T08:19:02.586+0000] {processor.py:925} INFO - DAG(s) 'dataset_s3_bucket_producer', 'dataset_alias_example_alias_consumer', 'dataset_alias_example_alias_producer', 'dataset_s3_bucket_consumer' retrieved from /home/airflow/.local/lib/python3.12/site-packages/airflow/example_dags/example_dataset_alias.py
[2025-03-24T08:19:02.612+0000] {logging_mixin.py:190} INFO - [2025-03-24T08:19:02.611+0000] {dag.py:3239} INFO - Sync 4 DAGs
[2025-03-24T08:19:02.639+0000] {logging_mixin.py:190} INFO - [2025-03-24T08:19:02.638+0000] {dag.py:4180} INFO - Setting next_dagrun for dataset_alias_example_alias_consumer to None, run_after=None
[2025-03-24T08:19:02.642+0000] {logging_mixin.py:190} INFO - [2025-03-24T08:19:02.642+0000] {dag.py:4180} INFO - Setting next_dagrun for dataset_alias_example_alias_producer to None, run_after=None
[2025-03-24T08:19:02.644+0000] {logging_mixin.py:190} INFO - [2025-03-24T08:19:02.644+0000] {dag.py:4180} INFO - Setting next_dagrun for dataset_s3_bucket_consumer to None, run_after=None
[2025-03-24T08:19:02.646+0000] {logging_mixin.py:190} INFO - [2025-03-24T08:19:02.646+0000] {dag.py:4180} INFO - Setting next_dagrun for dataset_s3_bucket_producer to None, run_after=None
[2025-03-24T08:19:02.673+0000] {processor.py:208} INFO - Processing /home/airflow/.local/lib/python3.12/site-packages/airflow/example_dags/example_dataset_alias.py took 0.733 seconds
[2025-03-24T08:19:33.183+0000] {processor.py:186} INFO - Started process (PID=1253) to work on /home/airflow/.local/lib/python3.12/site-packages/airflow/example_dags/example_dataset_alias.py
[2025-03-24T08:19:33.185+0000] {processor.py:914} INFO - Processing file /home/airflow/.local/lib/python3.12/site-packages/airflow/example_dags/example_dataset_alias.py for tasks to queue
[2025-03-24T08:19:33.188+0000] {logging_mixin.py:190} INFO - [2025-03-24T08:19:33.188+0000] {dagbag.py:588} INFO - Filling up the DagBag from /home/airflow/.local/lib/python3.12/site-packages/airflow/example_dags/example_dataset_alias.py
[2025-03-24T08:19:33.805+0000] {processor.py:925} INFO - DAG(s) 'dataset_alias_example_alias_consumer', 'dataset_alias_example_alias_producer', 'dataset_s3_bucket_consumer', 'dataset_s3_bucket_producer' retrieved from /home/airflow/.local/lib/python3.12/site-packages/airflow/example_dags/example_dataset_alias.py
[2025-03-24T08:19:33.829+0000] {logging_mixin.py:190} INFO - [2025-03-24T08:19:33.828+0000] {dag.py:3239} INFO - Sync 4 DAGs
[2025-03-24T08:19:33.854+0000] {logging_mixin.py:190} INFO - [2025-03-24T08:19:33.853+0000] {dag.py:4180} INFO - Setting next_dagrun for dataset_alias_example_alias_consumer to None, run_after=None
[2025-03-24T08:19:33.857+0000] {logging_mixin.py:190} INFO - [2025-03-24T08:19:33.857+0000] {dag.py:4180} INFO - Setting next_dagrun for dataset_alias_example_alias_producer to None, run_after=None
[2025-03-24T08:19:33.859+0000] {logging_mixin.py:190} INFO - [2025-03-24T08:19:33.859+0000] {dag.py:4180} INFO - Setting next_dagrun for dataset_s3_bucket_consumer to None, run_after=None
[2025-03-24T08:19:33.861+0000] {logging_mixin.py:190} INFO - [2025-03-24T08:19:33.860+0000] {dag.py:4180} INFO - Setting next_dagrun for dataset_s3_bucket_producer to None, run_after=None
[2025-03-24T08:19:33.890+0000] {processor.py:208} INFO - Processing /home/airflow/.local/lib/python3.12/site-packages/airflow/example_dags/example_dataset_alias.py took 0.714 seconds
[2025-03-24T08:20:04.570+0000] {processor.py:186} INFO - Started process (PID=1323) to work on /home/airflow/.local/lib/python3.12/site-packages/airflow/example_dags/example_dataset_alias.py
[2025-03-24T08:20:04.572+0000] {processor.py:914} INFO - Processing file /home/airflow/.local/lib/python3.12/site-packages/airflow/example_dags/example_dataset_alias.py for tasks to queue
[2025-03-24T08:20:04.574+0000] {logging_mixin.py:190} INFO - [2025-03-24T08:20:04.574+0000] {dagbag.py:588} INFO - Filling up the DagBag from /home/airflow/.local/lib/python3.12/site-packages/airflow/example_dags/example_dataset_alias.py
[2025-03-24T08:20:05.417+0000] {processor.py:925} INFO - DAG(s) 'dataset_alias_example_alias_consumer', 'dataset_s3_bucket_consumer', 'dataset_alias_example_alias_producer', 'dataset_s3_bucket_producer' retrieved from /home/airflow/.local/lib/python3.12/site-packages/airflow/example_dags/example_dataset_alias.py
[2025-03-24T08:20:05.448+0000] {logging_mixin.py:190} INFO - [2025-03-24T08:20:05.447+0000] {dag.py:3239} INFO - Sync 4 DAGs
[2025-03-24T08:20:05.477+0000] {logging_mixin.py:190} INFO - [2025-03-24T08:20:05.476+0000] {dag.py:4180} INFO - Setting next_dagrun for dataset_alias_example_alias_consumer to None, run_after=None
[2025-03-24T08:20:05.481+0000] {logging_mixin.py:190} INFO - [2025-03-24T08:20:05.480+0000] {dag.py:4180} INFO - Setting next_dagrun for dataset_alias_example_alias_producer to None, run_after=None
[2025-03-24T08:20:05.483+0000] {logging_mixin.py:190} INFO - [2025-03-24T08:20:05.483+0000] {dag.py:4180} INFO - Setting next_dagrun for dataset_s3_bucket_consumer to None, run_after=None
[2025-03-24T08:20:05.485+0000] {logging_mixin.py:190} INFO - [2025-03-24T08:20:05.485+0000] {dag.py:4180} INFO - Setting next_dagrun for dataset_s3_bucket_producer to None, run_after=None
[2025-03-24T08:20:05.513+0000] {processor.py:208} INFO - Processing /home/airflow/.local/lib/python3.12/site-packages/airflow/example_dags/example_dataset_alias.py took 0.949 seconds
[2025-03-24T08:20:35.674+0000] {processor.py:186} INFO - Started process (PID=1387) to work on /home/airflow/.local/lib/python3.12/site-packages/airflow/example_dags/example_dataset_alias.py
[2025-03-24T08:20:35.675+0000] {processor.py:914} INFO - Processing file /home/airflow/.local/lib/python3.12/site-packages/airflow/example_dags/example_dataset_alias.py for tasks to queue
[2025-03-24T08:20:35.678+0000] {logging_mixin.py:190} INFO - [2025-03-24T08:20:35.677+0000] {dagbag.py:588} INFO - Filling up the DagBag from /home/airflow/.local/lib/python3.12/site-packages/airflow/example_dags/example_dataset_alias.py
[2025-03-24T08:20:36.404+0000] {processor.py:925} INFO - DAG(s) 'dataset_s3_bucket_consumer', 'dataset_s3_bucket_producer', 'dataset_alias_example_alias_producer', 'dataset_alias_example_alias_consumer' retrieved from /home/airflow/.local/lib/python3.12/site-packages/airflow/example_dags/example_dataset_alias.py
[2025-03-24T08:20:36.431+0000] {logging_mixin.py:190} INFO - [2025-03-24T08:20:36.431+0000] {dag.py:3239} INFO - Sync 4 DAGs
[2025-03-24T08:20:36.458+0000] {logging_mixin.py:190} INFO - [2025-03-24T08:20:36.458+0000] {dag.py:4180} INFO - Setting next_dagrun for dataset_alias_example_alias_consumer to None, run_after=None
[2025-03-24T08:20:36.462+0000] {logging_mixin.py:190} INFO - [2025-03-24T08:20:36.461+0000] {dag.py:4180} INFO - Setting next_dagrun for dataset_alias_example_alias_producer to None, run_after=None
[2025-03-24T08:20:36.464+0000] {logging_mixin.py:190} INFO - [2025-03-24T08:20:36.464+0000] {dag.py:4180} INFO - Setting next_dagrun for dataset_s3_bucket_consumer to None, run_after=None
[2025-03-24T08:20:36.466+0000] {logging_mixin.py:190} INFO - [2025-03-24T08:20:36.466+0000] {dag.py:4180} INFO - Setting next_dagrun for dataset_s3_bucket_producer to None, run_after=None
[2025-03-24T08:20:36.491+0000] {processor.py:208} INFO - Processing /home/airflow/.local/lib/python3.12/site-packages/airflow/example_dags/example_dataset_alias.py took 0.824 seconds
[2025-03-24T08:21:06.646+0000] {processor.py:186} INFO - Started process (PID=1451) to work on /home/airflow/.local/lib/python3.12/site-packages/airflow/example_dags/example_dataset_alias.py
[2025-03-24T08:21:06.648+0000] {processor.py:914} INFO - Processing file /home/airflow/.local/lib/python3.12/site-packages/airflow/example_dags/example_dataset_alias.py for tasks to queue
[2025-03-24T08:21:06.651+0000] {logging_mixin.py:190} INFO - [2025-03-24T08:21:06.650+0000] {dagbag.py:588} INFO - Filling up the DagBag from /home/airflow/.local/lib/python3.12/site-packages/airflow/example_dags/example_dataset_alias.py
[2025-03-24T08:21:07.341+0000] {processor.py:925} INFO - DAG(s) 'dataset_s3_bucket_consumer', 'dataset_alias_example_alias_consumer', 'dataset_alias_example_alias_producer', 'dataset_s3_bucket_producer' retrieved from /home/airflow/.local/lib/python3.12/site-packages/airflow/example_dags/example_dataset_alias.py
[2025-03-24T08:21:07.368+0000] {logging_mixin.py:190} INFO - [2025-03-24T08:21:07.367+0000] {dag.py:3239} INFO - Sync 4 DAGs
[2025-03-24T08:21:07.394+0000] {logging_mixin.py:190} INFO - [2025-03-24T08:21:07.394+0000] {dag.py:4180} INFO - Setting next_dagrun for dataset_alias_example_alias_consumer to None, run_after=None
[2025-03-24T08:21:07.397+0000] {logging_mixin.py:190} INFO - [2025-03-24T08:21:07.397+0000] {dag.py:4180} INFO - Setting next_dagrun for dataset_alias_example_alias_producer to None, run_after=None
[2025-03-24T08:21:07.400+0000] {logging_mixin.py:190} INFO - [2025-03-24T08:21:07.399+0000] {dag.py:4180} INFO - Setting next_dagrun for dataset_s3_bucket_consumer to None, run_after=None
[2025-03-24T08:21:07.402+0000] {logging_mixin.py:190} INFO - [2025-03-24T08:21:07.401+0000] {dag.py:4180} INFO - Setting next_dagrun for dataset_s3_bucket_producer to None, run_after=None
[2025-03-24T08:21:07.429+0000] {processor.py:208} INFO - Processing /home/airflow/.local/lib/python3.12/site-packages/airflow/example_dags/example_dataset_alias.py took 0.790 seconds
[2025-03-24T08:21:38.024+0000] {processor.py:186} INFO - Started process (PID=1515) to work on /home/airflow/.local/lib/python3.12/site-packages/airflow/example_dags/example_dataset_alias.py
[2025-03-24T08:21:38.025+0000] {processor.py:914} INFO - Processing file /home/airflow/.local/lib/python3.12/site-packages/airflow/example_dags/example_dataset_alias.py for tasks to queue
[2025-03-24T08:21:38.028+0000] {logging_mixin.py:190} INFO - [2025-03-24T08:21:38.028+0000] {dagbag.py:588} INFO - Filling up the DagBag from /home/airflow/.local/lib/python3.12/site-packages/airflow/example_dags/example_dataset_alias.py
[2025-03-24T08:21:38.669+0000] {processor.py:925} INFO - DAG(s) 'dataset_s3_bucket_producer', 'dataset_alias_example_alias_producer', 'dataset_alias_example_alias_consumer', 'dataset_s3_bucket_consumer' retrieved from /home/airflow/.local/lib/python3.12/site-packages/airflow/example_dags/example_dataset_alias.py
[2025-03-24T08:21:38.695+0000] {logging_mixin.py:190} INFO - [2025-03-24T08:21:38.694+0000] {dag.py:3239} INFO - Sync 4 DAGs
[2025-03-24T08:21:38.721+0000] {logging_mixin.py:190} INFO - [2025-03-24T08:21:38.721+0000] {dag.py:4180} INFO - Setting next_dagrun for dataset_alias_example_alias_consumer to None, run_after=None
[2025-03-24T08:21:38.724+0000] {logging_mixin.py:190} INFO - [2025-03-24T08:21:38.724+0000] {dag.py:4180} INFO - Setting next_dagrun for dataset_alias_example_alias_producer to None, run_after=None
[2025-03-24T08:21:38.726+0000] {logging_mixin.py:190} INFO - [2025-03-24T08:21:38.726+0000] {dag.py:4180} INFO - Setting next_dagrun for dataset_s3_bucket_consumer to None, run_after=None
[2025-03-24T08:21:38.728+0000] {logging_mixin.py:190} INFO - [2025-03-24T08:21:38.728+0000] {dag.py:4180} INFO - Setting next_dagrun for dataset_s3_bucket_producer to None, run_after=None
[2025-03-24T08:21:38.755+0000] {processor.py:208} INFO - Processing /home/airflow/.local/lib/python3.12/site-packages/airflow/example_dags/example_dataset_alias.py took 0.737 seconds
[2025-03-24T08:22:08.929+0000] {processor.py:186} INFO - Started process (PID=1579) to work on /home/airflow/.local/lib/python3.12/site-packages/airflow/example_dags/example_dataset_alias.py
[2025-03-24T08:22:08.930+0000] {processor.py:914} INFO - Processing file /home/airflow/.local/lib/python3.12/site-packages/airflow/example_dags/example_dataset_alias.py for tasks to queue
[2025-03-24T08:22:08.933+0000] {logging_mixin.py:190} INFO - [2025-03-24T08:22:08.933+0000] {dagbag.py:588} INFO - Filling up the DagBag from /home/airflow/.local/lib/python3.12/site-packages/airflow/example_dags/example_dataset_alias.py
[2025-03-24T08:22:09.595+0000] {processor.py:925} INFO - DAG(s) 'dataset_s3_bucket_producer', 'dataset_s3_bucket_consumer', 'dataset_alias_example_alias_consumer', 'dataset_alias_example_alias_producer' retrieved from /home/airflow/.local/lib/python3.12/site-packages/airflow/example_dags/example_dataset_alias.py
[2025-03-24T08:22:09.630+0000] {logging_mixin.py:190} INFO - [2025-03-24T08:22:09.629+0000] {dag.py:3239} INFO - Sync 4 DAGs
[2025-03-24T08:22:09.669+0000] {logging_mixin.py:190} INFO - [2025-03-24T08:22:09.669+0000] {dag.py:4180} INFO - Setting next_dagrun for dataset_alias_example_alias_consumer to None, run_after=None
[2025-03-24T08:22:09.673+0000] {logging_mixin.py:190} INFO - [2025-03-24T08:22:09.673+0000] {dag.py:4180} INFO - Setting next_dagrun for dataset_alias_example_alias_producer to None, run_after=None
[2025-03-24T08:22:09.675+0000] {logging_mixin.py:190} INFO - [2025-03-24T08:22:09.675+0000] {dag.py:4180} INFO - Setting next_dagrun for dataset_s3_bucket_consumer to None, run_after=None
[2025-03-24T08:22:09.677+0000] {logging_mixin.py:190} INFO - [2025-03-24T08:22:09.677+0000] {dag.py:4180} INFO - Setting next_dagrun for dataset_s3_bucket_producer to None, run_after=None
[2025-03-24T08:22:09.708+0000] {processor.py:208} INFO - Processing /home/airflow/.local/lib/python3.12/site-packages/airflow/example_dags/example_dataset_alias.py took 0.785 seconds
[2025-03-24T08:22:40.041+0000] {processor.py:186} INFO - Started process (PID=1643) to work on /home/airflow/.local/lib/python3.12/site-packages/airflow/example_dags/example_dataset_alias.py
[2025-03-24T08:22:40.042+0000] {processor.py:914} INFO - Processing file /home/airflow/.local/lib/python3.12/site-packages/airflow/example_dags/example_dataset_alias.py for tasks to queue
[2025-03-24T08:22:40.045+0000] {logging_mixin.py:190} INFO - [2025-03-24T08:22:40.044+0000] {dagbag.py:588} INFO - Filling up the DagBag from /home/airflow/.local/lib/python3.12/site-packages/airflow/example_dags/example_dataset_alias.py
[2025-03-24T08:22:40.664+0000] {processor.py:925} INFO - DAG(s) 'dataset_alias_example_alias_producer', 'dataset_s3_bucket_producer', 'dataset_alias_example_alias_consumer', 'dataset_s3_bucket_consumer' retrieved from /home/airflow/.local/lib/python3.12/site-packages/airflow/example_dags/example_dataset_alias.py
[2025-03-24T08:22:40.687+0000] {logging_mixin.py:190} INFO - [2025-03-24T08:22:40.687+0000] {dag.py:3239} INFO - Sync 4 DAGs
[2025-03-24T08:22:40.712+0000] {logging_mixin.py:190} INFO - [2025-03-24T08:22:40.712+0000] {dag.py:4180} INFO - Setting next_dagrun for dataset_alias_example_alias_consumer to None, run_after=None
[2025-03-24T08:22:40.715+0000] {logging_mixin.py:190} INFO - [2025-03-24T08:22:40.715+0000] {dag.py:4180} INFO - Setting next_dagrun for dataset_alias_example_alias_producer to None, run_after=None
[2025-03-24T08:22:40.719+0000] {logging_mixin.py:190} INFO - [2025-03-24T08:22:40.719+0000] {dag.py:4180} INFO - Setting next_dagrun for dataset_s3_bucket_consumer to None, run_after=None
[2025-03-24T08:22:40.721+0000] {logging_mixin.py:190} INFO - [2025-03-24T08:22:40.721+0000] {dag.py:4180} INFO - Setting next_dagrun for dataset_s3_bucket_producer to None, run_after=None
[2025-03-24T08:22:40.746+0000] {processor.py:208} INFO - Processing /home/airflow/.local/lib/python3.12/site-packages/airflow/example_dags/example_dataset_alias.py took 0.712 seconds
[2025-03-24T08:23:11.287+0000] {processor.py:186} INFO - Started process (PID=1707) to work on /home/airflow/.local/lib/python3.12/site-packages/airflow/example_dags/example_dataset_alias.py
[2025-03-24T08:23:11.289+0000] {processor.py:914} INFO - Processing file /home/airflow/.local/lib/python3.12/site-packages/airflow/example_dags/example_dataset_alias.py for tasks to queue
[2025-03-24T08:23:11.291+0000] {logging_mixin.py:190} INFO - [2025-03-24T08:23:11.291+0000] {dagbag.py:588} INFO - Filling up the DagBag from /home/airflow/.local/lib/python3.12/site-packages/airflow/example_dags/example_dataset_alias.py
[2025-03-24T08:23:11.912+0000] {processor.py:925} INFO - DAG(s) 'dataset_alias_example_alias_consumer', 'dataset_s3_bucket_consumer', 'dataset_alias_example_alias_producer', 'dataset_s3_bucket_producer' retrieved from /home/airflow/.local/lib/python3.12/site-packages/airflow/example_dags/example_dataset_alias.py
[2025-03-24T08:23:11.937+0000] {logging_mixin.py:190} INFO - [2025-03-24T08:23:11.936+0000] {dag.py:3239} INFO - Sync 4 DAGs
[2025-03-24T08:23:11.964+0000] {logging_mixin.py:190} INFO - [2025-03-24T08:23:11.963+0000] {dag.py:4180} INFO - Setting next_dagrun for dataset_alias_example_alias_consumer to None, run_after=None
[2025-03-24T08:23:11.967+0000] {logging_mixin.py:190} INFO - [2025-03-24T08:23:11.967+0000] {dag.py:4180} INFO - Setting next_dagrun for dataset_alias_example_alias_producer to None, run_after=None
[2025-03-24T08:23:11.969+0000] {logging_mixin.py:190} INFO - [2025-03-24T08:23:11.969+0000] {dag.py:4180} INFO - Setting next_dagrun for dataset_s3_bucket_consumer to None, run_after=None
[2025-03-24T08:23:11.971+0000] {logging_mixin.py:190} INFO - [2025-03-24T08:23:11.971+0000] {dag.py:4180} INFO - Setting next_dagrun for dataset_s3_bucket_producer to None, run_after=None
[2025-03-24T08:23:11.997+0000] {processor.py:208} INFO - Processing /home/airflow/.local/lib/python3.12/site-packages/airflow/example_dags/example_dataset_alias.py took 0.715 seconds
[2025-03-24T08:23:42.570+0000] {processor.py:186} INFO - Started process (PID=1771) to work on /home/airflow/.local/lib/python3.12/site-packages/airflow/example_dags/example_dataset_alias.py
[2025-03-24T08:23:42.572+0000] {processor.py:914} INFO - Processing file /home/airflow/.local/lib/python3.12/site-packages/airflow/example_dags/example_dataset_alias.py for tasks to queue
[2025-03-24T08:23:42.574+0000] {logging_mixin.py:190} INFO - [2025-03-24T08:23:42.574+0000] {dagbag.py:588} INFO - Filling up the DagBag from /home/airflow/.local/lib/python3.12/site-packages/airflow/example_dags/example_dataset_alias.py
[2025-03-24T08:23:43.227+0000] {processor.py:925} INFO - DAG(s) 'dataset_alias_example_alias_producer', 'dataset_alias_example_alias_consumer', 'dataset_s3_bucket_consumer', 'dataset_s3_bucket_producer' retrieved from /home/airflow/.local/lib/python3.12/site-packages/airflow/example_dags/example_dataset_alias.py
[2025-03-24T08:23:43.253+0000] {logging_mixin.py:190} INFO - [2025-03-24T08:23:43.253+0000] {dag.py:3239} INFO - Sync 4 DAGs
[2025-03-24T08:23:43.281+0000] {logging_mixin.py:190} INFO - [2025-03-24T08:23:43.281+0000] {dag.py:4180} INFO - Setting next_dagrun for dataset_alias_example_alias_consumer to None, run_after=None
[2025-03-24T08:23:43.285+0000] {logging_mixin.py:190} INFO - [2025-03-24T08:23:43.284+0000] {dag.py:4180} INFO - Setting next_dagrun for dataset_alias_example_alias_producer to None, run_after=None
[2025-03-24T08:23:43.286+0000] {logging_mixin.py:190} INFO - [2025-03-24T08:23:43.286+0000] {dag.py:4180} INFO - Setting next_dagrun for dataset_s3_bucket_consumer to None, run_after=None
[2025-03-24T08:23:43.288+0000] {logging_mixin.py:190} INFO - [2025-03-24T08:23:43.288+0000] {dag.py:4180} INFO - Setting next_dagrun for dataset_s3_bucket_producer to None, run_after=None
[2025-03-24T08:23:43.315+0000] {processor.py:208} INFO - Processing /home/airflow/.local/lib/python3.12/site-packages/airflow/example_dags/example_dataset_alias.py took 0.751 seconds
[2025-03-24T08:24:13.893+0000] {processor.py:186} INFO - Started process (PID=1835) to work on /home/airflow/.local/lib/python3.12/site-packages/airflow/example_dags/example_dataset_alias.py
[2025-03-24T08:24:13.894+0000] {processor.py:914} INFO - Processing file /home/airflow/.local/lib/python3.12/site-packages/airflow/example_dags/example_dataset_alias.py for tasks to queue
[2025-03-24T08:24:13.897+0000] {logging_mixin.py:190} INFO - [2025-03-24T08:24:13.897+0000] {dagbag.py:588} INFO - Filling up the DagBag from /home/airflow/.local/lib/python3.12/site-packages/airflow/example_dags/example_dataset_alias.py
[2025-03-24T08:24:14.554+0000] {processor.py:925} INFO - DAG(s) 'dataset_alias_example_alias_producer', 'dataset_s3_bucket_producer', 'dataset_alias_example_alias_consumer', 'dataset_s3_bucket_consumer' retrieved from /home/airflow/.local/lib/python3.12/site-packages/airflow/example_dags/example_dataset_alias.py
[2025-03-24T08:24:14.583+0000] {logging_mixin.py:190} INFO - [2025-03-24T08:24:14.582+0000] {dag.py:3239} INFO - Sync 4 DAGs
[2025-03-24T08:24:14.614+0000] {logging_mixin.py:190} INFO - [2025-03-24T08:24:14.614+0000] {dag.py:4180} INFO - Setting next_dagrun for dataset_alias_example_alias_consumer to None, run_after=None
[2025-03-24T08:24:14.618+0000] {logging_mixin.py:190} INFO - [2025-03-24T08:24:14.618+0000] {dag.py:4180} INFO - Setting next_dagrun for dataset_alias_example_alias_producer to None, run_after=None
[2025-03-24T08:24:14.620+0000] {logging_mixin.py:190} INFO - [2025-03-24T08:24:14.620+0000] {dag.py:4180} INFO - Setting next_dagrun for dataset_s3_bucket_consumer to None, run_after=None
[2025-03-24T08:24:14.622+0000] {logging_mixin.py:190} INFO - [2025-03-24T08:24:14.622+0000] {dag.py:4180} INFO - Setting next_dagrun for dataset_s3_bucket_producer to None, run_after=None
[2025-03-24T08:24:14.650+0000] {processor.py:208} INFO - Processing /home/airflow/.local/lib/python3.12/site-packages/airflow/example_dags/example_dataset_alias.py took 0.764 seconds
[2025-03-24T08:24:45.218+0000] {processor.py:186} INFO - Started process (PID=1899) to work on /home/airflow/.local/lib/python3.12/site-packages/airflow/example_dags/example_dataset_alias.py
[2025-03-24T08:24:45.219+0000] {processor.py:914} INFO - Processing file /home/airflow/.local/lib/python3.12/site-packages/airflow/example_dags/example_dataset_alias.py for tasks to queue
[2025-03-24T08:24:45.222+0000] {logging_mixin.py:190} INFO - [2025-03-24T08:24:45.221+0000] {dagbag.py:588} INFO - Filling up the DagBag from /home/airflow/.local/lib/python3.12/site-packages/airflow/example_dags/example_dataset_alias.py
[2025-03-24T08:24:45.861+0000] {processor.py:925} INFO - DAG(s) 'dataset_s3_bucket_producer', 'dataset_alias_example_alias_producer', 'dataset_alias_example_alias_consumer', 'dataset_s3_bucket_consumer' retrieved from /home/airflow/.local/lib/python3.12/site-packages/airflow/example_dags/example_dataset_alias.py
[2025-03-24T08:24:45.886+0000] {logging_mixin.py:190} INFO - [2025-03-24T08:24:45.885+0000] {dag.py:3239} INFO - Sync 4 DAGs
[2025-03-24T08:24:45.912+0000] {logging_mixin.py:190} INFO - [2025-03-24T08:24:45.911+0000] {dag.py:4180} INFO - Setting next_dagrun for dataset_alias_example_alias_consumer to None, run_after=None
[2025-03-24T08:24:45.915+0000] {logging_mixin.py:190} INFO - [2025-03-24T08:24:45.915+0000] {dag.py:4180} INFO - Setting next_dagrun for dataset_alias_example_alias_producer to None, run_after=None
[2025-03-24T08:24:45.917+0000] {logging_mixin.py:190} INFO - [2025-03-24T08:24:45.916+0000] {dag.py:4180} INFO - Setting next_dagrun for dataset_s3_bucket_consumer to None, run_after=None
[2025-03-24T08:24:45.918+0000] {logging_mixin.py:190} INFO - [2025-03-24T08:24:45.918+0000] {dag.py:4180} INFO - Setting next_dagrun for dataset_s3_bucket_producer to None, run_after=None
[2025-03-24T08:24:45.944+0000] {processor.py:208} INFO - Processing /home/airflow/.local/lib/python3.12/site-packages/airflow/example_dags/example_dataset_alias.py took 0.731 seconds
[2025-03-24T08:25:16.559+0000] {processor.py:186} INFO - Started process (PID=1963) to work on /home/airflow/.local/lib/python3.12/site-packages/airflow/example_dags/example_dataset_alias.py
[2025-03-24T08:25:16.560+0000] {processor.py:914} INFO - Processing file /home/airflow/.local/lib/python3.12/site-packages/airflow/example_dags/example_dataset_alias.py for tasks to queue
[2025-03-24T08:25:16.563+0000] {logging_mixin.py:190} INFO - [2025-03-24T08:25:16.563+0000] {dagbag.py:588} INFO - Filling up the DagBag from /home/airflow/.local/lib/python3.12/site-packages/airflow/example_dags/example_dataset_alias.py
[2025-03-24T08:25:17.200+0000] {processor.py:925} INFO - DAG(s) 'dataset_alias_example_alias_consumer', 'dataset_s3_bucket_producer', 'dataset_alias_example_alias_producer', 'dataset_s3_bucket_consumer' retrieved from /home/airflow/.local/lib/python3.12/site-packages/airflow/example_dags/example_dataset_alias.py
[2025-03-24T08:25:17.225+0000] {logging_mixin.py:190} INFO - [2025-03-24T08:25:17.225+0000] {dag.py:3239} INFO - Sync 4 DAGs
[2025-03-24T08:25:17.251+0000] {logging_mixin.py:190} INFO - [2025-03-24T08:25:17.251+0000] {dag.py:4180} INFO - Setting next_dagrun for dataset_alias_example_alias_consumer to None, run_after=None
[2025-03-24T08:25:17.255+0000] {logging_mixin.py:190} INFO - [2025-03-24T08:25:17.254+0000] {dag.py:4180} INFO - Setting next_dagrun for dataset_alias_example_alias_producer to None, run_after=None
[2025-03-24T08:25:17.258+0000] {logging_mixin.py:190} INFO - [2025-03-24T08:25:17.258+0000] {dag.py:4180} INFO - Setting next_dagrun for dataset_s3_bucket_consumer to None, run_after=None
[2025-03-24T08:25:17.260+0000] {logging_mixin.py:190} INFO - [2025-03-24T08:25:17.260+0000] {dag.py:4180} INFO - Setting next_dagrun for dataset_s3_bucket_producer to None, run_after=None
[2025-03-24T08:25:17.287+0000] {processor.py:208} INFO - Processing /home/airflow/.local/lib/python3.12/site-packages/airflow/example_dags/example_dataset_alias.py took 0.734 seconds
[2025-03-24T08:25:47.705+0000] {processor.py:186} INFO - Started process (PID=2027) to work on /home/airflow/.local/lib/python3.12/site-packages/airflow/example_dags/example_dataset_alias.py
[2025-03-24T08:25:47.706+0000] {processor.py:914} INFO - Processing file /home/airflow/.local/lib/python3.12/site-packages/airflow/example_dags/example_dataset_alias.py for tasks to queue
[2025-03-24T08:25:47.709+0000] {logging_mixin.py:190} INFO - [2025-03-24T08:25:47.708+0000] {dagbag.py:588} INFO - Filling up the DagBag from /home/airflow/.local/lib/python3.12/site-packages/airflow/example_dags/example_dataset_alias.py
[2025-03-24T08:25:48.358+0000] {processor.py:925} INFO - DAG(s) 'dataset_s3_bucket_producer', 'dataset_s3_bucket_consumer', 'dataset_alias_example_alias_consumer', 'dataset_alias_example_alias_producer' retrieved from /home/airflow/.local/lib/python3.12/site-packages/airflow/example_dags/example_dataset_alias.py
[2025-03-24T08:25:48.383+0000] {logging_mixin.py:190} INFO - [2025-03-24T08:25:48.383+0000] {dag.py:3239} INFO - Sync 4 DAGs
[2025-03-24T08:25:48.409+0000] {logging_mixin.py:190} INFO - [2025-03-24T08:25:48.408+0000] {dag.py:4180} INFO - Setting next_dagrun for dataset_alias_example_alias_consumer to None, run_after=None
[2025-03-24T08:25:48.412+0000] {logging_mixin.py:190} INFO - [2025-03-24T08:25:48.412+0000] {dag.py:4180} INFO - Setting next_dagrun for dataset_alias_example_alias_producer to None, run_after=None
[2025-03-24T08:25:48.414+0000] {logging_mixin.py:190} INFO - [2025-03-24T08:25:48.414+0000] {dag.py:4180} INFO - Setting next_dagrun for dataset_s3_bucket_consumer to None, run_after=None
[2025-03-24T08:25:48.415+0000] {logging_mixin.py:190} INFO - [2025-03-24T08:25:48.415+0000] {dag.py:4180} INFO - Setting next_dagrun for dataset_s3_bucket_producer to None, run_after=None
[2025-03-24T08:25:48.444+0000] {processor.py:208} INFO - Processing /home/airflow/.local/lib/python3.12/site-packages/airflow/example_dags/example_dataset_alias.py took 0.745 seconds
[2025-03-24T08:26:19.120+0000] {processor.py:186} INFO - Started process (PID=2091) to work on /home/airflow/.local/lib/python3.12/site-packages/airflow/example_dags/example_dataset_alias.py
[2025-03-24T08:26:19.121+0000] {processor.py:914} INFO - Processing file /home/airflow/.local/lib/python3.12/site-packages/airflow/example_dags/example_dataset_alias.py for tasks to queue
[2025-03-24T08:26:19.123+0000] {logging_mixin.py:190} INFO - [2025-03-24T08:26:19.123+0000] {dagbag.py:588} INFO - Filling up the DagBag from /home/airflow/.local/lib/python3.12/site-packages/airflow/example_dags/example_dataset_alias.py
[2025-03-24T08:26:19.739+0000] {processor.py:925} INFO - DAG(s) 'dataset_s3_bucket_consumer', 'dataset_s3_bucket_producer', 'dataset_alias_example_alias_producer', 'dataset_alias_example_alias_consumer' retrieved from /home/airflow/.local/lib/python3.12/site-packages/airflow/example_dags/example_dataset_alias.py
[2025-03-24T08:26:19.762+0000] {logging_mixin.py:190} INFO - [2025-03-24T08:26:19.762+0000] {dag.py:3239} INFO - Sync 4 DAGs
[2025-03-24T08:26:19.788+0000] {logging_mixin.py:190} INFO - [2025-03-24T08:26:19.788+0000] {dag.py:4180} INFO - Setting next_dagrun for dataset_alias_example_alias_consumer to None, run_after=None
[2025-03-24T08:26:19.791+0000] {logging_mixin.py:190} INFO - [2025-03-24T08:26:19.791+0000] {dag.py:4180} INFO - Setting next_dagrun for dataset_alias_example_alias_producer to None, run_after=None
[2025-03-24T08:26:19.793+0000] {logging_mixin.py:190} INFO - [2025-03-24T08:26:19.793+0000] {dag.py:4180} INFO - Setting next_dagrun for dataset_s3_bucket_consumer to None, run_after=None
[2025-03-24T08:26:19.795+0000] {logging_mixin.py:190} INFO - [2025-03-24T08:26:19.795+0000] {dag.py:4180} INFO - Setting next_dagrun for dataset_s3_bucket_producer to None, run_after=None
[2025-03-24T08:26:19.819+0000] {processor.py:208} INFO - Processing /home/airflow/.local/lib/python3.12/site-packages/airflow/example_dags/example_dataset_alias.py took 0.706 seconds
[2025-03-24T08:26:50.365+0000] {processor.py:186} INFO - Started process (PID=2155) to work on /home/airflow/.local/lib/python3.12/site-packages/airflow/example_dags/example_dataset_alias.py
[2025-03-24T08:26:50.366+0000] {processor.py:914} INFO - Processing file /home/airflow/.local/lib/python3.12/site-packages/airflow/example_dags/example_dataset_alias.py for tasks to queue
[2025-03-24T08:26:50.368+0000] {logging_mixin.py:190} INFO - [2025-03-24T08:26:50.368+0000] {dagbag.py:588} INFO - Filling up the DagBag from /home/airflow/.local/lib/python3.12/site-packages/airflow/example_dags/example_dataset_alias.py
[2025-03-24T08:26:50.987+0000] {processor.py:925} INFO - DAG(s) 'dataset_alias_example_alias_producer', 'dataset_s3_bucket_producer', 'dataset_alias_example_alias_consumer', 'dataset_s3_bucket_consumer' retrieved from /home/airflow/.local/lib/python3.12/site-packages/airflow/example_dags/example_dataset_alias.py
[2025-03-24T08:26:51.012+0000] {logging_mixin.py:190} INFO - [2025-03-24T08:26:51.012+0000] {dag.py:3239} INFO - Sync 4 DAGs
[2025-03-24T08:26:51.037+0000] {logging_mixin.py:190} INFO - [2025-03-24T08:26:51.037+0000] {dag.py:4180} INFO - Setting next_dagrun for dataset_alias_example_alias_consumer to None, run_after=None
[2025-03-24T08:26:51.040+0000] {logging_mixin.py:190} INFO - [2025-03-24T08:26:51.040+0000] {dag.py:4180} INFO - Setting next_dagrun for dataset_alias_example_alias_producer to None, run_after=None
[2025-03-24T08:26:51.042+0000] {logging_mixin.py:190} INFO - [2025-03-24T08:26:51.042+0000] {dag.py:4180} INFO - Setting next_dagrun for dataset_s3_bucket_consumer to None, run_after=None
[2025-03-24T08:26:51.044+0000] {logging_mixin.py:190} INFO - [2025-03-24T08:26:51.043+0000] {dag.py:4180} INFO - Setting next_dagrun for dataset_s3_bucket_producer to None, run_after=None
[2025-03-24T08:26:51.080+0000] {processor.py:208} INFO - Processing /home/airflow/.local/lib/python3.12/site-packages/airflow/example_dags/example_dataset_alias.py took 0.721 seconds
[2025-03-24T08:27:21.605+0000] {processor.py:186} INFO - Started process (PID=2219) to work on /home/airflow/.local/lib/python3.12/site-packages/airflow/example_dags/example_dataset_alias.py
[2025-03-24T08:27:21.607+0000] {processor.py:914} INFO - Processing file /home/airflow/.local/lib/python3.12/site-packages/airflow/example_dags/example_dataset_alias.py for tasks to queue
[2025-03-24T08:27:21.609+0000] {logging_mixin.py:190} INFO - [2025-03-24T08:27:21.609+0000] {dagbag.py:588} INFO - Filling up the DagBag from /home/airflow/.local/lib/python3.12/site-packages/airflow/example_dags/example_dataset_alias.py
[2025-03-24T08:27:22.234+0000] {processor.py:925} INFO - DAG(s) 'dataset_alias_example_alias_producer', 'dataset_alias_example_alias_consumer', 'dataset_s3_bucket_consumer', 'dataset_s3_bucket_producer' retrieved from /home/airflow/.local/lib/python3.12/site-packages/airflow/example_dags/example_dataset_alias.py
[2025-03-24T08:27:22.258+0000] {logging_mixin.py:190} INFO - [2025-03-24T08:27:22.257+0000] {dag.py:3239} INFO - Sync 4 DAGs
[2025-03-24T08:27:22.284+0000] {logging_mixin.py:190} INFO - [2025-03-24T08:27:22.283+0000] {dag.py:4180} INFO - Setting next_dagrun for dataset_alias_example_alias_consumer to None, run_after=None
[2025-03-24T08:27:22.287+0000] {logging_mixin.py:190} INFO - [2025-03-24T08:27:22.287+0000] {dag.py:4180} INFO - Setting next_dagrun for dataset_alias_example_alias_producer to None, run_after=None
[2025-03-24T08:27:22.289+0000] {logging_mixin.py:190} INFO - [2025-03-24T08:27:22.288+0000] {dag.py:4180} INFO - Setting next_dagrun for dataset_s3_bucket_consumer to None, run_after=None
[2025-03-24T08:27:22.290+0000] {logging_mixin.py:190} INFO - [2025-03-24T08:27:22.290+0000] {dag.py:4180} INFO - Setting next_dagrun for dataset_s3_bucket_producer to None, run_after=None
[2025-03-24T08:27:22.315+0000] {processor.py:208} INFO - Processing /home/airflow/.local/lib/python3.12/site-packages/airflow/example_dags/example_dataset_alias.py took 0.716 seconds
[2025-03-24T08:27:52.413+0000] {processor.py:186} INFO - Started process (PID=2283) to work on /home/airflow/.local/lib/python3.12/site-packages/airflow/example_dags/example_dataset_alias.py
[2025-03-24T08:27:52.414+0000] {processor.py:914} INFO - Processing file /home/airflow/.local/lib/python3.12/site-packages/airflow/example_dags/example_dataset_alias.py for tasks to queue
[2025-03-24T08:27:52.417+0000] {logging_mixin.py:190} INFO - [2025-03-24T08:27:52.416+0000] {dagbag.py:588} INFO - Filling up the DagBag from /home/airflow/.local/lib/python3.12/site-packages/airflow/example_dags/example_dataset_alias.py
[2025-03-24T08:27:53.110+0000] {processor.py:925} INFO - DAG(s) 'dataset_alias_example_alias_producer', 'dataset_alias_example_alias_consumer', 'dataset_s3_bucket_producer', 'dataset_s3_bucket_consumer' retrieved from /home/airflow/.local/lib/python3.12/site-packages/airflow/example_dags/example_dataset_alias.py
[2025-03-24T08:27:53.135+0000] {logging_mixin.py:190} INFO - [2025-03-24T08:27:53.135+0000] {dag.py:3239} INFO - Sync 4 DAGs
[2025-03-24T08:27:53.162+0000] {logging_mixin.py:190} INFO - [2025-03-24T08:27:53.162+0000] {dag.py:4180} INFO - Setting next_dagrun for dataset_alias_example_alias_consumer to None, run_after=None
[2025-03-24T08:27:53.166+0000] {logging_mixin.py:190} INFO - [2025-03-24T08:27:53.166+0000] {dag.py:4180} INFO - Setting next_dagrun for dataset_alias_example_alias_producer to None, run_after=None
[2025-03-24T08:27:53.168+0000] {logging_mixin.py:190} INFO - [2025-03-24T08:27:53.168+0000] {dag.py:4180} INFO - Setting next_dagrun for dataset_s3_bucket_consumer to None, run_after=None
[2025-03-24T08:27:53.170+0000] {logging_mixin.py:190} INFO - [2025-03-24T08:27:53.169+0000] {dag.py:4180} INFO - Setting next_dagrun for dataset_s3_bucket_producer to None, run_after=None
[2025-03-24T08:27:53.196+0000] {processor.py:208} INFO - Processing /home/airflow/.local/lib/python3.12/site-packages/airflow/example_dags/example_dataset_alias.py took 0.789 seconds
[2025-03-24T08:28:23.281+0000] {processor.py:186} INFO - Started process (PID=2347) to work on /home/airflow/.local/lib/python3.12/site-packages/airflow/example_dags/example_dataset_alias.py
[2025-03-24T08:28:23.282+0000] {processor.py:914} INFO - Processing file /home/airflow/.local/lib/python3.12/site-packages/airflow/example_dags/example_dataset_alias.py for tasks to queue
[2025-03-24T08:28:23.285+0000] {logging_mixin.py:190} INFO - [2025-03-24T08:28:23.284+0000] {dagbag.py:588} INFO - Filling up the DagBag from /home/airflow/.local/lib/python3.12/site-packages/airflow/example_dags/example_dataset_alias.py
[2025-03-24T08:28:23.929+0000] {processor.py:925} INFO - DAG(s) 'dataset_alias_example_alias_producer', 'dataset_alias_example_alias_consumer', 'dataset_s3_bucket_producer', 'dataset_s3_bucket_consumer' retrieved from /home/airflow/.local/lib/python3.12/site-packages/airflow/example_dags/example_dataset_alias.py
[2025-03-24T08:28:23.953+0000] {logging_mixin.py:190} INFO - [2025-03-24T08:28:23.952+0000] {dag.py:3239} INFO - Sync 4 DAGs
[2025-03-24T08:28:23.978+0000] {logging_mixin.py:190} INFO - [2025-03-24T08:28:23.978+0000] {dag.py:4180} INFO - Setting next_dagrun for dataset_alias_example_alias_consumer to None, run_after=None
[2025-03-24T08:28:23.982+0000] {logging_mixin.py:190} INFO - [2025-03-24T08:28:23.981+0000] {dag.py:4180} INFO - Setting next_dagrun for dataset_alias_example_alias_producer to None, run_after=None
[2025-03-24T08:28:23.985+0000] {logging_mixin.py:190} INFO - [2025-03-24T08:28:23.985+0000] {dag.py:4180} INFO - Setting next_dagrun for dataset_s3_bucket_consumer to None, run_after=None
[2025-03-24T08:28:23.987+0000] {logging_mixin.py:190} INFO - [2025-03-24T08:28:23.987+0000] {dag.py:4180} INFO - Setting next_dagrun for dataset_s3_bucket_producer to None, run_after=None
[2025-03-24T08:28:24.015+0000] {processor.py:208} INFO - Processing /home/airflow/.local/lib/python3.12/site-packages/airflow/example_dags/example_dataset_alias.py took 0.740 seconds
[2025-03-24T08:28:54.184+0000] {processor.py:186} INFO - Started process (PID=2411) to work on /home/airflow/.local/lib/python3.12/site-packages/airflow/example_dags/example_dataset_alias.py
[2025-03-24T08:28:54.185+0000] {processor.py:914} INFO - Processing file /home/airflow/.local/lib/python3.12/site-packages/airflow/example_dags/example_dataset_alias.py for tasks to queue
[2025-03-24T08:28:54.188+0000] {logging_mixin.py:190} INFO - [2025-03-24T08:28:54.187+0000] {dagbag.py:588} INFO - Filling up the DagBag from /home/airflow/.local/lib/python3.12/site-packages/airflow/example_dags/example_dataset_alias.py
[2025-03-24T08:28:54.827+0000] {processor.py:925} INFO - DAG(s) 'dataset_s3_bucket_producer', 'dataset_alias_example_alias_producer', 'dataset_alias_example_alias_consumer', 'dataset_s3_bucket_consumer' retrieved from /home/airflow/.local/lib/python3.12/site-packages/airflow/example_dags/example_dataset_alias.py
[2025-03-24T08:28:54.854+0000] {logging_mixin.py:190} INFO - [2025-03-24T08:28:54.853+0000] {dag.py:3239} INFO - Sync 4 DAGs
[2025-03-24T08:28:54.879+0000] {logging_mixin.py:190} INFO - [2025-03-24T08:28:54.879+0000] {dag.py:4180} INFO - Setting next_dagrun for dataset_alias_example_alias_consumer to None, run_after=None
[2025-03-24T08:28:54.882+0000] {logging_mixin.py:190} INFO - [2025-03-24T08:28:54.882+0000] {dag.py:4180} INFO - Setting next_dagrun for dataset_alias_example_alias_producer to None, run_after=None
[2025-03-24T08:28:54.884+0000] {logging_mixin.py:190} INFO - [2025-03-24T08:28:54.884+0000] {dag.py:4180} INFO - Setting next_dagrun for dataset_s3_bucket_consumer to None, run_after=None
[2025-03-24T08:28:54.886+0000] {logging_mixin.py:190} INFO - [2025-03-24T08:28:54.886+0000] {dag.py:4180} INFO - Setting next_dagrun for dataset_s3_bucket_producer to None, run_after=None
[2025-03-24T08:28:54.912+0000] {processor.py:208} INFO - Processing /home/airflow/.local/lib/python3.12/site-packages/airflow/example_dags/example_dataset_alias.py took 0.736 seconds
[2025-03-24T08:29:25.223+0000] {processor.py:186} INFO - Started process (PID=2475) to work on /home/airflow/.local/lib/python3.12/site-packages/airflow/example_dags/example_dataset_alias.py
[2025-03-24T08:29:25.224+0000] {processor.py:914} INFO - Processing file /home/airflow/.local/lib/python3.12/site-packages/airflow/example_dags/example_dataset_alias.py for tasks to queue
[2025-03-24T08:29:25.226+0000] {logging_mixin.py:190} INFO - [2025-03-24T08:29:25.226+0000] {dagbag.py:588} INFO - Filling up the DagBag from /home/airflow/.local/lib/python3.12/site-packages/airflow/example_dags/example_dataset_alias.py
[2025-03-24T08:29:25.846+0000] {processor.py:925} INFO - DAG(s) 'dataset_alias_example_alias_consumer', 'dataset_alias_example_alias_producer', 'dataset_s3_bucket_producer', 'dataset_s3_bucket_consumer' retrieved from /home/airflow/.local/lib/python3.12/site-packages/airflow/example_dags/example_dataset_alias.py
[2025-03-24T08:29:25.871+0000] {logging_mixin.py:190} INFO - [2025-03-24T08:29:25.870+0000] {dag.py:3239} INFO - Sync 4 DAGs
[2025-03-24T08:29:25.896+0000] {logging_mixin.py:190} INFO - [2025-03-24T08:29:25.895+0000] {dag.py:4180} INFO - Setting next_dagrun for dataset_alias_example_alias_consumer to None, run_after=None
[2025-03-24T08:29:25.899+0000] {logging_mixin.py:190} INFO - [2025-03-24T08:29:25.899+0000] {dag.py:4180} INFO - Setting next_dagrun for dataset_alias_example_alias_producer to None, run_after=None
[2025-03-24T08:29:25.901+0000] {logging_mixin.py:190} INFO - [2025-03-24T08:29:25.900+0000] {dag.py:4180} INFO - Setting next_dagrun for dataset_s3_bucket_consumer to None, run_after=None
[2025-03-24T08:29:25.902+0000] {logging_mixin.py:190} INFO - [2025-03-24T08:29:25.902+0000] {dag.py:4180} INFO - Setting next_dagrun for dataset_s3_bucket_producer to None, run_after=None
[2025-03-24T08:29:25.928+0000] {processor.py:208} INFO - Processing /home/airflow/.local/lib/python3.12/site-packages/airflow/example_dags/example_dataset_alias.py took 0.712 seconds
[2025-03-24T08:29:56.046+0000] {processor.py:186} INFO - Started process (PID=2539) to work on /home/airflow/.local/lib/python3.12/site-packages/airflow/example_dags/example_dataset_alias.py
[2025-03-24T08:29:56.047+0000] {processor.py:914} INFO - Processing file /home/airflow/.local/lib/python3.12/site-packages/airflow/example_dags/example_dataset_alias.py for tasks to queue
[2025-03-24T08:29:56.049+0000] {logging_mixin.py:190} INFO - [2025-03-24T08:29:56.049+0000] {dagbag.py:588} INFO - Filling up the DagBag from /home/airflow/.local/lib/python3.12/site-packages/airflow/example_dags/example_dataset_alias.py
[2025-03-24T08:29:56.664+0000] {processor.py:925} INFO - DAG(s) 'dataset_alias_example_alias_producer', 'dataset_alias_example_alias_consumer', 'dataset_s3_bucket_producer', 'dataset_s3_bucket_consumer' retrieved from /home/airflow/.local/lib/python3.12/site-packages/airflow/example_dags/example_dataset_alias.py
[2025-03-24T08:29:56.689+0000] {logging_mixin.py:190} INFO - [2025-03-24T08:29:56.688+0000] {dag.py:3239} INFO - Sync 4 DAGs
[2025-03-24T08:29:56.715+0000] {logging_mixin.py:190} INFO - [2025-03-24T08:29:56.715+0000] {dag.py:4180} INFO - Setting next_dagrun for dataset_alias_example_alias_consumer to None, run_after=None
[2025-03-24T08:29:56.718+0000] {logging_mixin.py:190} INFO - [2025-03-24T08:29:56.718+0000] {dag.py:4180} INFO - Setting next_dagrun for dataset_alias_example_alias_producer to None, run_after=None
[2025-03-24T08:29:56.720+0000] {logging_mixin.py:190} INFO - [2025-03-24T08:29:56.720+0000] {dag.py:4180} INFO - Setting next_dagrun for dataset_s3_bucket_consumer to None, run_after=None
[2025-03-24T08:29:56.722+0000] {logging_mixin.py:190} INFO - [2025-03-24T08:29:56.722+0000] {dag.py:4180} INFO - Setting next_dagrun for dataset_s3_bucket_producer to None, run_after=None
[2025-03-24T08:29:56.750+0000] {processor.py:208} INFO - Processing /home/airflow/.local/lib/python3.12/site-packages/airflow/example_dags/example_dataset_alias.py took 0.710 seconds
[2025-03-24T08:30:27.121+0000] {processor.py:186} INFO - Started process (PID=2604) to work on /home/airflow/.local/lib/python3.12/site-packages/airflow/example_dags/example_dataset_alias.py
[2025-03-24T08:30:27.122+0000] {processor.py:914} INFO - Processing file /home/airflow/.local/lib/python3.12/site-packages/airflow/example_dags/example_dataset_alias.py for tasks to queue
[2025-03-24T08:30:27.125+0000] {logging_mixin.py:190} INFO - [2025-03-24T08:30:27.124+0000] {dagbag.py:588} INFO - Filling up the DagBag from /home/airflow/.local/lib/python3.12/site-packages/airflow/example_dags/example_dataset_alias.py
[2025-03-24T08:30:27.742+0000] {processor.py:925} INFO - DAG(s) 'dataset_s3_bucket_producer', 'dataset_s3_bucket_consumer', 'dataset_alias_example_alias_producer', 'dataset_alias_example_alias_consumer' retrieved from /home/airflow/.local/lib/python3.12/site-packages/airflow/example_dags/example_dataset_alias.py
[2025-03-24T08:30:27.770+0000] {logging_mixin.py:190} INFO - [2025-03-24T08:30:27.769+0000] {dag.py:3239} INFO - Sync 4 DAGs
[2025-03-24T08:30:27.797+0000] {logging_mixin.py:190} INFO - [2025-03-24T08:30:27.796+0000] {dag.py:4180} INFO - Setting next_dagrun for dataset_alias_example_alias_consumer to None, run_after=None
[2025-03-24T08:30:27.800+0000] {logging_mixin.py:190} INFO - [2025-03-24T08:30:27.800+0000] {dag.py:4180} INFO - Setting next_dagrun for dataset_alias_example_alias_producer to None, run_after=None
[2025-03-24T08:30:27.802+0000] {logging_mixin.py:190} INFO - [2025-03-24T08:30:27.802+0000] {dag.py:4180} INFO - Setting next_dagrun for dataset_s3_bucket_consumer to None, run_after=None
[2025-03-24T08:30:27.804+0000] {logging_mixin.py:190} INFO - [2025-03-24T08:30:27.804+0000] {dag.py:4180} INFO - Setting next_dagrun for dataset_s3_bucket_producer to None, run_after=None
[2025-03-24T08:30:27.831+0000] {processor.py:208} INFO - Processing /home/airflow/.local/lib/python3.12/site-packages/airflow/example_dags/example_dataset_alias.py took 0.717 seconds
[2025-03-24T08:30:58.426+0000] {processor.py:186} INFO - Started process (PID=2668) to work on /home/airflow/.local/lib/python3.12/site-packages/airflow/example_dags/example_dataset_alias.py
[2025-03-24T08:30:58.427+0000] {processor.py:914} INFO - Processing file /home/airflow/.local/lib/python3.12/site-packages/airflow/example_dags/example_dataset_alias.py for tasks to queue
[2025-03-24T08:30:58.430+0000] {logging_mixin.py:190} INFO - [2025-03-24T08:30:58.429+0000] {dagbag.py:588} INFO - Filling up the DagBag from /home/airflow/.local/lib/python3.12/site-packages/airflow/example_dags/example_dataset_alias.py
[2025-03-24T08:30:59.085+0000] {processor.py:925} INFO - DAG(s) 'dataset_alias_example_alias_consumer', 'dataset_alias_example_alias_producer', 'dataset_s3_bucket_producer', 'dataset_s3_bucket_consumer' retrieved from /home/airflow/.local/lib/python3.12/site-packages/airflow/example_dags/example_dataset_alias.py
[2025-03-24T08:30:59.112+0000] {logging_mixin.py:190} INFO - [2025-03-24T08:30:59.111+0000] {dag.py:3239} INFO - Sync 4 DAGs
[2025-03-24T08:30:59.140+0000] {logging_mixin.py:190} INFO - [2025-03-24T08:30:59.140+0000] {dag.py:4180} INFO - Setting next_dagrun for dataset_alias_example_alias_consumer to None, run_after=None
[2025-03-24T08:30:59.144+0000] {logging_mixin.py:190} INFO - [2025-03-24T08:30:59.143+0000] {dag.py:4180} INFO - Setting next_dagrun for dataset_alias_example_alias_producer to None, run_after=None
[2025-03-24T08:30:59.146+0000] {logging_mixin.py:190} INFO - [2025-03-24T08:30:59.146+0000] {dag.py:4180} INFO - Setting next_dagrun for dataset_s3_bucket_consumer to None, run_after=None
[2025-03-24T08:30:59.148+0000] {logging_mixin.py:190} INFO - [2025-03-24T08:30:59.148+0000] {dag.py:4180} INFO - Setting next_dagrun for dataset_s3_bucket_producer to None, run_after=None
[2025-03-24T08:30:59.177+0000] {processor.py:208} INFO - Processing /home/airflow/.local/lib/python3.12/site-packages/airflow/example_dags/example_dataset_alias.py took 0.758 seconds
[2025-03-24T08:31:30.153+0000] {processor.py:186} INFO - Started process (PID=2731) to work on /home/airflow/.local/lib/python3.12/site-packages/airflow/example_dags/example_dataset_alias.py
[2025-03-24T08:31:30.154+0000] {processor.py:914} INFO - Processing file /home/airflow/.local/lib/python3.12/site-packages/airflow/example_dags/example_dataset_alias.py for tasks to queue
[2025-03-24T08:31:30.157+0000] {logging_mixin.py:190} INFO - [2025-03-24T08:31:30.157+0000] {dagbag.py:588} INFO - Filling up the DagBag from /home/airflow/.local/lib/python3.12/site-packages/airflow/example_dags/example_dataset_alias.py
[2025-03-24T08:31:30.812+0000] {processor.py:925} INFO - DAG(s) 'dataset_s3_bucket_consumer', 'dataset_alias_example_alias_producer', 'dataset_s3_bucket_producer', 'dataset_alias_example_alias_consumer' retrieved from /home/airflow/.local/lib/python3.12/site-packages/airflow/example_dags/example_dataset_alias.py
[2025-03-24T08:31:30.837+0000] {logging_mixin.py:190} INFO - [2025-03-24T08:31:30.837+0000] {dag.py:3239} INFO - Sync 4 DAGs
[2025-03-24T08:31:30.865+0000] {logging_mixin.py:190} INFO - [2025-03-24T08:31:30.865+0000] {dag.py:4180} INFO - Setting next_dagrun for dataset_alias_example_alias_consumer to None, run_after=None
[2025-03-24T08:31:30.869+0000] {logging_mixin.py:190} INFO - [2025-03-24T08:31:30.869+0000] {dag.py:4180} INFO - Setting next_dagrun for dataset_alias_example_alias_producer to None, run_after=None
[2025-03-24T08:31:30.871+0000] {logging_mixin.py:190} INFO - [2025-03-24T08:31:30.870+0000] {dag.py:4180} INFO - Setting next_dagrun for dataset_s3_bucket_consumer to None, run_after=None
[2025-03-24T08:31:30.873+0000] {logging_mixin.py:190} INFO - [2025-03-24T08:31:30.872+0000] {dag.py:4180} INFO - Setting next_dagrun for dataset_s3_bucket_producer to None, run_after=None
[2025-03-24T08:31:30.901+0000] {processor.py:208} INFO - Processing /home/airflow/.local/lib/python3.12/site-packages/airflow/example_dags/example_dataset_alias.py took 0.754 seconds
[2025-03-24T08:32:02.424+0000] {processor.py:186} INFO - Started process (PID=2808) to work on /home/airflow/.local/lib/python3.12/site-packages/airflow/example_dags/example_dataset_alias.py
[2025-03-24T08:32:02.426+0000] {processor.py:914} INFO - Processing file /home/airflow/.local/lib/python3.12/site-packages/airflow/example_dags/example_dataset_alias.py for tasks to queue
[2025-03-24T08:32:02.428+0000] {logging_mixin.py:190} INFO - [2025-03-24T08:32:02.428+0000] {dagbag.py:588} INFO - Filling up the DagBag from /home/airflow/.local/lib/python3.12/site-packages/airflow/example_dags/example_dataset_alias.py
[2025-03-24T08:32:03.066+0000] {processor.py:925} INFO - DAG(s) 'dataset_s3_bucket_producer', 'dataset_s3_bucket_consumer', 'dataset_alias_example_alias_consumer', 'dataset_alias_example_alias_producer' retrieved from /home/airflow/.local/lib/python3.12/site-packages/airflow/example_dags/example_dataset_alias.py
[2025-03-24T08:32:03.096+0000] {logging_mixin.py:190} INFO - [2025-03-24T08:32:03.095+0000] {dag.py:3239} INFO - Sync 4 DAGs
[2025-03-24T08:32:03.125+0000] {logging_mixin.py:190} INFO - [2025-03-24T08:32:03.124+0000] {dag.py:4180} INFO - Setting next_dagrun for dataset_alias_example_alias_consumer to None, run_after=None
[2025-03-24T08:32:03.128+0000] {logging_mixin.py:190} INFO - [2025-03-24T08:32:03.128+0000] {dag.py:4180} INFO - Setting next_dagrun for dataset_alias_example_alias_producer to None, run_after=None
[2025-03-24T08:32:03.131+0000] {logging_mixin.py:190} INFO - [2025-03-24T08:32:03.130+0000] {dag.py:4180} INFO - Setting next_dagrun for dataset_s3_bucket_consumer to None, run_after=None
[2025-03-24T08:32:03.133+0000] {logging_mixin.py:190} INFO - [2025-03-24T08:32:03.133+0000] {dag.py:4180} INFO - Setting next_dagrun for dataset_s3_bucket_producer to None, run_after=None
[2025-03-24T08:32:03.159+0000] {processor.py:208} INFO - Processing /home/airflow/.local/lib/python3.12/site-packages/airflow/example_dags/example_dataset_alias.py took 0.743 seconds
[2025-03-24T08:32:34.309+0000] {processor.py:186} INFO - Started process (PID=2878) to work on /home/airflow/.local/lib/python3.12/site-packages/airflow/example_dags/example_dataset_alias.py
[2025-03-24T08:32:34.310+0000] {processor.py:914} INFO - Processing file /home/airflow/.local/lib/python3.12/site-packages/airflow/example_dags/example_dataset_alias.py for tasks to queue
[2025-03-24T08:32:34.313+0000] {logging_mixin.py:190} INFO - [2025-03-24T08:32:34.313+0000] {dagbag.py:588} INFO - Filling up the DagBag from /home/airflow/.local/lib/python3.12/site-packages/airflow/example_dags/example_dataset_alias.py
[2025-03-24T08:32:34.962+0000] {processor.py:925} INFO - DAG(s) 'dataset_s3_bucket_producer', 'dataset_alias_example_alias_producer', 'dataset_s3_bucket_consumer', 'dataset_alias_example_alias_consumer' retrieved from /home/airflow/.local/lib/python3.12/site-packages/airflow/example_dags/example_dataset_alias.py
[2025-03-24T08:32:34.988+0000] {logging_mixin.py:190} INFO - [2025-03-24T08:32:34.987+0000] {dag.py:3239} INFO - Sync 4 DAGs
[2025-03-24T08:32:35.019+0000] {logging_mixin.py:190} INFO - [2025-03-24T08:32:35.018+0000] {dag.py:4180} INFO - Setting next_dagrun for dataset_alias_example_alias_consumer to None, run_after=None
[2025-03-24T08:32:35.022+0000] {logging_mixin.py:190} INFO - [2025-03-24T08:32:35.022+0000] {dag.py:4180} INFO - Setting next_dagrun for dataset_alias_example_alias_producer to None, run_after=None
[2025-03-24T08:32:35.025+0000] {logging_mixin.py:190} INFO - [2025-03-24T08:32:35.025+0000] {dag.py:4180} INFO - Setting next_dagrun for dataset_s3_bucket_consumer to None, run_after=None
[2025-03-24T08:32:35.027+0000] {logging_mixin.py:190} INFO - [2025-03-24T08:32:35.027+0000] {dag.py:4180} INFO - Setting next_dagrun for dataset_s3_bucket_producer to None, run_after=None
[2025-03-24T08:32:35.057+0000] {processor.py:208} INFO - Processing /home/airflow/.local/lib/python3.12/site-packages/airflow/example_dags/example_dataset_alias.py took 0.754 seconds
[2025-03-24T08:33:06.059+0000] {processor.py:186} INFO - Started process (PID=2948) to work on /home/airflow/.local/lib/python3.12/site-packages/airflow/example_dags/example_dataset_alias.py
[2025-03-24T08:33:06.061+0000] {processor.py:914} INFO - Processing file /home/airflow/.local/lib/python3.12/site-packages/airflow/example_dags/example_dataset_alias.py for tasks to queue
[2025-03-24T08:33:06.064+0000] {logging_mixin.py:190} INFO - [2025-03-24T08:33:06.064+0000] {dagbag.py:588} INFO - Filling up the DagBag from /home/airflow/.local/lib/python3.12/site-packages/airflow/example_dags/example_dataset_alias.py
[2025-03-24T08:33:06.701+0000] {processor.py:925} INFO - DAG(s) 'dataset_s3_bucket_consumer', 'dataset_s3_bucket_producer', 'dataset_alias_example_alias_consumer', 'dataset_alias_example_alias_producer' retrieved from /home/airflow/.local/lib/python3.12/site-packages/airflow/example_dags/example_dataset_alias.py
[2025-03-24T08:33:06.725+0000] {logging_mixin.py:190} INFO - [2025-03-24T08:33:06.725+0000] {dag.py:3239} INFO - Sync 4 DAGs
[2025-03-24T08:33:06.749+0000] {logging_mixin.py:190} INFO - [2025-03-24T08:33:06.749+0000] {dag.py:4180} INFO - Setting next_dagrun for dataset_alias_example_alias_consumer to None, run_after=None
[2025-03-24T08:33:06.753+0000] {logging_mixin.py:190} INFO - [2025-03-24T08:33:06.752+0000] {dag.py:4180} INFO - Setting next_dagrun for dataset_alias_example_alias_producer to None, run_after=None
[2025-03-24T08:33:06.756+0000] {logging_mixin.py:190} INFO - [2025-03-24T08:33:06.756+0000] {dag.py:4180} INFO - Setting next_dagrun for dataset_s3_bucket_consumer to None, run_after=None
[2025-03-24T08:33:06.758+0000] {logging_mixin.py:190} INFO - [2025-03-24T08:33:06.758+0000] {dag.py:4180} INFO - Setting next_dagrun for dataset_s3_bucket_producer to None, run_after=None
[2025-03-24T08:33:06.784+0000] {processor.py:208} INFO - Processing /home/airflow/.local/lib/python3.12/site-packages/airflow/example_dags/example_dataset_alias.py took 0.732 seconds
