[2025-03-24T08:10:06.521+0000] {processor.py:186} INFO - Started process (PID=75) to work on /home/airflow/.local/lib/python3.12/site-packages/airflow/example_dags/example_workday_timetable.py
[2025-03-24T08:10:06.522+0000] {processor.py:914} INFO - Processing file /home/airflow/.local/lib/python3.12/site-packages/airflow/example_dags/example_workday_timetable.py for tasks to queue
[2025-03-24T08:10:06.524+0000] {logging_mixin.py:190} INFO - [2025-03-24T08:10:06.524+0000] {dagbag.py:588} INFO - Filling up the DagBag from /home/airflow/.local/lib/python3.12/site-packages/airflow/example_dags/example_workday_timetable.py
[2025-03-24T08:10:06.533+0000] {processor.py:925} INFO - DAG(s) 'example_workday_timetable' retrieved from /home/airflow/.local/lib/python3.12/site-packages/airflow/example_dags/example_workday_timetable.py
[2025-03-24T08:10:06.657+0000] {logging_mixin.py:190} INFO - [2025-03-24T08:10:06.656+0000] {override.py:1912} INFO - Created Permission View: can read on DAG:example_workday_timetable
[2025-03-24T08:10:06.670+0000] {logging_mixin.py:190} INFO - [2025-03-24T08:10:06.670+0000] {override.py:1912} INFO - Created Permission View: can delete on DAG:example_workday_timetable
[2025-03-24T08:10:06.679+0000] {logging_mixin.py:190} INFO - [2025-03-24T08:10:06.678+0000] {override.py:1912} INFO - Created Permission View: can edit on DAG:example_workday_timetable
[2025-03-24T08:10:06.689+0000] {logging_mixin.py:190} INFO - [2025-03-24T08:10:06.688+0000] {override.py:1912} INFO - Created Permission View: can create on DAG Run:example_workday_timetable
[2025-03-24T08:10:06.697+0000] {logging_mixin.py:190} INFO - [2025-03-24T08:10:06.697+0000] {override.py:1912} INFO - Created Permission View: menu access on DAG Run:example_workday_timetable
[2025-03-24T08:10:06.706+0000] {logging_mixin.py:190} INFO - [2025-03-24T08:10:06.705+0000] {override.py:1912} INFO - Created Permission View: can read on DAG Run:example_workday_timetable
[2025-03-24T08:10:06.715+0000] {logging_mixin.py:190} INFO - [2025-03-24T08:10:06.714+0000] {override.py:1912} INFO - Created Permission View: can delete on DAG Run:example_workday_timetable
[2025-03-24T08:10:06.716+0000] {logging_mixin.py:190} INFO - [2025-03-24T08:10:06.715+0000] {dag.py:3239} INFO - Sync 1 DAGs
[2025-03-24T08:10:06.730+0000] {logging_mixin.py:190} INFO - [2025-03-24T08:10:06.729+0000] {dag.py:3262} INFO - Creating ORM DAG for example_workday_timetable
[2025-03-24T08:10:06.789+0000] {logging_mixin.py:190} INFO - [2025-03-24T08:10:06.789+0000] {dag.py:4180} INFO - Setting next_dagrun for example_workday_timetable to 2021-01-04 00:00:00+00:00, run_after=2021-01-05 00:00:00+00:00
[2025-03-24T08:10:06.810+0000] {processor.py:208} INFO - Processing /home/airflow/.local/lib/python3.12/site-packages/airflow/example_dags/example_workday_timetable.py took 0.296 seconds
[2025-03-24T08:10:37.651+0000] {processor.py:186} INFO - Started process (PID=139) to work on /home/airflow/.local/lib/python3.12/site-packages/airflow/example_dags/example_workday_timetable.py
[2025-03-24T08:10:37.652+0000] {processor.py:914} INFO - Processing file /home/airflow/.local/lib/python3.12/site-packages/airflow/example_dags/example_workday_timetable.py for tasks to queue
[2025-03-24T08:10:37.655+0000] {logging_mixin.py:190} INFO - [2025-03-24T08:10:37.654+0000] {dagbag.py:588} INFO - Filling up the DagBag from /home/airflow/.local/lib/python3.12/site-packages/airflow/example_dags/example_workday_timetable.py
[2025-03-24T08:10:37.661+0000] {processor.py:925} INFO - DAG(s) 'example_workday_timetable' retrieved from /home/airflow/.local/lib/python3.12/site-packages/airflow/example_dags/example_workday_timetable.py
[2025-03-24T08:10:37.685+0000] {logging_mixin.py:190} INFO - [2025-03-24T08:10:37.685+0000] {dag.py:3239} INFO - Sync 1 DAGs
[2025-03-24T08:10:37.761+0000] {logging_mixin.py:190} INFO - [2025-03-24T08:10:37.761+0000] {dag.py:4180} INFO - Setting next_dagrun for example_workday_timetable to 2021-01-04 00:00:00+00:00, run_after=2021-01-05 00:00:00+00:00
[2025-03-24T08:10:37.789+0000] {processor.py:208} INFO - Processing /home/airflow/.local/lib/python3.12/site-packages/airflow/example_dags/example_workday_timetable.py took 0.148 seconds
[2025-03-24T08:11:07.995+0000] {processor.py:186} INFO - Started process (PID=202) to work on /home/airflow/.local/lib/python3.12/site-packages/airflow/example_dags/example_workday_timetable.py
[2025-03-24T08:11:07.997+0000] {processor.py:914} INFO - Processing file /home/airflow/.local/lib/python3.12/site-packages/airflow/example_dags/example_workday_timetable.py for tasks to queue
[2025-03-24T08:11:07.999+0000] {logging_mixin.py:190} INFO - [2025-03-24T08:11:07.999+0000] {dagbag.py:588} INFO - Filling up the DagBag from /home/airflow/.local/lib/python3.12/site-packages/airflow/example_dags/example_workday_timetable.py
[2025-03-24T08:11:08.005+0000] {processor.py:925} INFO - DAG(s) 'example_workday_timetable' retrieved from /home/airflow/.local/lib/python3.12/site-packages/airflow/example_dags/example_workday_timetable.py
[2025-03-24T08:11:08.026+0000] {logging_mixin.py:190} INFO - [2025-03-24T08:11:08.026+0000] {dag.py:3239} INFO - Sync 1 DAGs
[2025-03-24T08:11:08.097+0000] {logging_mixin.py:190} INFO - [2025-03-24T08:11:08.096+0000] {dag.py:4180} INFO - Setting next_dagrun for example_workday_timetable to 2021-01-04 00:00:00+00:00, run_after=2021-01-05 00:00:00+00:00
[2025-03-24T08:11:08.119+0000] {processor.py:208} INFO - Processing /home/airflow/.local/lib/python3.12/site-packages/airflow/example_dags/example_workday_timetable.py took 0.130 seconds
[2025-03-24T08:11:38.613+0000] {processor.py:186} INFO - Started process (PID=266) to work on /home/airflow/.local/lib/python3.12/site-packages/airflow/example_dags/example_workday_timetable.py
[2025-03-24T08:11:38.614+0000] {processor.py:914} INFO - Processing file /home/airflow/.local/lib/python3.12/site-packages/airflow/example_dags/example_workday_timetable.py for tasks to queue
[2025-03-24T08:11:38.617+0000] {logging_mixin.py:190} INFO - [2025-03-24T08:11:38.617+0000] {dagbag.py:588} INFO - Filling up the DagBag from /home/airflow/.local/lib/python3.12/site-packages/airflow/example_dags/example_workday_timetable.py
[2025-03-24T08:11:38.623+0000] {processor.py:925} INFO - DAG(s) 'example_workday_timetable' retrieved from /home/airflow/.local/lib/python3.12/site-packages/airflow/example_dags/example_workday_timetable.py
[2025-03-24T08:11:38.645+0000] {logging_mixin.py:190} INFO - [2025-03-24T08:11:38.644+0000] {dag.py:3239} INFO - Sync 1 DAGs
[2025-03-24T08:11:38.715+0000] {logging_mixin.py:190} INFO - [2025-03-24T08:11:38.715+0000] {dag.py:4180} INFO - Setting next_dagrun for example_workday_timetable to 2021-01-04 00:00:00+00:00, run_after=2021-01-05 00:00:00+00:00
[2025-03-24T08:11:38.737+0000] {processor.py:208} INFO - Processing /home/airflow/.local/lib/python3.12/site-packages/airflow/example_dags/example_workday_timetable.py took 0.131 seconds
[2025-03-24T08:12:08.980+0000] {processor.py:186} INFO - Started process (PID=330) to work on /home/airflow/.local/lib/python3.12/site-packages/airflow/example_dags/example_workday_timetable.py
[2025-03-24T08:12:08.981+0000] {processor.py:914} INFO - Processing file /home/airflow/.local/lib/python3.12/site-packages/airflow/example_dags/example_workday_timetable.py for tasks to queue
[2025-03-24T08:12:08.984+0000] {logging_mixin.py:190} INFO - [2025-03-24T08:12:08.984+0000] {dagbag.py:588} INFO - Filling up the DagBag from /home/airflow/.local/lib/python3.12/site-packages/airflow/example_dags/example_workday_timetable.py
[2025-03-24T08:12:08.990+0000] {processor.py:925} INFO - DAG(s) 'example_workday_timetable' retrieved from /home/airflow/.local/lib/python3.12/site-packages/airflow/example_dags/example_workday_timetable.py
[2025-03-24T08:12:09.012+0000] {logging_mixin.py:190} INFO - [2025-03-24T08:12:09.012+0000] {dag.py:3239} INFO - Sync 1 DAGs
[2025-03-24T08:12:09.088+0000] {logging_mixin.py:190} INFO - [2025-03-24T08:12:09.088+0000] {dag.py:4180} INFO - Setting next_dagrun for example_workday_timetable to 2021-01-04 00:00:00+00:00, run_after=2021-01-05 00:00:00+00:00
[2025-03-24T08:12:09.111+0000] {processor.py:208} INFO - Processing /home/airflow/.local/lib/python3.12/site-packages/airflow/example_dags/example_workday_timetable.py took 0.138 seconds
[2025-03-24T08:12:39.287+0000] {processor.py:186} INFO - Started process (PID=395) to work on /home/airflow/.local/lib/python3.12/site-packages/airflow/example_dags/example_workday_timetable.py
[2025-03-24T08:12:39.288+0000] {processor.py:914} INFO - Processing file /home/airflow/.local/lib/python3.12/site-packages/airflow/example_dags/example_workday_timetable.py for tasks to queue
[2025-03-24T08:12:39.290+0000] {logging_mixin.py:190} INFO - [2025-03-24T08:12:39.290+0000] {dagbag.py:588} INFO - Filling up the DagBag from /home/airflow/.local/lib/python3.12/site-packages/airflow/example_dags/example_workday_timetable.py
[2025-03-24T08:12:39.296+0000] {processor.py:925} INFO - DAG(s) 'example_workday_timetable' retrieved from /home/airflow/.local/lib/python3.12/site-packages/airflow/example_dags/example_workday_timetable.py
[2025-03-24T08:12:39.317+0000] {logging_mixin.py:190} INFO - [2025-03-24T08:12:39.317+0000] {dag.py:3239} INFO - Sync 1 DAGs
[2025-03-24T08:12:39.389+0000] {logging_mixin.py:190} INFO - [2025-03-24T08:12:39.388+0000] {dag.py:4180} INFO - Setting next_dagrun for example_workday_timetable to 2021-01-04 00:00:00+00:00, run_after=2021-01-05 00:00:00+00:00
[2025-03-24T08:12:39.408+0000] {processor.py:208} INFO - Processing /home/airflow/.local/lib/python3.12/site-packages/airflow/example_dags/example_workday_timetable.py took 0.127 seconds
[2025-03-24T08:13:09.535+0000] {processor.py:186} INFO - Started process (PID=459) to work on /home/airflow/.local/lib/python3.12/site-packages/airflow/example_dags/example_workday_timetable.py
[2025-03-24T08:13:09.536+0000] {processor.py:914} INFO - Processing file /home/airflow/.local/lib/python3.12/site-packages/airflow/example_dags/example_workday_timetable.py for tasks to queue
[2025-03-24T08:13:09.539+0000] {logging_mixin.py:190} INFO - [2025-03-24T08:13:09.538+0000] {dagbag.py:588} INFO - Filling up the DagBag from /home/airflow/.local/lib/python3.12/site-packages/airflow/example_dags/example_workday_timetable.py
[2025-03-24T08:13:09.545+0000] {processor.py:925} INFO - DAG(s) 'example_workday_timetable' retrieved from /home/airflow/.local/lib/python3.12/site-packages/airflow/example_dags/example_workday_timetable.py
[2025-03-24T08:13:09.566+0000] {logging_mixin.py:190} INFO - [2025-03-24T08:13:09.566+0000] {dag.py:3239} INFO - Sync 1 DAGs
[2025-03-24T08:13:09.637+0000] {logging_mixin.py:190} INFO - [2025-03-24T08:13:09.637+0000] {dag.py:4180} INFO - Setting next_dagrun for example_workday_timetable to 2021-01-04 00:00:00+00:00, run_after=2021-01-05 00:00:00+00:00
[2025-03-24T08:13:09.656+0000] {processor.py:208} INFO - Processing /home/airflow/.local/lib/python3.12/site-packages/airflow/example_dags/example_workday_timetable.py took 0.128 seconds
[2025-03-24T08:13:40.374+0000] {processor.py:186} INFO - Started process (PID=522) to work on /home/airflow/.local/lib/python3.12/site-packages/airflow/example_dags/example_workday_timetable.py
[2025-03-24T08:13:40.376+0000] {processor.py:914} INFO - Processing file /home/airflow/.local/lib/python3.12/site-packages/airflow/example_dags/example_workday_timetable.py for tasks to queue
[2025-03-24T08:13:40.378+0000] {logging_mixin.py:190} INFO - [2025-03-24T08:13:40.378+0000] {dagbag.py:588} INFO - Filling up the DagBag from /home/airflow/.local/lib/python3.12/site-packages/airflow/example_dags/example_workday_timetable.py
[2025-03-24T08:13:40.384+0000] {processor.py:925} INFO - DAG(s) 'example_workday_timetable' retrieved from /home/airflow/.local/lib/python3.12/site-packages/airflow/example_dags/example_workday_timetable.py
[2025-03-24T08:13:40.404+0000] {logging_mixin.py:190} INFO - [2025-03-24T08:13:40.404+0000] {dag.py:3239} INFO - Sync 1 DAGs
[2025-03-24T08:13:40.472+0000] {logging_mixin.py:190} INFO - [2025-03-24T08:13:40.472+0000] {dag.py:4180} INFO - Setting next_dagrun for example_workday_timetable to 2021-01-04 00:00:00+00:00, run_after=2021-01-05 00:00:00+00:00
[2025-03-24T08:13:40.495+0000] {processor.py:208} INFO - Processing /home/airflow/.local/lib/python3.12/site-packages/airflow/example_dags/example_workday_timetable.py took 0.127 seconds
[2025-03-24T08:14:10.571+0000] {processor.py:186} INFO - Started process (PID=586) to work on /home/airflow/.local/lib/python3.12/site-packages/airflow/example_dags/example_workday_timetable.py
[2025-03-24T08:14:10.572+0000] {processor.py:914} INFO - Processing file /home/airflow/.local/lib/python3.12/site-packages/airflow/example_dags/example_workday_timetable.py for tasks to queue
[2025-03-24T08:14:10.575+0000] {logging_mixin.py:190} INFO - [2025-03-24T08:14:10.575+0000] {dagbag.py:588} INFO - Filling up the DagBag from /home/airflow/.local/lib/python3.12/site-packages/airflow/example_dags/example_workday_timetable.py
[2025-03-24T08:14:10.581+0000] {processor.py:925} INFO - DAG(s) 'example_workday_timetable' retrieved from /home/airflow/.local/lib/python3.12/site-packages/airflow/example_dags/example_workday_timetable.py
[2025-03-24T08:14:10.601+0000] {logging_mixin.py:190} INFO - [2025-03-24T08:14:10.601+0000] {dag.py:3239} INFO - Sync 1 DAGs
[2025-03-24T08:14:10.669+0000] {logging_mixin.py:190} INFO - [2025-03-24T08:14:10.669+0000] {dag.py:4180} INFO - Setting next_dagrun for example_workday_timetable to 2021-01-04 00:00:00+00:00, run_after=2021-01-05 00:00:00+00:00
[2025-03-24T08:14:10.689+0000] {processor.py:208} INFO - Processing /home/airflow/.local/lib/python3.12/site-packages/airflow/example_dags/example_workday_timetable.py took 0.124 seconds
[2025-03-24T08:14:41.560+0000] {processor.py:186} INFO - Started process (PID=650) to work on /home/airflow/.local/lib/python3.12/site-packages/airflow/example_dags/example_workday_timetable.py
[2025-03-24T08:14:41.561+0000] {processor.py:914} INFO - Processing file /home/airflow/.local/lib/python3.12/site-packages/airflow/example_dags/example_workday_timetable.py for tasks to queue
[2025-03-24T08:14:41.564+0000] {logging_mixin.py:190} INFO - [2025-03-24T08:14:41.563+0000] {dagbag.py:588} INFO - Filling up the DagBag from /home/airflow/.local/lib/python3.12/site-packages/airflow/example_dags/example_workday_timetable.py
[2025-03-24T08:14:41.570+0000] {processor.py:925} INFO - DAG(s) 'example_workday_timetable' retrieved from /home/airflow/.local/lib/python3.12/site-packages/airflow/example_dags/example_workday_timetable.py
[2025-03-24T08:14:41.589+0000] {logging_mixin.py:190} INFO - [2025-03-24T08:14:41.589+0000] {dag.py:3239} INFO - Sync 1 DAGs
[2025-03-24T08:14:41.657+0000] {logging_mixin.py:190} INFO - [2025-03-24T08:14:41.657+0000] {dag.py:4180} INFO - Setting next_dagrun for example_workday_timetable to 2021-01-04 00:00:00+00:00, run_after=2021-01-05 00:00:00+00:00
[2025-03-24T08:14:41.687+0000] {processor.py:208} INFO - Processing /home/airflow/.local/lib/python3.12/site-packages/airflow/example_dags/example_workday_timetable.py took 0.134 seconds
[2025-03-24T08:15:11.789+0000] {processor.py:186} INFO - Started process (PID=714) to work on /home/airflow/.local/lib/python3.12/site-packages/airflow/example_dags/example_workday_timetable.py
[2025-03-24T08:15:11.790+0000] {processor.py:914} INFO - Processing file /home/airflow/.local/lib/python3.12/site-packages/airflow/example_dags/example_workday_timetable.py for tasks to queue
[2025-03-24T08:15:11.793+0000] {logging_mixin.py:190} INFO - [2025-03-24T08:15:11.792+0000] {dagbag.py:588} INFO - Filling up the DagBag from /home/airflow/.local/lib/python3.12/site-packages/airflow/example_dags/example_workday_timetable.py
[2025-03-24T08:15:11.799+0000] {processor.py:925} INFO - DAG(s) 'example_workday_timetable' retrieved from /home/airflow/.local/lib/python3.12/site-packages/airflow/example_dags/example_workday_timetable.py
[2025-03-24T08:15:11.819+0000] {logging_mixin.py:190} INFO - [2025-03-24T08:15:11.819+0000] {dag.py:3239} INFO - Sync 1 DAGs
[2025-03-24T08:15:11.888+0000] {logging_mixin.py:190} INFO - [2025-03-24T08:15:11.888+0000] {dag.py:4180} INFO - Setting next_dagrun for example_workday_timetable to 2021-01-04 00:00:00+00:00, run_after=2021-01-05 00:00:00+00:00
[2025-03-24T08:15:11.912+0000] {processor.py:208} INFO - Processing /home/airflow/.local/lib/python3.12/site-packages/airflow/example_dags/example_workday_timetable.py took 0.130 seconds
[2025-03-24T08:15:42.119+0000] {processor.py:186} INFO - Started process (PID=778) to work on /home/airflow/.local/lib/python3.12/site-packages/airflow/example_dags/example_workday_timetable.py
[2025-03-24T08:15:42.120+0000] {processor.py:914} INFO - Processing file /home/airflow/.local/lib/python3.12/site-packages/airflow/example_dags/example_workday_timetable.py for tasks to queue
[2025-03-24T08:15:42.123+0000] {logging_mixin.py:190} INFO - [2025-03-24T08:15:42.122+0000] {dagbag.py:588} INFO - Filling up the DagBag from /home/airflow/.local/lib/python3.12/site-packages/airflow/example_dags/example_workday_timetable.py
[2025-03-24T08:15:42.129+0000] {processor.py:925} INFO - DAG(s) 'example_workday_timetable' retrieved from /home/airflow/.local/lib/python3.12/site-packages/airflow/example_dags/example_workday_timetable.py
[2025-03-24T08:15:42.151+0000] {logging_mixin.py:190} INFO - [2025-03-24T08:15:42.150+0000] {dag.py:3239} INFO - Sync 1 DAGs
[2025-03-24T08:15:42.221+0000] {logging_mixin.py:190} INFO - [2025-03-24T08:15:42.221+0000] {dag.py:4180} INFO - Setting next_dagrun for example_workday_timetable to 2021-01-04 00:00:00+00:00, run_after=2021-01-05 00:00:00+00:00
[2025-03-24T08:15:42.245+0000] {processor.py:208} INFO - Processing /home/airflow/.local/lib/python3.12/site-packages/airflow/example_dags/example_workday_timetable.py took 0.132 seconds
[2025-03-24T08:16:12.849+0000] {processor.py:186} INFO - Started process (PID=842) to work on /home/airflow/.local/lib/python3.12/site-packages/airflow/example_dags/example_workday_timetable.py
[2025-03-24T08:16:12.850+0000] {processor.py:914} INFO - Processing file /home/airflow/.local/lib/python3.12/site-packages/airflow/example_dags/example_workday_timetable.py for tasks to queue
[2025-03-24T08:16:12.852+0000] {logging_mixin.py:190} INFO - [2025-03-24T08:16:12.852+0000] {dagbag.py:588} INFO - Filling up the DagBag from /home/airflow/.local/lib/python3.12/site-packages/airflow/example_dags/example_workday_timetable.py
[2025-03-24T08:16:12.858+0000] {processor.py:925} INFO - DAG(s) 'example_workday_timetable' retrieved from /home/airflow/.local/lib/python3.12/site-packages/airflow/example_dags/example_workday_timetable.py
[2025-03-24T08:16:12.880+0000] {logging_mixin.py:190} INFO - [2025-03-24T08:16:12.879+0000] {dag.py:3239} INFO - Sync 1 DAGs
[2025-03-24T08:16:12.949+0000] {logging_mixin.py:190} INFO - [2025-03-24T08:16:12.948+0000] {dag.py:4180} INFO - Setting next_dagrun for example_workday_timetable to 2021-01-04 00:00:00+00:00, run_after=2021-01-05 00:00:00+00:00
[2025-03-24T08:16:12.975+0000] {processor.py:208} INFO - Processing /home/airflow/.local/lib/python3.12/site-packages/airflow/example_dags/example_workday_timetable.py took 0.132 seconds
[2025-03-24T08:16:43.035+0000] {processor.py:186} INFO - Started process (PID=906) to work on /home/airflow/.local/lib/python3.12/site-packages/airflow/example_dags/example_workday_timetable.py
[2025-03-24T08:16:43.037+0000] {processor.py:914} INFO - Processing file /home/airflow/.local/lib/python3.12/site-packages/airflow/example_dags/example_workday_timetable.py for tasks to queue
[2025-03-24T08:16:43.039+0000] {logging_mixin.py:190} INFO - [2025-03-24T08:16:43.039+0000] {dagbag.py:588} INFO - Filling up the DagBag from /home/airflow/.local/lib/python3.12/site-packages/airflow/example_dags/example_workday_timetable.py
[2025-03-24T08:16:43.046+0000] {processor.py:925} INFO - DAG(s) 'example_workday_timetable' retrieved from /home/airflow/.local/lib/python3.12/site-packages/airflow/example_dags/example_workday_timetable.py
[2025-03-24T08:16:43.067+0000] {logging_mixin.py:190} INFO - [2025-03-24T08:16:43.067+0000] {dag.py:3239} INFO - Sync 1 DAGs
[2025-03-24T08:16:43.143+0000] {logging_mixin.py:190} INFO - [2025-03-24T08:16:43.143+0000] {dag.py:4180} INFO - Setting next_dagrun for example_workday_timetable to 2021-01-04 00:00:00+00:00, run_after=2021-01-05 00:00:00+00:00
[2025-03-24T08:16:43.168+0000] {processor.py:208} INFO - Processing /home/airflow/.local/lib/python3.12/site-packages/airflow/example_dags/example_workday_timetable.py took 0.139 seconds
[2025-03-24T08:17:13.274+0000] {processor.py:186} INFO - Started process (PID=970) to work on /home/airflow/.local/lib/python3.12/site-packages/airflow/example_dags/example_workday_timetable.py
[2025-03-24T08:17:13.276+0000] {processor.py:914} INFO - Processing file /home/airflow/.local/lib/python3.12/site-packages/airflow/example_dags/example_workday_timetable.py for tasks to queue
[2025-03-24T08:17:13.278+0000] {logging_mixin.py:190} INFO - [2025-03-24T08:17:13.278+0000] {dagbag.py:588} INFO - Filling up the DagBag from /home/airflow/.local/lib/python3.12/site-packages/airflow/example_dags/example_workday_timetable.py
[2025-03-24T08:17:13.284+0000] {processor.py:925} INFO - DAG(s) 'example_workday_timetable' retrieved from /home/airflow/.local/lib/python3.12/site-packages/airflow/example_dags/example_workday_timetable.py
[2025-03-24T08:17:13.305+0000] {logging_mixin.py:190} INFO - [2025-03-24T08:17:13.305+0000] {dag.py:3239} INFO - Sync 1 DAGs
[2025-03-24T08:17:13.378+0000] {logging_mixin.py:190} INFO - [2025-03-24T08:17:13.378+0000] {dag.py:4180} INFO - Setting next_dagrun for example_workday_timetable to 2021-01-04 00:00:00+00:00, run_after=2021-01-05 00:00:00+00:00
[2025-03-24T08:17:13.401+0000] {processor.py:208} INFO - Processing /home/airflow/.local/lib/python3.12/site-packages/airflow/example_dags/example_workday_timetable.py took 0.133 seconds
[2025-03-24T08:17:44.240+0000] {processor.py:186} INFO - Started process (PID=1034) to work on /home/airflow/.local/lib/python3.12/site-packages/airflow/example_dags/example_workday_timetable.py
[2025-03-24T08:17:44.241+0000] {processor.py:914} INFO - Processing file /home/airflow/.local/lib/python3.12/site-packages/airflow/example_dags/example_workday_timetable.py for tasks to queue
[2025-03-24T08:17:44.244+0000] {logging_mixin.py:190} INFO - [2025-03-24T08:17:44.243+0000] {dagbag.py:588} INFO - Filling up the DagBag from /home/airflow/.local/lib/python3.12/site-packages/airflow/example_dags/example_workday_timetable.py
[2025-03-24T08:17:44.250+0000] {processor.py:925} INFO - DAG(s) 'example_workday_timetable' retrieved from /home/airflow/.local/lib/python3.12/site-packages/airflow/example_dags/example_workday_timetable.py
[2025-03-24T08:17:44.272+0000] {logging_mixin.py:190} INFO - [2025-03-24T08:17:44.272+0000] {dag.py:3239} INFO - Sync 1 DAGs
[2025-03-24T08:17:44.343+0000] {logging_mixin.py:190} INFO - [2025-03-24T08:17:44.343+0000] {dag.py:4180} INFO - Setting next_dagrun for example_workday_timetable to 2021-01-04 00:00:00+00:00, run_after=2021-01-05 00:00:00+00:00
[2025-03-24T08:17:44.365+0000] {processor.py:208} INFO - Processing /home/airflow/.local/lib/python3.12/site-packages/airflow/example_dags/example_workday_timetable.py took 0.132 seconds
[2025-03-24T08:18:15.305+0000] {processor.py:186} INFO - Started process (PID=1098) to work on /home/airflow/.local/lib/python3.12/site-packages/airflow/example_dags/example_workday_timetable.py
[2025-03-24T08:18:15.306+0000] {processor.py:914} INFO - Processing file /home/airflow/.local/lib/python3.12/site-packages/airflow/example_dags/example_workday_timetable.py for tasks to queue
[2025-03-24T08:18:15.309+0000] {logging_mixin.py:190} INFO - [2025-03-24T08:18:15.309+0000] {dagbag.py:588} INFO - Filling up the DagBag from /home/airflow/.local/lib/python3.12/site-packages/airflow/example_dags/example_workday_timetable.py
[2025-03-24T08:18:15.315+0000] {processor.py:925} INFO - DAG(s) 'example_workday_timetable' retrieved from /home/airflow/.local/lib/python3.12/site-packages/airflow/example_dags/example_workday_timetable.py
[2025-03-24T08:18:15.334+0000] {logging_mixin.py:190} INFO - [2025-03-24T08:18:15.334+0000] {dag.py:3239} INFO - Sync 1 DAGs
[2025-03-24T08:18:15.403+0000] {logging_mixin.py:190} INFO - [2025-03-24T08:18:15.402+0000] {dag.py:4180} INFO - Setting next_dagrun for example_workday_timetable to 2021-01-04 00:00:00+00:00, run_after=2021-01-05 00:00:00+00:00
[2025-03-24T08:18:15.422+0000] {processor.py:208} INFO - Processing /home/airflow/.local/lib/python3.12/site-packages/airflow/example_dags/example_workday_timetable.py took 0.123 seconds
[2025-03-24T08:18:46.291+0000] {processor.py:186} INFO - Started process (PID=1162) to work on /home/airflow/.local/lib/python3.12/site-packages/airflow/example_dags/example_workday_timetable.py
[2025-03-24T08:18:46.293+0000] {processor.py:914} INFO - Processing file /home/airflow/.local/lib/python3.12/site-packages/airflow/example_dags/example_workday_timetable.py for tasks to queue
[2025-03-24T08:18:46.295+0000] {logging_mixin.py:190} INFO - [2025-03-24T08:18:46.295+0000] {dagbag.py:588} INFO - Filling up the DagBag from /home/airflow/.local/lib/python3.12/site-packages/airflow/example_dags/example_workday_timetable.py
[2025-03-24T08:18:46.302+0000] {processor.py:925} INFO - DAG(s) 'example_workday_timetable' retrieved from /home/airflow/.local/lib/python3.12/site-packages/airflow/example_dags/example_workday_timetable.py
[2025-03-24T08:18:46.323+0000] {logging_mixin.py:190} INFO - [2025-03-24T08:18:46.323+0000] {dag.py:3239} INFO - Sync 1 DAGs
[2025-03-24T08:18:46.399+0000] {logging_mixin.py:190} INFO - [2025-03-24T08:18:46.399+0000] {dag.py:4180} INFO - Setting next_dagrun for example_workday_timetable to 2021-01-04 00:00:00+00:00, run_after=2021-01-05 00:00:00+00:00
[2025-03-24T08:18:46.423+0000] {processor.py:208} INFO - Processing /home/airflow/.local/lib/python3.12/site-packages/airflow/example_dags/example_workday_timetable.py took 0.138 seconds
[2025-03-24T08:19:16.784+0000] {processor.py:186} INFO - Started process (PID=1226) to work on /home/airflow/.local/lib/python3.12/site-packages/airflow/example_dags/example_workday_timetable.py
[2025-03-24T08:19:16.785+0000] {processor.py:914} INFO - Processing file /home/airflow/.local/lib/python3.12/site-packages/airflow/example_dags/example_workday_timetable.py for tasks to queue
[2025-03-24T08:19:16.787+0000] {logging_mixin.py:190} INFO - [2025-03-24T08:19:16.787+0000] {dagbag.py:588} INFO - Filling up the DagBag from /home/airflow/.local/lib/python3.12/site-packages/airflow/example_dags/example_workday_timetable.py
[2025-03-24T08:19:16.794+0000] {processor.py:925} INFO - DAG(s) 'example_workday_timetable' retrieved from /home/airflow/.local/lib/python3.12/site-packages/airflow/example_dags/example_workday_timetable.py
[2025-03-24T08:19:16.813+0000] {logging_mixin.py:190} INFO - [2025-03-24T08:19:16.813+0000] {dag.py:3239} INFO - Sync 1 DAGs
[2025-03-24T08:19:16.883+0000] {logging_mixin.py:190} INFO - [2025-03-24T08:19:16.883+0000] {dag.py:4180} INFO - Setting next_dagrun for example_workday_timetable to 2021-01-04 00:00:00+00:00, run_after=2021-01-05 00:00:00+00:00
[2025-03-24T08:19:16.904+0000] {processor.py:208} INFO - Processing /home/airflow/.local/lib/python3.12/site-packages/airflow/example_dags/example_workday_timetable.py took 0.126 seconds
[2025-03-24T08:19:47.116+0000] {processor.py:186} INFO - Started process (PID=1290) to work on /home/airflow/.local/lib/python3.12/site-packages/airflow/example_dags/example_workday_timetable.py
[2025-03-24T08:19:47.117+0000] {processor.py:914} INFO - Processing file /home/airflow/.local/lib/python3.12/site-packages/airflow/example_dags/example_workday_timetable.py for tasks to queue
[2025-03-24T08:19:47.119+0000] {logging_mixin.py:190} INFO - [2025-03-24T08:19:47.119+0000] {dagbag.py:588} INFO - Filling up the DagBag from /home/airflow/.local/lib/python3.12/site-packages/airflow/example_dags/example_workday_timetable.py
[2025-03-24T08:19:47.125+0000] {processor.py:925} INFO - DAG(s) 'example_workday_timetable' retrieved from /home/airflow/.local/lib/python3.12/site-packages/airflow/example_dags/example_workday_timetable.py
[2025-03-24T08:19:47.147+0000] {logging_mixin.py:190} INFO - [2025-03-24T08:19:47.146+0000] {dag.py:3239} INFO - Sync 1 DAGs
[2025-03-24T08:19:47.219+0000] {logging_mixin.py:190} INFO - [2025-03-24T08:19:47.219+0000] {dag.py:4180} INFO - Setting next_dagrun for example_workday_timetable to 2021-01-04 00:00:00+00:00, run_after=2021-01-05 00:00:00+00:00
[2025-03-24T08:19:47.242+0000] {processor.py:208} INFO - Processing /home/airflow/.local/lib/python3.12/site-packages/airflow/example_dags/example_workday_timetable.py took 0.133 seconds
[2025-03-24T08:20:18.110+0000] {processor.py:186} INFO - Started process (PID=1354) to work on /home/airflow/.local/lib/python3.12/site-packages/airflow/example_dags/example_workday_timetable.py
[2025-03-24T08:20:18.111+0000] {processor.py:914} INFO - Processing file /home/airflow/.local/lib/python3.12/site-packages/airflow/example_dags/example_workday_timetable.py for tasks to queue
[2025-03-24T08:20:18.115+0000] {logging_mixin.py:190} INFO - [2025-03-24T08:20:18.114+0000] {dagbag.py:588} INFO - Filling up the DagBag from /home/airflow/.local/lib/python3.12/site-packages/airflow/example_dags/example_workday_timetable.py
[2025-03-24T08:20:18.122+0000] {processor.py:925} INFO - DAG(s) 'example_workday_timetable' retrieved from /home/airflow/.local/lib/python3.12/site-packages/airflow/example_dags/example_workday_timetable.py
[2025-03-24T08:20:18.144+0000] {logging_mixin.py:190} INFO - [2025-03-24T08:20:18.144+0000] {dag.py:3239} INFO - Sync 1 DAGs
[2025-03-24T08:20:18.219+0000] {logging_mixin.py:190} INFO - [2025-03-24T08:20:18.219+0000] {dag.py:4180} INFO - Setting next_dagrun for example_workday_timetable to 2021-01-04 00:00:00+00:00, run_after=2021-01-05 00:00:00+00:00
[2025-03-24T08:20:18.242+0000] {processor.py:208} INFO - Processing /home/airflow/.local/lib/python3.12/site-packages/airflow/example_dags/example_workday_timetable.py took 0.138 seconds
[2025-03-24T08:20:49.198+0000] {processor.py:186} INFO - Started process (PID=1418) to work on /home/airflow/.local/lib/python3.12/site-packages/airflow/example_dags/example_workday_timetable.py
[2025-03-24T08:20:49.200+0000] {processor.py:914} INFO - Processing file /home/airflow/.local/lib/python3.12/site-packages/airflow/example_dags/example_workday_timetable.py for tasks to queue
[2025-03-24T08:20:49.202+0000] {logging_mixin.py:190} INFO - [2025-03-24T08:20:49.202+0000] {dagbag.py:588} INFO - Filling up the DagBag from /home/airflow/.local/lib/python3.12/site-packages/airflow/example_dags/example_workday_timetable.py
[2025-03-24T08:20:49.208+0000] {processor.py:925} INFO - DAG(s) 'example_workday_timetable' retrieved from /home/airflow/.local/lib/python3.12/site-packages/airflow/example_dags/example_workday_timetable.py
[2025-03-24T08:20:49.231+0000] {logging_mixin.py:190} INFO - [2025-03-24T08:20:49.231+0000] {dag.py:3239} INFO - Sync 1 DAGs
[2025-03-24T08:20:49.316+0000] {logging_mixin.py:190} INFO - [2025-03-24T08:20:49.316+0000] {dag.py:4180} INFO - Setting next_dagrun for example_workday_timetable to 2021-01-04 00:00:00+00:00, run_after=2021-01-05 00:00:00+00:00
[2025-03-24T08:20:49.340+0000] {processor.py:208} INFO - Processing /home/airflow/.local/lib/python3.12/site-packages/airflow/example_dags/example_workday_timetable.py took 0.148 seconds
[2025-03-24T08:21:19.769+0000] {processor.py:186} INFO - Started process (PID=1482) to work on /home/airflow/.local/lib/python3.12/site-packages/airflow/example_dags/example_workday_timetable.py
[2025-03-24T08:21:19.770+0000] {processor.py:914} INFO - Processing file /home/airflow/.local/lib/python3.12/site-packages/airflow/example_dags/example_workday_timetable.py for tasks to queue
[2025-03-24T08:21:19.772+0000] {logging_mixin.py:190} INFO - [2025-03-24T08:21:19.772+0000] {dagbag.py:588} INFO - Filling up the DagBag from /home/airflow/.local/lib/python3.12/site-packages/airflow/example_dags/example_workday_timetable.py
[2025-03-24T08:21:19.779+0000] {processor.py:925} INFO - DAG(s) 'example_workday_timetable' retrieved from /home/airflow/.local/lib/python3.12/site-packages/airflow/example_dags/example_workday_timetable.py
[2025-03-24T08:21:19.801+0000] {logging_mixin.py:190} INFO - [2025-03-24T08:21:19.800+0000] {dag.py:3239} INFO - Sync 1 DAGs
[2025-03-24T08:21:19.876+0000] {logging_mixin.py:190} INFO - [2025-03-24T08:21:19.875+0000] {dag.py:4180} INFO - Setting next_dagrun for example_workday_timetable to 2021-01-04 00:00:00+00:00, run_after=2021-01-05 00:00:00+00:00
[2025-03-24T08:21:19.899+0000] {processor.py:208} INFO - Processing /home/airflow/.local/lib/python3.12/site-packages/airflow/example_dags/example_workday_timetable.py took 0.137 seconds
[2025-03-24T08:21:50.165+0000] {processor.py:186} INFO - Started process (PID=1546) to work on /home/airflow/.local/lib/python3.12/site-packages/airflow/example_dags/example_workday_timetable.py
[2025-03-24T08:21:50.166+0000] {processor.py:914} INFO - Processing file /home/airflow/.local/lib/python3.12/site-packages/airflow/example_dags/example_workday_timetable.py for tasks to queue
[2025-03-24T08:21:50.168+0000] {logging_mixin.py:190} INFO - [2025-03-24T08:21:50.168+0000] {dagbag.py:588} INFO - Filling up the DagBag from /home/airflow/.local/lib/python3.12/site-packages/airflow/example_dags/example_workday_timetable.py
[2025-03-24T08:21:50.175+0000] {processor.py:925} INFO - DAG(s) 'example_workday_timetable' retrieved from /home/airflow/.local/lib/python3.12/site-packages/airflow/example_dags/example_workday_timetable.py
[2025-03-24T08:21:50.196+0000] {logging_mixin.py:190} INFO - [2025-03-24T08:21:50.196+0000] {dag.py:3239} INFO - Sync 1 DAGs
[2025-03-24T08:21:50.267+0000] {logging_mixin.py:190} INFO - [2025-03-24T08:21:50.267+0000] {dag.py:4180} INFO - Setting next_dagrun for example_workday_timetable to 2021-01-04 00:00:00+00:00, run_after=2021-01-05 00:00:00+00:00
[2025-03-24T08:21:50.289+0000] {processor.py:208} INFO - Processing /home/airflow/.local/lib/python3.12/site-packages/airflow/example_dags/example_workday_timetable.py took 0.131 seconds
[2025-03-24T08:22:20.911+0000] {processor.py:186} INFO - Started process (PID=1610) to work on /home/airflow/.local/lib/python3.12/site-packages/airflow/example_dags/example_workday_timetable.py
[2025-03-24T08:22:20.912+0000] {processor.py:914} INFO - Processing file /home/airflow/.local/lib/python3.12/site-packages/airflow/example_dags/example_workday_timetable.py for tasks to queue
[2025-03-24T08:22:20.915+0000] {logging_mixin.py:190} INFO - [2025-03-24T08:22:20.915+0000] {dagbag.py:588} INFO - Filling up the DagBag from /home/airflow/.local/lib/python3.12/site-packages/airflow/example_dags/example_workday_timetable.py
[2025-03-24T08:22:20.921+0000] {processor.py:925} INFO - DAG(s) 'example_workday_timetable' retrieved from /home/airflow/.local/lib/python3.12/site-packages/airflow/example_dags/example_workday_timetable.py
[2025-03-24T08:22:20.943+0000] {logging_mixin.py:190} INFO - [2025-03-24T08:22:20.943+0000] {dag.py:3239} INFO - Sync 1 DAGs
[2025-03-24T08:22:21.014+0000] {logging_mixin.py:190} INFO - [2025-03-24T08:22:21.013+0000] {dag.py:4180} INFO - Setting next_dagrun for example_workday_timetable to 2021-01-04 00:00:00+00:00, run_after=2021-01-05 00:00:00+00:00
[2025-03-24T08:22:21.036+0000] {processor.py:208} INFO - Processing /home/airflow/.local/lib/python3.12/site-packages/airflow/example_dags/example_workday_timetable.py took 0.132 seconds
[2025-03-24T08:22:51.773+0000] {processor.py:186} INFO - Started process (PID=1674) to work on /home/airflow/.local/lib/python3.12/site-packages/airflow/example_dags/example_workday_timetable.py
[2025-03-24T08:22:51.774+0000] {processor.py:914} INFO - Processing file /home/airflow/.local/lib/python3.12/site-packages/airflow/example_dags/example_workday_timetable.py for tasks to queue
[2025-03-24T08:22:51.776+0000] {logging_mixin.py:190} INFO - [2025-03-24T08:22:51.776+0000] {dagbag.py:588} INFO - Filling up the DagBag from /home/airflow/.local/lib/python3.12/site-packages/airflow/example_dags/example_workday_timetable.py
[2025-03-24T08:22:51.783+0000] {processor.py:925} INFO - DAG(s) 'example_workday_timetable' retrieved from /home/airflow/.local/lib/python3.12/site-packages/airflow/example_dags/example_workday_timetable.py
[2025-03-24T08:22:51.803+0000] {logging_mixin.py:190} INFO - [2025-03-24T08:22:51.803+0000] {dag.py:3239} INFO - Sync 1 DAGs
[2025-03-24T08:22:51.874+0000] {logging_mixin.py:190} INFO - [2025-03-24T08:22:51.874+0000] {dag.py:4180} INFO - Setting next_dagrun for example_workday_timetable to 2021-01-04 00:00:00+00:00, run_after=2021-01-05 00:00:00+00:00
[2025-03-24T08:22:51.898+0000] {processor.py:208} INFO - Processing /home/airflow/.local/lib/python3.12/site-packages/airflow/example_dags/example_workday_timetable.py took 0.132 seconds
[2025-03-24T08:23:22.034+0000] {processor.py:186} INFO - Started process (PID=1738) to work on /home/airflow/.local/lib/python3.12/site-packages/airflow/example_dags/example_workday_timetable.py
[2025-03-24T08:23:22.035+0000] {processor.py:914} INFO - Processing file /home/airflow/.local/lib/python3.12/site-packages/airflow/example_dags/example_workday_timetable.py for tasks to queue
[2025-03-24T08:23:22.037+0000] {logging_mixin.py:190} INFO - [2025-03-24T08:23:22.037+0000] {dagbag.py:588} INFO - Filling up the DagBag from /home/airflow/.local/lib/python3.12/site-packages/airflow/example_dags/example_workday_timetable.py
[2025-03-24T08:23:22.044+0000] {processor.py:925} INFO - DAG(s) 'example_workday_timetable' retrieved from /home/airflow/.local/lib/python3.12/site-packages/airflow/example_dags/example_workday_timetable.py
[2025-03-24T08:23:22.064+0000] {logging_mixin.py:190} INFO - [2025-03-24T08:23:22.064+0000] {dag.py:3239} INFO - Sync 1 DAGs
[2025-03-24T08:23:22.140+0000] {logging_mixin.py:190} INFO - [2025-03-24T08:23:22.139+0000] {dag.py:4180} INFO - Setting next_dagrun for example_workday_timetable to 2021-01-04 00:00:00+00:00, run_after=2021-01-05 00:00:00+00:00
[2025-03-24T08:23:22.161+0000] {processor.py:208} INFO - Processing /home/airflow/.local/lib/python3.12/site-packages/airflow/example_dags/example_workday_timetable.py took 0.134 seconds
[2025-03-24T08:23:52.456+0000] {processor.py:186} INFO - Started process (PID=1802) to work on /home/airflow/.local/lib/python3.12/site-packages/airflow/example_dags/example_workday_timetable.py
[2025-03-24T08:23:52.457+0000] {processor.py:914} INFO - Processing file /home/airflow/.local/lib/python3.12/site-packages/airflow/example_dags/example_workday_timetable.py for tasks to queue
[2025-03-24T08:23:52.459+0000] {logging_mixin.py:190} INFO - [2025-03-24T08:23:52.459+0000] {dagbag.py:588} INFO - Filling up the DagBag from /home/airflow/.local/lib/python3.12/site-packages/airflow/example_dags/example_workday_timetable.py
[2025-03-24T08:23:52.466+0000] {processor.py:925} INFO - DAG(s) 'example_workday_timetable' retrieved from /home/airflow/.local/lib/python3.12/site-packages/airflow/example_dags/example_workday_timetable.py
[2025-03-24T08:23:52.487+0000] {logging_mixin.py:190} INFO - [2025-03-24T08:23:52.487+0000] {dag.py:3239} INFO - Sync 1 DAGs
[2025-03-24T08:23:52.560+0000] {logging_mixin.py:190} INFO - [2025-03-24T08:23:52.560+0000] {dag.py:4180} INFO - Setting next_dagrun for example_workday_timetable to 2021-01-04 00:00:00+00:00, run_after=2021-01-05 00:00:00+00:00
[2025-03-24T08:23:52.583+0000] {processor.py:208} INFO - Processing /home/airflow/.local/lib/python3.12/site-packages/airflow/example_dags/example_workday_timetable.py took 0.134 seconds
[2025-03-24T08:24:22.882+0000] {processor.py:186} INFO - Started process (PID=1866) to work on /home/airflow/.local/lib/python3.12/site-packages/airflow/example_dags/example_workday_timetable.py
[2025-03-24T08:24:22.884+0000] {processor.py:914} INFO - Processing file /home/airflow/.local/lib/python3.12/site-packages/airflow/example_dags/example_workday_timetable.py for tasks to queue
[2025-03-24T08:24:22.886+0000] {logging_mixin.py:190} INFO - [2025-03-24T08:24:22.886+0000] {dagbag.py:588} INFO - Filling up the DagBag from /home/airflow/.local/lib/python3.12/site-packages/airflow/example_dags/example_workday_timetable.py
[2025-03-24T08:24:22.892+0000] {processor.py:925} INFO - DAG(s) 'example_workday_timetable' retrieved from /home/airflow/.local/lib/python3.12/site-packages/airflow/example_dags/example_workday_timetable.py
[2025-03-24T08:24:22.914+0000] {logging_mixin.py:190} INFO - [2025-03-24T08:24:22.914+0000] {dag.py:3239} INFO - Sync 1 DAGs
[2025-03-24T08:24:22.992+0000] {logging_mixin.py:190} INFO - [2025-03-24T08:24:22.991+0000] {dag.py:4180} INFO - Setting next_dagrun for example_workday_timetable to 2021-01-04 00:00:00+00:00, run_after=2021-01-05 00:00:00+00:00
[2025-03-24T08:24:23.015+0000] {processor.py:208} INFO - Processing /home/airflow/.local/lib/python3.12/site-packages/airflow/example_dags/example_workday_timetable.py took 0.139 seconds
[2025-03-24T08:24:53.097+0000] {processor.py:186} INFO - Started process (PID=1930) to work on /home/airflow/.local/lib/python3.12/site-packages/airflow/example_dags/example_workday_timetable.py
[2025-03-24T08:24:53.099+0000] {processor.py:914} INFO - Processing file /home/airflow/.local/lib/python3.12/site-packages/airflow/example_dags/example_workday_timetable.py for tasks to queue
[2025-03-24T08:24:53.101+0000] {logging_mixin.py:190} INFO - [2025-03-24T08:24:53.101+0000] {dagbag.py:588} INFO - Filling up the DagBag from /home/airflow/.local/lib/python3.12/site-packages/airflow/example_dags/example_workday_timetable.py
[2025-03-24T08:24:53.107+0000] {processor.py:925} INFO - DAG(s) 'example_workday_timetable' retrieved from /home/airflow/.local/lib/python3.12/site-packages/airflow/example_dags/example_workday_timetable.py
[2025-03-24T08:24:53.128+0000] {logging_mixin.py:190} INFO - [2025-03-24T08:24:53.128+0000] {dag.py:3239} INFO - Sync 1 DAGs
[2025-03-24T08:24:53.197+0000] {logging_mixin.py:190} INFO - [2025-03-24T08:24:53.197+0000] {dag.py:4180} INFO - Setting next_dagrun for example_workday_timetable to 2021-01-04 00:00:00+00:00, run_after=2021-01-05 00:00:00+00:00
[2025-03-24T08:24:53.221+0000] {processor.py:208} INFO - Processing /home/airflow/.local/lib/python3.12/site-packages/airflow/example_dags/example_workday_timetable.py took 0.130 seconds
[2025-03-24T08:25:23.270+0000] {processor.py:186} INFO - Started process (PID=1994) to work on /home/airflow/.local/lib/python3.12/site-packages/airflow/example_dags/example_workday_timetable.py
[2025-03-24T08:25:23.271+0000] {processor.py:914} INFO - Processing file /home/airflow/.local/lib/python3.12/site-packages/airflow/example_dags/example_workday_timetable.py for tasks to queue
[2025-03-24T08:25:23.273+0000] {logging_mixin.py:190} INFO - [2025-03-24T08:25:23.273+0000] {dagbag.py:588} INFO - Filling up the DagBag from /home/airflow/.local/lib/python3.12/site-packages/airflow/example_dags/example_workday_timetable.py
[2025-03-24T08:25:23.280+0000] {processor.py:925} INFO - DAG(s) 'example_workday_timetable' retrieved from /home/airflow/.local/lib/python3.12/site-packages/airflow/example_dags/example_workday_timetable.py
[2025-03-24T08:25:23.301+0000] {logging_mixin.py:190} INFO - [2025-03-24T08:25:23.301+0000] {dag.py:3239} INFO - Sync 1 DAGs
[2025-03-24T08:25:23.375+0000] {logging_mixin.py:190} INFO - [2025-03-24T08:25:23.375+0000] {dag.py:4180} INFO - Setting next_dagrun for example_workday_timetable to 2021-01-04 00:00:00+00:00, run_after=2021-01-05 00:00:00+00:00
[2025-03-24T08:25:23.397+0000] {processor.py:208} INFO - Processing /home/airflow/.local/lib/python3.12/site-packages/airflow/example_dags/example_workday_timetable.py took 0.133 seconds
[2025-03-24T08:25:53.683+0000] {processor.py:186} INFO - Started process (PID=2058) to work on /home/airflow/.local/lib/python3.12/site-packages/airflow/example_dags/example_workday_timetable.py
[2025-03-24T08:25:53.684+0000] {processor.py:914} INFO - Processing file /home/airflow/.local/lib/python3.12/site-packages/airflow/example_dags/example_workday_timetable.py for tasks to queue
[2025-03-24T08:25:53.687+0000] {logging_mixin.py:190} INFO - [2025-03-24T08:25:53.686+0000] {dagbag.py:588} INFO - Filling up the DagBag from /home/airflow/.local/lib/python3.12/site-packages/airflow/example_dags/example_workday_timetable.py
[2025-03-24T08:25:53.694+0000] {processor.py:925} INFO - DAG(s) 'example_workday_timetable' retrieved from /home/airflow/.local/lib/python3.12/site-packages/airflow/example_dags/example_workday_timetable.py
[2025-03-24T08:25:53.720+0000] {logging_mixin.py:190} INFO - [2025-03-24T08:25:53.719+0000] {dag.py:3239} INFO - Sync 1 DAGs
[2025-03-24T08:25:53.805+0000] {logging_mixin.py:190} INFO - [2025-03-24T08:25:53.805+0000] {dag.py:4180} INFO - Setting next_dagrun for example_workday_timetable to 2021-01-04 00:00:00+00:00, run_after=2021-01-05 00:00:00+00:00
[2025-03-24T08:25:53.836+0000] {processor.py:208} INFO - Processing /home/airflow/.local/lib/python3.12/site-packages/airflow/example_dags/example_workday_timetable.py took 0.160 seconds
[2025-03-24T08:26:23.944+0000] {processor.py:186} INFO - Started process (PID=2122) to work on /home/airflow/.local/lib/python3.12/site-packages/airflow/example_dags/example_workday_timetable.py
[2025-03-24T08:26:23.945+0000] {processor.py:914} INFO - Processing file /home/airflow/.local/lib/python3.12/site-packages/airflow/example_dags/example_workday_timetable.py for tasks to queue
[2025-03-24T08:26:23.947+0000] {logging_mixin.py:190} INFO - [2025-03-24T08:26:23.947+0000] {dagbag.py:588} INFO - Filling up the DagBag from /home/airflow/.local/lib/python3.12/site-packages/airflow/example_dags/example_workday_timetable.py
[2025-03-24T08:26:23.953+0000] {processor.py:925} INFO - DAG(s) 'example_workday_timetable' retrieved from /home/airflow/.local/lib/python3.12/site-packages/airflow/example_dags/example_workday_timetable.py
[2025-03-24T08:26:23.974+0000] {logging_mixin.py:190} INFO - [2025-03-24T08:26:23.973+0000] {dag.py:3239} INFO - Sync 1 DAGs
[2025-03-24T08:26:24.051+0000] {logging_mixin.py:190} INFO - [2025-03-24T08:26:24.051+0000] {dag.py:4180} INFO - Setting next_dagrun for example_workday_timetable to 2021-01-04 00:00:00+00:00, run_after=2021-01-05 00:00:00+00:00
[2025-03-24T08:26:24.081+0000] {processor.py:208} INFO - Processing /home/airflow/.local/lib/python3.12/site-packages/airflow/example_dags/example_workday_timetable.py took 0.144 seconds
[2025-03-24T08:26:54.158+0000] {processor.py:186} INFO - Started process (PID=2186) to work on /home/airflow/.local/lib/python3.12/site-packages/airflow/example_dags/example_workday_timetable.py
[2025-03-24T08:26:54.159+0000] {processor.py:914} INFO - Processing file /home/airflow/.local/lib/python3.12/site-packages/airflow/example_dags/example_workday_timetable.py for tasks to queue
[2025-03-24T08:26:54.161+0000] {logging_mixin.py:190} INFO - [2025-03-24T08:26:54.161+0000] {dagbag.py:588} INFO - Filling up the DagBag from /home/airflow/.local/lib/python3.12/site-packages/airflow/example_dags/example_workday_timetable.py
[2025-03-24T08:26:54.167+0000] {processor.py:925} INFO - DAG(s) 'example_workday_timetable' retrieved from /home/airflow/.local/lib/python3.12/site-packages/airflow/example_dags/example_workday_timetable.py
[2025-03-24T08:26:54.188+0000] {logging_mixin.py:190} INFO - [2025-03-24T08:26:54.188+0000] {dag.py:3239} INFO - Sync 1 DAGs
[2025-03-24T08:26:54.265+0000] {logging_mixin.py:190} INFO - [2025-03-24T08:26:54.265+0000] {dag.py:4180} INFO - Setting next_dagrun for example_workday_timetable to 2021-01-04 00:00:00+00:00, run_after=2021-01-05 00:00:00+00:00
[2025-03-24T08:26:54.296+0000] {processor.py:208} INFO - Processing /home/airflow/.local/lib/python3.12/site-packages/airflow/example_dags/example_workday_timetable.py took 0.144 seconds
[2025-03-24T08:27:24.442+0000] {processor.py:186} INFO - Started process (PID=2250) to work on /home/airflow/.local/lib/python3.12/site-packages/airflow/example_dags/example_workday_timetable.py
[2025-03-24T08:27:24.443+0000] {processor.py:914} INFO - Processing file /home/airflow/.local/lib/python3.12/site-packages/airflow/example_dags/example_workday_timetable.py for tasks to queue
[2025-03-24T08:27:24.446+0000] {logging_mixin.py:190} INFO - [2025-03-24T08:27:24.446+0000] {dagbag.py:588} INFO - Filling up the DagBag from /home/airflow/.local/lib/python3.12/site-packages/airflow/example_dags/example_workday_timetable.py
[2025-03-24T08:27:24.452+0000] {processor.py:925} INFO - DAG(s) 'example_workday_timetable' retrieved from /home/airflow/.local/lib/python3.12/site-packages/airflow/example_dags/example_workday_timetable.py
[2025-03-24T08:27:24.473+0000] {logging_mixin.py:190} INFO - [2025-03-24T08:27:24.473+0000] {dag.py:3239} INFO - Sync 1 DAGs
[2025-03-24T08:27:24.547+0000] {logging_mixin.py:190} INFO - [2025-03-24T08:27:24.547+0000] {dag.py:4180} INFO - Setting next_dagrun for example_workday_timetable to 2021-01-04 00:00:00+00:00, run_after=2021-01-05 00:00:00+00:00
[2025-03-24T08:27:24.569+0000] {processor.py:208} INFO - Processing /home/airflow/.local/lib/python3.12/site-packages/airflow/example_dags/example_workday_timetable.py took 0.133 seconds
[2025-03-24T08:27:54.947+0000] {processor.py:186} INFO - Started process (PID=2314) to work on /home/airflow/.local/lib/python3.12/site-packages/airflow/example_dags/example_workday_timetable.py
[2025-03-24T08:27:54.948+0000] {processor.py:914} INFO - Processing file /home/airflow/.local/lib/python3.12/site-packages/airflow/example_dags/example_workday_timetable.py for tasks to queue
[2025-03-24T08:27:54.950+0000] {logging_mixin.py:190} INFO - [2025-03-24T08:27:54.950+0000] {dagbag.py:588} INFO - Filling up the DagBag from /home/airflow/.local/lib/python3.12/site-packages/airflow/example_dags/example_workday_timetable.py
[2025-03-24T08:27:54.956+0000] {processor.py:925} INFO - DAG(s) 'example_workday_timetable' retrieved from /home/airflow/.local/lib/python3.12/site-packages/airflow/example_dags/example_workday_timetable.py
[2025-03-24T08:27:54.976+0000] {logging_mixin.py:190} INFO - [2025-03-24T08:27:54.975+0000] {dag.py:3239} INFO - Sync 1 DAGs
[2025-03-24T08:27:55.045+0000] {logging_mixin.py:190} INFO - [2025-03-24T08:27:55.045+0000] {dag.py:4180} INFO - Setting next_dagrun for example_workday_timetable to 2021-01-04 00:00:00+00:00, run_after=2021-01-05 00:00:00+00:00
[2025-03-24T08:27:55.067+0000] {processor.py:208} INFO - Processing /home/airflow/.local/lib/python3.12/site-packages/airflow/example_dags/example_workday_timetable.py took 0.127 seconds
[2025-03-24T08:28:25.704+0000] {processor.py:186} INFO - Started process (PID=2378) to work on /home/airflow/.local/lib/python3.12/site-packages/airflow/example_dags/example_workday_timetable.py
[2025-03-24T08:28:25.706+0000] {processor.py:914} INFO - Processing file /home/airflow/.local/lib/python3.12/site-packages/airflow/example_dags/example_workday_timetable.py for tasks to queue
[2025-03-24T08:28:25.708+0000] {logging_mixin.py:190} INFO - [2025-03-24T08:28:25.708+0000] {dagbag.py:588} INFO - Filling up the DagBag from /home/airflow/.local/lib/python3.12/site-packages/airflow/example_dags/example_workday_timetable.py
[2025-03-24T08:28:25.715+0000] {processor.py:925} INFO - DAG(s) 'example_workday_timetable' retrieved from /home/airflow/.local/lib/python3.12/site-packages/airflow/example_dags/example_workday_timetable.py
[2025-03-24T08:28:25.736+0000] {logging_mixin.py:190} INFO - [2025-03-24T08:28:25.735+0000] {dag.py:3239} INFO - Sync 1 DAGs
[2025-03-24T08:28:25.830+0000] {logging_mixin.py:190} INFO - [2025-03-24T08:28:25.830+0000] {dag.py:4180} INFO - Setting next_dagrun for example_workday_timetable to 2021-01-04 00:00:00+00:00, run_after=2021-01-05 00:00:00+00:00
[2025-03-24T08:28:25.855+0000] {processor.py:208} INFO - Processing /home/airflow/.local/lib/python3.12/site-packages/airflow/example_dags/example_workday_timetable.py took 0.158 seconds
[2025-03-24T08:28:56.586+0000] {processor.py:186} INFO - Started process (PID=2438) to work on /home/airflow/.local/lib/python3.12/site-packages/airflow/example_dags/example_workday_timetable.py
[2025-03-24T08:28:56.587+0000] {processor.py:914} INFO - Processing file /home/airflow/.local/lib/python3.12/site-packages/airflow/example_dags/example_workday_timetable.py for tasks to queue
[2025-03-24T08:28:56.590+0000] {logging_mixin.py:190} INFO - [2025-03-24T08:28:56.590+0000] {dagbag.py:588} INFO - Filling up the DagBag from /home/airflow/.local/lib/python3.12/site-packages/airflow/example_dags/example_workday_timetable.py
[2025-03-24T08:28:56.597+0000] {processor.py:925} INFO - DAG(s) 'example_workday_timetable' retrieved from /home/airflow/.local/lib/python3.12/site-packages/airflow/example_dags/example_workday_timetable.py
[2025-03-24T08:28:56.626+0000] {logging_mixin.py:190} INFO - [2025-03-24T08:28:56.625+0000] {dag.py:3239} INFO - Sync 1 DAGs
[2025-03-24T08:28:56.704+0000] {logging_mixin.py:190} INFO - [2025-03-24T08:28:56.704+0000] {dag.py:4180} INFO - Setting next_dagrun for example_workday_timetable to 2021-01-04 00:00:00+00:00, run_after=2021-01-05 00:00:00+00:00
[2025-03-24T08:28:56.729+0000] {processor.py:208} INFO - Processing /home/airflow/.local/lib/python3.12/site-packages/airflow/example_dags/example_workday_timetable.py took 0.154 seconds
[2025-03-24T08:29:27.720+0000] {processor.py:186} INFO - Started process (PID=2502) to work on /home/airflow/.local/lib/python3.12/site-packages/airflow/example_dags/example_workday_timetable.py
[2025-03-24T08:29:27.721+0000] {processor.py:914} INFO - Processing file /home/airflow/.local/lib/python3.12/site-packages/airflow/example_dags/example_workday_timetable.py for tasks to queue
[2025-03-24T08:29:27.724+0000] {logging_mixin.py:190} INFO - [2025-03-24T08:29:27.723+0000] {dagbag.py:588} INFO - Filling up the DagBag from /home/airflow/.local/lib/python3.12/site-packages/airflow/example_dags/example_workday_timetable.py
[2025-03-24T08:29:27.731+0000] {processor.py:925} INFO - DAG(s) 'example_workday_timetable' retrieved from /home/airflow/.local/lib/python3.12/site-packages/airflow/example_dags/example_workday_timetable.py
[2025-03-24T08:29:27.752+0000] {logging_mixin.py:190} INFO - [2025-03-24T08:29:27.751+0000] {dag.py:3239} INFO - Sync 1 DAGs
[2025-03-24T08:29:27.827+0000] {logging_mixin.py:190} INFO - [2025-03-24T08:29:27.827+0000] {dag.py:4180} INFO - Setting next_dagrun for example_workday_timetable to 2021-01-04 00:00:00+00:00, run_after=2021-01-05 00:00:00+00:00
[2025-03-24T08:29:27.846+0000] {processor.py:208} INFO - Processing /home/airflow/.local/lib/python3.12/site-packages/airflow/example_dags/example_workday_timetable.py took 0.133 seconds
[2025-03-24T08:29:58.490+0000] {processor.py:186} INFO - Started process (PID=2565) to work on /home/airflow/.local/lib/python3.12/site-packages/airflow/example_dags/example_workday_timetable.py
[2025-03-24T08:29:58.492+0000] {processor.py:914} INFO - Processing file /home/airflow/.local/lib/python3.12/site-packages/airflow/example_dags/example_workday_timetable.py for tasks to queue
[2025-03-24T08:29:58.494+0000] {logging_mixin.py:190} INFO - [2025-03-24T08:29:58.494+0000] {dagbag.py:588} INFO - Filling up the DagBag from /home/airflow/.local/lib/python3.12/site-packages/airflow/example_dags/example_workday_timetable.py
[2025-03-24T08:29:58.500+0000] {processor.py:925} INFO - DAG(s) 'example_workday_timetable' retrieved from /home/airflow/.local/lib/python3.12/site-packages/airflow/example_dags/example_workday_timetable.py
[2025-03-24T08:29:58.520+0000] {logging_mixin.py:190} INFO - [2025-03-24T08:29:58.520+0000] {dag.py:3239} INFO - Sync 1 DAGs
[2025-03-24T08:29:58.597+0000] {logging_mixin.py:190} INFO - [2025-03-24T08:29:58.597+0000] {dag.py:4180} INFO - Setting next_dagrun for example_workday_timetable to 2021-01-04 00:00:00+00:00, run_after=2021-01-05 00:00:00+00:00
[2025-03-24T08:29:58.620+0000] {processor.py:208} INFO - Processing /home/airflow/.local/lib/python3.12/site-packages/airflow/example_dags/example_workday_timetable.py took 0.136 seconds
[2025-03-24T08:30:29.540+0000] {processor.py:186} INFO - Started process (PID=2627) to work on /home/airflow/.local/lib/python3.12/site-packages/airflow/example_dags/example_workday_timetable.py
[2025-03-24T08:30:29.542+0000] {processor.py:914} INFO - Processing file /home/airflow/.local/lib/python3.12/site-packages/airflow/example_dags/example_workday_timetable.py for tasks to queue
[2025-03-24T08:30:29.544+0000] {logging_mixin.py:190} INFO - [2025-03-24T08:30:29.544+0000] {dagbag.py:588} INFO - Filling up the DagBag from /home/airflow/.local/lib/python3.12/site-packages/airflow/example_dags/example_workday_timetable.py
[2025-03-24T08:30:29.550+0000] {processor.py:925} INFO - DAG(s) 'example_workday_timetable' retrieved from /home/airflow/.local/lib/python3.12/site-packages/airflow/example_dags/example_workday_timetable.py
[2025-03-24T08:30:29.571+0000] {logging_mixin.py:190} INFO - [2025-03-24T08:30:29.570+0000] {dag.py:3239} INFO - Sync 1 DAGs
[2025-03-24T08:30:29.642+0000] {logging_mixin.py:190} INFO - [2025-03-24T08:30:29.641+0000] {dag.py:4180} INFO - Setting next_dagrun for example_workday_timetable to 2021-01-04 00:00:00+00:00, run_after=2021-01-05 00:00:00+00:00
[2025-03-24T08:30:29.662+0000] {processor.py:208} INFO - Processing /home/airflow/.local/lib/python3.12/site-packages/airflow/example_dags/example_workday_timetable.py took 0.128 seconds
[2025-03-24T08:31:00.330+0000] {processor.py:186} INFO - Started process (PID=2691) to work on /home/airflow/.local/lib/python3.12/site-packages/airflow/example_dags/example_workday_timetable.py
[2025-03-24T08:31:00.331+0000] {processor.py:914} INFO - Processing file /home/airflow/.local/lib/python3.12/site-packages/airflow/example_dags/example_workday_timetable.py for tasks to queue
[2025-03-24T08:31:00.334+0000] {logging_mixin.py:190} INFO - [2025-03-24T08:31:00.334+0000] {dagbag.py:588} INFO - Filling up the DagBag from /home/airflow/.local/lib/python3.12/site-packages/airflow/example_dags/example_workday_timetable.py
[2025-03-24T08:31:00.340+0000] {processor.py:925} INFO - DAG(s) 'example_workday_timetable' retrieved from /home/airflow/.local/lib/python3.12/site-packages/airflow/example_dags/example_workday_timetable.py
[2025-03-24T08:31:00.361+0000] {logging_mixin.py:190} INFO - [2025-03-24T08:31:00.361+0000] {dag.py:3239} INFO - Sync 1 DAGs
[2025-03-24T08:31:00.435+0000] {logging_mixin.py:190} INFO - [2025-03-24T08:31:00.435+0000] {dag.py:4180} INFO - Setting next_dagrun for example_workday_timetable to 2021-01-04 00:00:00+00:00, run_after=2021-01-05 00:00:00+00:00
[2025-03-24T08:31:00.457+0000] {processor.py:208} INFO - Processing /home/airflow/.local/lib/python3.12/site-packages/airflow/example_dags/example_workday_timetable.py took 0.133 seconds
[2025-03-24T08:31:31.558+0000] {processor.py:186} INFO - Started process (PID=2748) to work on /home/airflow/.local/lib/python3.12/site-packages/airflow/example_dags/example_workday_timetable.py
[2025-03-24T08:31:31.559+0000] {processor.py:914} INFO - Processing file /home/airflow/.local/lib/python3.12/site-packages/airflow/example_dags/example_workday_timetable.py for tasks to queue
[2025-03-24T08:31:31.562+0000] {logging_mixin.py:190} INFO - [2025-03-24T08:31:31.562+0000] {dagbag.py:588} INFO - Filling up the DagBag from /home/airflow/.local/lib/python3.12/site-packages/airflow/example_dags/example_workday_timetable.py
[2025-03-24T08:31:31.569+0000] {processor.py:925} INFO - DAG(s) 'example_workday_timetable' retrieved from /home/airflow/.local/lib/python3.12/site-packages/airflow/example_dags/example_workday_timetable.py
[2025-03-24T08:31:31.592+0000] {logging_mixin.py:190} INFO - [2025-03-24T08:31:31.592+0000] {dag.py:3239} INFO - Sync 1 DAGs
[2025-03-24T08:31:31.669+0000] {logging_mixin.py:190} INFO - [2025-03-24T08:31:31.668+0000] {dag.py:4180} INFO - Setting next_dagrun for example_workday_timetable to 2021-01-04 00:00:00+00:00, run_after=2021-01-05 00:00:00+00:00
[2025-03-24T08:31:31.689+0000] {processor.py:208} INFO - Processing /home/airflow/.local/lib/python3.12/site-packages/airflow/example_dags/example_workday_timetable.py took 0.138 seconds
[2025-03-24T08:32:02.311+0000] {processor.py:186} INFO - Started process (PID=2807) to work on /home/airflow/.local/lib/python3.12/site-packages/airflow/example_dags/example_workday_timetable.py
[2025-03-24T08:32:02.312+0000] {processor.py:914} INFO - Processing file /home/airflow/.local/lib/python3.12/site-packages/airflow/example_dags/example_workday_timetable.py for tasks to queue
[2025-03-24T08:32:02.315+0000] {logging_mixin.py:190} INFO - [2025-03-24T08:32:02.314+0000] {dagbag.py:588} INFO - Filling up the DagBag from /home/airflow/.local/lib/python3.12/site-packages/airflow/example_dags/example_workday_timetable.py
[2025-03-24T08:32:02.321+0000] {processor.py:925} INFO - DAG(s) 'example_workday_timetable' retrieved from /home/airflow/.local/lib/python3.12/site-packages/airflow/example_dags/example_workday_timetable.py
[2025-03-24T08:32:02.341+0000] {logging_mixin.py:190} INFO - [2025-03-24T08:32:02.341+0000] {dag.py:3239} INFO - Sync 1 DAGs
[2025-03-24T08:32:02.412+0000] {logging_mixin.py:190} INFO - [2025-03-24T08:32:02.412+0000] {dag.py:4180} INFO - Setting next_dagrun for example_workday_timetable to 2021-01-04 00:00:00+00:00, run_after=2021-01-05 00:00:00+00:00
[2025-03-24T08:32:02.432+0000] {processor.py:208} INFO - Processing /home/airflow/.local/lib/python3.12/site-packages/airflow/example_dags/example_workday_timetable.py took 0.128 seconds
[2025-03-24T08:32:33.819+0000] {processor.py:186} INFO - Started process (PID=2871) to work on /home/airflow/.local/lib/python3.12/site-packages/airflow/example_dags/example_workday_timetable.py
[2025-03-24T08:32:33.820+0000] {processor.py:914} INFO - Processing file /home/airflow/.local/lib/python3.12/site-packages/airflow/example_dags/example_workday_timetable.py for tasks to queue
[2025-03-24T08:32:33.823+0000] {logging_mixin.py:190} INFO - [2025-03-24T08:32:33.822+0000] {dagbag.py:588} INFO - Filling up the DagBag from /home/airflow/.local/lib/python3.12/site-packages/airflow/example_dags/example_workday_timetable.py
[2025-03-24T08:32:33.829+0000] {processor.py:925} INFO - DAG(s) 'example_workday_timetable' retrieved from /home/airflow/.local/lib/python3.12/site-packages/airflow/example_dags/example_workday_timetable.py
[2025-03-24T08:32:33.851+0000] {logging_mixin.py:190} INFO - [2025-03-24T08:32:33.850+0000] {dag.py:3239} INFO - Sync 1 DAGs
[2025-03-24T08:32:33.928+0000] {logging_mixin.py:190} INFO - [2025-03-24T08:32:33.927+0000] {dag.py:4180} INFO - Setting next_dagrun for example_workday_timetable to 2021-01-04 00:00:00+00:00, run_after=2021-01-05 00:00:00+00:00
[2025-03-24T08:32:33.952+0000] {processor.py:208} INFO - Processing /home/airflow/.local/lib/python3.12/site-packages/airflow/example_dags/example_workday_timetable.py took 0.139 seconds
[2025-03-24T08:33:05.531+0000] {processor.py:186} INFO - Started process (PID=2935) to work on /home/airflow/.local/lib/python3.12/site-packages/airflow/example_dags/example_workday_timetable.py
[2025-03-24T08:33:05.532+0000] {processor.py:914} INFO - Processing file /home/airflow/.local/lib/python3.12/site-packages/airflow/example_dags/example_workday_timetable.py for tasks to queue
[2025-03-24T08:33:05.534+0000] {logging_mixin.py:190} INFO - [2025-03-24T08:33:05.534+0000] {dagbag.py:588} INFO - Filling up the DagBag from /home/airflow/.local/lib/python3.12/site-packages/airflow/example_dags/example_workday_timetable.py
[2025-03-24T08:33:05.542+0000] {processor.py:925} INFO - DAG(s) 'example_workday_timetable' retrieved from /home/airflow/.local/lib/python3.12/site-packages/airflow/example_dags/example_workday_timetable.py
[2025-03-24T08:33:05.566+0000] {logging_mixin.py:190} INFO - [2025-03-24T08:33:05.566+0000] {dag.py:3239} INFO - Sync 1 DAGs
[2025-03-24T08:33:05.643+0000] {logging_mixin.py:190} INFO - [2025-03-24T08:33:05.642+0000] {dag.py:4180} INFO - Setting next_dagrun for example_workday_timetable to 2021-01-04 00:00:00+00:00, run_after=2021-01-05 00:00:00+00:00
[2025-03-24T08:33:05.667+0000] {processor.py:208} INFO - Processing /home/airflow/.local/lib/python3.12/site-packages/airflow/example_dags/example_workday_timetable.py took 0.146 seconds
