[2025-03-24T08:10:08.646+0000] {processor.py:186} INFO - Started process (PID=84) to work on /home/airflow/.local/lib/python3.12/site-packages/airflow/example_dags/example_nested_branch_dag.py
[2025-03-24T08:10:08.647+0000] {processor.py:914} INFO - Processing file /home/airflow/.local/lib/python3.12/site-packages/airflow/example_dags/example_nested_branch_dag.py for tasks to queue
[2025-03-24T08:10:08.650+0000] {logging_mixin.py:190} INFO - [2025-03-24T08:10:08.649+0000] {dagbag.py:588} INFO - Filling up the DagBag from /home/airflow/.local/lib/python3.12/site-packages/airflow/example_dags/example_nested_branch_dag.py
[2025-03-24T08:10:08.664+0000] {processor.py:925} INFO - DAG(s) 'example_nested_branch_dag' retrieved from /home/airflow/.local/lib/python3.12/site-packages/airflow/example_dags/example_nested_branch_dag.py
[2025-03-24T08:10:08.793+0000] {logging_mixin.py:190} INFO - [2025-03-24T08:10:08.793+0000] {override.py:1912} INFO - Created Permission View: can read on DAG:example_nested_branch_dag
[2025-03-24T08:10:08.806+0000] {logging_mixin.py:190} INFO - [2025-03-24T08:10:08.806+0000] {override.py:1912} INFO - Created Permission View: can delete on DAG:example_nested_branch_dag
[2025-03-24T08:10:08.817+0000] {logging_mixin.py:190} INFO - [2025-03-24T08:10:08.816+0000] {override.py:1912} INFO - Created Permission View: can edit on DAG:example_nested_branch_dag
[2025-03-24T08:10:08.828+0000] {logging_mixin.py:190} INFO - [2025-03-24T08:10:08.828+0000] {override.py:1912} INFO - Created Permission View: can create on DAG Run:example_nested_branch_dag
[2025-03-24T08:10:08.837+0000] {logging_mixin.py:190} INFO - [2025-03-24T08:10:08.837+0000] {override.py:1912} INFO - Created Permission View: menu access on DAG Run:example_nested_branch_dag
[2025-03-24T08:10:08.846+0000] {logging_mixin.py:190} INFO - [2025-03-24T08:10:08.846+0000] {override.py:1912} INFO - Created Permission View: can read on DAG Run:example_nested_branch_dag
[2025-03-24T08:10:08.855+0000] {logging_mixin.py:190} INFO - [2025-03-24T08:10:08.855+0000] {override.py:1912} INFO - Created Permission View: can delete on DAG Run:example_nested_branch_dag
[2025-03-24T08:10:08.856+0000] {logging_mixin.py:190} INFO - [2025-03-24T08:10:08.856+0000] {dag.py:3239} INFO - Sync 1 DAGs
[2025-03-24T08:10:08.871+0000] {logging_mixin.py:190} INFO - [2025-03-24T08:10:08.871+0000] {dag.py:3262} INFO - Creating ORM DAG for example_nested_branch_dag
[2025-03-24T08:10:08.883+0000] {logging_mixin.py:190} INFO - [2025-03-24T08:10:08.883+0000] {dag.py:4180} INFO - Setting next_dagrun for example_nested_branch_dag to 2025-03-23 00:00:00+00:00, run_after=2025-03-24 00:00:00+00:00
[2025-03-24T08:10:08.903+0000] {processor.py:208} INFO - Processing /home/airflow/.local/lib/python3.12/site-packages/airflow/example_dags/example_nested_branch_dag.py took 0.264 seconds
[2025-03-24T08:10:39.044+0000] {processor.py:186} INFO - Started process (PID=148) to work on /home/airflow/.local/lib/python3.12/site-packages/airflow/example_dags/example_nested_branch_dag.py
[2025-03-24T08:10:39.045+0000] {processor.py:914} INFO - Processing file /home/airflow/.local/lib/python3.12/site-packages/airflow/example_dags/example_nested_branch_dag.py for tasks to queue
[2025-03-24T08:10:39.048+0000] {logging_mixin.py:190} INFO - [2025-03-24T08:10:39.047+0000] {dagbag.py:588} INFO - Filling up the DagBag from /home/airflow/.local/lib/python3.12/site-packages/airflow/example_dags/example_nested_branch_dag.py
[2025-03-24T08:10:39.061+0000] {processor.py:925} INFO - DAG(s) 'example_nested_branch_dag' retrieved from /home/airflow/.local/lib/python3.12/site-packages/airflow/example_dags/example_nested_branch_dag.py
[2025-03-24T08:10:39.085+0000] {logging_mixin.py:190} INFO - [2025-03-24T08:10:39.084+0000] {dag.py:3239} INFO - Sync 1 DAGs
[2025-03-24T08:10:39.111+0000] {logging_mixin.py:190} INFO - [2025-03-24T08:10:39.111+0000] {dag.py:4180} INFO - Setting next_dagrun for example_nested_branch_dag to 2025-03-23 00:00:00+00:00, run_after=2025-03-24 00:00:00+00:00
[2025-03-24T08:10:39.135+0000] {processor.py:208} INFO - Processing /home/airflow/.local/lib/python3.12/site-packages/airflow/example_dags/example_nested_branch_dag.py took 0.098 seconds
[2025-03-24T08:11:10.029+0000] {processor.py:186} INFO - Started process (PID=212) to work on /home/airflow/.local/lib/python3.12/site-packages/airflow/example_dags/example_nested_branch_dag.py
[2025-03-24T08:11:10.030+0000] {processor.py:914} INFO - Processing file /home/airflow/.local/lib/python3.12/site-packages/airflow/example_dags/example_nested_branch_dag.py for tasks to queue
[2025-03-24T08:11:10.033+0000] {logging_mixin.py:190} INFO - [2025-03-24T08:11:10.032+0000] {dagbag.py:588} INFO - Filling up the DagBag from /home/airflow/.local/lib/python3.12/site-packages/airflow/example_dags/example_nested_branch_dag.py
[2025-03-24T08:11:10.045+0000] {processor.py:925} INFO - DAG(s) 'example_nested_branch_dag' retrieved from /home/airflow/.local/lib/python3.12/site-packages/airflow/example_dags/example_nested_branch_dag.py
[2025-03-24T08:11:10.070+0000] {logging_mixin.py:190} INFO - [2025-03-24T08:11:10.070+0000] {dag.py:3239} INFO - Sync 1 DAGs
[2025-03-24T08:11:10.097+0000] {logging_mixin.py:190} INFO - [2025-03-24T08:11:10.097+0000] {dag.py:4180} INFO - Setting next_dagrun for example_nested_branch_dag to 2025-03-23 00:00:00+00:00, run_after=2025-03-24 00:00:00+00:00
[2025-03-24T08:11:10.120+0000] {processor.py:208} INFO - Processing /home/airflow/.local/lib/python3.12/site-packages/airflow/example_dags/example_nested_branch_dag.py took 0.098 seconds
[2025-03-24T08:11:40.359+0000] {processor.py:186} INFO - Started process (PID=275) to work on /home/airflow/.local/lib/python3.12/site-packages/airflow/example_dags/example_nested_branch_dag.py
[2025-03-24T08:11:40.360+0000] {processor.py:914} INFO - Processing file /home/airflow/.local/lib/python3.12/site-packages/airflow/example_dags/example_nested_branch_dag.py for tasks to queue
[2025-03-24T08:11:40.363+0000] {logging_mixin.py:190} INFO - [2025-03-24T08:11:40.362+0000] {dagbag.py:588} INFO - Filling up the DagBag from /home/airflow/.local/lib/python3.12/site-packages/airflow/example_dags/example_nested_branch_dag.py
[2025-03-24T08:11:40.376+0000] {processor.py:925} INFO - DAG(s) 'example_nested_branch_dag' retrieved from /home/airflow/.local/lib/python3.12/site-packages/airflow/example_dags/example_nested_branch_dag.py
[2025-03-24T08:11:40.403+0000] {logging_mixin.py:190} INFO - [2025-03-24T08:11:40.403+0000] {dag.py:3239} INFO - Sync 1 DAGs
[2025-03-24T08:11:40.430+0000] {logging_mixin.py:190} INFO - [2025-03-24T08:11:40.430+0000] {dag.py:4180} INFO - Setting next_dagrun for example_nested_branch_dag to 2025-03-23 00:00:00+00:00, run_after=2025-03-24 00:00:00+00:00
[2025-03-24T08:11:40.455+0000] {processor.py:208} INFO - Processing /home/airflow/.local/lib/python3.12/site-packages/airflow/example_dags/example_nested_branch_dag.py took 0.102 seconds
[2025-03-24T08:12:10.531+0000] {processor.py:186} INFO - Started process (PID=338) to work on /home/airflow/.local/lib/python3.12/site-packages/airflow/example_dags/example_nested_branch_dag.py
[2025-03-24T08:12:10.533+0000] {processor.py:914} INFO - Processing file /home/airflow/.local/lib/python3.12/site-packages/airflow/example_dags/example_nested_branch_dag.py for tasks to queue
[2025-03-24T08:12:10.535+0000] {logging_mixin.py:190} INFO - [2025-03-24T08:12:10.535+0000] {dagbag.py:588} INFO - Filling up the DagBag from /home/airflow/.local/lib/python3.12/site-packages/airflow/example_dags/example_nested_branch_dag.py
[2025-03-24T08:12:10.549+0000] {processor.py:925} INFO - DAG(s) 'example_nested_branch_dag' retrieved from /home/airflow/.local/lib/python3.12/site-packages/airflow/example_dags/example_nested_branch_dag.py
[2025-03-24T08:12:10.573+0000] {logging_mixin.py:190} INFO - [2025-03-24T08:12:10.572+0000] {dag.py:3239} INFO - Sync 1 DAGs
[2025-03-24T08:12:10.601+0000] {logging_mixin.py:190} INFO - [2025-03-24T08:12:10.601+0000] {dag.py:4180} INFO - Setting next_dagrun for example_nested_branch_dag to 2025-03-23 00:00:00+00:00, run_after=2025-03-24 00:00:00+00:00
[2025-03-24T08:12:10.621+0000] {processor.py:208} INFO - Processing /home/airflow/.local/lib/python3.12/site-packages/airflow/example_dags/example_nested_branch_dag.py took 0.097 seconds
[2025-03-24T08:12:41.032+0000] {processor.py:186} INFO - Started process (PID=402) to work on /home/airflow/.local/lib/python3.12/site-packages/airflow/example_dags/example_nested_branch_dag.py
[2025-03-24T08:12:41.034+0000] {processor.py:914} INFO - Processing file /home/airflow/.local/lib/python3.12/site-packages/airflow/example_dags/example_nested_branch_dag.py for tasks to queue
[2025-03-24T08:12:41.036+0000] {logging_mixin.py:190} INFO - [2025-03-24T08:12:41.036+0000] {dagbag.py:588} INFO - Filling up the DagBag from /home/airflow/.local/lib/python3.12/site-packages/airflow/example_dags/example_nested_branch_dag.py
[2025-03-24T08:12:41.049+0000] {processor.py:925} INFO - DAG(s) 'example_nested_branch_dag' retrieved from /home/airflow/.local/lib/python3.12/site-packages/airflow/example_dags/example_nested_branch_dag.py
[2025-03-24T08:12:41.074+0000] {logging_mixin.py:190} INFO - [2025-03-24T08:12:41.074+0000] {dag.py:3239} INFO - Sync 1 DAGs
[2025-03-24T08:12:41.101+0000] {logging_mixin.py:190} INFO - [2025-03-24T08:12:41.101+0000] {dag.py:4180} INFO - Setting next_dagrun for example_nested_branch_dag to 2025-03-23 00:00:00+00:00, run_after=2025-03-24 00:00:00+00:00
[2025-03-24T08:12:41.124+0000] {processor.py:208} INFO - Processing /home/airflow/.local/lib/python3.12/site-packages/airflow/example_dags/example_nested_branch_dag.py took 0.098 seconds
[2025-03-24T08:13:11.982+0000] {processor.py:186} INFO - Started process (PID=466) to work on /home/airflow/.local/lib/python3.12/site-packages/airflow/example_dags/example_nested_branch_dag.py
[2025-03-24T08:13:11.983+0000] {processor.py:914} INFO - Processing file /home/airflow/.local/lib/python3.12/site-packages/airflow/example_dags/example_nested_branch_dag.py for tasks to queue
[2025-03-24T08:13:11.986+0000] {logging_mixin.py:190} INFO - [2025-03-24T08:13:11.985+0000] {dagbag.py:588} INFO - Filling up the DagBag from /home/airflow/.local/lib/python3.12/site-packages/airflow/example_dags/example_nested_branch_dag.py
[2025-03-24T08:13:11.998+0000] {processor.py:925} INFO - DAG(s) 'example_nested_branch_dag' retrieved from /home/airflow/.local/lib/python3.12/site-packages/airflow/example_dags/example_nested_branch_dag.py
[2025-03-24T08:13:12.022+0000] {logging_mixin.py:190} INFO - [2025-03-24T08:13:12.022+0000] {dag.py:3239} INFO - Sync 1 DAGs
[2025-03-24T08:13:12.049+0000] {logging_mixin.py:190} INFO - [2025-03-24T08:13:12.049+0000] {dag.py:4180} INFO - Setting next_dagrun for example_nested_branch_dag to 2025-03-23 00:00:00+00:00, run_after=2025-03-24 00:00:00+00:00
[2025-03-24T08:13:12.068+0000] {processor.py:208} INFO - Processing /home/airflow/.local/lib/python3.12/site-packages/airflow/example_dags/example_nested_branch_dag.py took 0.093 seconds
[2025-03-24T08:13:42.949+0000] {processor.py:186} INFO - Started process (PID=530) to work on /home/airflow/.local/lib/python3.12/site-packages/airflow/example_dags/example_nested_branch_dag.py
[2025-03-24T08:13:42.950+0000] {processor.py:914} INFO - Processing file /home/airflow/.local/lib/python3.12/site-packages/airflow/example_dags/example_nested_branch_dag.py for tasks to queue
[2025-03-24T08:13:42.953+0000] {logging_mixin.py:190} INFO - [2025-03-24T08:13:42.953+0000] {dagbag.py:588} INFO - Filling up the DagBag from /home/airflow/.local/lib/python3.12/site-packages/airflow/example_dags/example_nested_branch_dag.py
[2025-03-24T08:13:42.968+0000] {processor.py:925} INFO - DAG(s) 'example_nested_branch_dag' retrieved from /home/airflow/.local/lib/python3.12/site-packages/airflow/example_dags/example_nested_branch_dag.py
[2025-03-24T08:13:42.992+0000] {logging_mixin.py:190} INFO - [2025-03-24T08:13:42.992+0000] {dag.py:3239} INFO - Sync 1 DAGs
[2025-03-24T08:13:43.019+0000] {logging_mixin.py:190} INFO - [2025-03-24T08:13:43.019+0000] {dag.py:4180} INFO - Setting next_dagrun for example_nested_branch_dag to 2025-03-23 00:00:00+00:00, run_after=2025-03-24 00:00:00+00:00
[2025-03-24T08:13:43.039+0000] {processor.py:208} INFO - Processing /home/airflow/.local/lib/python3.12/site-packages/airflow/example_dags/example_nested_branch_dag.py took 0.098 seconds
[2025-03-24T08:14:13.136+0000] {processor.py:186} INFO - Started process (PID=594) to work on /home/airflow/.local/lib/python3.12/site-packages/airflow/example_dags/example_nested_branch_dag.py
[2025-03-24T08:14:13.138+0000] {processor.py:914} INFO - Processing file /home/airflow/.local/lib/python3.12/site-packages/airflow/example_dags/example_nested_branch_dag.py for tasks to queue
[2025-03-24T08:14:13.140+0000] {logging_mixin.py:190} INFO - [2025-03-24T08:14:13.140+0000] {dagbag.py:588} INFO - Filling up the DagBag from /home/airflow/.local/lib/python3.12/site-packages/airflow/example_dags/example_nested_branch_dag.py
[2025-03-24T08:14:13.153+0000] {processor.py:925} INFO - DAG(s) 'example_nested_branch_dag' retrieved from /home/airflow/.local/lib/python3.12/site-packages/airflow/example_dags/example_nested_branch_dag.py
[2025-03-24T08:14:13.177+0000] {logging_mixin.py:190} INFO - [2025-03-24T08:14:13.177+0000] {dag.py:3239} INFO - Sync 1 DAGs
[2025-03-24T08:14:13.203+0000] {logging_mixin.py:190} INFO - [2025-03-24T08:14:13.202+0000] {dag.py:4180} INFO - Setting next_dagrun for example_nested_branch_dag to 2025-03-23 00:00:00+00:00, run_after=2025-03-24 00:00:00+00:00
[2025-03-24T08:14:13.226+0000] {processor.py:208} INFO - Processing /home/airflow/.local/lib/python3.12/site-packages/airflow/example_dags/example_nested_branch_dag.py took 0.096 seconds
[2025-03-24T08:14:44.132+0000] {processor.py:186} INFO - Started process (PID=658) to work on /home/airflow/.local/lib/python3.12/site-packages/airflow/example_dags/example_nested_branch_dag.py
[2025-03-24T08:14:44.134+0000] {processor.py:914} INFO - Processing file /home/airflow/.local/lib/python3.12/site-packages/airflow/example_dags/example_nested_branch_dag.py for tasks to queue
[2025-03-24T08:14:44.136+0000] {logging_mixin.py:190} INFO - [2025-03-24T08:14:44.136+0000] {dagbag.py:588} INFO - Filling up the DagBag from /home/airflow/.local/lib/python3.12/site-packages/airflow/example_dags/example_nested_branch_dag.py
[2025-03-24T08:14:44.149+0000] {processor.py:925} INFO - DAG(s) 'example_nested_branch_dag' retrieved from /home/airflow/.local/lib/python3.12/site-packages/airflow/example_dags/example_nested_branch_dag.py
[2025-03-24T08:14:44.172+0000] {logging_mixin.py:190} INFO - [2025-03-24T08:14:44.172+0000] {dag.py:3239} INFO - Sync 1 DAGs
[2025-03-24T08:14:44.199+0000] {logging_mixin.py:190} INFO - [2025-03-24T08:14:44.199+0000] {dag.py:4180} INFO - Setting next_dagrun for example_nested_branch_dag to 2025-03-23 00:00:00+00:00, run_after=2025-03-24 00:00:00+00:00
[2025-03-24T08:14:44.218+0000] {processor.py:208} INFO - Processing /home/airflow/.local/lib/python3.12/site-packages/airflow/example_dags/example_nested_branch_dag.py took 0.092 seconds
[2025-03-24T08:15:14.502+0000] {processor.py:186} INFO - Started process (PID=722) to work on /home/airflow/.local/lib/python3.12/site-packages/airflow/example_dags/example_nested_branch_dag.py
[2025-03-24T08:15:14.503+0000] {processor.py:914} INFO - Processing file /home/airflow/.local/lib/python3.12/site-packages/airflow/example_dags/example_nested_branch_dag.py for tasks to queue
[2025-03-24T08:15:14.505+0000] {logging_mixin.py:190} INFO - [2025-03-24T08:15:14.505+0000] {dagbag.py:588} INFO - Filling up the DagBag from /home/airflow/.local/lib/python3.12/site-packages/airflow/example_dags/example_nested_branch_dag.py
[2025-03-24T08:15:14.518+0000] {processor.py:925} INFO - DAG(s) 'example_nested_branch_dag' retrieved from /home/airflow/.local/lib/python3.12/site-packages/airflow/example_dags/example_nested_branch_dag.py
[2025-03-24T08:15:14.541+0000] {logging_mixin.py:190} INFO - [2025-03-24T08:15:14.541+0000] {dag.py:3239} INFO - Sync 1 DAGs
[2025-03-24T08:15:14.567+0000] {logging_mixin.py:190} INFO - [2025-03-24T08:15:14.566+0000] {dag.py:4180} INFO - Setting next_dagrun for example_nested_branch_dag to 2025-03-23 00:00:00+00:00, run_after=2025-03-24 00:00:00+00:00
[2025-03-24T08:15:14.587+0000] {processor.py:208} INFO - Processing /home/airflow/.local/lib/python3.12/site-packages/airflow/example_dags/example_nested_branch_dag.py took 0.091 seconds
[2025-03-24T08:15:44.871+0000] {processor.py:186} INFO - Started process (PID=786) to work on /home/airflow/.local/lib/python3.12/site-packages/airflow/example_dags/example_nested_branch_dag.py
[2025-03-24T08:15:44.872+0000] {processor.py:914} INFO - Processing file /home/airflow/.local/lib/python3.12/site-packages/airflow/example_dags/example_nested_branch_dag.py for tasks to queue
[2025-03-24T08:15:44.875+0000] {logging_mixin.py:190} INFO - [2025-03-24T08:15:44.874+0000] {dagbag.py:588} INFO - Filling up the DagBag from /home/airflow/.local/lib/python3.12/site-packages/airflow/example_dags/example_nested_branch_dag.py
[2025-03-24T08:15:44.887+0000] {processor.py:925} INFO - DAG(s) 'example_nested_branch_dag' retrieved from /home/airflow/.local/lib/python3.12/site-packages/airflow/example_dags/example_nested_branch_dag.py
[2025-03-24T08:15:44.910+0000] {logging_mixin.py:190} INFO - [2025-03-24T08:15:44.910+0000] {dag.py:3239} INFO - Sync 1 DAGs
[2025-03-24T08:15:44.936+0000] {logging_mixin.py:190} INFO - [2025-03-24T08:15:44.936+0000] {dag.py:4180} INFO - Setting next_dagrun for example_nested_branch_dag to 2025-03-23 00:00:00+00:00, run_after=2025-03-24 00:00:00+00:00
[2025-03-24T08:15:44.966+0000] {processor.py:208} INFO - Processing /home/airflow/.local/lib/python3.12/site-packages/airflow/example_dags/example_nested_branch_dag.py took 0.101 seconds
[2025-03-24T08:16:15.370+0000] {processor.py:186} INFO - Started process (PID=850) to work on /home/airflow/.local/lib/python3.12/site-packages/airflow/example_dags/example_nested_branch_dag.py
[2025-03-24T08:16:15.371+0000] {processor.py:914} INFO - Processing file /home/airflow/.local/lib/python3.12/site-packages/airflow/example_dags/example_nested_branch_dag.py for tasks to queue
[2025-03-24T08:16:15.374+0000] {logging_mixin.py:190} INFO - [2025-03-24T08:16:15.374+0000] {dagbag.py:588} INFO - Filling up the DagBag from /home/airflow/.local/lib/python3.12/site-packages/airflow/example_dags/example_nested_branch_dag.py
[2025-03-24T08:16:15.387+0000] {processor.py:925} INFO - DAG(s) 'example_nested_branch_dag' retrieved from /home/airflow/.local/lib/python3.12/site-packages/airflow/example_dags/example_nested_branch_dag.py
[2025-03-24T08:16:15.409+0000] {logging_mixin.py:190} INFO - [2025-03-24T08:16:15.409+0000] {dag.py:3239} INFO - Sync 1 DAGs
[2025-03-24T08:16:15.436+0000] {logging_mixin.py:190} INFO - [2025-03-24T08:16:15.436+0000] {dag.py:4180} INFO - Setting next_dagrun for example_nested_branch_dag to 2025-03-23 00:00:00+00:00, run_after=2025-03-24 00:00:00+00:00
[2025-03-24T08:16:15.456+0000] {processor.py:208} INFO - Processing /home/airflow/.local/lib/python3.12/site-packages/airflow/example_dags/example_nested_branch_dag.py took 0.092 seconds
[2025-03-24T08:16:45.575+0000] {processor.py:186} INFO - Started process (PID=914) to work on /home/airflow/.local/lib/python3.12/site-packages/airflow/example_dags/example_nested_branch_dag.py
[2025-03-24T08:16:45.576+0000] {processor.py:914} INFO - Processing file /home/airflow/.local/lib/python3.12/site-packages/airflow/example_dags/example_nested_branch_dag.py for tasks to queue
[2025-03-24T08:16:45.579+0000] {logging_mixin.py:190} INFO - [2025-03-24T08:16:45.578+0000] {dagbag.py:588} INFO - Filling up the DagBag from /home/airflow/.local/lib/python3.12/site-packages/airflow/example_dags/example_nested_branch_dag.py
[2025-03-24T08:16:45.591+0000] {processor.py:925} INFO - DAG(s) 'example_nested_branch_dag' retrieved from /home/airflow/.local/lib/python3.12/site-packages/airflow/example_dags/example_nested_branch_dag.py
[2025-03-24T08:16:45.615+0000] {logging_mixin.py:190} INFO - [2025-03-24T08:16:45.614+0000] {dag.py:3239} INFO - Sync 1 DAGs
[2025-03-24T08:16:45.641+0000] {logging_mixin.py:190} INFO - [2025-03-24T08:16:45.640+0000] {dag.py:4180} INFO - Setting next_dagrun for example_nested_branch_dag to 2025-03-23 00:00:00+00:00, run_after=2025-03-24 00:00:00+00:00
[2025-03-24T08:16:45.660+0000] {processor.py:208} INFO - Processing /home/airflow/.local/lib/python3.12/site-packages/airflow/example_dags/example_nested_branch_dag.py took 0.092 seconds
[2025-03-24T08:17:15.720+0000] {processor.py:186} INFO - Started process (PID=977) to work on /home/airflow/.local/lib/python3.12/site-packages/airflow/example_dags/example_nested_branch_dag.py
[2025-03-24T08:17:15.721+0000] {processor.py:914} INFO - Processing file /home/airflow/.local/lib/python3.12/site-packages/airflow/example_dags/example_nested_branch_dag.py for tasks to queue
[2025-03-24T08:17:15.724+0000] {logging_mixin.py:190} INFO - [2025-03-24T08:17:15.723+0000] {dagbag.py:588} INFO - Filling up the DagBag from /home/airflow/.local/lib/python3.12/site-packages/airflow/example_dags/example_nested_branch_dag.py
[2025-03-24T08:17:15.737+0000] {processor.py:925} INFO - DAG(s) 'example_nested_branch_dag' retrieved from /home/airflow/.local/lib/python3.12/site-packages/airflow/example_dags/example_nested_branch_dag.py
[2025-03-24T08:17:15.761+0000] {logging_mixin.py:190} INFO - [2025-03-24T08:17:15.761+0000] {dag.py:3239} INFO - Sync 1 DAGs
[2025-03-24T08:17:15.787+0000] {logging_mixin.py:190} INFO - [2025-03-24T08:17:15.787+0000] {dag.py:4180} INFO - Setting next_dagrun for example_nested_branch_dag to 2025-03-23 00:00:00+00:00, run_after=2025-03-24 00:00:00+00:00
[2025-03-24T08:17:15.811+0000] {processor.py:208} INFO - Processing /home/airflow/.local/lib/python3.12/site-packages/airflow/example_dags/example_nested_branch_dag.py took 0.098 seconds
[2025-03-24T08:17:45.844+0000] {processor.py:186} INFO - Started process (PID=1041) to work on /home/airflow/.local/lib/python3.12/site-packages/airflow/example_dags/example_nested_branch_dag.py
[2025-03-24T08:17:45.845+0000] {processor.py:914} INFO - Processing file /home/airflow/.local/lib/python3.12/site-packages/airflow/example_dags/example_nested_branch_dag.py for tasks to queue
[2025-03-24T08:17:45.848+0000] {logging_mixin.py:190} INFO - [2025-03-24T08:17:45.847+0000] {dagbag.py:588} INFO - Filling up the DagBag from /home/airflow/.local/lib/python3.12/site-packages/airflow/example_dags/example_nested_branch_dag.py
[2025-03-24T08:17:45.861+0000] {processor.py:925} INFO - DAG(s) 'example_nested_branch_dag' retrieved from /home/airflow/.local/lib/python3.12/site-packages/airflow/example_dags/example_nested_branch_dag.py
[2025-03-24T08:17:45.885+0000] {logging_mixin.py:190} INFO - [2025-03-24T08:17:45.884+0000] {dag.py:3239} INFO - Sync 1 DAGs
[2025-03-24T08:17:45.911+0000] {logging_mixin.py:190} INFO - [2025-03-24T08:17:45.911+0000] {dag.py:4180} INFO - Setting next_dagrun for example_nested_branch_dag to 2025-03-23 00:00:00+00:00, run_after=2025-03-24 00:00:00+00:00
[2025-03-24T08:17:45.931+0000] {processor.py:208} INFO - Processing /home/airflow/.local/lib/python3.12/site-packages/airflow/example_dags/example_nested_branch_dag.py took 0.093 seconds
[2025-03-24T08:18:16.770+0000] {processor.py:186} INFO - Started process (PID=1105) to work on /home/airflow/.local/lib/python3.12/site-packages/airflow/example_dags/example_nested_branch_dag.py
[2025-03-24T08:18:16.771+0000] {processor.py:914} INFO - Processing file /home/airflow/.local/lib/python3.12/site-packages/airflow/example_dags/example_nested_branch_dag.py for tasks to queue
[2025-03-24T08:18:16.774+0000] {logging_mixin.py:190} INFO - [2025-03-24T08:18:16.773+0000] {dagbag.py:588} INFO - Filling up the DagBag from /home/airflow/.local/lib/python3.12/site-packages/airflow/example_dags/example_nested_branch_dag.py
[2025-03-24T08:18:16.786+0000] {processor.py:925} INFO - DAG(s) 'example_nested_branch_dag' retrieved from /home/airflow/.local/lib/python3.12/site-packages/airflow/example_dags/example_nested_branch_dag.py
[2025-03-24T08:18:16.810+0000] {logging_mixin.py:190} INFO - [2025-03-24T08:18:16.810+0000] {dag.py:3239} INFO - Sync 1 DAGs
[2025-03-24T08:18:16.836+0000] {logging_mixin.py:190} INFO - [2025-03-24T08:18:16.836+0000] {dag.py:4180} INFO - Setting next_dagrun for example_nested_branch_dag to 2025-03-23 00:00:00+00:00, run_after=2025-03-24 00:00:00+00:00
[2025-03-24T08:18:16.856+0000] {processor.py:208} INFO - Processing /home/airflow/.local/lib/python3.12/site-packages/airflow/example_dags/example_nested_branch_dag.py took 0.092 seconds
[2025-03-24T08:18:46.997+0000] {processor.py:186} INFO - Started process (PID=1169) to work on /home/airflow/.local/lib/python3.12/site-packages/airflow/example_dags/example_nested_branch_dag.py
[2025-03-24T08:18:46.999+0000] {processor.py:914} INFO - Processing file /home/airflow/.local/lib/python3.12/site-packages/airflow/example_dags/example_nested_branch_dag.py for tasks to queue
[2025-03-24T08:18:47.001+0000] {logging_mixin.py:190} INFO - [2025-03-24T08:18:47.001+0000] {dagbag.py:588} INFO - Filling up the DagBag from /home/airflow/.local/lib/python3.12/site-packages/airflow/example_dags/example_nested_branch_dag.py
[2025-03-24T08:18:47.013+0000] {processor.py:925} INFO - DAG(s) 'example_nested_branch_dag' retrieved from /home/airflow/.local/lib/python3.12/site-packages/airflow/example_dags/example_nested_branch_dag.py
[2025-03-24T08:18:47.037+0000] {logging_mixin.py:190} INFO - [2025-03-24T08:18:47.037+0000] {dag.py:3239} INFO - Sync 1 DAGs
[2025-03-24T08:18:47.063+0000] {logging_mixin.py:190} INFO - [2025-03-24T08:18:47.063+0000] {dag.py:4180} INFO - Setting next_dagrun for example_nested_branch_dag to 2025-03-23 00:00:00+00:00, run_after=2025-03-24 00:00:00+00:00
[2025-03-24T08:18:47.087+0000] {processor.py:208} INFO - Processing /home/airflow/.local/lib/python3.12/site-packages/airflow/example_dags/example_nested_branch_dag.py took 0.096 seconds
[2025-03-24T08:19:17.463+0000] {processor.py:186} INFO - Started process (PID=1233) to work on /home/airflow/.local/lib/python3.12/site-packages/airflow/example_dags/example_nested_branch_dag.py
[2025-03-24T08:19:17.464+0000] {processor.py:914} INFO - Processing file /home/airflow/.local/lib/python3.12/site-packages/airflow/example_dags/example_nested_branch_dag.py for tasks to queue
[2025-03-24T08:19:17.466+0000] {logging_mixin.py:190} INFO - [2025-03-24T08:19:17.466+0000] {dagbag.py:588} INFO - Filling up the DagBag from /home/airflow/.local/lib/python3.12/site-packages/airflow/example_dags/example_nested_branch_dag.py
[2025-03-24T08:19:17.479+0000] {processor.py:925} INFO - DAG(s) 'example_nested_branch_dag' retrieved from /home/airflow/.local/lib/python3.12/site-packages/airflow/example_dags/example_nested_branch_dag.py
[2025-03-24T08:19:17.503+0000] {logging_mixin.py:190} INFO - [2025-03-24T08:19:17.502+0000] {dag.py:3239} INFO - Sync 1 DAGs
[2025-03-24T08:19:17.528+0000] {logging_mixin.py:190} INFO - [2025-03-24T08:19:17.528+0000] {dag.py:4180} INFO - Setting next_dagrun for example_nested_branch_dag to 2025-03-23 00:00:00+00:00, run_after=2025-03-24 00:00:00+00:00
[2025-03-24T08:19:17.558+0000] {processor.py:208} INFO - Processing /home/airflow/.local/lib/python3.12/site-packages/airflow/example_dags/example_nested_branch_dag.py took 0.101 seconds
[2025-03-24T08:19:47.828+0000] {processor.py:186} INFO - Started process (PID=1297) to work on /home/airflow/.local/lib/python3.12/site-packages/airflow/example_dags/example_nested_branch_dag.py
[2025-03-24T08:19:47.829+0000] {processor.py:914} INFO - Processing file /home/airflow/.local/lib/python3.12/site-packages/airflow/example_dags/example_nested_branch_dag.py for tasks to queue
[2025-03-24T08:19:47.832+0000] {logging_mixin.py:190} INFO - [2025-03-24T08:19:47.832+0000] {dagbag.py:588} INFO - Filling up the DagBag from /home/airflow/.local/lib/python3.12/site-packages/airflow/example_dags/example_nested_branch_dag.py
[2025-03-24T08:19:47.845+0000] {processor.py:925} INFO - DAG(s) 'example_nested_branch_dag' retrieved from /home/airflow/.local/lib/python3.12/site-packages/airflow/example_dags/example_nested_branch_dag.py
[2025-03-24T08:19:47.869+0000] {logging_mixin.py:190} INFO - [2025-03-24T08:19:47.868+0000] {dag.py:3239} INFO - Sync 1 DAGs
[2025-03-24T08:19:47.896+0000] {logging_mixin.py:190} INFO - [2025-03-24T08:19:47.896+0000] {dag.py:4180} INFO - Setting next_dagrun for example_nested_branch_dag to 2025-03-23 00:00:00+00:00, run_after=2025-03-24 00:00:00+00:00
[2025-03-24T08:19:47.917+0000] {processor.py:208} INFO - Processing /home/airflow/.local/lib/python3.12/site-packages/airflow/example_dags/example_nested_branch_dag.py took 0.096 seconds
[2025-03-24T08:20:18.557+0000] {processor.py:186} INFO - Started process (PID=1361) to work on /home/airflow/.local/lib/python3.12/site-packages/airflow/example_dags/example_nested_branch_dag.py
[2025-03-24T08:20:18.558+0000] {processor.py:914} INFO - Processing file /home/airflow/.local/lib/python3.12/site-packages/airflow/example_dags/example_nested_branch_dag.py for tasks to queue
[2025-03-24T08:20:18.561+0000] {logging_mixin.py:190} INFO - [2025-03-24T08:20:18.561+0000] {dagbag.py:588} INFO - Filling up the DagBag from /home/airflow/.local/lib/python3.12/site-packages/airflow/example_dags/example_nested_branch_dag.py
[2025-03-24T08:20:18.575+0000] {processor.py:925} INFO - DAG(s) 'example_nested_branch_dag' retrieved from /home/airflow/.local/lib/python3.12/site-packages/airflow/example_dags/example_nested_branch_dag.py
[2025-03-24T08:20:18.600+0000] {logging_mixin.py:190} INFO - [2025-03-24T08:20:18.600+0000] {dag.py:3239} INFO - Sync 1 DAGs
[2025-03-24T08:20:18.629+0000] {logging_mixin.py:190} INFO - [2025-03-24T08:20:18.628+0000] {dag.py:4180} INFO - Setting next_dagrun for example_nested_branch_dag to 2025-03-23 00:00:00+00:00, run_after=2025-03-24 00:00:00+00:00
[2025-03-24T08:20:18.649+0000] {processor.py:208} INFO - Processing /home/airflow/.local/lib/python3.12/site-packages/airflow/example_dags/example_nested_branch_dag.py took 0.099 seconds
[2025-03-24T08:20:49.657+0000] {processor.py:186} INFO - Started process (PID=1425) to work on /home/airflow/.local/lib/python3.12/site-packages/airflow/example_dags/example_nested_branch_dag.py
[2025-03-24T08:20:49.658+0000] {processor.py:914} INFO - Processing file /home/airflow/.local/lib/python3.12/site-packages/airflow/example_dags/example_nested_branch_dag.py for tasks to queue
[2025-03-24T08:20:49.660+0000] {logging_mixin.py:190} INFO - [2025-03-24T08:20:49.660+0000] {dagbag.py:588} INFO - Filling up the DagBag from /home/airflow/.local/lib/python3.12/site-packages/airflow/example_dags/example_nested_branch_dag.py
[2025-03-24T08:20:49.674+0000] {processor.py:925} INFO - DAG(s) 'example_nested_branch_dag' retrieved from /home/airflow/.local/lib/python3.12/site-packages/airflow/example_dags/example_nested_branch_dag.py
[2025-03-24T08:20:49.699+0000] {logging_mixin.py:190} INFO - [2025-03-24T08:20:49.699+0000] {dag.py:3239} INFO - Sync 1 DAGs
[2025-03-24T08:20:49.728+0000] {logging_mixin.py:190} INFO - [2025-03-24T08:20:49.728+0000] {dag.py:4180} INFO - Setting next_dagrun for example_nested_branch_dag to 2025-03-23 00:00:00+00:00, run_after=2025-03-24 00:00:00+00:00
[2025-03-24T08:20:49.750+0000] {processor.py:208} INFO - Processing /home/airflow/.local/lib/python3.12/site-packages/airflow/example_dags/example_nested_branch_dag.py took 0.100 seconds
[2025-03-24T08:21:20.221+0000] {processor.py:186} INFO - Started process (PID=1489) to work on /home/airflow/.local/lib/python3.12/site-packages/airflow/example_dags/example_nested_branch_dag.py
[2025-03-24T08:21:20.222+0000] {processor.py:914} INFO - Processing file /home/airflow/.local/lib/python3.12/site-packages/airflow/example_dags/example_nested_branch_dag.py for tasks to queue
[2025-03-24T08:21:20.225+0000] {logging_mixin.py:190} INFO - [2025-03-24T08:21:20.224+0000] {dagbag.py:588} INFO - Filling up the DagBag from /home/airflow/.local/lib/python3.12/site-packages/airflow/example_dags/example_nested_branch_dag.py
[2025-03-24T08:21:20.240+0000] {processor.py:925} INFO - DAG(s) 'example_nested_branch_dag' retrieved from /home/airflow/.local/lib/python3.12/site-packages/airflow/example_dags/example_nested_branch_dag.py
[2025-03-24T08:21:20.264+0000] {logging_mixin.py:190} INFO - [2025-03-24T08:21:20.264+0000] {dag.py:3239} INFO - Sync 1 DAGs
[2025-03-24T08:21:20.293+0000] {logging_mixin.py:190} INFO - [2025-03-24T08:21:20.293+0000] {dag.py:4180} INFO - Setting next_dagrun for example_nested_branch_dag to 2025-03-23 00:00:00+00:00, run_after=2025-03-24 00:00:00+00:00
[2025-03-24T08:21:20.314+0000] {processor.py:208} INFO - Processing /home/airflow/.local/lib/python3.12/site-packages/airflow/example_dags/example_nested_branch_dag.py took 0.101 seconds
[2025-03-24T08:21:50.848+0000] {processor.py:186} INFO - Started process (PID=1553) to work on /home/airflow/.local/lib/python3.12/site-packages/airflow/example_dags/example_nested_branch_dag.py
[2025-03-24T08:21:50.849+0000] {processor.py:914} INFO - Processing file /home/airflow/.local/lib/python3.12/site-packages/airflow/example_dags/example_nested_branch_dag.py for tasks to queue
[2025-03-24T08:21:50.851+0000] {logging_mixin.py:190} INFO - [2025-03-24T08:21:50.851+0000] {dagbag.py:588} INFO - Filling up the DagBag from /home/airflow/.local/lib/python3.12/site-packages/airflow/example_dags/example_nested_branch_dag.py
[2025-03-24T08:21:50.863+0000] {processor.py:925} INFO - DAG(s) 'example_nested_branch_dag' retrieved from /home/airflow/.local/lib/python3.12/site-packages/airflow/example_dags/example_nested_branch_dag.py
[2025-03-24T08:21:50.886+0000] {logging_mixin.py:190} INFO - [2025-03-24T08:21:50.886+0000] {dag.py:3239} INFO - Sync 1 DAGs
[2025-03-24T08:21:50.912+0000] {logging_mixin.py:190} INFO - [2025-03-24T08:21:50.911+0000] {dag.py:4180} INFO - Setting next_dagrun for example_nested_branch_dag to 2025-03-23 00:00:00+00:00, run_after=2025-03-24 00:00:00+00:00
[2025-03-24T08:21:50.932+0000] {processor.py:208} INFO - Processing /home/airflow/.local/lib/python3.12/site-packages/airflow/example_dags/example_nested_branch_dag.py took 0.090 seconds
[2025-03-24T08:22:21.323+0000] {processor.py:186} INFO - Started process (PID=1617) to work on /home/airflow/.local/lib/python3.12/site-packages/airflow/example_dags/example_nested_branch_dag.py
[2025-03-24T08:22:21.324+0000] {processor.py:914} INFO - Processing file /home/airflow/.local/lib/python3.12/site-packages/airflow/example_dags/example_nested_branch_dag.py for tasks to queue
[2025-03-24T08:22:21.326+0000] {logging_mixin.py:190} INFO - [2025-03-24T08:22:21.326+0000] {dagbag.py:588} INFO - Filling up the DagBag from /home/airflow/.local/lib/python3.12/site-packages/airflow/example_dags/example_nested_branch_dag.py
[2025-03-24T08:22:21.339+0000] {processor.py:925} INFO - DAG(s) 'example_nested_branch_dag' retrieved from /home/airflow/.local/lib/python3.12/site-packages/airflow/example_dags/example_nested_branch_dag.py
[2025-03-24T08:22:21.362+0000] {logging_mixin.py:190} INFO - [2025-03-24T08:22:21.362+0000] {dag.py:3239} INFO - Sync 1 DAGs
[2025-03-24T08:22:21.390+0000] {logging_mixin.py:190} INFO - [2025-03-24T08:22:21.389+0000] {dag.py:4180} INFO - Setting next_dagrun for example_nested_branch_dag to 2025-03-23 00:00:00+00:00, run_after=2025-03-24 00:00:00+00:00
[2025-03-24T08:22:21.410+0000] {processor.py:208} INFO - Processing /home/airflow/.local/lib/python3.12/site-packages/airflow/example_dags/example_nested_branch_dag.py took 0.094 seconds
[2025-03-24T08:22:52.342+0000] {processor.py:186} INFO - Started process (PID=1681) to work on /home/airflow/.local/lib/python3.12/site-packages/airflow/example_dags/example_nested_branch_dag.py
[2025-03-24T08:22:52.343+0000] {processor.py:914} INFO - Processing file /home/airflow/.local/lib/python3.12/site-packages/airflow/example_dags/example_nested_branch_dag.py for tasks to queue
[2025-03-24T08:22:52.346+0000] {logging_mixin.py:190} INFO - [2025-03-24T08:22:52.345+0000] {dagbag.py:588} INFO - Filling up the DagBag from /home/airflow/.local/lib/python3.12/site-packages/airflow/example_dags/example_nested_branch_dag.py
[2025-03-24T08:22:52.359+0000] {processor.py:925} INFO - DAG(s) 'example_nested_branch_dag' retrieved from /home/airflow/.local/lib/python3.12/site-packages/airflow/example_dags/example_nested_branch_dag.py
[2025-03-24T08:22:52.383+0000] {logging_mixin.py:190} INFO - [2025-03-24T08:22:52.383+0000] {dag.py:3239} INFO - Sync 1 DAGs
[2025-03-24T08:22:52.410+0000] {logging_mixin.py:190} INFO - [2025-03-24T08:22:52.410+0000] {dag.py:4180} INFO - Setting next_dagrun for example_nested_branch_dag to 2025-03-23 00:00:00+00:00, run_after=2025-03-24 00:00:00+00:00
[2025-03-24T08:22:52.437+0000] {processor.py:208} INFO - Processing /home/airflow/.local/lib/python3.12/site-packages/airflow/example_dags/example_nested_branch_dag.py took 0.102 seconds
[2025-03-24T08:23:22.736+0000] {processor.py:186} INFO - Started process (PID=1745) to work on /home/airflow/.local/lib/python3.12/site-packages/airflow/example_dags/example_nested_branch_dag.py
[2025-03-24T08:23:22.737+0000] {processor.py:914} INFO - Processing file /home/airflow/.local/lib/python3.12/site-packages/airflow/example_dags/example_nested_branch_dag.py for tasks to queue
[2025-03-24T08:23:22.740+0000] {logging_mixin.py:190} INFO - [2025-03-24T08:23:22.740+0000] {dagbag.py:588} INFO - Filling up the DagBag from /home/airflow/.local/lib/python3.12/site-packages/airflow/example_dags/example_nested_branch_dag.py
[2025-03-24T08:23:22.753+0000] {processor.py:925} INFO - DAG(s) 'example_nested_branch_dag' retrieved from /home/airflow/.local/lib/python3.12/site-packages/airflow/example_dags/example_nested_branch_dag.py
[2025-03-24T08:23:22.777+0000] {logging_mixin.py:190} INFO - [2025-03-24T08:23:22.776+0000] {dag.py:3239} INFO - Sync 1 DAGs
[2025-03-24T08:23:22.803+0000] {logging_mixin.py:190} INFO - [2025-03-24T08:23:22.802+0000] {dag.py:4180} INFO - Setting next_dagrun for example_nested_branch_dag to 2025-03-23 00:00:00+00:00, run_after=2025-03-24 00:00:00+00:00
[2025-03-24T08:23:22.826+0000] {processor.py:208} INFO - Processing /home/airflow/.local/lib/python3.12/site-packages/airflow/example_dags/example_nested_branch_dag.py took 0.096 seconds
[2025-03-24T08:23:53.157+0000] {processor.py:186} INFO - Started process (PID=1809) to work on /home/airflow/.local/lib/python3.12/site-packages/airflow/example_dags/example_nested_branch_dag.py
[2025-03-24T08:23:53.158+0000] {processor.py:914} INFO - Processing file /home/airflow/.local/lib/python3.12/site-packages/airflow/example_dags/example_nested_branch_dag.py for tasks to queue
[2025-03-24T08:23:53.161+0000] {logging_mixin.py:190} INFO - [2025-03-24T08:23:53.160+0000] {dagbag.py:588} INFO - Filling up the DagBag from /home/airflow/.local/lib/python3.12/site-packages/airflow/example_dags/example_nested_branch_dag.py
[2025-03-24T08:23:53.174+0000] {processor.py:925} INFO - DAG(s) 'example_nested_branch_dag' retrieved from /home/airflow/.local/lib/python3.12/site-packages/airflow/example_dags/example_nested_branch_dag.py
[2025-03-24T08:23:53.199+0000] {logging_mixin.py:190} INFO - [2025-03-24T08:23:53.198+0000] {dag.py:3239} INFO - Sync 1 DAGs
[2025-03-24T08:23:53.227+0000] {logging_mixin.py:190} INFO - [2025-03-24T08:23:53.227+0000] {dag.py:4180} INFO - Setting next_dagrun for example_nested_branch_dag to 2025-03-23 00:00:00+00:00, run_after=2025-03-24 00:00:00+00:00
[2025-03-24T08:23:53.250+0000] {processor.py:208} INFO - Processing /home/airflow/.local/lib/python3.12/site-packages/airflow/example_dags/example_nested_branch_dag.py took 0.100 seconds
[2025-03-24T08:24:23.310+0000] {processor.py:186} INFO - Started process (PID=1873) to work on /home/airflow/.local/lib/python3.12/site-packages/airflow/example_dags/example_nested_branch_dag.py
[2025-03-24T08:24:23.312+0000] {processor.py:914} INFO - Processing file /home/airflow/.local/lib/python3.12/site-packages/airflow/example_dags/example_nested_branch_dag.py for tasks to queue
[2025-03-24T08:24:23.315+0000] {logging_mixin.py:190} INFO - [2025-03-24T08:24:23.314+0000] {dagbag.py:588} INFO - Filling up the DagBag from /home/airflow/.local/lib/python3.12/site-packages/airflow/example_dags/example_nested_branch_dag.py
[2025-03-24T08:24:23.327+0000] {processor.py:925} INFO - DAG(s) 'example_nested_branch_dag' retrieved from /home/airflow/.local/lib/python3.12/site-packages/airflow/example_dags/example_nested_branch_dag.py
[2025-03-24T08:24:23.354+0000] {logging_mixin.py:190} INFO - [2025-03-24T08:24:23.353+0000] {dag.py:3239} INFO - Sync 1 DAGs
[2025-03-24T08:24:23.382+0000] {logging_mixin.py:190} INFO - [2025-03-24T08:24:23.382+0000] {dag.py:4180} INFO - Setting next_dagrun for example_nested_branch_dag to 2025-03-23 00:00:00+00:00, run_after=2025-03-24 00:00:00+00:00
[2025-03-24T08:24:23.410+0000] {processor.py:208} INFO - Processing /home/airflow/.local/lib/python3.12/site-packages/airflow/example_dags/example_nested_branch_dag.py took 0.106 seconds
[2025-03-24T08:24:53.506+0000] {processor.py:186} INFO - Started process (PID=1937) to work on /home/airflow/.local/lib/python3.12/site-packages/airflow/example_dags/example_nested_branch_dag.py
[2025-03-24T08:24:53.508+0000] {processor.py:914} INFO - Processing file /home/airflow/.local/lib/python3.12/site-packages/airflow/example_dags/example_nested_branch_dag.py for tasks to queue
[2025-03-24T08:24:53.510+0000] {logging_mixin.py:190} INFO - [2025-03-24T08:24:53.510+0000] {dagbag.py:588} INFO - Filling up the DagBag from /home/airflow/.local/lib/python3.12/site-packages/airflow/example_dags/example_nested_branch_dag.py
[2025-03-24T08:24:53.524+0000] {processor.py:925} INFO - DAG(s) 'example_nested_branch_dag' retrieved from /home/airflow/.local/lib/python3.12/site-packages/airflow/example_dags/example_nested_branch_dag.py
[2025-03-24T08:24:53.548+0000] {logging_mixin.py:190} INFO - [2025-03-24T08:24:53.548+0000] {dag.py:3239} INFO - Sync 1 DAGs
[2025-03-24T08:24:53.576+0000] {logging_mixin.py:190} INFO - [2025-03-24T08:24:53.576+0000] {dag.py:4180} INFO - Setting next_dagrun for example_nested_branch_dag to 2025-03-23 00:00:00+00:00, run_after=2025-03-24 00:00:00+00:00
[2025-03-24T08:24:53.598+0000] {processor.py:208} INFO - Processing /home/airflow/.local/lib/python3.12/site-packages/airflow/example_dags/example_nested_branch_dag.py took 0.098 seconds
[2025-03-24T08:25:23.955+0000] {processor.py:186} INFO - Started process (PID=2001) to work on /home/airflow/.local/lib/python3.12/site-packages/airflow/example_dags/example_nested_branch_dag.py
[2025-03-24T08:25:23.956+0000] {processor.py:914} INFO - Processing file /home/airflow/.local/lib/python3.12/site-packages/airflow/example_dags/example_nested_branch_dag.py for tasks to queue
[2025-03-24T08:25:23.959+0000] {logging_mixin.py:190} INFO - [2025-03-24T08:25:23.958+0000] {dagbag.py:588} INFO - Filling up the DagBag from /home/airflow/.local/lib/python3.12/site-packages/airflow/example_dags/example_nested_branch_dag.py
[2025-03-24T08:25:23.971+0000] {processor.py:925} INFO - DAG(s) 'example_nested_branch_dag' retrieved from /home/airflow/.local/lib/python3.12/site-packages/airflow/example_dags/example_nested_branch_dag.py
[2025-03-24T08:25:23.997+0000] {logging_mixin.py:190} INFO - [2025-03-24T08:25:23.997+0000] {dag.py:3239} INFO - Sync 1 DAGs
[2025-03-24T08:25:24.023+0000] {logging_mixin.py:190} INFO - [2025-03-24T08:25:24.023+0000] {dag.py:4180} INFO - Setting next_dagrun for example_nested_branch_dag to 2025-03-23 00:00:00+00:00, run_after=2025-03-24 00:00:00+00:00
[2025-03-24T08:25:24.044+0000] {processor.py:208} INFO - Processing /home/airflow/.local/lib/python3.12/site-packages/airflow/example_dags/example_nested_branch_dag.py took 0.095 seconds
[2025-03-24T08:25:54.285+0000] {processor.py:186} INFO - Started process (PID=2065) to work on /home/airflow/.local/lib/python3.12/site-packages/airflow/example_dags/example_nested_branch_dag.py
[2025-03-24T08:25:54.286+0000] {processor.py:914} INFO - Processing file /home/airflow/.local/lib/python3.12/site-packages/airflow/example_dags/example_nested_branch_dag.py for tasks to queue
[2025-03-24T08:25:54.289+0000] {logging_mixin.py:190} INFO - [2025-03-24T08:25:54.289+0000] {dagbag.py:588} INFO - Filling up the DagBag from /home/airflow/.local/lib/python3.12/site-packages/airflow/example_dags/example_nested_branch_dag.py
[2025-03-24T08:25:54.303+0000] {processor.py:925} INFO - DAG(s) 'example_nested_branch_dag' retrieved from /home/airflow/.local/lib/python3.12/site-packages/airflow/example_dags/example_nested_branch_dag.py
[2025-03-24T08:25:54.328+0000] {logging_mixin.py:190} INFO - [2025-03-24T08:25:54.328+0000] {dag.py:3239} INFO - Sync 1 DAGs
[2025-03-24T08:25:54.355+0000] {logging_mixin.py:190} INFO - [2025-03-24T08:25:54.355+0000] {dag.py:4180} INFO - Setting next_dagrun for example_nested_branch_dag to 2025-03-23 00:00:00+00:00, run_after=2025-03-24 00:00:00+00:00
[2025-03-24T08:25:54.377+0000] {processor.py:208} INFO - Processing /home/airflow/.local/lib/python3.12/site-packages/airflow/example_dags/example_nested_branch_dag.py took 0.098 seconds
[2025-03-24T08:26:24.657+0000] {processor.py:186} INFO - Started process (PID=2129) to work on /home/airflow/.local/lib/python3.12/site-packages/airflow/example_dags/example_nested_branch_dag.py
[2025-03-24T08:26:24.659+0000] {processor.py:914} INFO - Processing file /home/airflow/.local/lib/python3.12/site-packages/airflow/example_dags/example_nested_branch_dag.py for tasks to queue
[2025-03-24T08:26:24.662+0000] {logging_mixin.py:190} INFO - [2025-03-24T08:26:24.661+0000] {dagbag.py:588} INFO - Filling up the DagBag from /home/airflow/.local/lib/python3.12/site-packages/airflow/example_dags/example_nested_branch_dag.py
[2025-03-24T08:26:24.674+0000] {processor.py:925} INFO - DAG(s) 'example_nested_branch_dag' retrieved from /home/airflow/.local/lib/python3.12/site-packages/airflow/example_dags/example_nested_branch_dag.py
[2025-03-24T08:26:24.699+0000] {logging_mixin.py:190} INFO - [2025-03-24T08:26:24.699+0000] {dag.py:3239} INFO - Sync 1 DAGs
[2025-03-24T08:26:24.725+0000] {logging_mixin.py:190} INFO - [2025-03-24T08:26:24.725+0000] {dag.py:4180} INFO - Setting next_dagrun for example_nested_branch_dag to 2025-03-23 00:00:00+00:00, run_after=2025-03-24 00:00:00+00:00
[2025-03-24T08:26:24.750+0000] {processor.py:208} INFO - Processing /home/airflow/.local/lib/python3.12/site-packages/airflow/example_dags/example_nested_branch_dag.py took 0.099 seconds
[2025-03-24T08:26:54.866+0000] {processor.py:186} INFO - Started process (PID=2193) to work on /home/airflow/.local/lib/python3.12/site-packages/airflow/example_dags/example_nested_branch_dag.py
[2025-03-24T08:26:54.867+0000] {processor.py:914} INFO - Processing file /home/airflow/.local/lib/python3.12/site-packages/airflow/example_dags/example_nested_branch_dag.py for tasks to queue
[2025-03-24T08:26:54.869+0000] {logging_mixin.py:190} INFO - [2025-03-24T08:26:54.869+0000] {dagbag.py:588} INFO - Filling up the DagBag from /home/airflow/.local/lib/python3.12/site-packages/airflow/example_dags/example_nested_branch_dag.py
[2025-03-24T08:26:54.882+0000] {processor.py:925} INFO - DAG(s) 'example_nested_branch_dag' retrieved from /home/airflow/.local/lib/python3.12/site-packages/airflow/example_dags/example_nested_branch_dag.py
[2025-03-24T08:26:54.905+0000] {logging_mixin.py:190} INFO - [2025-03-24T08:26:54.905+0000] {dag.py:3239} INFO - Sync 1 DAGs
[2025-03-24T08:26:54.931+0000] {logging_mixin.py:190} INFO - [2025-03-24T08:26:54.931+0000] {dag.py:4180} INFO - Setting next_dagrun for example_nested_branch_dag to 2025-03-23 00:00:00+00:00, run_after=2025-03-24 00:00:00+00:00
[2025-03-24T08:26:54.955+0000] {processor.py:208} INFO - Processing /home/airflow/.local/lib/python3.12/site-packages/airflow/example_dags/example_nested_branch_dag.py took 0.096 seconds
[2025-03-24T08:27:25.222+0000] {processor.py:186} INFO - Started process (PID=2257) to work on /home/airflow/.local/lib/python3.12/site-packages/airflow/example_dags/example_nested_branch_dag.py
[2025-03-24T08:27:25.224+0000] {processor.py:914} INFO - Processing file /home/airflow/.local/lib/python3.12/site-packages/airflow/example_dags/example_nested_branch_dag.py for tasks to queue
[2025-03-24T08:27:25.226+0000] {logging_mixin.py:190} INFO - [2025-03-24T08:27:25.226+0000] {dagbag.py:588} INFO - Filling up the DagBag from /home/airflow/.local/lib/python3.12/site-packages/airflow/example_dags/example_nested_branch_dag.py
[2025-03-24T08:27:25.240+0000] {processor.py:925} INFO - DAG(s) 'example_nested_branch_dag' retrieved from /home/airflow/.local/lib/python3.12/site-packages/airflow/example_dags/example_nested_branch_dag.py
[2025-03-24T08:27:25.265+0000] {logging_mixin.py:190} INFO - [2025-03-24T08:27:25.265+0000] {dag.py:3239} INFO - Sync 1 DAGs
[2025-03-24T08:27:25.293+0000] {logging_mixin.py:190} INFO - [2025-03-24T08:27:25.293+0000] {dag.py:4180} INFO - Setting next_dagrun for example_nested_branch_dag to 2025-03-23 00:00:00+00:00, run_after=2025-03-24 00:00:00+00:00
[2025-03-24T08:27:25.317+0000] {processor.py:208} INFO - Processing /home/airflow/.local/lib/python3.12/site-packages/airflow/example_dags/example_nested_branch_dag.py took 0.101 seconds
[2025-03-24T08:27:55.454+0000] {processor.py:186} INFO - Started process (PID=2321) to work on /home/airflow/.local/lib/python3.12/site-packages/airflow/example_dags/example_nested_branch_dag.py
[2025-03-24T08:27:55.455+0000] {processor.py:914} INFO - Processing file /home/airflow/.local/lib/python3.12/site-packages/airflow/example_dags/example_nested_branch_dag.py for tasks to queue
[2025-03-24T08:27:55.457+0000] {logging_mixin.py:190} INFO - [2025-03-24T08:27:55.457+0000] {dagbag.py:588} INFO - Filling up the DagBag from /home/airflow/.local/lib/python3.12/site-packages/airflow/example_dags/example_nested_branch_dag.py
[2025-03-24T08:27:55.471+0000] {processor.py:925} INFO - DAG(s) 'example_nested_branch_dag' retrieved from /home/airflow/.local/lib/python3.12/site-packages/airflow/example_dags/example_nested_branch_dag.py
[2025-03-24T08:27:55.492+0000] {logging_mixin.py:190} INFO - [2025-03-24T08:27:55.492+0000] {dag.py:3239} INFO - Sync 1 DAGs
[2025-03-24T08:27:55.518+0000] {logging_mixin.py:190} INFO - [2025-03-24T08:27:55.517+0000] {dag.py:4180} INFO - Setting next_dagrun for example_nested_branch_dag to 2025-03-23 00:00:00+00:00, run_after=2025-03-24 00:00:00+00:00
[2025-03-24T08:27:55.545+0000] {processor.py:208} INFO - Processing /home/airflow/.local/lib/python3.12/site-packages/airflow/example_dags/example_nested_branch_dag.py took 0.098 seconds
[2025-03-24T08:28:26.228+0000] {processor.py:186} INFO - Started process (PID=2385) to work on /home/airflow/.local/lib/python3.12/site-packages/airflow/example_dags/example_nested_branch_dag.py
[2025-03-24T08:28:26.229+0000] {processor.py:914} INFO - Processing file /home/airflow/.local/lib/python3.12/site-packages/airflow/example_dags/example_nested_branch_dag.py for tasks to queue
[2025-03-24T08:28:26.232+0000] {logging_mixin.py:190} INFO - [2025-03-24T08:28:26.232+0000] {dagbag.py:588} INFO - Filling up the DagBag from /home/airflow/.local/lib/python3.12/site-packages/airflow/example_dags/example_nested_branch_dag.py
[2025-03-24T08:28:26.245+0000] {processor.py:925} INFO - DAG(s) 'example_nested_branch_dag' retrieved from /home/airflow/.local/lib/python3.12/site-packages/airflow/example_dags/example_nested_branch_dag.py
[2025-03-24T08:28:26.268+0000] {logging_mixin.py:190} INFO - [2025-03-24T08:28:26.268+0000] {dag.py:3239} INFO - Sync 1 DAGs
[2025-03-24T08:28:26.296+0000] {logging_mixin.py:190} INFO - [2025-03-24T08:28:26.296+0000] {dag.py:4180} INFO - Setting next_dagrun for example_nested_branch_dag to 2025-03-23 00:00:00+00:00, run_after=2025-03-24 00:00:00+00:00
[2025-03-24T08:28:26.321+0000] {processor.py:208} INFO - Processing /home/airflow/.local/lib/python3.12/site-packages/airflow/example_dags/example_nested_branch_dag.py took 0.100 seconds
[2025-03-24T08:28:57.453+0000] {processor.py:186} INFO - Started process (PID=2449) to work on /home/airflow/.local/lib/python3.12/site-packages/airflow/example_dags/example_nested_branch_dag.py
[2025-03-24T08:28:57.454+0000] {processor.py:914} INFO - Processing file /home/airflow/.local/lib/python3.12/site-packages/airflow/example_dags/example_nested_branch_dag.py for tasks to queue
[2025-03-24T08:28:57.456+0000] {logging_mixin.py:190} INFO - [2025-03-24T08:28:57.456+0000] {dagbag.py:588} INFO - Filling up the DagBag from /home/airflow/.local/lib/python3.12/site-packages/airflow/example_dags/example_nested_branch_dag.py
[2025-03-24T08:28:57.470+0000] {processor.py:925} INFO - DAG(s) 'example_nested_branch_dag' retrieved from /home/airflow/.local/lib/python3.12/site-packages/airflow/example_dags/example_nested_branch_dag.py
[2025-03-24T08:28:57.494+0000] {logging_mixin.py:190} INFO - [2025-03-24T08:28:57.494+0000] {dag.py:3239} INFO - Sync 1 DAGs
[2025-03-24T08:28:57.523+0000] {logging_mixin.py:190} INFO - [2025-03-24T08:28:57.523+0000] {dag.py:4180} INFO - Setting next_dagrun for example_nested_branch_dag to 2025-03-23 00:00:00+00:00, run_after=2025-03-24 00:00:00+00:00
[2025-03-24T08:28:57.548+0000] {processor.py:208} INFO - Processing /home/airflow/.local/lib/python3.12/site-packages/airflow/example_dags/example_nested_branch_dag.py took 0.102 seconds
[2025-03-24T08:29:28.356+0000] {processor.py:186} INFO - Started process (PID=2513) to work on /home/airflow/.local/lib/python3.12/site-packages/airflow/example_dags/example_nested_branch_dag.py
[2025-03-24T08:29:28.357+0000] {processor.py:914} INFO - Processing file /home/airflow/.local/lib/python3.12/site-packages/airflow/example_dags/example_nested_branch_dag.py for tasks to queue
[2025-03-24T08:29:28.360+0000] {logging_mixin.py:190} INFO - [2025-03-24T08:29:28.360+0000] {dagbag.py:588} INFO - Filling up the DagBag from /home/airflow/.local/lib/python3.12/site-packages/airflow/example_dags/example_nested_branch_dag.py
[2025-03-24T08:29:28.373+0000] {processor.py:925} INFO - DAG(s) 'example_nested_branch_dag' retrieved from /home/airflow/.local/lib/python3.12/site-packages/airflow/example_dags/example_nested_branch_dag.py
[2025-03-24T08:29:28.395+0000] {logging_mixin.py:190} INFO - [2025-03-24T08:29:28.395+0000] {dag.py:3239} INFO - Sync 1 DAGs
[2025-03-24T08:29:28.421+0000] {logging_mixin.py:190} INFO - [2025-03-24T08:29:28.421+0000] {dag.py:4180} INFO - Setting next_dagrun for example_nested_branch_dag to 2025-03-23 00:00:00+00:00, run_after=2025-03-24 00:00:00+00:00
[2025-03-24T08:29:28.449+0000] {processor.py:208} INFO - Processing /home/airflow/.local/lib/python3.12/site-packages/airflow/example_dags/example_nested_branch_dag.py took 0.099 seconds
[2025-03-24T08:29:59.233+0000] {processor.py:186} INFO - Started process (PID=2573) to work on /home/airflow/.local/lib/python3.12/site-packages/airflow/example_dags/example_nested_branch_dag.py
[2025-03-24T08:29:59.235+0000] {processor.py:914} INFO - Processing file /home/airflow/.local/lib/python3.12/site-packages/airflow/example_dags/example_nested_branch_dag.py for tasks to queue
[2025-03-24T08:29:59.237+0000] {logging_mixin.py:190} INFO - [2025-03-24T08:29:59.237+0000] {dagbag.py:588} INFO - Filling up the DagBag from /home/airflow/.local/lib/python3.12/site-packages/airflow/example_dags/example_nested_branch_dag.py
[2025-03-24T08:29:59.250+0000] {processor.py:925} INFO - DAG(s) 'example_nested_branch_dag' retrieved from /home/airflow/.local/lib/python3.12/site-packages/airflow/example_dags/example_nested_branch_dag.py
[2025-03-24T08:29:59.275+0000] {logging_mixin.py:190} INFO - [2025-03-24T08:29:59.274+0000] {dag.py:3239} INFO - Sync 1 DAGs
[2025-03-24T08:29:59.303+0000] {logging_mixin.py:190} INFO - [2025-03-24T08:29:59.302+0000] {dag.py:4180} INFO - Setting next_dagrun for example_nested_branch_dag to 2025-03-23 00:00:00+00:00, run_after=2025-03-24 00:00:00+00:00
[2025-03-24T08:29:59.324+0000] {processor.py:208} INFO - Processing /home/airflow/.local/lib/python3.12/site-packages/airflow/example_dags/example_nested_branch_dag.py took 0.097 seconds
[2025-03-24T08:30:30.407+0000] {processor.py:186} INFO - Started process (PID=2637) to work on /home/airflow/.local/lib/python3.12/site-packages/airflow/example_dags/example_nested_branch_dag.py
[2025-03-24T08:30:30.408+0000] {processor.py:914} INFO - Processing file /home/airflow/.local/lib/python3.12/site-packages/airflow/example_dags/example_nested_branch_dag.py for tasks to queue
[2025-03-24T08:30:30.411+0000] {logging_mixin.py:190} INFO - [2025-03-24T08:30:30.411+0000] {dagbag.py:588} INFO - Filling up the DagBag from /home/airflow/.local/lib/python3.12/site-packages/airflow/example_dags/example_nested_branch_dag.py
[2025-03-24T08:30:30.425+0000] {processor.py:925} INFO - DAG(s) 'example_nested_branch_dag' retrieved from /home/airflow/.local/lib/python3.12/site-packages/airflow/example_dags/example_nested_branch_dag.py
[2025-03-24T08:30:30.452+0000] {logging_mixin.py:190} INFO - [2025-03-24T08:30:30.452+0000] {dag.py:3239} INFO - Sync 1 DAGs
[2025-03-24T08:30:30.480+0000] {logging_mixin.py:190} INFO - [2025-03-24T08:30:30.479+0000] {dag.py:4180} INFO - Setting next_dagrun for example_nested_branch_dag to 2025-03-23 00:00:00+00:00, run_after=2025-03-24 00:00:00+00:00
[2025-03-24T08:30:30.504+0000] {processor.py:208} INFO - Processing /home/airflow/.local/lib/python3.12/site-packages/airflow/example_dags/example_nested_branch_dag.py took 0.104 seconds
[2025-03-24T08:31:01.099+0000] {processor.py:186} INFO - Started process (PID=2701) to work on /home/airflow/.local/lib/python3.12/site-packages/airflow/example_dags/example_nested_branch_dag.py
[2025-03-24T08:31:01.100+0000] {processor.py:914} INFO - Processing file /home/airflow/.local/lib/python3.12/site-packages/airflow/example_dags/example_nested_branch_dag.py for tasks to queue
[2025-03-24T08:31:01.103+0000] {logging_mixin.py:190} INFO - [2025-03-24T08:31:01.103+0000] {dagbag.py:588} INFO - Filling up the DagBag from /home/airflow/.local/lib/python3.12/site-packages/airflow/example_dags/example_nested_branch_dag.py
[2025-03-24T08:31:01.117+0000] {processor.py:925} INFO - DAG(s) 'example_nested_branch_dag' retrieved from /home/airflow/.local/lib/python3.12/site-packages/airflow/example_dags/example_nested_branch_dag.py
[2025-03-24T08:31:01.142+0000] {logging_mixin.py:190} INFO - [2025-03-24T08:31:01.141+0000] {dag.py:3239} INFO - Sync 1 DAGs
[2025-03-24T08:31:01.172+0000] {logging_mixin.py:190} INFO - [2025-03-24T08:31:01.172+0000] {dag.py:4180} INFO - Setting next_dagrun for example_nested_branch_dag to 2025-03-23 00:00:00+00:00, run_after=2025-03-24 00:00:00+00:00
[2025-03-24T08:31:01.199+0000] {processor.py:208} INFO - Processing /home/airflow/.local/lib/python3.12/site-packages/airflow/example_dags/example_nested_branch_dag.py took 0.106 seconds
[2025-03-24T08:31:32.704+0000] {processor.py:186} INFO - Started process (PID=2765) to work on /home/airflow/.local/lib/python3.12/site-packages/airflow/example_dags/example_nested_branch_dag.py
[2025-03-24T08:31:32.705+0000] {processor.py:914} INFO - Processing file /home/airflow/.local/lib/python3.12/site-packages/airflow/example_dags/example_nested_branch_dag.py for tasks to queue
[2025-03-24T08:31:32.708+0000] {logging_mixin.py:190} INFO - [2025-03-24T08:31:32.707+0000] {dagbag.py:588} INFO - Filling up the DagBag from /home/airflow/.local/lib/python3.12/site-packages/airflow/example_dags/example_nested_branch_dag.py
[2025-03-24T08:31:32.720+0000] {processor.py:925} INFO - DAG(s) 'example_nested_branch_dag' retrieved from /home/airflow/.local/lib/python3.12/site-packages/airflow/example_dags/example_nested_branch_dag.py
[2025-03-24T08:31:32.746+0000] {logging_mixin.py:190} INFO - [2025-03-24T08:31:32.745+0000] {dag.py:3239} INFO - Sync 1 DAGs
[2025-03-24T08:31:32.773+0000] {logging_mixin.py:190} INFO - [2025-03-24T08:31:32.773+0000] {dag.py:4180} INFO - Setting next_dagrun for example_nested_branch_dag to 2025-03-23 00:00:00+00:00, run_after=2025-03-24 00:00:00+00:00
[2025-03-24T08:31:32.806+0000] {processor.py:208} INFO - Processing /home/airflow/.local/lib/python3.12/site-packages/airflow/example_dags/example_nested_branch_dag.py took 0.108 seconds
[2025-03-24T08:32:03.463+0000] {processor.py:186} INFO - Started process (PID=2819) to work on /home/airflow/.local/lib/python3.12/site-packages/airflow/example_dags/example_nested_branch_dag.py
[2025-03-24T08:32:03.465+0000] {processor.py:914} INFO - Processing file /home/airflow/.local/lib/python3.12/site-packages/airflow/example_dags/example_nested_branch_dag.py for tasks to queue
[2025-03-24T08:32:03.468+0000] {logging_mixin.py:190} INFO - [2025-03-24T08:32:03.467+0000] {dagbag.py:588} INFO - Filling up the DagBag from /home/airflow/.local/lib/python3.12/site-packages/airflow/example_dags/example_nested_branch_dag.py
[2025-03-24T08:32:03.483+0000] {processor.py:925} INFO - DAG(s) 'example_nested_branch_dag' retrieved from /home/airflow/.local/lib/python3.12/site-packages/airflow/example_dags/example_nested_branch_dag.py
[2025-03-24T08:32:03.507+0000] {logging_mixin.py:190} INFO - [2025-03-24T08:32:03.507+0000] {dag.py:3239} INFO - Sync 1 DAGs
[2025-03-24T08:32:03.536+0000] {logging_mixin.py:190} INFO - [2025-03-24T08:32:03.535+0000] {dag.py:4180} INFO - Setting next_dagrun for example_nested_branch_dag to 2025-03-23 00:00:00+00:00, run_after=2025-03-24 00:00:00+00:00
[2025-03-24T08:32:03.560+0000] {processor.py:208} INFO - Processing /home/airflow/.local/lib/python3.12/site-packages/airflow/example_dags/example_nested_branch_dag.py took 0.104 seconds
[2025-03-24T08:32:34.907+0000] {processor.py:186} INFO - Started process (PID=2883) to work on /home/airflow/.local/lib/python3.12/site-packages/airflow/example_dags/example_nested_branch_dag.py
[2025-03-24T08:32:34.908+0000] {processor.py:914} INFO - Processing file /home/airflow/.local/lib/python3.12/site-packages/airflow/example_dags/example_nested_branch_dag.py for tasks to queue
[2025-03-24T08:32:34.911+0000] {logging_mixin.py:190} INFO - [2025-03-24T08:32:34.911+0000] {dagbag.py:588} INFO - Filling up the DagBag from /home/airflow/.local/lib/python3.12/site-packages/airflow/example_dags/example_nested_branch_dag.py
[2025-03-24T08:32:34.924+0000] {processor.py:925} INFO - DAG(s) 'example_nested_branch_dag' retrieved from /home/airflow/.local/lib/python3.12/site-packages/airflow/example_dags/example_nested_branch_dag.py
[2025-03-24T08:32:34.948+0000] {logging_mixin.py:190} INFO - [2025-03-24T08:32:34.948+0000] {dag.py:3239} INFO - Sync 1 DAGs
[2025-03-24T08:32:34.975+0000] {logging_mixin.py:190} INFO - [2025-03-24T08:32:34.975+0000] {dag.py:4180} INFO - Setting next_dagrun for example_nested_branch_dag to 2025-03-23 00:00:00+00:00, run_after=2025-03-24 00:00:00+00:00
[2025-03-24T08:32:34.999+0000] {processor.py:208} INFO - Processing /home/airflow/.local/lib/python3.12/site-packages/airflow/example_dags/example_nested_branch_dag.py took 0.098 seconds
[2025-03-24T08:33:06.021+0000] {processor.py:186} INFO - Started process (PID=2947) to work on /home/airflow/.local/lib/python3.12/site-packages/airflow/example_dags/example_nested_branch_dag.py
[2025-03-24T08:33:06.022+0000] {processor.py:914} INFO - Processing file /home/airflow/.local/lib/python3.12/site-packages/airflow/example_dags/example_nested_branch_dag.py for tasks to queue
[2025-03-24T08:33:06.025+0000] {logging_mixin.py:190} INFO - [2025-03-24T08:33:06.025+0000] {dagbag.py:588} INFO - Filling up the DagBag from /home/airflow/.local/lib/python3.12/site-packages/airflow/example_dags/example_nested_branch_dag.py
[2025-03-24T08:33:06.039+0000] {processor.py:925} INFO - DAG(s) 'example_nested_branch_dag' retrieved from /home/airflow/.local/lib/python3.12/site-packages/airflow/example_dags/example_nested_branch_dag.py
[2025-03-24T08:33:06.066+0000] {logging_mixin.py:190} INFO - [2025-03-24T08:33:06.065+0000] {dag.py:3239} INFO - Sync 1 DAGs
[2025-03-24T08:33:06.096+0000] {logging_mixin.py:190} INFO - [2025-03-24T08:33:06.096+0000] {dag.py:4180} INFO - Setting next_dagrun for example_nested_branch_dag to 2025-03-23 00:00:00+00:00, run_after=2025-03-24 00:00:00+00:00
[2025-03-24T08:33:06.118+0000] {processor.py:208} INFO - Processing /home/airflow/.local/lib/python3.12/site-packages/airflow/example_dags/example_nested_branch_dag.py took 0.104 seconds
