[2025-03-24T08:10:07.918+0000] {processor.py:186} INFO - Started process (PID=80) to work on /home/airflow/.local/lib/python3.12/site-packages/airflow/example_dags/example_xcomargs.py
[2025-03-24T08:10:07.919+0000] {processor.py:914} INFO - Processing file /home/airflow/.local/lib/python3.12/site-packages/airflow/example_dags/example_xcomargs.py for tasks to queue
[2025-03-24T08:10:07.922+0000] {logging_mixin.py:190} INFO - [2025-03-24T08:10:07.921+0000] {dagbag.py:588} INFO - Filling up the DagBag from /home/airflow/.local/lib/python3.12/site-packages/airflow/example_dags/example_xcomargs.py
[2025-03-24T08:10:07.935+0000] {processor.py:925} INFO - DAG(s) 'example_xcom_args_with_operators', 'example_xcom_args' retrieved from /home/airflow/.local/lib/python3.12/site-packages/airflow/example_dags/example_xcomargs.py
[2025-03-24T08:10:08.059+0000] {logging_mixin.py:190} INFO - [2025-03-24T08:10:08.058+0000] {override.py:1912} INFO - Created Permission View: can read on DAG:example_xcom_args_with_operators
[2025-03-24T08:10:08.070+0000] {logging_mixin.py:190} INFO - [2025-03-24T08:10:08.070+0000] {override.py:1912} INFO - Created Permission View: can delete on DAG:example_xcom_args_with_operators
[2025-03-24T08:10:08.078+0000] {logging_mixin.py:190} INFO - [2025-03-24T08:10:08.078+0000] {override.py:1912} INFO - Created Permission View: can edit on DAG:example_xcom_args_with_operators
[2025-03-24T08:10:08.087+0000] {logging_mixin.py:190} INFO - [2025-03-24T08:10:08.087+0000] {override.py:1912} INFO - Created Permission View: can create on DAG Run:example_xcom_args_with_operators
[2025-03-24T08:10:08.095+0000] {logging_mixin.py:190} INFO - [2025-03-24T08:10:08.095+0000] {override.py:1912} INFO - Created Permission View: menu access on DAG Run:example_xcom_args_with_operators
[2025-03-24T08:10:08.103+0000] {logging_mixin.py:190} INFO - [2025-03-24T08:10:08.103+0000] {override.py:1912} INFO - Created Permission View: can read on DAG Run:example_xcom_args_with_operators
[2025-03-24T08:10:08.111+0000] {logging_mixin.py:190} INFO - [2025-03-24T08:10:08.111+0000] {override.py:1912} INFO - Created Permission View: can delete on DAG Run:example_xcom_args_with_operators
[2025-03-24T08:10:08.126+0000] {logging_mixin.py:190} INFO - [2025-03-24T08:10:08.126+0000] {override.py:1912} INFO - Created Permission View: can read on DAG:example_xcom_args
[2025-03-24T08:10:08.134+0000] {logging_mixin.py:190} INFO - [2025-03-24T08:10:08.133+0000] {override.py:1912} INFO - Created Permission View: can delete on DAG:example_xcom_args
[2025-03-24T08:10:08.142+0000] {logging_mixin.py:190} INFO - [2025-03-24T08:10:08.142+0000] {override.py:1912} INFO - Created Permission View: can edit on DAG:example_xcom_args
[2025-03-24T08:10:08.152+0000] {logging_mixin.py:190} INFO - [2025-03-24T08:10:08.152+0000] {override.py:1912} INFO - Created Permission View: can create on DAG Run:example_xcom_args
[2025-03-24T08:10:08.160+0000] {logging_mixin.py:190} INFO - [2025-03-24T08:10:08.160+0000] {override.py:1912} INFO - Created Permission View: menu access on DAG Run:example_xcom_args
[2025-03-24T08:10:08.169+0000] {logging_mixin.py:190} INFO - [2025-03-24T08:10:08.169+0000] {override.py:1912} INFO - Created Permission View: can read on DAG Run:example_xcom_args
[2025-03-24T08:10:08.178+0000] {logging_mixin.py:190} INFO - [2025-03-24T08:10:08.178+0000] {override.py:1912} INFO - Created Permission View: can delete on DAG Run:example_xcom_args
[2025-03-24T08:10:08.179+0000] {logging_mixin.py:190} INFO - [2025-03-24T08:10:08.179+0000] {dag.py:3239} INFO - Sync 2 DAGs
[2025-03-24T08:10:08.195+0000] {logging_mixin.py:190} INFO - [2025-03-24T08:10:08.195+0000] {dag.py:3262} INFO - Creating ORM DAG for example_xcom_args
[2025-03-24T08:10:08.197+0000] {logging_mixin.py:190} INFO - [2025-03-24T08:10:08.196+0000] {dag.py:3262} INFO - Creating ORM DAG for example_xcom_args_with_operators
[2025-03-24T08:10:08.198+0000] {logging_mixin.py:190} INFO - [2025-03-24T08:10:08.198+0000] {dag.py:4180} INFO - Setting next_dagrun for example_xcom_args to None, run_after=None
[2025-03-24T08:10:08.199+0000] {logging_mixin.py:190} INFO - [2025-03-24T08:10:08.199+0000] {dag.py:4180} INFO - Setting next_dagrun for example_xcom_args_with_operators to None, run_after=None
[2025-03-24T08:10:08.219+0000] {processor.py:208} INFO - Processing /home/airflow/.local/lib/python3.12/site-packages/airflow/example_dags/example_xcomargs.py took 0.309 seconds
[2025-03-24T08:10:38.542+0000] {processor.py:186} INFO - Started process (PID=144) to work on /home/airflow/.local/lib/python3.12/site-packages/airflow/example_dags/example_xcomargs.py
[2025-03-24T08:10:38.543+0000] {processor.py:914} INFO - Processing file /home/airflow/.local/lib/python3.12/site-packages/airflow/example_dags/example_xcomargs.py for tasks to queue
[2025-03-24T08:10:38.546+0000] {logging_mixin.py:190} INFO - [2025-03-24T08:10:38.545+0000] {dagbag.py:588} INFO - Filling up the DagBag from /home/airflow/.local/lib/python3.12/site-packages/airflow/example_dags/example_xcomargs.py
[2025-03-24T08:10:38.557+0000] {processor.py:925} INFO - DAG(s) 'example_xcom_args_with_operators', 'example_xcom_args' retrieved from /home/airflow/.local/lib/python3.12/site-packages/airflow/example_dags/example_xcomargs.py
[2025-03-24T08:10:38.588+0000] {logging_mixin.py:190} INFO - [2025-03-24T08:10:38.588+0000] {dag.py:3239} INFO - Sync 2 DAGs
[2025-03-24T08:10:38.605+0000] {logging_mixin.py:190} INFO - [2025-03-24T08:10:38.605+0000] {dag.py:4180} INFO - Setting next_dagrun for example_xcom_args to None, run_after=None
[2025-03-24T08:10:38.610+0000] {logging_mixin.py:190} INFO - [2025-03-24T08:10:38.610+0000] {dag.py:4180} INFO - Setting next_dagrun for example_xcom_args_with_operators to None, run_after=None
[2025-03-24T08:10:38.632+0000] {processor.py:208} INFO - Processing /home/airflow/.local/lib/python3.12/site-packages/airflow/example_dags/example_xcomargs.py took 0.096 seconds
[2025-03-24T08:11:09.499+0000] {processor.py:186} INFO - Started process (PID=207) to work on /home/airflow/.local/lib/python3.12/site-packages/airflow/example_dags/example_xcomargs.py
[2025-03-24T08:11:09.500+0000] {processor.py:914} INFO - Processing file /home/airflow/.local/lib/python3.12/site-packages/airflow/example_dags/example_xcomargs.py for tasks to queue
[2025-03-24T08:11:09.503+0000] {logging_mixin.py:190} INFO - [2025-03-24T08:11:09.502+0000] {dagbag.py:588} INFO - Filling up the DagBag from /home/airflow/.local/lib/python3.12/site-packages/airflow/example_dags/example_xcomargs.py
[2025-03-24T08:11:09.514+0000] {processor.py:925} INFO - DAG(s) 'example_xcom_args_with_operators', 'example_xcom_args' retrieved from /home/airflow/.local/lib/python3.12/site-packages/airflow/example_dags/example_xcomargs.py
[2025-03-24T08:11:09.539+0000] {logging_mixin.py:190} INFO - [2025-03-24T08:11:09.539+0000] {dag.py:3239} INFO - Sync 2 DAGs
[2025-03-24T08:11:09.563+0000] {logging_mixin.py:190} INFO - [2025-03-24T08:11:09.563+0000] {dag.py:4180} INFO - Setting next_dagrun for example_xcom_args to None, run_after=None
[2025-03-24T08:11:09.569+0000] {logging_mixin.py:190} INFO - [2025-03-24T08:11:09.569+0000] {dag.py:4180} INFO - Setting next_dagrun for example_xcom_args_with_operators to None, run_after=None
[2025-03-24T08:11:09.591+0000] {processor.py:208} INFO - Processing /home/airflow/.local/lib/python3.12/site-packages/airflow/example_dags/example_xcomargs.py took 0.099 seconds
[2025-03-24T08:11:39.794+0000] {processor.py:186} INFO - Started process (PID=270) to work on /home/airflow/.local/lib/python3.12/site-packages/airflow/example_dags/example_xcomargs.py
[2025-03-24T08:11:39.795+0000] {processor.py:914} INFO - Processing file /home/airflow/.local/lib/python3.12/site-packages/airflow/example_dags/example_xcomargs.py for tasks to queue
[2025-03-24T08:11:39.798+0000] {logging_mixin.py:190} INFO - [2025-03-24T08:11:39.797+0000] {dagbag.py:588} INFO - Filling up the DagBag from /home/airflow/.local/lib/python3.12/site-packages/airflow/example_dags/example_xcomargs.py
[2025-03-24T08:11:39.810+0000] {processor.py:925} INFO - DAG(s) 'example_xcom_args_with_operators', 'example_xcom_args' retrieved from /home/airflow/.local/lib/python3.12/site-packages/airflow/example_dags/example_xcomargs.py
[2025-03-24T08:11:39.837+0000] {logging_mixin.py:190} INFO - [2025-03-24T08:11:39.837+0000] {dag.py:3239} INFO - Sync 2 DAGs
[2025-03-24T08:11:39.853+0000] {logging_mixin.py:190} INFO - [2025-03-24T08:11:39.853+0000] {dag.py:4180} INFO - Setting next_dagrun for example_xcom_args to None, run_after=None
[2025-03-24T08:11:39.859+0000] {logging_mixin.py:190} INFO - [2025-03-24T08:11:39.858+0000] {dag.py:4180} INFO - Setting next_dagrun for example_xcom_args_with_operators to None, run_after=None
[2025-03-24T08:11:39.881+0000] {processor.py:208} INFO - Processing /home/airflow/.local/lib/python3.12/site-packages/airflow/example_dags/example_xcomargs.py took 0.095 seconds
[2025-03-24T08:12:10.165+0000] {processor.py:186} INFO - Started process (PID=334) to work on /home/airflow/.local/lib/python3.12/site-packages/airflow/example_dags/example_xcomargs.py
[2025-03-24T08:12:10.166+0000] {processor.py:914} INFO - Processing file /home/airflow/.local/lib/python3.12/site-packages/airflow/example_dags/example_xcomargs.py for tasks to queue
[2025-03-24T08:12:10.169+0000] {logging_mixin.py:190} INFO - [2025-03-24T08:12:10.168+0000] {dagbag.py:588} INFO - Filling up the DagBag from /home/airflow/.local/lib/python3.12/site-packages/airflow/example_dags/example_xcomargs.py
[2025-03-24T08:12:10.180+0000] {processor.py:925} INFO - DAG(s) 'example_xcom_args_with_operators', 'example_xcom_args' retrieved from /home/airflow/.local/lib/python3.12/site-packages/airflow/example_dags/example_xcomargs.py
[2025-03-24T08:12:10.208+0000] {logging_mixin.py:190} INFO - [2025-03-24T08:12:10.208+0000] {dag.py:3239} INFO - Sync 2 DAGs
[2025-03-24T08:12:10.224+0000] {logging_mixin.py:190} INFO - [2025-03-24T08:12:10.224+0000] {dag.py:4180} INFO - Setting next_dagrun for example_xcom_args to None, run_after=None
[2025-03-24T08:12:10.229+0000] {logging_mixin.py:190} INFO - [2025-03-24T08:12:10.228+0000] {dag.py:4180} INFO - Setting next_dagrun for example_xcom_args_with_operators to None, run_after=None
[2025-03-24T08:12:10.250+0000] {processor.py:208} INFO - Processing /home/airflow/.local/lib/python3.12/site-packages/airflow/example_dags/example_xcomargs.py took 0.092 seconds
[2025-03-24T08:12:40.445+0000] {processor.py:186} INFO - Started process (PID=397) to work on /home/airflow/.local/lib/python3.12/site-packages/airflow/example_dags/example_xcomargs.py
[2025-03-24T08:12:40.446+0000] {processor.py:914} INFO - Processing file /home/airflow/.local/lib/python3.12/site-packages/airflow/example_dags/example_xcomargs.py for tasks to queue
[2025-03-24T08:12:40.448+0000] {logging_mixin.py:190} INFO - [2025-03-24T08:12:40.448+0000] {dagbag.py:588} INFO - Filling up the DagBag from /home/airflow/.local/lib/python3.12/site-packages/airflow/example_dags/example_xcomargs.py
[2025-03-24T08:12:40.459+0000] {processor.py:925} INFO - DAG(s) 'example_xcom_args_with_operators', 'example_xcom_args' retrieved from /home/airflow/.local/lib/python3.12/site-packages/airflow/example_dags/example_xcomargs.py
[2025-03-24T08:12:40.485+0000] {logging_mixin.py:190} INFO - [2025-03-24T08:12:40.485+0000] {dag.py:3239} INFO - Sync 2 DAGs
[2025-03-24T08:12:40.502+0000] {logging_mixin.py:190} INFO - [2025-03-24T08:12:40.501+0000] {dag.py:4180} INFO - Setting next_dagrun for example_xcom_args to None, run_after=None
[2025-03-24T08:12:40.506+0000] {logging_mixin.py:190} INFO - [2025-03-24T08:12:40.506+0000] {dag.py:4180} INFO - Setting next_dagrun for example_xcom_args_with_operators to None, run_after=None
[2025-03-24T08:12:40.528+0000] {processor.py:208} INFO - Processing /home/airflow/.local/lib/python3.12/site-packages/airflow/example_dags/example_xcomargs.py took 0.089 seconds
[2025-03-24T08:13:10.669+0000] {processor.py:186} INFO - Started process (PID=461) to work on /home/airflow/.local/lib/python3.12/site-packages/airflow/example_dags/example_xcomargs.py
[2025-03-24T08:13:10.670+0000] {processor.py:914} INFO - Processing file /home/airflow/.local/lib/python3.12/site-packages/airflow/example_dags/example_xcomargs.py for tasks to queue
[2025-03-24T08:13:10.673+0000] {logging_mixin.py:190} INFO - [2025-03-24T08:13:10.672+0000] {dagbag.py:588} INFO - Filling up the DagBag from /home/airflow/.local/lib/python3.12/site-packages/airflow/example_dags/example_xcomargs.py
[2025-03-24T08:13:10.685+0000] {processor.py:925} INFO - DAG(s) 'example_xcom_args', 'example_xcom_args_with_operators' retrieved from /home/airflow/.local/lib/python3.12/site-packages/airflow/example_dags/example_xcomargs.py
[2025-03-24T08:13:10.710+0000] {logging_mixin.py:190} INFO - [2025-03-24T08:13:10.710+0000] {dag.py:3239} INFO - Sync 2 DAGs
[2025-03-24T08:13:10.726+0000] {logging_mixin.py:190} INFO - [2025-03-24T08:13:10.726+0000] {dag.py:4180} INFO - Setting next_dagrun for example_xcom_args to None, run_after=None
[2025-03-24T08:13:10.731+0000] {logging_mixin.py:190} INFO - [2025-03-24T08:13:10.730+0000] {dag.py:4180} INFO - Setting next_dagrun for example_xcom_args_with_operators to None, run_after=None
[2025-03-24T08:13:10.750+0000] {processor.py:208} INFO - Processing /home/airflow/.local/lib/python3.12/site-packages/airflow/example_dags/example_xcomargs.py took 0.088 seconds
[2025-03-24T08:13:41.581+0000] {processor.py:186} INFO - Started process (PID=525) to work on /home/airflow/.local/lib/python3.12/site-packages/airflow/example_dags/example_xcomargs.py
[2025-03-24T08:13:41.582+0000] {processor.py:914} INFO - Processing file /home/airflow/.local/lib/python3.12/site-packages/airflow/example_dags/example_xcomargs.py for tasks to queue
[2025-03-24T08:13:41.585+0000] {logging_mixin.py:190} INFO - [2025-03-24T08:13:41.585+0000] {dagbag.py:588} INFO - Filling up the DagBag from /home/airflow/.local/lib/python3.12/site-packages/airflow/example_dags/example_xcomargs.py
[2025-03-24T08:13:41.595+0000] {processor.py:925} INFO - DAG(s) 'example_xcom_args', 'example_xcom_args_with_operators' retrieved from /home/airflow/.local/lib/python3.12/site-packages/airflow/example_dags/example_xcomargs.py
[2025-03-24T08:13:41.621+0000] {logging_mixin.py:190} INFO - [2025-03-24T08:13:41.621+0000] {dag.py:3239} INFO - Sync 2 DAGs
[2025-03-24T08:13:41.637+0000] {logging_mixin.py:190} INFO - [2025-03-24T08:13:41.637+0000] {dag.py:4180} INFO - Setting next_dagrun for example_xcom_args to None, run_after=None
[2025-03-24T08:13:41.642+0000] {logging_mixin.py:190} INFO - [2025-03-24T08:13:41.641+0000] {dag.py:4180} INFO - Setting next_dagrun for example_xcom_args_with_operators to None, run_after=None
[2025-03-24T08:13:41.663+0000] {processor.py:208} INFO - Processing /home/airflow/.local/lib/python3.12/site-packages/airflow/example_dags/example_xcomargs.py took 0.088 seconds
[2025-03-24T08:14:11.893+0000] {processor.py:186} INFO - Started process (PID=589) to work on /home/airflow/.local/lib/python3.12/site-packages/airflow/example_dags/example_xcomargs.py
[2025-03-24T08:14:11.894+0000] {processor.py:914} INFO - Processing file /home/airflow/.local/lib/python3.12/site-packages/airflow/example_dags/example_xcomargs.py for tasks to queue
[2025-03-24T08:14:11.897+0000] {logging_mixin.py:190} INFO - [2025-03-24T08:14:11.897+0000] {dagbag.py:588} INFO - Filling up the DagBag from /home/airflow/.local/lib/python3.12/site-packages/airflow/example_dags/example_xcomargs.py
[2025-03-24T08:14:11.908+0000] {processor.py:925} INFO - DAG(s) 'example_xcom_args', 'example_xcom_args_with_operators' retrieved from /home/airflow/.local/lib/python3.12/site-packages/airflow/example_dags/example_xcomargs.py
[2025-03-24T08:14:11.933+0000] {logging_mixin.py:190} INFO - [2025-03-24T08:14:11.932+0000] {dag.py:3239} INFO - Sync 2 DAGs
[2025-03-24T08:14:11.949+0000] {logging_mixin.py:190} INFO - [2025-03-24T08:14:11.949+0000] {dag.py:4180} INFO - Setting next_dagrun for example_xcom_args to None, run_after=None
[2025-03-24T08:14:11.953+0000] {logging_mixin.py:190} INFO - [2025-03-24T08:14:11.953+0000] {dag.py:4180} INFO - Setting next_dagrun for example_xcom_args_with_operators to None, run_after=None
[2025-03-24T08:14:11.972+0000] {processor.py:208} INFO - Processing /home/airflow/.local/lib/python3.12/site-packages/airflow/example_dags/example_xcomargs.py took 0.085 seconds
[2025-03-24T08:14:42.762+0000] {processor.py:186} INFO - Started process (PID=653) to work on /home/airflow/.local/lib/python3.12/site-packages/airflow/example_dags/example_xcomargs.py
[2025-03-24T08:14:42.763+0000] {processor.py:914} INFO - Processing file /home/airflow/.local/lib/python3.12/site-packages/airflow/example_dags/example_xcomargs.py for tasks to queue
[2025-03-24T08:14:42.765+0000] {logging_mixin.py:190} INFO - [2025-03-24T08:14:42.765+0000] {dagbag.py:588} INFO - Filling up the DagBag from /home/airflow/.local/lib/python3.12/site-packages/airflow/example_dags/example_xcomargs.py
[2025-03-24T08:14:42.776+0000] {processor.py:925} INFO - DAG(s) 'example_xcom_args', 'example_xcom_args_with_operators' retrieved from /home/airflow/.local/lib/python3.12/site-packages/airflow/example_dags/example_xcomargs.py
[2025-03-24T08:14:42.805+0000] {logging_mixin.py:190} INFO - [2025-03-24T08:14:42.804+0000] {dag.py:3239} INFO - Sync 2 DAGs
[2025-03-24T08:14:42.821+0000] {logging_mixin.py:190} INFO - [2025-03-24T08:14:42.820+0000] {dag.py:4180} INFO - Setting next_dagrun for example_xcom_args to None, run_after=None
[2025-03-24T08:14:42.825+0000] {logging_mixin.py:190} INFO - [2025-03-24T08:14:42.825+0000] {dag.py:4180} INFO - Setting next_dagrun for example_xcom_args_with_operators to None, run_after=None
[2025-03-24T08:14:42.848+0000] {processor.py:208} INFO - Processing /home/airflow/.local/lib/python3.12/site-packages/airflow/example_dags/example_xcomargs.py took 0.092 seconds
[2025-03-24T08:15:13.007+0000] {processor.py:186} INFO - Started process (PID=717) to work on /home/airflow/.local/lib/python3.12/site-packages/airflow/example_dags/example_xcomargs.py
[2025-03-24T08:15:13.009+0000] {processor.py:914} INFO - Processing file /home/airflow/.local/lib/python3.12/site-packages/airflow/example_dags/example_xcomargs.py for tasks to queue
[2025-03-24T08:15:13.011+0000] {logging_mixin.py:190} INFO - [2025-03-24T08:15:13.011+0000] {dagbag.py:588} INFO - Filling up the DagBag from /home/airflow/.local/lib/python3.12/site-packages/airflow/example_dags/example_xcomargs.py
[2025-03-24T08:15:13.023+0000] {processor.py:925} INFO - DAG(s) 'example_xcom_args_with_operators', 'example_xcom_args' retrieved from /home/airflow/.local/lib/python3.12/site-packages/airflow/example_dags/example_xcomargs.py
[2025-03-24T08:15:13.048+0000] {logging_mixin.py:190} INFO - [2025-03-24T08:15:13.048+0000] {dag.py:3239} INFO - Sync 2 DAGs
[2025-03-24T08:15:13.064+0000] {logging_mixin.py:190} INFO - [2025-03-24T08:15:13.064+0000] {dag.py:4180} INFO - Setting next_dagrun for example_xcom_args to None, run_after=None
[2025-03-24T08:15:13.069+0000] {logging_mixin.py:190} INFO - [2025-03-24T08:15:13.069+0000] {dag.py:4180} INFO - Setting next_dagrun for example_xcom_args_with_operators to None, run_after=None
[2025-03-24T08:15:13.092+0000] {processor.py:208} INFO - Processing /home/airflow/.local/lib/python3.12/site-packages/airflow/example_dags/example_xcomargs.py took 0.091 seconds
[2025-03-24T08:15:43.318+0000] {processor.py:186} INFO - Started process (PID=781) to work on /home/airflow/.local/lib/python3.12/site-packages/airflow/example_dags/example_xcomargs.py
[2025-03-24T08:15:43.319+0000] {processor.py:914} INFO - Processing file /home/airflow/.local/lib/python3.12/site-packages/airflow/example_dags/example_xcomargs.py for tasks to queue
[2025-03-24T08:15:43.322+0000] {logging_mixin.py:190} INFO - [2025-03-24T08:15:43.321+0000] {dagbag.py:588} INFO - Filling up the DagBag from /home/airflow/.local/lib/python3.12/site-packages/airflow/example_dags/example_xcomargs.py
[2025-03-24T08:15:43.333+0000] {processor.py:925} INFO - DAG(s) 'example_xcom_args_with_operators', 'example_xcom_args' retrieved from /home/airflow/.local/lib/python3.12/site-packages/airflow/example_dags/example_xcomargs.py
[2025-03-24T08:15:43.361+0000] {logging_mixin.py:190} INFO - [2025-03-24T08:15:43.360+0000] {dag.py:3239} INFO - Sync 2 DAGs
[2025-03-24T08:15:43.377+0000] {logging_mixin.py:190} INFO - [2025-03-24T08:15:43.377+0000] {dag.py:4180} INFO - Setting next_dagrun for example_xcom_args to None, run_after=None
[2025-03-24T08:15:43.382+0000] {logging_mixin.py:190} INFO - [2025-03-24T08:15:43.382+0000] {dag.py:4180} INFO - Setting next_dagrun for example_xcom_args_with_operators to None, run_after=None
[2025-03-24T08:15:43.404+0000] {processor.py:208} INFO - Processing /home/airflow/.local/lib/python3.12/site-packages/airflow/example_dags/example_xcomargs.py took 0.093 seconds
[2025-03-24T08:16:14.050+0000] {processor.py:186} INFO - Started process (PID=845) to work on /home/airflow/.local/lib/python3.12/site-packages/airflow/example_dags/example_xcomargs.py
[2025-03-24T08:16:14.051+0000] {processor.py:914} INFO - Processing file /home/airflow/.local/lib/python3.12/site-packages/airflow/example_dags/example_xcomargs.py for tasks to queue
[2025-03-24T08:16:14.054+0000] {logging_mixin.py:190} INFO - [2025-03-24T08:16:14.054+0000] {dagbag.py:588} INFO - Filling up the DagBag from /home/airflow/.local/lib/python3.12/site-packages/airflow/example_dags/example_xcomargs.py
[2025-03-24T08:16:14.065+0000] {processor.py:925} INFO - DAG(s) 'example_xcom_args', 'example_xcom_args_with_operators' retrieved from /home/airflow/.local/lib/python3.12/site-packages/airflow/example_dags/example_xcomargs.py
[2025-03-24T08:16:14.091+0000] {logging_mixin.py:190} INFO - [2025-03-24T08:16:14.091+0000] {dag.py:3239} INFO - Sync 2 DAGs
[2025-03-24T08:16:14.107+0000] {logging_mixin.py:190} INFO - [2025-03-24T08:16:14.107+0000] {dag.py:4180} INFO - Setting next_dagrun for example_xcom_args to None, run_after=None
[2025-03-24T08:16:14.112+0000] {logging_mixin.py:190} INFO - [2025-03-24T08:16:14.111+0000] {dag.py:4180} INFO - Setting next_dagrun for example_xcom_args_with_operators to None, run_after=None
[2025-03-24T08:16:14.135+0000] {processor.py:208} INFO - Processing /home/airflow/.local/lib/python3.12/site-packages/airflow/example_dags/example_xcomargs.py took 0.091 seconds
[2025-03-24T08:16:44.222+0000] {processor.py:186} INFO - Started process (PID=909) to work on /home/airflow/.local/lib/python3.12/site-packages/airflow/example_dags/example_xcomargs.py
[2025-03-24T08:16:44.224+0000] {processor.py:914} INFO - Processing file /home/airflow/.local/lib/python3.12/site-packages/airflow/example_dags/example_xcomargs.py for tasks to queue
[2025-03-24T08:16:44.226+0000] {logging_mixin.py:190} INFO - [2025-03-24T08:16:44.226+0000] {dagbag.py:588} INFO - Filling up the DagBag from /home/airflow/.local/lib/python3.12/site-packages/airflow/example_dags/example_xcomargs.py
[2025-03-24T08:16:44.238+0000] {processor.py:925} INFO - DAG(s) 'example_xcom_args_with_operators', 'example_xcom_args' retrieved from /home/airflow/.local/lib/python3.12/site-packages/airflow/example_dags/example_xcomargs.py
[2025-03-24T08:16:44.264+0000] {logging_mixin.py:190} INFO - [2025-03-24T08:16:44.264+0000] {dag.py:3239} INFO - Sync 2 DAGs
[2025-03-24T08:16:44.282+0000] {logging_mixin.py:190} INFO - [2025-03-24T08:16:44.282+0000] {dag.py:4180} INFO - Setting next_dagrun for example_xcom_args to None, run_after=None
[2025-03-24T08:16:44.287+0000] {logging_mixin.py:190} INFO - [2025-03-24T08:16:44.287+0000] {dag.py:4180} INFO - Setting next_dagrun for example_xcom_args_with_operators to None, run_after=None
[2025-03-24T08:16:44.310+0000] {processor.py:208} INFO - Processing /home/airflow/.local/lib/python3.12/site-packages/airflow/example_dags/example_xcomargs.py took 0.094 seconds
[2025-03-24T08:17:14.465+0000] {processor.py:186} INFO - Started process (PID=973) to work on /home/airflow/.local/lib/python3.12/site-packages/airflow/example_dags/example_xcomargs.py
[2025-03-24T08:17:14.466+0000] {processor.py:914} INFO - Processing file /home/airflow/.local/lib/python3.12/site-packages/airflow/example_dags/example_xcomargs.py for tasks to queue
[2025-03-24T08:17:14.469+0000] {logging_mixin.py:190} INFO - [2025-03-24T08:17:14.469+0000] {dagbag.py:588} INFO - Filling up the DagBag from /home/airflow/.local/lib/python3.12/site-packages/airflow/example_dags/example_xcomargs.py
[2025-03-24T08:17:14.480+0000] {processor.py:925} INFO - DAG(s) 'example_xcom_args', 'example_xcom_args_with_operators' retrieved from /home/airflow/.local/lib/python3.12/site-packages/airflow/example_dags/example_xcomargs.py
[2025-03-24T08:17:14.505+0000] {logging_mixin.py:190} INFO - [2025-03-24T08:17:14.505+0000] {dag.py:3239} INFO - Sync 2 DAGs
[2025-03-24T08:17:14.521+0000] {logging_mixin.py:190} INFO - [2025-03-24T08:17:14.521+0000] {dag.py:4180} INFO - Setting next_dagrun for example_xcom_args to None, run_after=None
[2025-03-24T08:17:14.525+0000] {logging_mixin.py:190} INFO - [2025-03-24T08:17:14.525+0000] {dag.py:4180} INFO - Setting next_dagrun for example_xcom_args_with_operators to None, run_after=None
[2025-03-24T08:17:14.547+0000] {processor.py:208} INFO - Processing /home/airflow/.local/lib/python3.12/site-packages/airflow/example_dags/example_xcomargs.py took 0.088 seconds
[2025-03-24T08:17:44.675+0000] {processor.py:186} INFO - Started process (PID=1037) to work on /home/airflow/.local/lib/python3.12/site-packages/airflow/example_dags/example_xcomargs.py
[2025-03-24T08:17:44.677+0000] {processor.py:914} INFO - Processing file /home/airflow/.local/lib/python3.12/site-packages/airflow/example_dags/example_xcomargs.py for tasks to queue
[2025-03-24T08:17:44.679+0000] {logging_mixin.py:190} INFO - [2025-03-24T08:17:44.679+0000] {dagbag.py:588} INFO - Filling up the DagBag from /home/airflow/.local/lib/python3.12/site-packages/airflow/example_dags/example_xcomargs.py
[2025-03-24T08:17:44.692+0000] {processor.py:925} INFO - DAG(s) 'example_xcom_args', 'example_xcom_args_with_operators' retrieved from /home/airflow/.local/lib/python3.12/site-packages/airflow/example_dags/example_xcomargs.py
[2025-03-24T08:17:44.720+0000] {logging_mixin.py:190} INFO - [2025-03-24T08:17:44.720+0000] {dag.py:3239} INFO - Sync 2 DAGs
[2025-03-24T08:17:44.736+0000] {logging_mixin.py:190} INFO - [2025-03-24T08:17:44.736+0000] {dag.py:4180} INFO - Setting next_dagrun for example_xcom_args to None, run_after=None
[2025-03-24T08:17:44.741+0000] {logging_mixin.py:190} INFO - [2025-03-24T08:17:44.741+0000] {dag.py:4180} INFO - Setting next_dagrun for example_xcom_args_with_operators to None, run_after=None
[2025-03-24T08:17:44.759+0000] {processor.py:208} INFO - Processing /home/airflow/.local/lib/python3.12/site-packages/airflow/example_dags/example_xcomargs.py took 0.090 seconds
[2025-03-24T08:18:15.620+0000] {processor.py:186} INFO - Started process (PID=1101) to work on /home/airflow/.local/lib/python3.12/site-packages/airflow/example_dags/example_xcomargs.py
[2025-03-24T08:18:15.621+0000] {processor.py:914} INFO - Processing file /home/airflow/.local/lib/python3.12/site-packages/airflow/example_dags/example_xcomargs.py for tasks to queue
[2025-03-24T08:18:15.624+0000] {logging_mixin.py:190} INFO - [2025-03-24T08:18:15.624+0000] {dagbag.py:588} INFO - Filling up the DagBag from /home/airflow/.local/lib/python3.12/site-packages/airflow/example_dags/example_xcomargs.py
[2025-03-24T08:18:15.636+0000] {processor.py:925} INFO - DAG(s) 'example_xcom_args_with_operators', 'example_xcom_args' retrieved from /home/airflow/.local/lib/python3.12/site-packages/airflow/example_dags/example_xcomargs.py
[2025-03-24T08:18:15.661+0000] {logging_mixin.py:190} INFO - [2025-03-24T08:18:15.661+0000] {dag.py:3239} INFO - Sync 2 DAGs
[2025-03-24T08:18:15.679+0000] {logging_mixin.py:190} INFO - [2025-03-24T08:18:15.678+0000] {dag.py:4180} INFO - Setting next_dagrun for example_xcom_args to None, run_after=None
[2025-03-24T08:18:15.683+0000] {logging_mixin.py:190} INFO - [2025-03-24T08:18:15.683+0000] {dag.py:4180} INFO - Setting next_dagrun for example_xcom_args_with_operators to None, run_after=None
[2025-03-24T08:18:15.707+0000] {processor.py:208} INFO - Processing /home/airflow/.local/lib/python3.12/site-packages/airflow/example_dags/example_xcomargs.py took 0.094 seconds
[2025-03-24T08:18:46.598+0000] {processor.py:186} INFO - Started process (PID=1165) to work on /home/airflow/.local/lib/python3.12/site-packages/airflow/example_dags/example_xcomargs.py
[2025-03-24T08:18:46.599+0000] {processor.py:914} INFO - Processing file /home/airflow/.local/lib/python3.12/site-packages/airflow/example_dags/example_xcomargs.py for tasks to queue
[2025-03-24T08:18:46.602+0000] {logging_mixin.py:190} INFO - [2025-03-24T08:18:46.601+0000] {dagbag.py:588} INFO - Filling up the DagBag from /home/airflow/.local/lib/python3.12/site-packages/airflow/example_dags/example_xcomargs.py
[2025-03-24T08:18:46.613+0000] {processor.py:925} INFO - DAG(s) 'example_xcom_args_with_operators', 'example_xcom_args' retrieved from /home/airflow/.local/lib/python3.12/site-packages/airflow/example_dags/example_xcomargs.py
[2025-03-24T08:18:46.639+0000] {logging_mixin.py:190} INFO - [2025-03-24T08:18:46.639+0000] {dag.py:3239} INFO - Sync 2 DAGs
[2025-03-24T08:18:46.657+0000] {logging_mixin.py:190} INFO - [2025-03-24T08:18:46.657+0000] {dag.py:4180} INFO - Setting next_dagrun for example_xcom_args to None, run_after=None
[2025-03-24T08:18:46.662+0000] {logging_mixin.py:190} INFO - [2025-03-24T08:18:46.662+0000] {dag.py:4180} INFO - Setting next_dagrun for example_xcom_args_with_operators to None, run_after=None
[2025-03-24T08:18:46.684+0000] {processor.py:208} INFO - Processing /home/airflow/.local/lib/python3.12/site-packages/airflow/example_dags/example_xcomargs.py took 0.093 seconds
[2025-03-24T08:19:17.080+0000] {processor.py:186} INFO - Started process (PID=1229) to work on /home/airflow/.local/lib/python3.12/site-packages/airflow/example_dags/example_xcomargs.py
[2025-03-24T08:19:17.081+0000] {processor.py:914} INFO - Processing file /home/airflow/.local/lib/python3.12/site-packages/airflow/example_dags/example_xcomargs.py for tasks to queue
[2025-03-24T08:19:17.084+0000] {logging_mixin.py:190} INFO - [2025-03-24T08:19:17.084+0000] {dagbag.py:588} INFO - Filling up the DagBag from /home/airflow/.local/lib/python3.12/site-packages/airflow/example_dags/example_xcomargs.py
[2025-03-24T08:19:17.096+0000] {processor.py:925} INFO - DAG(s) 'example_xcom_args_with_operators', 'example_xcom_args' retrieved from /home/airflow/.local/lib/python3.12/site-packages/airflow/example_dags/example_xcomargs.py
[2025-03-24T08:19:17.124+0000] {logging_mixin.py:190} INFO - [2025-03-24T08:19:17.124+0000] {dag.py:3239} INFO - Sync 2 DAGs
[2025-03-24T08:19:17.142+0000] {logging_mixin.py:190} INFO - [2025-03-24T08:19:17.142+0000] {dag.py:4180} INFO - Setting next_dagrun for example_xcom_args to None, run_after=None
[2025-03-24T08:19:17.147+0000] {logging_mixin.py:190} INFO - [2025-03-24T08:19:17.146+0000] {dag.py:4180} INFO - Setting next_dagrun for example_xcom_args_with_operators to None, run_after=None
[2025-03-24T08:19:17.170+0000] {processor.py:208} INFO - Processing /home/airflow/.local/lib/python3.12/site-packages/airflow/example_dags/example_xcomargs.py took 0.097 seconds
[2025-03-24T08:19:47.437+0000] {processor.py:186} INFO - Started process (PID=1293) to work on /home/airflow/.local/lib/python3.12/site-packages/airflow/example_dags/example_xcomargs.py
[2025-03-24T08:19:47.439+0000] {processor.py:914} INFO - Processing file /home/airflow/.local/lib/python3.12/site-packages/airflow/example_dags/example_xcomargs.py for tasks to queue
[2025-03-24T08:19:47.441+0000] {logging_mixin.py:190} INFO - [2025-03-24T08:19:47.441+0000] {dagbag.py:588} INFO - Filling up the DagBag from /home/airflow/.local/lib/python3.12/site-packages/airflow/example_dags/example_xcomargs.py
[2025-03-24T08:19:47.455+0000] {processor.py:925} INFO - DAG(s) 'example_xcom_args_with_operators', 'example_xcom_args' retrieved from /home/airflow/.local/lib/python3.12/site-packages/airflow/example_dags/example_xcomargs.py
[2025-03-24T08:19:47.482+0000] {logging_mixin.py:190} INFO - [2025-03-24T08:19:47.482+0000] {dag.py:3239} INFO - Sync 2 DAGs
[2025-03-24T08:19:47.500+0000] {logging_mixin.py:190} INFO - [2025-03-24T08:19:47.499+0000] {dag.py:4180} INFO - Setting next_dagrun for example_xcom_args to None, run_after=None
[2025-03-24T08:19:47.504+0000] {logging_mixin.py:190} INFO - [2025-03-24T08:19:47.504+0000] {dag.py:4180} INFO - Setting next_dagrun for example_xcom_args_with_operators to None, run_after=None
[2025-03-24T08:19:47.523+0000] {processor.py:208} INFO - Processing /home/airflow/.local/lib/python3.12/site-packages/airflow/example_dags/example_xcomargs.py took 0.093 seconds
[2025-03-24T08:20:18.283+0000] {processor.py:186} INFO - Started process (PID=1357) to work on /home/airflow/.local/lib/python3.12/site-packages/airflow/example_dags/example_xcomargs.py
[2025-03-24T08:20:18.284+0000] {processor.py:914} INFO - Processing file /home/airflow/.local/lib/python3.12/site-packages/airflow/example_dags/example_xcomargs.py for tasks to queue
[2025-03-24T08:20:18.287+0000] {logging_mixin.py:190} INFO - [2025-03-24T08:20:18.286+0000] {dagbag.py:588} INFO - Filling up the DagBag from /home/airflow/.local/lib/python3.12/site-packages/airflow/example_dags/example_xcomargs.py
[2025-03-24T08:20:18.299+0000] {processor.py:925} INFO - DAG(s) 'example_xcom_args_with_operators', 'example_xcom_args' retrieved from /home/airflow/.local/lib/python3.12/site-packages/airflow/example_dags/example_xcomargs.py
[2025-03-24T08:20:18.330+0000] {logging_mixin.py:190} INFO - [2025-03-24T08:20:18.330+0000] {dag.py:3239} INFO - Sync 2 DAGs
[2025-03-24T08:20:18.349+0000] {logging_mixin.py:190} INFO - [2025-03-24T08:20:18.349+0000] {dag.py:4180} INFO - Setting next_dagrun for example_xcom_args to None, run_after=None
[2025-03-24T08:20:18.354+0000] {logging_mixin.py:190} INFO - [2025-03-24T08:20:18.353+0000] {dag.py:4180} INFO - Setting next_dagrun for example_xcom_args_with_operators to None, run_after=None
[2025-03-24T08:20:18.375+0000] {processor.py:208} INFO - Processing /home/airflow/.local/lib/python3.12/site-packages/airflow/example_dags/example_xcomargs.py took 0.099 seconds
[2025-03-24T08:20:49.378+0000] {processor.py:186} INFO - Started process (PID=1421) to work on /home/airflow/.local/lib/python3.12/site-packages/airflow/example_dags/example_xcomargs.py
[2025-03-24T08:20:49.379+0000] {processor.py:914} INFO - Processing file /home/airflow/.local/lib/python3.12/site-packages/airflow/example_dags/example_xcomargs.py for tasks to queue
[2025-03-24T08:20:49.382+0000] {logging_mixin.py:190} INFO - [2025-03-24T08:20:49.381+0000] {dagbag.py:588} INFO - Filling up the DagBag from /home/airflow/.local/lib/python3.12/site-packages/airflow/example_dags/example_xcomargs.py
[2025-03-24T08:20:49.394+0000] {processor.py:925} INFO - DAG(s) 'example_xcom_args', 'example_xcom_args_with_operators' retrieved from /home/airflow/.local/lib/python3.12/site-packages/airflow/example_dags/example_xcomargs.py
[2025-03-24T08:20:49.422+0000] {logging_mixin.py:190} INFO - [2025-03-24T08:20:49.422+0000] {dag.py:3239} INFO - Sync 2 DAGs
[2025-03-24T08:20:49.442+0000] {logging_mixin.py:190} INFO - [2025-03-24T08:20:49.441+0000] {dag.py:4180} INFO - Setting next_dagrun for example_xcom_args to None, run_after=None
[2025-03-24T08:20:49.447+0000] {logging_mixin.py:190} INFO - [2025-03-24T08:20:49.446+0000] {dag.py:4180} INFO - Setting next_dagrun for example_xcom_args_with_operators to None, run_after=None
[2025-03-24T08:20:49.468+0000] {processor.py:208} INFO - Processing /home/airflow/.local/lib/python3.12/site-packages/airflow/example_dags/example_xcomargs.py took 0.096 seconds
[2025-03-24T08:21:19.938+0000] {processor.py:186} INFO - Started process (PID=1485) to work on /home/airflow/.local/lib/python3.12/site-packages/airflow/example_dags/example_xcomargs.py
[2025-03-24T08:21:19.940+0000] {processor.py:914} INFO - Processing file /home/airflow/.local/lib/python3.12/site-packages/airflow/example_dags/example_xcomargs.py for tasks to queue
[2025-03-24T08:21:19.943+0000] {logging_mixin.py:190} INFO - [2025-03-24T08:21:19.942+0000] {dagbag.py:588} INFO - Filling up the DagBag from /home/airflow/.local/lib/python3.12/site-packages/airflow/example_dags/example_xcomargs.py
[2025-03-24T08:21:19.956+0000] {processor.py:925} INFO - DAG(s) 'example_xcom_args', 'example_xcom_args_with_operators' retrieved from /home/airflow/.local/lib/python3.12/site-packages/airflow/example_dags/example_xcomargs.py
[2025-03-24T08:21:19.985+0000] {logging_mixin.py:190} INFO - [2025-03-24T08:21:19.985+0000] {dag.py:3239} INFO - Sync 2 DAGs
[2025-03-24T08:21:20.004+0000] {logging_mixin.py:190} INFO - [2025-03-24T08:21:20.004+0000] {dag.py:4180} INFO - Setting next_dagrun for example_xcom_args to None, run_after=None
[2025-03-24T08:21:20.010+0000] {logging_mixin.py:190} INFO - [2025-03-24T08:21:20.009+0000] {dag.py:4180} INFO - Setting next_dagrun for example_xcom_args_with_operators to None, run_after=None
[2025-03-24T08:21:20.032+0000] {processor.py:208} INFO - Processing /home/airflow/.local/lib/python3.12/site-packages/airflow/example_dags/example_xcomargs.py took 0.101 seconds
[2025-03-24T08:21:50.471+0000] {processor.py:186} INFO - Started process (PID=1549) to work on /home/airflow/.local/lib/python3.12/site-packages/airflow/example_dags/example_xcomargs.py
[2025-03-24T08:21:50.472+0000] {processor.py:914} INFO - Processing file /home/airflow/.local/lib/python3.12/site-packages/airflow/example_dags/example_xcomargs.py for tasks to queue
[2025-03-24T08:21:50.475+0000] {logging_mixin.py:190} INFO - [2025-03-24T08:21:50.475+0000] {dagbag.py:588} INFO - Filling up the DagBag from /home/airflow/.local/lib/python3.12/site-packages/airflow/example_dags/example_xcomargs.py
[2025-03-24T08:21:50.486+0000] {processor.py:925} INFO - DAG(s) 'example_xcom_args_with_operators', 'example_xcom_args' retrieved from /home/airflow/.local/lib/python3.12/site-packages/airflow/example_dags/example_xcomargs.py
[2025-03-24T08:21:50.512+0000] {logging_mixin.py:190} INFO - [2025-03-24T08:21:50.512+0000] {dag.py:3239} INFO - Sync 2 DAGs
[2025-03-24T08:21:50.528+0000] {logging_mixin.py:190} INFO - [2025-03-24T08:21:50.528+0000] {dag.py:4180} INFO - Setting next_dagrun for example_xcom_args to None, run_after=None
[2025-03-24T08:21:50.532+0000] {logging_mixin.py:190} INFO - [2025-03-24T08:21:50.532+0000] {dag.py:4180} INFO - Setting next_dagrun for example_xcom_args_with_operators to None, run_after=None
[2025-03-24T08:21:50.554+0000] {processor.py:208} INFO - Processing /home/airflow/.local/lib/python3.12/site-packages/airflow/example_dags/example_xcomargs.py took 0.090 seconds
[2025-03-24T08:22:21.074+0000] {processor.py:186} INFO - Started process (PID=1613) to work on /home/airflow/.local/lib/python3.12/site-packages/airflow/example_dags/example_xcomargs.py
[2025-03-24T08:22:21.075+0000] {processor.py:914} INFO - Processing file /home/airflow/.local/lib/python3.12/site-packages/airflow/example_dags/example_xcomargs.py for tasks to queue
[2025-03-24T08:22:21.077+0000] {logging_mixin.py:190} INFO - [2025-03-24T08:22:21.077+0000] {dagbag.py:588} INFO - Filling up the DagBag from /home/airflow/.local/lib/python3.12/site-packages/airflow/example_dags/example_xcomargs.py
[2025-03-24T08:22:21.089+0000] {processor.py:925} INFO - DAG(s) 'example_xcom_args', 'example_xcom_args_with_operators' retrieved from /home/airflow/.local/lib/python3.12/site-packages/airflow/example_dags/example_xcomargs.py
[2025-03-24T08:22:21.116+0000] {logging_mixin.py:190} INFO - [2025-03-24T08:22:21.116+0000] {dag.py:3239} INFO - Sync 2 DAGs
[2025-03-24T08:22:21.133+0000] {logging_mixin.py:190} INFO - [2025-03-24T08:22:21.133+0000] {dag.py:4180} INFO - Setting next_dagrun for example_xcom_args to None, run_after=None
[2025-03-24T08:22:21.138+0000] {logging_mixin.py:190} INFO - [2025-03-24T08:22:21.138+0000] {dag.py:4180} INFO - Setting next_dagrun for example_xcom_args_with_operators to None, run_after=None
[2025-03-24T08:22:21.159+0000] {processor.py:208} INFO - Processing /home/airflow/.local/lib/python3.12/site-packages/airflow/example_dags/example_xcomargs.py took 0.092 seconds
[2025-03-24T08:22:52.080+0000] {processor.py:186} INFO - Started process (PID=1677) to work on /home/airflow/.local/lib/python3.12/site-packages/airflow/example_dags/example_xcomargs.py
[2025-03-24T08:22:52.081+0000] {processor.py:914} INFO - Processing file /home/airflow/.local/lib/python3.12/site-packages/airflow/example_dags/example_xcomargs.py for tasks to queue
[2025-03-24T08:22:52.084+0000] {logging_mixin.py:190} INFO - [2025-03-24T08:22:52.084+0000] {dagbag.py:588} INFO - Filling up the DagBag from /home/airflow/.local/lib/python3.12/site-packages/airflow/example_dags/example_xcomargs.py
[2025-03-24T08:22:52.096+0000] {processor.py:925} INFO - DAG(s) 'example_xcom_args', 'example_xcom_args_with_operators' retrieved from /home/airflow/.local/lib/python3.12/site-packages/airflow/example_dags/example_xcomargs.py
[2025-03-24T08:22:52.122+0000] {logging_mixin.py:190} INFO - [2025-03-24T08:22:52.122+0000] {dag.py:3239} INFO - Sync 2 DAGs
[2025-03-24T08:22:52.140+0000] {logging_mixin.py:190} INFO - [2025-03-24T08:22:52.139+0000] {dag.py:4180} INFO - Setting next_dagrun for example_xcom_args to None, run_after=None
[2025-03-24T08:22:52.145+0000] {logging_mixin.py:190} INFO - [2025-03-24T08:22:52.144+0000] {dag.py:4180} INFO - Setting next_dagrun for example_xcom_args_with_operators to None, run_after=None
[2025-03-24T08:22:52.168+0000] {processor.py:208} INFO - Processing /home/airflow/.local/lib/python3.12/site-packages/airflow/example_dags/example_xcomargs.py took 0.095 seconds
[2025-03-24T08:23:22.341+0000] {processor.py:186} INFO - Started process (PID=1741) to work on /home/airflow/.local/lib/python3.12/site-packages/airflow/example_dags/example_xcomargs.py
[2025-03-24T08:23:22.343+0000] {processor.py:914} INFO - Processing file /home/airflow/.local/lib/python3.12/site-packages/airflow/example_dags/example_xcomargs.py for tasks to queue
[2025-03-24T08:23:22.346+0000] {logging_mixin.py:190} INFO - [2025-03-24T08:23:22.345+0000] {dagbag.py:588} INFO - Filling up the DagBag from /home/airflow/.local/lib/python3.12/site-packages/airflow/example_dags/example_xcomargs.py
[2025-03-24T08:23:22.359+0000] {processor.py:925} INFO - DAG(s) 'example_xcom_args_with_operators', 'example_xcom_args' retrieved from /home/airflow/.local/lib/python3.12/site-packages/airflow/example_dags/example_xcomargs.py
[2025-03-24T08:23:22.393+0000] {logging_mixin.py:190} INFO - [2025-03-24T08:23:22.393+0000] {dag.py:3239} INFO - Sync 2 DAGs
[2025-03-24T08:23:22.411+0000] {logging_mixin.py:190} INFO - [2025-03-24T08:23:22.411+0000] {dag.py:4180} INFO - Setting next_dagrun for example_xcom_args to None, run_after=None
[2025-03-24T08:23:22.416+0000] {logging_mixin.py:190} INFO - [2025-03-24T08:23:22.415+0000] {dag.py:4180} INFO - Setting next_dagrun for example_xcom_args_with_operators to None, run_after=None
[2025-03-24T08:23:22.445+0000] {processor.py:208} INFO - Processing /home/airflow/.local/lib/python3.12/site-packages/airflow/example_dags/example_xcomargs.py took 0.110 seconds
[2025-03-24T08:23:52.764+0000] {processor.py:186} INFO - Started process (PID=1805) to work on /home/airflow/.local/lib/python3.12/site-packages/airflow/example_dags/example_xcomargs.py
[2025-03-24T08:23:52.766+0000] {processor.py:914} INFO - Processing file /home/airflow/.local/lib/python3.12/site-packages/airflow/example_dags/example_xcomargs.py for tasks to queue
[2025-03-24T08:23:52.768+0000] {logging_mixin.py:190} INFO - [2025-03-24T08:23:52.768+0000] {dagbag.py:588} INFO - Filling up the DagBag from /home/airflow/.local/lib/python3.12/site-packages/airflow/example_dags/example_xcomargs.py
[2025-03-24T08:23:52.782+0000] {processor.py:925} INFO - DAG(s) 'example_xcom_args_with_operators', 'example_xcom_args' retrieved from /home/airflow/.local/lib/python3.12/site-packages/airflow/example_dags/example_xcomargs.py
[2025-03-24T08:23:52.811+0000] {logging_mixin.py:190} INFO - [2025-03-24T08:23:52.810+0000] {dag.py:3239} INFO - Sync 2 DAGs
[2025-03-24T08:23:52.830+0000] {logging_mixin.py:190} INFO - [2025-03-24T08:23:52.830+0000] {dag.py:4180} INFO - Setting next_dagrun for example_xcom_args to None, run_after=None
[2025-03-24T08:23:52.835+0000] {logging_mixin.py:190} INFO - [2025-03-24T08:23:52.835+0000] {dag.py:4180} INFO - Setting next_dagrun for example_xcom_args_with_operators to None, run_after=None
[2025-03-24T08:23:52.853+0000] {processor.py:208} INFO - Processing /home/airflow/.local/lib/python3.12/site-packages/airflow/example_dags/example_xcomargs.py took 0.095 seconds
[2025-03-24T08:24:23.056+0000] {processor.py:186} INFO - Started process (PID=1869) to work on /home/airflow/.local/lib/python3.12/site-packages/airflow/example_dags/example_xcomargs.py
[2025-03-24T08:24:23.057+0000] {processor.py:914} INFO - Processing file /home/airflow/.local/lib/python3.12/site-packages/airflow/example_dags/example_xcomargs.py for tasks to queue
[2025-03-24T08:24:23.059+0000] {logging_mixin.py:190} INFO - [2025-03-24T08:24:23.059+0000] {dagbag.py:588} INFO - Filling up the DagBag from /home/airflow/.local/lib/python3.12/site-packages/airflow/example_dags/example_xcomargs.py
[2025-03-24T08:24:23.071+0000] {processor.py:925} INFO - DAG(s) 'example_xcom_args_with_operators', 'example_xcom_args' retrieved from /home/airflow/.local/lib/python3.12/site-packages/airflow/example_dags/example_xcomargs.py
[2025-03-24T08:24:23.098+0000] {logging_mixin.py:190} INFO - [2025-03-24T08:24:23.098+0000] {dag.py:3239} INFO - Sync 2 DAGs
[2025-03-24T08:24:23.116+0000] {logging_mixin.py:190} INFO - [2025-03-24T08:24:23.116+0000] {dag.py:4180} INFO - Setting next_dagrun for example_xcom_args to None, run_after=None
[2025-03-24T08:24:23.121+0000] {logging_mixin.py:190} INFO - [2025-03-24T08:24:23.121+0000] {dag.py:4180} INFO - Setting next_dagrun for example_xcom_args_with_operators to None, run_after=None
[2025-03-24T08:24:23.141+0000] {processor.py:208} INFO - Processing /home/airflow/.local/lib/python3.12/site-packages/airflow/example_dags/example_xcomargs.py took 0.092 seconds
[2025-03-24T08:24:53.262+0000] {processor.py:186} INFO - Started process (PID=1933) to work on /home/airflow/.local/lib/python3.12/site-packages/airflow/example_dags/example_xcomargs.py
[2025-03-24T08:24:53.263+0000] {processor.py:914} INFO - Processing file /home/airflow/.local/lib/python3.12/site-packages/airflow/example_dags/example_xcomargs.py for tasks to queue
[2025-03-24T08:24:53.266+0000] {logging_mixin.py:190} INFO - [2025-03-24T08:24:53.265+0000] {dagbag.py:588} INFO - Filling up the DagBag from /home/airflow/.local/lib/python3.12/site-packages/airflow/example_dags/example_xcomargs.py
[2025-03-24T08:24:53.278+0000] {processor.py:925} INFO - DAG(s) 'example_xcom_args_with_operators', 'example_xcom_args' retrieved from /home/airflow/.local/lib/python3.12/site-packages/airflow/example_dags/example_xcomargs.py
[2025-03-24T08:24:53.303+0000] {logging_mixin.py:190} INFO - [2025-03-24T08:24:53.303+0000] {dag.py:3239} INFO - Sync 2 DAGs
[2025-03-24T08:24:53.319+0000] {logging_mixin.py:190} INFO - [2025-03-24T08:24:53.319+0000] {dag.py:4180} INFO - Setting next_dagrun for example_xcom_args to None, run_after=None
[2025-03-24T08:24:53.324+0000] {logging_mixin.py:190} INFO - [2025-03-24T08:24:53.324+0000] {dag.py:4180} INFO - Setting next_dagrun for example_xcom_args_with_operators to None, run_after=None
[2025-03-24T08:24:53.344+0000] {processor.py:208} INFO - Processing /home/airflow/.local/lib/python3.12/site-packages/airflow/example_dags/example_xcomargs.py took 0.089 seconds
[2025-03-24T08:25:23.567+0000] {processor.py:186} INFO - Started process (PID=1997) to work on /home/airflow/.local/lib/python3.12/site-packages/airflow/example_dags/example_xcomargs.py
[2025-03-24T08:25:23.568+0000] {processor.py:914} INFO - Processing file /home/airflow/.local/lib/python3.12/site-packages/airflow/example_dags/example_xcomargs.py for tasks to queue
[2025-03-24T08:25:23.571+0000] {logging_mixin.py:190} INFO - [2025-03-24T08:25:23.570+0000] {dagbag.py:588} INFO - Filling up the DagBag from /home/airflow/.local/lib/python3.12/site-packages/airflow/example_dags/example_xcomargs.py
[2025-03-24T08:25:23.583+0000] {processor.py:925} INFO - DAG(s) 'example_xcom_args_with_operators', 'example_xcom_args' retrieved from /home/airflow/.local/lib/python3.12/site-packages/airflow/example_dags/example_xcomargs.py
[2025-03-24T08:25:23.607+0000] {logging_mixin.py:190} INFO - [2025-03-24T08:25:23.607+0000] {dag.py:3239} INFO - Sync 2 DAGs
[2025-03-24T08:25:23.623+0000] {logging_mixin.py:190} INFO - [2025-03-24T08:25:23.622+0000] {dag.py:4180} INFO - Setting next_dagrun for example_xcom_args to None, run_after=None
[2025-03-24T08:25:23.627+0000] {logging_mixin.py:190} INFO - [2025-03-24T08:25:23.627+0000] {dag.py:4180} INFO - Setting next_dagrun for example_xcom_args_with_operators to None, run_after=None
[2025-03-24T08:25:23.654+0000] {processor.py:208} INFO - Processing /home/airflow/.local/lib/python3.12/site-packages/airflow/example_dags/example_xcomargs.py took 0.094 seconds
[2025-03-24T08:25:54.013+0000] {processor.py:186} INFO - Started process (PID=2061) to work on /home/airflow/.local/lib/python3.12/site-packages/airflow/example_dags/example_xcomargs.py
[2025-03-24T08:25:54.014+0000] {processor.py:914} INFO - Processing file /home/airflow/.local/lib/python3.12/site-packages/airflow/example_dags/example_xcomargs.py for tasks to queue
[2025-03-24T08:25:54.016+0000] {logging_mixin.py:190} INFO - [2025-03-24T08:25:54.016+0000] {dagbag.py:588} INFO - Filling up the DagBag from /home/airflow/.local/lib/python3.12/site-packages/airflow/example_dags/example_xcomargs.py
[2025-03-24T08:25:54.027+0000] {processor.py:925} INFO - DAG(s) 'example_xcom_args', 'example_xcom_args_with_operators' retrieved from /home/airflow/.local/lib/python3.12/site-packages/airflow/example_dags/example_xcomargs.py
[2025-03-24T08:25:54.053+0000] {logging_mixin.py:190} INFO - [2025-03-24T08:25:54.053+0000] {dag.py:3239} INFO - Sync 2 DAGs
[2025-03-24T08:25:54.071+0000] {logging_mixin.py:190} INFO - [2025-03-24T08:25:54.071+0000] {dag.py:4180} INFO - Setting next_dagrun for example_xcom_args to None, run_after=None
[2025-03-24T08:25:54.076+0000] {logging_mixin.py:190} INFO - [2025-03-24T08:25:54.076+0000] {dag.py:4180} INFO - Setting next_dagrun for example_xcom_args_with_operators to None, run_after=None
[2025-03-24T08:25:54.099+0000] {processor.py:208} INFO - Processing /home/airflow/.local/lib/python3.12/site-packages/airflow/example_dags/example_xcomargs.py took 0.092 seconds
[2025-03-24T08:26:24.270+0000] {processor.py:186} INFO - Started process (PID=2125) to work on /home/airflow/.local/lib/python3.12/site-packages/airflow/example_dags/example_xcomargs.py
[2025-03-24T08:26:24.271+0000] {processor.py:914} INFO - Processing file /home/airflow/.local/lib/python3.12/site-packages/airflow/example_dags/example_xcomargs.py for tasks to queue
[2025-03-24T08:26:24.274+0000] {logging_mixin.py:190} INFO - [2025-03-24T08:26:24.274+0000] {dagbag.py:588} INFO - Filling up the DagBag from /home/airflow/.local/lib/python3.12/site-packages/airflow/example_dags/example_xcomargs.py
[2025-03-24T08:26:24.285+0000] {processor.py:925} INFO - DAG(s) 'example_xcom_args_with_operators', 'example_xcom_args' retrieved from /home/airflow/.local/lib/python3.12/site-packages/airflow/example_dags/example_xcomargs.py
[2025-03-24T08:26:24.313+0000] {logging_mixin.py:190} INFO - [2025-03-24T08:26:24.313+0000] {dag.py:3239} INFO - Sync 2 DAGs
[2025-03-24T08:26:24.330+0000] {logging_mixin.py:190} INFO - [2025-03-24T08:26:24.330+0000] {dag.py:4180} INFO - Setting next_dagrun for example_xcom_args to None, run_after=None
[2025-03-24T08:26:24.335+0000] {logging_mixin.py:190} INFO - [2025-03-24T08:26:24.334+0000] {dag.py:4180} INFO - Setting next_dagrun for example_xcom_args_with_operators to None, run_after=None
[2025-03-24T08:26:24.356+0000] {processor.py:208} INFO - Processing /home/airflow/.local/lib/python3.12/site-packages/airflow/example_dags/example_xcomargs.py took 0.092 seconds
[2025-03-24T08:26:54.478+0000] {processor.py:186} INFO - Started process (PID=2189) to work on /home/airflow/.local/lib/python3.12/site-packages/airflow/example_dags/example_xcomargs.py
[2025-03-24T08:26:54.479+0000] {processor.py:914} INFO - Processing file /home/airflow/.local/lib/python3.12/site-packages/airflow/example_dags/example_xcomargs.py for tasks to queue
[2025-03-24T08:26:54.482+0000] {logging_mixin.py:190} INFO - [2025-03-24T08:26:54.481+0000] {dagbag.py:588} INFO - Filling up the DagBag from /home/airflow/.local/lib/python3.12/site-packages/airflow/example_dags/example_xcomargs.py
[2025-03-24T08:26:54.493+0000] {processor.py:925} INFO - DAG(s) 'example_xcom_args_with_operators', 'example_xcom_args' retrieved from /home/airflow/.local/lib/python3.12/site-packages/airflow/example_dags/example_xcomargs.py
[2025-03-24T08:26:54.519+0000] {logging_mixin.py:190} INFO - [2025-03-24T08:26:54.519+0000] {dag.py:3239} INFO - Sync 2 DAGs
[2025-03-24T08:26:54.536+0000] {logging_mixin.py:190} INFO - [2025-03-24T08:26:54.536+0000] {dag.py:4180} INFO - Setting next_dagrun for example_xcom_args to None, run_after=None
[2025-03-24T08:26:54.541+0000] {logging_mixin.py:190} INFO - [2025-03-24T08:26:54.540+0000] {dag.py:4180} INFO - Setting next_dagrun for example_xcom_args_with_operators to None, run_after=None
[2025-03-24T08:26:54.560+0000] {processor.py:208} INFO - Processing /home/airflow/.local/lib/python3.12/site-packages/airflow/example_dags/example_xcomargs.py took 0.089 seconds
[2025-03-24T08:27:24.816+0000] {processor.py:186} INFO - Started process (PID=2253) to work on /home/airflow/.local/lib/python3.12/site-packages/airflow/example_dags/example_xcomargs.py
[2025-03-24T08:27:24.817+0000] {processor.py:914} INFO - Processing file /home/airflow/.local/lib/python3.12/site-packages/airflow/example_dags/example_xcomargs.py for tasks to queue
[2025-03-24T08:27:24.819+0000] {logging_mixin.py:190} INFO - [2025-03-24T08:27:24.819+0000] {dagbag.py:588} INFO - Filling up the DagBag from /home/airflow/.local/lib/python3.12/site-packages/airflow/example_dags/example_xcomargs.py
[2025-03-24T08:27:24.831+0000] {processor.py:925} INFO - DAG(s) 'example_xcom_args', 'example_xcom_args_with_operators' retrieved from /home/airflow/.local/lib/python3.12/site-packages/airflow/example_dags/example_xcomargs.py
[2025-03-24T08:27:24.857+0000] {logging_mixin.py:190} INFO - [2025-03-24T08:27:24.857+0000] {dag.py:3239} INFO - Sync 2 DAGs
[2025-03-24T08:27:24.873+0000] {logging_mixin.py:190} INFO - [2025-03-24T08:27:24.873+0000] {dag.py:4180} INFO - Setting next_dagrun for example_xcom_args to None, run_after=None
[2025-03-24T08:27:24.878+0000] {logging_mixin.py:190} INFO - [2025-03-24T08:27:24.878+0000] {dag.py:4180} INFO - Setting next_dagrun for example_xcom_args_with_operators to None, run_after=None
[2025-03-24T08:27:24.903+0000] {processor.py:208} INFO - Processing /home/airflow/.local/lib/python3.12/site-packages/airflow/example_dags/example_xcomargs.py took 0.094 seconds
[2025-03-24T08:27:55.209+0000] {processor.py:186} INFO - Started process (PID=2317) to work on /home/airflow/.local/lib/python3.12/site-packages/airflow/example_dags/example_xcomargs.py
[2025-03-24T08:27:55.210+0000] {processor.py:914} INFO - Processing file /home/airflow/.local/lib/python3.12/site-packages/airflow/example_dags/example_xcomargs.py for tasks to queue
[2025-03-24T08:27:55.214+0000] {logging_mixin.py:190} INFO - [2025-03-24T08:27:55.213+0000] {dagbag.py:588} INFO - Filling up the DagBag from /home/airflow/.local/lib/python3.12/site-packages/airflow/example_dags/example_xcomargs.py
[2025-03-24T08:27:55.225+0000] {processor.py:925} INFO - DAG(s) 'example_xcom_args_with_operators', 'example_xcom_args' retrieved from /home/airflow/.local/lib/python3.12/site-packages/airflow/example_dags/example_xcomargs.py
[2025-03-24T08:27:55.249+0000] {logging_mixin.py:190} INFO - [2025-03-24T08:27:55.249+0000] {dag.py:3239} INFO - Sync 2 DAGs
[2025-03-24T08:27:55.266+0000] {logging_mixin.py:190} INFO - [2025-03-24T08:27:55.265+0000] {dag.py:4180} INFO - Setting next_dagrun for example_xcom_args to None, run_after=None
[2025-03-24T08:27:55.270+0000] {logging_mixin.py:190} INFO - [2025-03-24T08:27:55.270+0000] {dag.py:4180} INFO - Setting next_dagrun for example_xcom_args_with_operators to None, run_after=None
[2025-03-24T08:27:55.291+0000] {processor.py:208} INFO - Processing /home/airflow/.local/lib/python3.12/site-packages/airflow/example_dags/example_xcomargs.py took 0.091 seconds
[2025-03-24T08:28:25.968+0000] {processor.py:186} INFO - Started process (PID=2381) to work on /home/airflow/.local/lib/python3.12/site-packages/airflow/example_dags/example_xcomargs.py
[2025-03-24T08:28:25.969+0000] {processor.py:914} INFO - Processing file /home/airflow/.local/lib/python3.12/site-packages/airflow/example_dags/example_xcomargs.py for tasks to queue
[2025-03-24T08:28:25.972+0000] {logging_mixin.py:190} INFO - [2025-03-24T08:28:25.971+0000] {dagbag.py:588} INFO - Filling up the DagBag from /home/airflow/.local/lib/python3.12/site-packages/airflow/example_dags/example_xcomargs.py
[2025-03-24T08:28:25.984+0000] {processor.py:925} INFO - DAG(s) 'example_xcom_args', 'example_xcom_args_with_operators' retrieved from /home/airflow/.local/lib/python3.12/site-packages/airflow/example_dags/example_xcomargs.py
[2025-03-24T08:28:26.012+0000] {logging_mixin.py:190} INFO - [2025-03-24T08:28:26.011+0000] {dag.py:3239} INFO - Sync 2 DAGs
[2025-03-24T08:28:26.028+0000] {logging_mixin.py:190} INFO - [2025-03-24T08:28:26.028+0000] {dag.py:4180} INFO - Setting next_dagrun for example_xcom_args to None, run_after=None
[2025-03-24T08:28:26.033+0000] {logging_mixin.py:190} INFO - [2025-03-24T08:28:26.033+0000] {dag.py:4180} INFO - Setting next_dagrun for example_xcom_args_with_operators to None, run_after=None
[2025-03-24T08:28:26.055+0000] {processor.py:208} INFO - Processing /home/airflow/.local/lib/python3.12/site-packages/airflow/example_dags/example_xcomargs.py took 0.093 seconds
[2025-03-24T08:28:57.052+0000] {processor.py:186} INFO - Started process (PID=2445) to work on /home/airflow/.local/lib/python3.12/site-packages/airflow/example_dags/example_xcomargs.py
[2025-03-24T08:28:57.053+0000] {processor.py:914} INFO - Processing file /home/airflow/.local/lib/python3.12/site-packages/airflow/example_dags/example_xcomargs.py for tasks to queue
[2025-03-24T08:28:57.055+0000] {logging_mixin.py:190} INFO - [2025-03-24T08:28:57.055+0000] {dagbag.py:588} INFO - Filling up the DagBag from /home/airflow/.local/lib/python3.12/site-packages/airflow/example_dags/example_xcomargs.py
[2025-03-24T08:28:57.067+0000] {processor.py:925} INFO - DAG(s) 'example_xcom_args_with_operators', 'example_xcom_args' retrieved from /home/airflow/.local/lib/python3.12/site-packages/airflow/example_dags/example_xcomargs.py
[2025-03-24T08:28:57.094+0000] {logging_mixin.py:190} INFO - [2025-03-24T08:28:57.094+0000] {dag.py:3239} INFO - Sync 2 DAGs
[2025-03-24T08:28:57.112+0000] {logging_mixin.py:190} INFO - [2025-03-24T08:28:57.112+0000] {dag.py:4180} INFO - Setting next_dagrun for example_xcom_args to None, run_after=None
[2025-03-24T08:28:57.117+0000] {logging_mixin.py:190} INFO - [2025-03-24T08:28:57.117+0000] {dag.py:4180} INFO - Setting next_dagrun for example_xcom_args_with_operators to None, run_after=None
[2025-03-24T08:28:57.136+0000] {processor.py:208} INFO - Processing /home/airflow/.local/lib/python3.12/site-packages/airflow/example_dags/example_xcomargs.py took 0.091 seconds
[2025-03-24T08:29:28.106+0000] {processor.py:186} INFO - Started process (PID=2509) to work on /home/airflow/.local/lib/python3.12/site-packages/airflow/example_dags/example_xcomargs.py
[2025-03-24T08:29:28.107+0000] {processor.py:914} INFO - Processing file /home/airflow/.local/lib/python3.12/site-packages/airflow/example_dags/example_xcomargs.py for tasks to queue
[2025-03-24T08:29:28.109+0000] {logging_mixin.py:190} INFO - [2025-03-24T08:29:28.109+0000] {dagbag.py:588} INFO - Filling up the DagBag from /home/airflow/.local/lib/python3.12/site-packages/airflow/example_dags/example_xcomargs.py
[2025-03-24T08:29:28.120+0000] {processor.py:925} INFO - DAG(s) 'example_xcom_args_with_operators', 'example_xcom_args' retrieved from /home/airflow/.local/lib/python3.12/site-packages/airflow/example_dags/example_xcomargs.py
[2025-03-24T08:29:28.145+0000] {logging_mixin.py:190} INFO - [2025-03-24T08:29:28.145+0000] {dag.py:3239} INFO - Sync 2 DAGs
[2025-03-24T08:29:28.164+0000] {logging_mixin.py:190} INFO - [2025-03-24T08:29:28.164+0000] {dag.py:4180} INFO - Setting next_dagrun for example_xcom_args to None, run_after=None
[2025-03-24T08:29:28.168+0000] {logging_mixin.py:190} INFO - [2025-03-24T08:29:28.168+0000] {dag.py:4180} INFO - Setting next_dagrun for example_xcom_args_with_operators to None, run_after=None
[2025-03-24T08:29:28.189+0000] {processor.py:208} INFO - Processing /home/airflow/.local/lib/python3.12/site-packages/airflow/example_dags/example_xcomargs.py took 0.091 seconds
[2025-03-24T08:29:58.815+0000] {processor.py:186} INFO - Started process (PID=2569) to work on /home/airflow/.local/lib/python3.12/site-packages/airflow/example_dags/example_xcomargs.py
[2025-03-24T08:29:58.816+0000] {processor.py:914} INFO - Processing file /home/airflow/.local/lib/python3.12/site-packages/airflow/example_dags/example_xcomargs.py for tasks to queue
[2025-03-24T08:29:58.819+0000] {logging_mixin.py:190} INFO - [2025-03-24T08:29:58.818+0000] {dagbag.py:588} INFO - Filling up the DagBag from /home/airflow/.local/lib/python3.12/site-packages/airflow/example_dags/example_xcomargs.py
[2025-03-24T08:29:58.833+0000] {processor.py:925} INFO - DAG(s) 'example_xcom_args', 'example_xcom_args_with_operators' retrieved from /home/airflow/.local/lib/python3.12/site-packages/airflow/example_dags/example_xcomargs.py
[2025-03-24T08:29:58.860+0000] {logging_mixin.py:190} INFO - [2025-03-24T08:29:58.860+0000] {dag.py:3239} INFO - Sync 2 DAGs
[2025-03-24T08:29:58.879+0000] {logging_mixin.py:190} INFO - [2025-03-24T08:29:58.879+0000] {dag.py:4180} INFO - Setting next_dagrun for example_xcom_args to None, run_after=None
[2025-03-24T08:29:58.884+0000] {logging_mixin.py:190} INFO - [2025-03-24T08:29:58.883+0000] {dag.py:4180} INFO - Setting next_dagrun for example_xcom_args_with_operators to None, run_after=None
[2025-03-24T08:29:58.906+0000] {processor.py:208} INFO - Processing /home/airflow/.local/lib/python3.12/site-packages/airflow/example_dags/example_xcomargs.py took 0.099 seconds
[2025-03-24T08:30:30.008+0000] {processor.py:186} INFO - Started process (PID=2633) to work on /home/airflow/.local/lib/python3.12/site-packages/airflow/example_dags/example_xcomargs.py
[2025-03-24T08:30:30.010+0000] {processor.py:914} INFO - Processing file /home/airflow/.local/lib/python3.12/site-packages/airflow/example_dags/example_xcomargs.py for tasks to queue
[2025-03-24T08:30:30.013+0000] {logging_mixin.py:190} INFO - [2025-03-24T08:30:30.012+0000] {dagbag.py:588} INFO - Filling up the DagBag from /home/airflow/.local/lib/python3.12/site-packages/airflow/example_dags/example_xcomargs.py
[2025-03-24T08:30:30.024+0000] {processor.py:925} INFO - DAG(s) 'example_xcom_args', 'example_xcom_args_with_operators' retrieved from /home/airflow/.local/lib/python3.12/site-packages/airflow/example_dags/example_xcomargs.py
[2025-03-24T08:30:30.049+0000] {logging_mixin.py:190} INFO - [2025-03-24T08:30:30.049+0000] {dag.py:3239} INFO - Sync 2 DAGs
[2025-03-24T08:30:30.066+0000] {logging_mixin.py:190} INFO - [2025-03-24T08:30:30.066+0000] {dag.py:4180} INFO - Setting next_dagrun for example_xcom_args to None, run_after=None
[2025-03-24T08:30:30.070+0000] {logging_mixin.py:190} INFO - [2025-03-24T08:30:30.070+0000] {dag.py:4180} INFO - Setting next_dagrun for example_xcom_args_with_operators to None, run_after=None
[2025-03-24T08:30:30.091+0000] {processor.py:208} INFO - Processing /home/airflow/.local/lib/python3.12/site-packages/airflow/example_dags/example_xcomargs.py took 0.089 seconds
[2025-03-24T08:31:00.530+0000] {processor.py:186} INFO - Started process (PID=2694) to work on /home/airflow/.local/lib/python3.12/site-packages/airflow/example_dags/example_xcomargs.py
[2025-03-24T08:31:00.531+0000] {processor.py:914} INFO - Processing file /home/airflow/.local/lib/python3.12/site-packages/airflow/example_dags/example_xcomargs.py for tasks to queue
[2025-03-24T08:31:00.534+0000] {logging_mixin.py:190} INFO - [2025-03-24T08:31:00.533+0000] {dagbag.py:588} INFO - Filling up the DagBag from /home/airflow/.local/lib/python3.12/site-packages/airflow/example_dags/example_xcomargs.py
[2025-03-24T08:31:00.545+0000] {processor.py:925} INFO - DAG(s) 'example_xcom_args', 'example_xcom_args_with_operators' retrieved from /home/airflow/.local/lib/python3.12/site-packages/airflow/example_dags/example_xcomargs.py
[2025-03-24T08:31:00.570+0000] {logging_mixin.py:190} INFO - [2025-03-24T08:31:00.570+0000] {dag.py:3239} INFO - Sync 2 DAGs
[2025-03-24T08:31:00.588+0000] {logging_mixin.py:190} INFO - [2025-03-24T08:31:00.588+0000] {dag.py:4180} INFO - Setting next_dagrun for example_xcom_args to None, run_after=None
[2025-03-24T08:31:00.594+0000] {logging_mixin.py:190} INFO - [2025-03-24T08:31:00.593+0000] {dag.py:4180} INFO - Setting next_dagrun for example_xcom_args_with_operators to None, run_after=None
[2025-03-24T08:31:00.615+0000] {processor.py:208} INFO - Processing /home/airflow/.local/lib/python3.12/site-packages/airflow/example_dags/example_xcomargs.py took 0.092 seconds
[2025-03-24T08:31:31.774+0000] {processor.py:186} INFO - Started process (PID=2751) to work on /home/airflow/.local/lib/python3.12/site-packages/airflow/example_dags/example_xcomargs.py
[2025-03-24T08:31:31.775+0000] {processor.py:914} INFO - Processing file /home/airflow/.local/lib/python3.12/site-packages/airflow/example_dags/example_xcomargs.py for tasks to queue
[2025-03-24T08:31:31.777+0000] {logging_mixin.py:190} INFO - [2025-03-24T08:31:31.777+0000] {dagbag.py:588} INFO - Filling up the DagBag from /home/airflow/.local/lib/python3.12/site-packages/airflow/example_dags/example_xcomargs.py
[2025-03-24T08:31:31.789+0000] {processor.py:925} INFO - DAG(s) 'example_xcom_args', 'example_xcom_args_with_operators' retrieved from /home/airflow/.local/lib/python3.12/site-packages/airflow/example_dags/example_xcomargs.py
[2025-03-24T08:31:31.816+0000] {logging_mixin.py:190} INFO - [2025-03-24T08:31:31.815+0000] {dag.py:3239} INFO - Sync 2 DAGs
[2025-03-24T08:31:31.835+0000] {logging_mixin.py:190} INFO - [2025-03-24T08:31:31.834+0000] {dag.py:4180} INFO - Setting next_dagrun for example_xcom_args to None, run_after=None
[2025-03-24T08:31:31.840+0000] {logging_mixin.py:190} INFO - [2025-03-24T08:31:31.839+0000] {dag.py:4180} INFO - Setting next_dagrun for example_xcom_args_with_operators to None, run_after=None
[2025-03-24T08:31:31.859+0000] {processor.py:208} INFO - Processing /home/airflow/.local/lib/python3.12/site-packages/airflow/example_dags/example_xcomargs.py took 0.091 seconds
[2025-03-24T08:32:03.199+0000] {processor.py:186} INFO - Started process (PID=2815) to work on /home/airflow/.local/lib/python3.12/site-packages/airflow/example_dags/example_xcomargs.py
[2025-03-24T08:32:03.200+0000] {processor.py:914} INFO - Processing file /home/airflow/.local/lib/python3.12/site-packages/airflow/example_dags/example_xcomargs.py for tasks to queue
[2025-03-24T08:32:03.203+0000] {logging_mixin.py:190} INFO - [2025-03-24T08:32:03.203+0000] {dagbag.py:588} INFO - Filling up the DagBag from /home/airflow/.local/lib/python3.12/site-packages/airflow/example_dags/example_xcomargs.py
[2025-03-24T08:32:03.216+0000] {processor.py:925} INFO - DAG(s) 'example_xcom_args_with_operators', 'example_xcom_args' retrieved from /home/airflow/.local/lib/python3.12/site-packages/airflow/example_dags/example_xcomargs.py
[2025-03-24T08:32:03.244+0000] {logging_mixin.py:190} INFO - [2025-03-24T08:32:03.243+0000] {dag.py:3239} INFO - Sync 2 DAGs
[2025-03-24T08:32:03.266+0000] {logging_mixin.py:190} INFO - [2025-03-24T08:32:03.265+0000] {dag.py:4180} INFO - Setting next_dagrun for example_xcom_args to None, run_after=None
[2025-03-24T08:32:03.270+0000] {logging_mixin.py:190} INFO - [2025-03-24T08:32:03.270+0000] {dag.py:4180} INFO - Setting next_dagrun for example_xcom_args_with_operators to None, run_after=None
[2025-03-24T08:32:03.295+0000] {processor.py:208} INFO - Processing /home/airflow/.local/lib/python3.12/site-packages/airflow/example_dags/example_xcomargs.py took 0.103 seconds
[2025-03-24T08:32:34.038+0000] {processor.py:186} INFO - Started process (PID=2874) to work on /home/airflow/.local/lib/python3.12/site-packages/airflow/example_dags/example_xcomargs.py
[2025-03-24T08:32:34.039+0000] {processor.py:914} INFO - Processing file /home/airflow/.local/lib/python3.12/site-packages/airflow/example_dags/example_xcomargs.py for tasks to queue
[2025-03-24T08:32:34.042+0000] {logging_mixin.py:190} INFO - [2025-03-24T08:32:34.041+0000] {dagbag.py:588} INFO - Filling up the DagBag from /home/airflow/.local/lib/python3.12/site-packages/airflow/example_dags/example_xcomargs.py
[2025-03-24T08:32:34.053+0000] {processor.py:925} INFO - DAG(s) 'example_xcom_args', 'example_xcom_args_with_operators' retrieved from /home/airflow/.local/lib/python3.12/site-packages/airflow/example_dags/example_xcomargs.py
[2025-03-24T08:32:34.105+0000] {logging_mixin.py:190} INFO - [2025-03-24T08:32:34.105+0000] {dag.py:3239} INFO - Sync 2 DAGs
[2025-03-24T08:32:34.123+0000] {logging_mixin.py:190} INFO - [2025-03-24T08:32:34.123+0000] {dag.py:4180} INFO - Setting next_dagrun for example_xcom_args to None, run_after=None
[2025-03-24T08:32:34.128+0000] {logging_mixin.py:190} INFO - [2025-03-24T08:32:34.128+0000] {dag.py:4180} INFO - Setting next_dagrun for example_xcom_args_with_operators to None, run_after=None
[2025-03-24T08:32:34.152+0000] {processor.py:208} INFO - Processing /home/airflow/.local/lib/python3.12/site-packages/airflow/example_dags/example_xcomargs.py took 0.120 seconds
[2025-03-24T08:33:05.774+0000] {processor.py:186} INFO - Started process (PID=2943) to work on /home/airflow/.local/lib/python3.12/site-packages/airflow/example_dags/example_xcomargs.py
[2025-03-24T08:33:05.775+0000] {processor.py:914} INFO - Processing file /home/airflow/.local/lib/python3.12/site-packages/airflow/example_dags/example_xcomargs.py for tasks to queue
[2025-03-24T08:33:05.778+0000] {logging_mixin.py:190} INFO - [2025-03-24T08:33:05.777+0000] {dagbag.py:588} INFO - Filling up the DagBag from /home/airflow/.local/lib/python3.12/site-packages/airflow/example_dags/example_xcomargs.py
[2025-03-24T08:33:05.789+0000] {processor.py:925} INFO - DAG(s) 'example_xcom_args_with_operators', 'example_xcom_args' retrieved from /home/airflow/.local/lib/python3.12/site-packages/airflow/example_dags/example_xcomargs.py
[2025-03-24T08:33:05.815+0000] {logging_mixin.py:190} INFO - [2025-03-24T08:33:05.815+0000] {dag.py:3239} INFO - Sync 2 DAGs
[2025-03-24T08:33:05.832+0000] {logging_mixin.py:190} INFO - [2025-03-24T08:33:05.832+0000] {dag.py:4180} INFO - Setting next_dagrun for example_xcom_args to None, run_after=None
[2025-03-24T08:33:05.836+0000] {logging_mixin.py:190} INFO - [2025-03-24T08:33:05.836+0000] {dag.py:4180} INFO - Setting next_dagrun for example_xcom_args_with_operators to None, run_after=None
[2025-03-24T08:33:05.856+0000] {processor.py:208} INFO - Processing /home/airflow/.local/lib/python3.12/site-packages/airflow/example_dags/example_xcomargs.py took 0.089 seconds
