[2025-03-24T08:10:03.502+0000] {processor.py:186} INFO - Started process (PID=65) to work on /home/airflow/.local/lib/python3.12/site-packages/airflow/example_dags/example_sla_dag.py
[2025-03-24T08:10:03.503+0000] {processor.py:914} INFO - Processing file /home/airflow/.local/lib/python3.12/site-packages/airflow/example_dags/example_sla_dag.py for tasks to queue
[2025-03-24T08:10:03.506+0000] {logging_mixin.py:190} INFO - [2025-03-24T08:10:03.505+0000] {dagbag.py:588} INFO - Filling up the DagBag from /home/airflow/.local/lib/python3.12/site-packages/airflow/example_dags/example_sla_dag.py
[2025-03-24T08:10:03.519+0000] {processor.py:925} INFO - DAG(s) 'example_sla_dag' retrieved from /home/airflow/.local/lib/python3.12/site-packages/airflow/example_dags/example_sla_dag.py
[2025-03-24T08:10:03.758+0000] {logging_mixin.py:190} INFO - [2025-03-24T08:10:03.757+0000] {override.py:1912} INFO - Created Permission View: can read on DAG:example_sla_dag
[2025-03-24T08:10:03.772+0000] {logging_mixin.py:190} INFO - [2025-03-24T08:10:03.771+0000] {override.py:1912} INFO - Created Permission View: can delete on DAG:example_sla_dag
[2025-03-24T08:10:03.781+0000] {logging_mixin.py:190} INFO - [2025-03-24T08:10:03.781+0000] {override.py:1912} INFO - Created Permission View: can edit on DAG:example_sla_dag
[2025-03-24T08:10:03.793+0000] {logging_mixin.py:190} INFO - [2025-03-24T08:10:03.793+0000] {override.py:1912} INFO - Created Permission View: can create on DAG Run:example_sla_dag
[2025-03-24T08:10:03.802+0000] {logging_mixin.py:190} INFO - [2025-03-24T08:10:03.801+0000] {override.py:1912} INFO - Created Permission View: menu access on DAG Run:example_sla_dag
[2025-03-24T08:10:03.810+0000] {logging_mixin.py:190} INFO - [2025-03-24T08:10:03.809+0000] {override.py:1912} INFO - Created Permission View: can read on DAG Run:example_sla_dag
[2025-03-24T08:10:03.818+0000] {logging_mixin.py:190} INFO - [2025-03-24T08:10:03.817+0000] {override.py:1912} INFO - Created Permission View: can delete on DAG Run:example_sla_dag
[2025-03-24T08:10:03.819+0000] {logging_mixin.py:190} INFO - [2025-03-24T08:10:03.818+0000] {dag.py:3239} INFO - Sync 1 DAGs
[2025-03-24T08:10:03.833+0000] {logging_mixin.py:190} INFO - [2025-03-24T08:10:03.833+0000] {dag.py:3262} INFO - Creating ORM DAG for example_sla_dag
[2025-03-24T08:10:03.848+0000] {logging_mixin.py:190} INFO - [2025-03-24T08:10:03.848+0000] {dag.py:4180} INFO - Setting next_dagrun for example_sla_dag to 2025-03-24 08:08:00+00:00, run_after=2025-03-24 08:10:00+00:00
[2025-03-24T08:10:03.867+0000] {processor.py:208} INFO - Processing /home/airflow/.local/lib/python3.12/site-packages/airflow/example_dags/example_sla_dag.py took 0.371 seconds
[2025-03-24T08:10:33.918+0000] {processor.py:186} INFO - Started process (PID=129) to work on /home/airflow/.local/lib/python3.12/site-packages/airflow/example_dags/example_sla_dag.py
[2025-03-24T08:10:33.919+0000] {processor.py:914} INFO - Processing file /home/airflow/.local/lib/python3.12/site-packages/airflow/example_dags/example_sla_dag.py for tasks to queue
[2025-03-24T08:10:33.921+0000] {logging_mixin.py:190} INFO - [2025-03-24T08:10:33.921+0000] {dagbag.py:588} INFO - Filling up the DagBag from /home/airflow/.local/lib/python3.12/site-packages/airflow/example_dags/example_sla_dag.py
[2025-03-24T08:10:33.932+0000] {processor.py:925} INFO - DAG(s) 'example_sla_dag' retrieved from /home/airflow/.local/lib/python3.12/site-packages/airflow/example_dags/example_sla_dag.py
[2025-03-24T08:10:33.951+0000] {logging_mixin.py:190} INFO - [2025-03-24T08:10:33.951+0000] {dag.py:3239} INFO - Sync 1 DAGs
[2025-03-24T08:10:33.978+0000] {logging_mixin.py:190} INFO - [2025-03-24T08:10:33.978+0000] {dag.py:4180} INFO - Setting next_dagrun for example_sla_dag to 2025-03-24 08:08:00+00:00, run_after=2025-03-24 08:10:00+00:00
[2025-03-24T08:10:34.001+0000] {processor.py:208} INFO - Processing /home/airflow/.local/lib/python3.12/site-packages/airflow/example_dags/example_sla_dag.py took 0.090 seconds
[2025-03-24T08:11:04.115+0000] {processor.py:186} INFO - Started process (PID=193) to work on /home/airflow/.local/lib/python3.12/site-packages/airflow/example_dags/example_sla_dag.py
[2025-03-24T08:11:04.117+0000] {processor.py:914} INFO - Processing file /home/airflow/.local/lib/python3.12/site-packages/airflow/example_dags/example_sla_dag.py for tasks to queue
[2025-03-24T08:11:04.120+0000] {logging_mixin.py:190} INFO - [2025-03-24T08:11:04.120+0000] {dagbag.py:588} INFO - Filling up the DagBag from /home/airflow/.local/lib/python3.12/site-packages/airflow/example_dags/example_sla_dag.py
[2025-03-24T08:11:04.132+0000] {processor.py:925} INFO - DAG(s) 'example_sla_dag' retrieved from /home/airflow/.local/lib/python3.12/site-packages/airflow/example_dags/example_sla_dag.py
[2025-03-24T08:11:04.153+0000] {logging_mixin.py:190} INFO - [2025-03-24T08:11:04.153+0000] {dag.py:3239} INFO - Sync 1 DAGs
[2025-03-24T08:11:04.181+0000] {logging_mixin.py:190} INFO - [2025-03-24T08:11:04.181+0000] {dag.py:4180} INFO - Setting next_dagrun for example_sla_dag to 2025-03-24 08:08:00+00:00, run_after=2025-03-24 08:10:00+00:00
[2025-03-24T08:11:04.201+0000] {processor.py:208} INFO - Processing /home/airflow/.local/lib/python3.12/site-packages/airflow/example_dags/example_sla_dag.py took 0.092 seconds
[2025-03-24T08:11:34.928+0000] {processor.py:186} INFO - Started process (PID=257) to work on /home/airflow/.local/lib/python3.12/site-packages/airflow/example_dags/example_sla_dag.py
[2025-03-24T08:11:34.929+0000] {processor.py:914} INFO - Processing file /home/airflow/.local/lib/python3.12/site-packages/airflow/example_dags/example_sla_dag.py for tasks to queue
[2025-03-24T08:11:34.933+0000] {logging_mixin.py:190} INFO - [2025-03-24T08:11:34.932+0000] {dagbag.py:588} INFO - Filling up the DagBag from /home/airflow/.local/lib/python3.12/site-packages/airflow/example_dags/example_sla_dag.py
[2025-03-24T08:11:34.945+0000] {processor.py:925} INFO - DAG(s) 'example_sla_dag' retrieved from /home/airflow/.local/lib/python3.12/site-packages/airflow/example_dags/example_sla_dag.py
[2025-03-24T08:11:34.969+0000] {logging_mixin.py:190} INFO - [2025-03-24T08:11:34.969+0000] {dag.py:3239} INFO - Sync 1 DAGs
[2025-03-24T08:11:34.997+0000] {logging_mixin.py:190} INFO - [2025-03-24T08:11:34.997+0000] {dag.py:4180} INFO - Setting next_dagrun for example_sla_dag to 2025-03-24 08:08:00+00:00, run_after=2025-03-24 08:10:00+00:00
[2025-03-24T08:11:35.018+0000] {processor.py:208} INFO - Processing /home/airflow/.local/lib/python3.12/site-packages/airflow/example_dags/example_sla_dag.py took 0.097 seconds
[2025-03-24T08:12:05.540+0000] {processor.py:186} INFO - Started process (PID=321) to work on /home/airflow/.local/lib/python3.12/site-packages/airflow/example_dags/example_sla_dag.py
[2025-03-24T08:12:05.541+0000] {processor.py:914} INFO - Processing file /home/airflow/.local/lib/python3.12/site-packages/airflow/example_dags/example_sla_dag.py for tasks to queue
[2025-03-24T08:12:05.544+0000] {logging_mixin.py:190} INFO - [2025-03-24T08:12:05.544+0000] {dagbag.py:588} INFO - Filling up the DagBag from /home/airflow/.local/lib/python3.12/site-packages/airflow/example_dags/example_sla_dag.py
[2025-03-24T08:12:05.555+0000] {processor.py:925} INFO - DAG(s) 'example_sla_dag' retrieved from /home/airflow/.local/lib/python3.12/site-packages/airflow/example_dags/example_sla_dag.py
[2025-03-24T08:12:05.576+0000] {logging_mixin.py:190} INFO - [2025-03-24T08:12:05.576+0000] {dag.py:3239} INFO - Sync 1 DAGs
[2025-03-24T08:12:05.605+0000] {logging_mixin.py:190} INFO - [2025-03-24T08:12:05.604+0000] {dag.py:4180} INFO - Setting next_dagrun for example_sla_dag to 2025-03-24 08:10:00+00:00, run_after=2025-03-24 08:12:00+00:00
[2025-03-24T08:12:05.625+0000] {processor.py:208} INFO - Processing /home/airflow/.local/lib/python3.12/site-packages/airflow/example_dags/example_sla_dag.py took 0.091 seconds
[2025-03-24T08:12:36.473+0000] {processor.py:186} INFO - Started process (PID=385) to work on /home/airflow/.local/lib/python3.12/site-packages/airflow/example_dags/example_sla_dag.py
[2025-03-24T08:12:36.474+0000] {processor.py:914} INFO - Processing file /home/airflow/.local/lib/python3.12/site-packages/airflow/example_dags/example_sla_dag.py for tasks to queue
[2025-03-24T08:12:36.478+0000] {logging_mixin.py:190} INFO - [2025-03-24T08:12:36.477+0000] {dagbag.py:588} INFO - Filling up the DagBag from /home/airflow/.local/lib/python3.12/site-packages/airflow/example_dags/example_sla_dag.py
[2025-03-24T08:12:36.490+0000] {processor.py:925} INFO - DAG(s) 'example_sla_dag' retrieved from /home/airflow/.local/lib/python3.12/site-packages/airflow/example_dags/example_sla_dag.py
[2025-03-24T08:12:36.512+0000] {logging_mixin.py:190} INFO - [2025-03-24T08:12:36.511+0000] {dag.py:3239} INFO - Sync 1 DAGs
[2025-03-24T08:12:36.540+0000] {logging_mixin.py:190} INFO - [2025-03-24T08:12:36.540+0000] {dag.py:4180} INFO - Setting next_dagrun for example_sla_dag to 2025-03-24 08:10:00+00:00, run_after=2025-03-24 08:12:00+00:00
[2025-03-24T08:12:36.561+0000] {processor.py:208} INFO - Processing /home/airflow/.local/lib/python3.12/site-packages/airflow/example_dags/example_sla_dag.py took 0.095 seconds
[2025-03-24T08:13:06.797+0000] {processor.py:186} INFO - Started process (PID=449) to work on /home/airflow/.local/lib/python3.12/site-packages/airflow/example_dags/example_sla_dag.py
[2025-03-24T08:13:06.798+0000] {processor.py:914} INFO - Processing file /home/airflow/.local/lib/python3.12/site-packages/airflow/example_dags/example_sla_dag.py for tasks to queue
[2025-03-24T08:13:06.800+0000] {logging_mixin.py:190} INFO - [2025-03-24T08:13:06.800+0000] {dagbag.py:588} INFO - Filling up the DagBag from /home/airflow/.local/lib/python3.12/site-packages/airflow/example_dags/example_sla_dag.py
[2025-03-24T08:13:06.811+0000] {processor.py:925} INFO - DAG(s) 'example_sla_dag' retrieved from /home/airflow/.local/lib/python3.12/site-packages/airflow/example_dags/example_sla_dag.py
[2025-03-24T08:13:06.833+0000] {logging_mixin.py:190} INFO - [2025-03-24T08:13:06.832+0000] {dag.py:3239} INFO - Sync 1 DAGs
[2025-03-24T08:13:06.860+0000] {logging_mixin.py:190} INFO - [2025-03-24T08:13:06.860+0000] {dag.py:4180} INFO - Setting next_dagrun for example_sla_dag to 2025-03-24 08:10:00+00:00, run_after=2025-03-24 08:12:00+00:00
[2025-03-24T08:13:06.880+0000] {processor.py:208} INFO - Processing /home/airflow/.local/lib/python3.12/site-packages/airflow/example_dags/example_sla_dag.py took 0.091 seconds
[2025-03-24T08:13:37.784+0000] {processor.py:186} INFO - Started process (PID=513) to work on /home/airflow/.local/lib/python3.12/site-packages/airflow/example_dags/example_sla_dag.py
[2025-03-24T08:13:37.785+0000] {processor.py:914} INFO - Processing file /home/airflow/.local/lib/python3.12/site-packages/airflow/example_dags/example_sla_dag.py for tasks to queue
[2025-03-24T08:13:37.788+0000] {logging_mixin.py:190} INFO - [2025-03-24T08:13:37.788+0000] {dagbag.py:588} INFO - Filling up the DagBag from /home/airflow/.local/lib/python3.12/site-packages/airflow/example_dags/example_sla_dag.py
[2025-03-24T08:13:37.800+0000] {processor.py:925} INFO - DAG(s) 'example_sla_dag' retrieved from /home/airflow/.local/lib/python3.12/site-packages/airflow/example_dags/example_sla_dag.py
[2025-03-24T08:13:37.821+0000] {logging_mixin.py:190} INFO - [2025-03-24T08:13:37.821+0000] {dag.py:3239} INFO - Sync 1 DAGs
[2025-03-24T08:13:37.849+0000] {logging_mixin.py:190} INFO - [2025-03-24T08:13:37.849+0000] {dag.py:4180} INFO - Setting next_dagrun for example_sla_dag to 2025-03-24 08:10:00+00:00, run_after=2025-03-24 08:12:00+00:00
[2025-03-24T08:13:37.871+0000] {processor.py:208} INFO - Processing /home/airflow/.local/lib/python3.12/site-packages/airflow/example_dags/example_sla_dag.py took 0.094 seconds
[2025-03-24T08:14:08.787+0000] {processor.py:186} INFO - Started process (PID=577) to work on /home/airflow/.local/lib/python3.12/site-packages/airflow/example_dags/example_sla_dag.py
[2025-03-24T08:14:08.788+0000] {processor.py:914} INFO - Processing file /home/airflow/.local/lib/python3.12/site-packages/airflow/example_dags/example_sla_dag.py for tasks to queue
[2025-03-24T08:14:08.792+0000] {logging_mixin.py:190} INFO - [2025-03-24T08:14:08.792+0000] {dagbag.py:588} INFO - Filling up the DagBag from /home/airflow/.local/lib/python3.12/site-packages/airflow/example_dags/example_sla_dag.py
[2025-03-24T08:14:08.809+0000] {processor.py:925} INFO - DAG(s) 'example_sla_dag' retrieved from /home/airflow/.local/lib/python3.12/site-packages/airflow/example_dags/example_sla_dag.py
[2025-03-24T08:14:08.830+0000] {logging_mixin.py:190} INFO - [2025-03-24T08:14:08.830+0000] {dag.py:3239} INFO - Sync 1 DAGs
[2025-03-24T08:14:08.859+0000] {logging_mixin.py:190} INFO - [2025-03-24T08:14:08.859+0000] {dag.py:4180} INFO - Setting next_dagrun for example_sla_dag to 2025-03-24 08:12:00+00:00, run_after=2025-03-24 08:14:00+00:00
[2025-03-24T08:14:08.881+0000] {processor.py:208} INFO - Processing /home/airflow/.local/lib/python3.12/site-packages/airflow/example_dags/example_sla_dag.py took 0.102 seconds
[2025-03-24T08:14:39.888+0000] {processor.py:186} INFO - Started process (PID=641) to work on /home/airflow/.local/lib/python3.12/site-packages/airflow/example_dags/example_sla_dag.py
[2025-03-24T08:14:39.889+0000] {processor.py:914} INFO - Processing file /home/airflow/.local/lib/python3.12/site-packages/airflow/example_dags/example_sla_dag.py for tasks to queue
[2025-03-24T08:14:39.892+0000] {logging_mixin.py:190} INFO - [2025-03-24T08:14:39.891+0000] {dagbag.py:588} INFO - Filling up the DagBag from /home/airflow/.local/lib/python3.12/site-packages/airflow/example_dags/example_sla_dag.py
[2025-03-24T08:14:39.903+0000] {processor.py:925} INFO - DAG(s) 'example_sla_dag' retrieved from /home/airflow/.local/lib/python3.12/site-packages/airflow/example_dags/example_sla_dag.py
[2025-03-24T08:14:39.924+0000] {logging_mixin.py:190} INFO - [2025-03-24T08:14:39.923+0000] {dag.py:3239} INFO - Sync 1 DAGs
[2025-03-24T08:14:39.952+0000] {logging_mixin.py:190} INFO - [2025-03-24T08:14:39.952+0000] {dag.py:4180} INFO - Setting next_dagrun for example_sla_dag to 2025-03-24 08:12:00+00:00, run_after=2025-03-24 08:14:00+00:00
[2025-03-24T08:14:39.972+0000] {processor.py:208} INFO - Processing /home/airflow/.local/lib/python3.12/site-packages/airflow/example_dags/example_sla_dag.py took 0.090 seconds
[2025-03-24T08:15:10.921+0000] {processor.py:186} INFO - Started process (PID=705) to work on /home/airflow/.local/lib/python3.12/site-packages/airflow/example_dags/example_sla_dag.py
[2025-03-24T08:15:10.922+0000] {processor.py:914} INFO - Processing file /home/airflow/.local/lib/python3.12/site-packages/airflow/example_dags/example_sla_dag.py for tasks to queue
[2025-03-24T08:15:10.925+0000] {logging_mixin.py:190} INFO - [2025-03-24T08:15:10.925+0000] {dagbag.py:588} INFO - Filling up the DagBag from /home/airflow/.local/lib/python3.12/site-packages/airflow/example_dags/example_sla_dag.py
[2025-03-24T08:15:10.937+0000] {processor.py:925} INFO - DAG(s) 'example_sla_dag' retrieved from /home/airflow/.local/lib/python3.12/site-packages/airflow/example_dags/example_sla_dag.py
[2025-03-24T08:15:10.958+0000] {logging_mixin.py:190} INFO - [2025-03-24T08:15:10.958+0000] {dag.py:3239} INFO - Sync 1 DAGs
[2025-03-24T08:15:10.986+0000] {logging_mixin.py:190} INFO - [2025-03-24T08:15:10.986+0000] {dag.py:4180} INFO - Setting next_dagrun for example_sla_dag to 2025-03-24 08:12:00+00:00, run_after=2025-03-24 08:14:00+00:00
[2025-03-24T08:15:11.007+0000] {processor.py:208} INFO - Processing /home/airflow/.local/lib/python3.12/site-packages/airflow/example_dags/example_sla_dag.py took 0.093 seconds
[2025-03-24T08:15:41.217+0000] {processor.py:186} INFO - Started process (PID=769) to work on /home/airflow/.local/lib/python3.12/site-packages/airflow/example_dags/example_sla_dag.py
[2025-03-24T08:15:41.218+0000] {processor.py:914} INFO - Processing file /home/airflow/.local/lib/python3.12/site-packages/airflow/example_dags/example_sla_dag.py for tasks to queue
[2025-03-24T08:15:41.221+0000] {logging_mixin.py:190} INFO - [2025-03-24T08:15:41.221+0000] {dagbag.py:588} INFO - Filling up the DagBag from /home/airflow/.local/lib/python3.12/site-packages/airflow/example_dags/example_sla_dag.py
[2025-03-24T08:15:41.233+0000] {processor.py:925} INFO - DAG(s) 'example_sla_dag' retrieved from /home/airflow/.local/lib/python3.12/site-packages/airflow/example_dags/example_sla_dag.py
[2025-03-24T08:15:41.255+0000] {logging_mixin.py:190} INFO - [2025-03-24T08:15:41.255+0000] {dag.py:3239} INFO - Sync 1 DAGs
[2025-03-24T08:15:41.282+0000] {logging_mixin.py:190} INFO - [2025-03-24T08:15:41.282+0000] {dag.py:4180} INFO - Setting next_dagrun for example_sla_dag to 2025-03-24 08:12:00+00:00, run_after=2025-03-24 08:14:00+00:00
[2025-03-24T08:15:41.305+0000] {processor.py:208} INFO - Processing /home/airflow/.local/lib/python3.12/site-packages/airflow/example_dags/example_sla_dag.py took 0.093 seconds
[2025-03-24T08:16:11.952+0000] {processor.py:186} INFO - Started process (PID=833) to work on /home/airflow/.local/lib/python3.12/site-packages/airflow/example_dags/example_sla_dag.py
[2025-03-24T08:16:11.953+0000] {processor.py:914} INFO - Processing file /home/airflow/.local/lib/python3.12/site-packages/airflow/example_dags/example_sla_dag.py for tasks to queue
[2025-03-24T08:16:11.956+0000] {logging_mixin.py:190} INFO - [2025-03-24T08:16:11.956+0000] {dagbag.py:588} INFO - Filling up the DagBag from /home/airflow/.local/lib/python3.12/site-packages/airflow/example_dags/example_sla_dag.py
[2025-03-24T08:16:11.969+0000] {processor.py:925} INFO - DAG(s) 'example_sla_dag' retrieved from /home/airflow/.local/lib/python3.12/site-packages/airflow/example_dags/example_sla_dag.py
[2025-03-24T08:16:11.991+0000] {logging_mixin.py:190} INFO - [2025-03-24T08:16:11.990+0000] {dag.py:3239} INFO - Sync 1 DAGs
[2025-03-24T08:16:12.020+0000] {logging_mixin.py:190} INFO - [2025-03-24T08:16:12.019+0000] {dag.py:4180} INFO - Setting next_dagrun for example_sla_dag to 2025-03-24 08:14:00+00:00, run_after=2025-03-24 08:16:00+00:00
[2025-03-24T08:16:12.044+0000] {processor.py:208} INFO - Processing /home/airflow/.local/lib/python3.12/site-packages/airflow/example_dags/example_sla_dag.py took 0.099 seconds
[2025-03-24T08:16:42.119+0000] {processor.py:186} INFO - Started process (PID=897) to work on /home/airflow/.local/lib/python3.12/site-packages/airflow/example_dags/example_sla_dag.py
[2025-03-24T08:16:42.120+0000] {processor.py:914} INFO - Processing file /home/airflow/.local/lib/python3.12/site-packages/airflow/example_dags/example_sla_dag.py for tasks to queue
[2025-03-24T08:16:42.123+0000] {logging_mixin.py:190} INFO - [2025-03-24T08:16:42.122+0000] {dagbag.py:588} INFO - Filling up the DagBag from /home/airflow/.local/lib/python3.12/site-packages/airflow/example_dags/example_sla_dag.py
[2025-03-24T08:16:42.138+0000] {processor.py:925} INFO - DAG(s) 'example_sla_dag' retrieved from /home/airflow/.local/lib/python3.12/site-packages/airflow/example_dags/example_sla_dag.py
[2025-03-24T08:16:42.159+0000] {logging_mixin.py:190} INFO - [2025-03-24T08:16:42.158+0000] {dag.py:3239} INFO - Sync 1 DAGs
[2025-03-24T08:16:42.188+0000] {logging_mixin.py:190} INFO - [2025-03-24T08:16:42.188+0000] {dag.py:4180} INFO - Setting next_dagrun for example_sla_dag to 2025-03-24 08:14:00+00:00, run_after=2025-03-24 08:16:00+00:00
[2025-03-24T08:16:42.208+0000] {processor.py:208} INFO - Processing /home/airflow/.local/lib/python3.12/site-packages/airflow/example_dags/example_sla_dag.py took 0.096 seconds
[2025-03-24T08:17:12.360+0000] {processor.py:186} INFO - Started process (PID=961) to work on /home/airflow/.local/lib/python3.12/site-packages/airflow/example_dags/example_sla_dag.py
[2025-03-24T08:17:12.361+0000] {processor.py:914} INFO - Processing file /home/airflow/.local/lib/python3.12/site-packages/airflow/example_dags/example_sla_dag.py for tasks to queue
[2025-03-24T08:17:12.364+0000] {logging_mixin.py:190} INFO - [2025-03-24T08:17:12.364+0000] {dagbag.py:588} INFO - Filling up the DagBag from /home/airflow/.local/lib/python3.12/site-packages/airflow/example_dags/example_sla_dag.py
[2025-03-24T08:17:12.377+0000] {processor.py:925} INFO - DAG(s) 'example_sla_dag' retrieved from /home/airflow/.local/lib/python3.12/site-packages/airflow/example_dags/example_sla_dag.py
[2025-03-24T08:17:12.402+0000] {logging_mixin.py:190} INFO - [2025-03-24T08:17:12.401+0000] {dag.py:3239} INFO - Sync 1 DAGs
[2025-03-24T08:17:12.429+0000] {logging_mixin.py:190} INFO - [2025-03-24T08:17:12.428+0000] {dag.py:4180} INFO - Setting next_dagrun for example_sla_dag to 2025-03-24 08:14:00+00:00, run_after=2025-03-24 08:16:00+00:00
[2025-03-24T08:17:12.449+0000] {processor.py:208} INFO - Processing /home/airflow/.local/lib/python3.12/site-packages/airflow/example_dags/example_sla_dag.py took 0.095 seconds
[2025-03-24T08:17:43.463+0000] {processor.py:186} INFO - Started process (PID=1025) to work on /home/airflow/.local/lib/python3.12/site-packages/airflow/example_dags/example_sla_dag.py
[2025-03-24T08:17:43.465+0000] {processor.py:914} INFO - Processing file /home/airflow/.local/lib/python3.12/site-packages/airflow/example_dags/example_sla_dag.py for tasks to queue
[2025-03-24T08:17:43.467+0000] {logging_mixin.py:190} INFO - [2025-03-24T08:17:43.467+0000] {dagbag.py:588} INFO - Filling up the DagBag from /home/airflow/.local/lib/python3.12/site-packages/airflow/example_dags/example_sla_dag.py
[2025-03-24T08:17:43.480+0000] {processor.py:925} INFO - DAG(s) 'example_sla_dag' retrieved from /home/airflow/.local/lib/python3.12/site-packages/airflow/example_dags/example_sla_dag.py
[2025-03-24T08:17:43.503+0000] {logging_mixin.py:190} INFO - [2025-03-24T08:17:43.502+0000] {dag.py:3239} INFO - Sync 1 DAGs
[2025-03-24T08:17:43.531+0000] {logging_mixin.py:190} INFO - [2025-03-24T08:17:43.531+0000] {dag.py:4180} INFO - Setting next_dagrun for example_sla_dag to 2025-03-24 08:14:00+00:00, run_after=2025-03-24 08:16:00+00:00
[2025-03-24T08:17:43.552+0000] {processor.py:208} INFO - Processing /home/airflow/.local/lib/python3.12/site-packages/airflow/example_dags/example_sla_dag.py took 0.095 seconds
[2025-03-24T08:18:14.547+0000] {processor.py:186} INFO - Started process (PID=1089) to work on /home/airflow/.local/lib/python3.12/site-packages/airflow/example_dags/example_sla_dag.py
[2025-03-24T08:18:14.548+0000] {processor.py:914} INFO - Processing file /home/airflow/.local/lib/python3.12/site-packages/airflow/example_dags/example_sla_dag.py for tasks to queue
[2025-03-24T08:18:14.550+0000] {logging_mixin.py:190} INFO - [2025-03-24T08:18:14.550+0000] {dagbag.py:588} INFO - Filling up the DagBag from /home/airflow/.local/lib/python3.12/site-packages/airflow/example_dags/example_sla_dag.py
[2025-03-24T08:18:14.562+0000] {processor.py:925} INFO - DAG(s) 'example_sla_dag' retrieved from /home/airflow/.local/lib/python3.12/site-packages/airflow/example_dags/example_sla_dag.py
[2025-03-24T08:18:14.582+0000] {logging_mixin.py:190} INFO - [2025-03-24T08:18:14.582+0000] {dag.py:3239} INFO - Sync 1 DAGs
[2025-03-24T08:18:14.610+0000] {logging_mixin.py:190} INFO - [2025-03-24T08:18:14.610+0000] {dag.py:4180} INFO - Setting next_dagrun for example_sla_dag to 2025-03-24 08:16:00+00:00, run_after=2025-03-24 08:18:00+00:00
[2025-03-24T08:18:14.631+0000] {processor.py:208} INFO - Processing /home/airflow/.local/lib/python3.12/site-packages/airflow/example_dags/example_sla_dag.py took 0.092 seconds
[2025-03-24T08:18:45.527+0000] {processor.py:186} INFO - Started process (PID=1153) to work on /home/airflow/.local/lib/python3.12/site-packages/airflow/example_dags/example_sla_dag.py
[2025-03-24T08:18:45.528+0000] {processor.py:914} INFO - Processing file /home/airflow/.local/lib/python3.12/site-packages/airflow/example_dags/example_sla_dag.py for tasks to queue
[2025-03-24T08:18:45.531+0000] {logging_mixin.py:190} INFO - [2025-03-24T08:18:45.530+0000] {dagbag.py:588} INFO - Filling up the DagBag from /home/airflow/.local/lib/python3.12/site-packages/airflow/example_dags/example_sla_dag.py
[2025-03-24T08:18:45.542+0000] {processor.py:925} INFO - DAG(s) 'example_sla_dag' retrieved from /home/airflow/.local/lib/python3.12/site-packages/airflow/example_dags/example_sla_dag.py
[2025-03-24T08:18:45.563+0000] {logging_mixin.py:190} INFO - [2025-03-24T08:18:45.563+0000] {dag.py:3239} INFO - Sync 1 DAGs
[2025-03-24T08:18:45.591+0000] {logging_mixin.py:190} INFO - [2025-03-24T08:18:45.590+0000] {dag.py:4180} INFO - Setting next_dagrun for example_sla_dag to 2025-03-24 08:16:00+00:00, run_after=2025-03-24 08:18:00+00:00
[2025-03-24T08:18:45.616+0000] {processor.py:208} INFO - Processing /home/airflow/.local/lib/python3.12/site-packages/airflow/example_dags/example_sla_dag.py took 0.096 seconds
[2025-03-24T08:19:16.036+0000] {processor.py:186} INFO - Started process (PID=1217) to work on /home/airflow/.local/lib/python3.12/site-packages/airflow/example_dags/example_sla_dag.py
[2025-03-24T08:19:16.037+0000] {processor.py:914} INFO - Processing file /home/airflow/.local/lib/python3.12/site-packages/airflow/example_dags/example_sla_dag.py for tasks to queue
[2025-03-24T08:19:16.041+0000] {logging_mixin.py:190} INFO - [2025-03-24T08:19:16.041+0000] {dagbag.py:588} INFO - Filling up the DagBag from /home/airflow/.local/lib/python3.12/site-packages/airflow/example_dags/example_sla_dag.py
[2025-03-24T08:19:16.053+0000] {processor.py:925} INFO - DAG(s) 'example_sla_dag' retrieved from /home/airflow/.local/lib/python3.12/site-packages/airflow/example_dags/example_sla_dag.py
[2025-03-24T08:19:16.074+0000] {logging_mixin.py:190} INFO - [2025-03-24T08:19:16.073+0000] {dag.py:3239} INFO - Sync 1 DAGs
[2025-03-24T08:19:16.102+0000] {logging_mixin.py:190} INFO - [2025-03-24T08:19:16.101+0000] {dag.py:4180} INFO - Setting next_dagrun for example_sla_dag to 2025-03-24 08:16:00+00:00, run_after=2025-03-24 08:18:00+00:00
[2025-03-24T08:19:16.121+0000] {processor.py:208} INFO - Processing /home/airflow/.local/lib/python3.12/site-packages/airflow/example_dags/example_sla_dag.py took 0.091 seconds
[2025-03-24T08:19:46.238+0000] {processor.py:186} INFO - Started process (PID=1281) to work on /home/airflow/.local/lib/python3.12/site-packages/airflow/example_dags/example_sla_dag.py
[2025-03-24T08:19:46.239+0000] {processor.py:914} INFO - Processing file /home/airflow/.local/lib/python3.12/site-packages/airflow/example_dags/example_sla_dag.py for tasks to queue
[2025-03-24T08:19:46.241+0000] {logging_mixin.py:190} INFO - [2025-03-24T08:19:46.241+0000] {dagbag.py:588} INFO - Filling up the DagBag from /home/airflow/.local/lib/python3.12/site-packages/airflow/example_dags/example_sla_dag.py
[2025-03-24T08:19:46.255+0000] {processor.py:925} INFO - DAG(s) 'example_sla_dag' retrieved from /home/airflow/.local/lib/python3.12/site-packages/airflow/example_dags/example_sla_dag.py
[2025-03-24T08:19:46.288+0000] {logging_mixin.py:190} INFO - [2025-03-24T08:19:46.285+0000] {dag.py:3239} INFO - Sync 1 DAGs
[2025-03-24T08:19:46.325+0000] {logging_mixin.py:190} INFO - [2025-03-24T08:19:46.325+0000] {dag.py:4180} INFO - Setting next_dagrun for example_sla_dag to 2025-03-24 08:16:00+00:00, run_after=2025-03-24 08:18:00+00:00
[2025-03-24T08:19:46.375+0000] {processor.py:208} INFO - Processing /home/airflow/.local/lib/python3.12/site-packages/airflow/example_dags/example_sla_dag.py took 0.145 seconds
[2025-03-24T08:20:17.306+0000] {processor.py:186} INFO - Started process (PID=1345) to work on /home/airflow/.local/lib/python3.12/site-packages/airflow/example_dags/example_sla_dag.py
[2025-03-24T08:20:17.307+0000] {processor.py:914} INFO - Processing file /home/airflow/.local/lib/python3.12/site-packages/airflow/example_dags/example_sla_dag.py for tasks to queue
[2025-03-24T08:20:17.310+0000] {logging_mixin.py:190} INFO - [2025-03-24T08:20:17.309+0000] {dagbag.py:588} INFO - Filling up the DagBag from /home/airflow/.local/lib/python3.12/site-packages/airflow/example_dags/example_sla_dag.py
[2025-03-24T08:20:17.322+0000] {processor.py:925} INFO - DAG(s) 'example_sla_dag' retrieved from /home/airflow/.local/lib/python3.12/site-packages/airflow/example_dags/example_sla_dag.py
[2025-03-24T08:20:17.345+0000] {logging_mixin.py:190} INFO - [2025-03-24T08:20:17.344+0000] {dag.py:3239} INFO - Sync 1 DAGs
[2025-03-24T08:20:17.378+0000] {logging_mixin.py:190} INFO - [2025-03-24T08:20:17.377+0000] {dag.py:4180} INFO - Setting next_dagrun for example_sla_dag to 2025-03-24 08:18:00+00:00, run_after=2025-03-24 08:20:00+00:00
[2025-03-24T08:20:17.402+0000] {processor.py:208} INFO - Processing /home/airflow/.local/lib/python3.12/site-packages/airflow/example_dags/example_sla_dag.py took 0.104 seconds
[2025-03-24T08:20:48.265+0000] {processor.py:186} INFO - Started process (PID=1409) to work on /home/airflow/.local/lib/python3.12/site-packages/airflow/example_dags/example_sla_dag.py
[2025-03-24T08:20:48.266+0000] {processor.py:914} INFO - Processing file /home/airflow/.local/lib/python3.12/site-packages/airflow/example_dags/example_sla_dag.py for tasks to queue
[2025-03-24T08:20:48.269+0000] {logging_mixin.py:190} INFO - [2025-03-24T08:20:48.269+0000] {dagbag.py:588} INFO - Filling up the DagBag from /home/airflow/.local/lib/python3.12/site-packages/airflow/example_dags/example_sla_dag.py
[2025-03-24T08:20:48.282+0000] {processor.py:925} INFO - DAG(s) 'example_sla_dag' retrieved from /home/airflow/.local/lib/python3.12/site-packages/airflow/example_dags/example_sla_dag.py
[2025-03-24T08:20:48.303+0000] {logging_mixin.py:190} INFO - [2025-03-24T08:20:48.302+0000] {dag.py:3239} INFO - Sync 1 DAGs
[2025-03-24T08:20:48.332+0000] {logging_mixin.py:190} INFO - [2025-03-24T08:20:48.331+0000] {dag.py:4180} INFO - Setting next_dagrun for example_sla_dag to 2025-03-24 08:18:00+00:00, run_after=2025-03-24 08:20:00+00:00
[2025-03-24T08:20:48.353+0000] {processor.py:208} INFO - Processing /home/airflow/.local/lib/python3.12/site-packages/airflow/example_dags/example_sla_dag.py took 0.095 seconds
[2025-03-24T08:21:18.960+0000] {processor.py:186} INFO - Started process (PID=1473) to work on /home/airflow/.local/lib/python3.12/site-packages/airflow/example_dags/example_sla_dag.py
[2025-03-24T08:21:18.961+0000] {processor.py:914} INFO - Processing file /home/airflow/.local/lib/python3.12/site-packages/airflow/example_dags/example_sla_dag.py for tasks to queue
[2025-03-24T08:21:18.964+0000] {logging_mixin.py:190} INFO - [2025-03-24T08:21:18.964+0000] {dagbag.py:588} INFO - Filling up the DagBag from /home/airflow/.local/lib/python3.12/site-packages/airflow/example_dags/example_sla_dag.py
[2025-03-24T08:21:18.976+0000] {processor.py:925} INFO - DAG(s) 'example_sla_dag' retrieved from /home/airflow/.local/lib/python3.12/site-packages/airflow/example_dags/example_sla_dag.py
[2025-03-24T08:21:19.000+0000] {logging_mixin.py:190} INFO - [2025-03-24T08:21:19.000+0000] {dag.py:3239} INFO - Sync 1 DAGs
[2025-03-24T08:21:19.031+0000] {logging_mixin.py:190} INFO - [2025-03-24T08:21:19.031+0000] {dag.py:4180} INFO - Setting next_dagrun for example_sla_dag to 2025-03-24 08:18:00+00:00, run_after=2025-03-24 08:20:00+00:00
[2025-03-24T08:21:19.061+0000] {processor.py:208} INFO - Processing /home/airflow/.local/lib/python3.12/site-packages/airflow/example_dags/example_sla_dag.py took 0.108 seconds
[2025-03-24T08:21:49.259+0000] {processor.py:186} INFO - Started process (PID=1537) to work on /home/airflow/.local/lib/python3.12/site-packages/airflow/example_dags/example_sla_dag.py
[2025-03-24T08:21:49.260+0000] {processor.py:914} INFO - Processing file /home/airflow/.local/lib/python3.12/site-packages/airflow/example_dags/example_sla_dag.py for tasks to queue
[2025-03-24T08:21:49.263+0000] {logging_mixin.py:190} INFO - [2025-03-24T08:21:49.262+0000] {dagbag.py:588} INFO - Filling up the DagBag from /home/airflow/.local/lib/python3.12/site-packages/airflow/example_dags/example_sla_dag.py
[2025-03-24T08:21:49.274+0000] {processor.py:925} INFO - DAG(s) 'example_sla_dag' retrieved from /home/airflow/.local/lib/python3.12/site-packages/airflow/example_dags/example_sla_dag.py
[2025-03-24T08:21:49.294+0000] {logging_mixin.py:190} INFO - [2025-03-24T08:21:49.294+0000] {dag.py:3239} INFO - Sync 1 DAGs
[2025-03-24T08:21:49.322+0000] {logging_mixin.py:190} INFO - [2025-03-24T08:21:49.322+0000] {dag.py:4180} INFO - Setting next_dagrun for example_sla_dag to 2025-03-24 08:18:00+00:00, run_after=2025-03-24 08:20:00+00:00
[2025-03-24T08:21:49.342+0000] {processor.py:208} INFO - Processing /home/airflow/.local/lib/python3.12/site-packages/airflow/example_dags/example_sla_dag.py took 0.090 seconds
[2025-03-24T08:22:19.981+0000] {processor.py:186} INFO - Started process (PID=1601) to work on /home/airflow/.local/lib/python3.12/site-packages/airflow/example_dags/example_sla_dag.py
[2025-03-24T08:22:19.982+0000] {processor.py:914} INFO - Processing file /home/airflow/.local/lib/python3.12/site-packages/airflow/example_dags/example_sla_dag.py for tasks to queue
[2025-03-24T08:22:19.985+0000] {logging_mixin.py:190} INFO - [2025-03-24T08:22:19.984+0000] {dagbag.py:588} INFO - Filling up the DagBag from /home/airflow/.local/lib/python3.12/site-packages/airflow/example_dags/example_sla_dag.py
[2025-03-24T08:22:19.998+0000] {processor.py:925} INFO - DAG(s) 'example_sla_dag' retrieved from /home/airflow/.local/lib/python3.12/site-packages/airflow/example_dags/example_sla_dag.py
[2025-03-24T08:22:20.020+0000] {logging_mixin.py:190} INFO - [2025-03-24T08:22:20.019+0000] {dag.py:3239} INFO - Sync 1 DAGs
[2025-03-24T08:22:20.050+0000] {logging_mixin.py:190} INFO - [2025-03-24T08:22:20.050+0000] {dag.py:4180} INFO - Setting next_dagrun for example_sla_dag to 2025-03-24 08:20:00+00:00, run_after=2025-03-24 08:22:00+00:00
[2025-03-24T08:22:20.073+0000] {processor.py:208} INFO - Processing /home/airflow/.local/lib/python3.12/site-packages/airflow/example_dags/example_sla_dag.py took 0.100 seconds
[2025-03-24T08:22:50.964+0000] {processor.py:186} INFO - Started process (PID=1665) to work on /home/airflow/.local/lib/python3.12/site-packages/airflow/example_dags/example_sla_dag.py
[2025-03-24T08:22:50.966+0000] {processor.py:914} INFO - Processing file /home/airflow/.local/lib/python3.12/site-packages/airflow/example_dags/example_sla_dag.py for tasks to queue
[2025-03-24T08:22:50.971+0000] {logging_mixin.py:190} INFO - [2025-03-24T08:22:50.970+0000] {dagbag.py:588} INFO - Filling up the DagBag from /home/airflow/.local/lib/python3.12/site-packages/airflow/example_dags/example_sla_dag.py
[2025-03-24T08:22:50.985+0000] {processor.py:925} INFO - DAG(s) 'example_sla_dag' retrieved from /home/airflow/.local/lib/python3.12/site-packages/airflow/example_dags/example_sla_dag.py
[2025-03-24T08:22:51.010+0000] {logging_mixin.py:190} INFO - [2025-03-24T08:22:51.010+0000] {dag.py:3239} INFO - Sync 1 DAGs
[2025-03-24T08:22:51.042+0000] {logging_mixin.py:190} INFO - [2025-03-24T08:22:51.042+0000] {dag.py:4180} INFO - Setting next_dagrun for example_sla_dag to 2025-03-24 08:20:00+00:00, run_after=2025-03-24 08:22:00+00:00
[2025-03-24T08:22:51.067+0000] {processor.py:208} INFO - Processing /home/airflow/.local/lib/python3.12/site-packages/airflow/example_dags/example_sla_dag.py took 0.111 seconds
[2025-03-24T08:23:21.258+0000] {processor.py:186} INFO - Started process (PID=1729) to work on /home/airflow/.local/lib/python3.12/site-packages/airflow/example_dags/example_sla_dag.py
[2025-03-24T08:23:21.259+0000] {processor.py:914} INFO - Processing file /home/airflow/.local/lib/python3.12/site-packages/airflow/example_dags/example_sla_dag.py for tasks to queue
[2025-03-24T08:23:21.263+0000] {logging_mixin.py:190} INFO - [2025-03-24T08:23:21.263+0000] {dagbag.py:588} INFO - Filling up the DagBag from /home/airflow/.local/lib/python3.12/site-packages/airflow/example_dags/example_sla_dag.py
[2025-03-24T08:23:21.274+0000] {processor.py:925} INFO - DAG(s) 'example_sla_dag' retrieved from /home/airflow/.local/lib/python3.12/site-packages/airflow/example_dags/example_sla_dag.py
[2025-03-24T08:23:21.299+0000] {logging_mixin.py:190} INFO - [2025-03-24T08:23:21.298+0000] {dag.py:3239} INFO - Sync 1 DAGs
[2025-03-24T08:23:21.329+0000] {logging_mixin.py:190} INFO - [2025-03-24T08:23:21.329+0000] {dag.py:4180} INFO - Setting next_dagrun for example_sla_dag to 2025-03-24 08:20:00+00:00, run_after=2025-03-24 08:22:00+00:00
[2025-03-24T08:23:21.352+0000] {processor.py:208} INFO - Processing /home/airflow/.local/lib/python3.12/site-packages/airflow/example_dags/example_sla_dag.py took 0.100 seconds
[2025-03-24T08:23:51.560+0000] {processor.py:186} INFO - Started process (PID=1793) to work on /home/airflow/.local/lib/python3.12/site-packages/airflow/example_dags/example_sla_dag.py
[2025-03-24T08:23:51.561+0000] {processor.py:914} INFO - Processing file /home/airflow/.local/lib/python3.12/site-packages/airflow/example_dags/example_sla_dag.py for tasks to queue
[2025-03-24T08:23:51.565+0000] {logging_mixin.py:190} INFO - [2025-03-24T08:23:51.564+0000] {dagbag.py:588} INFO - Filling up the DagBag from /home/airflow/.local/lib/python3.12/site-packages/airflow/example_dags/example_sla_dag.py
[2025-03-24T08:23:51.575+0000] {processor.py:925} INFO - DAG(s) 'example_sla_dag' retrieved from /home/airflow/.local/lib/python3.12/site-packages/airflow/example_dags/example_sla_dag.py
[2025-03-24T08:23:51.594+0000] {logging_mixin.py:190} INFO - [2025-03-24T08:23:51.594+0000] {dag.py:3239} INFO - Sync 1 DAGs
[2025-03-24T08:23:51.621+0000] {logging_mixin.py:190} INFO - [2025-03-24T08:23:51.621+0000] {dag.py:4180} INFO - Setting next_dagrun for example_sla_dag to 2025-03-24 08:20:00+00:00, run_after=2025-03-24 08:22:00+00:00
[2025-03-24T08:23:51.643+0000] {processor.py:208} INFO - Processing /home/airflow/.local/lib/python3.12/site-packages/airflow/example_dags/example_sla_dag.py took 0.089 seconds
[2025-03-24T08:24:21.927+0000] {processor.py:186} INFO - Started process (PID=1857) to work on /home/airflow/.local/lib/python3.12/site-packages/airflow/example_dags/example_sla_dag.py
[2025-03-24T08:24:21.929+0000] {processor.py:914} INFO - Processing file /home/airflow/.local/lib/python3.12/site-packages/airflow/example_dags/example_sla_dag.py for tasks to queue
[2025-03-24T08:24:21.932+0000] {logging_mixin.py:190} INFO - [2025-03-24T08:24:21.931+0000] {dagbag.py:588} INFO - Filling up the DagBag from /home/airflow/.local/lib/python3.12/site-packages/airflow/example_dags/example_sla_dag.py
[2025-03-24T08:24:21.944+0000] {processor.py:925} INFO - DAG(s) 'example_sla_dag' retrieved from /home/airflow/.local/lib/python3.12/site-packages/airflow/example_dags/example_sla_dag.py
[2025-03-24T08:24:21.966+0000] {logging_mixin.py:190} INFO - [2025-03-24T08:24:21.966+0000] {dag.py:3239} INFO - Sync 1 DAGs
[2025-03-24T08:24:21.996+0000] {logging_mixin.py:190} INFO - [2025-03-24T08:24:21.995+0000] {dag.py:4180} INFO - Setting next_dagrun for example_sla_dag to 2025-03-24 08:22:00+00:00, run_after=2025-03-24 08:24:00+00:00
[2025-03-24T08:24:22.018+0000] {processor.py:208} INFO - Processing /home/airflow/.local/lib/python3.12/site-packages/airflow/example_dags/example_sla_dag.py took 0.098 seconds
[2025-03-24T08:24:52.196+0000] {processor.py:186} INFO - Started process (PID=1921) to work on /home/airflow/.local/lib/python3.12/site-packages/airflow/example_dags/example_sla_dag.py
[2025-03-24T08:24:52.198+0000] {processor.py:914} INFO - Processing file /home/airflow/.local/lib/python3.12/site-packages/airflow/example_dags/example_sla_dag.py for tasks to queue
[2025-03-24T08:24:52.200+0000] {logging_mixin.py:190} INFO - [2025-03-24T08:24:52.200+0000] {dagbag.py:588} INFO - Filling up the DagBag from /home/airflow/.local/lib/python3.12/site-packages/airflow/example_dags/example_sla_dag.py
[2025-03-24T08:24:52.213+0000] {processor.py:925} INFO - DAG(s) 'example_sla_dag' retrieved from /home/airflow/.local/lib/python3.12/site-packages/airflow/example_dags/example_sla_dag.py
[2025-03-24T08:24:52.233+0000] {logging_mixin.py:190} INFO - [2025-03-24T08:24:52.233+0000] {dag.py:3239} INFO - Sync 1 DAGs
[2025-03-24T08:24:52.262+0000] {logging_mixin.py:190} INFO - [2025-03-24T08:24:52.261+0000] {dag.py:4180} INFO - Setting next_dagrun for example_sla_dag to 2025-03-24 08:22:00+00:00, run_after=2025-03-24 08:24:00+00:00
[2025-03-24T08:24:52.282+0000] {processor.py:208} INFO - Processing /home/airflow/.local/lib/python3.12/site-packages/airflow/example_dags/example_sla_dag.py took 0.092 seconds
[2025-03-24T08:25:22.511+0000] {processor.py:186} INFO - Started process (PID=1985) to work on /home/airflow/.local/lib/python3.12/site-packages/airflow/example_dags/example_sla_dag.py
[2025-03-24T08:25:22.512+0000] {processor.py:914} INFO - Processing file /home/airflow/.local/lib/python3.12/site-packages/airflow/example_dags/example_sla_dag.py for tasks to queue
[2025-03-24T08:25:22.515+0000] {logging_mixin.py:190} INFO - [2025-03-24T08:25:22.514+0000] {dagbag.py:588} INFO - Filling up the DagBag from /home/airflow/.local/lib/python3.12/site-packages/airflow/example_dags/example_sla_dag.py
[2025-03-24T08:25:22.526+0000] {processor.py:925} INFO - DAG(s) 'example_sla_dag' retrieved from /home/airflow/.local/lib/python3.12/site-packages/airflow/example_dags/example_sla_dag.py
[2025-03-24T08:25:22.547+0000] {logging_mixin.py:190} INFO - [2025-03-24T08:25:22.547+0000] {dag.py:3239} INFO - Sync 1 DAGs
[2025-03-24T08:25:22.575+0000] {logging_mixin.py:190} INFO - [2025-03-24T08:25:22.575+0000] {dag.py:4180} INFO - Setting next_dagrun for example_sla_dag to 2025-03-24 08:22:00+00:00, run_after=2025-03-24 08:24:00+00:00
[2025-03-24T08:25:22.597+0000] {processor.py:208} INFO - Processing /home/airflow/.local/lib/python3.12/site-packages/airflow/example_dags/example_sla_dag.py took 0.092 seconds
[2025-03-24T08:25:52.715+0000] {processor.py:186} INFO - Started process (PID=2049) to work on /home/airflow/.local/lib/python3.12/site-packages/airflow/example_dags/example_sla_dag.py
[2025-03-24T08:25:52.716+0000] {processor.py:914} INFO - Processing file /home/airflow/.local/lib/python3.12/site-packages/airflow/example_dags/example_sla_dag.py for tasks to queue
[2025-03-24T08:25:52.719+0000] {logging_mixin.py:190} INFO - [2025-03-24T08:25:52.718+0000] {dagbag.py:588} INFO - Filling up the DagBag from /home/airflow/.local/lib/python3.12/site-packages/airflow/example_dags/example_sla_dag.py
[2025-03-24T08:25:52.731+0000] {processor.py:925} INFO - DAG(s) 'example_sla_dag' retrieved from /home/airflow/.local/lib/python3.12/site-packages/airflow/example_dags/example_sla_dag.py
[2025-03-24T08:25:52.754+0000] {logging_mixin.py:190} INFO - [2025-03-24T08:25:52.754+0000] {dag.py:3239} INFO - Sync 1 DAGs
[2025-03-24T08:25:52.783+0000] {logging_mixin.py:190} INFO - [2025-03-24T08:25:52.783+0000] {dag.py:4180} INFO - Setting next_dagrun for example_sla_dag to 2025-03-24 08:22:00+00:00, run_after=2025-03-24 08:24:00+00:00
[2025-03-24T08:25:52.803+0000] {processor.py:208} INFO - Processing /home/airflow/.local/lib/python3.12/site-packages/airflow/example_dags/example_sla_dag.py took 0.094 seconds
[2025-03-24T08:26:22.983+0000] {processor.py:186} INFO - Started process (PID=2113) to work on /home/airflow/.local/lib/python3.12/site-packages/airflow/example_dags/example_sla_dag.py
[2025-03-24T08:26:22.984+0000] {processor.py:914} INFO - Processing file /home/airflow/.local/lib/python3.12/site-packages/airflow/example_dags/example_sla_dag.py for tasks to queue
[2025-03-24T08:26:22.987+0000] {logging_mixin.py:190} INFO - [2025-03-24T08:26:22.986+0000] {dagbag.py:588} INFO - Filling up the DagBag from /home/airflow/.local/lib/python3.12/site-packages/airflow/example_dags/example_sla_dag.py
[2025-03-24T08:26:22.999+0000] {processor.py:925} INFO - DAG(s) 'example_sla_dag' retrieved from /home/airflow/.local/lib/python3.12/site-packages/airflow/example_dags/example_sla_dag.py
[2025-03-24T08:26:23.021+0000] {logging_mixin.py:190} INFO - [2025-03-24T08:26:23.020+0000] {dag.py:3239} INFO - Sync 1 DAGs
[2025-03-24T08:26:23.051+0000] {logging_mixin.py:190} INFO - [2025-03-24T08:26:23.051+0000] {dag.py:4180} INFO - Setting next_dagrun for example_sla_dag to 2025-03-24 08:24:00+00:00, run_after=2025-03-24 08:26:00+00:00
[2025-03-24T08:26:23.073+0000] {processor.py:208} INFO - Processing /home/airflow/.local/lib/python3.12/site-packages/airflow/example_dags/example_sla_dag.py took 0.097 seconds
[2025-03-24T08:26:53.246+0000] {processor.py:186} INFO - Started process (PID=2177) to work on /home/airflow/.local/lib/python3.12/site-packages/airflow/example_dags/example_sla_dag.py
[2025-03-24T08:26:53.247+0000] {processor.py:914} INFO - Processing file /home/airflow/.local/lib/python3.12/site-packages/airflow/example_dags/example_sla_dag.py for tasks to queue
[2025-03-24T08:26:53.250+0000] {logging_mixin.py:190} INFO - [2025-03-24T08:26:53.249+0000] {dagbag.py:588} INFO - Filling up the DagBag from /home/airflow/.local/lib/python3.12/site-packages/airflow/example_dags/example_sla_dag.py
[2025-03-24T08:26:53.262+0000] {processor.py:925} INFO - DAG(s) 'example_sla_dag' retrieved from /home/airflow/.local/lib/python3.12/site-packages/airflow/example_dags/example_sla_dag.py
[2025-03-24T08:26:53.283+0000] {logging_mixin.py:190} INFO - [2025-03-24T08:26:53.283+0000] {dag.py:3239} INFO - Sync 1 DAGs
[2025-03-24T08:26:53.310+0000] {logging_mixin.py:190} INFO - [2025-03-24T08:26:53.309+0000] {dag.py:4180} INFO - Setting next_dagrun for example_sla_dag to 2025-03-24 08:24:00+00:00, run_after=2025-03-24 08:26:00+00:00
[2025-03-24T08:26:53.331+0000] {processor.py:208} INFO - Processing /home/airflow/.local/lib/python3.12/site-packages/airflow/example_dags/example_sla_dag.py took 0.091 seconds
[2025-03-24T08:27:23.516+0000] {processor.py:186} INFO - Started process (PID=2241) to work on /home/airflow/.local/lib/python3.12/site-packages/airflow/example_dags/example_sla_dag.py
[2025-03-24T08:27:23.517+0000] {processor.py:914} INFO - Processing file /home/airflow/.local/lib/python3.12/site-packages/airflow/example_dags/example_sla_dag.py for tasks to queue
[2025-03-24T08:27:23.519+0000] {logging_mixin.py:190} INFO - [2025-03-24T08:27:23.519+0000] {dagbag.py:588} INFO - Filling up the DagBag from /home/airflow/.local/lib/python3.12/site-packages/airflow/example_dags/example_sla_dag.py
[2025-03-24T08:27:23.531+0000] {processor.py:925} INFO - DAG(s) 'example_sla_dag' retrieved from /home/airflow/.local/lib/python3.12/site-packages/airflow/example_dags/example_sla_dag.py
[2025-03-24T08:27:23.552+0000] {logging_mixin.py:190} INFO - [2025-03-24T08:27:23.551+0000] {dag.py:3239} INFO - Sync 1 DAGs
[2025-03-24T08:27:23.580+0000] {logging_mixin.py:190} INFO - [2025-03-24T08:27:23.580+0000] {dag.py:4180} INFO - Setting next_dagrun for example_sla_dag to 2025-03-24 08:24:00+00:00, run_after=2025-03-24 08:26:00+00:00
[2025-03-24T08:27:23.602+0000] {processor.py:208} INFO - Processing /home/airflow/.local/lib/python3.12/site-packages/airflow/example_dags/example_sla_dag.py took 0.093 seconds
[2025-03-24T08:27:54.328+0000] {processor.py:186} INFO - Started process (PID=2303) to work on /home/airflow/.local/lib/python3.12/site-packages/airflow/example_dags/example_sla_dag.py
[2025-03-24T08:27:54.329+0000] {processor.py:914} INFO - Processing file /home/airflow/.local/lib/python3.12/site-packages/airflow/example_dags/example_sla_dag.py for tasks to queue
[2025-03-24T08:27:54.332+0000] {logging_mixin.py:190} INFO - [2025-03-24T08:27:54.331+0000] {dagbag.py:588} INFO - Filling up the DagBag from /home/airflow/.local/lib/python3.12/site-packages/airflow/example_dags/example_sla_dag.py
[2025-03-24T08:27:54.343+0000] {processor.py:925} INFO - DAG(s) 'example_sla_dag' retrieved from /home/airflow/.local/lib/python3.12/site-packages/airflow/example_dags/example_sla_dag.py
[2025-03-24T08:27:54.365+0000] {logging_mixin.py:190} INFO - [2025-03-24T08:27:54.365+0000] {dag.py:3239} INFO - Sync 1 DAGs
[2025-03-24T08:27:54.394+0000] {logging_mixin.py:190} INFO - [2025-03-24T08:27:54.394+0000] {dag.py:4180} INFO - Setting next_dagrun for example_sla_dag to 2025-03-24 08:24:00+00:00, run_after=2025-03-24 08:26:00+00:00
[2025-03-24T08:27:54.416+0000] {processor.py:208} INFO - Processing /home/airflow/.local/lib/python3.12/site-packages/airflow/example_dags/example_sla_dag.py took 0.095 seconds
[2025-03-24T08:28:25.083+0000] {processor.py:186} INFO - Started process (PID=2366) to work on /home/airflow/.local/lib/python3.12/site-packages/airflow/example_dags/example_sla_dag.py
[2025-03-24T08:28:25.084+0000] {processor.py:914} INFO - Processing file /home/airflow/.local/lib/python3.12/site-packages/airflow/example_dags/example_sla_dag.py for tasks to queue
[2025-03-24T08:28:25.087+0000] {logging_mixin.py:190} INFO - [2025-03-24T08:28:25.087+0000] {dagbag.py:588} INFO - Filling up the DagBag from /home/airflow/.local/lib/python3.12/site-packages/airflow/example_dags/example_sla_dag.py
[2025-03-24T08:28:25.098+0000] {processor.py:925} INFO - DAG(s) 'example_sla_dag' retrieved from /home/airflow/.local/lib/python3.12/site-packages/airflow/example_dags/example_sla_dag.py
[2025-03-24T08:28:25.120+0000] {logging_mixin.py:190} INFO - [2025-03-24T08:28:25.119+0000] {dag.py:3239} INFO - Sync 1 DAGs
[2025-03-24T08:28:25.151+0000] {logging_mixin.py:190} INFO - [2025-03-24T08:28:25.151+0000] {dag.py:4180} INFO - Setting next_dagrun for example_sla_dag to 2025-03-24 08:26:00+00:00, run_after=2025-03-24 08:28:00+00:00
[2025-03-24T08:28:25.172+0000] {processor.py:208} INFO - Processing /home/airflow/.local/lib/python3.12/site-packages/airflow/example_dags/example_sla_dag.py took 0.096 seconds
[2025-03-24T08:28:56.040+0000] {processor.py:186} INFO - Started process (PID=2429) to work on /home/airflow/.local/lib/python3.12/site-packages/airflow/example_dags/example_sla_dag.py
[2025-03-24T08:28:56.041+0000] {processor.py:914} INFO - Processing file /home/airflow/.local/lib/python3.12/site-packages/airflow/example_dags/example_sla_dag.py for tasks to queue
[2025-03-24T08:28:56.044+0000] {logging_mixin.py:190} INFO - [2025-03-24T08:28:56.043+0000] {dagbag.py:588} INFO - Filling up the DagBag from /home/airflow/.local/lib/python3.12/site-packages/airflow/example_dags/example_sla_dag.py
[2025-03-24T08:28:56.055+0000] {processor.py:925} INFO - DAG(s) 'example_sla_dag' retrieved from /home/airflow/.local/lib/python3.12/site-packages/airflow/example_dags/example_sla_dag.py
[2025-03-24T08:28:56.079+0000] {logging_mixin.py:190} INFO - [2025-03-24T08:28:56.079+0000] {dag.py:3239} INFO - Sync 1 DAGs
[2025-03-24T08:28:56.108+0000] {logging_mixin.py:190} INFO - [2025-03-24T08:28:56.108+0000] {dag.py:4180} INFO - Setting next_dagrun for example_sla_dag to 2025-03-24 08:26:00+00:00, run_after=2025-03-24 08:28:00+00:00
[2025-03-24T08:28:56.130+0000] {processor.py:208} INFO - Processing /home/airflow/.local/lib/python3.12/site-packages/airflow/example_dags/example_sla_dag.py took 0.097 seconds
[2025-03-24T08:29:27.146+0000] {processor.py:186} INFO - Started process (PID=2493) to work on /home/airflow/.local/lib/python3.12/site-packages/airflow/example_dags/example_sla_dag.py
[2025-03-24T08:29:27.148+0000] {processor.py:914} INFO - Processing file /home/airflow/.local/lib/python3.12/site-packages/airflow/example_dags/example_sla_dag.py for tasks to queue
[2025-03-24T08:29:27.151+0000] {logging_mixin.py:190} INFO - [2025-03-24T08:29:27.151+0000] {dagbag.py:588} INFO - Filling up the DagBag from /home/airflow/.local/lib/python3.12/site-packages/airflow/example_dags/example_sla_dag.py
[2025-03-24T08:29:27.163+0000] {processor.py:925} INFO - DAG(s) 'example_sla_dag' retrieved from /home/airflow/.local/lib/python3.12/site-packages/airflow/example_dags/example_sla_dag.py
[2025-03-24T08:29:27.184+0000] {logging_mixin.py:190} INFO - [2025-03-24T08:29:27.184+0000] {dag.py:3239} INFO - Sync 1 DAGs
[2025-03-24T08:29:27.215+0000] {logging_mixin.py:190} INFO - [2025-03-24T08:29:27.215+0000] {dag.py:4180} INFO - Setting next_dagrun for example_sla_dag to 2025-03-24 08:26:00+00:00, run_after=2025-03-24 08:28:00+00:00
[2025-03-24T08:29:27.237+0000] {processor.py:208} INFO - Processing /home/airflow/.local/lib/python3.12/site-packages/airflow/example_dags/example_sla_dag.py took 0.098 seconds
[2025-03-24T08:29:57.919+0000] {processor.py:186} INFO - Started process (PID=2556) to work on /home/airflow/.local/lib/python3.12/site-packages/airflow/example_dags/example_sla_dag.py
[2025-03-24T08:29:57.920+0000] {processor.py:914} INFO - Processing file /home/airflow/.local/lib/python3.12/site-packages/airflow/example_dags/example_sla_dag.py for tasks to queue
[2025-03-24T08:29:57.923+0000] {logging_mixin.py:190} INFO - [2025-03-24T08:29:57.922+0000] {dagbag.py:588} INFO - Filling up the DagBag from /home/airflow/.local/lib/python3.12/site-packages/airflow/example_dags/example_sla_dag.py
[2025-03-24T08:29:57.938+0000] {processor.py:925} INFO - DAG(s) 'example_sla_dag' retrieved from /home/airflow/.local/lib/python3.12/site-packages/airflow/example_dags/example_sla_dag.py
[2025-03-24T08:29:57.962+0000] {logging_mixin.py:190} INFO - [2025-03-24T08:29:57.961+0000] {dag.py:3239} INFO - Sync 1 DAGs
[2025-03-24T08:29:57.994+0000] {logging_mixin.py:190} INFO - [2025-03-24T08:29:57.994+0000] {dag.py:4180} INFO - Setting next_dagrun for example_sla_dag to 2025-03-24 08:26:00+00:00, run_after=2025-03-24 08:28:00+00:00
[2025-03-24T08:29:58.016+0000] {processor.py:208} INFO - Processing /home/airflow/.local/lib/python3.12/site-packages/airflow/example_dags/example_sla_dag.py took 0.107 seconds
[2025-03-24T08:30:28.757+0000] {processor.py:186} INFO - Started process (PID=2618) to work on /home/airflow/.local/lib/python3.12/site-packages/airflow/example_dags/example_sla_dag.py
[2025-03-24T08:30:28.758+0000] {processor.py:914} INFO - Processing file /home/airflow/.local/lib/python3.12/site-packages/airflow/example_dags/example_sla_dag.py for tasks to queue
[2025-03-24T08:30:28.761+0000] {logging_mixin.py:190} INFO - [2025-03-24T08:30:28.760+0000] {dagbag.py:588} INFO - Filling up the DagBag from /home/airflow/.local/lib/python3.12/site-packages/airflow/example_dags/example_sla_dag.py
[2025-03-24T08:30:28.772+0000] {processor.py:925} INFO - DAG(s) 'example_sla_dag' retrieved from /home/airflow/.local/lib/python3.12/site-packages/airflow/example_dags/example_sla_dag.py
[2025-03-24T08:30:28.792+0000] {logging_mixin.py:190} INFO - [2025-03-24T08:30:28.792+0000] {dag.py:3239} INFO - Sync 1 DAGs
[2025-03-24T08:30:28.820+0000] {logging_mixin.py:190} INFO - [2025-03-24T08:30:28.819+0000] {dag.py:4180} INFO - Setting next_dagrun for example_sla_dag to 2025-03-24 08:28:00+00:00, run_after=2025-03-24 08:30:00+00:00
[2025-03-24T08:30:28.840+0000] {processor.py:208} INFO - Processing /home/airflow/.local/lib/python3.12/site-packages/airflow/example_dags/example_sla_dag.py took 0.089 seconds
[2025-03-24T08:30:59.413+0000] {processor.py:186} INFO - Started process (PID=2677) to work on /home/airflow/.local/lib/python3.12/site-packages/airflow/example_dags/example_sla_dag.py
[2025-03-24T08:30:59.414+0000] {processor.py:914} INFO - Processing file /home/airflow/.local/lib/python3.12/site-packages/airflow/example_dags/example_sla_dag.py for tasks to queue
[2025-03-24T08:30:59.417+0000] {logging_mixin.py:190} INFO - [2025-03-24T08:30:59.417+0000] {dagbag.py:588} INFO - Filling up the DagBag from /home/airflow/.local/lib/python3.12/site-packages/airflow/example_dags/example_sla_dag.py
[2025-03-24T08:30:59.429+0000] {processor.py:925} INFO - DAG(s) 'example_sla_dag' retrieved from /home/airflow/.local/lib/python3.12/site-packages/airflow/example_dags/example_sla_dag.py
[2025-03-24T08:30:59.451+0000] {logging_mixin.py:190} INFO - [2025-03-24T08:30:59.451+0000] {dag.py:3239} INFO - Sync 1 DAGs
[2025-03-24T08:30:59.481+0000] {logging_mixin.py:190} INFO - [2025-03-24T08:30:59.481+0000] {dag.py:4180} INFO - Setting next_dagrun for example_sla_dag to 2025-03-24 08:28:00+00:00, run_after=2025-03-24 08:30:00+00:00
[2025-03-24T08:30:59.505+0000] {processor.py:208} INFO - Processing /home/airflow/.local/lib/python3.12/site-packages/airflow/example_dags/example_sla_dag.py took 0.099 seconds
[2025-03-24T08:31:31.000+0000] {processor.py:186} INFO - Started process (PID=2739) to work on /home/airflow/.local/lib/python3.12/site-packages/airflow/example_dags/example_sla_dag.py
[2025-03-24T08:31:31.001+0000] {processor.py:914} INFO - Processing file /home/airflow/.local/lib/python3.12/site-packages/airflow/example_dags/example_sla_dag.py for tasks to queue
[2025-03-24T08:31:31.003+0000] {logging_mixin.py:190} INFO - [2025-03-24T08:31:31.003+0000] {dagbag.py:588} INFO - Filling up the DagBag from /home/airflow/.local/lib/python3.12/site-packages/airflow/example_dags/example_sla_dag.py
[2025-03-24T08:31:31.015+0000] {processor.py:925} INFO - DAG(s) 'example_sla_dag' retrieved from /home/airflow/.local/lib/python3.12/site-packages/airflow/example_dags/example_sla_dag.py
[2025-03-24T08:31:31.036+0000] {logging_mixin.py:190} INFO - [2025-03-24T08:31:31.035+0000] {dag.py:3239} INFO - Sync 1 DAGs
[2025-03-24T08:31:31.064+0000] {logging_mixin.py:190} INFO - [2025-03-24T08:31:31.064+0000] {dag.py:4180} INFO - Setting next_dagrun for example_sla_dag to 2025-03-24 08:28:00+00:00, run_after=2025-03-24 08:30:00+00:00
[2025-03-24T08:31:31.088+0000] {processor.py:208} INFO - Processing /home/airflow/.local/lib/python3.12/site-packages/airflow/example_dags/example_sla_dag.py took 0.095 seconds
[2025-03-24T08:32:01.771+0000] {processor.py:186} INFO - Started process (PID=2798) to work on /home/airflow/.local/lib/python3.12/site-packages/airflow/example_dags/example_sla_dag.py
[2025-03-24T08:32:01.772+0000] {processor.py:914} INFO - Processing file /home/airflow/.local/lib/python3.12/site-packages/airflow/example_dags/example_sla_dag.py for tasks to queue
[2025-03-24T08:32:01.775+0000] {logging_mixin.py:190} INFO - [2025-03-24T08:32:01.775+0000] {dagbag.py:588} INFO - Filling up the DagBag from /home/airflow/.local/lib/python3.12/site-packages/airflow/example_dags/example_sla_dag.py
[2025-03-24T08:32:01.788+0000] {processor.py:925} INFO - DAG(s) 'example_sla_dag' retrieved from /home/airflow/.local/lib/python3.12/site-packages/airflow/example_dags/example_sla_dag.py
[2025-03-24T08:32:01.810+0000] {logging_mixin.py:190} INFO - [2025-03-24T08:32:01.810+0000] {dag.py:3239} INFO - Sync 1 DAGs
[2025-03-24T08:32:01.840+0000] {logging_mixin.py:190} INFO - [2025-03-24T08:32:01.839+0000] {dag.py:4180} INFO - Setting next_dagrun for example_sla_dag to 2025-03-24 08:30:00+00:00, run_after=2025-03-24 08:32:00+00:00
[2025-03-24T08:32:01.865+0000] {processor.py:208} INFO - Processing /home/airflow/.local/lib/python3.12/site-packages/airflow/example_dags/example_sla_dag.py took 0.101 seconds
[2025-03-24T08:32:32.261+0000] {processor.py:186} INFO - Started process (PID=2856) to work on /home/airflow/.local/lib/python3.12/site-packages/airflow/example_dags/example_sla_dag.py
[2025-03-24T08:32:32.262+0000] {processor.py:914} INFO - Processing file /home/airflow/.local/lib/python3.12/site-packages/airflow/example_dags/example_sla_dag.py for tasks to queue
[2025-03-24T08:32:32.265+0000] {logging_mixin.py:190} INFO - [2025-03-24T08:32:32.265+0000] {dagbag.py:588} INFO - Filling up the DagBag from /home/airflow/.local/lib/python3.12/site-packages/airflow/example_dags/example_sla_dag.py
[2025-03-24T08:32:32.278+0000] {processor.py:925} INFO - DAG(s) 'example_sla_dag' retrieved from /home/airflow/.local/lib/python3.12/site-packages/airflow/example_dags/example_sla_dag.py
[2025-03-24T08:32:32.301+0000] {logging_mixin.py:190} INFO - [2025-03-24T08:32:32.300+0000] {dag.py:3239} INFO - Sync 1 DAGs
[2025-03-24T08:32:32.335+0000] {logging_mixin.py:190} INFO - [2025-03-24T08:32:32.335+0000] {dag.py:4180} INFO - Setting next_dagrun for example_sla_dag to 2025-03-24 08:30:00+00:00, run_after=2025-03-24 08:32:00+00:00
[2025-03-24T08:32:32.362+0000] {processor.py:208} INFO - Processing /home/airflow/.local/lib/python3.12/site-packages/airflow/example_dags/example_sla_dag.py took 0.107 seconds
[2025-03-24T08:33:03.722+0000] {processor.py:186} INFO - Started process (PID=2919) to work on /home/airflow/.local/lib/python3.12/site-packages/airflow/example_dags/example_sla_dag.py
[2025-03-24T08:33:03.723+0000] {processor.py:914} INFO - Processing file /home/airflow/.local/lib/python3.12/site-packages/airflow/example_dags/example_sla_dag.py for tasks to queue
[2025-03-24T08:33:03.726+0000] {logging_mixin.py:190} INFO - [2025-03-24T08:33:03.725+0000] {dagbag.py:588} INFO - Filling up the DagBag from /home/airflow/.local/lib/python3.12/site-packages/airflow/example_dags/example_sla_dag.py
[2025-03-24T08:33:03.738+0000] {processor.py:925} INFO - DAG(s) 'example_sla_dag' retrieved from /home/airflow/.local/lib/python3.12/site-packages/airflow/example_dags/example_sla_dag.py
[2025-03-24T08:33:03.764+0000] {logging_mixin.py:190} INFO - [2025-03-24T08:33:03.763+0000] {dag.py:3239} INFO - Sync 1 DAGs
[2025-03-24T08:33:03.795+0000] {logging_mixin.py:190} INFO - [2025-03-24T08:33:03.795+0000] {dag.py:4180} INFO - Setting next_dagrun for example_sla_dag to 2025-03-24 08:30:00+00:00, run_after=2025-03-24 08:32:00+00:00
[2025-03-24T08:33:03.818+0000] {processor.py:208} INFO - Processing /home/airflow/.local/lib/python3.12/site-packages/airflow/example_dags/example_sla_dag.py took 0.103 seconds
