[2025-03-24T08:10:04.379+0000] {processor.py:186} INFO - Started process (PID=68) to work on /home/airflow/.local/lib/python3.12/site-packages/airflow/example_dags/example_display_name.py
[2025-03-24T08:10:04.380+0000] {processor.py:914} INFO - Processing file /home/airflow/.local/lib/python3.12/site-packages/airflow/example_dags/example_display_name.py for tasks to queue
[2025-03-24T08:10:04.383+0000] {logging_mixin.py:190} INFO - [2025-03-24T08:10:04.382+0000] {dagbag.py:588} INFO - Filling up the DagBag from /home/airflow/.local/lib/python3.12/site-packages/airflow/example_dags/example_display_name.py
[2025-03-24T08:10:04.393+0000] {processor.py:925} INFO - DAG(s) 'example_display_name' retrieved from /home/airflow/.local/lib/python3.12/site-packages/airflow/example_dags/example_display_name.py
[2025-03-24T08:10:04.516+0000] {logging_mixin.py:190} INFO - [2025-03-24T08:10:04.515+0000] {override.py:1912} INFO - Created Permission View: can read on DAG:example_display_name
[2025-03-24T08:10:04.528+0000] {logging_mixin.py:190} INFO - [2025-03-24T08:10:04.527+0000] {override.py:1912} INFO - Created Permission View: can delete on DAG:example_display_name
[2025-03-24T08:10:04.535+0000] {logging_mixin.py:190} INFO - [2025-03-24T08:10:04.534+0000] {override.py:1912} INFO - Created Permission View: can edit on DAG:example_display_name
[2025-03-24T08:10:04.544+0000] {logging_mixin.py:190} INFO - [2025-03-24T08:10:04.544+0000] {override.py:1912} INFO - Created Permission View: can create on DAG Run:example_display_name
[2025-03-24T08:10:04.553+0000] {logging_mixin.py:190} INFO - [2025-03-24T08:10:04.552+0000] {override.py:1912} INFO - Created Permission View: menu access on DAG Run:example_display_name
[2025-03-24T08:10:04.561+0000] {logging_mixin.py:190} INFO - [2025-03-24T08:10:04.560+0000] {override.py:1912} INFO - Created Permission View: can read on DAG Run:example_display_name
[2025-03-24T08:10:04.569+0000] {logging_mixin.py:190} INFO - [2025-03-24T08:10:04.569+0000] {override.py:1912} INFO - Created Permission View: can delete on DAG Run:example_display_name
[2025-03-24T08:10:04.570+0000] {logging_mixin.py:190} INFO - [2025-03-24T08:10:04.569+0000] {dag.py:3239} INFO - Sync 1 DAGs
[2025-03-24T08:10:04.585+0000] {logging_mixin.py:190} INFO - [2025-03-24T08:10:04.584+0000] {dag.py:3262} INFO - Creating ORM DAG for example_display_name
[2025-03-24T08:10:04.586+0000] {logging_mixin.py:190} INFO - [2025-03-24T08:10:04.586+0000] {dag.py:4180} INFO - Setting next_dagrun for example_display_name to None, run_after=None
[2025-03-24T08:10:04.619+0000] {processor.py:208} INFO - Processing /home/airflow/.local/lib/python3.12/site-packages/airflow/example_dags/example_display_name.py took 0.246 seconds
[2025-03-24T08:10:35.043+0000] {processor.py:186} INFO - Started process (PID=131) to work on /home/airflow/.local/lib/python3.12/site-packages/airflow/example_dags/example_display_name.py
[2025-03-24T08:10:35.044+0000] {processor.py:914} INFO - Processing file /home/airflow/.local/lib/python3.12/site-packages/airflow/example_dags/example_display_name.py for tasks to queue
[2025-03-24T08:10:35.047+0000] {logging_mixin.py:190} INFO - [2025-03-24T08:10:35.047+0000] {dagbag.py:588} INFO - Filling up the DagBag from /home/airflow/.local/lib/python3.12/site-packages/airflow/example_dags/example_display_name.py
[2025-03-24T08:10:35.055+0000] {processor.py:925} INFO - DAG(s) 'example_display_name' retrieved from /home/airflow/.local/lib/python3.12/site-packages/airflow/example_dags/example_display_name.py
[2025-03-24T08:10:35.076+0000] {logging_mixin.py:190} INFO - [2025-03-24T08:10:35.076+0000] {dag.py:3239} INFO - Sync 1 DAGs
[2025-03-24T08:10:35.091+0000] {logging_mixin.py:190} INFO - [2025-03-24T08:10:35.091+0000] {dag.py:4180} INFO - Setting next_dagrun for example_display_name to None, run_after=None
[2025-03-24T08:10:35.116+0000] {processor.py:208} INFO - Processing /home/airflow/.local/lib/python3.12/site-packages/airflow/example_dags/example_display_name.py took 0.078 seconds
[2025-03-24T08:11:05.189+0000] {processor.py:186} INFO - Started process (PID=194) to work on /home/airflow/.local/lib/python3.12/site-packages/airflow/example_dags/example_display_name.py
[2025-03-24T08:11:05.191+0000] {processor.py:914} INFO - Processing file /home/airflow/.local/lib/python3.12/site-packages/airflow/example_dags/example_display_name.py for tasks to queue
[2025-03-24T08:11:05.194+0000] {logging_mixin.py:190} INFO - [2025-03-24T08:11:05.194+0000] {dagbag.py:588} INFO - Filling up the DagBag from /home/airflow/.local/lib/python3.12/site-packages/airflow/example_dags/example_display_name.py
[2025-03-24T08:11:05.205+0000] {processor.py:925} INFO - DAG(s) 'example_display_name' retrieved from /home/airflow/.local/lib/python3.12/site-packages/airflow/example_dags/example_display_name.py
[2025-03-24T08:11:05.229+0000] {logging_mixin.py:190} INFO - [2025-03-24T08:11:05.229+0000] {dag.py:3239} INFO - Sync 1 DAGs
[2025-03-24T08:11:05.249+0000] {logging_mixin.py:190} INFO - [2025-03-24T08:11:05.249+0000] {dag.py:4180} INFO - Setting next_dagrun for example_display_name to None, run_after=None
[2025-03-24T08:11:05.281+0000] {processor.py:208} INFO - Processing /home/airflow/.local/lib/python3.12/site-packages/airflow/example_dags/example_display_name.py took 0.100 seconds
[2025-03-24T08:11:36.057+0000] {processor.py:186} INFO - Started process (PID=259) to work on /home/airflow/.local/lib/python3.12/site-packages/airflow/example_dags/example_display_name.py
[2025-03-24T08:11:36.058+0000] {processor.py:914} INFO - Processing file /home/airflow/.local/lib/python3.12/site-packages/airflow/example_dags/example_display_name.py for tasks to queue
[2025-03-24T08:11:36.061+0000] {logging_mixin.py:190} INFO - [2025-03-24T08:11:36.061+0000] {dagbag.py:588} INFO - Filling up the DagBag from /home/airflow/.local/lib/python3.12/site-packages/airflow/example_dags/example_display_name.py
[2025-03-24T08:11:36.069+0000] {processor.py:925} INFO - DAG(s) 'example_display_name' retrieved from /home/airflow/.local/lib/python3.12/site-packages/airflow/example_dags/example_display_name.py
[2025-03-24T08:11:36.091+0000] {logging_mixin.py:190} INFO - [2025-03-24T08:11:36.091+0000] {dag.py:3239} INFO - Sync 1 DAGs
[2025-03-24T08:11:36.108+0000] {logging_mixin.py:190} INFO - [2025-03-24T08:11:36.108+0000] {dag.py:4180} INFO - Setting next_dagrun for example_display_name to None, run_after=None
[2025-03-24T08:11:36.131+0000] {processor.py:208} INFO - Processing /home/airflow/.local/lib/python3.12/site-packages/airflow/example_dags/example_display_name.py took 0.080 seconds
[2025-03-24T08:12:06.577+0000] {processor.py:186} INFO - Started process (PID=323) to work on /home/airflow/.local/lib/python3.12/site-packages/airflow/example_dags/example_display_name.py
[2025-03-24T08:12:06.578+0000] {processor.py:914} INFO - Processing file /home/airflow/.local/lib/python3.12/site-packages/airflow/example_dags/example_display_name.py for tasks to queue
[2025-03-24T08:12:06.581+0000] {logging_mixin.py:190} INFO - [2025-03-24T08:12:06.581+0000] {dagbag.py:588} INFO - Filling up the DagBag from /home/airflow/.local/lib/python3.12/site-packages/airflow/example_dags/example_display_name.py
[2025-03-24T08:12:06.589+0000] {processor.py:925} INFO - DAG(s) 'example_display_name' retrieved from /home/airflow/.local/lib/python3.12/site-packages/airflow/example_dags/example_display_name.py
[2025-03-24T08:12:06.611+0000] {logging_mixin.py:190} INFO - [2025-03-24T08:12:06.610+0000] {dag.py:3239} INFO - Sync 1 DAGs
[2025-03-24T08:12:06.627+0000] {logging_mixin.py:190} INFO - [2025-03-24T08:12:06.627+0000] {dag.py:4180} INFO - Setting next_dagrun for example_display_name to None, run_after=None
[2025-03-24T08:12:06.649+0000] {processor.py:208} INFO - Processing /home/airflow/.local/lib/python3.12/site-packages/airflow/example_dags/example_display_name.py took 0.078 seconds
[2025-03-24T08:12:37.601+0000] {processor.py:186} INFO - Started process (PID=387) to work on /home/airflow/.local/lib/python3.12/site-packages/airflow/example_dags/example_display_name.py
[2025-03-24T08:12:37.602+0000] {processor.py:914} INFO - Processing file /home/airflow/.local/lib/python3.12/site-packages/airflow/example_dags/example_display_name.py for tasks to queue
[2025-03-24T08:12:37.605+0000] {logging_mixin.py:190} INFO - [2025-03-24T08:12:37.605+0000] {dagbag.py:588} INFO - Filling up the DagBag from /home/airflow/.local/lib/python3.12/site-packages/airflow/example_dags/example_display_name.py
[2025-03-24T08:12:37.613+0000] {processor.py:925} INFO - DAG(s) 'example_display_name' retrieved from /home/airflow/.local/lib/python3.12/site-packages/airflow/example_dags/example_display_name.py
[2025-03-24T08:12:37.634+0000] {logging_mixin.py:190} INFO - [2025-03-24T08:12:37.633+0000] {dag.py:3239} INFO - Sync 1 DAGs
[2025-03-24T08:12:37.649+0000] {logging_mixin.py:190} INFO - [2025-03-24T08:12:37.649+0000] {dag.py:4180} INFO - Setting next_dagrun for example_display_name to None, run_after=None
[2025-03-24T08:12:37.675+0000] {processor.py:208} INFO - Processing /home/airflow/.local/lib/python3.12/site-packages/airflow/example_dags/example_display_name.py took 0.080 seconds
[2025-03-24T08:13:07.857+0000] {processor.py:186} INFO - Started process (PID=451) to work on /home/airflow/.local/lib/python3.12/site-packages/airflow/example_dags/example_display_name.py
[2025-03-24T08:13:07.859+0000] {processor.py:914} INFO - Processing file /home/airflow/.local/lib/python3.12/site-packages/airflow/example_dags/example_display_name.py for tasks to queue
[2025-03-24T08:13:07.861+0000] {logging_mixin.py:190} INFO - [2025-03-24T08:13:07.861+0000] {dagbag.py:588} INFO - Filling up the DagBag from /home/airflow/.local/lib/python3.12/site-packages/airflow/example_dags/example_display_name.py
[2025-03-24T08:13:07.869+0000] {processor.py:925} INFO - DAG(s) 'example_display_name' retrieved from /home/airflow/.local/lib/python3.12/site-packages/airflow/example_dags/example_display_name.py
[2025-03-24T08:13:07.891+0000] {logging_mixin.py:190} INFO - [2025-03-24T08:13:07.890+0000] {dag.py:3239} INFO - Sync 1 DAGs
[2025-03-24T08:13:07.907+0000] {logging_mixin.py:190} INFO - [2025-03-24T08:13:07.907+0000] {dag.py:4180} INFO - Setting next_dagrun for example_display_name to None, run_after=None
[2025-03-24T08:13:07.928+0000] {processor.py:208} INFO - Processing /home/airflow/.local/lib/python3.12/site-packages/airflow/example_dags/example_display_name.py took 0.077 seconds
[2025-03-24T08:13:38.827+0000] {processor.py:186} INFO - Started process (PID=515) to work on /home/airflow/.local/lib/python3.12/site-packages/airflow/example_dags/example_display_name.py
[2025-03-24T08:13:38.828+0000] {processor.py:914} INFO - Processing file /home/airflow/.local/lib/python3.12/site-packages/airflow/example_dags/example_display_name.py for tasks to queue
[2025-03-24T08:13:38.831+0000] {logging_mixin.py:190} INFO - [2025-03-24T08:13:38.830+0000] {dagbag.py:588} INFO - Filling up the DagBag from /home/airflow/.local/lib/python3.12/site-packages/airflow/example_dags/example_display_name.py
[2025-03-24T08:13:38.838+0000] {processor.py:925} INFO - DAG(s) 'example_display_name' retrieved from /home/airflow/.local/lib/python3.12/site-packages/airflow/example_dags/example_display_name.py
[2025-03-24T08:13:38.860+0000] {logging_mixin.py:190} INFO - [2025-03-24T08:13:38.859+0000] {dag.py:3239} INFO - Sync 1 DAGs
[2025-03-24T08:13:38.876+0000] {logging_mixin.py:190} INFO - [2025-03-24T08:13:38.876+0000] {dag.py:4180} INFO - Setting next_dagrun for example_display_name to None, run_after=None
[2025-03-24T08:13:38.902+0000] {processor.py:208} INFO - Processing /home/airflow/.local/lib/python3.12/site-packages/airflow/example_dags/example_display_name.py took 0.082 seconds
[2025-03-24T08:14:09.930+0000] {processor.py:186} INFO - Started process (PID=579) to work on /home/airflow/.local/lib/python3.12/site-packages/airflow/example_dags/example_display_name.py
[2025-03-24T08:14:09.931+0000] {processor.py:914} INFO - Processing file /home/airflow/.local/lib/python3.12/site-packages/airflow/example_dags/example_display_name.py for tasks to queue
[2025-03-24T08:14:09.934+0000] {logging_mixin.py:190} INFO - [2025-03-24T08:14:09.934+0000] {dagbag.py:588} INFO - Filling up the DagBag from /home/airflow/.local/lib/python3.12/site-packages/airflow/example_dags/example_display_name.py
[2025-03-24T08:14:09.942+0000] {processor.py:925} INFO - DAG(s) 'example_display_name' retrieved from /home/airflow/.local/lib/python3.12/site-packages/airflow/example_dags/example_display_name.py
[2025-03-24T08:14:09.963+0000] {logging_mixin.py:190} INFO - [2025-03-24T08:14:09.963+0000] {dag.py:3239} INFO - Sync 1 DAGs
[2025-03-24T08:14:09.979+0000] {logging_mixin.py:190} INFO - [2025-03-24T08:14:09.979+0000] {dag.py:4180} INFO - Setting next_dagrun for example_display_name to None, run_after=None
[2025-03-24T08:14:10.004+0000] {processor.py:208} INFO - Processing /home/airflow/.local/lib/python3.12/site-packages/airflow/example_dags/example_display_name.py took 0.080 seconds
[2025-03-24T08:14:40.916+0000] {processor.py:186} INFO - Started process (PID=643) to work on /home/airflow/.local/lib/python3.12/site-packages/airflow/example_dags/example_display_name.py
[2025-03-24T08:14:40.918+0000] {processor.py:914} INFO - Processing file /home/airflow/.local/lib/python3.12/site-packages/airflow/example_dags/example_display_name.py for tasks to queue
[2025-03-24T08:14:40.921+0000] {logging_mixin.py:190} INFO - [2025-03-24T08:14:40.920+0000] {dagbag.py:588} INFO - Filling up the DagBag from /home/airflow/.local/lib/python3.12/site-packages/airflow/example_dags/example_display_name.py
[2025-03-24T08:14:40.928+0000] {processor.py:925} INFO - DAG(s) 'example_display_name' retrieved from /home/airflow/.local/lib/python3.12/site-packages/airflow/example_dags/example_display_name.py
[2025-03-24T08:14:40.949+0000] {logging_mixin.py:190} INFO - [2025-03-24T08:14:40.949+0000] {dag.py:3239} INFO - Sync 1 DAGs
[2025-03-24T08:14:40.965+0000] {logging_mixin.py:190} INFO - [2025-03-24T08:14:40.965+0000] {dag.py:4180} INFO - Setting next_dagrun for example_display_name to None, run_after=None
[2025-03-24T08:14:40.989+0000] {processor.py:208} INFO - Processing /home/airflow/.local/lib/python3.12/site-packages/airflow/example_dags/example_display_name.py took 0.079 seconds
[2025-03-24T08:15:11.038+0000] {processor.py:186} INFO - Started process (PID=706) to work on /home/airflow/.local/lib/python3.12/site-packages/airflow/example_dags/example_display_name.py
[2025-03-24T08:15:11.039+0000] {processor.py:914} INFO - Processing file /home/airflow/.local/lib/python3.12/site-packages/airflow/example_dags/example_display_name.py for tasks to queue
[2025-03-24T08:15:11.042+0000] {logging_mixin.py:190} INFO - [2025-03-24T08:15:11.042+0000] {dagbag.py:588} INFO - Filling up the DagBag from /home/airflow/.local/lib/python3.12/site-packages/airflow/example_dags/example_display_name.py
[2025-03-24T08:15:11.050+0000] {processor.py:925} INFO - DAG(s) 'example_display_name' retrieved from /home/airflow/.local/lib/python3.12/site-packages/airflow/example_dags/example_display_name.py
[2025-03-24T08:15:11.071+0000] {logging_mixin.py:190} INFO - [2025-03-24T08:15:11.070+0000] {dag.py:3239} INFO - Sync 1 DAGs
[2025-03-24T08:15:11.086+0000] {logging_mixin.py:190} INFO - [2025-03-24T08:15:11.086+0000] {dag.py:4180} INFO - Setting next_dagrun for example_display_name to None, run_after=None
[2025-03-24T08:15:11.108+0000] {processor.py:208} INFO - Processing /home/airflow/.local/lib/python3.12/site-packages/airflow/example_dags/example_display_name.py took 0.076 seconds
[2025-03-24T08:15:41.342+0000] {processor.py:186} INFO - Started process (PID=770) to work on /home/airflow/.local/lib/python3.12/site-packages/airflow/example_dags/example_display_name.py
[2025-03-24T08:15:41.344+0000] {processor.py:914} INFO - Processing file /home/airflow/.local/lib/python3.12/site-packages/airflow/example_dags/example_display_name.py for tasks to queue
[2025-03-24T08:15:41.346+0000] {logging_mixin.py:190} INFO - [2025-03-24T08:15:41.346+0000] {dagbag.py:588} INFO - Filling up the DagBag from /home/airflow/.local/lib/python3.12/site-packages/airflow/example_dags/example_display_name.py
[2025-03-24T08:15:41.354+0000] {processor.py:925} INFO - DAG(s) 'example_display_name' retrieved from /home/airflow/.local/lib/python3.12/site-packages/airflow/example_dags/example_display_name.py
[2025-03-24T08:15:41.375+0000] {logging_mixin.py:190} INFO - [2025-03-24T08:15:41.375+0000] {dag.py:3239} INFO - Sync 1 DAGs
[2025-03-24T08:15:41.390+0000] {logging_mixin.py:190} INFO - [2025-03-24T08:15:41.390+0000] {dag.py:4180} INFO - Setting next_dagrun for example_display_name to None, run_after=None
[2025-03-24T08:15:41.411+0000] {processor.py:208} INFO - Processing /home/airflow/.local/lib/python3.12/site-packages/airflow/example_dags/example_display_name.py took 0.075 seconds
[2025-03-24T08:16:12.191+0000] {processor.py:186} INFO - Started process (PID=835) to work on /home/airflow/.local/lib/python3.12/site-packages/airflow/example_dags/example_display_name.py
[2025-03-24T08:16:12.192+0000] {processor.py:914} INFO - Processing file /home/airflow/.local/lib/python3.12/site-packages/airflow/example_dags/example_display_name.py for tasks to queue
[2025-03-24T08:16:12.195+0000] {logging_mixin.py:190} INFO - [2025-03-24T08:16:12.195+0000] {dagbag.py:588} INFO - Filling up the DagBag from /home/airflow/.local/lib/python3.12/site-packages/airflow/example_dags/example_display_name.py
[2025-03-24T08:16:12.203+0000] {processor.py:925} INFO - DAG(s) 'example_display_name' retrieved from /home/airflow/.local/lib/python3.12/site-packages/airflow/example_dags/example_display_name.py
[2025-03-24T08:16:12.224+0000] {logging_mixin.py:190} INFO - [2025-03-24T08:16:12.224+0000] {dag.py:3239} INFO - Sync 1 DAGs
[2025-03-24T08:16:12.239+0000] {logging_mixin.py:190} INFO - [2025-03-24T08:16:12.239+0000] {dag.py:4180} INFO - Setting next_dagrun for example_display_name to None, run_after=None
[2025-03-24T08:16:12.264+0000] {processor.py:208} INFO - Processing /home/airflow/.local/lib/python3.12/site-packages/airflow/example_dags/example_display_name.py took 0.079 seconds
[2025-03-24T08:16:42.363+0000] {processor.py:186} INFO - Started process (PID=899) to work on /home/airflow/.local/lib/python3.12/site-packages/airflow/example_dags/example_display_name.py
[2025-03-24T08:16:42.364+0000] {processor.py:914} INFO - Processing file /home/airflow/.local/lib/python3.12/site-packages/airflow/example_dags/example_display_name.py for tasks to queue
[2025-03-24T08:16:42.367+0000] {logging_mixin.py:190} INFO - [2025-03-24T08:16:42.366+0000] {dagbag.py:588} INFO - Filling up the DagBag from /home/airflow/.local/lib/python3.12/site-packages/airflow/example_dags/example_display_name.py
[2025-03-24T08:16:42.375+0000] {processor.py:925} INFO - DAG(s) 'example_display_name' retrieved from /home/airflow/.local/lib/python3.12/site-packages/airflow/example_dags/example_display_name.py
[2025-03-24T08:16:42.397+0000] {logging_mixin.py:190} INFO - [2025-03-24T08:16:42.397+0000] {dag.py:3239} INFO - Sync 1 DAGs
[2025-03-24T08:16:42.414+0000] {logging_mixin.py:190} INFO - [2025-03-24T08:16:42.414+0000] {dag.py:4180} INFO - Setting next_dagrun for example_display_name to None, run_after=None
[2025-03-24T08:16:42.438+0000] {processor.py:208} INFO - Processing /home/airflow/.local/lib/python3.12/site-packages/airflow/example_dags/example_display_name.py took 0.082 seconds
[2025-03-24T08:17:12.489+0000] {processor.py:186} INFO - Started process (PID=963) to work on /home/airflow/.local/lib/python3.12/site-packages/airflow/example_dags/example_display_name.py
[2025-03-24T08:17:12.491+0000] {processor.py:914} INFO - Processing file /home/airflow/.local/lib/python3.12/site-packages/airflow/example_dags/example_display_name.py for tasks to queue
[2025-03-24T08:17:12.493+0000] {logging_mixin.py:190} INFO - [2025-03-24T08:17:12.493+0000] {dagbag.py:588} INFO - Filling up the DagBag from /home/airflow/.local/lib/python3.12/site-packages/airflow/example_dags/example_display_name.py
[2025-03-24T08:17:12.501+0000] {processor.py:925} INFO - DAG(s) 'example_display_name' retrieved from /home/airflow/.local/lib/python3.12/site-packages/airflow/example_dags/example_display_name.py
[2025-03-24T08:17:12.522+0000] {logging_mixin.py:190} INFO - [2025-03-24T08:17:12.521+0000] {dag.py:3239} INFO - Sync 1 DAGs
[2025-03-24T08:17:12.538+0000] {logging_mixin.py:190} INFO - [2025-03-24T08:17:12.537+0000] {dag.py:4180} INFO - Setting next_dagrun for example_display_name to None, run_after=None
[2025-03-24T08:17:12.558+0000] {processor.py:208} INFO - Processing /home/airflow/.local/lib/python3.12/site-packages/airflow/example_dags/example_display_name.py took 0.075 seconds
[2025-03-24T08:17:43.705+0000] {processor.py:186} INFO - Started process (PID=1027) to work on /home/airflow/.local/lib/python3.12/site-packages/airflow/example_dags/example_display_name.py
[2025-03-24T08:17:43.706+0000] {processor.py:914} INFO - Processing file /home/airflow/.local/lib/python3.12/site-packages/airflow/example_dags/example_display_name.py for tasks to queue
[2025-03-24T08:17:43.709+0000] {logging_mixin.py:190} INFO - [2025-03-24T08:17:43.708+0000] {dagbag.py:588} INFO - Filling up the DagBag from /home/airflow/.local/lib/python3.12/site-packages/airflow/example_dags/example_display_name.py
[2025-03-24T08:17:43.717+0000] {processor.py:925} INFO - DAG(s) 'example_display_name' retrieved from /home/airflow/.local/lib/python3.12/site-packages/airflow/example_dags/example_display_name.py
[2025-03-24T08:17:43.738+0000] {logging_mixin.py:190} INFO - [2025-03-24T08:17:43.738+0000] {dag.py:3239} INFO - Sync 1 DAGs
[2025-03-24T08:17:43.755+0000] {logging_mixin.py:190} INFO - [2025-03-24T08:17:43.755+0000] {dag.py:4180} INFO - Setting next_dagrun for example_display_name to None, run_after=None
[2025-03-24T08:17:43.779+0000] {processor.py:208} INFO - Processing /home/airflow/.local/lib/python3.12/site-packages/airflow/example_dags/example_display_name.py took 0.081 seconds
[2025-03-24T08:18:14.667+0000] {processor.py:186} INFO - Started process (PID=1091) to work on /home/airflow/.local/lib/python3.12/site-packages/airflow/example_dags/example_display_name.py
[2025-03-24T08:18:14.668+0000] {processor.py:914} INFO - Processing file /home/airflow/.local/lib/python3.12/site-packages/airflow/example_dags/example_display_name.py for tasks to queue
[2025-03-24T08:18:14.670+0000] {logging_mixin.py:190} INFO - [2025-03-24T08:18:14.670+0000] {dagbag.py:588} INFO - Filling up the DagBag from /home/airflow/.local/lib/python3.12/site-packages/airflow/example_dags/example_display_name.py
[2025-03-24T08:18:14.679+0000] {processor.py:925} INFO - DAG(s) 'example_display_name' retrieved from /home/airflow/.local/lib/python3.12/site-packages/airflow/example_dags/example_display_name.py
[2025-03-24T08:18:14.699+0000] {logging_mixin.py:190} INFO - [2025-03-24T08:18:14.699+0000] {dag.py:3239} INFO - Sync 1 DAGs
[2025-03-24T08:18:14.715+0000] {logging_mixin.py:190} INFO - [2025-03-24T08:18:14.715+0000] {dag.py:4180} INFO - Setting next_dagrun for example_display_name to None, run_after=None
[2025-03-24T08:18:14.736+0000] {processor.py:208} INFO - Processing /home/airflow/.local/lib/python3.12/site-packages/airflow/example_dags/example_display_name.py took 0.075 seconds
[2025-03-24T08:18:45.777+0000] {processor.py:186} INFO - Started process (PID=1155) to work on /home/airflow/.local/lib/python3.12/site-packages/airflow/example_dags/example_display_name.py
[2025-03-24T08:18:45.778+0000] {processor.py:914} INFO - Processing file /home/airflow/.local/lib/python3.12/site-packages/airflow/example_dags/example_display_name.py for tasks to queue
[2025-03-24T08:18:45.781+0000] {logging_mixin.py:190} INFO - [2025-03-24T08:18:45.780+0000] {dagbag.py:588} INFO - Filling up the DagBag from /home/airflow/.local/lib/python3.12/site-packages/airflow/example_dags/example_display_name.py
[2025-03-24T08:18:45.789+0000] {processor.py:925} INFO - DAG(s) 'example_display_name' retrieved from /home/airflow/.local/lib/python3.12/site-packages/airflow/example_dags/example_display_name.py
[2025-03-24T08:18:45.810+0000] {logging_mixin.py:190} INFO - [2025-03-24T08:18:45.810+0000] {dag.py:3239} INFO - Sync 1 DAGs
[2025-03-24T08:18:45.826+0000] {logging_mixin.py:190} INFO - [2025-03-24T08:18:45.825+0000] {dag.py:4180} INFO - Setting next_dagrun for example_display_name to None, run_after=None
[2025-03-24T08:18:45.849+0000] {processor.py:208} INFO - Processing /home/airflow/.local/lib/python3.12/site-packages/airflow/example_dags/example_display_name.py took 0.078 seconds
[2025-03-24T08:19:16.270+0000] {processor.py:186} INFO - Started process (PID=1219) to work on /home/airflow/.local/lib/python3.12/site-packages/airflow/example_dags/example_display_name.py
[2025-03-24T08:19:16.271+0000] {processor.py:914} INFO - Processing file /home/airflow/.local/lib/python3.12/site-packages/airflow/example_dags/example_display_name.py for tasks to queue
[2025-03-24T08:19:16.274+0000] {logging_mixin.py:190} INFO - [2025-03-24T08:19:16.274+0000] {dagbag.py:588} INFO - Filling up the DagBag from /home/airflow/.local/lib/python3.12/site-packages/airflow/example_dags/example_display_name.py
[2025-03-24T08:19:16.282+0000] {processor.py:925} INFO - DAG(s) 'example_display_name' retrieved from /home/airflow/.local/lib/python3.12/site-packages/airflow/example_dags/example_display_name.py
[2025-03-24T08:19:16.303+0000] {logging_mixin.py:190} INFO - [2025-03-24T08:19:16.303+0000] {dag.py:3239} INFO - Sync 1 DAGs
[2025-03-24T08:19:16.319+0000] {logging_mixin.py:190} INFO - [2025-03-24T08:19:16.318+0000] {dag.py:4180} INFO - Setting next_dagrun for example_display_name to None, run_after=None
[2025-03-24T08:19:16.342+0000] {processor.py:208} INFO - Processing /home/airflow/.local/lib/python3.12/site-packages/airflow/example_dags/example_display_name.py took 0.078 seconds
[2025-03-24T08:19:46.540+0000] {processor.py:186} INFO - Started process (PID=1283) to work on /home/airflow/.local/lib/python3.12/site-packages/airflow/example_dags/example_display_name.py
[2025-03-24T08:19:46.541+0000] {processor.py:914} INFO - Processing file /home/airflow/.local/lib/python3.12/site-packages/airflow/example_dags/example_display_name.py for tasks to queue
[2025-03-24T08:19:46.544+0000] {logging_mixin.py:190} INFO - [2025-03-24T08:19:46.544+0000] {dagbag.py:588} INFO - Filling up the DagBag from /home/airflow/.local/lib/python3.12/site-packages/airflow/example_dags/example_display_name.py
[2025-03-24T08:19:46.553+0000] {processor.py:925} INFO - DAG(s) 'example_display_name' retrieved from /home/airflow/.local/lib/python3.12/site-packages/airflow/example_dags/example_display_name.py
[2025-03-24T08:19:46.576+0000] {logging_mixin.py:190} INFO - [2025-03-24T08:19:46.576+0000] {dag.py:3239} INFO - Sync 1 DAGs
[2025-03-24T08:19:46.596+0000] {logging_mixin.py:190} INFO - [2025-03-24T08:19:46.595+0000] {dag.py:4180} INFO - Setting next_dagrun for example_display_name to None, run_after=None
[2025-03-24T08:19:46.621+0000] {processor.py:208} INFO - Processing /home/airflow/.local/lib/python3.12/site-packages/airflow/example_dags/example_display_name.py took 0.088 seconds
[2025-03-24T08:20:17.440+0000] {processor.py:186} INFO - Started process (PID=1347) to work on /home/airflow/.local/lib/python3.12/site-packages/airflow/example_dags/example_display_name.py
[2025-03-24T08:20:17.441+0000] {processor.py:914} INFO - Processing file /home/airflow/.local/lib/python3.12/site-packages/airflow/example_dags/example_display_name.py for tasks to queue
[2025-03-24T08:20:17.444+0000] {logging_mixin.py:190} INFO - [2025-03-24T08:20:17.444+0000] {dagbag.py:588} INFO - Filling up the DagBag from /home/airflow/.local/lib/python3.12/site-packages/airflow/example_dags/example_display_name.py
[2025-03-24T08:20:17.454+0000] {processor.py:925} INFO - DAG(s) 'example_display_name' retrieved from /home/airflow/.local/lib/python3.12/site-packages/airflow/example_dags/example_display_name.py
[2025-03-24T08:20:17.475+0000] {logging_mixin.py:190} INFO - [2025-03-24T08:20:17.475+0000] {dag.py:3239} INFO - Sync 1 DAGs
[2025-03-24T08:20:17.493+0000] {logging_mixin.py:190} INFO - [2025-03-24T08:20:17.493+0000] {dag.py:4180} INFO - Setting next_dagrun for example_display_name to None, run_after=None
[2025-03-24T08:20:17.515+0000] {processor.py:208} INFO - Processing /home/airflow/.local/lib/python3.12/site-packages/airflow/example_dags/example_display_name.py took 0.082 seconds
[2025-03-24T08:20:48.504+0000] {processor.py:186} INFO - Started process (PID=1411) to work on /home/airflow/.local/lib/python3.12/site-packages/airflow/example_dags/example_display_name.py
[2025-03-24T08:20:48.505+0000] {processor.py:914} INFO - Processing file /home/airflow/.local/lib/python3.12/site-packages/airflow/example_dags/example_display_name.py for tasks to queue
[2025-03-24T08:20:48.507+0000] {logging_mixin.py:190} INFO - [2025-03-24T08:20:48.507+0000] {dagbag.py:588} INFO - Filling up the DagBag from /home/airflow/.local/lib/python3.12/site-packages/airflow/example_dags/example_display_name.py
[2025-03-24T08:20:48.516+0000] {processor.py:925} INFO - DAG(s) 'example_display_name' retrieved from /home/airflow/.local/lib/python3.12/site-packages/airflow/example_dags/example_display_name.py
[2025-03-24T08:20:48.543+0000] {logging_mixin.py:190} INFO - [2025-03-24T08:20:48.542+0000] {dag.py:3239} INFO - Sync 1 DAGs
[2025-03-24T08:20:48.561+0000] {logging_mixin.py:190} INFO - [2025-03-24T08:20:48.561+0000] {dag.py:4180} INFO - Setting next_dagrun for example_display_name to None, run_after=None
[2025-03-24T08:20:48.587+0000] {processor.py:208} INFO - Processing /home/airflow/.local/lib/python3.12/site-packages/airflow/example_dags/example_display_name.py took 0.090 seconds
[2025-03-24T08:21:19.103+0000] {processor.py:186} INFO - Started process (PID=1475) to work on /home/airflow/.local/lib/python3.12/site-packages/airflow/example_dags/example_display_name.py
[2025-03-24T08:21:19.104+0000] {processor.py:914} INFO - Processing file /home/airflow/.local/lib/python3.12/site-packages/airflow/example_dags/example_display_name.py for tasks to queue
[2025-03-24T08:21:19.107+0000] {logging_mixin.py:190} INFO - [2025-03-24T08:21:19.107+0000] {dagbag.py:588} INFO - Filling up the DagBag from /home/airflow/.local/lib/python3.12/site-packages/airflow/example_dags/example_display_name.py
[2025-03-24T08:21:19.116+0000] {processor.py:925} INFO - DAG(s) 'example_display_name' retrieved from /home/airflow/.local/lib/python3.12/site-packages/airflow/example_dags/example_display_name.py
[2025-03-24T08:21:19.137+0000] {logging_mixin.py:190} INFO - [2025-03-24T08:21:19.136+0000] {dag.py:3239} INFO - Sync 1 DAGs
[2025-03-24T08:21:19.153+0000] {logging_mixin.py:190} INFO - [2025-03-24T08:21:19.153+0000] {dag.py:4180} INFO - Setting next_dagrun for example_display_name to None, run_after=None
[2025-03-24T08:21:19.175+0000] {processor.py:208} INFO - Processing /home/airflow/.local/lib/python3.12/site-packages/airflow/example_dags/example_display_name.py took 0.079 seconds
[2025-03-24T08:21:49.499+0000] {processor.py:186} INFO - Started process (PID=1539) to work on /home/airflow/.local/lib/python3.12/site-packages/airflow/example_dags/example_display_name.py
[2025-03-24T08:21:49.500+0000] {processor.py:914} INFO - Processing file /home/airflow/.local/lib/python3.12/site-packages/airflow/example_dags/example_display_name.py for tasks to queue
[2025-03-24T08:21:49.503+0000] {logging_mixin.py:190} INFO - [2025-03-24T08:21:49.502+0000] {dagbag.py:588} INFO - Filling up the DagBag from /home/airflow/.local/lib/python3.12/site-packages/airflow/example_dags/example_display_name.py
[2025-03-24T08:21:49.511+0000] {processor.py:925} INFO - DAG(s) 'example_display_name' retrieved from /home/airflow/.local/lib/python3.12/site-packages/airflow/example_dags/example_display_name.py
[2025-03-24T08:21:49.533+0000] {logging_mixin.py:190} INFO - [2025-03-24T08:21:49.532+0000] {dag.py:3239} INFO - Sync 1 DAGs
[2025-03-24T08:21:49.548+0000] {logging_mixin.py:190} INFO - [2025-03-24T08:21:49.548+0000] {dag.py:4180} INFO - Setting next_dagrun for example_display_name to None, run_after=None
[2025-03-24T08:21:49.573+0000] {processor.py:208} INFO - Processing /home/airflow/.local/lib/python3.12/site-packages/airflow/example_dags/example_display_name.py took 0.081 seconds
[2025-03-24T08:22:20.230+0000] {processor.py:186} INFO - Started process (PID=1603) to work on /home/airflow/.local/lib/python3.12/site-packages/airflow/example_dags/example_display_name.py
[2025-03-24T08:22:20.231+0000] {processor.py:914} INFO - Processing file /home/airflow/.local/lib/python3.12/site-packages/airflow/example_dags/example_display_name.py for tasks to queue
[2025-03-24T08:22:20.234+0000] {logging_mixin.py:190} INFO - [2025-03-24T08:22:20.234+0000] {dagbag.py:588} INFO - Filling up the DagBag from /home/airflow/.local/lib/python3.12/site-packages/airflow/example_dags/example_display_name.py
[2025-03-24T08:22:20.242+0000] {processor.py:925} INFO - DAG(s) 'example_display_name' retrieved from /home/airflow/.local/lib/python3.12/site-packages/airflow/example_dags/example_display_name.py
[2025-03-24T08:22:20.265+0000] {logging_mixin.py:190} INFO - [2025-03-24T08:22:20.264+0000] {dag.py:3239} INFO - Sync 1 DAGs
[2025-03-24T08:22:20.282+0000] {logging_mixin.py:190} INFO - [2025-03-24T08:22:20.282+0000] {dag.py:4180} INFO - Setting next_dagrun for example_display_name to None, run_after=None
[2025-03-24T08:22:20.307+0000] {processor.py:208} INFO - Processing /home/airflow/.local/lib/python3.12/site-packages/airflow/example_dags/example_display_name.py took 0.083 seconds
[2025-03-24T08:22:51.104+0000] {processor.py:186} INFO - Started process (PID=1667) to work on /home/airflow/.local/lib/python3.12/site-packages/airflow/example_dags/example_display_name.py
[2025-03-24T08:22:51.105+0000] {processor.py:914} INFO - Processing file /home/airflow/.local/lib/python3.12/site-packages/airflow/example_dags/example_display_name.py for tasks to queue
[2025-03-24T08:22:51.108+0000] {logging_mixin.py:190} INFO - [2025-03-24T08:22:51.108+0000] {dagbag.py:588} INFO - Filling up the DagBag from /home/airflow/.local/lib/python3.12/site-packages/airflow/example_dags/example_display_name.py
[2025-03-24T08:22:51.117+0000] {processor.py:925} INFO - DAG(s) 'example_display_name' retrieved from /home/airflow/.local/lib/python3.12/site-packages/airflow/example_dags/example_display_name.py
[2025-03-24T08:22:51.138+0000] {logging_mixin.py:190} INFO - [2025-03-24T08:22:51.138+0000] {dag.py:3239} INFO - Sync 1 DAGs
[2025-03-24T08:22:51.156+0000] {logging_mixin.py:190} INFO - [2025-03-24T08:22:51.156+0000] {dag.py:4180} INFO - Setting next_dagrun for example_display_name to None, run_after=None
[2025-03-24T08:22:51.177+0000] {processor.py:208} INFO - Processing /home/airflow/.local/lib/python3.12/site-packages/airflow/example_dags/example_display_name.py took 0.080 seconds
[2025-03-24T08:23:21.390+0000] {processor.py:186} INFO - Started process (PID=1731) to work on /home/airflow/.local/lib/python3.12/site-packages/airflow/example_dags/example_display_name.py
[2025-03-24T08:23:21.392+0000] {processor.py:914} INFO - Processing file /home/airflow/.local/lib/python3.12/site-packages/airflow/example_dags/example_display_name.py for tasks to queue
[2025-03-24T08:23:21.395+0000] {logging_mixin.py:190} INFO - [2025-03-24T08:23:21.394+0000] {dagbag.py:588} INFO - Filling up the DagBag from /home/airflow/.local/lib/python3.12/site-packages/airflow/example_dags/example_display_name.py
[2025-03-24T08:23:21.403+0000] {processor.py:925} INFO - DAG(s) 'example_display_name' retrieved from /home/airflow/.local/lib/python3.12/site-packages/airflow/example_dags/example_display_name.py
[2025-03-24T08:23:21.424+0000] {logging_mixin.py:190} INFO - [2025-03-24T08:23:21.424+0000] {dag.py:3239} INFO - Sync 1 DAGs
[2025-03-24T08:23:21.441+0000] {logging_mixin.py:190} INFO - [2025-03-24T08:23:21.440+0000] {dag.py:4180} INFO - Setting next_dagrun for example_display_name to None, run_after=None
[2025-03-24T08:23:21.462+0000] {processor.py:208} INFO - Processing /home/airflow/.local/lib/python3.12/site-packages/airflow/example_dags/example_display_name.py took 0.078 seconds
[2025-03-24T08:23:51.795+0000] {processor.py:186} INFO - Started process (PID=1795) to work on /home/airflow/.local/lib/python3.12/site-packages/airflow/example_dags/example_display_name.py
[2025-03-24T08:23:51.796+0000] {processor.py:914} INFO - Processing file /home/airflow/.local/lib/python3.12/site-packages/airflow/example_dags/example_display_name.py for tasks to queue
[2025-03-24T08:23:51.799+0000] {logging_mixin.py:190} INFO - [2025-03-24T08:23:51.799+0000] {dagbag.py:588} INFO - Filling up the DagBag from /home/airflow/.local/lib/python3.12/site-packages/airflow/example_dags/example_display_name.py
[2025-03-24T08:23:51.807+0000] {processor.py:925} INFO - DAG(s) 'example_display_name' retrieved from /home/airflow/.local/lib/python3.12/site-packages/airflow/example_dags/example_display_name.py
[2025-03-24T08:23:51.828+0000] {logging_mixin.py:190} INFO - [2025-03-24T08:23:51.828+0000] {dag.py:3239} INFO - Sync 1 DAGs
[2025-03-24T08:23:51.843+0000] {logging_mixin.py:190} INFO - [2025-03-24T08:23:51.843+0000] {dag.py:4180} INFO - Setting next_dagrun for example_display_name to None, run_after=None
[2025-03-24T08:23:51.868+0000] {processor.py:208} INFO - Processing /home/airflow/.local/lib/python3.12/site-packages/airflow/example_dags/example_display_name.py took 0.080 seconds
[2025-03-24T08:24:22.174+0000] {processor.py:186} INFO - Started process (PID=1859) to work on /home/airflow/.local/lib/python3.12/site-packages/airflow/example_dags/example_display_name.py
[2025-03-24T08:24:22.175+0000] {processor.py:914} INFO - Processing file /home/airflow/.local/lib/python3.12/site-packages/airflow/example_dags/example_display_name.py for tasks to queue
[2025-03-24T08:24:22.179+0000] {logging_mixin.py:190} INFO - [2025-03-24T08:24:22.178+0000] {dagbag.py:588} INFO - Filling up the DagBag from /home/airflow/.local/lib/python3.12/site-packages/airflow/example_dags/example_display_name.py
[2025-03-24T08:24:22.187+0000] {processor.py:925} INFO - DAG(s) 'example_display_name' retrieved from /home/airflow/.local/lib/python3.12/site-packages/airflow/example_dags/example_display_name.py
[2025-03-24T08:24:22.211+0000] {logging_mixin.py:190} INFO - [2025-03-24T08:24:22.210+0000] {dag.py:3239} INFO - Sync 1 DAGs
[2025-03-24T08:24:22.229+0000] {logging_mixin.py:190} INFO - [2025-03-24T08:24:22.228+0000] {dag.py:4180} INFO - Setting next_dagrun for example_display_name to None, run_after=None
[2025-03-24T08:24:22.258+0000] {processor.py:208} INFO - Processing /home/airflow/.local/lib/python3.12/site-packages/airflow/example_dags/example_display_name.py took 0.090 seconds
[2025-03-24T08:24:52.436+0000] {processor.py:186} INFO - Started process (PID=1923) to work on /home/airflow/.local/lib/python3.12/site-packages/airflow/example_dags/example_display_name.py
[2025-03-24T08:24:52.437+0000] {processor.py:914} INFO - Processing file /home/airflow/.local/lib/python3.12/site-packages/airflow/example_dags/example_display_name.py for tasks to queue
[2025-03-24T08:24:52.440+0000] {logging_mixin.py:190} INFO - [2025-03-24T08:24:52.440+0000] {dagbag.py:588} INFO - Filling up the DagBag from /home/airflow/.local/lib/python3.12/site-packages/airflow/example_dags/example_display_name.py
[2025-03-24T08:24:52.449+0000] {processor.py:925} INFO - DAG(s) 'example_display_name' retrieved from /home/airflow/.local/lib/python3.12/site-packages/airflow/example_dags/example_display_name.py
[2025-03-24T08:24:52.470+0000] {logging_mixin.py:190} INFO - [2025-03-24T08:24:52.470+0000] {dag.py:3239} INFO - Sync 1 DAGs
[2025-03-24T08:24:52.486+0000] {logging_mixin.py:190} INFO - [2025-03-24T08:24:52.486+0000] {dag.py:4180} INFO - Setting next_dagrun for example_display_name to None, run_after=None
[2025-03-24T08:24:52.507+0000] {processor.py:208} INFO - Processing /home/airflow/.local/lib/python3.12/site-packages/airflow/example_dags/example_display_name.py took 0.077 seconds
[2025-03-24T08:25:22.750+0000] {processor.py:186} INFO - Started process (PID=1987) to work on /home/airflow/.local/lib/python3.12/site-packages/airflow/example_dags/example_display_name.py
[2025-03-24T08:25:22.751+0000] {processor.py:914} INFO - Processing file /home/airflow/.local/lib/python3.12/site-packages/airflow/example_dags/example_display_name.py for tasks to queue
[2025-03-24T08:25:22.755+0000] {logging_mixin.py:190} INFO - [2025-03-24T08:25:22.754+0000] {dagbag.py:588} INFO - Filling up the DagBag from /home/airflow/.local/lib/python3.12/site-packages/airflow/example_dags/example_display_name.py
[2025-03-24T08:25:22.763+0000] {processor.py:925} INFO - DAG(s) 'example_display_name' retrieved from /home/airflow/.local/lib/python3.12/site-packages/airflow/example_dags/example_display_name.py
[2025-03-24T08:25:22.785+0000] {logging_mixin.py:190} INFO - [2025-03-24T08:25:22.784+0000] {dag.py:3239} INFO - Sync 1 DAGs
[2025-03-24T08:25:22.800+0000] {logging_mixin.py:190} INFO - [2025-03-24T08:25:22.800+0000] {dag.py:4180} INFO - Setting next_dagrun for example_display_name to None, run_after=None
[2025-03-24T08:25:22.822+0000] {processor.py:208} INFO - Processing /home/airflow/.local/lib/python3.12/site-packages/airflow/example_dags/example_display_name.py took 0.079 seconds
[2025-03-24T08:25:52.968+0000] {processor.py:186} INFO - Started process (PID=2051) to work on /home/airflow/.local/lib/python3.12/site-packages/airflow/example_dags/example_display_name.py
[2025-03-24T08:25:52.969+0000] {processor.py:914} INFO - Processing file /home/airflow/.local/lib/python3.12/site-packages/airflow/example_dags/example_display_name.py for tasks to queue
[2025-03-24T08:25:52.972+0000] {logging_mixin.py:190} INFO - [2025-03-24T08:25:52.972+0000] {dagbag.py:588} INFO - Filling up the DagBag from /home/airflow/.local/lib/python3.12/site-packages/airflow/example_dags/example_display_name.py
[2025-03-24T08:25:52.982+0000] {processor.py:925} INFO - DAG(s) 'example_display_name' retrieved from /home/airflow/.local/lib/python3.12/site-packages/airflow/example_dags/example_display_name.py
[2025-03-24T08:25:53.005+0000] {logging_mixin.py:190} INFO - [2025-03-24T08:25:53.005+0000] {dag.py:3239} INFO - Sync 1 DAGs
[2025-03-24T08:25:53.022+0000] {logging_mixin.py:190} INFO - [2025-03-24T08:25:53.022+0000] {dag.py:4180} INFO - Setting next_dagrun for example_display_name to None, run_after=None
[2025-03-24T08:25:53.047+0000] {processor.py:208} INFO - Processing /home/airflow/.local/lib/python3.12/site-packages/airflow/example_dags/example_display_name.py took 0.085 seconds
[2025-03-24T08:26:23.233+0000] {processor.py:186} INFO - Started process (PID=2115) to work on /home/airflow/.local/lib/python3.12/site-packages/airflow/example_dags/example_display_name.py
[2025-03-24T08:26:23.234+0000] {processor.py:914} INFO - Processing file /home/airflow/.local/lib/python3.12/site-packages/airflow/example_dags/example_display_name.py for tasks to queue
[2025-03-24T08:26:23.238+0000] {logging_mixin.py:190} INFO - [2025-03-24T08:26:23.237+0000] {dagbag.py:588} INFO - Filling up the DagBag from /home/airflow/.local/lib/python3.12/site-packages/airflow/example_dags/example_display_name.py
[2025-03-24T08:26:23.246+0000] {processor.py:925} INFO - DAG(s) 'example_display_name' retrieved from /home/airflow/.local/lib/python3.12/site-packages/airflow/example_dags/example_display_name.py
[2025-03-24T08:26:23.268+0000] {logging_mixin.py:190} INFO - [2025-03-24T08:26:23.268+0000] {dag.py:3239} INFO - Sync 1 DAGs
[2025-03-24T08:26:23.284+0000] {logging_mixin.py:190} INFO - [2025-03-24T08:26:23.284+0000] {dag.py:4180} INFO - Setting next_dagrun for example_display_name to None, run_after=None
[2025-03-24T08:26:23.310+0000] {processor.py:208} INFO - Processing /home/airflow/.local/lib/python3.12/site-packages/airflow/example_dags/example_display_name.py took 0.083 seconds
[2025-03-24T08:26:53.485+0000] {processor.py:186} INFO - Started process (PID=2179) to work on /home/airflow/.local/lib/python3.12/site-packages/airflow/example_dags/example_display_name.py
[2025-03-24T08:26:53.487+0000] {processor.py:914} INFO - Processing file /home/airflow/.local/lib/python3.12/site-packages/airflow/example_dags/example_display_name.py for tasks to queue
[2025-03-24T08:26:53.489+0000] {logging_mixin.py:190} INFO - [2025-03-24T08:26:53.489+0000] {dagbag.py:588} INFO - Filling up the DagBag from /home/airflow/.local/lib/python3.12/site-packages/airflow/example_dags/example_display_name.py
[2025-03-24T08:26:53.497+0000] {processor.py:925} INFO - DAG(s) 'example_display_name' retrieved from /home/airflow/.local/lib/python3.12/site-packages/airflow/example_dags/example_display_name.py
[2025-03-24T08:26:53.518+0000] {logging_mixin.py:190} INFO - [2025-03-24T08:26:53.518+0000] {dag.py:3239} INFO - Sync 1 DAGs
[2025-03-24T08:26:53.534+0000] {logging_mixin.py:190} INFO - [2025-03-24T08:26:53.533+0000] {dag.py:4180} INFO - Setting next_dagrun for example_display_name to None, run_after=None
[2025-03-24T08:26:53.557+0000] {processor.py:208} INFO - Processing /home/airflow/.local/lib/python3.12/site-packages/airflow/example_dags/example_display_name.py took 0.079 seconds
[2025-03-24T08:27:23.640+0000] {processor.py:186} INFO - Started process (PID=2243) to work on /home/airflow/.local/lib/python3.12/site-packages/airflow/example_dags/example_display_name.py
[2025-03-24T08:27:23.642+0000] {processor.py:914} INFO - Processing file /home/airflow/.local/lib/python3.12/site-packages/airflow/example_dags/example_display_name.py for tasks to queue
[2025-03-24T08:27:23.644+0000] {logging_mixin.py:190} INFO - [2025-03-24T08:27:23.644+0000] {dagbag.py:588} INFO - Filling up the DagBag from /home/airflow/.local/lib/python3.12/site-packages/airflow/example_dags/example_display_name.py
[2025-03-24T08:27:23.652+0000] {processor.py:925} INFO - DAG(s) 'example_display_name' retrieved from /home/airflow/.local/lib/python3.12/site-packages/airflow/example_dags/example_display_name.py
[2025-03-24T08:27:23.673+0000] {logging_mixin.py:190} INFO - [2025-03-24T08:27:23.673+0000] {dag.py:3239} INFO - Sync 1 DAGs
[2025-03-24T08:27:23.689+0000] {logging_mixin.py:190} INFO - [2025-03-24T08:27:23.689+0000] {dag.py:4180} INFO - Setting next_dagrun for example_display_name to None, run_after=None
[2025-03-24T08:27:23.711+0000] {processor.py:208} INFO - Processing /home/airflow/.local/lib/python3.12/site-packages/airflow/example_dags/example_display_name.py took 0.077 seconds
[2025-03-24T08:27:54.453+0000] {processor.py:186} INFO - Started process (PID=2305) to work on /home/airflow/.local/lib/python3.12/site-packages/airflow/example_dags/example_display_name.py
[2025-03-24T08:27:54.454+0000] {processor.py:914} INFO - Processing file /home/airflow/.local/lib/python3.12/site-packages/airflow/example_dags/example_display_name.py for tasks to queue
[2025-03-24T08:27:54.457+0000] {logging_mixin.py:190} INFO - [2025-03-24T08:27:54.456+0000] {dagbag.py:588} INFO - Filling up the DagBag from /home/airflow/.local/lib/python3.12/site-packages/airflow/example_dags/example_display_name.py
[2025-03-24T08:27:54.465+0000] {processor.py:925} INFO - DAG(s) 'example_display_name' retrieved from /home/airflow/.local/lib/python3.12/site-packages/airflow/example_dags/example_display_name.py
[2025-03-24T08:27:54.486+0000] {logging_mixin.py:190} INFO - [2025-03-24T08:27:54.486+0000] {dag.py:3239} INFO - Sync 1 DAGs
[2025-03-24T08:27:54.502+0000] {logging_mixin.py:190} INFO - [2025-03-24T08:27:54.502+0000] {dag.py:4180} INFO - Setting next_dagrun for example_display_name to None, run_after=None
[2025-03-24T08:27:54.528+0000] {processor.py:208} INFO - Processing /home/airflow/.local/lib/python3.12/site-packages/airflow/example_dags/example_display_name.py took 0.081 seconds
[2025-03-24T08:28:25.209+0000] {processor.py:186} INFO - Started process (PID=2368) to work on /home/airflow/.local/lib/python3.12/site-packages/airflow/example_dags/example_display_name.py
[2025-03-24T08:28:25.210+0000] {processor.py:914} INFO - Processing file /home/airflow/.local/lib/python3.12/site-packages/airflow/example_dags/example_display_name.py for tasks to queue
[2025-03-24T08:28:25.212+0000] {logging_mixin.py:190} INFO - [2025-03-24T08:28:25.212+0000] {dagbag.py:588} INFO - Filling up the DagBag from /home/airflow/.local/lib/python3.12/site-packages/airflow/example_dags/example_display_name.py
[2025-03-24T08:28:25.220+0000] {processor.py:925} INFO - DAG(s) 'example_display_name' retrieved from /home/airflow/.local/lib/python3.12/site-packages/airflow/example_dags/example_display_name.py
[2025-03-24T08:28:25.241+0000] {logging_mixin.py:190} INFO - [2025-03-24T08:28:25.241+0000] {dag.py:3239} INFO - Sync 1 DAGs
[2025-03-24T08:28:25.258+0000] {logging_mixin.py:190} INFO - [2025-03-24T08:28:25.258+0000] {dag.py:4180} INFO - Setting next_dagrun for example_display_name to None, run_after=None
[2025-03-24T08:28:25.280+0000] {processor.py:208} INFO - Processing /home/airflow/.local/lib/python3.12/site-packages/airflow/example_dags/example_display_name.py took 0.078 seconds
[2025-03-24T08:28:56.154+0000] {processor.py:186} INFO - Started process (PID=2431) to work on /home/airflow/.local/lib/python3.12/site-packages/airflow/example_dags/example_display_name.py
[2025-03-24T08:28:56.155+0000] {processor.py:914} INFO - Processing file /home/airflow/.local/lib/python3.12/site-packages/airflow/example_dags/example_display_name.py for tasks to queue
[2025-03-24T08:28:56.158+0000] {logging_mixin.py:190} INFO - [2025-03-24T08:28:56.157+0000] {dagbag.py:588} INFO - Filling up the DagBag from /home/airflow/.local/lib/python3.12/site-packages/airflow/example_dags/example_display_name.py
[2025-03-24T08:28:56.167+0000] {processor.py:925} INFO - DAG(s) 'example_display_name' retrieved from /home/airflow/.local/lib/python3.12/site-packages/airflow/example_dags/example_display_name.py
[2025-03-24T08:28:56.188+0000] {logging_mixin.py:190} INFO - [2025-03-24T08:28:56.188+0000] {dag.py:3239} INFO - Sync 1 DAGs
[2025-03-24T08:28:56.205+0000] {logging_mixin.py:190} INFO - [2025-03-24T08:28:56.205+0000] {dag.py:4180} INFO - Setting next_dagrun for example_display_name to None, run_after=None
[2025-03-24T08:28:56.232+0000] {processor.py:208} INFO - Processing /home/airflow/.local/lib/python3.12/site-packages/airflow/example_dags/example_display_name.py took 0.085 seconds
[2025-03-24T08:29:27.275+0000] {processor.py:186} INFO - Started process (PID=2495) to work on /home/airflow/.local/lib/python3.12/site-packages/airflow/example_dags/example_display_name.py
[2025-03-24T08:29:27.277+0000] {processor.py:914} INFO - Processing file /home/airflow/.local/lib/python3.12/site-packages/airflow/example_dags/example_display_name.py for tasks to queue
[2025-03-24T08:29:27.280+0000] {logging_mixin.py:190} INFO - [2025-03-24T08:29:27.279+0000] {dagbag.py:588} INFO - Filling up the DagBag from /home/airflow/.local/lib/python3.12/site-packages/airflow/example_dags/example_display_name.py
[2025-03-24T08:29:27.290+0000] {processor.py:925} INFO - DAG(s) 'example_display_name' retrieved from /home/airflow/.local/lib/python3.12/site-packages/airflow/example_dags/example_display_name.py
[2025-03-24T08:29:27.318+0000] {logging_mixin.py:190} INFO - [2025-03-24T08:29:27.318+0000] {dag.py:3239} INFO - Sync 1 DAGs
[2025-03-24T08:29:27.342+0000] {logging_mixin.py:190} INFO - [2025-03-24T08:29:27.342+0000] {dag.py:4180} INFO - Setting next_dagrun for example_display_name to None, run_after=None
[2025-03-24T08:29:27.371+0000] {processor.py:208} INFO - Processing /home/airflow/.local/lib/python3.12/site-packages/airflow/example_dags/example_display_name.py took 0.102 seconds
[2025-03-24T08:29:58.053+0000] {processor.py:186} INFO - Started process (PID=2558) to work on /home/airflow/.local/lib/python3.12/site-packages/airflow/example_dags/example_display_name.py
[2025-03-24T08:29:58.054+0000] {processor.py:914} INFO - Processing file /home/airflow/.local/lib/python3.12/site-packages/airflow/example_dags/example_display_name.py for tasks to queue
[2025-03-24T08:29:58.057+0000] {logging_mixin.py:190} INFO - [2025-03-24T08:29:58.057+0000] {dagbag.py:588} INFO - Filling up the DagBag from /home/airflow/.local/lib/python3.12/site-packages/airflow/example_dags/example_display_name.py
[2025-03-24T08:29:58.069+0000] {processor.py:925} INFO - DAG(s) 'example_display_name' retrieved from /home/airflow/.local/lib/python3.12/site-packages/airflow/example_dags/example_display_name.py
[2025-03-24T08:29:58.090+0000] {logging_mixin.py:190} INFO - [2025-03-24T08:29:58.090+0000] {dag.py:3239} INFO - Sync 1 DAGs
[2025-03-24T08:29:58.113+0000] {logging_mixin.py:190} INFO - [2025-03-24T08:29:58.113+0000] {dag.py:4180} INFO - Setting next_dagrun for example_display_name to None, run_after=None
[2025-03-24T08:29:58.149+0000] {processor.py:208} INFO - Processing /home/airflow/.local/lib/python3.12/site-packages/airflow/example_dags/example_display_name.py took 0.103 seconds
[2025-03-24T08:30:28.878+0000] {processor.py:186} INFO - Started process (PID=2620) to work on /home/airflow/.local/lib/python3.12/site-packages/airflow/example_dags/example_display_name.py
[2025-03-24T08:30:28.879+0000] {processor.py:914} INFO - Processing file /home/airflow/.local/lib/python3.12/site-packages/airflow/example_dags/example_display_name.py for tasks to queue
[2025-03-24T08:30:28.881+0000] {logging_mixin.py:190} INFO - [2025-03-24T08:30:28.881+0000] {dagbag.py:588} INFO - Filling up the DagBag from /home/airflow/.local/lib/python3.12/site-packages/airflow/example_dags/example_display_name.py
[2025-03-24T08:30:28.889+0000] {processor.py:925} INFO - DAG(s) 'example_display_name' retrieved from /home/airflow/.local/lib/python3.12/site-packages/airflow/example_dags/example_display_name.py
[2025-03-24T08:30:28.910+0000] {logging_mixin.py:190} INFO - [2025-03-24T08:30:28.910+0000] {dag.py:3239} INFO - Sync 1 DAGs
[2025-03-24T08:30:28.925+0000] {logging_mixin.py:190} INFO - [2025-03-24T08:30:28.925+0000] {dag.py:4180} INFO - Setting next_dagrun for example_display_name to None, run_after=None
[2025-03-24T08:30:28.947+0000] {processor.py:208} INFO - Processing /home/airflow/.local/lib/python3.12/site-packages/airflow/example_dags/example_display_name.py took 0.076 seconds
[2025-03-24T08:30:59.541+0000] {processor.py:186} INFO - Started process (PID=2679) to work on /home/airflow/.local/lib/python3.12/site-packages/airflow/example_dags/example_display_name.py
[2025-03-24T08:30:59.542+0000] {processor.py:914} INFO - Processing file /home/airflow/.local/lib/python3.12/site-packages/airflow/example_dags/example_display_name.py for tasks to queue
[2025-03-24T08:30:59.545+0000] {logging_mixin.py:190} INFO - [2025-03-24T08:30:59.545+0000] {dagbag.py:588} INFO - Filling up the DagBag from /home/airflow/.local/lib/python3.12/site-packages/airflow/example_dags/example_display_name.py
[2025-03-24T08:30:59.555+0000] {processor.py:925} INFO - DAG(s) 'example_display_name' retrieved from /home/airflow/.local/lib/python3.12/site-packages/airflow/example_dags/example_display_name.py
[2025-03-24T08:30:59.576+0000] {logging_mixin.py:190} INFO - [2025-03-24T08:30:59.576+0000] {dag.py:3239} INFO - Sync 1 DAGs
[2025-03-24T08:30:59.592+0000] {logging_mixin.py:190} INFO - [2025-03-24T08:30:59.592+0000] {dag.py:4180} INFO - Setting next_dagrun for example_display_name to None, run_after=None
[2025-03-24T08:30:59.617+0000] {processor.py:208} INFO - Processing /home/airflow/.local/lib/python3.12/site-packages/airflow/example_dags/example_display_name.py took 0.082 seconds
[2025-03-24T08:31:31.122+0000] {processor.py:186} INFO - Started process (PID=2741) to work on /home/airflow/.local/lib/python3.12/site-packages/airflow/example_dags/example_display_name.py
[2025-03-24T08:31:31.123+0000] {processor.py:914} INFO - Processing file /home/airflow/.local/lib/python3.12/site-packages/airflow/example_dags/example_display_name.py for tasks to queue
[2025-03-24T08:31:31.126+0000] {logging_mixin.py:190} INFO - [2025-03-24T08:31:31.126+0000] {dagbag.py:588} INFO - Filling up the DagBag from /home/airflow/.local/lib/python3.12/site-packages/airflow/example_dags/example_display_name.py
[2025-03-24T08:31:31.134+0000] {processor.py:925} INFO - DAG(s) 'example_display_name' retrieved from /home/airflow/.local/lib/python3.12/site-packages/airflow/example_dags/example_display_name.py
[2025-03-24T08:31:31.156+0000] {logging_mixin.py:190} INFO - [2025-03-24T08:31:31.156+0000] {dag.py:3239} INFO - Sync 1 DAGs
[2025-03-24T08:31:31.172+0000] {logging_mixin.py:190} INFO - [2025-03-24T08:31:31.172+0000] {dag.py:4180} INFO - Setting next_dagrun for example_display_name to None, run_after=None
[2025-03-24T08:31:31.197+0000] {processor.py:208} INFO - Processing /home/airflow/.local/lib/python3.12/site-packages/airflow/example_dags/example_display_name.py took 0.081 seconds
[2025-03-24T08:32:01.902+0000] {processor.py:186} INFO - Started process (PID=2800) to work on /home/airflow/.local/lib/python3.12/site-packages/airflow/example_dags/example_display_name.py
[2025-03-24T08:32:01.904+0000] {processor.py:914} INFO - Processing file /home/airflow/.local/lib/python3.12/site-packages/airflow/example_dags/example_display_name.py for tasks to queue
[2025-03-24T08:32:01.906+0000] {logging_mixin.py:190} INFO - [2025-03-24T08:32:01.906+0000] {dagbag.py:588} INFO - Filling up the DagBag from /home/airflow/.local/lib/python3.12/site-packages/airflow/example_dags/example_display_name.py
[2025-03-24T08:32:01.915+0000] {processor.py:925} INFO - DAG(s) 'example_display_name' retrieved from /home/airflow/.local/lib/python3.12/site-packages/airflow/example_dags/example_display_name.py
[2025-03-24T08:32:01.945+0000] {logging_mixin.py:190} INFO - [2025-03-24T08:32:01.944+0000] {dag.py:3239} INFO - Sync 1 DAGs
[2025-03-24T08:32:01.966+0000] {logging_mixin.py:190} INFO - [2025-03-24T08:32:01.966+0000] {dag.py:4180} INFO - Setting next_dagrun for example_display_name to None, run_after=None
[2025-03-24T08:32:01.986+0000] {processor.py:208} INFO - Processing /home/airflow/.local/lib/python3.12/site-packages/airflow/example_dags/example_display_name.py took 0.090 seconds
[2025-03-24T08:32:32.398+0000] {processor.py:186} INFO - Started process (PID=2858) to work on /home/airflow/.local/lib/python3.12/site-packages/airflow/example_dags/example_display_name.py
[2025-03-24T08:32:32.400+0000] {processor.py:914} INFO - Processing file /home/airflow/.local/lib/python3.12/site-packages/airflow/example_dags/example_display_name.py for tasks to queue
[2025-03-24T08:32:32.402+0000] {logging_mixin.py:190} INFO - [2025-03-24T08:32:32.402+0000] {dagbag.py:588} INFO - Filling up the DagBag from /home/airflow/.local/lib/python3.12/site-packages/airflow/example_dags/example_display_name.py
[2025-03-24T08:32:32.411+0000] {processor.py:925} INFO - DAG(s) 'example_display_name' retrieved from /home/airflow/.local/lib/python3.12/site-packages/airflow/example_dags/example_display_name.py
[2025-03-24T08:32:32.430+0000] {logging_mixin.py:190} INFO - [2025-03-24T08:32:32.430+0000] {dag.py:3239} INFO - Sync 1 DAGs
[2025-03-24T08:32:32.447+0000] {logging_mixin.py:190} INFO - [2025-03-24T08:32:32.447+0000] {dag.py:4180} INFO - Setting next_dagrun for example_display_name to None, run_after=None
[2025-03-24T08:32:32.470+0000] {processor.py:208} INFO - Processing /home/airflow/.local/lib/python3.12/site-packages/airflow/example_dags/example_display_name.py took 0.078 seconds
[2025-03-24T08:33:03.856+0000] {processor.py:186} INFO - Started process (PID=2921) to work on /home/airflow/.local/lib/python3.12/site-packages/airflow/example_dags/example_display_name.py
[2025-03-24T08:33:03.857+0000] {processor.py:914} INFO - Processing file /home/airflow/.local/lib/python3.12/site-packages/airflow/example_dags/example_display_name.py for tasks to queue
[2025-03-24T08:33:03.860+0000] {logging_mixin.py:190} INFO - [2025-03-24T08:33:03.860+0000] {dagbag.py:588} INFO - Filling up the DagBag from /home/airflow/.local/lib/python3.12/site-packages/airflow/example_dags/example_display_name.py
[2025-03-24T08:33:03.870+0000] {processor.py:925} INFO - DAG(s) 'example_display_name' retrieved from /home/airflow/.local/lib/python3.12/site-packages/airflow/example_dags/example_display_name.py
[2025-03-24T08:33:03.892+0000] {logging_mixin.py:190} INFO - [2025-03-24T08:33:03.891+0000] {dag.py:3239} INFO - Sync 1 DAGs
[2025-03-24T08:33:03.910+0000] {logging_mixin.py:190} INFO - [2025-03-24T08:33:03.909+0000] {dag.py:4180} INFO - Setting next_dagrun for example_display_name to None, run_after=None
[2025-03-24T08:33:03.934+0000] {processor.py:208} INFO - Processing /home/airflow/.local/lib/python3.12/site-packages/airflow/example_dags/example_display_name.py took 0.084 seconds
