[2025-03-24T08:10:04.949+0000] {processor.py:186} INFO - Started process (PID=70) to work on /home/airflow/.local/lib/python3.12/site-packages/airflow/example_dags/example_branch_python_dop_operator_3.py
[2025-03-24T08:10:04.950+0000] {processor.py:914} INFO - Processing file /home/airflow/.local/lib/python3.12/site-packages/airflow/example_dags/example_branch_python_dop_operator_3.py for tasks to queue
[2025-03-24T08:10:04.953+0000] {logging_mixin.py:190} INFO - [2025-03-24T08:10:04.952+0000] {dagbag.py:588} INFO - Filling up the DagBag from /home/airflow/.local/lib/python3.12/site-packages/airflow/example_dags/example_branch_python_dop_operator_3.py
[2025-03-24T08:10:04.966+0000] {processor.py:925} INFO - DAG(s) 'example_branch_dop_operator_v3' retrieved from /home/airflow/.local/lib/python3.12/site-packages/airflow/example_dags/example_branch_python_dop_operator_3.py
[2025-03-24T08:10:05.095+0000] {logging_mixin.py:190} INFO - [2025-03-24T08:10:05.094+0000] {override.py:1912} INFO - Created Permission View: can read on DAG:example_branch_dop_operator_v3
[2025-03-24T08:10:05.106+0000] {logging_mixin.py:190} INFO - [2025-03-24T08:10:05.106+0000] {override.py:1912} INFO - Created Permission View: can delete on DAG:example_branch_dop_operator_v3
[2025-03-24T08:10:05.114+0000] {logging_mixin.py:190} INFO - [2025-03-24T08:10:05.113+0000] {override.py:1912} INFO - Created Permission View: can edit on DAG:example_branch_dop_operator_v3
[2025-03-24T08:10:05.122+0000] {logging_mixin.py:190} INFO - [2025-03-24T08:10:05.122+0000] {override.py:1912} INFO - Created Permission View: can create on DAG Run:example_branch_dop_operator_v3
[2025-03-24T08:10:05.130+0000] {logging_mixin.py:190} INFO - [2025-03-24T08:10:05.130+0000] {override.py:1912} INFO - Created Permission View: menu access on DAG Run:example_branch_dop_operator_v3
[2025-03-24T08:10:05.141+0000] {logging_mixin.py:190} INFO - [2025-03-24T08:10:05.140+0000] {override.py:1912} INFO - Created Permission View: can read on DAG Run:example_branch_dop_operator_v3
[2025-03-24T08:10:05.161+0000] {logging_mixin.py:190} INFO - [2025-03-24T08:10:05.161+0000] {override.py:1912} INFO - Created Permission View: can delete on DAG Run:example_branch_dop_operator_v3
[2025-03-24T08:10:05.162+0000] {logging_mixin.py:190} INFO - [2025-03-24T08:10:05.162+0000] {dag.py:3239} INFO - Sync 1 DAGs
[2025-03-24T08:10:05.198+0000] {logging_mixin.py:190} INFO - [2025-03-24T08:10:05.196+0000] {dag.py:3262} INFO - Creating ORM DAG for example_branch_dop_operator_v3
[2025-03-24T08:10:05.218+0000] {logging_mixin.py:190} INFO - [2025-03-24T08:10:05.217+0000] {dag.py:4180} INFO - Setting next_dagrun for example_branch_dop_operator_v3 to 2025-03-24 08:09:00+00:00, run_after=2025-03-24 08:10:00+00:00
[2025-03-24T08:10:05.240+0000] {processor.py:208} INFO - Processing /home/airflow/.local/lib/python3.12/site-packages/airflow/example_dags/example_branch_python_dop_operator_3.py took 0.298 seconds
[2025-03-24T08:10:36.197+0000] {processor.py:186} INFO - Started process (PID=133) to work on /home/airflow/.local/lib/python3.12/site-packages/airflow/example_dags/example_branch_python_dop_operator_3.py
[2025-03-24T08:10:36.200+0000] {processor.py:914} INFO - Processing file /home/airflow/.local/lib/python3.12/site-packages/airflow/example_dags/example_branch_python_dop_operator_3.py for tasks to queue
[2025-03-24T08:10:36.203+0000] {logging_mixin.py:190} INFO - [2025-03-24T08:10:36.203+0000] {dagbag.py:588} INFO - Filling up the DagBag from /home/airflow/.local/lib/python3.12/site-packages/airflow/example_dags/example_branch_python_dop_operator_3.py
[2025-03-24T08:10:36.215+0000] {processor.py:925} INFO - DAG(s) 'example_branch_dop_operator_v3' retrieved from /home/airflow/.local/lib/python3.12/site-packages/airflow/example_dags/example_branch_python_dop_operator_3.py
[2025-03-24T08:10:36.237+0000] {logging_mixin.py:190} INFO - [2025-03-24T08:10:36.237+0000] {dag.py:3239} INFO - Sync 1 DAGs
[2025-03-24T08:10:36.269+0000] {logging_mixin.py:190} INFO - [2025-03-24T08:10:36.269+0000] {dag.py:4180} INFO - Setting next_dagrun for example_branch_dop_operator_v3 to 2025-03-24 08:09:00+00:00, run_after=2025-03-24 08:10:00+00:00
[2025-03-24T08:10:36.294+0000] {processor.py:208} INFO - Processing /home/airflow/.local/lib/python3.12/site-packages/airflow/example_dags/example_branch_python_dop_operator_3.py took 0.107 seconds
[2025-03-24T08:11:06.388+0000] {processor.py:186} INFO - Started process (PID=197) to work on /home/airflow/.local/lib/python3.12/site-packages/airflow/example_dags/example_branch_python_dop_operator_3.py
[2025-03-24T08:11:06.389+0000] {processor.py:914} INFO - Processing file /home/airflow/.local/lib/python3.12/site-packages/airflow/example_dags/example_branch_python_dop_operator_3.py for tasks to queue
[2025-03-24T08:11:06.391+0000] {logging_mixin.py:190} INFO - [2025-03-24T08:11:06.391+0000] {dagbag.py:588} INFO - Filling up the DagBag from /home/airflow/.local/lib/python3.12/site-packages/airflow/example_dags/example_branch_python_dop_operator_3.py
[2025-03-24T08:11:06.402+0000] {processor.py:925} INFO - DAG(s) 'example_branch_dop_operator_v3' retrieved from /home/airflow/.local/lib/python3.12/site-packages/airflow/example_dags/example_branch_python_dop_operator_3.py
[2025-03-24T08:11:06.423+0000] {logging_mixin.py:190} INFO - [2025-03-24T08:11:06.422+0000] {dag.py:3239} INFO - Sync 1 DAGs
[2025-03-24T08:11:06.452+0000] {logging_mixin.py:190} INFO - [2025-03-24T08:11:06.452+0000] {dag.py:4180} INFO - Setting next_dagrun for example_branch_dop_operator_v3 to 2025-03-24 08:10:00+00:00, run_after=2025-03-24 08:11:00+00:00
[2025-03-24T08:11:06.475+0000] {processor.py:208} INFO - Processing /home/airflow/.local/lib/python3.12/site-packages/airflow/example_dags/example_branch_python_dop_operator_3.py took 0.094 seconds
[2025-03-24T08:11:37.188+0000] {processor.py:186} INFO - Started process (PID=261) to work on /home/airflow/.local/lib/python3.12/site-packages/airflow/example_dags/example_branch_python_dop_operator_3.py
[2025-03-24T08:11:37.189+0000] {processor.py:914} INFO - Processing file /home/airflow/.local/lib/python3.12/site-packages/airflow/example_dags/example_branch_python_dop_operator_3.py for tasks to queue
[2025-03-24T08:11:37.192+0000] {logging_mixin.py:190} INFO - [2025-03-24T08:11:37.191+0000] {dagbag.py:588} INFO - Filling up the DagBag from /home/airflow/.local/lib/python3.12/site-packages/airflow/example_dags/example_branch_python_dop_operator_3.py
[2025-03-24T08:11:37.205+0000] {processor.py:925} INFO - DAG(s) 'example_branch_dop_operator_v3' retrieved from /home/airflow/.local/lib/python3.12/site-packages/airflow/example_dags/example_branch_python_dop_operator_3.py
[2025-03-24T08:11:37.228+0000] {logging_mixin.py:190} INFO - [2025-03-24T08:11:37.228+0000] {dag.py:3239} INFO - Sync 1 DAGs
[2025-03-24T08:11:37.259+0000] {logging_mixin.py:190} INFO - [2025-03-24T08:11:37.259+0000] {dag.py:4180} INFO - Setting next_dagrun for example_branch_dop_operator_v3 to 2025-03-24 08:10:00+00:00, run_after=2025-03-24 08:11:00+00:00
[2025-03-24T08:11:37.282+0000] {processor.py:208} INFO - Processing /home/airflow/.local/lib/python3.12/site-packages/airflow/example_dags/example_branch_python_dop_operator_3.py took 0.101 seconds
[2025-03-24T08:12:07.705+0000] {processor.py:186} INFO - Started process (PID=325) to work on /home/airflow/.local/lib/python3.12/site-packages/airflow/example_dags/example_branch_python_dop_operator_3.py
[2025-03-24T08:12:07.707+0000] {processor.py:914} INFO - Processing file /home/airflow/.local/lib/python3.12/site-packages/airflow/example_dags/example_branch_python_dop_operator_3.py for tasks to queue
[2025-03-24T08:12:07.709+0000] {logging_mixin.py:190} INFO - [2025-03-24T08:12:07.709+0000] {dagbag.py:588} INFO - Filling up the DagBag from /home/airflow/.local/lib/python3.12/site-packages/airflow/example_dags/example_branch_python_dop_operator_3.py
[2025-03-24T08:12:07.720+0000] {processor.py:925} INFO - DAG(s) 'example_branch_dop_operator_v3' retrieved from /home/airflow/.local/lib/python3.12/site-packages/airflow/example_dags/example_branch_python_dop_operator_3.py
[2025-03-24T08:12:07.742+0000] {logging_mixin.py:190} INFO - [2025-03-24T08:12:07.741+0000] {dag.py:3239} INFO - Sync 1 DAGs
[2025-03-24T08:12:07.772+0000] {logging_mixin.py:190} INFO - [2025-03-24T08:12:07.772+0000] {dag.py:4180} INFO - Setting next_dagrun for example_branch_dop_operator_v3 to 2025-03-24 08:11:00+00:00, run_after=2025-03-24 08:12:00+00:00
[2025-03-24T08:12:07.794+0000] {processor.py:208} INFO - Processing /home/airflow/.local/lib/python3.12/site-packages/airflow/example_dags/example_branch_python_dop_operator_3.py took 0.095 seconds
[2025-03-24T08:12:37.842+0000] {processor.py:186} INFO - Started process (PID=389) to work on /home/airflow/.local/lib/python3.12/site-packages/airflow/example_dags/example_branch_python_dop_operator_3.py
[2025-03-24T08:12:37.843+0000] {processor.py:914} INFO - Processing file /home/airflow/.local/lib/python3.12/site-packages/airflow/example_dags/example_branch_python_dop_operator_3.py for tasks to queue
[2025-03-24T08:12:37.846+0000] {logging_mixin.py:190} INFO - [2025-03-24T08:12:37.845+0000] {dagbag.py:588} INFO - Filling up the DagBag from /home/airflow/.local/lib/python3.12/site-packages/airflow/example_dags/example_branch_python_dop_operator_3.py
[2025-03-24T08:12:37.857+0000] {processor.py:925} INFO - DAG(s) 'example_branch_dop_operator_v3' retrieved from /home/airflow/.local/lib/python3.12/site-packages/airflow/example_dags/example_branch_python_dop_operator_3.py
[2025-03-24T08:12:37.883+0000] {logging_mixin.py:190} INFO - [2025-03-24T08:12:37.883+0000] {dag.py:3239} INFO - Sync 1 DAGs
[2025-03-24T08:12:37.911+0000] {logging_mixin.py:190} INFO - [2025-03-24T08:12:37.911+0000] {dag.py:4180} INFO - Setting next_dagrun for example_branch_dop_operator_v3 to 2025-03-24 08:11:00+00:00, run_after=2025-03-24 08:12:00+00:00
[2025-03-24T08:12:37.933+0000] {processor.py:208} INFO - Processing /home/airflow/.local/lib/python3.12/site-packages/airflow/example_dags/example_branch_python_dop_operator_3.py took 0.097 seconds
[2025-03-24T08:13:08.092+0000] {processor.py:186} INFO - Started process (PID=453) to work on /home/airflow/.local/lib/python3.12/site-packages/airflow/example_dags/example_branch_python_dop_operator_3.py
[2025-03-24T08:13:08.093+0000] {processor.py:914} INFO - Processing file /home/airflow/.local/lib/python3.12/site-packages/airflow/example_dags/example_branch_python_dop_operator_3.py for tasks to queue
[2025-03-24T08:13:08.096+0000] {logging_mixin.py:190} INFO - [2025-03-24T08:13:08.096+0000] {dagbag.py:588} INFO - Filling up the DagBag from /home/airflow/.local/lib/python3.12/site-packages/airflow/example_dags/example_branch_python_dop_operator_3.py
[2025-03-24T08:13:08.107+0000] {processor.py:925} INFO - DAG(s) 'example_branch_dop_operator_v3' retrieved from /home/airflow/.local/lib/python3.12/site-packages/airflow/example_dags/example_branch_python_dop_operator_3.py
[2025-03-24T08:13:08.127+0000] {logging_mixin.py:190} INFO - [2025-03-24T08:13:08.127+0000] {dag.py:3239} INFO - Sync 1 DAGs
[2025-03-24T08:13:08.156+0000] {logging_mixin.py:190} INFO - [2025-03-24T08:13:08.156+0000] {dag.py:4180} INFO - Setting next_dagrun for example_branch_dop_operator_v3 to 2025-03-24 08:12:00+00:00, run_after=2025-03-24 08:13:00+00:00
[2025-03-24T08:13:08.178+0000] {processor.py:208} INFO - Processing /home/airflow/.local/lib/python3.12/site-packages/airflow/example_dags/example_branch_python_dop_operator_3.py took 0.092 seconds
[2025-03-24T08:13:39.070+0000] {processor.py:186} INFO - Started process (PID=517) to work on /home/airflow/.local/lib/python3.12/site-packages/airflow/example_dags/example_branch_python_dop_operator_3.py
[2025-03-24T08:13:39.071+0000] {processor.py:914} INFO - Processing file /home/airflow/.local/lib/python3.12/site-packages/airflow/example_dags/example_branch_python_dop_operator_3.py for tasks to queue
[2025-03-24T08:13:39.073+0000] {logging_mixin.py:190} INFO - [2025-03-24T08:13:39.073+0000] {dagbag.py:588} INFO - Filling up the DagBag from /home/airflow/.local/lib/python3.12/site-packages/airflow/example_dags/example_branch_python_dop_operator_3.py
[2025-03-24T08:13:39.084+0000] {processor.py:925} INFO - DAG(s) 'example_branch_dop_operator_v3' retrieved from /home/airflow/.local/lib/python3.12/site-packages/airflow/example_dags/example_branch_python_dop_operator_3.py
[2025-03-24T08:13:39.105+0000] {logging_mixin.py:190} INFO - [2025-03-24T08:13:39.105+0000] {dag.py:3239} INFO - Sync 1 DAGs
[2025-03-24T08:13:39.134+0000] {logging_mixin.py:190} INFO - [2025-03-24T08:13:39.134+0000] {dag.py:4180} INFO - Setting next_dagrun for example_branch_dop_operator_v3 to 2025-03-24 08:12:00+00:00, run_after=2025-03-24 08:13:00+00:00
[2025-03-24T08:13:39.157+0000] {processor.py:208} INFO - Processing /home/airflow/.local/lib/python3.12/site-packages/airflow/example_dags/example_branch_python_dop_operator_3.py took 0.093 seconds
[2025-03-24T08:14:10.174+0000] {processor.py:186} INFO - Started process (PID=581) to work on /home/airflow/.local/lib/python3.12/site-packages/airflow/example_dags/example_branch_python_dop_operator_3.py
[2025-03-24T08:14:10.175+0000] {processor.py:914} INFO - Processing file /home/airflow/.local/lib/python3.12/site-packages/airflow/example_dags/example_branch_python_dop_operator_3.py for tasks to queue
[2025-03-24T08:14:10.177+0000] {logging_mixin.py:190} INFO - [2025-03-24T08:14:10.177+0000] {dagbag.py:588} INFO - Filling up the DagBag from /home/airflow/.local/lib/python3.12/site-packages/airflow/example_dags/example_branch_python_dop_operator_3.py
[2025-03-24T08:14:10.188+0000] {processor.py:925} INFO - DAG(s) 'example_branch_dop_operator_v3' retrieved from /home/airflow/.local/lib/python3.12/site-packages/airflow/example_dags/example_branch_python_dop_operator_3.py
[2025-03-24T08:14:10.209+0000] {logging_mixin.py:190} INFO - [2025-03-24T08:14:10.209+0000] {dag.py:3239} INFO - Sync 1 DAGs
[2025-03-24T08:14:10.238+0000] {logging_mixin.py:190} INFO - [2025-03-24T08:14:10.238+0000] {dag.py:4180} INFO - Setting next_dagrun for example_branch_dop_operator_v3 to 2025-03-24 08:13:00+00:00, run_after=2025-03-24 08:14:00+00:00
[2025-03-24T08:14:10.260+0000] {processor.py:208} INFO - Processing /home/airflow/.local/lib/python3.12/site-packages/airflow/example_dags/example_branch_python_dop_operator_3.py took 0.093 seconds
[2025-03-24T08:14:41.160+0000] {processor.py:186} INFO - Started process (PID=645) to work on /home/airflow/.local/lib/python3.12/site-packages/airflow/example_dags/example_branch_python_dop_operator_3.py
[2025-03-24T08:14:41.161+0000] {processor.py:914} INFO - Processing file /home/airflow/.local/lib/python3.12/site-packages/airflow/example_dags/example_branch_python_dop_operator_3.py for tasks to queue
[2025-03-24T08:14:41.163+0000] {logging_mixin.py:190} INFO - [2025-03-24T08:14:41.163+0000] {dagbag.py:588} INFO - Filling up the DagBag from /home/airflow/.local/lib/python3.12/site-packages/airflow/example_dags/example_branch_python_dop_operator_3.py
[2025-03-24T08:14:41.175+0000] {processor.py:925} INFO - DAG(s) 'example_branch_dop_operator_v3' retrieved from /home/airflow/.local/lib/python3.12/site-packages/airflow/example_dags/example_branch_python_dop_operator_3.py
[2025-03-24T08:14:41.196+0000] {logging_mixin.py:190} INFO - [2025-03-24T08:14:41.195+0000] {dag.py:3239} INFO - Sync 1 DAGs
[2025-03-24T08:14:41.224+0000] {logging_mixin.py:190} INFO - [2025-03-24T08:14:41.224+0000] {dag.py:4180} INFO - Setting next_dagrun for example_branch_dop_operator_v3 to 2025-03-24 08:13:00+00:00, run_after=2025-03-24 08:14:00+00:00
[2025-03-24T08:14:41.246+0000] {processor.py:208} INFO - Processing /home/airflow/.local/lib/python3.12/site-packages/airflow/example_dags/example_branch_python_dop_operator_3.py took 0.093 seconds
[2025-03-24T08:15:11.394+0000] {processor.py:186} INFO - Started process (PID=709) to work on /home/airflow/.local/lib/python3.12/site-packages/airflow/example_dags/example_branch_python_dop_operator_3.py
[2025-03-24T08:15:11.395+0000] {processor.py:914} INFO - Processing file /home/airflow/.local/lib/python3.12/site-packages/airflow/example_dags/example_branch_python_dop_operator_3.py for tasks to queue
[2025-03-24T08:15:11.397+0000] {logging_mixin.py:190} INFO - [2025-03-24T08:15:11.397+0000] {dagbag.py:588} INFO - Filling up the DagBag from /home/airflow/.local/lib/python3.12/site-packages/airflow/example_dags/example_branch_python_dop_operator_3.py
[2025-03-24T08:15:11.409+0000] {processor.py:925} INFO - DAG(s) 'example_branch_dop_operator_v3' retrieved from /home/airflow/.local/lib/python3.12/site-packages/airflow/example_dags/example_branch_python_dop_operator_3.py
[2025-03-24T08:15:11.430+0000] {logging_mixin.py:190} INFO - [2025-03-24T08:15:11.430+0000] {dag.py:3239} INFO - Sync 1 DAGs
[2025-03-24T08:15:11.460+0000] {logging_mixin.py:190} INFO - [2025-03-24T08:15:11.459+0000] {dag.py:4180} INFO - Setting next_dagrun for example_branch_dop_operator_v3 to 2025-03-24 08:14:00+00:00, run_after=2025-03-24 08:15:00+00:00
[2025-03-24T08:15:11.480+0000] {processor.py:208} INFO - Processing /home/airflow/.local/lib/python3.12/site-packages/airflow/example_dags/example_branch_python_dop_operator_3.py took 0.093 seconds
[2025-03-24T08:15:41.577+0000] {processor.py:186} INFO - Started process (PID=773) to work on /home/airflow/.local/lib/python3.12/site-packages/airflow/example_dags/example_branch_python_dop_operator_3.py
[2025-03-24T08:15:41.578+0000] {processor.py:914} INFO - Processing file /home/airflow/.local/lib/python3.12/site-packages/airflow/example_dags/example_branch_python_dop_operator_3.py for tasks to queue
[2025-03-24T08:15:41.580+0000] {logging_mixin.py:190} INFO - [2025-03-24T08:15:41.580+0000] {dagbag.py:588} INFO - Filling up the DagBag from /home/airflow/.local/lib/python3.12/site-packages/airflow/example_dags/example_branch_python_dop_operator_3.py
[2025-03-24T08:15:41.592+0000] {processor.py:925} INFO - DAG(s) 'example_branch_dop_operator_v3' retrieved from /home/airflow/.local/lib/python3.12/site-packages/airflow/example_dags/example_branch_python_dop_operator_3.py
[2025-03-24T08:15:41.612+0000] {logging_mixin.py:190} INFO - [2025-03-24T08:15:41.612+0000] {dag.py:3239} INFO - Sync 1 DAGs
[2025-03-24T08:15:41.640+0000] {logging_mixin.py:190} INFO - [2025-03-24T08:15:41.640+0000] {dag.py:4180} INFO - Setting next_dagrun for example_branch_dop_operator_v3 to 2025-03-24 08:14:00+00:00, run_after=2025-03-24 08:15:00+00:00
[2025-03-24T08:15:41.664+0000] {processor.py:208} INFO - Processing /home/airflow/.local/lib/python3.12/site-packages/airflow/example_dags/example_branch_python_dop_operator_3.py took 0.094 seconds
[2025-03-24T08:16:12.306+0000] {processor.py:186} INFO - Started process (PID=837) to work on /home/airflow/.local/lib/python3.12/site-packages/airflow/example_dags/example_branch_python_dop_operator_3.py
[2025-03-24T08:16:12.307+0000] {processor.py:914} INFO - Processing file /home/airflow/.local/lib/python3.12/site-packages/airflow/example_dags/example_branch_python_dop_operator_3.py for tasks to queue
[2025-03-24T08:16:12.310+0000] {logging_mixin.py:190} INFO - [2025-03-24T08:16:12.310+0000] {dagbag.py:588} INFO - Filling up the DagBag from /home/airflow/.local/lib/python3.12/site-packages/airflow/example_dags/example_branch_python_dop_operator_3.py
[2025-03-24T08:16:12.321+0000] {processor.py:925} INFO - DAG(s) 'example_branch_dop_operator_v3' retrieved from /home/airflow/.local/lib/python3.12/site-packages/airflow/example_dags/example_branch_python_dop_operator_3.py
[2025-03-24T08:16:12.343+0000] {logging_mixin.py:190} INFO - [2025-03-24T08:16:12.342+0000] {dag.py:3239} INFO - Sync 1 DAGs
[2025-03-24T08:16:12.371+0000] {logging_mixin.py:190} INFO - [2025-03-24T08:16:12.370+0000] {dag.py:4180} INFO - Setting next_dagrun for example_branch_dop_operator_v3 to 2025-03-24 08:15:00+00:00, run_after=2025-03-24 08:16:00+00:00
[2025-03-24T08:16:12.395+0000] {processor.py:208} INFO - Processing /home/airflow/.local/lib/python3.12/site-packages/airflow/example_dags/example_branch_python_dop_operator_3.py took 0.095 seconds
[2025-03-24T08:16:42.480+0000] {processor.py:186} INFO - Started process (PID=901) to work on /home/airflow/.local/lib/python3.12/site-packages/airflow/example_dags/example_branch_python_dop_operator_3.py
[2025-03-24T08:16:42.482+0000] {processor.py:914} INFO - Processing file /home/airflow/.local/lib/python3.12/site-packages/airflow/example_dags/example_branch_python_dop_operator_3.py for tasks to queue
[2025-03-24T08:16:42.484+0000] {logging_mixin.py:190} INFO - [2025-03-24T08:16:42.484+0000] {dagbag.py:588} INFO - Filling up the DagBag from /home/airflow/.local/lib/python3.12/site-packages/airflow/example_dags/example_branch_python_dop_operator_3.py
[2025-03-24T08:16:42.496+0000] {processor.py:925} INFO - DAG(s) 'example_branch_dop_operator_v3' retrieved from /home/airflow/.local/lib/python3.12/site-packages/airflow/example_dags/example_branch_python_dop_operator_3.py
[2025-03-24T08:16:42.518+0000] {logging_mixin.py:190} INFO - [2025-03-24T08:16:42.517+0000] {dag.py:3239} INFO - Sync 1 DAGs
[2025-03-24T08:16:42.548+0000] {logging_mixin.py:190} INFO - [2025-03-24T08:16:42.547+0000] {dag.py:4180} INFO - Setting next_dagrun for example_branch_dop_operator_v3 to 2025-03-24 08:15:00+00:00, run_after=2025-03-24 08:16:00+00:00
[2025-03-24T08:16:42.572+0000] {processor.py:208} INFO - Processing /home/airflow/.local/lib/python3.12/site-packages/airflow/example_dags/example_branch_python_dop_operator_3.py took 0.099 seconds
[2025-03-24T08:17:12.728+0000] {processor.py:186} INFO - Started process (PID=965) to work on /home/airflow/.local/lib/python3.12/site-packages/airflow/example_dags/example_branch_python_dop_operator_3.py
[2025-03-24T08:17:12.729+0000] {processor.py:914} INFO - Processing file /home/airflow/.local/lib/python3.12/site-packages/airflow/example_dags/example_branch_python_dop_operator_3.py for tasks to queue
[2025-03-24T08:17:12.732+0000] {logging_mixin.py:190} INFO - [2025-03-24T08:17:12.731+0000] {dagbag.py:588} INFO - Filling up the DagBag from /home/airflow/.local/lib/python3.12/site-packages/airflow/example_dags/example_branch_python_dop_operator_3.py
[2025-03-24T08:17:12.743+0000] {processor.py:925} INFO - DAG(s) 'example_branch_dop_operator_v3' retrieved from /home/airflow/.local/lib/python3.12/site-packages/airflow/example_dags/example_branch_python_dop_operator_3.py
[2025-03-24T08:17:12.763+0000] {logging_mixin.py:190} INFO - [2025-03-24T08:17:12.763+0000] {dag.py:3239} INFO - Sync 1 DAGs
[2025-03-24T08:17:12.791+0000] {logging_mixin.py:190} INFO - [2025-03-24T08:17:12.791+0000] {dag.py:4180} INFO - Setting next_dagrun for example_branch_dop_operator_v3 to 2025-03-24 08:16:00+00:00, run_after=2025-03-24 08:17:00+00:00
[2025-03-24T08:17:12.811+0000] {processor.py:208} INFO - Processing /home/airflow/.local/lib/python3.12/site-packages/airflow/example_dags/example_branch_python_dop_operator_3.py took 0.089 seconds
[2025-03-24T08:17:43.826+0000] {processor.py:186} INFO - Started process (PID=1029) to work on /home/airflow/.local/lib/python3.12/site-packages/airflow/example_dags/example_branch_python_dop_operator_3.py
[2025-03-24T08:17:43.827+0000] {processor.py:914} INFO - Processing file /home/airflow/.local/lib/python3.12/site-packages/airflow/example_dags/example_branch_python_dop_operator_3.py for tasks to queue
[2025-03-24T08:17:43.830+0000] {logging_mixin.py:190} INFO - [2025-03-24T08:17:43.830+0000] {dagbag.py:588} INFO - Filling up the DagBag from /home/airflow/.local/lib/python3.12/site-packages/airflow/example_dags/example_branch_python_dop_operator_3.py
[2025-03-24T08:17:43.841+0000] {processor.py:925} INFO - DAG(s) 'example_branch_dop_operator_v3' retrieved from /home/airflow/.local/lib/python3.12/site-packages/airflow/example_dags/example_branch_python_dop_operator_3.py
[2025-03-24T08:17:43.863+0000] {logging_mixin.py:190} INFO - [2025-03-24T08:17:43.863+0000] {dag.py:3239} INFO - Sync 1 DAGs
[2025-03-24T08:17:43.893+0000] {logging_mixin.py:190} INFO - [2025-03-24T08:17:43.893+0000] {dag.py:4180} INFO - Setting next_dagrun for example_branch_dop_operator_v3 to 2025-03-24 08:16:00+00:00, run_after=2025-03-24 08:17:00+00:00
[2025-03-24T08:17:43.917+0000] {processor.py:208} INFO - Processing /home/airflow/.local/lib/python3.12/site-packages/airflow/example_dags/example_branch_python_dop_operator_3.py took 0.097 seconds
[2025-03-24T08:18:14.899+0000] {processor.py:186} INFO - Started process (PID=1093) to work on /home/airflow/.local/lib/python3.12/site-packages/airflow/example_dags/example_branch_python_dop_operator_3.py
[2025-03-24T08:18:14.900+0000] {processor.py:914} INFO - Processing file /home/airflow/.local/lib/python3.12/site-packages/airflow/example_dags/example_branch_python_dop_operator_3.py for tasks to queue
[2025-03-24T08:18:14.903+0000] {logging_mixin.py:190} INFO - [2025-03-24T08:18:14.903+0000] {dagbag.py:588} INFO - Filling up the DagBag from /home/airflow/.local/lib/python3.12/site-packages/airflow/example_dags/example_branch_python_dop_operator_3.py
[2025-03-24T08:18:14.914+0000] {processor.py:925} INFO - DAG(s) 'example_branch_dop_operator_v3' retrieved from /home/airflow/.local/lib/python3.12/site-packages/airflow/example_dags/example_branch_python_dop_operator_3.py
[2025-03-24T08:18:14.935+0000] {logging_mixin.py:190} INFO - [2025-03-24T08:18:14.934+0000] {dag.py:3239} INFO - Sync 1 DAGs
[2025-03-24T08:18:14.963+0000] {logging_mixin.py:190} INFO - [2025-03-24T08:18:14.963+0000] {dag.py:4180} INFO - Setting next_dagrun for example_branch_dop_operator_v3 to 2025-03-24 08:17:00+00:00, run_after=2025-03-24 08:18:00+00:00
[2025-03-24T08:18:14.986+0000] {processor.py:208} INFO - Processing /home/airflow/.local/lib/python3.12/site-packages/airflow/example_dags/example_branch_python_dop_operator_3.py took 0.093 seconds
[2025-03-24T08:18:45.890+0000] {processor.py:186} INFO - Started process (PID=1157) to work on /home/airflow/.local/lib/python3.12/site-packages/airflow/example_dags/example_branch_python_dop_operator_3.py
[2025-03-24T08:18:45.891+0000] {processor.py:914} INFO - Processing file /home/airflow/.local/lib/python3.12/site-packages/airflow/example_dags/example_branch_python_dop_operator_3.py for tasks to queue
[2025-03-24T08:18:45.893+0000] {logging_mixin.py:190} INFO - [2025-03-24T08:18:45.893+0000] {dagbag.py:588} INFO - Filling up the DagBag from /home/airflow/.local/lib/python3.12/site-packages/airflow/example_dags/example_branch_python_dop_operator_3.py
[2025-03-24T08:18:45.904+0000] {processor.py:925} INFO - DAG(s) 'example_branch_dop_operator_v3' retrieved from /home/airflow/.local/lib/python3.12/site-packages/airflow/example_dags/example_branch_python_dop_operator_3.py
[2025-03-24T08:18:45.925+0000] {logging_mixin.py:190} INFO - [2025-03-24T08:18:45.925+0000] {dag.py:3239} INFO - Sync 1 DAGs
[2025-03-24T08:18:45.953+0000] {logging_mixin.py:190} INFO - [2025-03-24T08:18:45.952+0000] {dag.py:4180} INFO - Setting next_dagrun for example_branch_dop_operator_v3 to 2025-03-24 08:17:00+00:00, run_after=2025-03-24 08:18:00+00:00
[2025-03-24T08:18:45.973+0000] {processor.py:208} INFO - Processing /home/airflow/.local/lib/python3.12/site-packages/airflow/example_dags/example_branch_python_dop_operator_3.py took 0.090 seconds
[2025-03-24T08:19:16.386+0000] {processor.py:186} INFO - Started process (PID=1221) to work on /home/airflow/.local/lib/python3.12/site-packages/airflow/example_dags/example_branch_python_dop_operator_3.py
[2025-03-24T08:19:16.388+0000] {processor.py:914} INFO - Processing file /home/airflow/.local/lib/python3.12/site-packages/airflow/example_dags/example_branch_python_dop_operator_3.py for tasks to queue
[2025-03-24T08:19:16.390+0000] {logging_mixin.py:190} INFO - [2025-03-24T08:19:16.390+0000] {dagbag.py:588} INFO - Filling up the DagBag from /home/airflow/.local/lib/python3.12/site-packages/airflow/example_dags/example_branch_python_dop_operator_3.py
[2025-03-24T08:19:16.401+0000] {processor.py:925} INFO - DAG(s) 'example_branch_dop_operator_v3' retrieved from /home/airflow/.local/lib/python3.12/site-packages/airflow/example_dags/example_branch_python_dop_operator_3.py
[2025-03-24T08:19:16.424+0000] {logging_mixin.py:190} INFO - [2025-03-24T08:19:16.424+0000] {dag.py:3239} INFO - Sync 1 DAGs
[2025-03-24T08:19:16.452+0000] {logging_mixin.py:190} INFO - [2025-03-24T08:19:16.452+0000] {dag.py:4180} INFO - Setting next_dagrun for example_branch_dop_operator_v3 to 2025-03-24 08:18:00+00:00, run_after=2025-03-24 08:19:00+00:00
[2025-03-24T08:19:16.477+0000] {processor.py:208} INFO - Processing /home/airflow/.local/lib/python3.12/site-packages/airflow/example_dags/example_branch_python_dop_operator_3.py took 0.097 seconds
[2025-03-24T08:19:46.691+0000] {processor.py:186} INFO - Started process (PID=1285) to work on /home/airflow/.local/lib/python3.12/site-packages/airflow/example_dags/example_branch_python_dop_operator_3.py
[2025-03-24T08:19:46.692+0000] {processor.py:914} INFO - Processing file /home/airflow/.local/lib/python3.12/site-packages/airflow/example_dags/example_branch_python_dop_operator_3.py for tasks to queue
[2025-03-24T08:19:46.695+0000] {logging_mixin.py:190} INFO - [2025-03-24T08:19:46.695+0000] {dagbag.py:588} INFO - Filling up the DagBag from /home/airflow/.local/lib/python3.12/site-packages/airflow/example_dags/example_branch_python_dop_operator_3.py
[2025-03-24T08:19:46.709+0000] {processor.py:925} INFO - DAG(s) 'example_branch_dop_operator_v3' retrieved from /home/airflow/.local/lib/python3.12/site-packages/airflow/example_dags/example_branch_python_dop_operator_3.py
[2025-03-24T08:19:46.734+0000] {logging_mixin.py:190} INFO - [2025-03-24T08:19:46.734+0000] {dag.py:3239} INFO - Sync 1 DAGs
[2025-03-24T08:19:46.765+0000] {logging_mixin.py:190} INFO - [2025-03-24T08:19:46.765+0000] {dag.py:4180} INFO - Setting next_dagrun for example_branch_dop_operator_v3 to 2025-03-24 08:18:00+00:00, run_after=2025-03-24 08:19:00+00:00
[2025-03-24T08:19:46.791+0000] {processor.py:208} INFO - Processing /home/airflow/.local/lib/python3.12/site-packages/airflow/example_dags/example_branch_python_dop_operator_3.py took 0.107 seconds
[2025-03-24T08:20:17.689+0000] {processor.py:186} INFO - Started process (PID=1349) to work on /home/airflow/.local/lib/python3.12/site-packages/airflow/example_dags/example_branch_python_dop_operator_3.py
[2025-03-24T08:20:17.690+0000] {processor.py:914} INFO - Processing file /home/airflow/.local/lib/python3.12/site-packages/airflow/example_dags/example_branch_python_dop_operator_3.py for tasks to queue
[2025-03-24T08:20:17.694+0000] {logging_mixin.py:190} INFO - [2025-03-24T08:20:17.694+0000] {dagbag.py:588} INFO - Filling up the DagBag from /home/airflow/.local/lib/python3.12/site-packages/airflow/example_dags/example_branch_python_dop_operator_3.py
[2025-03-24T08:20:17.707+0000] {processor.py:925} INFO - DAG(s) 'example_branch_dop_operator_v3' retrieved from /home/airflow/.local/lib/python3.12/site-packages/airflow/example_dags/example_branch_python_dop_operator_3.py
[2025-03-24T08:20:17.729+0000] {logging_mixin.py:190} INFO - [2025-03-24T08:20:17.728+0000] {dag.py:3239} INFO - Sync 1 DAGs
[2025-03-24T08:20:17.760+0000] {logging_mixin.py:190} INFO - [2025-03-24T08:20:17.760+0000] {dag.py:4180} INFO - Setting next_dagrun for example_branch_dop_operator_v3 to 2025-03-24 08:19:00+00:00, run_after=2025-03-24 08:20:00+00:00
[2025-03-24T08:20:17.783+0000] {processor.py:208} INFO - Processing /home/airflow/.local/lib/python3.12/site-packages/airflow/example_dags/example_branch_python_dop_operator_3.py took 0.101 seconds
[2025-03-24T08:20:48.632+0000] {processor.py:186} INFO - Started process (PID=1413) to work on /home/airflow/.local/lib/python3.12/site-packages/airflow/example_dags/example_branch_python_dop_operator_3.py
[2025-03-24T08:20:48.633+0000] {processor.py:914} INFO - Processing file /home/airflow/.local/lib/python3.12/site-packages/airflow/example_dags/example_branch_python_dop_operator_3.py for tasks to queue
[2025-03-24T08:20:48.636+0000] {logging_mixin.py:190} INFO - [2025-03-24T08:20:48.635+0000] {dagbag.py:588} INFO - Filling up the DagBag from /home/airflow/.local/lib/python3.12/site-packages/airflow/example_dags/example_branch_python_dop_operator_3.py
[2025-03-24T08:20:48.647+0000] {processor.py:925} INFO - DAG(s) 'example_branch_dop_operator_v3' retrieved from /home/airflow/.local/lib/python3.12/site-packages/airflow/example_dags/example_branch_python_dop_operator_3.py
[2025-03-24T08:20:48.668+0000] {logging_mixin.py:190} INFO - [2025-03-24T08:20:48.668+0000] {dag.py:3239} INFO - Sync 1 DAGs
[2025-03-24T08:20:48.697+0000] {logging_mixin.py:190} INFO - [2025-03-24T08:20:48.697+0000] {dag.py:4180} INFO - Setting next_dagrun for example_branch_dop_operator_v3 to 2025-03-24 08:19:00+00:00, run_after=2025-03-24 08:20:00+00:00
[2025-03-24T08:20:48.722+0000] {processor.py:208} INFO - Processing /home/airflow/.local/lib/python3.12/site-packages/airflow/example_dags/example_branch_python_dop_operator_3.py took 0.096 seconds
[2025-03-24T08:21:19.341+0000] {processor.py:186} INFO - Started process (PID=1477) to work on /home/airflow/.local/lib/python3.12/site-packages/airflow/example_dags/example_branch_python_dop_operator_3.py
[2025-03-24T08:21:19.342+0000] {processor.py:914} INFO - Processing file /home/airflow/.local/lib/python3.12/site-packages/airflow/example_dags/example_branch_python_dop_operator_3.py for tasks to queue
[2025-03-24T08:21:19.344+0000] {logging_mixin.py:190} INFO - [2025-03-24T08:21:19.344+0000] {dagbag.py:588} INFO - Filling up the DagBag from /home/airflow/.local/lib/python3.12/site-packages/airflow/example_dags/example_branch_python_dop_operator_3.py
[2025-03-24T08:21:19.357+0000] {processor.py:925} INFO - DAG(s) 'example_branch_dop_operator_v3' retrieved from /home/airflow/.local/lib/python3.12/site-packages/airflow/example_dags/example_branch_python_dop_operator_3.py
[2025-03-24T08:21:19.380+0000] {logging_mixin.py:190} INFO - [2025-03-24T08:21:19.380+0000] {dag.py:3239} INFO - Sync 1 DAGs
[2025-03-24T08:21:19.411+0000] {logging_mixin.py:190} INFO - [2025-03-24T08:21:19.410+0000] {dag.py:4180} INFO - Setting next_dagrun for example_branch_dop_operator_v3 to 2025-03-24 08:20:00+00:00, run_after=2025-03-24 08:21:00+00:00
[2025-03-24T08:21:19.434+0000] {processor.py:208} INFO - Processing /home/airflow/.local/lib/python3.12/site-packages/airflow/example_dags/example_branch_python_dop_operator_3.py took 0.100 seconds
[2025-03-24T08:21:49.619+0000] {processor.py:186} INFO - Started process (PID=1541) to work on /home/airflow/.local/lib/python3.12/site-packages/airflow/example_dags/example_branch_python_dop_operator_3.py
[2025-03-24T08:21:49.620+0000] {processor.py:914} INFO - Processing file /home/airflow/.local/lib/python3.12/site-packages/airflow/example_dags/example_branch_python_dop_operator_3.py for tasks to queue
[2025-03-24T08:21:49.623+0000] {logging_mixin.py:190} INFO - [2025-03-24T08:21:49.623+0000] {dagbag.py:588} INFO - Filling up the DagBag from /home/airflow/.local/lib/python3.12/site-packages/airflow/example_dags/example_branch_python_dop_operator_3.py
[2025-03-24T08:21:49.636+0000] {processor.py:925} INFO - DAG(s) 'example_branch_dop_operator_v3' retrieved from /home/airflow/.local/lib/python3.12/site-packages/airflow/example_dags/example_branch_python_dop_operator_3.py
[2025-03-24T08:21:49.660+0000] {logging_mixin.py:190} INFO - [2025-03-24T08:21:49.660+0000] {dag.py:3239} INFO - Sync 1 DAGs
[2025-03-24T08:21:49.691+0000] {logging_mixin.py:190} INFO - [2025-03-24T08:21:49.690+0000] {dag.py:4180} INFO - Setting next_dagrun for example_branch_dop_operator_v3 to 2025-03-24 08:20:00+00:00, run_after=2025-03-24 08:21:00+00:00
[2025-03-24T08:21:49.712+0000] {processor.py:208} INFO - Processing /home/airflow/.local/lib/python3.12/site-packages/airflow/example_dags/example_branch_python_dop_operator_3.py took 0.101 seconds
[2025-03-24T08:22:20.349+0000] {processor.py:186} INFO - Started process (PID=1605) to work on /home/airflow/.local/lib/python3.12/site-packages/airflow/example_dags/example_branch_python_dop_operator_3.py
[2025-03-24T08:22:20.351+0000] {processor.py:914} INFO - Processing file /home/airflow/.local/lib/python3.12/site-packages/airflow/example_dags/example_branch_python_dop_operator_3.py for tasks to queue
[2025-03-24T08:22:20.353+0000] {logging_mixin.py:190} INFO - [2025-03-24T08:22:20.353+0000] {dagbag.py:588} INFO - Filling up the DagBag from /home/airflow/.local/lib/python3.12/site-packages/airflow/example_dags/example_branch_python_dop_operator_3.py
[2025-03-24T08:22:20.365+0000] {processor.py:925} INFO - DAG(s) 'example_branch_dop_operator_v3' retrieved from /home/airflow/.local/lib/python3.12/site-packages/airflow/example_dags/example_branch_python_dop_operator_3.py
[2025-03-24T08:22:20.387+0000] {logging_mixin.py:190} INFO - [2025-03-24T08:22:20.387+0000] {dag.py:3239} INFO - Sync 1 DAGs
[2025-03-24T08:22:20.416+0000] {logging_mixin.py:190} INFO - [2025-03-24T08:22:20.416+0000] {dag.py:4180} INFO - Setting next_dagrun for example_branch_dop_operator_v3 to 2025-03-24 08:21:00+00:00, run_after=2025-03-24 08:22:00+00:00
[2025-03-24T08:22:20.438+0000] {processor.py:208} INFO - Processing /home/airflow/.local/lib/python3.12/site-packages/airflow/example_dags/example_branch_python_dop_operator_3.py took 0.095 seconds
[2025-03-24T08:22:51.349+0000] {processor.py:186} INFO - Started process (PID=1669) to work on /home/airflow/.local/lib/python3.12/site-packages/airflow/example_dags/example_branch_python_dop_operator_3.py
[2025-03-24T08:22:51.350+0000] {processor.py:914} INFO - Processing file /home/airflow/.local/lib/python3.12/site-packages/airflow/example_dags/example_branch_python_dop_operator_3.py for tasks to queue
[2025-03-24T08:22:51.354+0000] {logging_mixin.py:190} INFO - [2025-03-24T08:22:51.353+0000] {dagbag.py:588} INFO - Filling up the DagBag from /home/airflow/.local/lib/python3.12/site-packages/airflow/example_dags/example_branch_python_dop_operator_3.py
[2025-03-24T08:22:51.366+0000] {processor.py:925} INFO - DAG(s) 'example_branch_dop_operator_v3' retrieved from /home/airflow/.local/lib/python3.12/site-packages/airflow/example_dags/example_branch_python_dop_operator_3.py
[2025-03-24T08:22:51.389+0000] {logging_mixin.py:190} INFO - [2025-03-24T08:22:51.388+0000] {dag.py:3239} INFO - Sync 1 DAGs
[2025-03-24T08:22:51.420+0000] {logging_mixin.py:190} INFO - [2025-03-24T08:22:51.419+0000] {dag.py:4180} INFO - Setting next_dagrun for example_branch_dop_operator_v3 to 2025-03-24 08:21:00+00:00, run_after=2025-03-24 08:22:00+00:00
[2025-03-24T08:22:51.443+0000] {processor.py:208} INFO - Processing /home/airflow/.local/lib/python3.12/site-packages/airflow/example_dags/example_branch_python_dop_operator_3.py took 0.102 seconds
[2025-03-24T08:23:21.624+0000] {processor.py:186} INFO - Started process (PID=1733) to work on /home/airflow/.local/lib/python3.12/site-packages/airflow/example_dags/example_branch_python_dop_operator_3.py
[2025-03-24T08:23:21.625+0000] {processor.py:914} INFO - Processing file /home/airflow/.local/lib/python3.12/site-packages/airflow/example_dags/example_branch_python_dop_operator_3.py for tasks to queue
[2025-03-24T08:23:21.628+0000] {logging_mixin.py:190} INFO - [2025-03-24T08:23:21.628+0000] {dagbag.py:588} INFO - Filling up the DagBag from /home/airflow/.local/lib/python3.12/site-packages/airflow/example_dags/example_branch_python_dop_operator_3.py
[2025-03-24T08:23:21.641+0000] {processor.py:925} INFO - DAG(s) 'example_branch_dop_operator_v3' retrieved from /home/airflow/.local/lib/python3.12/site-packages/airflow/example_dags/example_branch_python_dop_operator_3.py
[2025-03-24T08:23:21.662+0000] {logging_mixin.py:190} INFO - [2025-03-24T08:23:21.662+0000] {dag.py:3239} INFO - Sync 1 DAGs
[2025-03-24T08:23:21.693+0000] {logging_mixin.py:190} INFO - [2025-03-24T08:23:21.693+0000] {dag.py:4180} INFO - Setting next_dagrun for example_branch_dop_operator_v3 to 2025-03-24 08:22:00+00:00, run_after=2025-03-24 08:23:00+00:00
[2025-03-24T08:23:21.714+0000] {processor.py:208} INFO - Processing /home/airflow/.local/lib/python3.12/site-packages/airflow/example_dags/example_branch_python_dop_operator_3.py took 0.097 seconds
[2025-03-24T08:23:51.914+0000] {processor.py:186} INFO - Started process (PID=1797) to work on /home/airflow/.local/lib/python3.12/site-packages/airflow/example_dags/example_branch_python_dop_operator_3.py
[2025-03-24T08:23:51.916+0000] {processor.py:914} INFO - Processing file /home/airflow/.local/lib/python3.12/site-packages/airflow/example_dags/example_branch_python_dop_operator_3.py for tasks to queue
[2025-03-24T08:23:51.918+0000] {logging_mixin.py:190} INFO - [2025-03-24T08:23:51.918+0000] {dagbag.py:588} INFO - Filling up the DagBag from /home/airflow/.local/lib/python3.12/site-packages/airflow/example_dags/example_branch_python_dop_operator_3.py
[2025-03-24T08:23:51.929+0000] {processor.py:925} INFO - DAG(s) 'example_branch_dop_operator_v3' retrieved from /home/airflow/.local/lib/python3.12/site-packages/airflow/example_dags/example_branch_python_dop_operator_3.py
[2025-03-24T08:23:51.951+0000] {logging_mixin.py:190} INFO - [2025-03-24T08:23:51.951+0000] {dag.py:3239} INFO - Sync 1 DAGs
[2025-03-24T08:23:51.980+0000] {logging_mixin.py:190} INFO - [2025-03-24T08:23:51.980+0000] {dag.py:4180} INFO - Setting next_dagrun for example_branch_dop_operator_v3 to 2025-03-24 08:22:00+00:00, run_after=2025-03-24 08:23:00+00:00
[2025-03-24T08:23:52.001+0000] {processor.py:208} INFO - Processing /home/airflow/.local/lib/python3.12/site-packages/airflow/example_dags/example_branch_python_dop_operator_3.py took 0.093 seconds
[2025-03-24T08:24:22.300+0000] {processor.py:186} INFO - Started process (PID=1861) to work on /home/airflow/.local/lib/python3.12/site-packages/airflow/example_dags/example_branch_python_dop_operator_3.py
[2025-03-24T08:24:22.301+0000] {processor.py:914} INFO - Processing file /home/airflow/.local/lib/python3.12/site-packages/airflow/example_dags/example_branch_python_dop_operator_3.py for tasks to queue
[2025-03-24T08:24:22.304+0000] {logging_mixin.py:190} INFO - [2025-03-24T08:24:22.304+0000] {dagbag.py:588} INFO - Filling up the DagBag from /home/airflow/.local/lib/python3.12/site-packages/airflow/example_dags/example_branch_python_dop_operator_3.py
[2025-03-24T08:24:22.316+0000] {processor.py:925} INFO - DAG(s) 'example_branch_dop_operator_v3' retrieved from /home/airflow/.local/lib/python3.12/site-packages/airflow/example_dags/example_branch_python_dop_operator_3.py
[2025-03-24T08:24:22.338+0000] {logging_mixin.py:190} INFO - [2025-03-24T08:24:22.338+0000] {dag.py:3239} INFO - Sync 1 DAGs
[2025-03-24T08:24:22.369+0000] {logging_mixin.py:190} INFO - [2025-03-24T08:24:22.368+0000] {dag.py:4180} INFO - Setting next_dagrun for example_branch_dop_operator_v3 to 2025-03-24 08:23:00+00:00, run_after=2025-03-24 08:24:00+00:00
[2025-03-24T08:24:22.400+0000] {processor.py:208} INFO - Processing /home/airflow/.local/lib/python3.12/site-packages/airflow/example_dags/example_branch_python_dop_operator_3.py took 0.108 seconds
[2025-03-24T08:24:52.551+0000] {processor.py:186} INFO - Started process (PID=1925) to work on /home/airflow/.local/lib/python3.12/site-packages/airflow/example_dags/example_branch_python_dop_operator_3.py
[2025-03-24T08:24:52.552+0000] {processor.py:914} INFO - Processing file /home/airflow/.local/lib/python3.12/site-packages/airflow/example_dags/example_branch_python_dop_operator_3.py for tasks to queue
[2025-03-24T08:24:52.554+0000] {logging_mixin.py:190} INFO - [2025-03-24T08:24:52.554+0000] {dagbag.py:588} INFO - Filling up the DagBag from /home/airflow/.local/lib/python3.12/site-packages/airflow/example_dags/example_branch_python_dop_operator_3.py
[2025-03-24T08:24:52.566+0000] {processor.py:925} INFO - DAG(s) 'example_branch_dop_operator_v3' retrieved from /home/airflow/.local/lib/python3.12/site-packages/airflow/example_dags/example_branch_python_dop_operator_3.py
[2025-03-24T08:24:52.586+0000] {logging_mixin.py:190} INFO - [2025-03-24T08:24:52.586+0000] {dag.py:3239} INFO - Sync 1 DAGs
[2025-03-24T08:24:52.614+0000] {logging_mixin.py:190} INFO - [2025-03-24T08:24:52.614+0000] {dag.py:4180} INFO - Setting next_dagrun for example_branch_dop_operator_v3 to 2025-03-24 08:23:00+00:00, run_after=2025-03-24 08:24:00+00:00
[2025-03-24T08:24:52.638+0000] {processor.py:208} INFO - Processing /home/airflow/.local/lib/python3.12/site-packages/airflow/example_dags/example_branch_python_dop_operator_3.py took 0.093 seconds
[2025-03-24T08:25:22.862+0000] {processor.py:186} INFO - Started process (PID=1989) to work on /home/airflow/.local/lib/python3.12/site-packages/airflow/example_dags/example_branch_python_dop_operator_3.py
[2025-03-24T08:25:22.864+0000] {processor.py:914} INFO - Processing file /home/airflow/.local/lib/python3.12/site-packages/airflow/example_dags/example_branch_python_dop_operator_3.py for tasks to queue
[2025-03-24T08:25:22.866+0000] {logging_mixin.py:190} INFO - [2025-03-24T08:25:22.866+0000] {dagbag.py:588} INFO - Filling up the DagBag from /home/airflow/.local/lib/python3.12/site-packages/airflow/example_dags/example_branch_python_dop_operator_3.py
[2025-03-24T08:25:22.878+0000] {processor.py:925} INFO - DAG(s) 'example_branch_dop_operator_v3' retrieved from /home/airflow/.local/lib/python3.12/site-packages/airflow/example_dags/example_branch_python_dop_operator_3.py
[2025-03-24T08:25:22.899+0000] {logging_mixin.py:190} INFO - [2025-03-24T08:25:22.898+0000] {dag.py:3239} INFO - Sync 1 DAGs
[2025-03-24T08:25:22.927+0000] {logging_mixin.py:190} INFO - [2025-03-24T08:25:22.927+0000] {dag.py:4180} INFO - Setting next_dagrun for example_branch_dop_operator_v3 to 2025-03-24 08:24:00+00:00, run_after=2025-03-24 08:25:00+00:00
[2025-03-24T08:25:22.951+0000] {processor.py:208} INFO - Processing /home/airflow/.local/lib/python3.12/site-packages/airflow/example_dags/example_branch_python_dop_operator_3.py took 0.095 seconds
[2025-03-24T08:25:53.093+0000] {processor.py:186} INFO - Started process (PID=2053) to work on /home/airflow/.local/lib/python3.12/site-packages/airflow/example_dags/example_branch_python_dop_operator_3.py
[2025-03-24T08:25:53.094+0000] {processor.py:914} INFO - Processing file /home/airflow/.local/lib/python3.12/site-packages/airflow/example_dags/example_branch_python_dop_operator_3.py for tasks to queue
[2025-03-24T08:25:53.097+0000] {logging_mixin.py:190} INFO - [2025-03-24T08:25:53.097+0000] {dagbag.py:588} INFO - Filling up the DagBag from /home/airflow/.local/lib/python3.12/site-packages/airflow/example_dags/example_branch_python_dop_operator_3.py
[2025-03-24T08:25:53.108+0000] {processor.py:925} INFO - DAG(s) 'example_branch_dop_operator_v3' retrieved from /home/airflow/.local/lib/python3.12/site-packages/airflow/example_dags/example_branch_python_dop_operator_3.py
[2025-03-24T08:25:53.130+0000] {logging_mixin.py:190} INFO - [2025-03-24T08:25:53.129+0000] {dag.py:3239} INFO - Sync 1 DAGs
[2025-03-24T08:25:53.158+0000] {logging_mixin.py:190} INFO - [2025-03-24T08:25:53.158+0000] {dag.py:4180} INFO - Setting next_dagrun for example_branch_dop_operator_v3 to 2025-03-24 08:24:00+00:00, run_after=2025-03-24 08:25:00+00:00
[2025-03-24T08:25:53.182+0000] {processor.py:208} INFO - Processing /home/airflow/.local/lib/python3.12/site-packages/airflow/example_dags/example_branch_python_dop_operator_3.py took 0.096 seconds
[2025-03-24T08:26:23.355+0000] {processor.py:186} INFO - Started process (PID=2117) to work on /home/airflow/.local/lib/python3.12/site-packages/airflow/example_dags/example_branch_python_dop_operator_3.py
[2025-03-24T08:26:23.356+0000] {processor.py:914} INFO - Processing file /home/airflow/.local/lib/python3.12/site-packages/airflow/example_dags/example_branch_python_dop_operator_3.py for tasks to queue
[2025-03-24T08:26:23.358+0000] {logging_mixin.py:190} INFO - [2025-03-24T08:26:23.358+0000] {dagbag.py:588} INFO - Filling up the DagBag from /home/airflow/.local/lib/python3.12/site-packages/airflow/example_dags/example_branch_python_dop_operator_3.py
[2025-03-24T08:26:23.370+0000] {processor.py:925} INFO - DAG(s) 'example_branch_dop_operator_v3' retrieved from /home/airflow/.local/lib/python3.12/site-packages/airflow/example_dags/example_branch_python_dop_operator_3.py
[2025-03-24T08:26:23.392+0000] {logging_mixin.py:190} INFO - [2025-03-24T08:26:23.391+0000] {dag.py:3239} INFO - Sync 1 DAGs
[2025-03-24T08:26:23.423+0000] {logging_mixin.py:190} INFO - [2025-03-24T08:26:23.423+0000] {dag.py:4180} INFO - Setting next_dagrun for example_branch_dop_operator_v3 to 2025-03-24 08:25:00+00:00, run_after=2025-03-24 08:26:00+00:00
[2025-03-24T08:26:23.445+0000] {processor.py:208} INFO - Processing /home/airflow/.local/lib/python3.12/site-packages/airflow/example_dags/example_branch_python_dop_operator_3.py took 0.097 seconds
[2025-03-24T08:26:53.604+0000] {processor.py:186} INFO - Started process (PID=2181) to work on /home/airflow/.local/lib/python3.12/site-packages/airflow/example_dags/example_branch_python_dop_operator_3.py
[2025-03-24T08:26:53.605+0000] {processor.py:914} INFO - Processing file /home/airflow/.local/lib/python3.12/site-packages/airflow/example_dags/example_branch_python_dop_operator_3.py for tasks to queue
[2025-03-24T08:26:53.607+0000] {logging_mixin.py:190} INFO - [2025-03-24T08:26:53.607+0000] {dagbag.py:588} INFO - Filling up the DagBag from /home/airflow/.local/lib/python3.12/site-packages/airflow/example_dags/example_branch_python_dop_operator_3.py
[2025-03-24T08:26:53.618+0000] {processor.py:925} INFO - DAG(s) 'example_branch_dop_operator_v3' retrieved from /home/airflow/.local/lib/python3.12/site-packages/airflow/example_dags/example_branch_python_dop_operator_3.py
[2025-03-24T08:26:53.639+0000] {logging_mixin.py:190} INFO - [2025-03-24T08:26:53.639+0000] {dag.py:3239} INFO - Sync 1 DAGs
[2025-03-24T08:26:53.666+0000] {logging_mixin.py:190} INFO - [2025-03-24T08:26:53.666+0000] {dag.py:4180} INFO - Setting next_dagrun for example_branch_dop_operator_v3 to 2025-03-24 08:25:00+00:00, run_after=2025-03-24 08:26:00+00:00
[2025-03-24T08:26:53.696+0000] {processor.py:208} INFO - Processing /home/airflow/.local/lib/python3.12/site-packages/airflow/example_dags/example_branch_python_dop_operator_3.py took 0.098 seconds
[2025-03-24T08:27:23.751+0000] {processor.py:186} INFO - Started process (PID=2245) to work on /home/airflow/.local/lib/python3.12/site-packages/airflow/example_dags/example_branch_python_dop_operator_3.py
[2025-03-24T08:27:23.752+0000] {processor.py:914} INFO - Processing file /home/airflow/.local/lib/python3.12/site-packages/airflow/example_dags/example_branch_python_dop_operator_3.py for tasks to queue
[2025-03-24T08:27:23.755+0000] {logging_mixin.py:190} INFO - [2025-03-24T08:27:23.754+0000] {dagbag.py:588} INFO - Filling up the DagBag from /home/airflow/.local/lib/python3.12/site-packages/airflow/example_dags/example_branch_python_dop_operator_3.py
[2025-03-24T08:27:23.766+0000] {processor.py:925} INFO - DAG(s) 'example_branch_dop_operator_v3' retrieved from /home/airflow/.local/lib/python3.12/site-packages/airflow/example_dags/example_branch_python_dop_operator_3.py
[2025-03-24T08:27:23.788+0000] {logging_mixin.py:190} INFO - [2025-03-24T08:27:23.788+0000] {dag.py:3239} INFO - Sync 1 DAGs
[2025-03-24T08:27:23.818+0000] {logging_mixin.py:190} INFO - [2025-03-24T08:27:23.817+0000] {dag.py:4180} INFO - Setting next_dagrun for example_branch_dop_operator_v3 to 2025-03-24 08:26:00+00:00, run_after=2025-03-24 08:27:00+00:00
[2025-03-24T08:27:23.837+0000] {processor.py:208} INFO - Processing /home/airflow/.local/lib/python3.12/site-packages/airflow/example_dags/example_branch_python_dop_operator_3.py took 0.093 seconds
[2025-03-24T08:27:54.570+0000] {processor.py:186} INFO - Started process (PID=2307) to work on /home/airflow/.local/lib/python3.12/site-packages/airflow/example_dags/example_branch_python_dop_operator_3.py
[2025-03-24T08:27:54.571+0000] {processor.py:914} INFO - Processing file /home/airflow/.local/lib/python3.12/site-packages/airflow/example_dags/example_branch_python_dop_operator_3.py for tasks to queue
[2025-03-24T08:27:54.574+0000] {logging_mixin.py:190} INFO - [2025-03-24T08:27:54.573+0000] {dagbag.py:588} INFO - Filling up the DagBag from /home/airflow/.local/lib/python3.12/site-packages/airflow/example_dags/example_branch_python_dop_operator_3.py
[2025-03-24T08:27:54.585+0000] {processor.py:925} INFO - DAG(s) 'example_branch_dop_operator_v3' retrieved from /home/airflow/.local/lib/python3.12/site-packages/airflow/example_dags/example_branch_python_dop_operator_3.py
[2025-03-24T08:27:54.607+0000] {logging_mixin.py:190} INFO - [2025-03-24T08:27:54.607+0000] {dag.py:3239} INFO - Sync 1 DAGs
[2025-03-24T08:27:54.637+0000] {logging_mixin.py:190} INFO - [2025-03-24T08:27:54.637+0000] {dag.py:4180} INFO - Setting next_dagrun for example_branch_dop_operator_v3 to 2025-03-24 08:26:00+00:00, run_after=2025-03-24 08:27:00+00:00
[2025-03-24T08:27:54.660+0000] {processor.py:208} INFO - Processing /home/airflow/.local/lib/python3.12/site-packages/airflow/example_dags/example_branch_python_dop_operator_3.py took 0.097 seconds
[2025-03-24T08:28:25.315+0000] {processor.py:186} INFO - Started process (PID=2370) to work on /home/airflow/.local/lib/python3.12/site-packages/airflow/example_dags/example_branch_python_dop_operator_3.py
[2025-03-24T08:28:25.316+0000] {processor.py:914} INFO - Processing file /home/airflow/.local/lib/python3.12/site-packages/airflow/example_dags/example_branch_python_dop_operator_3.py for tasks to queue
[2025-03-24T08:28:25.319+0000] {logging_mixin.py:190} INFO - [2025-03-24T08:28:25.318+0000] {dagbag.py:588} INFO - Filling up the DagBag from /home/airflow/.local/lib/python3.12/site-packages/airflow/example_dags/example_branch_python_dop_operator_3.py
[2025-03-24T08:28:25.331+0000] {processor.py:925} INFO - DAG(s) 'example_branch_dop_operator_v3' retrieved from /home/airflow/.local/lib/python3.12/site-packages/airflow/example_dags/example_branch_python_dop_operator_3.py
[2025-03-24T08:28:25.352+0000] {logging_mixin.py:190} INFO - [2025-03-24T08:28:25.352+0000] {dag.py:3239} INFO - Sync 1 DAGs
[2025-03-24T08:28:25.383+0000] {logging_mixin.py:190} INFO - [2025-03-24T08:28:25.382+0000] {dag.py:4180} INFO - Setting next_dagrun for example_branch_dop_operator_v3 to 2025-03-24 08:27:00+00:00, run_after=2025-03-24 08:28:00+00:00
[2025-03-24T08:28:25.402+0000] {processor.py:208} INFO - Processing /home/airflow/.local/lib/python3.12/site-packages/airflow/example_dags/example_branch_python_dop_operator_3.py took 0.095 seconds
[2025-03-24T08:28:56.270+0000] {processor.py:186} INFO - Started process (PID=2433) to work on /home/airflow/.local/lib/python3.12/site-packages/airflow/example_dags/example_branch_python_dop_operator_3.py
[2025-03-24T08:28:56.271+0000] {processor.py:914} INFO - Processing file /home/airflow/.local/lib/python3.12/site-packages/airflow/example_dags/example_branch_python_dop_operator_3.py for tasks to queue
[2025-03-24T08:28:56.274+0000] {logging_mixin.py:190} INFO - [2025-03-24T08:28:56.274+0000] {dagbag.py:588} INFO - Filling up the DagBag from /home/airflow/.local/lib/python3.12/site-packages/airflow/example_dags/example_branch_python_dop_operator_3.py
[2025-03-24T08:28:56.287+0000] {processor.py:925} INFO - DAG(s) 'example_branch_dop_operator_v3' retrieved from /home/airflow/.local/lib/python3.12/site-packages/airflow/example_dags/example_branch_python_dop_operator_3.py
[2025-03-24T08:28:56.308+0000] {logging_mixin.py:190} INFO - [2025-03-24T08:28:56.307+0000] {dag.py:3239} INFO - Sync 1 DAGs
[2025-03-24T08:28:56.338+0000] {logging_mixin.py:190} INFO - [2025-03-24T08:28:56.338+0000] {dag.py:4180} INFO - Setting next_dagrun for example_branch_dop_operator_v3 to 2025-03-24 08:27:00+00:00, run_after=2025-03-24 08:28:00+00:00
[2025-03-24T08:28:56.363+0000] {processor.py:208} INFO - Processing /home/airflow/.local/lib/python3.12/site-packages/airflow/example_dags/example_branch_python_dop_operator_3.py took 0.104 seconds
[2025-03-24T08:29:27.408+0000] {processor.py:186} INFO - Started process (PID=2497) to work on /home/airflow/.local/lib/python3.12/site-packages/airflow/example_dags/example_branch_python_dop_operator_3.py
[2025-03-24T08:29:27.410+0000] {processor.py:914} INFO - Processing file /home/airflow/.local/lib/python3.12/site-packages/airflow/example_dags/example_branch_python_dop_operator_3.py for tasks to queue
[2025-03-24T08:29:27.414+0000] {logging_mixin.py:190} INFO - [2025-03-24T08:29:27.413+0000] {dagbag.py:588} INFO - Filling up the DagBag from /home/airflow/.local/lib/python3.12/site-packages/airflow/example_dags/example_branch_python_dop_operator_3.py
[2025-03-24T08:29:27.427+0000] {processor.py:925} INFO - DAG(s) 'example_branch_dop_operator_v3' retrieved from /home/airflow/.local/lib/python3.12/site-packages/airflow/example_dags/example_branch_python_dop_operator_3.py
[2025-03-24T08:29:27.450+0000] {logging_mixin.py:190} INFO - [2025-03-24T08:29:27.449+0000] {dag.py:3239} INFO - Sync 1 DAGs
[2025-03-24T08:29:27.481+0000] {logging_mixin.py:190} INFO - [2025-03-24T08:29:27.481+0000] {dag.py:4180} INFO - Setting next_dagrun for example_branch_dop_operator_v3 to 2025-03-24 08:28:00+00:00, run_after=2025-03-24 08:29:00+00:00
[2025-03-24T08:29:27.504+0000] {processor.py:208} INFO - Processing /home/airflow/.local/lib/python3.12/site-packages/airflow/example_dags/example_branch_python_dop_operator_3.py took 0.102 seconds
[2025-03-24T08:29:58.188+0000] {processor.py:186} INFO - Started process (PID=2560) to work on /home/airflow/.local/lib/python3.12/site-packages/airflow/example_dags/example_branch_python_dop_operator_3.py
[2025-03-24T08:29:58.189+0000] {processor.py:914} INFO - Processing file /home/airflow/.local/lib/python3.12/site-packages/airflow/example_dags/example_branch_python_dop_operator_3.py for tasks to queue
[2025-03-24T08:29:58.193+0000] {logging_mixin.py:190} INFO - [2025-03-24T08:29:58.193+0000] {dagbag.py:588} INFO - Filling up the DagBag from /home/airflow/.local/lib/python3.12/site-packages/airflow/example_dags/example_branch_python_dop_operator_3.py
[2025-03-24T08:29:58.208+0000] {processor.py:925} INFO - DAG(s) 'example_branch_dop_operator_v3' retrieved from /home/airflow/.local/lib/python3.12/site-packages/airflow/example_dags/example_branch_python_dop_operator_3.py
[2025-03-24T08:29:58.232+0000] {logging_mixin.py:190} INFO - [2025-03-24T08:29:58.232+0000] {dag.py:3239} INFO - Sync 1 DAGs
[2025-03-24T08:29:58.264+0000] {logging_mixin.py:190} INFO - [2025-03-24T08:29:58.264+0000] {dag.py:4180} INFO - Setting next_dagrun for example_branch_dop_operator_v3 to 2025-03-24 08:28:00+00:00, run_after=2025-03-24 08:29:00+00:00
[2025-03-24T08:29:58.290+0000] {processor.py:208} INFO - Processing /home/airflow/.local/lib/python3.12/site-packages/airflow/example_dags/example_branch_python_dop_operator_3.py took 0.110 seconds
[2025-03-24T08:30:28.988+0000] {processor.py:186} INFO - Started process (PID=2622) to work on /home/airflow/.local/lib/python3.12/site-packages/airflow/example_dags/example_branch_python_dop_operator_3.py
[2025-03-24T08:30:28.989+0000] {processor.py:914} INFO - Processing file /home/airflow/.local/lib/python3.12/site-packages/airflow/example_dags/example_branch_python_dop_operator_3.py for tasks to queue
[2025-03-24T08:30:28.992+0000] {logging_mixin.py:190} INFO - [2025-03-24T08:30:28.992+0000] {dagbag.py:588} INFO - Filling up the DagBag from /home/airflow/.local/lib/python3.12/site-packages/airflow/example_dags/example_branch_python_dop_operator_3.py
[2025-03-24T08:30:29.003+0000] {processor.py:925} INFO - DAG(s) 'example_branch_dop_operator_v3' retrieved from /home/airflow/.local/lib/python3.12/site-packages/airflow/example_dags/example_branch_python_dop_operator_3.py
[2025-03-24T08:30:29.025+0000] {logging_mixin.py:190} INFO - [2025-03-24T08:30:29.025+0000] {dag.py:3239} INFO - Sync 1 DAGs
[2025-03-24T08:30:29.054+0000] {logging_mixin.py:190} INFO - [2025-03-24T08:30:29.054+0000] {dag.py:4180} INFO - Setting next_dagrun for example_branch_dop_operator_v3 to 2025-03-24 08:29:00+00:00, run_after=2025-03-24 08:30:00+00:00
[2025-03-24T08:30:29.075+0000] {processor.py:208} INFO - Processing /home/airflow/.local/lib/python3.12/site-packages/airflow/example_dags/example_branch_python_dop_operator_3.py took 0.093 seconds
[2025-03-24T08:30:59.653+0000] {processor.py:186} INFO - Started process (PID=2681) to work on /home/airflow/.local/lib/python3.12/site-packages/airflow/example_dags/example_branch_python_dop_operator_3.py
[2025-03-24T08:30:59.654+0000] {processor.py:914} INFO - Processing file /home/airflow/.local/lib/python3.12/site-packages/airflow/example_dags/example_branch_python_dop_operator_3.py for tasks to queue
[2025-03-24T08:30:59.656+0000] {logging_mixin.py:190} INFO - [2025-03-24T08:30:59.656+0000] {dagbag.py:588} INFO - Filling up the DagBag from /home/airflow/.local/lib/python3.12/site-packages/airflow/example_dags/example_branch_python_dop_operator_3.py
[2025-03-24T08:30:59.669+0000] {processor.py:925} INFO - DAG(s) 'example_branch_dop_operator_v3' retrieved from /home/airflow/.local/lib/python3.12/site-packages/airflow/example_dags/example_branch_python_dop_operator_3.py
[2025-03-24T08:30:59.692+0000] {logging_mixin.py:190} INFO - [2025-03-24T08:30:59.692+0000] {dag.py:3239} INFO - Sync 1 DAGs
[2025-03-24T08:30:59.722+0000] {logging_mixin.py:190} INFO - [2025-03-24T08:30:59.722+0000] {dag.py:4180} INFO - Setting next_dagrun for example_branch_dop_operator_v3 to 2025-03-24 08:29:00+00:00, run_after=2025-03-24 08:30:00+00:00
[2025-03-24T08:30:59.746+0000] {processor.py:208} INFO - Processing /home/airflow/.local/lib/python3.12/site-packages/airflow/example_dags/example_branch_python_dop_operator_3.py took 0.101 seconds
[2025-03-24T08:31:31.232+0000] {processor.py:186} INFO - Started process (PID=2743) to work on /home/airflow/.local/lib/python3.12/site-packages/airflow/example_dags/example_branch_python_dop_operator_3.py
[2025-03-24T08:31:31.233+0000] {processor.py:914} INFO - Processing file /home/airflow/.local/lib/python3.12/site-packages/airflow/example_dags/example_branch_python_dop_operator_3.py for tasks to queue
[2025-03-24T08:31:31.236+0000] {logging_mixin.py:190} INFO - [2025-03-24T08:31:31.236+0000] {dagbag.py:588} INFO - Filling up the DagBag from /home/airflow/.local/lib/python3.12/site-packages/airflow/example_dags/example_branch_python_dop_operator_3.py
[2025-03-24T08:31:31.248+0000] {processor.py:925} INFO - DAG(s) 'example_branch_dop_operator_v3' retrieved from /home/airflow/.local/lib/python3.12/site-packages/airflow/example_dags/example_branch_python_dop_operator_3.py
[2025-03-24T08:31:31.270+0000] {logging_mixin.py:190} INFO - [2025-03-24T08:31:31.270+0000] {dag.py:3239} INFO - Sync 1 DAGs
[2025-03-24T08:31:31.300+0000] {logging_mixin.py:190} INFO - [2025-03-24T08:31:31.300+0000] {dag.py:4180} INFO - Setting next_dagrun for example_branch_dop_operator_v3 to 2025-03-24 08:30:00+00:00, run_after=2025-03-24 08:31:00+00:00
[2025-03-24T08:31:31.324+0000] {processor.py:208} INFO - Processing /home/airflow/.local/lib/python3.12/site-packages/airflow/example_dags/example_branch_python_dop_operator_3.py took 0.098 seconds
[2025-03-24T08:32:02.018+0000] {processor.py:186} INFO - Started process (PID=2802) to work on /home/airflow/.local/lib/python3.12/site-packages/airflow/example_dags/example_branch_python_dop_operator_3.py
[2025-03-24T08:32:02.019+0000] {processor.py:914} INFO - Processing file /home/airflow/.local/lib/python3.12/site-packages/airflow/example_dags/example_branch_python_dop_operator_3.py for tasks to queue
[2025-03-24T08:32:02.022+0000] {logging_mixin.py:190} INFO - [2025-03-24T08:32:02.022+0000] {dagbag.py:588} INFO - Filling up the DagBag from /home/airflow/.local/lib/python3.12/site-packages/airflow/example_dags/example_branch_python_dop_operator_3.py
[2025-03-24T08:32:02.035+0000] {processor.py:925} INFO - DAG(s) 'example_branch_dop_operator_v3' retrieved from /home/airflow/.local/lib/python3.12/site-packages/airflow/example_dags/example_branch_python_dop_operator_3.py
[2025-03-24T08:32:02.057+0000] {logging_mixin.py:190} INFO - [2025-03-24T08:32:02.057+0000] {dag.py:3239} INFO - Sync 1 DAGs
[2025-03-24T08:32:02.086+0000] {logging_mixin.py:190} INFO - [2025-03-24T08:32:02.086+0000] {dag.py:4180} INFO - Setting next_dagrun for example_branch_dop_operator_v3 to 2025-03-24 08:31:00+00:00, run_after=2025-03-24 08:32:00+00:00
[2025-03-24T08:32:02.108+0000] {processor.py:208} INFO - Processing /home/airflow/.local/lib/python3.12/site-packages/airflow/example_dags/example_branch_python_dop_operator_3.py took 0.096 seconds
[2025-03-24T08:32:32.504+0000] {processor.py:186} INFO - Started process (PID=2860) to work on /home/airflow/.local/lib/python3.12/site-packages/airflow/example_dags/example_branch_python_dop_operator_3.py
[2025-03-24T08:32:32.505+0000] {processor.py:914} INFO - Processing file /home/airflow/.local/lib/python3.12/site-packages/airflow/example_dags/example_branch_python_dop_operator_3.py for tasks to queue
[2025-03-24T08:32:32.508+0000] {logging_mixin.py:190} INFO - [2025-03-24T08:32:32.508+0000] {dagbag.py:588} INFO - Filling up the DagBag from /home/airflow/.local/lib/python3.12/site-packages/airflow/example_dags/example_branch_python_dop_operator_3.py
[2025-03-24T08:32:32.520+0000] {processor.py:925} INFO - DAG(s) 'example_branch_dop_operator_v3' retrieved from /home/airflow/.local/lib/python3.12/site-packages/airflow/example_dags/example_branch_python_dop_operator_3.py
[2025-03-24T08:32:32.542+0000] {logging_mixin.py:190} INFO - [2025-03-24T08:32:32.542+0000] {dag.py:3239} INFO - Sync 1 DAGs
[2025-03-24T08:32:32.575+0000] {logging_mixin.py:190} INFO - [2025-03-24T08:32:32.575+0000] {dag.py:4180} INFO - Setting next_dagrun for example_branch_dop_operator_v3 to 2025-03-24 08:31:00+00:00, run_after=2025-03-24 08:32:00+00:00
[2025-03-24T08:32:32.602+0000] {processor.py:208} INFO - Processing /home/airflow/.local/lib/python3.12/site-packages/airflow/example_dags/example_branch_python_dop_operator_3.py took 0.104 seconds
[2025-03-24T08:33:03.974+0000] {processor.py:186} INFO - Started process (PID=2923) to work on /home/airflow/.local/lib/python3.12/site-packages/airflow/example_dags/example_branch_python_dop_operator_3.py
[2025-03-24T08:33:03.975+0000] {processor.py:914} INFO - Processing file /home/airflow/.local/lib/python3.12/site-packages/airflow/example_dags/example_branch_python_dop_operator_3.py for tasks to queue
[2025-03-24T08:33:03.979+0000] {logging_mixin.py:190} INFO - [2025-03-24T08:33:03.978+0000] {dagbag.py:588} INFO - Filling up the DagBag from /home/airflow/.local/lib/python3.12/site-packages/airflow/example_dags/example_branch_python_dop_operator_3.py
[2025-03-24T08:33:03.992+0000] {processor.py:925} INFO - DAG(s) 'example_branch_dop_operator_v3' retrieved from /home/airflow/.local/lib/python3.12/site-packages/airflow/example_dags/example_branch_python_dop_operator_3.py
[2025-03-24T08:33:04.017+0000] {logging_mixin.py:190} INFO - [2025-03-24T08:33:04.016+0000] {dag.py:3239} INFO - Sync 1 DAGs
[2025-03-24T08:33:04.055+0000] {logging_mixin.py:190} INFO - [2025-03-24T08:33:04.054+0000] {dag.py:4180} INFO - Setting next_dagrun for example_branch_dop_operator_v3 to 2025-03-24 08:32:00+00:00, run_after=2025-03-24 08:33:00+00:00
[2025-03-24T08:33:04.086+0000] {processor.py:208} INFO - Processing /home/airflow/.local/lib/python3.12/site-packages/airflow/example_dags/example_branch_python_dop_operator_3.py took 0.119 seconds
