[2025-03-24T08:10:11.550+0000] {processor.py:186} INFO - Started process (PID=95) to work on /home/airflow/.local/lib/python3.12/site-packages/airflow/example_dags/example_sensor_decorator.py
[2025-03-24T08:10:11.551+0000] {processor.py:914} INFO - Processing file /home/airflow/.local/lib/python3.12/site-packages/airflow/example_dags/example_sensor_decorator.py for tasks to queue
[2025-03-24T08:10:11.554+0000] {logging_mixin.py:190} INFO - [2025-03-24T08:10:11.554+0000] {dagbag.py:588} INFO - Filling up the DagBag from /home/airflow/.local/lib/python3.12/site-packages/airflow/example_dags/example_sensor_decorator.py
[2025-03-24T08:10:11.566+0000] {processor.py:925} INFO - DAG(s) 'example_sensor_decorator' retrieved from /home/airflow/.local/lib/python3.12/site-packages/airflow/example_dags/example_sensor_decorator.py
[2025-03-24T08:10:11.694+0000] {logging_mixin.py:190} INFO - [2025-03-24T08:10:11.693+0000] {override.py:1912} INFO - Created Permission View: can read on DAG:example_sensor_decorator
[2025-03-24T08:10:11.706+0000] {logging_mixin.py:190} INFO - [2025-03-24T08:10:11.706+0000] {override.py:1912} INFO - Created Permission View: can delete on DAG:example_sensor_decorator
[2025-03-24T08:10:11.714+0000] {logging_mixin.py:190} INFO - [2025-03-24T08:10:11.714+0000] {override.py:1912} INFO - Created Permission View: can edit on DAG:example_sensor_decorator
[2025-03-24T08:10:11.722+0000] {logging_mixin.py:190} INFO - [2025-03-24T08:10:11.722+0000] {override.py:1912} INFO - Created Permission View: can create on DAG Run:example_sensor_decorator
[2025-03-24T08:10:11.730+0000] {logging_mixin.py:190} INFO - [2025-03-24T08:10:11.730+0000] {override.py:1912} INFO - Created Permission View: menu access on DAG Run:example_sensor_decorator
[2025-03-24T08:10:11.738+0000] {logging_mixin.py:190} INFO - [2025-03-24T08:10:11.738+0000] {override.py:1912} INFO - Created Permission View: can read on DAG Run:example_sensor_decorator
[2025-03-24T08:10:11.746+0000] {logging_mixin.py:190} INFO - [2025-03-24T08:10:11.745+0000] {override.py:1912} INFO - Created Permission View: can delete on DAG Run:example_sensor_decorator
[2025-03-24T08:10:11.746+0000] {logging_mixin.py:190} INFO - [2025-03-24T08:10:11.746+0000] {dag.py:3239} INFO - Sync 1 DAGs
[2025-03-24T08:10:11.761+0000] {logging_mixin.py:190} INFO - [2025-03-24T08:10:11.761+0000] {dag.py:3262} INFO - Creating ORM DAG for example_sensor_decorator
[2025-03-24T08:10:11.762+0000] {logging_mixin.py:190} INFO - [2025-03-24T08:10:11.762+0000] {dag.py:4180} INFO - Setting next_dagrun for example_sensor_decorator to None, run_after=None
[2025-03-24T08:10:11.780+0000] {processor.py:208} INFO - Processing /home/airflow/.local/lib/python3.12/site-packages/airflow/example_dags/example_sensor_decorator.py took 0.237 seconds
[2025-03-24T08:10:42.128+0000] {processor.py:186} INFO - Started process (PID=159) to work on /home/airflow/.local/lib/python3.12/site-packages/airflow/example_dags/example_sensor_decorator.py
[2025-03-24T08:10:42.129+0000] {processor.py:914} INFO - Processing file /home/airflow/.local/lib/python3.12/site-packages/airflow/example_dags/example_sensor_decorator.py for tasks to queue
[2025-03-24T08:10:42.133+0000] {logging_mixin.py:190} INFO - [2025-03-24T08:10:42.132+0000] {dagbag.py:588} INFO - Filling up the DagBag from /home/airflow/.local/lib/python3.12/site-packages/airflow/example_dags/example_sensor_decorator.py
[2025-03-24T08:10:42.143+0000] {processor.py:925} INFO - DAG(s) 'example_sensor_decorator' retrieved from /home/airflow/.local/lib/python3.12/site-packages/airflow/example_dags/example_sensor_decorator.py
[2025-03-24T08:10:42.168+0000] {logging_mixin.py:190} INFO - [2025-03-24T08:10:42.167+0000] {dag.py:3239} INFO - Sync 1 DAGs
[2025-03-24T08:10:42.186+0000] {logging_mixin.py:190} INFO - [2025-03-24T08:10:42.185+0000] {dag.py:4180} INFO - Setting next_dagrun for example_sensor_decorator to None, run_after=None
[2025-03-24T08:10:42.211+0000] {processor.py:208} INFO - Processing /home/airflow/.local/lib/python3.12/site-packages/airflow/example_dags/example_sensor_decorator.py took 0.091 seconds
[2025-03-24T08:11:12.472+0000] {processor.py:186} INFO - Started process (PID=223) to work on /home/airflow/.local/lib/python3.12/site-packages/airflow/example_dags/example_sensor_decorator.py
[2025-03-24T08:11:12.473+0000] {processor.py:914} INFO - Processing file /home/airflow/.local/lib/python3.12/site-packages/airflow/example_dags/example_sensor_decorator.py for tasks to queue
[2025-03-24T08:11:12.475+0000] {logging_mixin.py:190} INFO - [2025-03-24T08:11:12.475+0000] {dagbag.py:588} INFO - Filling up the DagBag from /home/airflow/.local/lib/python3.12/site-packages/airflow/example_dags/example_sensor_decorator.py
[2025-03-24T08:11:12.484+0000] {processor.py:925} INFO - DAG(s) 'example_sensor_decorator' retrieved from /home/airflow/.local/lib/python3.12/site-packages/airflow/example_dags/example_sensor_decorator.py
[2025-03-24T08:11:12.504+0000] {logging_mixin.py:190} INFO - [2025-03-24T08:11:12.504+0000] {dag.py:3239} INFO - Sync 1 DAGs
[2025-03-24T08:11:12.526+0000] {logging_mixin.py:190} INFO - [2025-03-24T08:11:12.525+0000] {dag.py:4180} INFO - Setting next_dagrun for example_sensor_decorator to None, run_after=None
[2025-03-24T08:11:12.550+0000] {processor.py:208} INFO - Processing /home/airflow/.local/lib/python3.12/site-packages/airflow/example_dags/example_sensor_decorator.py took 0.085 seconds
[2025-03-24T08:11:43.226+0000] {processor.py:186} INFO - Started process (PID=286) to work on /home/airflow/.local/lib/python3.12/site-packages/airflow/example_dags/example_sensor_decorator.py
[2025-03-24T08:11:43.227+0000] {processor.py:914} INFO - Processing file /home/airflow/.local/lib/python3.12/site-packages/airflow/example_dags/example_sensor_decorator.py for tasks to queue
[2025-03-24T08:11:43.230+0000] {logging_mixin.py:190} INFO - [2025-03-24T08:11:43.229+0000] {dagbag.py:588} INFO - Filling up the DagBag from /home/airflow/.local/lib/python3.12/site-packages/airflow/example_dags/example_sensor_decorator.py
[2025-03-24T08:11:43.239+0000] {processor.py:925} INFO - DAG(s) 'example_sensor_decorator' retrieved from /home/airflow/.local/lib/python3.12/site-packages/airflow/example_dags/example_sensor_decorator.py
[2025-03-24T08:11:43.260+0000] {logging_mixin.py:190} INFO - [2025-03-24T08:11:43.260+0000] {dag.py:3239} INFO - Sync 1 DAGs
[2025-03-24T08:11:43.278+0000] {logging_mixin.py:190} INFO - [2025-03-24T08:11:43.278+0000] {dag.py:4180} INFO - Setting next_dagrun for example_sensor_decorator to None, run_after=None
[2025-03-24T08:11:43.302+0000] {processor.py:208} INFO - Processing /home/airflow/.local/lib/python3.12/site-packages/airflow/example_dags/example_sensor_decorator.py took 0.082 seconds
[2025-03-24T08:12:13.895+0000] {processor.py:186} INFO - Started process (PID=350) to work on /home/airflow/.local/lib/python3.12/site-packages/airflow/example_dags/example_sensor_decorator.py
[2025-03-24T08:12:13.897+0000] {processor.py:914} INFO - Processing file /home/airflow/.local/lib/python3.12/site-packages/airflow/example_dags/example_sensor_decorator.py for tasks to queue
[2025-03-24T08:12:13.899+0000] {logging_mixin.py:190} INFO - [2025-03-24T08:12:13.899+0000] {dagbag.py:588} INFO - Filling up the DagBag from /home/airflow/.local/lib/python3.12/site-packages/airflow/example_dags/example_sensor_decorator.py
[2025-03-24T08:12:13.908+0000] {processor.py:925} INFO - DAG(s) 'example_sensor_decorator' retrieved from /home/airflow/.local/lib/python3.12/site-packages/airflow/example_dags/example_sensor_decorator.py
[2025-03-24T08:12:13.928+0000] {logging_mixin.py:190} INFO - [2025-03-24T08:12:13.928+0000] {dag.py:3239} INFO - Sync 1 DAGs
[2025-03-24T08:12:13.945+0000] {logging_mixin.py:190} INFO - [2025-03-24T08:12:13.945+0000] {dag.py:4180} INFO - Setting next_dagrun for example_sensor_decorator to None, run_after=None
[2025-03-24T08:12:13.967+0000] {processor.py:208} INFO - Processing /home/airflow/.local/lib/python3.12/site-packages/airflow/example_dags/example_sensor_decorator.py took 0.078 seconds
[2025-03-24T08:12:44.499+0000] {processor.py:186} INFO - Started process (PID=414) to work on /home/airflow/.local/lib/python3.12/site-packages/airflow/example_dags/example_sensor_decorator.py
[2025-03-24T08:12:44.501+0000] {processor.py:914} INFO - Processing file /home/airflow/.local/lib/python3.12/site-packages/airflow/example_dags/example_sensor_decorator.py for tasks to queue
[2025-03-24T08:12:44.503+0000] {logging_mixin.py:190} INFO - [2025-03-24T08:12:44.503+0000] {dagbag.py:588} INFO - Filling up the DagBag from /home/airflow/.local/lib/python3.12/site-packages/airflow/example_dags/example_sensor_decorator.py
[2025-03-24T08:12:44.512+0000] {processor.py:925} INFO - DAG(s) 'example_sensor_decorator' retrieved from /home/airflow/.local/lib/python3.12/site-packages/airflow/example_dags/example_sensor_decorator.py
[2025-03-24T08:12:44.533+0000] {logging_mixin.py:190} INFO - [2025-03-24T08:12:44.533+0000] {dag.py:3239} INFO - Sync 1 DAGs
[2025-03-24T08:12:44.549+0000] {logging_mixin.py:190} INFO - [2025-03-24T08:12:44.548+0000] {dag.py:4180} INFO - Setting next_dagrun for example_sensor_decorator to None, run_after=None
[2025-03-24T08:12:44.569+0000] {processor.py:208} INFO - Processing /home/airflow/.local/lib/python3.12/site-packages/airflow/example_dags/example_sensor_decorator.py took 0.076 seconds
[2025-03-24T08:13:15.556+0000] {processor.py:186} INFO - Started process (PID=478) to work on /home/airflow/.local/lib/python3.12/site-packages/airflow/example_dags/example_sensor_decorator.py
[2025-03-24T08:13:15.557+0000] {processor.py:914} INFO - Processing file /home/airflow/.local/lib/python3.12/site-packages/airflow/example_dags/example_sensor_decorator.py for tasks to queue
[2025-03-24T08:13:15.559+0000] {logging_mixin.py:190} INFO - [2025-03-24T08:13:15.559+0000] {dagbag.py:588} INFO - Filling up the DagBag from /home/airflow/.local/lib/python3.12/site-packages/airflow/example_dags/example_sensor_decorator.py
[2025-03-24T08:13:15.568+0000] {processor.py:925} INFO - DAG(s) 'example_sensor_decorator' retrieved from /home/airflow/.local/lib/python3.12/site-packages/airflow/example_dags/example_sensor_decorator.py
[2025-03-24T08:13:15.590+0000] {logging_mixin.py:190} INFO - [2025-03-24T08:13:15.589+0000] {dag.py:3239} INFO - Sync 1 DAGs
[2025-03-24T08:13:15.606+0000] {logging_mixin.py:190} INFO - [2025-03-24T08:13:15.606+0000] {dag.py:4180} INFO - Setting next_dagrun for example_sensor_decorator to None, run_after=None
[2025-03-24T08:13:15.627+0000] {processor.py:208} INFO - Processing /home/airflow/.local/lib/python3.12/site-packages/airflow/example_dags/example_sensor_decorator.py took 0.078 seconds
[2025-03-24T08:13:46.499+0000] {processor.py:186} INFO - Started process (PID=542) to work on /home/airflow/.local/lib/python3.12/site-packages/airflow/example_dags/example_sensor_decorator.py
[2025-03-24T08:13:46.500+0000] {processor.py:914} INFO - Processing file /home/airflow/.local/lib/python3.12/site-packages/airflow/example_dags/example_sensor_decorator.py for tasks to queue
[2025-03-24T08:13:46.503+0000] {logging_mixin.py:190} INFO - [2025-03-24T08:13:46.502+0000] {dagbag.py:588} INFO - Filling up the DagBag from /home/airflow/.local/lib/python3.12/site-packages/airflow/example_dags/example_sensor_decorator.py
[2025-03-24T08:13:46.512+0000] {processor.py:925} INFO - DAG(s) 'example_sensor_decorator' retrieved from /home/airflow/.local/lib/python3.12/site-packages/airflow/example_dags/example_sensor_decorator.py
[2025-03-24T08:13:46.534+0000] {logging_mixin.py:190} INFO - [2025-03-24T08:13:46.534+0000] {dag.py:3239} INFO - Sync 1 DAGs
[2025-03-24T08:13:46.552+0000] {logging_mixin.py:190} INFO - [2025-03-24T08:13:46.552+0000] {dag.py:4180} INFO - Setting next_dagrun for example_sensor_decorator to None, run_after=None
[2025-03-24T08:13:46.576+0000] {processor.py:208} INFO - Processing /home/airflow/.local/lib/python3.12/site-packages/airflow/example_dags/example_sensor_decorator.py took 0.084 seconds
[2025-03-24T08:14:17.697+0000] {processor.py:186} INFO - Started process (PID=606) to work on /home/airflow/.local/lib/python3.12/site-packages/airflow/example_dags/example_sensor_decorator.py
[2025-03-24T08:14:17.698+0000] {processor.py:914} INFO - Processing file /home/airflow/.local/lib/python3.12/site-packages/airflow/example_dags/example_sensor_decorator.py for tasks to queue
[2025-03-24T08:14:17.701+0000] {logging_mixin.py:190} INFO - [2025-03-24T08:14:17.700+0000] {dagbag.py:588} INFO - Filling up the DagBag from /home/airflow/.local/lib/python3.12/site-packages/airflow/example_dags/example_sensor_decorator.py
[2025-03-24T08:14:17.709+0000] {processor.py:925} INFO - DAG(s) 'example_sensor_decorator' retrieved from /home/airflow/.local/lib/python3.12/site-packages/airflow/example_dags/example_sensor_decorator.py
[2025-03-24T08:14:17.730+0000] {logging_mixin.py:190} INFO - [2025-03-24T08:14:17.730+0000] {dag.py:3239} INFO - Sync 1 DAGs
[2025-03-24T08:14:17.746+0000] {logging_mixin.py:190} INFO - [2025-03-24T08:14:17.745+0000] {dag.py:4180} INFO - Setting next_dagrun for example_sensor_decorator to None, run_after=None
[2025-03-24T08:14:17.769+0000] {processor.py:208} INFO - Processing /home/airflow/.local/lib/python3.12/site-packages/airflow/example_dags/example_sensor_decorator.py took 0.078 seconds
[2025-03-24T08:14:48.713+0000] {processor.py:186} INFO - Started process (PID=670) to work on /home/airflow/.local/lib/python3.12/site-packages/airflow/example_dags/example_sensor_decorator.py
[2025-03-24T08:14:48.714+0000] {processor.py:914} INFO - Processing file /home/airflow/.local/lib/python3.12/site-packages/airflow/example_dags/example_sensor_decorator.py for tasks to queue
[2025-03-24T08:14:48.717+0000] {logging_mixin.py:190} INFO - [2025-03-24T08:14:48.716+0000] {dagbag.py:588} INFO - Filling up the DagBag from /home/airflow/.local/lib/python3.12/site-packages/airflow/example_dags/example_sensor_decorator.py
[2025-03-24T08:14:48.726+0000] {processor.py:925} INFO - DAG(s) 'example_sensor_decorator' retrieved from /home/airflow/.local/lib/python3.12/site-packages/airflow/example_dags/example_sensor_decorator.py
[2025-03-24T08:14:48.748+0000] {logging_mixin.py:190} INFO - [2025-03-24T08:14:48.747+0000] {dag.py:3239} INFO - Sync 1 DAGs
[2025-03-24T08:14:48.764+0000] {logging_mixin.py:190} INFO - [2025-03-24T08:14:48.764+0000] {dag.py:4180} INFO - Setting next_dagrun for example_sensor_decorator to None, run_after=None
[2025-03-24T08:14:48.786+0000] {processor.py:208} INFO - Processing /home/airflow/.local/lib/python3.12/site-packages/airflow/example_dags/example_sensor_decorator.py took 0.080 seconds
[2025-03-24T08:15:20.069+0000] {processor.py:186} INFO - Started process (PID=734) to work on /home/airflow/.local/lib/python3.12/site-packages/airflow/example_dags/example_sensor_decorator.py
[2025-03-24T08:15:20.071+0000] {processor.py:914} INFO - Processing file /home/airflow/.local/lib/python3.12/site-packages/airflow/example_dags/example_sensor_decorator.py for tasks to queue
[2025-03-24T08:15:20.073+0000] {logging_mixin.py:190} INFO - [2025-03-24T08:15:20.073+0000] {dagbag.py:588} INFO - Filling up the DagBag from /home/airflow/.local/lib/python3.12/site-packages/airflow/example_dags/example_sensor_decorator.py
[2025-03-24T08:15:20.082+0000] {processor.py:925} INFO - DAG(s) 'example_sensor_decorator' retrieved from /home/airflow/.local/lib/python3.12/site-packages/airflow/example_dags/example_sensor_decorator.py
[2025-03-24T08:15:20.103+0000] {logging_mixin.py:190} INFO - [2025-03-24T08:15:20.103+0000] {dag.py:3239} INFO - Sync 1 DAGs
[2025-03-24T08:15:20.119+0000] {logging_mixin.py:190} INFO - [2025-03-24T08:15:20.118+0000] {dag.py:4180} INFO - Setting next_dagrun for example_sensor_decorator to None, run_after=None
[2025-03-24T08:15:20.141+0000] {processor.py:208} INFO - Processing /home/airflow/.local/lib/python3.12/site-packages/airflow/example_dags/example_sensor_decorator.py took 0.078 seconds
[2025-03-24T08:15:51.379+0000] {processor.py:186} INFO - Started process (PID=798) to work on /home/airflow/.local/lib/python3.12/site-packages/airflow/example_dags/example_sensor_decorator.py
[2025-03-24T08:15:51.380+0000] {processor.py:914} INFO - Processing file /home/airflow/.local/lib/python3.12/site-packages/airflow/example_dags/example_sensor_decorator.py for tasks to queue
[2025-03-24T08:15:51.383+0000] {logging_mixin.py:190} INFO - [2025-03-24T08:15:51.382+0000] {dagbag.py:588} INFO - Filling up the DagBag from /home/airflow/.local/lib/python3.12/site-packages/airflow/example_dags/example_sensor_decorator.py
[2025-03-24T08:15:51.392+0000] {processor.py:925} INFO - DAG(s) 'example_sensor_decorator' retrieved from /home/airflow/.local/lib/python3.12/site-packages/airflow/example_dags/example_sensor_decorator.py
[2025-03-24T08:15:51.413+0000] {logging_mixin.py:190} INFO - [2025-03-24T08:15:51.412+0000] {dag.py:3239} INFO - Sync 1 DAGs
[2025-03-24T08:15:51.428+0000] {logging_mixin.py:190} INFO - [2025-03-24T08:15:51.428+0000] {dag.py:4180} INFO - Setting next_dagrun for example_sensor_decorator to None, run_after=None
[2025-03-24T08:15:51.453+0000] {processor.py:208} INFO - Processing /home/airflow/.local/lib/python3.12/site-packages/airflow/example_dags/example_sensor_decorator.py took 0.080 seconds
[2025-03-24T08:16:22.974+0000] {processor.py:186} INFO - Started process (PID=862) to work on /home/airflow/.local/lib/python3.12/site-packages/airflow/example_dags/example_sensor_decorator.py
[2025-03-24T08:16:22.975+0000] {processor.py:914} INFO - Processing file /home/airflow/.local/lib/python3.12/site-packages/airflow/example_dags/example_sensor_decorator.py for tasks to queue
[2025-03-24T08:16:22.977+0000] {logging_mixin.py:190} INFO - [2025-03-24T08:16:22.977+0000] {dagbag.py:588} INFO - Filling up the DagBag from /home/airflow/.local/lib/python3.12/site-packages/airflow/example_dags/example_sensor_decorator.py
[2025-03-24T08:16:22.986+0000] {processor.py:925} INFO - DAG(s) 'example_sensor_decorator' retrieved from /home/airflow/.local/lib/python3.12/site-packages/airflow/example_dags/example_sensor_decorator.py
[2025-03-24T08:16:23.007+0000] {logging_mixin.py:190} INFO - [2025-03-24T08:16:23.007+0000] {dag.py:3239} INFO - Sync 1 DAGs
[2025-03-24T08:16:23.023+0000] {logging_mixin.py:190} INFO - [2025-03-24T08:16:23.023+0000] {dag.py:4180} INFO - Setting next_dagrun for example_sensor_decorator to None, run_after=None
[2025-03-24T08:16:23.046+0000] {processor.py:208} INFO - Processing /home/airflow/.local/lib/python3.12/site-packages/airflow/example_dags/example_sensor_decorator.py took 0.079 seconds
[2025-03-24T08:16:54.257+0000] {processor.py:186} INFO - Started process (PID=926) to work on /home/airflow/.local/lib/python3.12/site-packages/airflow/example_dags/example_sensor_decorator.py
[2025-03-24T08:16:54.258+0000] {processor.py:914} INFO - Processing file /home/airflow/.local/lib/python3.12/site-packages/airflow/example_dags/example_sensor_decorator.py for tasks to queue
[2025-03-24T08:16:54.261+0000] {logging_mixin.py:190} INFO - [2025-03-24T08:16:54.260+0000] {dagbag.py:588} INFO - Filling up the DagBag from /home/airflow/.local/lib/python3.12/site-packages/airflow/example_dags/example_sensor_decorator.py
[2025-03-24T08:16:54.269+0000] {processor.py:925} INFO - DAG(s) 'example_sensor_decorator' retrieved from /home/airflow/.local/lib/python3.12/site-packages/airflow/example_dags/example_sensor_decorator.py
[2025-03-24T08:16:54.291+0000] {logging_mixin.py:190} INFO - [2025-03-24T08:16:54.290+0000] {dag.py:3239} INFO - Sync 1 DAGs
[2025-03-24T08:16:54.307+0000] {logging_mixin.py:190} INFO - [2025-03-24T08:16:54.307+0000] {dag.py:4180} INFO - Setting next_dagrun for example_sensor_decorator to None, run_after=None
[2025-03-24T08:16:54.327+0000] {processor.py:208} INFO - Processing /home/airflow/.local/lib/python3.12/site-packages/airflow/example_dags/example_sensor_decorator.py took 0.076 seconds
[2025-03-24T08:17:25.317+0000] {processor.py:186} INFO - Started process (PID=990) to work on /home/airflow/.local/lib/python3.12/site-packages/airflow/example_dags/example_sensor_decorator.py
[2025-03-24T08:17:25.318+0000] {processor.py:914} INFO - Processing file /home/airflow/.local/lib/python3.12/site-packages/airflow/example_dags/example_sensor_decorator.py for tasks to queue
[2025-03-24T08:17:25.321+0000] {logging_mixin.py:190} INFO - [2025-03-24T08:17:25.321+0000] {dagbag.py:588} INFO - Filling up the DagBag from /home/airflow/.local/lib/python3.12/site-packages/airflow/example_dags/example_sensor_decorator.py
[2025-03-24T08:17:25.332+0000] {processor.py:925} INFO - DAG(s) 'example_sensor_decorator' retrieved from /home/airflow/.local/lib/python3.12/site-packages/airflow/example_dags/example_sensor_decorator.py
[2025-03-24T08:17:25.358+0000] {logging_mixin.py:190} INFO - [2025-03-24T08:17:25.358+0000] {dag.py:3239} INFO - Sync 1 DAGs
[2025-03-24T08:17:25.374+0000] {logging_mixin.py:190} INFO - [2025-03-24T08:17:25.374+0000] {dag.py:4180} INFO - Setting next_dagrun for example_sensor_decorator to None, run_after=None
[2025-03-24T08:17:25.394+0000] {processor.py:208} INFO - Processing /home/airflow/.local/lib/python3.12/site-packages/airflow/example_dags/example_sensor_decorator.py took 0.087 seconds
[2025-03-24T08:17:56.393+0000] {processor.py:186} INFO - Started process (PID=1054) to work on /home/airflow/.local/lib/python3.12/site-packages/airflow/example_dags/example_sensor_decorator.py
[2025-03-24T08:17:56.394+0000] {processor.py:914} INFO - Processing file /home/airflow/.local/lib/python3.12/site-packages/airflow/example_dags/example_sensor_decorator.py for tasks to queue
[2025-03-24T08:17:56.397+0000] {logging_mixin.py:190} INFO - [2025-03-24T08:17:56.396+0000] {dagbag.py:588} INFO - Filling up the DagBag from /home/airflow/.local/lib/python3.12/site-packages/airflow/example_dags/example_sensor_decorator.py
[2025-03-24T08:17:56.406+0000] {processor.py:925} INFO - DAG(s) 'example_sensor_decorator' retrieved from /home/airflow/.local/lib/python3.12/site-packages/airflow/example_dags/example_sensor_decorator.py
[2025-03-24T08:17:56.428+0000] {logging_mixin.py:190} INFO - [2025-03-24T08:17:56.428+0000] {dag.py:3239} INFO - Sync 1 DAGs
[2025-03-24T08:17:56.446+0000] {logging_mixin.py:190} INFO - [2025-03-24T08:17:56.445+0000] {dag.py:4180} INFO - Setting next_dagrun for example_sensor_decorator to None, run_after=None
[2025-03-24T08:17:56.466+0000] {processor.py:208} INFO - Processing /home/airflow/.local/lib/python3.12/site-packages/airflow/example_dags/example_sensor_decorator.py took 0.080 seconds
[2025-03-24T08:18:27.317+0000] {processor.py:186} INFO - Started process (PID=1118) to work on /home/airflow/.local/lib/python3.12/site-packages/airflow/example_dags/example_sensor_decorator.py
[2025-03-24T08:18:27.319+0000] {processor.py:914} INFO - Processing file /home/airflow/.local/lib/python3.12/site-packages/airflow/example_dags/example_sensor_decorator.py for tasks to queue
[2025-03-24T08:18:27.321+0000] {logging_mixin.py:190} INFO - [2025-03-24T08:18:27.321+0000] {dagbag.py:588} INFO - Filling up the DagBag from /home/airflow/.local/lib/python3.12/site-packages/airflow/example_dags/example_sensor_decorator.py
[2025-03-24T08:18:27.330+0000] {processor.py:925} INFO - DAG(s) 'example_sensor_decorator' retrieved from /home/airflow/.local/lib/python3.12/site-packages/airflow/example_dags/example_sensor_decorator.py
[2025-03-24T08:18:27.354+0000] {logging_mixin.py:190} INFO - [2025-03-24T08:18:27.353+0000] {dag.py:3239} INFO - Sync 1 DAGs
[2025-03-24T08:18:27.372+0000] {logging_mixin.py:190} INFO - [2025-03-24T08:18:27.372+0000] {dag.py:4180} INFO - Setting next_dagrun for example_sensor_decorator to None, run_after=None
[2025-03-24T08:18:27.399+0000] {processor.py:208} INFO - Processing /home/airflow/.local/lib/python3.12/site-packages/airflow/example_dags/example_sensor_decorator.py took 0.088 seconds
[2025-03-24T08:18:58.794+0000] {processor.py:186} INFO - Started process (PID=1182) to work on /home/airflow/.local/lib/python3.12/site-packages/airflow/example_dags/example_sensor_decorator.py
[2025-03-24T08:18:58.795+0000] {processor.py:914} INFO - Processing file /home/airflow/.local/lib/python3.12/site-packages/airflow/example_dags/example_sensor_decorator.py for tasks to queue
[2025-03-24T08:18:58.798+0000] {logging_mixin.py:190} INFO - [2025-03-24T08:18:58.797+0000] {dagbag.py:588} INFO - Filling up the DagBag from /home/airflow/.local/lib/python3.12/site-packages/airflow/example_dags/example_sensor_decorator.py
[2025-03-24T08:18:58.806+0000] {processor.py:925} INFO - DAG(s) 'example_sensor_decorator' retrieved from /home/airflow/.local/lib/python3.12/site-packages/airflow/example_dags/example_sensor_decorator.py
[2025-03-24T08:18:58.827+0000] {logging_mixin.py:190} INFO - [2025-03-24T08:18:58.827+0000] {dag.py:3239} INFO - Sync 1 DAGs
[2025-03-24T08:18:58.843+0000] {logging_mixin.py:190} INFO - [2025-03-24T08:18:58.843+0000] {dag.py:4180} INFO - Setting next_dagrun for example_sensor_decorator to None, run_after=None
[2025-03-24T08:18:58.864+0000] {processor.py:208} INFO - Processing /home/airflow/.local/lib/python3.12/site-packages/airflow/example_dags/example_sensor_decorator.py took 0.077 seconds
[2025-03-24T08:19:30.086+0000] {processor.py:186} INFO - Started process (PID=1246) to work on /home/airflow/.local/lib/python3.12/site-packages/airflow/example_dags/example_sensor_decorator.py
[2025-03-24T08:19:30.087+0000] {processor.py:914} INFO - Processing file /home/airflow/.local/lib/python3.12/site-packages/airflow/example_dags/example_sensor_decorator.py for tasks to queue
[2025-03-24T08:19:30.089+0000] {logging_mixin.py:190} INFO - [2025-03-24T08:19:30.089+0000] {dagbag.py:588} INFO - Filling up the DagBag from /home/airflow/.local/lib/python3.12/site-packages/airflow/example_dags/example_sensor_decorator.py
[2025-03-24T08:19:30.099+0000] {processor.py:925} INFO - DAG(s) 'example_sensor_decorator' retrieved from /home/airflow/.local/lib/python3.12/site-packages/airflow/example_dags/example_sensor_decorator.py
[2025-03-24T08:19:30.120+0000] {logging_mixin.py:190} INFO - [2025-03-24T08:19:30.120+0000] {dag.py:3239} INFO - Sync 1 DAGs
[2025-03-24T08:19:30.138+0000] {logging_mixin.py:190} INFO - [2025-03-24T08:19:30.138+0000] {dag.py:4180} INFO - Setting next_dagrun for example_sensor_decorator to None, run_after=None
[2025-03-24T08:19:30.160+0000] {processor.py:208} INFO - Processing /home/airflow/.local/lib/python3.12/site-packages/airflow/example_dags/example_sensor_decorator.py took 0.081 seconds
[2025-03-24T08:20:01.383+0000] {processor.py:186} INFO - Started process (PID=1310) to work on /home/airflow/.local/lib/python3.12/site-packages/airflow/example_dags/example_sensor_decorator.py
[2025-03-24T08:20:01.385+0000] {processor.py:914} INFO - Processing file /home/airflow/.local/lib/python3.12/site-packages/airflow/example_dags/example_sensor_decorator.py for tasks to queue
[2025-03-24T08:20:01.387+0000] {logging_mixin.py:190} INFO - [2025-03-24T08:20:01.387+0000] {dagbag.py:588} INFO - Filling up the DagBag from /home/airflow/.local/lib/python3.12/site-packages/airflow/example_dags/example_sensor_decorator.py
[2025-03-24T08:20:01.396+0000] {processor.py:925} INFO - DAG(s) 'example_sensor_decorator' retrieved from /home/airflow/.local/lib/python3.12/site-packages/airflow/example_dags/example_sensor_decorator.py
[2025-03-24T08:20:01.418+0000] {logging_mixin.py:190} INFO - [2025-03-24T08:20:01.417+0000] {dag.py:3239} INFO - Sync 1 DAGs
[2025-03-24T08:20:01.435+0000] {logging_mixin.py:190} INFO - [2025-03-24T08:20:01.435+0000] {dag.py:4180} INFO - Setting next_dagrun for example_sensor_decorator to None, run_after=None
[2025-03-24T08:20:01.456+0000] {processor.py:208} INFO - Processing /home/airflow/.local/lib/python3.12/site-packages/airflow/example_dags/example_sensor_decorator.py took 0.080 seconds
[2025-03-24T08:20:32.506+0000] {processor.py:186} INFO - Started process (PID=1374) to work on /home/airflow/.local/lib/python3.12/site-packages/airflow/example_dags/example_sensor_decorator.py
[2025-03-24T08:20:32.507+0000] {processor.py:914} INFO - Processing file /home/airflow/.local/lib/python3.12/site-packages/airflow/example_dags/example_sensor_decorator.py for tasks to queue
[2025-03-24T08:20:32.509+0000] {logging_mixin.py:190} INFO - [2025-03-24T08:20:32.509+0000] {dagbag.py:588} INFO - Filling up the DagBag from /home/airflow/.local/lib/python3.12/site-packages/airflow/example_dags/example_sensor_decorator.py
[2025-03-24T08:20:32.520+0000] {processor.py:925} INFO - DAG(s) 'example_sensor_decorator' retrieved from /home/airflow/.local/lib/python3.12/site-packages/airflow/example_dags/example_sensor_decorator.py
[2025-03-24T08:20:32.541+0000] {logging_mixin.py:190} INFO - [2025-03-24T08:20:32.540+0000] {dag.py:3239} INFO - Sync 1 DAGs
[2025-03-24T08:20:32.557+0000] {logging_mixin.py:190} INFO - [2025-03-24T08:20:32.557+0000] {dag.py:4180} INFO - Setting next_dagrun for example_sensor_decorator to None, run_after=None
[2025-03-24T08:20:32.585+0000] {processor.py:208} INFO - Processing /home/airflow/.local/lib/python3.12/site-packages/airflow/example_dags/example_sensor_decorator.py took 0.086 seconds
[2025-03-24T08:21:03.390+0000] {processor.py:186} INFO - Started process (PID=1438) to work on /home/airflow/.local/lib/python3.12/site-packages/airflow/example_dags/example_sensor_decorator.py
[2025-03-24T08:21:03.391+0000] {processor.py:914} INFO - Processing file /home/airflow/.local/lib/python3.12/site-packages/airflow/example_dags/example_sensor_decorator.py for tasks to queue
[2025-03-24T08:21:03.394+0000] {logging_mixin.py:190} INFO - [2025-03-24T08:21:03.393+0000] {dagbag.py:588} INFO - Filling up the DagBag from /home/airflow/.local/lib/python3.12/site-packages/airflow/example_dags/example_sensor_decorator.py
[2025-03-24T08:21:03.403+0000] {processor.py:925} INFO - DAG(s) 'example_sensor_decorator' retrieved from /home/airflow/.local/lib/python3.12/site-packages/airflow/example_dags/example_sensor_decorator.py
[2025-03-24T08:21:03.424+0000] {logging_mixin.py:190} INFO - [2025-03-24T08:21:03.424+0000] {dag.py:3239} INFO - Sync 1 DAGs
[2025-03-24T08:21:03.440+0000] {logging_mixin.py:190} INFO - [2025-03-24T08:21:03.440+0000] {dag.py:4180} INFO - Setting next_dagrun for example_sensor_decorator to None, run_after=None
[2025-03-24T08:21:03.465+0000] {processor.py:208} INFO - Processing /home/airflow/.local/lib/python3.12/site-packages/airflow/example_dags/example_sensor_decorator.py took 0.081 seconds
[2025-03-24T08:21:34.842+0000] {processor.py:186} INFO - Started process (PID=1508) to work on /home/airflow/.local/lib/python3.12/site-packages/airflow/example_dags/example_sensor_decorator.py
[2025-03-24T08:21:34.843+0000] {processor.py:914} INFO - Processing file /home/airflow/.local/lib/python3.12/site-packages/airflow/example_dags/example_sensor_decorator.py for tasks to queue
[2025-03-24T08:21:34.846+0000] {logging_mixin.py:190} INFO - [2025-03-24T08:21:34.846+0000] {dagbag.py:588} INFO - Filling up the DagBag from /home/airflow/.local/lib/python3.12/site-packages/airflow/example_dags/example_sensor_decorator.py
[2025-03-24T08:21:34.858+0000] {processor.py:925} INFO - DAG(s) 'example_sensor_decorator' retrieved from /home/airflow/.local/lib/python3.12/site-packages/airflow/example_dags/example_sensor_decorator.py
[2025-03-24T08:21:34.884+0000] {logging_mixin.py:190} INFO - [2025-03-24T08:21:34.884+0000] {dag.py:3239} INFO - Sync 1 DAGs
[2025-03-24T08:21:34.901+0000] {logging_mixin.py:190} INFO - [2025-03-24T08:21:34.900+0000] {dag.py:4180} INFO - Setting next_dagrun for example_sensor_decorator to None, run_after=None
[2025-03-24T08:21:34.926+0000] {processor.py:208} INFO - Processing /home/airflow/.local/lib/python3.12/site-packages/airflow/example_dags/example_sensor_decorator.py took 0.091 seconds
[2025-03-24T08:22:06.562+0000] {processor.py:186} INFO - Started process (PID=1572) to work on /home/airflow/.local/lib/python3.12/site-packages/airflow/example_dags/example_sensor_decorator.py
[2025-03-24T08:22:06.564+0000] {processor.py:914} INFO - Processing file /home/airflow/.local/lib/python3.12/site-packages/airflow/example_dags/example_sensor_decorator.py for tasks to queue
[2025-03-24T08:22:06.566+0000] {logging_mixin.py:190} INFO - [2025-03-24T08:22:06.566+0000] {dagbag.py:588} INFO - Filling up the DagBag from /home/airflow/.local/lib/python3.12/site-packages/airflow/example_dags/example_sensor_decorator.py
[2025-03-24T08:22:06.576+0000] {processor.py:925} INFO - DAG(s) 'example_sensor_decorator' retrieved from /home/airflow/.local/lib/python3.12/site-packages/airflow/example_dags/example_sensor_decorator.py
[2025-03-24T08:22:06.597+0000] {logging_mixin.py:190} INFO - [2025-03-24T08:22:06.597+0000] {dag.py:3239} INFO - Sync 1 DAGs
[2025-03-24T08:22:06.613+0000] {logging_mixin.py:190} INFO - [2025-03-24T08:22:06.613+0000] {dag.py:4180} INFO - Setting next_dagrun for example_sensor_decorator to None, run_after=None
[2025-03-24T08:22:06.633+0000] {processor.py:208} INFO - Processing /home/airflow/.local/lib/python3.12/site-packages/airflow/example_dags/example_sensor_decorator.py took 0.078 seconds
[2025-03-24T08:22:37.999+0000] {processor.py:186} INFO - Started process (PID=1636) to work on /home/airflow/.local/lib/python3.12/site-packages/airflow/example_dags/example_sensor_decorator.py
[2025-03-24T08:22:38.000+0000] {processor.py:914} INFO - Processing file /home/airflow/.local/lib/python3.12/site-packages/airflow/example_dags/example_sensor_decorator.py for tasks to queue
[2025-03-24T08:22:38.003+0000] {logging_mixin.py:190} INFO - [2025-03-24T08:22:38.002+0000] {dagbag.py:588} INFO - Filling up the DagBag from /home/airflow/.local/lib/python3.12/site-packages/airflow/example_dags/example_sensor_decorator.py
[2025-03-24T08:22:38.012+0000] {processor.py:925} INFO - DAG(s) 'example_sensor_decorator' retrieved from /home/airflow/.local/lib/python3.12/site-packages/airflow/example_dags/example_sensor_decorator.py
[2025-03-24T08:22:38.033+0000] {logging_mixin.py:190} INFO - [2025-03-24T08:22:38.033+0000] {dag.py:3239} INFO - Sync 1 DAGs
[2025-03-24T08:22:38.051+0000] {logging_mixin.py:190} INFO - [2025-03-24T08:22:38.051+0000] {dag.py:4180} INFO - Setting next_dagrun for example_sensor_decorator to None, run_after=None
[2025-03-24T08:22:38.072+0000] {processor.py:208} INFO - Processing /home/airflow/.local/lib/python3.12/site-packages/airflow/example_dags/example_sensor_decorator.py took 0.080 seconds
[2025-03-24T08:23:09.227+0000] {processor.py:186} INFO - Started process (PID=1700) to work on /home/airflow/.local/lib/python3.12/site-packages/airflow/example_dags/example_sensor_decorator.py
[2025-03-24T08:23:09.228+0000] {processor.py:914} INFO - Processing file /home/airflow/.local/lib/python3.12/site-packages/airflow/example_dags/example_sensor_decorator.py for tasks to queue
[2025-03-24T08:23:09.230+0000] {logging_mixin.py:190} INFO - [2025-03-24T08:23:09.230+0000] {dagbag.py:588} INFO - Filling up the DagBag from /home/airflow/.local/lib/python3.12/site-packages/airflow/example_dags/example_sensor_decorator.py
[2025-03-24T08:23:09.239+0000] {processor.py:925} INFO - DAG(s) 'example_sensor_decorator' retrieved from /home/airflow/.local/lib/python3.12/site-packages/airflow/example_dags/example_sensor_decorator.py
[2025-03-24T08:23:09.260+0000] {logging_mixin.py:190} INFO - [2025-03-24T08:23:09.260+0000] {dag.py:3239} INFO - Sync 1 DAGs
[2025-03-24T08:23:09.276+0000] {logging_mixin.py:190} INFO - [2025-03-24T08:23:09.275+0000] {dag.py:4180} INFO - Setting next_dagrun for example_sensor_decorator to None, run_after=None
[2025-03-24T08:23:09.295+0000] {processor.py:208} INFO - Processing /home/airflow/.local/lib/python3.12/site-packages/airflow/example_dags/example_sensor_decorator.py took 0.075 seconds
[2025-03-24T08:23:40.531+0000] {processor.py:186} INFO - Started process (PID=1764) to work on /home/airflow/.local/lib/python3.12/site-packages/airflow/example_dags/example_sensor_decorator.py
[2025-03-24T08:23:40.532+0000] {processor.py:914} INFO - Processing file /home/airflow/.local/lib/python3.12/site-packages/airflow/example_dags/example_sensor_decorator.py for tasks to queue
[2025-03-24T08:23:40.534+0000] {logging_mixin.py:190} INFO - [2025-03-24T08:23:40.534+0000] {dagbag.py:588} INFO - Filling up the DagBag from /home/airflow/.local/lib/python3.12/site-packages/airflow/example_dags/example_sensor_decorator.py
[2025-03-24T08:23:40.543+0000] {processor.py:925} INFO - DAG(s) 'example_sensor_decorator' retrieved from /home/airflow/.local/lib/python3.12/site-packages/airflow/example_dags/example_sensor_decorator.py
[2025-03-24T08:23:40.564+0000] {logging_mixin.py:190} INFO - [2025-03-24T08:23:40.564+0000] {dag.py:3239} INFO - Sync 1 DAGs
[2025-03-24T08:23:40.580+0000] {logging_mixin.py:190} INFO - [2025-03-24T08:23:40.580+0000] {dag.py:4180} INFO - Setting next_dagrun for example_sensor_decorator to None, run_after=None
[2025-03-24T08:23:40.604+0000] {processor.py:208} INFO - Processing /home/airflow/.local/lib/python3.12/site-packages/airflow/example_dags/example_sensor_decorator.py took 0.080 seconds
[2025-03-24T08:24:11.848+0000] {processor.py:186} INFO - Started process (PID=1828) to work on /home/airflow/.local/lib/python3.12/site-packages/airflow/example_dags/example_sensor_decorator.py
[2025-03-24T08:24:11.849+0000] {processor.py:914} INFO - Processing file /home/airflow/.local/lib/python3.12/site-packages/airflow/example_dags/example_sensor_decorator.py for tasks to queue
[2025-03-24T08:24:11.851+0000] {logging_mixin.py:190} INFO - [2025-03-24T08:24:11.851+0000] {dagbag.py:588} INFO - Filling up the DagBag from /home/airflow/.local/lib/python3.12/site-packages/airflow/example_dags/example_sensor_decorator.py
[2025-03-24T08:24:11.860+0000] {processor.py:925} INFO - DAG(s) 'example_sensor_decorator' retrieved from /home/airflow/.local/lib/python3.12/site-packages/airflow/example_dags/example_sensor_decorator.py
[2025-03-24T08:24:11.881+0000] {logging_mixin.py:190} INFO - [2025-03-24T08:24:11.881+0000] {dag.py:3239} INFO - Sync 1 DAGs
[2025-03-24T08:24:11.897+0000] {logging_mixin.py:190} INFO - [2025-03-24T08:24:11.897+0000] {dag.py:4180} INFO - Setting next_dagrun for example_sensor_decorator to None, run_after=None
[2025-03-24T08:24:11.918+0000] {processor.py:208} INFO - Processing /home/airflow/.local/lib/python3.12/site-packages/airflow/example_dags/example_sensor_decorator.py took 0.077 seconds
[2025-03-24T08:24:43.238+0000] {processor.py:186} INFO - Started process (PID=1892) to work on /home/airflow/.local/lib/python3.12/site-packages/airflow/example_dags/example_sensor_decorator.py
[2025-03-24T08:24:43.240+0000] {processor.py:914} INFO - Processing file /home/airflow/.local/lib/python3.12/site-packages/airflow/example_dags/example_sensor_decorator.py for tasks to queue
[2025-03-24T08:24:43.242+0000] {logging_mixin.py:190} INFO - [2025-03-24T08:24:43.242+0000] {dagbag.py:588} INFO - Filling up the DagBag from /home/airflow/.local/lib/python3.12/site-packages/airflow/example_dags/example_sensor_decorator.py
[2025-03-24T08:24:43.250+0000] {processor.py:925} INFO - DAG(s) 'example_sensor_decorator' retrieved from /home/airflow/.local/lib/python3.12/site-packages/airflow/example_dags/example_sensor_decorator.py
[2025-03-24T08:24:43.271+0000] {logging_mixin.py:190} INFO - [2025-03-24T08:24:43.271+0000] {dag.py:3239} INFO - Sync 1 DAGs
[2025-03-24T08:24:43.287+0000] {logging_mixin.py:190} INFO - [2025-03-24T08:24:43.286+0000] {dag.py:4180} INFO - Setting next_dagrun for example_sensor_decorator to None, run_after=None
[2025-03-24T08:24:43.310+0000] {processor.py:208} INFO - Processing /home/airflow/.local/lib/python3.12/site-packages/airflow/example_dags/example_sensor_decorator.py took 0.078 seconds
[2025-03-24T08:25:14.431+0000] {processor.py:186} INFO - Started process (PID=1956) to work on /home/airflow/.local/lib/python3.12/site-packages/airflow/example_dags/example_sensor_decorator.py
[2025-03-24T08:25:14.433+0000] {processor.py:914} INFO - Processing file /home/airflow/.local/lib/python3.12/site-packages/airflow/example_dags/example_sensor_decorator.py for tasks to queue
[2025-03-24T08:25:14.435+0000] {logging_mixin.py:190} INFO - [2025-03-24T08:25:14.435+0000] {dagbag.py:588} INFO - Filling up the DagBag from /home/airflow/.local/lib/python3.12/site-packages/airflow/example_dags/example_sensor_decorator.py
[2025-03-24T08:25:14.444+0000] {processor.py:925} INFO - DAG(s) 'example_sensor_decorator' retrieved from /home/airflow/.local/lib/python3.12/site-packages/airflow/example_dags/example_sensor_decorator.py
[2025-03-24T08:25:14.465+0000] {logging_mixin.py:190} INFO - [2025-03-24T08:25:14.465+0000] {dag.py:3239} INFO - Sync 1 DAGs
[2025-03-24T08:25:14.480+0000] {logging_mixin.py:190} INFO - [2025-03-24T08:25:14.480+0000] {dag.py:4180} INFO - Setting next_dagrun for example_sensor_decorator to None, run_after=None
[2025-03-24T08:25:14.504+0000] {processor.py:208} INFO - Processing /home/airflow/.local/lib/python3.12/site-packages/airflow/example_dags/example_sensor_decorator.py took 0.079 seconds
[2025-03-24T08:25:45.653+0000] {processor.py:186} INFO - Started process (PID=2020) to work on /home/airflow/.local/lib/python3.12/site-packages/airflow/example_dags/example_sensor_decorator.py
[2025-03-24T08:25:45.654+0000] {processor.py:914} INFO - Processing file /home/airflow/.local/lib/python3.12/site-packages/airflow/example_dags/example_sensor_decorator.py for tasks to queue
[2025-03-24T08:25:45.657+0000] {logging_mixin.py:190} INFO - [2025-03-24T08:25:45.656+0000] {dagbag.py:588} INFO - Filling up the DagBag from /home/airflow/.local/lib/python3.12/site-packages/airflow/example_dags/example_sensor_decorator.py
[2025-03-24T08:25:45.666+0000] {processor.py:925} INFO - DAG(s) 'example_sensor_decorator' retrieved from /home/airflow/.local/lib/python3.12/site-packages/airflow/example_dags/example_sensor_decorator.py
[2025-03-24T08:25:45.688+0000] {logging_mixin.py:190} INFO - [2025-03-24T08:25:45.688+0000] {dag.py:3239} INFO - Sync 1 DAGs
[2025-03-24T08:25:45.705+0000] {logging_mixin.py:190} INFO - [2025-03-24T08:25:45.704+0000] {dag.py:4180} INFO - Setting next_dagrun for example_sensor_decorator to None, run_after=None
[2025-03-24T08:25:45.728+0000] {processor.py:208} INFO - Processing /home/airflow/.local/lib/python3.12/site-packages/airflow/example_dags/example_sensor_decorator.py took 0.083 seconds
[2025-03-24T08:26:17.090+0000] {processor.py:186} INFO - Started process (PID=2084) to work on /home/airflow/.local/lib/python3.12/site-packages/airflow/example_dags/example_sensor_decorator.py
[2025-03-24T08:26:17.091+0000] {processor.py:914} INFO - Processing file /home/airflow/.local/lib/python3.12/site-packages/airflow/example_dags/example_sensor_decorator.py for tasks to queue
[2025-03-24T08:26:17.094+0000] {logging_mixin.py:190} INFO - [2025-03-24T08:26:17.094+0000] {dagbag.py:588} INFO - Filling up the DagBag from /home/airflow/.local/lib/python3.12/site-packages/airflow/example_dags/example_sensor_decorator.py
[2025-03-24T08:26:17.104+0000] {processor.py:925} INFO - DAG(s) 'example_sensor_decorator' retrieved from /home/airflow/.local/lib/python3.12/site-packages/airflow/example_dags/example_sensor_decorator.py
[2025-03-24T08:26:17.126+0000] {logging_mixin.py:190} INFO - [2025-03-24T08:26:17.125+0000] {dag.py:3239} INFO - Sync 1 DAGs
[2025-03-24T08:26:17.144+0000] {logging_mixin.py:190} INFO - [2025-03-24T08:26:17.143+0000] {dag.py:4180} INFO - Setting next_dagrun for example_sensor_decorator to None, run_after=None
[2025-03-24T08:26:17.166+0000] {processor.py:208} INFO - Processing /home/airflow/.local/lib/python3.12/site-packages/airflow/example_dags/example_sensor_decorator.py took 0.083 seconds
[2025-03-24T08:26:48.341+0000] {processor.py:186} INFO - Started process (PID=2148) to work on /home/airflow/.local/lib/python3.12/site-packages/airflow/example_dags/example_sensor_decorator.py
[2025-03-24T08:26:48.342+0000] {processor.py:914} INFO - Processing file /home/airflow/.local/lib/python3.12/site-packages/airflow/example_dags/example_sensor_decorator.py for tasks to queue
[2025-03-24T08:26:48.345+0000] {logging_mixin.py:190} INFO - [2025-03-24T08:26:48.345+0000] {dagbag.py:588} INFO - Filling up the DagBag from /home/airflow/.local/lib/python3.12/site-packages/airflow/example_dags/example_sensor_decorator.py
[2025-03-24T08:26:48.354+0000] {processor.py:925} INFO - DAG(s) 'example_sensor_decorator' retrieved from /home/airflow/.local/lib/python3.12/site-packages/airflow/example_dags/example_sensor_decorator.py
[2025-03-24T08:26:48.374+0000] {logging_mixin.py:190} INFO - [2025-03-24T08:26:48.374+0000] {dag.py:3239} INFO - Sync 1 DAGs
[2025-03-24T08:26:48.390+0000] {logging_mixin.py:190} INFO - [2025-03-24T08:26:48.389+0000] {dag.py:4180} INFO - Setting next_dagrun for example_sensor_decorator to None, run_after=None
[2025-03-24T08:26:48.413+0000] {processor.py:208} INFO - Processing /home/airflow/.local/lib/python3.12/site-packages/airflow/example_dags/example_sensor_decorator.py took 0.078 seconds
[2025-03-24T08:27:19.587+0000] {processor.py:186} INFO - Started process (PID=2212) to work on /home/airflow/.local/lib/python3.12/site-packages/airflow/example_dags/example_sensor_decorator.py
[2025-03-24T08:27:19.588+0000] {processor.py:914} INFO - Processing file /home/airflow/.local/lib/python3.12/site-packages/airflow/example_dags/example_sensor_decorator.py for tasks to queue
[2025-03-24T08:27:19.591+0000] {logging_mixin.py:190} INFO - [2025-03-24T08:27:19.590+0000] {dagbag.py:588} INFO - Filling up the DagBag from /home/airflow/.local/lib/python3.12/site-packages/airflow/example_dags/example_sensor_decorator.py
[2025-03-24T08:27:19.599+0000] {processor.py:925} INFO - DAG(s) 'example_sensor_decorator' retrieved from /home/airflow/.local/lib/python3.12/site-packages/airflow/example_dags/example_sensor_decorator.py
[2025-03-24T08:27:19.620+0000] {logging_mixin.py:190} INFO - [2025-03-24T08:27:19.620+0000] {dag.py:3239} INFO - Sync 1 DAGs
[2025-03-24T08:27:19.636+0000] {logging_mixin.py:190} INFO - [2025-03-24T08:27:19.635+0000] {dag.py:4180} INFO - Setting next_dagrun for example_sensor_decorator to None, run_after=None
[2025-03-24T08:27:19.662+0000] {processor.py:208} INFO - Processing /home/airflow/.local/lib/python3.12/site-packages/airflow/example_dags/example_sensor_decorator.py took 0.080 seconds
[2025-03-24T08:27:51.156+0000] {processor.py:186} INFO - Started process (PID=2276) to work on /home/airflow/.local/lib/python3.12/site-packages/airflow/example_dags/example_sensor_decorator.py
[2025-03-24T08:27:51.157+0000] {processor.py:914} INFO - Processing file /home/airflow/.local/lib/python3.12/site-packages/airflow/example_dags/example_sensor_decorator.py for tasks to queue
[2025-03-24T08:27:51.160+0000] {logging_mixin.py:190} INFO - [2025-03-24T08:27:51.160+0000] {dagbag.py:588} INFO - Filling up the DagBag from /home/airflow/.local/lib/python3.12/site-packages/airflow/example_dags/example_sensor_decorator.py
[2025-03-24T08:27:51.169+0000] {processor.py:925} INFO - DAG(s) 'example_sensor_decorator' retrieved from /home/airflow/.local/lib/python3.12/site-packages/airflow/example_dags/example_sensor_decorator.py
[2025-03-24T08:27:51.191+0000] {logging_mixin.py:190} INFO - [2025-03-24T08:27:51.191+0000] {dag.py:3239} INFO - Sync 1 DAGs
[2025-03-24T08:27:51.207+0000] {logging_mixin.py:190} INFO - [2025-03-24T08:27:51.207+0000] {dag.py:4180} INFO - Setting next_dagrun for example_sensor_decorator to None, run_after=None
[2025-03-24T08:27:51.228+0000] {processor.py:208} INFO - Processing /home/airflow/.local/lib/python3.12/site-packages/airflow/example_dags/example_sensor_decorator.py took 0.078 seconds
[2025-03-24T08:28:22.248+0000] {processor.py:186} INFO - Started process (PID=2340) to work on /home/airflow/.local/lib/python3.12/site-packages/airflow/example_dags/example_sensor_decorator.py
[2025-03-24T08:28:22.249+0000] {processor.py:914} INFO - Processing file /home/airflow/.local/lib/python3.12/site-packages/airflow/example_dags/example_sensor_decorator.py for tasks to queue
[2025-03-24T08:28:22.252+0000] {logging_mixin.py:190} INFO - [2025-03-24T08:28:22.252+0000] {dagbag.py:588} INFO - Filling up the DagBag from /home/airflow/.local/lib/python3.12/site-packages/airflow/example_dags/example_sensor_decorator.py
[2025-03-24T08:28:22.262+0000] {processor.py:925} INFO - DAG(s) 'example_sensor_decorator' retrieved from /home/airflow/.local/lib/python3.12/site-packages/airflow/example_dags/example_sensor_decorator.py
[2025-03-24T08:28:22.284+0000] {logging_mixin.py:190} INFO - [2025-03-24T08:28:22.284+0000] {dag.py:3239} INFO - Sync 1 DAGs
[2025-03-24T08:28:22.301+0000] {logging_mixin.py:190} INFO - [2025-03-24T08:28:22.300+0000] {dag.py:4180} INFO - Setting next_dagrun for example_sensor_decorator to None, run_after=None
[2025-03-24T08:28:22.325+0000] {processor.py:208} INFO - Processing /home/airflow/.local/lib/python3.12/site-packages/airflow/example_dags/example_sensor_decorator.py took 0.083 seconds
[2025-03-24T08:28:53.110+0000] {processor.py:186} INFO - Started process (PID=2404) to work on /home/airflow/.local/lib/python3.12/site-packages/airflow/example_dags/example_sensor_decorator.py
[2025-03-24T08:28:53.111+0000] {processor.py:914} INFO - Processing file /home/airflow/.local/lib/python3.12/site-packages/airflow/example_dags/example_sensor_decorator.py for tasks to queue
[2025-03-24T08:28:53.114+0000] {logging_mixin.py:190} INFO - [2025-03-24T08:28:53.114+0000] {dagbag.py:588} INFO - Filling up the DagBag from /home/airflow/.local/lib/python3.12/site-packages/airflow/example_dags/example_sensor_decorator.py
[2025-03-24T08:28:53.123+0000] {processor.py:925} INFO - DAG(s) 'example_sensor_decorator' retrieved from /home/airflow/.local/lib/python3.12/site-packages/airflow/example_dags/example_sensor_decorator.py
[2025-03-24T08:28:53.146+0000] {logging_mixin.py:190} INFO - [2025-03-24T08:28:53.145+0000] {dag.py:3239} INFO - Sync 1 DAGs
[2025-03-24T08:28:53.164+0000] {logging_mixin.py:190} INFO - [2025-03-24T08:28:53.164+0000] {dag.py:4180} INFO - Setting next_dagrun for example_sensor_decorator to None, run_after=None
[2025-03-24T08:28:53.188+0000] {processor.py:208} INFO - Processing /home/airflow/.local/lib/python3.12/site-packages/airflow/example_dags/example_sensor_decorator.py took 0.084 seconds
[2025-03-24T08:29:24.220+0000] {processor.py:186} INFO - Started process (PID=2468) to work on /home/airflow/.local/lib/python3.12/site-packages/airflow/example_dags/example_sensor_decorator.py
[2025-03-24T08:29:24.221+0000] {processor.py:914} INFO - Processing file /home/airflow/.local/lib/python3.12/site-packages/airflow/example_dags/example_sensor_decorator.py for tasks to queue
[2025-03-24T08:29:24.223+0000] {logging_mixin.py:190} INFO - [2025-03-24T08:29:24.223+0000] {dagbag.py:588} INFO - Filling up the DagBag from /home/airflow/.local/lib/python3.12/site-packages/airflow/example_dags/example_sensor_decorator.py
[2025-03-24T08:29:24.233+0000] {processor.py:925} INFO - DAG(s) 'example_sensor_decorator' retrieved from /home/airflow/.local/lib/python3.12/site-packages/airflow/example_dags/example_sensor_decorator.py
[2025-03-24T08:29:24.254+0000] {logging_mixin.py:190} INFO - [2025-03-24T08:29:24.254+0000] {dag.py:3239} INFO - Sync 1 DAGs
[2025-03-24T08:29:24.270+0000] {logging_mixin.py:190} INFO - [2025-03-24T08:29:24.270+0000] {dag.py:4180} INFO - Setting next_dagrun for example_sensor_decorator to None, run_after=None
[2025-03-24T08:29:24.295+0000] {processor.py:208} INFO - Processing /home/airflow/.local/lib/python3.12/site-packages/airflow/example_dags/example_sensor_decorator.py took 0.082 seconds
[2025-03-24T08:29:55.012+0000] {processor.py:186} INFO - Started process (PID=2532) to work on /home/airflow/.local/lib/python3.12/site-packages/airflow/example_dags/example_sensor_decorator.py
[2025-03-24T08:29:55.013+0000] {processor.py:914} INFO - Processing file /home/airflow/.local/lib/python3.12/site-packages/airflow/example_dags/example_sensor_decorator.py for tasks to queue
[2025-03-24T08:29:55.016+0000] {logging_mixin.py:190} INFO - [2025-03-24T08:29:55.015+0000] {dagbag.py:588} INFO - Filling up the DagBag from /home/airflow/.local/lib/python3.12/site-packages/airflow/example_dags/example_sensor_decorator.py
[2025-03-24T08:29:55.026+0000] {processor.py:925} INFO - DAG(s) 'example_sensor_decorator' retrieved from /home/airflow/.local/lib/python3.12/site-packages/airflow/example_dags/example_sensor_decorator.py
[2025-03-24T08:29:55.049+0000] {logging_mixin.py:190} INFO - [2025-03-24T08:29:55.049+0000] {dag.py:3239} INFO - Sync 1 DAGs
[2025-03-24T08:29:55.065+0000] {logging_mixin.py:190} INFO - [2025-03-24T08:29:55.065+0000] {dag.py:4180} INFO - Setting next_dagrun for example_sensor_decorator to None, run_after=None
[2025-03-24T08:29:55.088+0000] {processor.py:208} INFO - Processing /home/airflow/.local/lib/python3.12/site-packages/airflow/example_dags/example_sensor_decorator.py took 0.083 seconds
[2025-03-24T08:30:26.363+0000] {processor.py:186} INFO - Started process (PID=2597) to work on /home/airflow/.local/lib/python3.12/site-packages/airflow/example_dags/example_sensor_decorator.py
[2025-03-24T08:30:26.364+0000] {processor.py:914} INFO - Processing file /home/airflow/.local/lib/python3.12/site-packages/airflow/example_dags/example_sensor_decorator.py for tasks to queue
[2025-03-24T08:30:26.367+0000] {logging_mixin.py:190} INFO - [2025-03-24T08:30:26.367+0000] {dagbag.py:588} INFO - Filling up the DagBag from /home/airflow/.local/lib/python3.12/site-packages/airflow/example_dags/example_sensor_decorator.py
[2025-03-24T08:30:26.376+0000] {processor.py:925} INFO - DAG(s) 'example_sensor_decorator' retrieved from /home/airflow/.local/lib/python3.12/site-packages/airflow/example_dags/example_sensor_decorator.py
[2025-03-24T08:30:26.400+0000] {logging_mixin.py:190} INFO - [2025-03-24T08:30:26.399+0000] {dag.py:3239} INFO - Sync 1 DAGs
[2025-03-24T08:30:26.416+0000] {logging_mixin.py:190} INFO - [2025-03-24T08:30:26.416+0000] {dag.py:4180} INFO - Setting next_dagrun for example_sensor_decorator to None, run_after=None
[2025-03-24T08:30:26.440+0000] {processor.py:208} INFO - Processing /home/airflow/.local/lib/python3.12/site-packages/airflow/example_dags/example_sensor_decorator.py took 0.085 seconds
[2025-03-24T08:30:57.243+0000] {processor.py:186} INFO - Started process (PID=2660) to work on /home/airflow/.local/lib/python3.12/site-packages/airflow/example_dags/example_sensor_decorator.py
[2025-03-24T08:30:57.244+0000] {processor.py:914} INFO - Processing file /home/airflow/.local/lib/python3.12/site-packages/airflow/example_dags/example_sensor_decorator.py for tasks to queue
[2025-03-24T08:30:57.247+0000] {logging_mixin.py:190} INFO - [2025-03-24T08:30:57.247+0000] {dagbag.py:588} INFO - Filling up the DagBag from /home/airflow/.local/lib/python3.12/site-packages/airflow/example_dags/example_sensor_decorator.py
[2025-03-24T08:30:57.256+0000] {processor.py:925} INFO - DAG(s) 'example_sensor_decorator' retrieved from /home/airflow/.local/lib/python3.12/site-packages/airflow/example_dags/example_sensor_decorator.py
[2025-03-24T08:30:57.277+0000] {logging_mixin.py:190} INFO - [2025-03-24T08:30:57.277+0000] {dag.py:3239} INFO - Sync 1 DAGs
[2025-03-24T08:30:57.294+0000] {logging_mixin.py:190} INFO - [2025-03-24T08:30:57.294+0000] {dag.py:4180} INFO - Setting next_dagrun for example_sensor_decorator to None, run_after=None
[2025-03-24T08:30:57.324+0000] {processor.py:208} INFO - Processing /home/airflow/.local/lib/python3.12/site-packages/airflow/example_dags/example_sensor_decorator.py took 0.087 seconds
[2025-03-24T08:31:29.001+0000] {processor.py:186} INFO - Started process (PID=2724) to work on /home/airflow/.local/lib/python3.12/site-packages/airflow/example_dags/example_sensor_decorator.py
[2025-03-24T08:31:29.002+0000] {processor.py:914} INFO - Processing file /home/airflow/.local/lib/python3.12/site-packages/airflow/example_dags/example_sensor_decorator.py for tasks to queue
[2025-03-24T08:31:29.005+0000] {logging_mixin.py:190} INFO - [2025-03-24T08:31:29.005+0000] {dagbag.py:588} INFO - Filling up the DagBag from /home/airflow/.local/lib/python3.12/site-packages/airflow/example_dags/example_sensor_decorator.py
[2025-03-24T08:31:29.014+0000] {processor.py:925} INFO - DAG(s) 'example_sensor_decorator' retrieved from /home/airflow/.local/lib/python3.12/site-packages/airflow/example_dags/example_sensor_decorator.py
[2025-03-24T08:31:29.035+0000] {logging_mixin.py:190} INFO - [2025-03-24T08:31:29.035+0000] {dag.py:3239} INFO - Sync 1 DAGs
[2025-03-24T08:31:29.052+0000] {logging_mixin.py:190} INFO - [2025-03-24T08:31:29.052+0000] {dag.py:4180} INFO - Setting next_dagrun for example_sensor_decorator to None, run_after=None
[2025-03-24T08:31:29.078+0000] {processor.py:208} INFO - Processing /home/airflow/.local/lib/python3.12/site-packages/airflow/example_dags/example_sensor_decorator.py took 0.083 seconds
[2025-03-24T08:32:00.522+0000] {processor.py:186} INFO - Started process (PID=2788) to work on /home/airflow/.local/lib/python3.12/site-packages/airflow/example_dags/example_sensor_decorator.py
[2025-03-24T08:32:00.523+0000] {processor.py:914} INFO - Processing file /home/airflow/.local/lib/python3.12/site-packages/airflow/example_dags/example_sensor_decorator.py for tasks to queue
[2025-03-24T08:32:00.526+0000] {logging_mixin.py:190} INFO - [2025-03-24T08:32:00.525+0000] {dagbag.py:588} INFO - Filling up the DagBag from /home/airflow/.local/lib/python3.12/site-packages/airflow/example_dags/example_sensor_decorator.py
[2025-03-24T08:32:00.535+0000] {processor.py:925} INFO - DAG(s) 'example_sensor_decorator' retrieved from /home/airflow/.local/lib/python3.12/site-packages/airflow/example_dags/example_sensor_decorator.py
[2025-03-24T08:32:00.557+0000] {logging_mixin.py:190} INFO - [2025-03-24T08:32:00.557+0000] {dag.py:3239} INFO - Sync 1 DAGs
[2025-03-24T08:32:00.573+0000] {logging_mixin.py:190} INFO - [2025-03-24T08:32:00.573+0000] {dag.py:4180} INFO - Setting next_dagrun for example_sensor_decorator to None, run_after=None
[2025-03-24T08:32:00.593+0000] {processor.py:208} INFO - Processing /home/airflow/.local/lib/python3.12/site-packages/airflow/example_dags/example_sensor_decorator.py took 0.078 seconds
[2025-03-24T08:32:32.036+0000] {processor.py:186} INFO - Started process (PID=2852) to work on /home/airflow/.local/lib/python3.12/site-packages/airflow/example_dags/example_sensor_decorator.py
[2025-03-24T08:32:32.037+0000] {processor.py:914} INFO - Processing file /home/airflow/.local/lib/python3.12/site-packages/airflow/example_dags/example_sensor_decorator.py for tasks to queue
[2025-03-24T08:32:32.040+0000] {logging_mixin.py:190} INFO - [2025-03-24T08:32:32.039+0000] {dagbag.py:588} INFO - Filling up the DagBag from /home/airflow/.local/lib/python3.12/site-packages/airflow/example_dags/example_sensor_decorator.py
[2025-03-24T08:32:32.049+0000] {processor.py:925} INFO - DAG(s) 'example_sensor_decorator' retrieved from /home/airflow/.local/lib/python3.12/site-packages/airflow/example_dags/example_sensor_decorator.py
[2025-03-24T08:32:32.070+0000] {logging_mixin.py:190} INFO - [2025-03-24T08:32:32.069+0000] {dag.py:3239} INFO - Sync 1 DAGs
[2025-03-24T08:32:32.086+0000] {logging_mixin.py:190} INFO - [2025-03-24T08:32:32.086+0000] {dag.py:4180} INFO - Setting next_dagrun for example_sensor_decorator to None, run_after=None
[2025-03-24T08:32:32.109+0000] {processor.py:208} INFO - Processing /home/airflow/.local/lib/python3.12/site-packages/airflow/example_dags/example_sensor_decorator.py took 0.080 seconds
[2025-03-24T08:33:03.550+0000] {processor.py:186} INFO - Started process (PID=2916) to work on /home/airflow/.local/lib/python3.12/site-packages/airflow/example_dags/example_sensor_decorator.py
[2025-03-24T08:33:03.551+0000] {processor.py:914} INFO - Processing file /home/airflow/.local/lib/python3.12/site-packages/airflow/example_dags/example_sensor_decorator.py for tasks to queue
[2025-03-24T08:33:03.554+0000] {logging_mixin.py:190} INFO - [2025-03-24T08:33:03.553+0000] {dagbag.py:588} INFO - Filling up the DagBag from /home/airflow/.local/lib/python3.12/site-packages/airflow/example_dags/example_sensor_decorator.py
[2025-03-24T08:33:03.564+0000] {processor.py:925} INFO - DAG(s) 'example_sensor_decorator' retrieved from /home/airflow/.local/lib/python3.12/site-packages/airflow/example_dags/example_sensor_decorator.py
[2025-03-24T08:33:03.586+0000] {logging_mixin.py:190} INFO - [2025-03-24T08:33:03.586+0000] {dag.py:3239} INFO - Sync 1 DAGs
[2025-03-24T08:33:03.603+0000] {logging_mixin.py:190} INFO - [2025-03-24T08:33:03.603+0000] {dag.py:4180} INFO - Setting next_dagrun for example_sensor_decorator to None, run_after=None
[2025-03-24T08:33:03.631+0000] {processor.py:208} INFO - Processing /home/airflow/.local/lib/python3.12/site-packages/airflow/example_dags/example_sensor_decorator.py took 0.088 seconds
