[2025-03-24T08:10:11.016+0000] {processor.py:186} INFO - Started process (PID=92) to work on /home/airflow/.local/lib/python3.12/site-packages/airflow/example_dags/example_latest_only_with_trigger.py
[2025-03-24T08:10:11.017+0000] {processor.py:914} INFO - Processing file /home/airflow/.local/lib/python3.12/site-packages/airflow/example_dags/example_latest_only_with_trigger.py for tasks to queue
[2025-03-24T08:10:11.020+0000] {logging_mixin.py:190} INFO - [2025-03-24T08:10:11.019+0000] {dagbag.py:588} INFO - Filling up the DagBag from /home/airflow/.local/lib/python3.12/site-packages/airflow/example_dags/example_latest_only_with_trigger.py
[2025-03-24T08:10:11.030+0000] {processor.py:925} INFO - DAG(s) 'latest_only_with_trigger' retrieved from /home/airflow/.local/lib/python3.12/site-packages/airflow/example_dags/example_latest_only_with_trigger.py
[2025-03-24T08:10:11.156+0000] {logging_mixin.py:190} INFO - [2025-03-24T08:10:11.156+0000] {override.py:1912} INFO - Created Permission View: can read on DAG:latest_only_with_trigger
[2025-03-24T08:10:11.169+0000] {logging_mixin.py:190} INFO - [2025-03-24T08:10:11.169+0000] {override.py:1912} INFO - Created Permission View: can delete on DAG:latest_only_with_trigger
[2025-03-24T08:10:11.177+0000] {logging_mixin.py:190} INFO - [2025-03-24T08:10:11.177+0000] {override.py:1912} INFO - Created Permission View: can edit on DAG:latest_only_with_trigger
[2025-03-24T08:10:11.187+0000] {logging_mixin.py:190} INFO - [2025-03-24T08:10:11.186+0000] {override.py:1912} INFO - Created Permission View: can create on DAG Run:latest_only_with_trigger
[2025-03-24T08:10:11.195+0000] {logging_mixin.py:190} INFO - [2025-03-24T08:10:11.195+0000] {override.py:1912} INFO - Created Permission View: menu access on DAG Run:latest_only_with_trigger
[2025-03-24T08:10:11.204+0000] {logging_mixin.py:190} INFO - [2025-03-24T08:10:11.203+0000] {override.py:1912} INFO - Created Permission View: can read on DAG Run:latest_only_with_trigger
[2025-03-24T08:10:11.213+0000] {logging_mixin.py:190} INFO - [2025-03-24T08:10:11.213+0000] {override.py:1912} INFO - Created Permission View: can delete on DAG Run:latest_only_with_trigger
[2025-03-24T08:10:11.214+0000] {logging_mixin.py:190} INFO - [2025-03-24T08:10:11.214+0000] {dag.py:3239} INFO - Sync 1 DAGs
[2025-03-24T08:10:11.230+0000] {logging_mixin.py:190} INFO - [2025-03-24T08:10:11.229+0000] {dag.py:3262} INFO - Creating ORM DAG for latest_only_with_trigger
[2025-03-24T08:10:11.240+0000] {logging_mixin.py:190} INFO - [2025-03-24T08:10:11.240+0000] {dag.py:4180} INFO - Setting next_dagrun for latest_only_with_trigger to 2025-03-24 04:00:00+00:00, run_after=2025-03-24 08:00:00+00:00
[2025-03-24T08:10:11.258+0000] {processor.py:208} INFO - Processing /home/airflow/.local/lib/python3.12/site-packages/airflow/example_dags/example_latest_only_with_trigger.py took 0.249 seconds
[2025-03-24T08:10:41.720+0000] {processor.py:186} INFO - Started process (PID=156) to work on /home/airflow/.local/lib/python3.12/site-packages/airflow/example_dags/example_latest_only_with_trigger.py
[2025-03-24T08:10:41.721+0000] {processor.py:914} INFO - Processing file /home/airflow/.local/lib/python3.12/site-packages/airflow/example_dags/example_latest_only_with_trigger.py for tasks to queue
[2025-03-24T08:10:41.724+0000] {logging_mixin.py:190} INFO - [2025-03-24T08:10:41.723+0000] {dagbag.py:588} INFO - Filling up the DagBag from /home/airflow/.local/lib/python3.12/site-packages/airflow/example_dags/example_latest_only_with_trigger.py
[2025-03-24T08:10:41.732+0000] {processor.py:925} INFO - DAG(s) 'latest_only_with_trigger' retrieved from /home/airflow/.local/lib/python3.12/site-packages/airflow/example_dags/example_latest_only_with_trigger.py
[2025-03-24T08:10:41.756+0000] {logging_mixin.py:190} INFO - [2025-03-24T08:10:41.756+0000] {dag.py:3239} INFO - Sync 1 DAGs
[2025-03-24T08:10:41.784+0000] {logging_mixin.py:190} INFO - [2025-03-24T08:10:41.784+0000] {dag.py:4180} INFO - Setting next_dagrun for latest_only_with_trigger to 2025-03-24 04:00:00+00:00, run_after=2025-03-24 08:00:00+00:00
[2025-03-24T08:10:41.811+0000] {processor.py:208} INFO - Processing /home/airflow/.local/lib/python3.12/site-packages/airflow/example_dags/example_latest_only_with_trigger.py took 0.097 seconds
[2025-03-24T08:11:12.153+0000] {processor.py:186} INFO - Started process (PID=219) to work on /home/airflow/.local/lib/python3.12/site-packages/airflow/example_dags/example_latest_only_with_trigger.py
[2025-03-24T08:11:12.156+0000] {processor.py:914} INFO - Processing file /home/airflow/.local/lib/python3.12/site-packages/airflow/example_dags/example_latest_only_with_trigger.py for tasks to queue
[2025-03-24T08:11:12.162+0000] {logging_mixin.py:190} INFO - [2025-03-24T08:11:12.161+0000] {dagbag.py:588} INFO - Filling up the DagBag from /home/airflow/.local/lib/python3.12/site-packages/airflow/example_dags/example_latest_only_with_trigger.py
[2025-03-24T08:11:12.171+0000] {processor.py:925} INFO - DAG(s) 'latest_only_with_trigger' retrieved from /home/airflow/.local/lib/python3.12/site-packages/airflow/example_dags/example_latest_only_with_trigger.py
[2025-03-24T08:11:12.199+0000] {logging_mixin.py:190} INFO - [2025-03-24T08:11:12.199+0000] {dag.py:3239} INFO - Sync 1 DAGs
[2025-03-24T08:11:12.228+0000] {logging_mixin.py:190} INFO - [2025-03-24T08:11:12.228+0000] {dag.py:4180} INFO - Setting next_dagrun for latest_only_with_trigger to 2025-03-24 04:00:00+00:00, run_after=2025-03-24 08:00:00+00:00
[2025-03-24T08:11:12.252+0000] {processor.py:208} INFO - Processing /home/airflow/.local/lib/python3.12/site-packages/airflow/example_dags/example_latest_only_with_trigger.py took 0.106 seconds
[2025-03-24T08:11:43.036+0000] {processor.py:186} INFO - Started process (PID=283) to work on /home/airflow/.local/lib/python3.12/site-packages/airflow/example_dags/example_latest_only_with_trigger.py
[2025-03-24T08:11:43.037+0000] {processor.py:914} INFO - Processing file /home/airflow/.local/lib/python3.12/site-packages/airflow/example_dags/example_latest_only_with_trigger.py for tasks to queue
[2025-03-24T08:11:43.040+0000] {logging_mixin.py:190} INFO - [2025-03-24T08:11:43.040+0000] {dagbag.py:588} INFO - Filling up the DagBag from /home/airflow/.local/lib/python3.12/site-packages/airflow/example_dags/example_latest_only_with_trigger.py
[2025-03-24T08:11:43.052+0000] {processor.py:925} INFO - DAG(s) 'latest_only_with_trigger' retrieved from /home/airflow/.local/lib/python3.12/site-packages/airflow/example_dags/example_latest_only_with_trigger.py
[2025-03-24T08:11:43.076+0000] {logging_mixin.py:190} INFO - [2025-03-24T08:11:43.076+0000] {dag.py:3239} INFO - Sync 1 DAGs
[2025-03-24T08:11:43.106+0000] {logging_mixin.py:190} INFO - [2025-03-24T08:11:43.106+0000] {dag.py:4180} INFO - Setting next_dagrun for latest_only_with_trigger to 2025-03-24 04:00:00+00:00, run_after=2025-03-24 08:00:00+00:00
[2025-03-24T08:11:43.133+0000] {processor.py:208} INFO - Processing /home/airflow/.local/lib/python3.12/site-packages/airflow/example_dags/example_latest_only_with_trigger.py took 0.106 seconds
[2025-03-24T08:12:13.740+0000] {processor.py:186} INFO - Started process (PID=347) to work on /home/airflow/.local/lib/python3.12/site-packages/airflow/example_dags/example_latest_only_with_trigger.py
[2025-03-24T08:12:13.741+0000] {processor.py:914} INFO - Processing file /home/airflow/.local/lib/python3.12/site-packages/airflow/example_dags/example_latest_only_with_trigger.py for tasks to queue
[2025-03-24T08:12:13.744+0000] {logging_mixin.py:190} INFO - [2025-03-24T08:12:13.744+0000] {dagbag.py:588} INFO - Filling up the DagBag from /home/airflow/.local/lib/python3.12/site-packages/airflow/example_dags/example_latest_only_with_trigger.py
[2025-03-24T08:12:13.752+0000] {processor.py:925} INFO - DAG(s) 'latest_only_with_trigger' retrieved from /home/airflow/.local/lib/python3.12/site-packages/airflow/example_dags/example_latest_only_with_trigger.py
[2025-03-24T08:12:13.774+0000] {logging_mixin.py:190} INFO - [2025-03-24T08:12:13.774+0000] {dag.py:3239} INFO - Sync 1 DAGs
[2025-03-24T08:12:13.800+0000] {logging_mixin.py:190} INFO - [2025-03-24T08:12:13.800+0000] {dag.py:4180} INFO - Setting next_dagrun for latest_only_with_trigger to 2025-03-24 04:00:00+00:00, run_after=2025-03-24 08:00:00+00:00
[2025-03-24T08:12:13.819+0000] {processor.py:208} INFO - Processing /home/airflow/.local/lib/python3.12/site-packages/airflow/example_dags/example_latest_only_with_trigger.py took 0.086 seconds
[2025-03-24T08:12:44.217+0000] {processor.py:186} INFO - Started process (PID=411) to work on /home/airflow/.local/lib/python3.12/site-packages/airflow/example_dags/example_latest_only_with_trigger.py
[2025-03-24T08:12:44.218+0000] {processor.py:914} INFO - Processing file /home/airflow/.local/lib/python3.12/site-packages/airflow/example_dags/example_latest_only_with_trigger.py for tasks to queue
[2025-03-24T08:12:44.220+0000] {logging_mixin.py:190} INFO - [2025-03-24T08:12:44.220+0000] {dagbag.py:588} INFO - Filling up the DagBag from /home/airflow/.local/lib/python3.12/site-packages/airflow/example_dags/example_latest_only_with_trigger.py
[2025-03-24T08:12:44.229+0000] {processor.py:925} INFO - DAG(s) 'latest_only_with_trigger' retrieved from /home/airflow/.local/lib/python3.12/site-packages/airflow/example_dags/example_latest_only_with_trigger.py
[2025-03-24T08:12:44.253+0000] {logging_mixin.py:190} INFO - [2025-03-24T08:12:44.253+0000] {dag.py:3239} INFO - Sync 1 DAGs
[2025-03-24T08:12:44.280+0000] {logging_mixin.py:190} INFO - [2025-03-24T08:12:44.279+0000] {dag.py:4180} INFO - Setting next_dagrun for latest_only_with_trigger to 2025-03-24 04:00:00+00:00, run_after=2025-03-24 08:00:00+00:00
[2025-03-24T08:12:44.304+0000] {processor.py:208} INFO - Processing /home/airflow/.local/lib/python3.12/site-packages/airflow/example_dags/example_latest_only_with_trigger.py took 0.094 seconds
[2025-03-24T08:13:15.265+0000] {processor.py:186} INFO - Started process (PID=475) to work on /home/airflow/.local/lib/python3.12/site-packages/airflow/example_dags/example_latest_only_with_trigger.py
[2025-03-24T08:13:15.266+0000] {processor.py:914} INFO - Processing file /home/airflow/.local/lib/python3.12/site-packages/airflow/example_dags/example_latest_only_with_trigger.py for tasks to queue
[2025-03-24T08:13:15.269+0000] {logging_mixin.py:190} INFO - [2025-03-24T08:13:15.268+0000] {dagbag.py:588} INFO - Filling up the DagBag from /home/airflow/.local/lib/python3.12/site-packages/airflow/example_dags/example_latest_only_with_trigger.py
[2025-03-24T08:13:15.277+0000] {processor.py:925} INFO - DAG(s) 'latest_only_with_trigger' retrieved from /home/airflow/.local/lib/python3.12/site-packages/airflow/example_dags/example_latest_only_with_trigger.py
[2025-03-24T08:13:15.300+0000] {logging_mixin.py:190} INFO - [2025-03-24T08:13:15.300+0000] {dag.py:3239} INFO - Sync 1 DAGs
[2025-03-24T08:13:15.326+0000] {logging_mixin.py:190} INFO - [2025-03-24T08:13:15.326+0000] {dag.py:4180} INFO - Setting next_dagrun for latest_only_with_trigger to 2025-03-24 04:00:00+00:00, run_after=2025-03-24 08:00:00+00:00
[2025-03-24T08:13:15.350+0000] {processor.py:208} INFO - Processing /home/airflow/.local/lib/python3.12/site-packages/airflow/example_dags/example_latest_only_with_trigger.py took 0.092 seconds
[2025-03-24T08:13:46.225+0000] {processor.py:186} INFO - Started process (PID=539) to work on /home/airflow/.local/lib/python3.12/site-packages/airflow/example_dags/example_latest_only_with_trigger.py
[2025-03-24T08:13:46.226+0000] {processor.py:914} INFO - Processing file /home/airflow/.local/lib/python3.12/site-packages/airflow/example_dags/example_latest_only_with_trigger.py for tasks to queue
[2025-03-24T08:13:46.229+0000] {logging_mixin.py:190} INFO - [2025-03-24T08:13:46.228+0000] {dagbag.py:588} INFO - Filling up the DagBag from /home/airflow/.local/lib/python3.12/site-packages/airflow/example_dags/example_latest_only_with_trigger.py
[2025-03-24T08:13:46.237+0000] {processor.py:925} INFO - DAG(s) 'latest_only_with_trigger' retrieved from /home/airflow/.local/lib/python3.12/site-packages/airflow/example_dags/example_latest_only_with_trigger.py
[2025-03-24T08:13:46.259+0000] {logging_mixin.py:190} INFO - [2025-03-24T08:13:46.259+0000] {dag.py:3239} INFO - Sync 1 DAGs
[2025-03-24T08:13:46.285+0000] {logging_mixin.py:190} INFO - [2025-03-24T08:13:46.284+0000] {dag.py:4180} INFO - Setting next_dagrun for latest_only_with_trigger to 2025-03-24 04:00:00+00:00, run_after=2025-03-24 08:00:00+00:00
[2025-03-24T08:13:46.308+0000] {processor.py:208} INFO - Processing /home/airflow/.local/lib/python3.12/site-packages/airflow/example_dags/example_latest_only_with_trigger.py took 0.089 seconds
[2025-03-24T08:14:17.426+0000] {processor.py:186} INFO - Started process (PID=603) to work on /home/airflow/.local/lib/python3.12/site-packages/airflow/example_dags/example_latest_only_with_trigger.py
[2025-03-24T08:14:17.428+0000] {processor.py:914} INFO - Processing file /home/airflow/.local/lib/python3.12/site-packages/airflow/example_dags/example_latest_only_with_trigger.py for tasks to queue
[2025-03-24T08:14:17.430+0000] {logging_mixin.py:190} INFO - [2025-03-24T08:14:17.430+0000] {dagbag.py:588} INFO - Filling up the DagBag from /home/airflow/.local/lib/python3.12/site-packages/airflow/example_dags/example_latest_only_with_trigger.py
[2025-03-24T08:14:17.438+0000] {processor.py:925} INFO - DAG(s) 'latest_only_with_trigger' retrieved from /home/airflow/.local/lib/python3.12/site-packages/airflow/example_dags/example_latest_only_with_trigger.py
[2025-03-24T08:14:17.461+0000] {logging_mixin.py:190} INFO - [2025-03-24T08:14:17.461+0000] {dag.py:3239} INFO - Sync 1 DAGs
[2025-03-24T08:14:17.486+0000] {logging_mixin.py:190} INFO - [2025-03-24T08:14:17.486+0000] {dag.py:4180} INFO - Setting next_dagrun for latest_only_with_trigger to 2025-03-24 04:00:00+00:00, run_after=2025-03-24 08:00:00+00:00
[2025-03-24T08:14:17.508+0000] {processor.py:208} INFO - Processing /home/airflow/.local/lib/python3.12/site-packages/airflow/example_dags/example_latest_only_with_trigger.py took 0.087 seconds
[2025-03-24T08:14:48.418+0000] {processor.py:186} INFO - Started process (PID=667) to work on /home/airflow/.local/lib/python3.12/site-packages/airflow/example_dags/example_latest_only_with_trigger.py
[2025-03-24T08:14:48.419+0000] {processor.py:914} INFO - Processing file /home/airflow/.local/lib/python3.12/site-packages/airflow/example_dags/example_latest_only_with_trigger.py for tasks to queue
[2025-03-24T08:14:48.423+0000] {logging_mixin.py:190} INFO - [2025-03-24T08:14:48.422+0000] {dagbag.py:588} INFO - Filling up the DagBag from /home/airflow/.local/lib/python3.12/site-packages/airflow/example_dags/example_latest_only_with_trigger.py
[2025-03-24T08:14:48.433+0000] {processor.py:925} INFO - DAG(s) 'latest_only_with_trigger' retrieved from /home/airflow/.local/lib/python3.12/site-packages/airflow/example_dags/example_latest_only_with_trigger.py
[2025-03-24T08:14:48.460+0000] {logging_mixin.py:190} INFO - [2025-03-24T08:14:48.459+0000] {dag.py:3239} INFO - Sync 1 DAGs
[2025-03-24T08:14:48.488+0000] {logging_mixin.py:190} INFO - [2025-03-24T08:14:48.488+0000] {dag.py:4180} INFO - Setting next_dagrun for latest_only_with_trigger to 2025-03-24 04:00:00+00:00, run_after=2025-03-24 08:00:00+00:00
[2025-03-24T08:14:48.515+0000] {processor.py:208} INFO - Processing /home/airflow/.local/lib/python3.12/site-packages/airflow/example_dags/example_latest_only_with_trigger.py took 0.105 seconds
[2025-03-24T08:15:19.686+0000] {processor.py:186} INFO - Started process (PID=730) to work on /home/airflow/.local/lib/python3.12/site-packages/airflow/example_dags/example_latest_only_with_trigger.py
[2025-03-24T08:15:19.687+0000] {processor.py:914} INFO - Processing file /home/airflow/.local/lib/python3.12/site-packages/airflow/example_dags/example_latest_only_with_trigger.py for tasks to queue
[2025-03-24T08:15:19.689+0000] {logging_mixin.py:190} INFO - [2025-03-24T08:15:19.689+0000] {dagbag.py:588} INFO - Filling up the DagBag from /home/airflow/.local/lib/python3.12/site-packages/airflow/example_dags/example_latest_only_with_trigger.py
[2025-03-24T08:15:19.698+0000] {processor.py:925} INFO - DAG(s) 'latest_only_with_trigger' retrieved from /home/airflow/.local/lib/python3.12/site-packages/airflow/example_dags/example_latest_only_with_trigger.py
[2025-03-24T08:15:19.719+0000] {logging_mixin.py:190} INFO - [2025-03-24T08:15:19.719+0000] {dag.py:3239} INFO - Sync 1 DAGs
[2025-03-24T08:15:19.743+0000] {logging_mixin.py:190} INFO - [2025-03-24T08:15:19.743+0000] {dag.py:4180} INFO - Setting next_dagrun for latest_only_with_trigger to 2025-03-24 04:00:00+00:00, run_after=2025-03-24 08:00:00+00:00
[2025-03-24T08:15:19.767+0000] {processor.py:208} INFO - Processing /home/airflow/.local/lib/python3.12/site-packages/airflow/example_dags/example_latest_only_with_trigger.py took 0.088 seconds
[2025-03-24T08:15:51.104+0000] {processor.py:186} INFO - Started process (PID=795) to work on /home/airflow/.local/lib/python3.12/site-packages/airflow/example_dags/example_latest_only_with_trigger.py
[2025-03-24T08:15:51.105+0000] {processor.py:914} INFO - Processing file /home/airflow/.local/lib/python3.12/site-packages/airflow/example_dags/example_latest_only_with_trigger.py for tasks to queue
[2025-03-24T08:15:51.108+0000] {logging_mixin.py:190} INFO - [2025-03-24T08:15:51.107+0000] {dagbag.py:588} INFO - Filling up the DagBag from /home/airflow/.local/lib/python3.12/site-packages/airflow/example_dags/example_latest_only_with_trigger.py
[2025-03-24T08:15:51.116+0000] {processor.py:925} INFO - DAG(s) 'latest_only_with_trigger' retrieved from /home/airflow/.local/lib/python3.12/site-packages/airflow/example_dags/example_latest_only_with_trigger.py
[2025-03-24T08:15:51.140+0000] {logging_mixin.py:190} INFO - [2025-03-24T08:15:51.139+0000] {dag.py:3239} INFO - Sync 1 DAGs
[2025-03-24T08:15:51.165+0000] {logging_mixin.py:190} INFO - [2025-03-24T08:15:51.165+0000] {dag.py:4180} INFO - Setting next_dagrun for latest_only_with_trigger to 2025-03-24 04:00:00+00:00, run_after=2025-03-24 08:00:00+00:00
[2025-03-24T08:15:51.189+0000] {processor.py:208} INFO - Processing /home/airflow/.local/lib/python3.12/site-packages/airflow/example_dags/example_latest_only_with_trigger.py took 0.091 seconds
[2025-03-24T08:16:22.701+0000] {processor.py:186} INFO - Started process (PID=859) to work on /home/airflow/.local/lib/python3.12/site-packages/airflow/example_dags/example_latest_only_with_trigger.py
[2025-03-24T08:16:22.702+0000] {processor.py:914} INFO - Processing file /home/airflow/.local/lib/python3.12/site-packages/airflow/example_dags/example_latest_only_with_trigger.py for tasks to queue
[2025-03-24T08:16:22.704+0000] {logging_mixin.py:190} INFO - [2025-03-24T08:16:22.704+0000] {dagbag.py:588} INFO - Filling up the DagBag from /home/airflow/.local/lib/python3.12/site-packages/airflow/example_dags/example_latest_only_with_trigger.py
[2025-03-24T08:16:22.713+0000] {processor.py:925} INFO - DAG(s) 'latest_only_with_trigger' retrieved from /home/airflow/.local/lib/python3.12/site-packages/airflow/example_dags/example_latest_only_with_trigger.py
[2025-03-24T08:16:22.735+0000] {logging_mixin.py:190} INFO - [2025-03-24T08:16:22.735+0000] {dag.py:3239} INFO - Sync 1 DAGs
[2025-03-24T08:16:22.760+0000] {logging_mixin.py:190} INFO - [2025-03-24T08:16:22.760+0000] {dag.py:4180} INFO - Setting next_dagrun for latest_only_with_trigger to 2025-03-24 04:00:00+00:00, run_after=2025-03-24 08:00:00+00:00
[2025-03-24T08:16:22.784+0000] {processor.py:208} INFO - Processing /home/airflow/.local/lib/python3.12/site-packages/airflow/example_dags/example_latest_only_with_trigger.py took 0.090 seconds
[2025-03-24T08:16:53.954+0000] {processor.py:186} INFO - Started process (PID=923) to work on /home/airflow/.local/lib/python3.12/site-packages/airflow/example_dags/example_latest_only_with_trigger.py
[2025-03-24T08:16:53.955+0000] {processor.py:914} INFO - Processing file /home/airflow/.local/lib/python3.12/site-packages/airflow/example_dags/example_latest_only_with_trigger.py for tasks to queue
[2025-03-24T08:16:53.958+0000] {logging_mixin.py:190} INFO - [2025-03-24T08:16:53.958+0000] {dagbag.py:588} INFO - Filling up the DagBag from /home/airflow/.local/lib/python3.12/site-packages/airflow/example_dags/example_latest_only_with_trigger.py
[2025-03-24T08:16:53.966+0000] {processor.py:925} INFO - DAG(s) 'latest_only_with_trigger' retrieved from /home/airflow/.local/lib/python3.12/site-packages/airflow/example_dags/example_latest_only_with_trigger.py
[2025-03-24T08:16:53.989+0000] {logging_mixin.py:190} INFO - [2025-03-24T08:16:53.989+0000] {dag.py:3239} INFO - Sync 1 DAGs
[2025-03-24T08:16:54.015+0000] {logging_mixin.py:190} INFO - [2025-03-24T08:16:54.015+0000] {dag.py:4180} INFO - Setting next_dagrun for latest_only_with_trigger to 2025-03-24 04:00:00+00:00, run_after=2025-03-24 08:00:00+00:00
[2025-03-24T08:16:54.036+0000] {processor.py:208} INFO - Processing /home/airflow/.local/lib/python3.12/site-packages/airflow/example_dags/example_latest_only_with_trigger.py took 0.088 seconds
[2025-03-24T08:17:25.117+0000] {processor.py:186} INFO - Started process (PID=987) to work on /home/airflow/.local/lib/python3.12/site-packages/airflow/example_dags/example_latest_only_with_trigger.py
[2025-03-24T08:17:25.118+0000] {processor.py:914} INFO - Processing file /home/airflow/.local/lib/python3.12/site-packages/airflow/example_dags/example_latest_only_with_trigger.py for tasks to queue
[2025-03-24T08:17:25.121+0000] {logging_mixin.py:190} INFO - [2025-03-24T08:17:25.120+0000] {dagbag.py:588} INFO - Filling up the DagBag from /home/airflow/.local/lib/python3.12/site-packages/airflow/example_dags/example_latest_only_with_trigger.py
[2025-03-24T08:17:25.129+0000] {processor.py:925} INFO - DAG(s) 'latest_only_with_trigger' retrieved from /home/airflow/.local/lib/python3.12/site-packages/airflow/example_dags/example_latest_only_with_trigger.py
[2025-03-24T08:17:25.153+0000] {logging_mixin.py:190} INFO - [2025-03-24T08:17:25.153+0000] {dag.py:3239} INFO - Sync 1 DAGs
[2025-03-24T08:17:25.179+0000] {logging_mixin.py:190} INFO - [2025-03-24T08:17:25.179+0000] {dag.py:4180} INFO - Setting next_dagrun for latest_only_with_trigger to 2025-03-24 04:00:00+00:00, run_after=2025-03-24 08:00:00+00:00
[2025-03-24T08:17:25.201+0000] {processor.py:208} INFO - Processing /home/airflow/.local/lib/python3.12/site-packages/airflow/example_dags/example_latest_only_with_trigger.py took 0.090 seconds
[2025-03-24T08:17:56.235+0000] {processor.py:186} INFO - Started process (PID=1051) to work on /home/airflow/.local/lib/python3.12/site-packages/airflow/example_dags/example_latest_only_with_trigger.py
[2025-03-24T08:17:56.237+0000] {processor.py:914} INFO - Processing file /home/airflow/.local/lib/python3.12/site-packages/airflow/example_dags/example_latest_only_with_trigger.py for tasks to queue
[2025-03-24T08:17:56.239+0000] {logging_mixin.py:190} INFO - [2025-03-24T08:17:56.239+0000] {dagbag.py:588} INFO - Filling up the DagBag from /home/airflow/.local/lib/python3.12/site-packages/airflow/example_dags/example_latest_only_with_trigger.py
[2025-03-24T08:17:56.247+0000] {processor.py:925} INFO - DAG(s) 'latest_only_with_trigger' retrieved from /home/airflow/.local/lib/python3.12/site-packages/airflow/example_dags/example_latest_only_with_trigger.py
[2025-03-24T08:17:56.269+0000] {logging_mixin.py:190} INFO - [2025-03-24T08:17:56.269+0000] {dag.py:3239} INFO - Sync 1 DAGs
[2025-03-24T08:17:56.295+0000] {logging_mixin.py:190} INFO - [2025-03-24T08:17:56.294+0000] {dag.py:4180} INFO - Setting next_dagrun for latest_only_with_trigger to 2025-03-24 04:00:00+00:00, run_after=2025-03-24 08:00:00+00:00
[2025-03-24T08:17:56.315+0000] {processor.py:208} INFO - Processing /home/airflow/.local/lib/python3.12/site-packages/airflow/example_dags/example_latest_only_with_trigger.py took 0.085 seconds
[2025-03-24T08:18:27.129+0000] {processor.py:186} INFO - Started process (PID=1115) to work on /home/airflow/.local/lib/python3.12/site-packages/airflow/example_dags/example_latest_only_with_trigger.py
[2025-03-24T08:18:27.131+0000] {processor.py:914} INFO - Processing file /home/airflow/.local/lib/python3.12/site-packages/airflow/example_dags/example_latest_only_with_trigger.py for tasks to queue
[2025-03-24T08:18:27.133+0000] {logging_mixin.py:190} INFO - [2025-03-24T08:18:27.133+0000] {dagbag.py:588} INFO - Filling up the DagBag from /home/airflow/.local/lib/python3.12/site-packages/airflow/example_dags/example_latest_only_with_trigger.py
[2025-03-24T08:18:27.144+0000] {processor.py:925} INFO - DAG(s) 'latest_only_with_trigger' retrieved from /home/airflow/.local/lib/python3.12/site-packages/airflow/example_dags/example_latest_only_with_trigger.py
[2025-03-24T08:18:27.166+0000] {logging_mixin.py:190} INFO - [2025-03-24T08:18:27.165+0000] {dag.py:3239} INFO - Sync 1 DAGs
[2025-03-24T08:18:27.192+0000] {logging_mixin.py:190} INFO - [2025-03-24T08:18:27.191+0000] {dag.py:4180} INFO - Setting next_dagrun for latest_only_with_trigger to 2025-03-24 04:00:00+00:00, run_after=2025-03-24 08:00:00+00:00
[2025-03-24T08:18:27.216+0000] {processor.py:208} INFO - Processing /home/airflow/.local/lib/python3.12/site-packages/airflow/example_dags/example_latest_only_with_trigger.py took 0.093 seconds
[2025-03-24T08:18:58.647+0000] {processor.py:186} INFO - Started process (PID=1179) to work on /home/airflow/.local/lib/python3.12/site-packages/airflow/example_dags/example_latest_only_with_trigger.py
[2025-03-24T08:18:58.648+0000] {processor.py:914} INFO - Processing file /home/airflow/.local/lib/python3.12/site-packages/airflow/example_dags/example_latest_only_with_trigger.py for tasks to queue
[2025-03-24T08:18:58.651+0000] {logging_mixin.py:190} INFO - [2025-03-24T08:18:58.650+0000] {dagbag.py:588} INFO - Filling up the DagBag from /home/airflow/.local/lib/python3.12/site-packages/airflow/example_dags/example_latest_only_with_trigger.py
[2025-03-24T08:18:58.659+0000] {processor.py:925} INFO - DAG(s) 'latest_only_with_trigger' retrieved from /home/airflow/.local/lib/python3.12/site-packages/airflow/example_dags/example_latest_only_with_trigger.py
[2025-03-24T08:18:58.684+0000] {logging_mixin.py:190} INFO - [2025-03-24T08:18:58.683+0000] {dag.py:3239} INFO - Sync 1 DAGs
[2025-03-24T08:18:58.708+0000] {logging_mixin.py:190} INFO - [2025-03-24T08:18:58.708+0000] {dag.py:4180} INFO - Setting next_dagrun for latest_only_with_trigger to 2025-03-24 04:00:00+00:00, run_after=2025-03-24 08:00:00+00:00
[2025-03-24T08:18:58.727+0000] {processor.py:208} INFO - Processing /home/airflow/.local/lib/python3.12/site-packages/airflow/example_dags/example_latest_only_with_trigger.py took 0.086 seconds
[2025-03-24T08:19:29.902+0000] {processor.py:186} INFO - Started process (PID=1243) to work on /home/airflow/.local/lib/python3.12/site-packages/airflow/example_dags/example_latest_only_with_trigger.py
[2025-03-24T08:19:29.903+0000] {processor.py:914} INFO - Processing file /home/airflow/.local/lib/python3.12/site-packages/airflow/example_dags/example_latest_only_with_trigger.py for tasks to queue
[2025-03-24T08:19:29.906+0000] {logging_mixin.py:190} INFO - [2025-03-24T08:19:29.906+0000] {dagbag.py:588} INFO - Filling up the DagBag from /home/airflow/.local/lib/python3.12/site-packages/airflow/example_dags/example_latest_only_with_trigger.py
[2025-03-24T08:19:29.914+0000] {processor.py:925} INFO - DAG(s) 'latest_only_with_trigger' retrieved from /home/airflow/.local/lib/python3.12/site-packages/airflow/example_dags/example_latest_only_with_trigger.py
[2025-03-24T08:19:29.938+0000] {logging_mixin.py:190} INFO - [2025-03-24T08:19:29.937+0000] {dag.py:3239} INFO - Sync 1 DAGs
[2025-03-24T08:19:29.965+0000] {logging_mixin.py:190} INFO - [2025-03-24T08:19:29.965+0000] {dag.py:4180} INFO - Setting next_dagrun for latest_only_with_trigger to 2025-03-24 04:00:00+00:00, run_after=2025-03-24 08:00:00+00:00
[2025-03-24T08:19:29.989+0000] {processor.py:208} INFO - Processing /home/airflow/.local/lib/python3.12/site-packages/airflow/example_dags/example_latest_only_with_trigger.py took 0.094 seconds
[2025-03-24T08:20:01.203+0000] {processor.py:186} INFO - Started process (PID=1307) to work on /home/airflow/.local/lib/python3.12/site-packages/airflow/example_dags/example_latest_only_with_trigger.py
[2025-03-24T08:20:01.205+0000] {processor.py:914} INFO - Processing file /home/airflow/.local/lib/python3.12/site-packages/airflow/example_dags/example_latest_only_with_trigger.py for tasks to queue
[2025-03-24T08:20:01.207+0000] {logging_mixin.py:190} INFO - [2025-03-24T08:20:01.207+0000] {dagbag.py:588} INFO - Filling up the DagBag from /home/airflow/.local/lib/python3.12/site-packages/airflow/example_dags/example_latest_only_with_trigger.py
[2025-03-24T08:20:01.217+0000] {processor.py:925} INFO - DAG(s) 'latest_only_with_trigger' retrieved from /home/airflow/.local/lib/python3.12/site-packages/airflow/example_dags/example_latest_only_with_trigger.py
[2025-03-24T08:20:01.240+0000] {logging_mixin.py:190} INFO - [2025-03-24T08:20:01.240+0000] {dag.py:3239} INFO - Sync 1 DAGs
[2025-03-24T08:20:01.268+0000] {logging_mixin.py:190} INFO - [2025-03-24T08:20:01.268+0000] {dag.py:4180} INFO - Setting next_dagrun for latest_only_with_trigger to 2025-03-24 04:00:00+00:00, run_after=2025-03-24 08:00:00+00:00
[2025-03-24T08:20:01.291+0000] {processor.py:208} INFO - Processing /home/airflow/.local/lib/python3.12/site-packages/airflow/example_dags/example_latest_only_with_trigger.py took 0.094 seconds
[2025-03-24T08:20:32.302+0000] {processor.py:186} INFO - Started process (PID=1371) to work on /home/airflow/.local/lib/python3.12/site-packages/airflow/example_dags/example_latest_only_with_trigger.py
[2025-03-24T08:20:32.303+0000] {processor.py:914} INFO - Processing file /home/airflow/.local/lib/python3.12/site-packages/airflow/example_dags/example_latest_only_with_trigger.py for tasks to queue
[2025-03-24T08:20:32.306+0000] {logging_mixin.py:190} INFO - [2025-03-24T08:20:32.305+0000] {dagbag.py:588} INFO - Filling up the DagBag from /home/airflow/.local/lib/python3.12/site-packages/airflow/example_dags/example_latest_only_with_trigger.py
[2025-03-24T08:20:32.315+0000] {processor.py:925} INFO - DAG(s) 'latest_only_with_trigger' retrieved from /home/airflow/.local/lib/python3.12/site-packages/airflow/example_dags/example_latest_only_with_trigger.py
[2025-03-24T08:20:32.339+0000] {logging_mixin.py:190} INFO - [2025-03-24T08:20:32.339+0000] {dag.py:3239} INFO - Sync 1 DAGs
[2025-03-24T08:20:32.366+0000] {logging_mixin.py:190} INFO - [2025-03-24T08:20:32.366+0000] {dag.py:4180} INFO - Setting next_dagrun for latest_only_with_trigger to 2025-03-24 04:00:00+00:00, run_after=2025-03-24 08:00:00+00:00
[2025-03-24T08:20:32.391+0000] {processor.py:208} INFO - Processing /home/airflow/.local/lib/python3.12/site-packages/airflow/example_dags/example_latest_only_with_trigger.py took 0.096 seconds
[2025-03-24T08:21:03.132+0000] {processor.py:186} INFO - Started process (PID=1435) to work on /home/airflow/.local/lib/python3.12/site-packages/airflow/example_dags/example_latest_only_with_trigger.py
[2025-03-24T08:21:03.134+0000] {processor.py:914} INFO - Processing file /home/airflow/.local/lib/python3.12/site-packages/airflow/example_dags/example_latest_only_with_trigger.py for tasks to queue
[2025-03-24T08:21:03.136+0000] {logging_mixin.py:190} INFO - [2025-03-24T08:21:03.136+0000] {dagbag.py:588} INFO - Filling up the DagBag from /home/airflow/.local/lib/python3.12/site-packages/airflow/example_dags/example_latest_only_with_trigger.py
[2025-03-24T08:21:03.145+0000] {processor.py:925} INFO - DAG(s) 'latest_only_with_trigger' retrieved from /home/airflow/.local/lib/python3.12/site-packages/airflow/example_dags/example_latest_only_with_trigger.py
[2025-03-24T08:21:03.171+0000] {logging_mixin.py:190} INFO - [2025-03-24T08:21:03.171+0000] {dag.py:3239} INFO - Sync 1 DAGs
[2025-03-24T08:21:03.198+0000] {logging_mixin.py:190} INFO - [2025-03-24T08:21:03.197+0000] {dag.py:4180} INFO - Setting next_dagrun for latest_only_with_trigger to 2025-03-24 04:00:00+00:00, run_after=2025-03-24 08:00:00+00:00
[2025-03-24T08:21:03.220+0000] {processor.py:208} INFO - Processing /home/airflow/.local/lib/python3.12/site-packages/airflow/example_dags/example_latest_only_with_trigger.py took 0.095 seconds
[2025-03-24T08:21:34.629+0000] {processor.py:186} INFO - Started process (PID=1505) to work on /home/airflow/.local/lib/python3.12/site-packages/airflow/example_dags/example_latest_only_with_trigger.py
[2025-03-24T08:21:34.630+0000] {processor.py:914} INFO - Processing file /home/airflow/.local/lib/python3.12/site-packages/airflow/example_dags/example_latest_only_with_trigger.py for tasks to queue
[2025-03-24T08:21:34.632+0000] {logging_mixin.py:190} INFO - [2025-03-24T08:21:34.632+0000] {dagbag.py:588} INFO - Filling up the DagBag from /home/airflow/.local/lib/python3.12/site-packages/airflow/example_dags/example_latest_only_with_trigger.py
[2025-03-24T08:21:34.641+0000] {processor.py:925} INFO - DAG(s) 'latest_only_with_trigger' retrieved from /home/airflow/.local/lib/python3.12/site-packages/airflow/example_dags/example_latest_only_with_trigger.py
[2025-03-24T08:21:34.664+0000] {logging_mixin.py:190} INFO - [2025-03-24T08:21:34.663+0000] {dag.py:3239} INFO - Sync 1 DAGs
[2025-03-24T08:21:34.690+0000] {logging_mixin.py:190} INFO - [2025-03-24T08:21:34.690+0000] {dag.py:4180} INFO - Setting next_dagrun for latest_only_with_trigger to 2025-03-24 04:00:00+00:00, run_after=2025-03-24 08:00:00+00:00
[2025-03-24T08:21:34.715+0000] {processor.py:208} INFO - Processing /home/airflow/.local/lib/python3.12/site-packages/airflow/example_dags/example_latest_only_with_trigger.py took 0.093 seconds
[2025-03-24T08:22:06.351+0000] {processor.py:186} INFO - Started process (PID=1569) to work on /home/airflow/.local/lib/python3.12/site-packages/airflow/example_dags/example_latest_only_with_trigger.py
[2025-03-24T08:22:06.352+0000] {processor.py:914} INFO - Processing file /home/airflow/.local/lib/python3.12/site-packages/airflow/example_dags/example_latest_only_with_trigger.py for tasks to queue
[2025-03-24T08:22:06.355+0000] {logging_mixin.py:190} INFO - [2025-03-24T08:22:06.354+0000] {dagbag.py:588} INFO - Filling up the DagBag from /home/airflow/.local/lib/python3.12/site-packages/airflow/example_dags/example_latest_only_with_trigger.py
[2025-03-24T08:22:06.363+0000] {processor.py:925} INFO - DAG(s) 'latest_only_with_trigger' retrieved from /home/airflow/.local/lib/python3.12/site-packages/airflow/example_dags/example_latest_only_with_trigger.py
[2025-03-24T08:22:06.391+0000] {logging_mixin.py:190} INFO - [2025-03-24T08:22:06.390+0000] {dag.py:3239} INFO - Sync 1 DAGs
[2025-03-24T08:22:06.423+0000] {logging_mixin.py:190} INFO - [2025-03-24T08:22:06.422+0000] {dag.py:4180} INFO - Setting next_dagrun for latest_only_with_trigger to 2025-03-24 04:00:00+00:00, run_after=2025-03-24 08:00:00+00:00
[2025-03-24T08:22:06.448+0000] {processor.py:208} INFO - Processing /home/airflow/.local/lib/python3.12/site-packages/airflow/example_dags/example_latest_only_with_trigger.py took 0.104 seconds
[2025-03-24T08:22:37.784+0000] {processor.py:186} INFO - Started process (PID=1633) to work on /home/airflow/.local/lib/python3.12/site-packages/airflow/example_dags/example_latest_only_with_trigger.py
[2025-03-24T08:22:37.785+0000] {processor.py:914} INFO - Processing file /home/airflow/.local/lib/python3.12/site-packages/airflow/example_dags/example_latest_only_with_trigger.py for tasks to queue
[2025-03-24T08:22:37.788+0000] {logging_mixin.py:190} INFO - [2025-03-24T08:22:37.788+0000] {dagbag.py:588} INFO - Filling up the DagBag from /home/airflow/.local/lib/python3.12/site-packages/airflow/example_dags/example_latest_only_with_trigger.py
[2025-03-24T08:22:37.797+0000] {processor.py:925} INFO - DAG(s) 'latest_only_with_trigger' retrieved from /home/airflow/.local/lib/python3.12/site-packages/airflow/example_dags/example_latest_only_with_trigger.py
[2025-03-24T08:22:37.820+0000] {logging_mixin.py:190} INFO - [2025-03-24T08:22:37.820+0000] {dag.py:3239} INFO - Sync 1 DAGs
[2025-03-24T08:22:37.848+0000] {logging_mixin.py:190} INFO - [2025-03-24T08:22:37.848+0000] {dag.py:4180} INFO - Setting next_dagrun for latest_only_with_trigger to 2025-03-24 04:00:00+00:00, run_after=2025-03-24 08:00:00+00:00
[2025-03-24T08:22:37.869+0000] {processor.py:208} INFO - Processing /home/airflow/.local/lib/python3.12/site-packages/airflow/example_dags/example_latest_only_with_trigger.py took 0.092 seconds
[2025-03-24T08:23:08.992+0000] {processor.py:186} INFO - Started process (PID=1697) to work on /home/airflow/.local/lib/python3.12/site-packages/airflow/example_dags/example_latest_only_with_trigger.py
[2025-03-24T08:23:08.993+0000] {processor.py:914} INFO - Processing file /home/airflow/.local/lib/python3.12/site-packages/airflow/example_dags/example_latest_only_with_trigger.py for tasks to queue
[2025-03-24T08:23:08.995+0000] {logging_mixin.py:190} INFO - [2025-03-24T08:23:08.995+0000] {dagbag.py:588} INFO - Filling up the DagBag from /home/airflow/.local/lib/python3.12/site-packages/airflow/example_dags/example_latest_only_with_trigger.py
[2025-03-24T08:23:09.004+0000] {processor.py:925} INFO - DAG(s) 'latest_only_with_trigger' retrieved from /home/airflow/.local/lib/python3.12/site-packages/airflow/example_dags/example_latest_only_with_trigger.py
[2025-03-24T08:23:09.027+0000] {logging_mixin.py:190} INFO - [2025-03-24T08:23:09.027+0000] {dag.py:3239} INFO - Sync 1 DAGs
[2025-03-24T08:23:09.053+0000] {logging_mixin.py:190} INFO - [2025-03-24T08:23:09.053+0000] {dag.py:4180} INFO - Setting next_dagrun for latest_only_with_trigger to 2025-03-24 04:00:00+00:00, run_after=2025-03-24 08:00:00+00:00
[2025-03-24T08:23:09.075+0000] {processor.py:208} INFO - Processing /home/airflow/.local/lib/python3.12/site-packages/airflow/example_dags/example_latest_only_with_trigger.py took 0.090 seconds
[2025-03-24T08:23:40.332+0000] {processor.py:186} INFO - Started process (PID=1761) to work on /home/airflow/.local/lib/python3.12/site-packages/airflow/example_dags/example_latest_only_with_trigger.py
[2025-03-24T08:23:40.333+0000] {processor.py:914} INFO - Processing file /home/airflow/.local/lib/python3.12/site-packages/airflow/example_dags/example_latest_only_with_trigger.py for tasks to queue
[2025-03-24T08:23:40.335+0000] {logging_mixin.py:190} INFO - [2025-03-24T08:23:40.335+0000] {dagbag.py:588} INFO - Filling up the DagBag from /home/airflow/.local/lib/python3.12/site-packages/airflow/example_dags/example_latest_only_with_trigger.py
[2025-03-24T08:23:40.344+0000] {processor.py:925} INFO - DAG(s) 'latest_only_with_trigger' retrieved from /home/airflow/.local/lib/python3.12/site-packages/airflow/example_dags/example_latest_only_with_trigger.py
[2025-03-24T08:23:40.366+0000] {logging_mixin.py:190} INFO - [2025-03-24T08:23:40.366+0000] {dag.py:3239} INFO - Sync 1 DAGs
[2025-03-24T08:23:40.394+0000] {logging_mixin.py:190} INFO - [2025-03-24T08:23:40.394+0000] {dag.py:4180} INFO - Setting next_dagrun for latest_only_with_trigger to 2025-03-24 04:00:00+00:00, run_after=2025-03-24 08:00:00+00:00
[2025-03-24T08:23:40.415+0000] {processor.py:208} INFO - Processing /home/airflow/.local/lib/python3.12/site-packages/airflow/example_dags/example_latest_only_with_trigger.py took 0.089 seconds
[2025-03-24T08:24:11.627+0000] {processor.py:186} INFO - Started process (PID=1825) to work on /home/airflow/.local/lib/python3.12/site-packages/airflow/example_dags/example_latest_only_with_trigger.py
[2025-03-24T08:24:11.629+0000] {processor.py:914} INFO - Processing file /home/airflow/.local/lib/python3.12/site-packages/airflow/example_dags/example_latest_only_with_trigger.py for tasks to queue
[2025-03-24T08:24:11.631+0000] {logging_mixin.py:190} INFO - [2025-03-24T08:24:11.631+0000] {dagbag.py:588} INFO - Filling up the DagBag from /home/airflow/.local/lib/python3.12/site-packages/airflow/example_dags/example_latest_only_with_trigger.py
[2025-03-24T08:24:11.640+0000] {processor.py:925} INFO - DAG(s) 'latest_only_with_trigger' retrieved from /home/airflow/.local/lib/python3.12/site-packages/airflow/example_dags/example_latest_only_with_trigger.py
[2025-03-24T08:24:11.663+0000] {logging_mixin.py:190} INFO - [2025-03-24T08:24:11.662+0000] {dag.py:3239} INFO - Sync 1 DAGs
[2025-03-24T08:24:11.689+0000] {logging_mixin.py:190} INFO - [2025-03-24T08:24:11.689+0000] {dag.py:4180} INFO - Setting next_dagrun for latest_only_with_trigger to 2025-03-24 04:00:00+00:00, run_after=2025-03-24 08:00:00+00:00
[2025-03-24T08:24:11.710+0000] {processor.py:208} INFO - Processing /home/airflow/.local/lib/python3.12/site-packages/airflow/example_dags/example_latest_only_with_trigger.py took 0.090 seconds
[2025-03-24T08:24:43.007+0000] {processor.py:186} INFO - Started process (PID=1889) to work on /home/airflow/.local/lib/python3.12/site-packages/airflow/example_dags/example_latest_only_with_trigger.py
[2025-03-24T08:24:43.008+0000] {processor.py:914} INFO - Processing file /home/airflow/.local/lib/python3.12/site-packages/airflow/example_dags/example_latest_only_with_trigger.py for tasks to queue
[2025-03-24T08:24:43.011+0000] {logging_mixin.py:190} INFO - [2025-03-24T08:24:43.010+0000] {dagbag.py:588} INFO - Filling up the DagBag from /home/airflow/.local/lib/python3.12/site-packages/airflow/example_dags/example_latest_only_with_trigger.py
[2025-03-24T08:24:43.020+0000] {processor.py:925} INFO - DAG(s) 'latest_only_with_trigger' retrieved from /home/airflow/.local/lib/python3.12/site-packages/airflow/example_dags/example_latest_only_with_trigger.py
[2025-03-24T08:24:43.042+0000] {logging_mixin.py:190} INFO - [2025-03-24T08:24:43.042+0000] {dag.py:3239} INFO - Sync 1 DAGs
[2025-03-24T08:24:43.069+0000] {logging_mixin.py:190} INFO - [2025-03-24T08:24:43.068+0000] {dag.py:4180} INFO - Setting next_dagrun for latest_only_with_trigger to 2025-03-24 04:00:00+00:00, run_after=2025-03-24 08:00:00+00:00
[2025-03-24T08:24:43.091+0000] {processor.py:208} INFO - Processing /home/airflow/.local/lib/python3.12/site-packages/airflow/example_dags/example_latest_only_with_trigger.py took 0.090 seconds
[2025-03-24T08:25:14.193+0000] {processor.py:186} INFO - Started process (PID=1953) to work on /home/airflow/.local/lib/python3.12/site-packages/airflow/example_dags/example_latest_only_with_trigger.py
[2025-03-24T08:25:14.195+0000] {processor.py:914} INFO - Processing file /home/airflow/.local/lib/python3.12/site-packages/airflow/example_dags/example_latest_only_with_trigger.py for tasks to queue
[2025-03-24T08:25:14.197+0000] {logging_mixin.py:190} INFO - [2025-03-24T08:25:14.197+0000] {dagbag.py:588} INFO - Filling up the DagBag from /home/airflow/.local/lib/python3.12/site-packages/airflow/example_dags/example_latest_only_with_trigger.py
[2025-03-24T08:25:14.206+0000] {processor.py:925} INFO - DAG(s) 'latest_only_with_trigger' retrieved from /home/airflow/.local/lib/python3.12/site-packages/airflow/example_dags/example_latest_only_with_trigger.py
[2025-03-24T08:25:14.228+0000] {logging_mixin.py:190} INFO - [2025-03-24T08:25:14.228+0000] {dag.py:3239} INFO - Sync 1 DAGs
[2025-03-24T08:25:14.256+0000] {logging_mixin.py:190} INFO - [2025-03-24T08:25:14.255+0000] {dag.py:4180} INFO - Setting next_dagrun for latest_only_with_trigger to 2025-03-24 04:00:00+00:00, run_after=2025-03-24 08:00:00+00:00
[2025-03-24T08:25:14.277+0000] {processor.py:208} INFO - Processing /home/airflow/.local/lib/python3.12/site-packages/airflow/example_dags/example_latest_only_with_trigger.py took 0.090 seconds
[2025-03-24T08:25:45.439+0000] {processor.py:186} INFO - Started process (PID=2017) to work on /home/airflow/.local/lib/python3.12/site-packages/airflow/example_dags/example_latest_only_with_trigger.py
[2025-03-24T08:25:45.440+0000] {processor.py:914} INFO - Processing file /home/airflow/.local/lib/python3.12/site-packages/airflow/example_dags/example_latest_only_with_trigger.py for tasks to queue
[2025-03-24T08:25:45.443+0000] {logging_mixin.py:190} INFO - [2025-03-24T08:25:45.443+0000] {dagbag.py:588} INFO - Filling up the DagBag from /home/airflow/.local/lib/python3.12/site-packages/airflow/example_dags/example_latest_only_with_trigger.py
[2025-03-24T08:25:45.452+0000] {processor.py:925} INFO - DAG(s) 'latest_only_with_trigger' retrieved from /home/airflow/.local/lib/python3.12/site-packages/airflow/example_dags/example_latest_only_with_trigger.py
[2025-03-24T08:25:45.476+0000] {logging_mixin.py:190} INFO - [2025-03-24T08:25:45.475+0000] {dag.py:3239} INFO - Sync 1 DAGs
[2025-03-24T08:25:45.504+0000] {logging_mixin.py:190} INFO - [2025-03-24T08:25:45.504+0000] {dag.py:4180} INFO - Setting next_dagrun for latest_only_with_trigger to 2025-03-24 04:00:00+00:00, run_after=2025-03-24 08:00:00+00:00
[2025-03-24T08:25:45.529+0000] {processor.py:208} INFO - Processing /home/airflow/.local/lib/python3.12/site-packages/airflow/example_dags/example_latest_only_with_trigger.py took 0.097 seconds
[2025-03-24T08:26:16.881+0000] {processor.py:186} INFO - Started process (PID=2081) to work on /home/airflow/.local/lib/python3.12/site-packages/airflow/example_dags/example_latest_only_with_trigger.py
[2025-03-24T08:26:16.882+0000] {processor.py:914} INFO - Processing file /home/airflow/.local/lib/python3.12/site-packages/airflow/example_dags/example_latest_only_with_trigger.py for tasks to queue
[2025-03-24T08:26:16.885+0000] {logging_mixin.py:190} INFO - [2025-03-24T08:26:16.885+0000] {dagbag.py:588} INFO - Filling up the DagBag from /home/airflow/.local/lib/python3.12/site-packages/airflow/example_dags/example_latest_only_with_trigger.py
[2025-03-24T08:26:16.893+0000] {processor.py:925} INFO - DAG(s) 'latest_only_with_trigger' retrieved from /home/airflow/.local/lib/python3.12/site-packages/airflow/example_dags/example_latest_only_with_trigger.py
[2025-03-24T08:26:16.919+0000] {logging_mixin.py:190} INFO - [2025-03-24T08:26:16.919+0000] {dag.py:3239} INFO - Sync 1 DAGs
[2025-03-24T08:26:16.946+0000] {logging_mixin.py:190} INFO - [2025-03-24T08:26:16.946+0000] {dag.py:4180} INFO - Setting next_dagrun for latest_only_with_trigger to 2025-03-24 04:00:00+00:00, run_after=2025-03-24 08:00:00+00:00
[2025-03-24T08:26:16.971+0000] {processor.py:208} INFO - Processing /home/airflow/.local/lib/python3.12/site-packages/airflow/example_dags/example_latest_only_with_trigger.py took 0.098 seconds
[2025-03-24T08:26:48.149+0000] {processor.py:186} INFO - Started process (PID=2145) to work on /home/airflow/.local/lib/python3.12/site-packages/airflow/example_dags/example_latest_only_with_trigger.py
[2025-03-24T08:26:48.150+0000] {processor.py:914} INFO - Processing file /home/airflow/.local/lib/python3.12/site-packages/airflow/example_dags/example_latest_only_with_trigger.py for tasks to queue
[2025-03-24T08:26:48.153+0000] {logging_mixin.py:190} INFO - [2025-03-24T08:26:48.152+0000] {dagbag.py:588} INFO - Filling up the DagBag from /home/airflow/.local/lib/python3.12/site-packages/airflow/example_dags/example_latest_only_with_trigger.py
[2025-03-24T08:26:48.161+0000] {processor.py:925} INFO - DAG(s) 'latest_only_with_trigger' retrieved from /home/airflow/.local/lib/python3.12/site-packages/airflow/example_dags/example_latest_only_with_trigger.py
[2025-03-24T08:26:48.185+0000] {logging_mixin.py:190} INFO - [2025-03-24T08:26:48.185+0000] {dag.py:3239} INFO - Sync 1 DAGs
[2025-03-24T08:26:48.212+0000] {logging_mixin.py:190} INFO - [2025-03-24T08:26:48.212+0000] {dag.py:4180} INFO - Setting next_dagrun for latest_only_with_trigger to 2025-03-24 04:00:00+00:00, run_after=2025-03-24 08:00:00+00:00
[2025-03-24T08:26:48.236+0000] {processor.py:208} INFO - Processing /home/airflow/.local/lib/python3.12/site-packages/airflow/example_dags/example_latest_only_with_trigger.py took 0.093 seconds
[2025-03-24T08:27:19.366+0000] {processor.py:186} INFO - Started process (PID=2209) to work on /home/airflow/.local/lib/python3.12/site-packages/airflow/example_dags/example_latest_only_with_trigger.py
[2025-03-24T08:27:19.367+0000] {processor.py:914} INFO - Processing file /home/airflow/.local/lib/python3.12/site-packages/airflow/example_dags/example_latest_only_with_trigger.py for tasks to queue
[2025-03-24T08:27:19.370+0000] {logging_mixin.py:190} INFO - [2025-03-24T08:27:19.369+0000] {dagbag.py:588} INFO - Filling up the DagBag from /home/airflow/.local/lib/python3.12/site-packages/airflow/example_dags/example_latest_only_with_trigger.py
[2025-03-24T08:27:19.378+0000] {processor.py:925} INFO - DAG(s) 'latest_only_with_trigger' retrieved from /home/airflow/.local/lib/python3.12/site-packages/airflow/example_dags/example_latest_only_with_trigger.py
[2025-03-24T08:27:19.400+0000] {logging_mixin.py:190} INFO - [2025-03-24T08:27:19.400+0000] {dag.py:3239} INFO - Sync 1 DAGs
[2025-03-24T08:27:19.426+0000] {logging_mixin.py:190} INFO - [2025-03-24T08:27:19.426+0000] {dag.py:4180} INFO - Setting next_dagrun for latest_only_with_trigger to 2025-03-24 04:00:00+00:00, run_after=2025-03-24 08:00:00+00:00
[2025-03-24T08:27:19.446+0000] {processor.py:208} INFO - Processing /home/airflow/.local/lib/python3.12/site-packages/airflow/example_dags/example_latest_only_with_trigger.py took 0.086 seconds
[2025-03-24T08:27:50.917+0000] {processor.py:186} INFO - Started process (PID=2273) to work on /home/airflow/.local/lib/python3.12/site-packages/airflow/example_dags/example_latest_only_with_trigger.py
[2025-03-24T08:27:50.918+0000] {processor.py:914} INFO - Processing file /home/airflow/.local/lib/python3.12/site-packages/airflow/example_dags/example_latest_only_with_trigger.py for tasks to queue
[2025-03-24T08:27:50.920+0000] {logging_mixin.py:190} INFO - [2025-03-24T08:27:50.920+0000] {dagbag.py:588} INFO - Filling up the DagBag from /home/airflow/.local/lib/python3.12/site-packages/airflow/example_dags/example_latest_only_with_trigger.py
[2025-03-24T08:27:50.929+0000] {processor.py:925} INFO - DAG(s) 'latest_only_with_trigger' retrieved from /home/airflow/.local/lib/python3.12/site-packages/airflow/example_dags/example_latest_only_with_trigger.py
[2025-03-24T08:27:50.954+0000] {logging_mixin.py:190} INFO - [2025-03-24T08:27:50.953+0000] {dag.py:3239} INFO - Sync 1 DAGs
[2025-03-24T08:27:50.983+0000] {logging_mixin.py:190} INFO - [2025-03-24T08:27:50.983+0000] {dag.py:4180} INFO - Setting next_dagrun for latest_only_with_trigger to 2025-03-24 04:00:00+00:00, run_after=2025-03-24 08:00:00+00:00
[2025-03-24T08:27:51.008+0000] {processor.py:208} INFO - Processing /home/airflow/.local/lib/python3.12/site-packages/airflow/example_dags/example_latest_only_with_trigger.py took 0.098 seconds
[2025-03-24T08:28:22.047+0000] {processor.py:186} INFO - Started process (PID=2337) to work on /home/airflow/.local/lib/python3.12/site-packages/airflow/example_dags/example_latest_only_with_trigger.py
[2025-03-24T08:28:22.049+0000] {processor.py:914} INFO - Processing file /home/airflow/.local/lib/python3.12/site-packages/airflow/example_dags/example_latest_only_with_trigger.py for tasks to queue
[2025-03-24T08:28:22.051+0000] {logging_mixin.py:190} INFO - [2025-03-24T08:28:22.051+0000] {dagbag.py:588} INFO - Filling up the DagBag from /home/airflow/.local/lib/python3.12/site-packages/airflow/example_dags/example_latest_only_with_trigger.py
[2025-03-24T08:28:22.059+0000] {processor.py:925} INFO - DAG(s) 'latest_only_with_trigger' retrieved from /home/airflow/.local/lib/python3.12/site-packages/airflow/example_dags/example_latest_only_with_trigger.py
[2025-03-24T08:28:22.081+0000] {logging_mixin.py:190} INFO - [2025-03-24T08:28:22.080+0000] {dag.py:3239} INFO - Sync 1 DAGs
[2025-03-24T08:28:22.107+0000] {logging_mixin.py:190} INFO - [2025-03-24T08:28:22.107+0000] {dag.py:4180} INFO - Setting next_dagrun for latest_only_with_trigger to 2025-03-24 04:00:00+00:00, run_after=2025-03-24 08:00:00+00:00
[2025-03-24T08:28:22.131+0000] {processor.py:208} INFO - Processing /home/airflow/.local/lib/python3.12/site-packages/airflow/example_dags/example_latest_only_with_trigger.py took 0.090 seconds
[2025-03-24T08:28:52.922+0000] {processor.py:186} INFO - Started process (PID=2401) to work on /home/airflow/.local/lib/python3.12/site-packages/airflow/example_dags/example_latest_only_with_trigger.py
[2025-03-24T08:28:52.923+0000] {processor.py:914} INFO - Processing file /home/airflow/.local/lib/python3.12/site-packages/airflow/example_dags/example_latest_only_with_trigger.py for tasks to queue
[2025-03-24T08:28:52.926+0000] {logging_mixin.py:190} INFO - [2025-03-24T08:28:52.925+0000] {dagbag.py:588} INFO - Filling up the DagBag from /home/airflow/.local/lib/python3.12/site-packages/airflow/example_dags/example_latest_only_with_trigger.py
[2025-03-24T08:28:52.935+0000] {processor.py:925} INFO - DAG(s) 'latest_only_with_trigger' retrieved from /home/airflow/.local/lib/python3.12/site-packages/airflow/example_dags/example_latest_only_with_trigger.py
[2025-03-24T08:28:52.957+0000] {logging_mixin.py:190} INFO - [2025-03-24T08:28:52.957+0000] {dag.py:3239} INFO - Sync 1 DAGs
[2025-03-24T08:28:52.986+0000] {logging_mixin.py:190} INFO - [2025-03-24T08:28:52.986+0000] {dag.py:4180} INFO - Setting next_dagrun for latest_only_with_trigger to 2025-03-24 04:00:00+00:00, run_after=2025-03-24 08:00:00+00:00
[2025-03-24T08:28:53.013+0000] {processor.py:208} INFO - Processing /home/airflow/.local/lib/python3.12/site-packages/airflow/example_dags/example_latest_only_with_trigger.py took 0.098 seconds
[2025-03-24T08:29:24.004+0000] {processor.py:186} INFO - Started process (PID=2465) to work on /home/airflow/.local/lib/python3.12/site-packages/airflow/example_dags/example_latest_only_with_trigger.py
[2025-03-24T08:29:24.006+0000] {processor.py:914} INFO - Processing file /home/airflow/.local/lib/python3.12/site-packages/airflow/example_dags/example_latest_only_with_trigger.py for tasks to queue
[2025-03-24T08:29:24.008+0000] {logging_mixin.py:190} INFO - [2025-03-24T08:29:24.008+0000] {dagbag.py:588} INFO - Filling up the DagBag from /home/airflow/.local/lib/python3.12/site-packages/airflow/example_dags/example_latest_only_with_trigger.py
[2025-03-24T08:29:24.016+0000] {processor.py:925} INFO - DAG(s) 'latest_only_with_trigger' retrieved from /home/airflow/.local/lib/python3.12/site-packages/airflow/example_dags/example_latest_only_with_trigger.py
[2025-03-24T08:29:24.039+0000] {logging_mixin.py:190} INFO - [2025-03-24T08:29:24.039+0000] {dag.py:3239} INFO - Sync 1 DAGs
[2025-03-24T08:29:24.067+0000] {logging_mixin.py:190} INFO - [2025-03-24T08:29:24.067+0000] {dag.py:4180} INFO - Setting next_dagrun for latest_only_with_trigger to 2025-03-24 04:00:00+00:00, run_after=2025-03-24 08:00:00+00:00
[2025-03-24T08:29:24.088+0000] {processor.py:208} INFO - Processing /home/airflow/.local/lib/python3.12/site-packages/airflow/example_dags/example_latest_only_with_trigger.py took 0.090 seconds
[2025-03-24T08:29:54.831+0000] {processor.py:186} INFO - Started process (PID=2529) to work on /home/airflow/.local/lib/python3.12/site-packages/airflow/example_dags/example_latest_only_with_trigger.py
[2025-03-24T08:29:54.832+0000] {processor.py:914} INFO - Processing file /home/airflow/.local/lib/python3.12/site-packages/airflow/example_dags/example_latest_only_with_trigger.py for tasks to queue
[2025-03-24T08:29:54.835+0000] {logging_mixin.py:190} INFO - [2025-03-24T08:29:54.834+0000] {dagbag.py:588} INFO - Filling up the DagBag from /home/airflow/.local/lib/python3.12/site-packages/airflow/example_dags/example_latest_only_with_trigger.py
[2025-03-24T08:29:54.843+0000] {processor.py:925} INFO - DAG(s) 'latest_only_with_trigger' retrieved from /home/airflow/.local/lib/python3.12/site-packages/airflow/example_dags/example_latest_only_with_trigger.py
[2025-03-24T08:29:54.865+0000] {logging_mixin.py:190} INFO - [2025-03-24T08:29:54.865+0000] {dag.py:3239} INFO - Sync 1 DAGs
[2025-03-24T08:29:54.889+0000] {logging_mixin.py:190} INFO - [2025-03-24T08:29:54.889+0000] {dag.py:4180} INFO - Setting next_dagrun for latest_only_with_trigger to 2025-03-24 04:00:00+00:00, run_after=2025-03-24 08:00:00+00:00
[2025-03-24T08:29:54.914+0000] {processor.py:208} INFO - Processing /home/airflow/.local/lib/python3.12/site-packages/airflow/example_dags/example_latest_only_with_trigger.py took 0.089 seconds
[2025-03-24T08:30:26.128+0000] {processor.py:186} INFO - Started process (PID=2593) to work on /home/airflow/.local/lib/python3.12/site-packages/airflow/example_dags/example_latest_only_with_trigger.py
[2025-03-24T08:30:26.129+0000] {processor.py:914} INFO - Processing file /home/airflow/.local/lib/python3.12/site-packages/airflow/example_dags/example_latest_only_with_trigger.py for tasks to queue
[2025-03-24T08:30:26.132+0000] {logging_mixin.py:190} INFO - [2025-03-24T08:30:26.131+0000] {dagbag.py:588} INFO - Filling up the DagBag from /home/airflow/.local/lib/python3.12/site-packages/airflow/example_dags/example_latest_only_with_trigger.py
[2025-03-24T08:30:26.140+0000] {processor.py:925} INFO - DAG(s) 'latest_only_with_trigger' retrieved from /home/airflow/.local/lib/python3.12/site-packages/airflow/example_dags/example_latest_only_with_trigger.py
[2025-03-24T08:30:26.162+0000] {logging_mixin.py:190} INFO - [2025-03-24T08:30:26.162+0000] {dag.py:3239} INFO - Sync 1 DAGs
[2025-03-24T08:30:26.190+0000] {logging_mixin.py:190} INFO - [2025-03-24T08:30:26.189+0000] {dag.py:4180} INFO - Setting next_dagrun for latest_only_with_trigger to 2025-03-24 04:00:00+00:00, run_after=2025-03-24 08:00:00+00:00
[2025-03-24T08:30:26.211+0000] {processor.py:208} INFO - Processing /home/airflow/.local/lib/python3.12/site-packages/airflow/example_dags/example_latest_only_with_trigger.py took 0.089 seconds
[2025-03-24T08:30:57.000+0000] {processor.py:186} INFO - Started process (PID=2657) to work on /home/airflow/.local/lib/python3.12/site-packages/airflow/example_dags/example_latest_only_with_trigger.py
[2025-03-24T08:30:57.002+0000] {processor.py:914} INFO - Processing file /home/airflow/.local/lib/python3.12/site-packages/airflow/example_dags/example_latest_only_with_trigger.py for tasks to queue
[2025-03-24T08:30:57.004+0000] {logging_mixin.py:190} INFO - [2025-03-24T08:30:57.004+0000] {dagbag.py:588} INFO - Filling up the DagBag from /home/airflow/.local/lib/python3.12/site-packages/airflow/example_dags/example_latest_only_with_trigger.py
[2025-03-24T08:30:57.013+0000] {processor.py:925} INFO - DAG(s) 'latest_only_with_trigger' retrieved from /home/airflow/.local/lib/python3.12/site-packages/airflow/example_dags/example_latest_only_with_trigger.py
[2025-03-24T08:30:57.037+0000] {logging_mixin.py:190} INFO - [2025-03-24T08:30:57.037+0000] {dag.py:3239} INFO - Sync 1 DAGs
[2025-03-24T08:30:57.064+0000] {logging_mixin.py:190} INFO - [2025-03-24T08:30:57.064+0000] {dag.py:4180} INFO - Setting next_dagrun for latest_only_with_trigger to 2025-03-24 04:00:00+00:00, run_after=2025-03-24 08:00:00+00:00
[2025-03-24T08:30:57.087+0000] {processor.py:208} INFO - Processing /home/airflow/.local/lib/python3.12/site-packages/airflow/example_dags/example_latest_only_with_trigger.py took 0.093 seconds
[2025-03-24T08:31:28.767+0000] {processor.py:186} INFO - Started process (PID=2721) to work on /home/airflow/.local/lib/python3.12/site-packages/airflow/example_dags/example_latest_only_with_trigger.py
[2025-03-24T08:31:28.768+0000] {processor.py:914} INFO - Processing file /home/airflow/.local/lib/python3.12/site-packages/airflow/example_dags/example_latest_only_with_trigger.py for tasks to queue
[2025-03-24T08:31:28.771+0000] {logging_mixin.py:190} INFO - [2025-03-24T08:31:28.770+0000] {dagbag.py:588} INFO - Filling up the DagBag from /home/airflow/.local/lib/python3.12/site-packages/airflow/example_dags/example_latest_only_with_trigger.py
[2025-03-24T08:31:28.780+0000] {processor.py:925} INFO - DAG(s) 'latest_only_with_trigger' retrieved from /home/airflow/.local/lib/python3.12/site-packages/airflow/example_dags/example_latest_only_with_trigger.py
[2025-03-24T08:31:28.804+0000] {logging_mixin.py:190} INFO - [2025-03-24T08:31:28.803+0000] {dag.py:3239} INFO - Sync 1 DAGs
[2025-03-24T08:31:28.835+0000] {logging_mixin.py:190} INFO - [2025-03-24T08:31:28.835+0000] {dag.py:4180} INFO - Setting next_dagrun for latest_only_with_trigger to 2025-03-24 04:00:00+00:00, run_after=2025-03-24 08:00:00+00:00
[2025-03-24T08:31:28.860+0000] {processor.py:208} INFO - Processing /home/airflow/.local/lib/python3.12/site-packages/airflow/example_dags/example_latest_only_with_trigger.py took 0.100 seconds
[2025-03-24T08:32:00.321+0000] {processor.py:186} INFO - Started process (PID=2785) to work on /home/airflow/.local/lib/python3.12/site-packages/airflow/example_dags/example_latest_only_with_trigger.py
[2025-03-24T08:32:00.322+0000] {processor.py:914} INFO - Processing file /home/airflow/.local/lib/python3.12/site-packages/airflow/example_dags/example_latest_only_with_trigger.py for tasks to queue
[2025-03-24T08:32:00.324+0000] {logging_mixin.py:190} INFO - [2025-03-24T08:32:00.324+0000] {dagbag.py:588} INFO - Filling up the DagBag from /home/airflow/.local/lib/python3.12/site-packages/airflow/example_dags/example_latest_only_with_trigger.py
[2025-03-24T08:32:00.333+0000] {processor.py:925} INFO - DAG(s) 'latest_only_with_trigger' retrieved from /home/airflow/.local/lib/python3.12/site-packages/airflow/example_dags/example_latest_only_with_trigger.py
[2025-03-24T08:32:00.356+0000] {logging_mixin.py:190} INFO - [2025-03-24T08:32:00.356+0000] {dag.py:3239} INFO - Sync 1 DAGs
[2025-03-24T08:32:00.382+0000] {logging_mixin.py:190} INFO - [2025-03-24T08:32:00.382+0000] {dag.py:4180} INFO - Setting next_dagrun for latest_only_with_trigger to 2025-03-24 04:00:00+00:00, run_after=2025-03-24 08:00:00+00:00
[2025-03-24T08:32:00.407+0000] {processor.py:208} INFO - Processing /home/airflow/.local/lib/python3.12/site-packages/airflow/example_dags/example_latest_only_with_trigger.py took 0.093 seconds
[2025-03-24T08:32:31.819+0000] {processor.py:186} INFO - Started process (PID=2849) to work on /home/airflow/.local/lib/python3.12/site-packages/airflow/example_dags/example_latest_only_with_trigger.py
[2025-03-24T08:32:31.820+0000] {processor.py:914} INFO - Processing file /home/airflow/.local/lib/python3.12/site-packages/airflow/example_dags/example_latest_only_with_trigger.py for tasks to queue
[2025-03-24T08:32:31.823+0000] {logging_mixin.py:190} INFO - [2025-03-24T08:32:31.822+0000] {dagbag.py:588} INFO - Filling up the DagBag from /home/airflow/.local/lib/python3.12/site-packages/airflow/example_dags/example_latest_only_with_trigger.py
[2025-03-24T08:32:31.831+0000] {processor.py:925} INFO - DAG(s) 'latest_only_with_trigger' retrieved from /home/airflow/.local/lib/python3.12/site-packages/airflow/example_dags/example_latest_only_with_trigger.py
[2025-03-24T08:32:31.853+0000] {logging_mixin.py:190} INFO - [2025-03-24T08:32:31.853+0000] {dag.py:3239} INFO - Sync 1 DAGs
[2025-03-24T08:32:31.880+0000] {logging_mixin.py:190} INFO - [2025-03-24T08:32:31.879+0000] {dag.py:4180} INFO - Setting next_dagrun for latest_only_with_trigger to 2025-03-24 04:00:00+00:00, run_after=2025-03-24 08:00:00+00:00
[2025-03-24T08:32:31.899+0000] {processor.py:208} INFO - Processing /home/airflow/.local/lib/python3.12/site-packages/airflow/example_dags/example_latest_only_with_trigger.py took 0.087 seconds
[2025-03-24T08:33:03.335+0000] {processor.py:186} INFO - Started process (PID=2913) to work on /home/airflow/.local/lib/python3.12/site-packages/airflow/example_dags/example_latest_only_with_trigger.py
[2025-03-24T08:33:03.336+0000] {processor.py:914} INFO - Processing file /home/airflow/.local/lib/python3.12/site-packages/airflow/example_dags/example_latest_only_with_trigger.py for tasks to queue
[2025-03-24T08:33:03.339+0000] {logging_mixin.py:190} INFO - [2025-03-24T08:33:03.338+0000] {dagbag.py:588} INFO - Filling up the DagBag from /home/airflow/.local/lib/python3.12/site-packages/airflow/example_dags/example_latest_only_with_trigger.py
[2025-03-24T08:33:03.348+0000] {processor.py:925} INFO - DAG(s) 'latest_only_with_trigger' retrieved from /home/airflow/.local/lib/python3.12/site-packages/airflow/example_dags/example_latest_only_with_trigger.py
[2025-03-24T08:33:03.374+0000] {logging_mixin.py:190} INFO - [2025-03-24T08:33:03.373+0000] {dag.py:3239} INFO - Sync 1 DAGs
[2025-03-24T08:33:03.401+0000] {logging_mixin.py:190} INFO - [2025-03-24T08:33:03.401+0000] {dag.py:4180} INFO - Setting next_dagrun for latest_only_with_trigger to 2025-03-24 04:00:00+00:00, run_after=2025-03-24 08:00:00+00:00
[2025-03-24T08:33:03.428+0000] {processor.py:208} INFO - Processing /home/airflow/.local/lib/python3.12/site-packages/airflow/example_dags/example_latest_only_with_trigger.py took 0.100 seconds
