[2025-03-24T08:10:11.298+0000] {processor.py:186} INFO - Started process (PID=94) to work on /home/airflow/.local/lib/python3.12/site-packages/airflow/example_dags/example_python_operator.py
[2025-03-24T08:10:11.299+0000] {processor.py:914} INFO - Processing file /home/airflow/.local/lib/python3.12/site-packages/airflow/example_dags/example_python_operator.py for tasks to queue
[2025-03-24T08:10:11.301+0000] {logging_mixin.py:190} INFO - [2025-03-24T08:10:11.301+0000] {dagbag.py:588} INFO - Filling up the DagBag from /home/airflow/.local/lib/python3.12/site-packages/airflow/example_dags/example_python_operator.py
[2025-03-24T08:10:11.320+0000] {processor.py:925} INFO - DAG(s) 'example_python_operator' retrieved from /home/airflow/.local/lib/python3.12/site-packages/airflow/example_dags/example_python_operator.py
[2025-03-24T08:10:11.445+0000] {logging_mixin.py:190} INFO - [2025-03-24T08:10:11.445+0000] {override.py:1912} INFO - Created Permission View: can read on DAG:example_python_operator
[2025-03-24T08:10:11.458+0000] {logging_mixin.py:190} INFO - [2025-03-24T08:10:11.458+0000] {override.py:1912} INFO - Created Permission View: can delete on DAG:example_python_operator
[2025-03-24T08:10:11.468+0000] {logging_mixin.py:190} INFO - [2025-03-24T08:10:11.467+0000] {override.py:1912} INFO - Created Permission View: can edit on DAG:example_python_operator
[2025-03-24T08:10:11.478+0000] {logging_mixin.py:190} INFO - [2025-03-24T08:10:11.478+0000] {override.py:1912} INFO - Created Permission View: can create on DAG Run:example_python_operator
[2025-03-24T08:10:11.487+0000] {logging_mixin.py:190} INFO - [2025-03-24T08:10:11.487+0000] {override.py:1912} INFO - Created Permission View: menu access on DAG Run:example_python_operator
[2025-03-24T08:10:11.496+0000] {logging_mixin.py:190} INFO - [2025-03-24T08:10:11.495+0000] {override.py:1912} INFO - Created Permission View: can read on DAG Run:example_python_operator
[2025-03-24T08:10:11.504+0000] {logging_mixin.py:190} INFO - [2025-03-24T08:10:11.504+0000] {override.py:1912} INFO - Created Permission View: can delete on DAG Run:example_python_operator
[2025-03-24T08:10:11.505+0000] {logging_mixin.py:190} INFO - [2025-03-24T08:10:11.505+0000] {dag.py:3239} INFO - Sync 1 DAGs
[2025-03-24T08:10:11.520+0000] {logging_mixin.py:190} INFO - [2025-03-24T08:10:11.520+0000] {dag.py:3262} INFO - Creating ORM DAG for example_python_operator
[2025-03-24T08:10:11.522+0000] {logging_mixin.py:190} INFO - [2025-03-24T08:10:11.521+0000] {dag.py:4180} INFO - Setting next_dagrun for example_python_operator to None, run_after=None
[2025-03-24T08:10:11.546+0000] {processor.py:208} INFO - Processing /home/airflow/.local/lib/python3.12/site-packages/airflow/example_dags/example_python_operator.py took 0.255 seconds
[2025-03-24T08:10:42.001+0000] {processor.py:186} INFO - Started process (PID=158) to work on /home/airflow/.local/lib/python3.12/site-packages/airflow/example_dags/example_python_operator.py
[2025-03-24T08:10:42.002+0000] {processor.py:914} INFO - Processing file /home/airflow/.local/lib/python3.12/site-packages/airflow/example_dags/example_python_operator.py for tasks to queue
[2025-03-24T08:10:42.005+0000] {logging_mixin.py:190} INFO - [2025-03-24T08:10:42.004+0000] {dagbag.py:588} INFO - Filling up the DagBag from /home/airflow/.local/lib/python3.12/site-packages/airflow/example_dags/example_python_operator.py
[2025-03-24T08:10:42.021+0000] {processor.py:925} INFO - DAG(s) 'example_python_operator' retrieved from /home/airflow/.local/lib/python3.12/site-packages/airflow/example_dags/example_python_operator.py
[2025-03-24T08:10:42.047+0000] {logging_mixin.py:190} INFO - [2025-03-24T08:10:42.047+0000] {dag.py:3239} INFO - Sync 1 DAGs
[2025-03-24T08:10:42.065+0000] {logging_mixin.py:190} INFO - [2025-03-24T08:10:42.065+0000] {dag.py:4180} INFO - Setting next_dagrun for example_python_operator to None, run_after=None
[2025-03-24T08:10:42.092+0000] {processor.py:208} INFO - Processing /home/airflow/.local/lib/python3.12/site-packages/airflow/example_dags/example_python_operator.py took 0.098 seconds
[2025-03-24T08:11:12.359+0000] {processor.py:186} INFO - Started process (PID=222) to work on /home/airflow/.local/lib/python3.12/site-packages/airflow/example_dags/example_python_operator.py
[2025-03-24T08:11:12.360+0000] {processor.py:914} INFO - Processing file /home/airflow/.local/lib/python3.12/site-packages/airflow/example_dags/example_python_operator.py for tasks to queue
[2025-03-24T08:11:12.363+0000] {logging_mixin.py:190} INFO - [2025-03-24T08:11:12.362+0000] {dagbag.py:588} INFO - Filling up the DagBag from /home/airflow/.local/lib/python3.12/site-packages/airflow/example_dags/example_python_operator.py
[2025-03-24T08:11:12.376+0000] {processor.py:925} INFO - DAG(s) 'example_python_operator' retrieved from /home/airflow/.local/lib/python3.12/site-packages/airflow/example_dags/example_python_operator.py
[2025-03-24T08:11:12.403+0000] {logging_mixin.py:190} INFO - [2025-03-24T08:11:12.402+0000] {dag.py:3239} INFO - Sync 1 DAGs
[2025-03-24T08:11:12.420+0000] {logging_mixin.py:190} INFO - [2025-03-24T08:11:12.419+0000] {dag.py:4180} INFO - Setting next_dagrun for example_python_operator to None, run_after=None
[2025-03-24T08:11:12.441+0000] {processor.py:208} INFO - Processing /home/airflow/.local/lib/python3.12/site-packages/airflow/example_dags/example_python_operator.py took 0.088 seconds
[2025-03-24T08:11:43.172+0000] {processor.py:186} INFO - Started process (PID=285) to work on /home/airflow/.local/lib/python3.12/site-packages/airflow/example_dags/example_python_operator.py
[2025-03-24T08:11:43.173+0000] {processor.py:914} INFO - Processing file /home/airflow/.local/lib/python3.12/site-packages/airflow/example_dags/example_python_operator.py for tasks to queue
[2025-03-24T08:11:43.176+0000] {logging_mixin.py:190} INFO - [2025-03-24T08:11:43.176+0000] {dagbag.py:588} INFO - Filling up the DagBag from /home/airflow/.local/lib/python3.12/site-packages/airflow/example_dags/example_python_operator.py
[2025-03-24T08:11:43.208+0000] {processor.py:925} INFO - DAG(s) 'example_python_operator' retrieved from /home/airflow/.local/lib/python3.12/site-packages/airflow/example_dags/example_python_operator.py
[2025-03-24T08:11:43.236+0000] {logging_mixin.py:190} INFO - [2025-03-24T08:11:43.235+0000] {dag.py:3239} INFO - Sync 1 DAGs
[2025-03-24T08:11:43.252+0000] {logging_mixin.py:190} INFO - [2025-03-24T08:11:43.252+0000] {dag.py:4180} INFO - Setting next_dagrun for example_python_operator to None, run_after=None
[2025-03-24T08:11:43.277+0000] {processor.py:208} INFO - Processing /home/airflow/.local/lib/python3.12/site-packages/airflow/example_dags/example_python_operator.py took 0.112 seconds
[2025-03-24T08:12:13.854+0000] {processor.py:186} INFO - Started process (PID=349) to work on /home/airflow/.local/lib/python3.12/site-packages/airflow/example_dags/example_python_operator.py
[2025-03-24T08:12:13.855+0000] {processor.py:914} INFO - Processing file /home/airflow/.local/lib/python3.12/site-packages/airflow/example_dags/example_python_operator.py for tasks to queue
[2025-03-24T08:12:13.857+0000] {logging_mixin.py:190} INFO - [2025-03-24T08:12:13.857+0000] {dagbag.py:588} INFO - Filling up the DagBag from /home/airflow/.local/lib/python3.12/site-packages/airflow/example_dags/example_python_operator.py
[2025-03-24T08:12:13.871+0000] {processor.py:925} INFO - DAG(s) 'example_python_operator' retrieved from /home/airflow/.local/lib/python3.12/site-packages/airflow/example_dags/example_python_operator.py
[2025-03-24T08:12:13.896+0000] {logging_mixin.py:190} INFO - [2025-03-24T08:12:13.896+0000] {dag.py:3239} INFO - Sync 1 DAGs
[2025-03-24T08:12:13.912+0000] {logging_mixin.py:190} INFO - [2025-03-24T08:12:13.912+0000] {dag.py:4180} INFO - Setting next_dagrun for example_python_operator to None, run_after=None
[2025-03-24T08:12:13.933+0000] {processor.py:208} INFO - Processing /home/airflow/.local/lib/python3.12/site-packages/airflow/example_dags/example_python_operator.py took 0.086 seconds
[2025-03-24T08:12:44.499+0000] {processor.py:186} INFO - Started process (PID=413) to work on /home/airflow/.local/lib/python3.12/site-packages/airflow/example_dags/example_python_operator.py
[2025-03-24T08:12:44.501+0000] {processor.py:914} INFO - Processing file /home/airflow/.local/lib/python3.12/site-packages/airflow/example_dags/example_python_operator.py for tasks to queue
[2025-03-24T08:12:44.503+0000] {logging_mixin.py:190} INFO - [2025-03-24T08:12:44.503+0000] {dagbag.py:588} INFO - Filling up the DagBag from /home/airflow/.local/lib/python3.12/site-packages/airflow/example_dags/example_python_operator.py
[2025-03-24T08:12:44.516+0000] {processor.py:925} INFO - DAG(s) 'example_python_operator' retrieved from /home/airflow/.local/lib/python3.12/site-packages/airflow/example_dags/example_python_operator.py
[2025-03-24T08:12:44.542+0000] {logging_mixin.py:190} INFO - [2025-03-24T08:12:44.541+0000] {dag.py:3239} INFO - Sync 1 DAGs
[2025-03-24T08:12:44.557+0000] {logging_mixin.py:190} INFO - [2025-03-24T08:12:44.557+0000] {dag.py:4180} INFO - Setting next_dagrun for example_python_operator to None, run_after=None
[2025-03-24T08:12:44.579+0000] {processor.py:208} INFO - Processing /home/airflow/.local/lib/python3.12/site-packages/airflow/example_dags/example_python_operator.py took 0.086 seconds
[2025-03-24T08:13:15.554+0000] {processor.py:186} INFO - Started process (PID=477) to work on /home/airflow/.local/lib/python3.12/site-packages/airflow/example_dags/example_python_operator.py
[2025-03-24T08:13:15.555+0000] {processor.py:914} INFO - Processing file /home/airflow/.local/lib/python3.12/site-packages/airflow/example_dags/example_python_operator.py for tasks to queue
[2025-03-24T08:13:15.557+0000] {logging_mixin.py:190} INFO - [2025-03-24T08:13:15.557+0000] {dagbag.py:588} INFO - Filling up the DagBag from /home/airflow/.local/lib/python3.12/site-packages/airflow/example_dags/example_python_operator.py
[2025-03-24T08:13:15.571+0000] {processor.py:925} INFO - DAG(s) 'example_python_operator' retrieved from /home/airflow/.local/lib/python3.12/site-packages/airflow/example_dags/example_python_operator.py
[2025-03-24T08:13:15.595+0000] {logging_mixin.py:190} INFO - [2025-03-24T08:13:15.595+0000] {dag.py:3239} INFO - Sync 1 DAGs
[2025-03-24T08:13:15.611+0000] {logging_mixin.py:190} INFO - [2025-03-24T08:13:15.611+0000] {dag.py:4180} INFO - Setting next_dagrun for example_python_operator to None, run_after=None
[2025-03-24T08:13:15.631+0000] {processor.py:208} INFO - Processing /home/airflow/.local/lib/python3.12/site-packages/airflow/example_dags/example_python_operator.py took 0.084 seconds
[2025-03-24T08:13:46.498+0000] {processor.py:186} INFO - Started process (PID=541) to work on /home/airflow/.local/lib/python3.12/site-packages/airflow/example_dags/example_python_operator.py
[2025-03-24T08:13:46.499+0000] {processor.py:914} INFO - Processing file /home/airflow/.local/lib/python3.12/site-packages/airflow/example_dags/example_python_operator.py for tasks to queue
[2025-03-24T08:13:46.502+0000] {logging_mixin.py:190} INFO - [2025-03-24T08:13:46.501+0000] {dagbag.py:588} INFO - Filling up the DagBag from /home/airflow/.local/lib/python3.12/site-packages/airflow/example_dags/example_python_operator.py
[2025-03-24T08:13:46.516+0000] {processor.py:925} INFO - DAG(s) 'example_python_operator' retrieved from /home/airflow/.local/lib/python3.12/site-packages/airflow/example_dags/example_python_operator.py
[2025-03-24T08:13:46.542+0000] {logging_mixin.py:190} INFO - [2025-03-24T08:13:46.542+0000] {dag.py:3239} INFO - Sync 1 DAGs
[2025-03-24T08:13:46.560+0000] {logging_mixin.py:190} INFO - [2025-03-24T08:13:46.560+0000] {dag.py:4180} INFO - Setting next_dagrun for example_python_operator to None, run_after=None
[2025-03-24T08:13:46.581+0000] {processor.py:208} INFO - Processing /home/airflow/.local/lib/python3.12/site-packages/airflow/example_dags/example_python_operator.py took 0.090 seconds
[2025-03-24T08:14:17.697+0000] {processor.py:186} INFO - Started process (PID=605) to work on /home/airflow/.local/lib/python3.12/site-packages/airflow/example_dags/example_python_operator.py
[2025-03-24T08:14:17.698+0000] {processor.py:914} INFO - Processing file /home/airflow/.local/lib/python3.12/site-packages/airflow/example_dags/example_python_operator.py for tasks to queue
[2025-03-24T08:14:17.701+0000] {logging_mixin.py:190} INFO - [2025-03-24T08:14:17.700+0000] {dagbag.py:588} INFO - Filling up the DagBag from /home/airflow/.local/lib/python3.12/site-packages/airflow/example_dags/example_python_operator.py
[2025-03-24T08:14:17.714+0000] {processor.py:925} INFO - DAG(s) 'example_python_operator' retrieved from /home/airflow/.local/lib/python3.12/site-packages/airflow/example_dags/example_python_operator.py
[2025-03-24T08:14:17.738+0000] {logging_mixin.py:190} INFO - [2025-03-24T08:14:17.737+0000] {dag.py:3239} INFO - Sync 1 DAGs
[2025-03-24T08:14:17.753+0000] {logging_mixin.py:190} INFO - [2025-03-24T08:14:17.753+0000] {dag.py:4180} INFO - Setting next_dagrun for example_python_operator to None, run_after=None
[2025-03-24T08:14:17.774+0000] {processor.py:208} INFO - Processing /home/airflow/.local/lib/python3.12/site-packages/airflow/example_dags/example_python_operator.py took 0.083 seconds
[2025-03-24T08:14:48.713+0000] {processor.py:186} INFO - Started process (PID=669) to work on /home/airflow/.local/lib/python3.12/site-packages/airflow/example_dags/example_python_operator.py
[2025-03-24T08:14:48.714+0000] {processor.py:914} INFO - Processing file /home/airflow/.local/lib/python3.12/site-packages/airflow/example_dags/example_python_operator.py for tasks to queue
[2025-03-24T08:14:48.717+0000] {logging_mixin.py:190} INFO - [2025-03-24T08:14:48.716+0000] {dagbag.py:588} INFO - Filling up the DagBag from /home/airflow/.local/lib/python3.12/site-packages/airflow/example_dags/example_python_operator.py
[2025-03-24T08:14:48.732+0000] {processor.py:925} INFO - DAG(s) 'example_python_operator' retrieved from /home/airflow/.local/lib/python3.12/site-packages/airflow/example_dags/example_python_operator.py
[2025-03-24T08:14:48.758+0000] {logging_mixin.py:190} INFO - [2025-03-24T08:14:48.758+0000] {dag.py:3239} INFO - Sync 1 DAGs
[2025-03-24T08:14:48.776+0000] {logging_mixin.py:190} INFO - [2025-03-24T08:14:48.775+0000] {dag.py:4180} INFO - Setting next_dagrun for example_python_operator to None, run_after=None
[2025-03-24T08:14:48.798+0000] {processor.py:208} INFO - Processing /home/airflow/.local/lib/python3.12/site-packages/airflow/example_dags/example_python_operator.py took 0.093 seconds
[2025-03-24T08:15:19.950+0000] {processor.py:186} INFO - Started process (PID=733) to work on /home/airflow/.local/lib/python3.12/site-packages/airflow/example_dags/example_python_operator.py
[2025-03-24T08:15:19.952+0000] {processor.py:914} INFO - Processing file /home/airflow/.local/lib/python3.12/site-packages/airflow/example_dags/example_python_operator.py for tasks to queue
[2025-03-24T08:15:19.954+0000] {logging_mixin.py:190} INFO - [2025-03-24T08:15:19.954+0000] {dagbag.py:588} INFO - Filling up the DagBag from /home/airflow/.local/lib/python3.12/site-packages/airflow/example_dags/example_python_operator.py
[2025-03-24T08:15:19.967+0000] {processor.py:925} INFO - DAG(s) 'example_python_operator' retrieved from /home/airflow/.local/lib/python3.12/site-packages/airflow/example_dags/example_python_operator.py
[2025-03-24T08:15:19.992+0000] {logging_mixin.py:190} INFO - [2025-03-24T08:15:19.991+0000] {dag.py:3239} INFO - Sync 1 DAGs
[2025-03-24T08:15:20.007+0000] {logging_mixin.py:190} INFO - [2025-03-24T08:15:20.007+0000] {dag.py:4180} INFO - Setting next_dagrun for example_python_operator to None, run_after=None
[2025-03-24T08:15:20.027+0000] {processor.py:208} INFO - Processing /home/airflow/.local/lib/python3.12/site-packages/airflow/example_dags/example_python_operator.py took 0.083 seconds
[2025-03-24T08:15:51.379+0000] {processor.py:186} INFO - Started process (PID=797) to work on /home/airflow/.local/lib/python3.12/site-packages/airflow/example_dags/example_python_operator.py
[2025-03-24T08:15:51.380+0000] {processor.py:914} INFO - Processing file /home/airflow/.local/lib/python3.12/site-packages/airflow/example_dags/example_python_operator.py for tasks to queue
[2025-03-24T08:15:51.383+0000] {logging_mixin.py:190} INFO - [2025-03-24T08:15:51.382+0000] {dagbag.py:588} INFO - Filling up the DagBag from /home/airflow/.local/lib/python3.12/site-packages/airflow/example_dags/example_python_operator.py
[2025-03-24T08:15:51.396+0000] {processor.py:925} INFO - DAG(s) 'example_python_operator' retrieved from /home/airflow/.local/lib/python3.12/site-packages/airflow/example_dags/example_python_operator.py
[2025-03-24T08:15:51.421+0000] {logging_mixin.py:190} INFO - [2025-03-24T08:15:51.421+0000] {dag.py:3239} INFO - Sync 1 DAGs
[2025-03-24T08:15:51.436+0000] {logging_mixin.py:190} INFO - [2025-03-24T08:15:51.436+0000] {dag.py:4180} INFO - Setting next_dagrun for example_python_operator to None, run_after=None
[2025-03-24T08:15:51.458+0000] {processor.py:208} INFO - Processing /home/airflow/.local/lib/python3.12/site-packages/airflow/example_dags/example_python_operator.py took 0.085 seconds
[2025-03-24T08:16:22.972+0000] {processor.py:186} INFO - Started process (PID=861) to work on /home/airflow/.local/lib/python3.12/site-packages/airflow/example_dags/example_python_operator.py
[2025-03-24T08:16:22.974+0000] {processor.py:914} INFO - Processing file /home/airflow/.local/lib/python3.12/site-packages/airflow/example_dags/example_python_operator.py for tasks to queue
[2025-03-24T08:16:22.976+0000] {logging_mixin.py:190} INFO - [2025-03-24T08:16:22.976+0000] {dagbag.py:588} INFO - Filling up the DagBag from /home/airflow/.local/lib/python3.12/site-packages/airflow/example_dags/example_python_operator.py
[2025-03-24T08:16:22.989+0000] {processor.py:925} INFO - DAG(s) 'example_python_operator' retrieved from /home/airflow/.local/lib/python3.12/site-packages/airflow/example_dags/example_python_operator.py
[2025-03-24T08:16:23.015+0000] {logging_mixin.py:190} INFO - [2025-03-24T08:16:23.014+0000] {dag.py:3239} INFO - Sync 1 DAGs
[2025-03-24T08:16:23.030+0000] {logging_mixin.py:190} INFO - [2025-03-24T08:16:23.030+0000] {dag.py:4180} INFO - Setting next_dagrun for example_python_operator to None, run_after=None
[2025-03-24T08:16:23.050+0000] {processor.py:208} INFO - Processing /home/airflow/.local/lib/python3.12/site-packages/airflow/example_dags/example_python_operator.py took 0.084 seconds
[2025-03-24T08:16:54.257+0000] {processor.py:186} INFO - Started process (PID=925) to work on /home/airflow/.local/lib/python3.12/site-packages/airflow/example_dags/example_python_operator.py
[2025-03-24T08:16:54.258+0000] {processor.py:914} INFO - Processing file /home/airflow/.local/lib/python3.12/site-packages/airflow/example_dags/example_python_operator.py for tasks to queue
[2025-03-24T08:16:54.261+0000] {logging_mixin.py:190} INFO - [2025-03-24T08:16:54.260+0000] {dagbag.py:588} INFO - Filling up the DagBag from /home/airflow/.local/lib/python3.12/site-packages/airflow/example_dags/example_python_operator.py
[2025-03-24T08:16:54.275+0000] {processor.py:925} INFO - DAG(s) 'example_python_operator' retrieved from /home/airflow/.local/lib/python3.12/site-packages/airflow/example_dags/example_python_operator.py
[2025-03-24T08:16:54.299+0000] {logging_mixin.py:190} INFO - [2025-03-24T08:16:54.299+0000] {dag.py:3239} INFO - Sync 1 DAGs
[2025-03-24T08:16:54.316+0000] {logging_mixin.py:190} INFO - [2025-03-24T08:16:54.316+0000] {dag.py:4180} INFO - Setting next_dagrun for example_python_operator to None, run_after=None
[2025-03-24T08:16:54.337+0000] {processor.py:208} INFO - Processing /home/airflow/.local/lib/python3.12/site-packages/airflow/example_dags/example_python_operator.py took 0.086 seconds
[2025-03-24T08:17:25.235+0000] {processor.py:186} INFO - Started process (PID=989) to work on /home/airflow/.local/lib/python3.12/site-packages/airflow/example_dags/example_python_operator.py
[2025-03-24T08:17:25.236+0000] {processor.py:914} INFO - Processing file /home/airflow/.local/lib/python3.12/site-packages/airflow/example_dags/example_python_operator.py for tasks to queue
[2025-03-24T08:17:25.239+0000] {logging_mixin.py:190} INFO - [2025-03-24T08:17:25.239+0000] {dagbag.py:588} INFO - Filling up the DagBag from /home/airflow/.local/lib/python3.12/site-packages/airflow/example_dags/example_python_operator.py
[2025-03-24T08:17:25.253+0000] {processor.py:925} INFO - DAG(s) 'example_python_operator' retrieved from /home/airflow/.local/lib/python3.12/site-packages/airflow/example_dags/example_python_operator.py
[2025-03-24T08:17:25.279+0000] {logging_mixin.py:190} INFO - [2025-03-24T08:17:25.279+0000] {dag.py:3239} INFO - Sync 1 DAGs
[2025-03-24T08:17:25.296+0000] {logging_mixin.py:190} INFO - [2025-03-24T08:17:25.296+0000] {dag.py:4180} INFO - Setting next_dagrun for example_python_operator to None, run_after=None
[2025-03-24T08:17:25.324+0000] {processor.py:208} INFO - Processing /home/airflow/.local/lib/python3.12/site-packages/airflow/example_dags/example_python_operator.py took 0.095 seconds
[2025-03-24T08:17:56.350+0000] {processor.py:186} INFO - Started process (PID=1053) to work on /home/airflow/.local/lib/python3.12/site-packages/airflow/example_dags/example_python_operator.py
[2025-03-24T08:17:56.352+0000] {processor.py:914} INFO - Processing file /home/airflow/.local/lib/python3.12/site-packages/airflow/example_dags/example_python_operator.py for tasks to queue
[2025-03-24T08:17:56.354+0000] {logging_mixin.py:190} INFO - [2025-03-24T08:17:56.354+0000] {dagbag.py:588} INFO - Filling up the DagBag from /home/airflow/.local/lib/python3.12/site-packages/airflow/example_dags/example_python_operator.py
[2025-03-24T08:17:56.369+0000] {processor.py:925} INFO - DAG(s) 'example_python_operator' retrieved from /home/airflow/.local/lib/python3.12/site-packages/airflow/example_dags/example_python_operator.py
[2025-03-24T08:17:56.394+0000] {logging_mixin.py:190} INFO - [2025-03-24T08:17:56.393+0000] {dag.py:3239} INFO - Sync 1 DAGs
[2025-03-24T08:17:56.411+0000] {logging_mixin.py:190} INFO - [2025-03-24T08:17:56.411+0000] {dag.py:4180} INFO - Setting next_dagrun for example_python_operator to None, run_after=None
[2025-03-24T08:17:56.436+0000] {processor.py:208} INFO - Processing /home/airflow/.local/lib/python3.12/site-packages/airflow/example_dags/example_python_operator.py took 0.093 seconds
[2025-03-24T08:18:27.253+0000] {processor.py:186} INFO - Started process (PID=1117) to work on /home/airflow/.local/lib/python3.12/site-packages/airflow/example_dags/example_python_operator.py
[2025-03-24T08:18:27.254+0000] {processor.py:914} INFO - Processing file /home/airflow/.local/lib/python3.12/site-packages/airflow/example_dags/example_python_operator.py for tasks to queue
[2025-03-24T08:18:27.257+0000] {logging_mixin.py:190} INFO - [2025-03-24T08:18:27.256+0000] {dagbag.py:588} INFO - Filling up the DagBag from /home/airflow/.local/lib/python3.12/site-packages/airflow/example_dags/example_python_operator.py
[2025-03-24T08:18:27.271+0000] {processor.py:925} INFO - DAG(s) 'example_python_operator' retrieved from /home/airflow/.local/lib/python3.12/site-packages/airflow/example_dags/example_python_operator.py
[2025-03-24T08:18:27.299+0000] {logging_mixin.py:190} INFO - [2025-03-24T08:18:27.298+0000] {dag.py:3239} INFO - Sync 1 DAGs
[2025-03-24T08:18:27.316+0000] {logging_mixin.py:190} INFO - [2025-03-24T08:18:27.315+0000] {dag.py:4180} INFO - Setting next_dagrun for example_python_operator to None, run_after=None
[2025-03-24T08:18:27.341+0000] {processor.py:208} INFO - Processing /home/airflow/.local/lib/python3.12/site-packages/airflow/example_dags/example_python_operator.py took 0.095 seconds
[2025-03-24T08:18:58.764+0000] {processor.py:186} INFO - Started process (PID=1181) to work on /home/airflow/.local/lib/python3.12/site-packages/airflow/example_dags/example_python_operator.py
[2025-03-24T08:18:58.766+0000] {processor.py:914} INFO - Processing file /home/airflow/.local/lib/python3.12/site-packages/airflow/example_dags/example_python_operator.py for tasks to queue
[2025-03-24T08:18:58.768+0000] {logging_mixin.py:190} INFO - [2025-03-24T08:18:58.768+0000] {dagbag.py:588} INFO - Filling up the DagBag from /home/airflow/.local/lib/python3.12/site-packages/airflow/example_dags/example_python_operator.py
[2025-03-24T08:18:58.782+0000] {processor.py:925} INFO - DAG(s) 'example_python_operator' retrieved from /home/airflow/.local/lib/python3.12/site-packages/airflow/example_dags/example_python_operator.py
[2025-03-24T08:18:58.806+0000] {logging_mixin.py:190} INFO - [2025-03-24T08:18:58.806+0000] {dag.py:3239} INFO - Sync 1 DAGs
[2025-03-24T08:18:58.822+0000] {logging_mixin.py:190} INFO - [2025-03-24T08:18:58.822+0000] {dag.py:4180} INFO - Setting next_dagrun for example_python_operator to None, run_after=None
[2025-03-24T08:18:58.845+0000] {processor.py:208} INFO - Processing /home/airflow/.local/lib/python3.12/site-packages/airflow/example_dags/example_python_operator.py took 0.088 seconds
[2025-03-24T08:19:30.024+0000] {processor.py:186} INFO - Started process (PID=1245) to work on /home/airflow/.local/lib/python3.12/site-packages/airflow/example_dags/example_python_operator.py
[2025-03-24T08:19:30.025+0000] {processor.py:914} INFO - Processing file /home/airflow/.local/lib/python3.12/site-packages/airflow/example_dags/example_python_operator.py for tasks to queue
[2025-03-24T08:19:30.028+0000] {logging_mixin.py:190} INFO - [2025-03-24T08:19:30.028+0000] {dagbag.py:588} INFO - Filling up the DagBag from /home/airflow/.local/lib/python3.12/site-packages/airflow/example_dags/example_python_operator.py
[2025-03-24T08:19:30.043+0000] {processor.py:925} INFO - DAG(s) 'example_python_operator' retrieved from /home/airflow/.local/lib/python3.12/site-packages/airflow/example_dags/example_python_operator.py
[2025-03-24T08:19:30.069+0000] {logging_mixin.py:190} INFO - [2025-03-24T08:19:30.069+0000] {dag.py:3239} INFO - Sync 1 DAGs
[2025-03-24T08:19:30.087+0000] {logging_mixin.py:190} INFO - [2025-03-24T08:19:30.087+0000] {dag.py:4180} INFO - Setting next_dagrun for example_python_operator to None, run_after=None
[2025-03-24T08:19:30.112+0000] {processor.py:208} INFO - Processing /home/airflow/.local/lib/python3.12/site-packages/airflow/example_dags/example_python_operator.py took 0.094 seconds
[2025-03-24T08:20:01.327+0000] {processor.py:186} INFO - Started process (PID=1309) to work on /home/airflow/.local/lib/python3.12/site-packages/airflow/example_dags/example_python_operator.py
[2025-03-24T08:20:01.328+0000] {processor.py:914} INFO - Processing file /home/airflow/.local/lib/python3.12/site-packages/airflow/example_dags/example_python_operator.py for tasks to queue
[2025-03-24T08:20:01.331+0000] {logging_mixin.py:190} INFO - [2025-03-24T08:20:01.331+0000] {dagbag.py:588} INFO - Filling up the DagBag from /home/airflow/.local/lib/python3.12/site-packages/airflow/example_dags/example_python_operator.py
[2025-03-24T08:20:01.345+0000] {processor.py:925} INFO - DAG(s) 'example_python_operator' retrieved from /home/airflow/.local/lib/python3.12/site-packages/airflow/example_dags/example_python_operator.py
[2025-03-24T08:20:01.372+0000] {logging_mixin.py:190} INFO - [2025-03-24T08:20:01.372+0000] {dag.py:3239} INFO - Sync 1 DAGs
[2025-03-24T08:20:01.388+0000] {logging_mixin.py:190} INFO - [2025-03-24T08:20:01.388+0000] {dag.py:4180} INFO - Setting next_dagrun for example_python_operator to None, run_after=None
[2025-03-24T08:20:01.413+0000] {processor.py:208} INFO - Processing /home/airflow/.local/lib/python3.12/site-packages/airflow/example_dags/example_python_operator.py took 0.093 seconds
[2025-03-24T08:20:32.426+0000] {processor.py:186} INFO - Started process (PID=1373) to work on /home/airflow/.local/lib/python3.12/site-packages/airflow/example_dags/example_python_operator.py
[2025-03-24T08:20:32.427+0000] {processor.py:914} INFO - Processing file /home/airflow/.local/lib/python3.12/site-packages/airflow/example_dags/example_python_operator.py for tasks to queue
[2025-03-24T08:20:32.429+0000] {logging_mixin.py:190} INFO - [2025-03-24T08:20:32.429+0000] {dagbag.py:588} INFO - Filling up the DagBag from /home/airflow/.local/lib/python3.12/site-packages/airflow/example_dags/example_python_operator.py
[2025-03-24T08:20:32.445+0000] {processor.py:925} INFO - DAG(s) 'example_python_operator' retrieved from /home/airflow/.local/lib/python3.12/site-packages/airflow/example_dags/example_python_operator.py
[2025-03-24T08:20:32.471+0000] {logging_mixin.py:190} INFO - [2025-03-24T08:20:32.470+0000] {dag.py:3239} INFO - Sync 1 DAGs
[2025-03-24T08:20:32.489+0000] {logging_mixin.py:190} INFO - [2025-03-24T08:20:32.488+0000] {dag.py:4180} INFO - Setting next_dagrun for example_python_operator to None, run_after=None
[2025-03-24T08:20:32.510+0000] {processor.py:208} INFO - Processing /home/airflow/.local/lib/python3.12/site-packages/airflow/example_dags/example_python_operator.py took 0.091 seconds
[2025-03-24T08:21:03.259+0000] {processor.py:186} INFO - Started process (PID=1437) to work on /home/airflow/.local/lib/python3.12/site-packages/airflow/example_dags/example_python_operator.py
[2025-03-24T08:21:03.260+0000] {processor.py:914} INFO - Processing file /home/airflow/.local/lib/python3.12/site-packages/airflow/example_dags/example_python_operator.py for tasks to queue
[2025-03-24T08:21:03.264+0000] {logging_mixin.py:190} INFO - [2025-03-24T08:21:03.264+0000] {dagbag.py:588} INFO - Filling up the DagBag from /home/airflow/.local/lib/python3.12/site-packages/airflow/example_dags/example_python_operator.py
[2025-03-24T08:21:03.278+0000] {processor.py:925} INFO - DAG(s) 'example_python_operator' retrieved from /home/airflow/.local/lib/python3.12/site-packages/airflow/example_dags/example_python_operator.py
[2025-03-24T08:21:03.303+0000] {logging_mixin.py:190} INFO - [2025-03-24T08:21:03.302+0000] {dag.py:3239} INFO - Sync 1 DAGs
[2025-03-24T08:21:03.319+0000] {logging_mixin.py:190} INFO - [2025-03-24T08:21:03.318+0000] {dag.py:4180} INFO - Setting next_dagrun for example_python_operator to None, run_after=None
[2025-03-24T08:21:03.342+0000] {processor.py:208} INFO - Processing /home/airflow/.local/lib/python3.12/site-packages/airflow/example_dags/example_python_operator.py took 0.089 seconds
[2025-03-24T08:21:34.751+0000] {processor.py:186} INFO - Started process (PID=1507) to work on /home/airflow/.local/lib/python3.12/site-packages/airflow/example_dags/example_python_operator.py
[2025-03-24T08:21:34.752+0000] {processor.py:914} INFO - Processing file /home/airflow/.local/lib/python3.12/site-packages/airflow/example_dags/example_python_operator.py for tasks to queue
[2025-03-24T08:21:34.755+0000] {logging_mixin.py:190} INFO - [2025-03-24T08:21:34.754+0000] {dagbag.py:588} INFO - Filling up the DagBag from /home/airflow/.local/lib/python3.12/site-packages/airflow/example_dags/example_python_operator.py
[2025-03-24T08:21:34.769+0000] {processor.py:925} INFO - DAG(s) 'example_python_operator' retrieved from /home/airflow/.local/lib/python3.12/site-packages/airflow/example_dags/example_python_operator.py
[2025-03-24T08:21:34.796+0000] {logging_mixin.py:190} INFO - [2025-03-24T08:21:34.796+0000] {dag.py:3239} INFO - Sync 1 DAGs
[2025-03-24T08:21:34.822+0000] {logging_mixin.py:190} INFO - [2025-03-24T08:21:34.822+0000] {dag.py:4180} INFO - Setting next_dagrun for example_python_operator to None, run_after=None
[2025-03-24T08:21:34.846+0000] {processor.py:208} INFO - Processing /home/airflow/.local/lib/python3.12/site-packages/airflow/example_dags/example_python_operator.py took 0.102 seconds
[2025-03-24T08:22:06.483+0000] {processor.py:186} INFO - Started process (PID=1571) to work on /home/airflow/.local/lib/python3.12/site-packages/airflow/example_dags/example_python_operator.py
[2025-03-24T08:22:06.484+0000] {processor.py:914} INFO - Processing file /home/airflow/.local/lib/python3.12/site-packages/airflow/example_dags/example_python_operator.py for tasks to queue
[2025-03-24T08:22:06.487+0000] {logging_mixin.py:190} INFO - [2025-03-24T08:22:06.486+0000] {dagbag.py:588} INFO - Filling up the DagBag from /home/airflow/.local/lib/python3.12/site-packages/airflow/example_dags/example_python_operator.py
[2025-03-24T08:22:06.500+0000] {processor.py:925} INFO - DAG(s) 'example_python_operator' retrieved from /home/airflow/.local/lib/python3.12/site-packages/airflow/example_dags/example_python_operator.py
[2025-03-24T08:22:06.526+0000] {logging_mixin.py:190} INFO - [2025-03-24T08:22:06.526+0000] {dag.py:3239} INFO - Sync 1 DAGs
[2025-03-24T08:22:06.543+0000] {logging_mixin.py:190} INFO - [2025-03-24T08:22:06.543+0000] {dag.py:4180} INFO - Setting next_dagrun for example_python_operator to None, run_after=None
[2025-03-24T08:22:06.565+0000] {processor.py:208} INFO - Processing /home/airflow/.local/lib/python3.12/site-packages/airflow/example_dags/example_python_operator.py took 0.088 seconds
[2025-03-24T08:22:37.904+0000] {processor.py:186} INFO - Started process (PID=1635) to work on /home/airflow/.local/lib/python3.12/site-packages/airflow/example_dags/example_python_operator.py
[2025-03-24T08:22:37.905+0000] {processor.py:914} INFO - Processing file /home/airflow/.local/lib/python3.12/site-packages/airflow/example_dags/example_python_operator.py for tasks to queue
[2025-03-24T08:22:37.908+0000] {logging_mixin.py:190} INFO - [2025-03-24T08:22:37.907+0000] {dagbag.py:588} INFO - Filling up the DagBag from /home/airflow/.local/lib/python3.12/site-packages/airflow/example_dags/example_python_operator.py
[2025-03-24T08:22:37.921+0000] {processor.py:925} INFO - DAG(s) 'example_python_operator' retrieved from /home/airflow/.local/lib/python3.12/site-packages/airflow/example_dags/example_python_operator.py
[2025-03-24T08:22:37.947+0000] {logging_mixin.py:190} INFO - [2025-03-24T08:22:37.947+0000] {dag.py:3239} INFO - Sync 1 DAGs
[2025-03-24T08:22:37.965+0000] {logging_mixin.py:190} INFO - [2025-03-24T08:22:37.965+0000] {dag.py:4180} INFO - Setting next_dagrun for example_python_operator to None, run_after=None
[2025-03-24T08:22:37.988+0000] {processor.py:208} INFO - Processing /home/airflow/.local/lib/python3.12/site-packages/airflow/example_dags/example_python_operator.py took 0.091 seconds
[2025-03-24T08:23:09.141+0000] {processor.py:186} INFO - Started process (PID=1699) to work on /home/airflow/.local/lib/python3.12/site-packages/airflow/example_dags/example_python_operator.py
[2025-03-24T08:23:09.146+0000] {processor.py:914} INFO - Processing file /home/airflow/.local/lib/python3.12/site-packages/airflow/example_dags/example_python_operator.py for tasks to queue
[2025-03-24T08:23:09.148+0000] {logging_mixin.py:190} INFO - [2025-03-24T08:23:09.148+0000] {dagbag.py:588} INFO - Filling up the DagBag from /home/airflow/.local/lib/python3.12/site-packages/airflow/example_dags/example_python_operator.py
[2025-03-24T08:23:09.162+0000] {processor.py:925} INFO - DAG(s) 'example_python_operator' retrieved from /home/airflow/.local/lib/python3.12/site-packages/airflow/example_dags/example_python_operator.py
[2025-03-24T08:23:09.186+0000] {logging_mixin.py:190} INFO - [2025-03-24T08:23:09.186+0000] {dag.py:3239} INFO - Sync 1 DAGs
[2025-03-24T08:23:09.203+0000] {logging_mixin.py:190} INFO - [2025-03-24T08:23:09.202+0000] {dag.py:4180} INFO - Setting next_dagrun for example_python_operator to None, run_after=None
[2025-03-24T08:23:09.224+0000] {processor.py:208} INFO - Processing /home/airflow/.local/lib/python3.12/site-packages/airflow/example_dags/example_python_operator.py took 0.090 seconds
[2025-03-24T08:23:40.452+0000] {processor.py:186} INFO - Started process (PID=1763) to work on /home/airflow/.local/lib/python3.12/site-packages/airflow/example_dags/example_python_operator.py
[2025-03-24T08:23:40.453+0000] {processor.py:914} INFO - Processing file /home/airflow/.local/lib/python3.12/site-packages/airflow/example_dags/example_python_operator.py for tasks to queue
[2025-03-24T08:23:40.456+0000] {logging_mixin.py:190} INFO - [2025-03-24T08:23:40.456+0000] {dagbag.py:588} INFO - Filling up the DagBag from /home/airflow/.local/lib/python3.12/site-packages/airflow/example_dags/example_python_operator.py
[2025-03-24T08:23:40.470+0000] {processor.py:925} INFO - DAG(s) 'example_python_operator' retrieved from /home/airflow/.local/lib/python3.12/site-packages/airflow/example_dags/example_python_operator.py
[2025-03-24T08:23:40.494+0000] {logging_mixin.py:190} INFO - [2025-03-24T08:23:40.494+0000] {dag.py:3239} INFO - Sync 1 DAGs
[2025-03-24T08:23:40.512+0000] {logging_mixin.py:190} INFO - [2025-03-24T08:23:40.512+0000] {dag.py:4180} INFO - Setting next_dagrun for example_python_operator to None, run_after=None
[2025-03-24T08:23:40.532+0000] {processor.py:208} INFO - Processing /home/airflow/.local/lib/python3.12/site-packages/airflow/example_dags/example_python_operator.py took 0.086 seconds
[2025-03-24T08:24:11.749+0000] {processor.py:186} INFO - Started process (PID=1827) to work on /home/airflow/.local/lib/python3.12/site-packages/airflow/example_dags/example_python_operator.py
[2025-03-24T08:24:11.750+0000] {processor.py:914} INFO - Processing file /home/airflow/.local/lib/python3.12/site-packages/airflow/example_dags/example_python_operator.py for tasks to queue
[2025-03-24T08:24:11.753+0000] {logging_mixin.py:190} INFO - [2025-03-24T08:24:11.752+0000] {dagbag.py:588} INFO - Filling up the DagBag from /home/airflow/.local/lib/python3.12/site-packages/airflow/example_dags/example_python_operator.py
[2025-03-24T08:24:11.767+0000] {processor.py:925} INFO - DAG(s) 'example_python_operator' retrieved from /home/airflow/.local/lib/python3.12/site-packages/airflow/example_dags/example_python_operator.py
[2025-03-24T08:24:11.792+0000] {logging_mixin.py:190} INFO - [2025-03-24T08:24:11.792+0000] {dag.py:3239} INFO - Sync 1 DAGs
[2025-03-24T08:24:11.808+0000] {logging_mixin.py:190} INFO - [2025-03-24T08:24:11.808+0000] {dag.py:4180} INFO - Setting next_dagrun for example_python_operator to None, run_after=None
[2025-03-24T08:24:11.830+0000] {processor.py:208} INFO - Processing /home/airflow/.local/lib/python3.12/site-packages/airflow/example_dags/example_python_operator.py took 0.089 seconds
[2025-03-24T08:24:43.128+0000] {processor.py:186} INFO - Started process (PID=1891) to work on /home/airflow/.local/lib/python3.12/site-packages/airflow/example_dags/example_python_operator.py
[2025-03-24T08:24:43.129+0000] {processor.py:914} INFO - Processing file /home/airflow/.local/lib/python3.12/site-packages/airflow/example_dags/example_python_operator.py for tasks to queue
[2025-03-24T08:24:43.131+0000] {logging_mixin.py:190} INFO - [2025-03-24T08:24:43.131+0000] {dagbag.py:588} INFO - Filling up the DagBag from /home/airflow/.local/lib/python3.12/site-packages/airflow/example_dags/example_python_operator.py
[2025-03-24T08:24:43.144+0000] {processor.py:925} INFO - DAG(s) 'example_python_operator' retrieved from /home/airflow/.local/lib/python3.12/site-packages/airflow/example_dags/example_python_operator.py
[2025-03-24T08:24:43.169+0000] {logging_mixin.py:190} INFO - [2025-03-24T08:24:43.169+0000] {dag.py:3239} INFO - Sync 1 DAGs
[2025-03-24T08:24:43.185+0000] {logging_mixin.py:190} INFO - [2025-03-24T08:24:43.185+0000] {dag.py:4180} INFO - Setting next_dagrun for example_python_operator to None, run_after=None
[2025-03-24T08:24:43.206+0000] {processor.py:208} INFO - Processing /home/airflow/.local/lib/python3.12/site-packages/airflow/example_dags/example_python_operator.py took 0.085 seconds
[2025-03-24T08:25:14.314+0000] {processor.py:186} INFO - Started process (PID=1955) to work on /home/airflow/.local/lib/python3.12/site-packages/airflow/example_dags/example_python_operator.py
[2025-03-24T08:25:14.315+0000] {processor.py:914} INFO - Processing file /home/airflow/.local/lib/python3.12/site-packages/airflow/example_dags/example_python_operator.py for tasks to queue
[2025-03-24T08:25:14.317+0000] {logging_mixin.py:190} INFO - [2025-03-24T08:25:14.317+0000] {dagbag.py:588} INFO - Filling up the DagBag from /home/airflow/.local/lib/python3.12/site-packages/airflow/example_dags/example_python_operator.py
[2025-03-24T08:25:14.330+0000] {processor.py:925} INFO - DAG(s) 'example_python_operator' retrieved from /home/airflow/.local/lib/python3.12/site-packages/airflow/example_dags/example_python_operator.py
[2025-03-24T08:25:14.354+0000] {logging_mixin.py:190} INFO - [2025-03-24T08:25:14.354+0000] {dag.py:3239} INFO - Sync 1 DAGs
[2025-03-24T08:25:14.370+0000] {logging_mixin.py:190} INFO - [2025-03-24T08:25:14.370+0000] {dag.py:4180} INFO - Setting next_dagrun for example_python_operator to None, run_after=None
[2025-03-24T08:25:14.390+0000] {processor.py:208} INFO - Processing /home/airflow/.local/lib/python3.12/site-packages/airflow/example_dags/example_python_operator.py took 0.083 seconds
[2025-03-24T08:25:45.564+0000] {processor.py:186} INFO - Started process (PID=2019) to work on /home/airflow/.local/lib/python3.12/site-packages/airflow/example_dags/example_python_operator.py
[2025-03-24T08:25:45.566+0000] {processor.py:914} INFO - Processing file /home/airflow/.local/lib/python3.12/site-packages/airflow/example_dags/example_python_operator.py for tasks to queue
[2025-03-24T08:25:45.568+0000] {logging_mixin.py:190} INFO - [2025-03-24T08:25:45.568+0000] {dagbag.py:588} INFO - Filling up the DagBag from /home/airflow/.local/lib/python3.12/site-packages/airflow/example_dags/example_python_operator.py
[2025-03-24T08:25:45.581+0000] {processor.py:925} INFO - DAG(s) 'example_python_operator' retrieved from /home/airflow/.local/lib/python3.12/site-packages/airflow/example_dags/example_python_operator.py
[2025-03-24T08:25:45.608+0000] {logging_mixin.py:190} INFO - [2025-03-24T08:25:45.608+0000] {dag.py:3239} INFO - Sync 1 DAGs
[2025-03-24T08:25:45.627+0000] {logging_mixin.py:190} INFO - [2025-03-24T08:25:45.627+0000] {dag.py:4180} INFO - Setting next_dagrun for example_python_operator to None, run_after=None
[2025-03-24T08:25:45.648+0000] {processor.py:208} INFO - Processing /home/airflow/.local/lib/python3.12/site-packages/airflow/example_dags/example_python_operator.py took 0.091 seconds
[2025-03-24T08:26:17.010+0000] {processor.py:186} INFO - Started process (PID=2083) to work on /home/airflow/.local/lib/python3.12/site-packages/airflow/example_dags/example_python_operator.py
[2025-03-24T08:26:17.011+0000] {processor.py:914} INFO - Processing file /home/airflow/.local/lib/python3.12/site-packages/airflow/example_dags/example_python_operator.py for tasks to queue
[2025-03-24T08:26:17.014+0000] {logging_mixin.py:190} INFO - [2025-03-24T08:26:17.013+0000] {dagbag.py:588} INFO - Filling up the DagBag from /home/airflow/.local/lib/python3.12/site-packages/airflow/example_dags/example_python_operator.py
[2025-03-24T08:26:17.028+0000] {processor.py:925} INFO - DAG(s) 'example_python_operator' retrieved from /home/airflow/.local/lib/python3.12/site-packages/airflow/example_dags/example_python_operator.py
[2025-03-24T08:26:17.054+0000] {logging_mixin.py:190} INFO - [2025-03-24T08:26:17.054+0000] {dag.py:3239} INFO - Sync 1 DAGs
[2025-03-24T08:26:17.072+0000] {logging_mixin.py:190} INFO - [2025-03-24T08:26:17.071+0000] {dag.py:4180} INFO - Setting next_dagrun for example_python_operator to None, run_after=None
[2025-03-24T08:26:17.093+0000] {processor.py:208} INFO - Processing /home/airflow/.local/lib/python3.12/site-packages/airflow/example_dags/example_python_operator.py took 0.090 seconds
[2025-03-24T08:26:48.272+0000] {processor.py:186} INFO - Started process (PID=2147) to work on /home/airflow/.local/lib/python3.12/site-packages/airflow/example_dags/example_python_operator.py
[2025-03-24T08:26:48.273+0000] {processor.py:914} INFO - Processing file /home/airflow/.local/lib/python3.12/site-packages/airflow/example_dags/example_python_operator.py for tasks to queue
[2025-03-24T08:26:48.276+0000] {logging_mixin.py:190} INFO - [2025-03-24T08:26:48.275+0000] {dagbag.py:588} INFO - Filling up the DagBag from /home/airflow/.local/lib/python3.12/site-packages/airflow/example_dags/example_python_operator.py
[2025-03-24T08:26:48.289+0000] {processor.py:925} INFO - DAG(s) 'example_python_operator' retrieved from /home/airflow/.local/lib/python3.12/site-packages/airflow/example_dags/example_python_operator.py
[2025-03-24T08:26:48.315+0000] {logging_mixin.py:190} INFO - [2025-03-24T08:26:48.315+0000] {dag.py:3239} INFO - Sync 1 DAGs
[2025-03-24T08:26:48.332+0000] {logging_mixin.py:190} INFO - [2025-03-24T08:26:48.332+0000] {dag.py:4180} INFO - Setting next_dagrun for example_python_operator to None, run_after=None
[2025-03-24T08:26:48.352+0000] {processor.py:208} INFO - Processing /home/airflow/.local/lib/python3.12/site-packages/airflow/example_dags/example_python_operator.py took 0.087 seconds
[2025-03-24T08:27:19.482+0000] {processor.py:186} INFO - Started process (PID=2211) to work on /home/airflow/.local/lib/python3.12/site-packages/airflow/example_dags/example_python_operator.py
[2025-03-24T08:27:19.483+0000] {processor.py:914} INFO - Processing file /home/airflow/.local/lib/python3.12/site-packages/airflow/example_dags/example_python_operator.py for tasks to queue
[2025-03-24T08:27:19.485+0000] {logging_mixin.py:190} INFO - [2025-03-24T08:27:19.485+0000] {dagbag.py:588} INFO - Filling up the DagBag from /home/airflow/.local/lib/python3.12/site-packages/airflow/example_dags/example_python_operator.py
[2025-03-24T08:27:19.498+0000] {processor.py:925} INFO - DAG(s) 'example_python_operator' retrieved from /home/airflow/.local/lib/python3.12/site-packages/airflow/example_dags/example_python_operator.py
[2025-03-24T08:27:19.522+0000] {logging_mixin.py:190} INFO - [2025-03-24T08:27:19.522+0000] {dag.py:3239} INFO - Sync 1 DAGs
[2025-03-24T08:27:19.537+0000] {logging_mixin.py:190} INFO - [2025-03-24T08:27:19.537+0000] {dag.py:4180} INFO - Setting next_dagrun for example_python_operator to None, run_after=None
[2025-03-24T08:27:19.559+0000] {processor.py:208} INFO - Processing /home/airflow/.local/lib/python3.12/site-packages/airflow/example_dags/example_python_operator.py took 0.084 seconds
[2025-03-24T08:27:51.045+0000] {processor.py:186} INFO - Started process (PID=2275) to work on /home/airflow/.local/lib/python3.12/site-packages/airflow/example_dags/example_python_operator.py
[2025-03-24T08:27:51.046+0000] {processor.py:914} INFO - Processing file /home/airflow/.local/lib/python3.12/site-packages/airflow/example_dags/example_python_operator.py for tasks to queue
[2025-03-24T08:27:51.048+0000] {logging_mixin.py:190} INFO - [2025-03-24T08:27:51.048+0000] {dagbag.py:588} INFO - Filling up the DagBag from /home/airflow/.local/lib/python3.12/site-packages/airflow/example_dags/example_python_operator.py
[2025-03-24T08:27:51.063+0000] {processor.py:925} INFO - DAG(s) 'example_python_operator' retrieved from /home/airflow/.local/lib/python3.12/site-packages/airflow/example_dags/example_python_operator.py
[2025-03-24T08:27:51.088+0000] {logging_mixin.py:190} INFO - [2025-03-24T08:27:51.088+0000] {dag.py:3239} INFO - Sync 1 DAGs
[2025-03-24T08:27:51.104+0000] {logging_mixin.py:190} INFO - [2025-03-24T08:27:51.104+0000] {dag.py:4180} INFO - Setting next_dagrun for example_python_operator to None, run_after=None
[2025-03-24T08:27:51.129+0000] {processor.py:208} INFO - Processing /home/airflow/.local/lib/python3.12/site-packages/airflow/example_dags/example_python_operator.py took 0.091 seconds
[2025-03-24T08:28:22.165+0000] {processor.py:186} INFO - Started process (PID=2339) to work on /home/airflow/.local/lib/python3.12/site-packages/airflow/example_dags/example_python_operator.py
[2025-03-24T08:28:22.166+0000] {processor.py:914} INFO - Processing file /home/airflow/.local/lib/python3.12/site-packages/airflow/example_dags/example_python_operator.py for tasks to queue
[2025-03-24T08:28:22.168+0000] {logging_mixin.py:190} INFO - [2025-03-24T08:28:22.168+0000] {dagbag.py:588} INFO - Filling up the DagBag from /home/airflow/.local/lib/python3.12/site-packages/airflow/example_dags/example_python_operator.py
[2025-03-24T08:28:22.182+0000] {processor.py:925} INFO - DAG(s) 'example_python_operator' retrieved from /home/airflow/.local/lib/python3.12/site-packages/airflow/example_dags/example_python_operator.py
[2025-03-24T08:28:22.206+0000] {logging_mixin.py:190} INFO - [2025-03-24T08:28:22.206+0000] {dag.py:3239} INFO - Sync 1 DAGs
[2025-03-24T08:28:22.223+0000] {logging_mixin.py:190} INFO - [2025-03-24T08:28:22.223+0000] {dag.py:4180} INFO - Setting next_dagrun for example_python_operator to None, run_after=None
[2025-03-24T08:28:22.245+0000] {processor.py:208} INFO - Processing /home/airflow/.local/lib/python3.12/site-packages/airflow/example_dags/example_python_operator.py took 0.087 seconds
[2025-03-24T08:28:53.047+0000] {processor.py:186} INFO - Started process (PID=2403) to work on /home/airflow/.local/lib/python3.12/site-packages/airflow/example_dags/example_python_operator.py
[2025-03-24T08:28:53.049+0000] {processor.py:914} INFO - Processing file /home/airflow/.local/lib/python3.12/site-packages/airflow/example_dags/example_python_operator.py for tasks to queue
[2025-03-24T08:28:53.051+0000] {logging_mixin.py:190} INFO - [2025-03-24T08:28:53.051+0000] {dagbag.py:588} INFO - Filling up the DagBag from /home/airflow/.local/lib/python3.12/site-packages/airflow/example_dags/example_python_operator.py
[2025-03-24T08:28:53.065+0000] {processor.py:925} INFO - DAG(s) 'example_python_operator' retrieved from /home/airflow/.local/lib/python3.12/site-packages/airflow/example_dags/example_python_operator.py
[2025-03-24T08:28:53.091+0000] {logging_mixin.py:190} INFO - [2025-03-24T08:28:53.090+0000] {dag.py:3239} INFO - Sync 1 DAGs
[2025-03-24T08:28:53.108+0000] {logging_mixin.py:190} INFO - [2025-03-24T08:28:53.107+0000] {dag.py:4180} INFO - Setting next_dagrun for example_python_operator to None, run_after=None
[2025-03-24T08:28:53.129+0000] {processor.py:208} INFO - Processing /home/airflow/.local/lib/python3.12/site-packages/airflow/example_dags/example_python_operator.py took 0.089 seconds
[2025-03-24T08:29:24.124+0000] {processor.py:186} INFO - Started process (PID=2467) to work on /home/airflow/.local/lib/python3.12/site-packages/airflow/example_dags/example_python_operator.py
[2025-03-24T08:29:24.125+0000] {processor.py:914} INFO - Processing file /home/airflow/.local/lib/python3.12/site-packages/airflow/example_dags/example_python_operator.py for tasks to queue
[2025-03-24T08:29:24.127+0000] {logging_mixin.py:190} INFO - [2025-03-24T08:29:24.127+0000] {dagbag.py:588} INFO - Filling up the DagBag from /home/airflow/.local/lib/python3.12/site-packages/airflow/example_dags/example_python_operator.py
[2025-03-24T08:29:24.140+0000] {processor.py:925} INFO - DAG(s) 'example_python_operator' retrieved from /home/airflow/.local/lib/python3.12/site-packages/airflow/example_dags/example_python_operator.py
[2025-03-24T08:29:24.166+0000] {logging_mixin.py:190} INFO - [2025-03-24T08:29:24.165+0000] {dag.py:3239} INFO - Sync 1 DAGs
[2025-03-24T08:29:24.181+0000] {logging_mixin.py:190} INFO - [2025-03-24T08:29:24.181+0000] {dag.py:4180} INFO - Setting next_dagrun for example_python_operator to None, run_after=None
[2025-03-24T08:29:24.203+0000] {processor.py:208} INFO - Processing /home/airflow/.local/lib/python3.12/site-packages/airflow/example_dags/example_python_operator.py took 0.086 seconds
[2025-03-24T08:29:54.947+0000] {processor.py:186} INFO - Started process (PID=2531) to work on /home/airflow/.local/lib/python3.12/site-packages/airflow/example_dags/example_python_operator.py
[2025-03-24T08:29:54.948+0000] {processor.py:914} INFO - Processing file /home/airflow/.local/lib/python3.12/site-packages/airflow/example_dags/example_python_operator.py for tasks to queue
[2025-03-24T08:29:54.951+0000] {logging_mixin.py:190} INFO - [2025-03-24T08:29:54.950+0000] {dagbag.py:588} INFO - Filling up the DagBag from /home/airflow/.local/lib/python3.12/site-packages/airflow/example_dags/example_python_operator.py
[2025-03-24T08:29:54.964+0000] {processor.py:925} INFO - DAG(s) 'example_python_operator' retrieved from /home/airflow/.local/lib/python3.12/site-packages/airflow/example_dags/example_python_operator.py
[2025-03-24T08:29:54.989+0000] {logging_mixin.py:190} INFO - [2025-03-24T08:29:54.988+0000] {dag.py:3239} INFO - Sync 1 DAGs
[2025-03-24T08:29:55.005+0000] {logging_mixin.py:190} INFO - [2025-03-24T08:29:55.004+0000] {dag.py:4180} INFO - Setting next_dagrun for example_python_operator to None, run_after=None
[2025-03-24T08:29:55.028+0000] {processor.py:208} INFO - Processing /home/airflow/.local/lib/python3.12/site-packages/airflow/example_dags/example_python_operator.py took 0.087 seconds
[2025-03-24T08:30:26.248+0000] {processor.py:186} INFO - Started process (PID=2595) to work on /home/airflow/.local/lib/python3.12/site-packages/airflow/example_dags/example_python_operator.py
[2025-03-24T08:30:26.249+0000] {processor.py:914} INFO - Processing file /home/airflow/.local/lib/python3.12/site-packages/airflow/example_dags/example_python_operator.py for tasks to queue
[2025-03-24T08:30:26.251+0000] {logging_mixin.py:190} INFO - [2025-03-24T08:30:26.251+0000] {dagbag.py:588} INFO - Filling up the DagBag from /home/airflow/.local/lib/python3.12/site-packages/airflow/example_dags/example_python_operator.py
[2025-03-24T08:30:26.265+0000] {processor.py:925} INFO - DAG(s) 'example_python_operator' retrieved from /home/airflow/.local/lib/python3.12/site-packages/airflow/example_dags/example_python_operator.py
[2025-03-24T08:30:26.289+0000] {logging_mixin.py:190} INFO - [2025-03-24T08:30:26.288+0000] {dag.py:3239} INFO - Sync 1 DAGs
[2025-03-24T08:30:26.304+0000] {logging_mixin.py:190} INFO - [2025-03-24T08:30:26.304+0000] {dag.py:4180} INFO - Setting next_dagrun for example_python_operator to None, run_after=None
[2025-03-24T08:30:26.326+0000] {processor.py:208} INFO - Processing /home/airflow/.local/lib/python3.12/site-packages/airflow/example_dags/example_python_operator.py took 0.085 seconds
[2025-03-24T08:30:57.127+0000] {processor.py:186} INFO - Started process (PID=2659) to work on /home/airflow/.local/lib/python3.12/site-packages/airflow/example_dags/example_python_operator.py
[2025-03-24T08:30:57.128+0000] {processor.py:914} INFO - Processing file /home/airflow/.local/lib/python3.12/site-packages/airflow/example_dags/example_python_operator.py for tasks to queue
[2025-03-24T08:30:57.131+0000] {logging_mixin.py:190} INFO - [2025-03-24T08:30:57.131+0000] {dagbag.py:588} INFO - Filling up the DagBag from /home/airflow/.local/lib/python3.12/site-packages/airflow/example_dags/example_python_operator.py
[2025-03-24T08:30:57.146+0000] {processor.py:925} INFO - DAG(s) 'example_python_operator' retrieved from /home/airflow/.local/lib/python3.12/site-packages/airflow/example_dags/example_python_operator.py
[2025-03-24T08:30:57.171+0000] {logging_mixin.py:190} INFO - [2025-03-24T08:30:57.171+0000] {dag.py:3239} INFO - Sync 1 DAGs
[2025-03-24T08:30:57.188+0000] {logging_mixin.py:190} INFO - [2025-03-24T08:30:57.187+0000] {dag.py:4180} INFO - Setting next_dagrun for example_python_operator to None, run_after=None
[2025-03-24T08:30:57.209+0000] {processor.py:208} INFO - Processing /home/airflow/.local/lib/python3.12/site-packages/airflow/example_dags/example_python_operator.py took 0.090 seconds
[2025-03-24T08:31:28.898+0000] {processor.py:186} INFO - Started process (PID=2723) to work on /home/airflow/.local/lib/python3.12/site-packages/airflow/example_dags/example_python_operator.py
[2025-03-24T08:31:28.899+0000] {processor.py:914} INFO - Processing file /home/airflow/.local/lib/python3.12/site-packages/airflow/example_dags/example_python_operator.py for tasks to queue
[2025-03-24T08:31:28.902+0000] {logging_mixin.py:190} INFO - [2025-03-24T08:31:28.901+0000] {dagbag.py:588} INFO - Filling up the DagBag from /home/airflow/.local/lib/python3.12/site-packages/airflow/example_dags/example_python_operator.py
[2025-03-24T08:31:28.915+0000] {processor.py:925} INFO - DAG(s) 'example_python_operator' retrieved from /home/airflow/.local/lib/python3.12/site-packages/airflow/example_dags/example_python_operator.py
[2025-03-24T08:31:28.940+0000] {logging_mixin.py:190} INFO - [2025-03-24T08:31:28.940+0000] {dag.py:3239} INFO - Sync 1 DAGs
[2025-03-24T08:31:28.956+0000] {logging_mixin.py:190} INFO - [2025-03-24T08:31:28.956+0000] {dag.py:4180} INFO - Setting next_dagrun for example_python_operator to None, run_after=None
[2025-03-24T08:31:28.978+0000] {processor.py:208} INFO - Processing /home/airflow/.local/lib/python3.12/site-packages/airflow/example_dags/example_python_operator.py took 0.086 seconds
[2025-03-24T08:32:00.444+0000] {processor.py:186} INFO - Started process (PID=2787) to work on /home/airflow/.local/lib/python3.12/site-packages/airflow/example_dags/example_python_operator.py
[2025-03-24T08:32:00.446+0000] {processor.py:914} INFO - Processing file /home/airflow/.local/lib/python3.12/site-packages/airflow/example_dags/example_python_operator.py for tasks to queue
[2025-03-24T08:32:00.448+0000] {logging_mixin.py:190} INFO - [2025-03-24T08:32:00.448+0000] {dagbag.py:588} INFO - Filling up the DagBag from /home/airflow/.local/lib/python3.12/site-packages/airflow/example_dags/example_python_operator.py
[2025-03-24T08:32:00.462+0000] {processor.py:925} INFO - DAG(s) 'example_python_operator' retrieved from /home/airflow/.local/lib/python3.12/site-packages/airflow/example_dags/example_python_operator.py
[2025-03-24T08:32:00.487+0000] {logging_mixin.py:190} INFO - [2025-03-24T08:32:00.487+0000] {dag.py:3239} INFO - Sync 1 DAGs
[2025-03-24T08:32:00.504+0000] {logging_mixin.py:190} INFO - [2025-03-24T08:32:00.504+0000] {dag.py:4180} INFO - Setting next_dagrun for example_python_operator to None, run_after=None
[2025-03-24T08:32:00.525+0000] {processor.py:208} INFO - Processing /home/airflow/.local/lib/python3.12/site-packages/airflow/example_dags/example_python_operator.py took 0.088 seconds
[2025-03-24T08:32:31.937+0000] {processor.py:186} INFO - Started process (PID=2851) to work on /home/airflow/.local/lib/python3.12/site-packages/airflow/example_dags/example_python_operator.py
[2025-03-24T08:32:31.938+0000] {processor.py:914} INFO - Processing file /home/airflow/.local/lib/python3.12/site-packages/airflow/example_dags/example_python_operator.py for tasks to queue
[2025-03-24T08:32:31.941+0000] {logging_mixin.py:190} INFO - [2025-03-24T08:32:31.941+0000] {dagbag.py:588} INFO - Filling up the DagBag from /home/airflow/.local/lib/python3.12/site-packages/airflow/example_dags/example_python_operator.py
[2025-03-24T08:32:31.954+0000] {processor.py:925} INFO - DAG(s) 'example_python_operator' retrieved from /home/airflow/.local/lib/python3.12/site-packages/airflow/example_dags/example_python_operator.py
[2025-03-24T08:32:31.979+0000] {logging_mixin.py:190} INFO - [2025-03-24T08:32:31.978+0000] {dag.py:3239} INFO - Sync 1 DAGs
[2025-03-24T08:32:31.995+0000] {logging_mixin.py:190} INFO - [2025-03-24T08:32:31.995+0000] {dag.py:4180} INFO - Setting next_dagrun for example_python_operator to None, run_after=None
[2025-03-24T08:32:32.016+0000] {processor.py:208} INFO - Processing /home/airflow/.local/lib/python3.12/site-packages/airflow/example_dags/example_python_operator.py took 0.086 seconds
[2025-03-24T08:33:03.465+0000] {processor.py:186} INFO - Started process (PID=2915) to work on /home/airflow/.local/lib/python3.12/site-packages/airflow/example_dags/example_python_operator.py
[2025-03-24T08:33:03.467+0000] {processor.py:914} INFO - Processing file /home/airflow/.local/lib/python3.12/site-packages/airflow/example_dags/example_python_operator.py for tasks to queue
[2025-03-24T08:33:03.469+0000] {logging_mixin.py:190} INFO - [2025-03-24T08:33:03.469+0000] {dagbag.py:588} INFO - Filling up the DagBag from /home/airflow/.local/lib/python3.12/site-packages/airflow/example_dags/example_python_operator.py
[2025-03-24T08:33:03.484+0000] {processor.py:925} INFO - DAG(s) 'example_python_operator' retrieved from /home/airflow/.local/lib/python3.12/site-packages/airflow/example_dags/example_python_operator.py
[2025-03-24T08:33:03.510+0000] {logging_mixin.py:190} INFO - [2025-03-24T08:33:03.510+0000] {dag.py:3239} INFO - Sync 1 DAGs
[2025-03-24T08:33:03.529+0000] {logging_mixin.py:190} INFO - [2025-03-24T08:33:03.529+0000] {dag.py:4180} INFO - Setting next_dagrun for example_python_operator to None, run_after=None
[2025-03-24T08:33:03.553+0000] {processor.py:208} INFO - Processing /home/airflow/.local/lib/python3.12/site-packages/airflow/example_dags/example_python_operator.py took 0.095 seconds
