[2025-03-24T08:10:08.255+0000] {processor.py:186} INFO - Started process (PID=81) to work on /home/airflow/.local/lib/python3.12/site-packages/airflow/example_dags/example_skip_dag.py
[2025-03-24T08:10:08.256+0000] {processor.py:914} INFO - Processing file /home/airflow/.local/lib/python3.12/site-packages/airflow/example_dags/example_skip_dag.py for tasks to queue
[2025-03-24T08:10:08.258+0000] {logging_mixin.py:190} INFO - [2025-03-24T08:10:08.258+0000] {dagbag.py:588} INFO - Filling up the DagBag from /home/airflow/.local/lib/python3.12/site-packages/airflow/example_dags/example_skip_dag.py
[2025-03-24T08:10:08.270+0000] {processor.py:925} INFO - DAG(s) 'example_skip_dag' retrieved from /home/airflow/.local/lib/python3.12/site-packages/airflow/example_dags/example_skip_dag.py
[2025-03-24T08:10:08.408+0000] {logging_mixin.py:190} INFO - [2025-03-24T08:10:08.408+0000] {override.py:1912} INFO - Created Permission View: can read on DAG:example_skip_dag
[2025-03-24T08:10:08.420+0000] {logging_mixin.py:190} INFO - [2025-03-24T08:10:08.419+0000] {override.py:1912} INFO - Created Permission View: can delete on DAG:example_skip_dag
[2025-03-24T08:10:08.428+0000] {logging_mixin.py:190} INFO - [2025-03-24T08:10:08.427+0000] {override.py:1912} INFO - Created Permission View: can edit on DAG:example_skip_dag
[2025-03-24T08:10:08.437+0000] {logging_mixin.py:190} INFO - [2025-03-24T08:10:08.437+0000] {override.py:1912} INFO - Created Permission View: can create on DAG Run:example_skip_dag
[2025-03-24T08:10:08.445+0000] {logging_mixin.py:190} INFO - [2025-03-24T08:10:08.444+0000] {override.py:1912} INFO - Created Permission View: menu access on DAG Run:example_skip_dag
[2025-03-24T08:10:08.452+0000] {logging_mixin.py:190} INFO - [2025-03-24T08:10:08.452+0000] {override.py:1912} INFO - Created Permission View: can read on DAG Run:example_skip_dag
[2025-03-24T08:10:08.460+0000] {logging_mixin.py:190} INFO - [2025-03-24T08:10:08.459+0000] {override.py:1912} INFO - Created Permission View: can delete on DAG Run:example_skip_dag
[2025-03-24T08:10:08.460+0000] {logging_mixin.py:190} INFO - [2025-03-24T08:10:08.460+0000] {dag.py:3239} INFO - Sync 1 DAGs
[2025-03-24T08:10:08.475+0000] {logging_mixin.py:190} INFO - [2025-03-24T08:10:08.475+0000] {dag.py:3262} INFO - Creating ORM DAG for example_skip_dag
[2025-03-24T08:10:08.486+0000] {logging_mixin.py:190} INFO - [2025-03-24T08:10:08.485+0000] {dag.py:4180} INFO - Setting next_dagrun for example_skip_dag to 2025-03-23 00:00:00+00:00, run_after=2025-03-24 00:00:00+00:00
[2025-03-24T08:10:08.502+0000] {processor.py:208} INFO - Processing /home/airflow/.local/lib/python3.12/site-packages/airflow/example_dags/example_skip_dag.py took 0.254 seconds
[2025-03-24T08:10:38.668+0000] {processor.py:186} INFO - Started process (PID=145) to work on /home/airflow/.local/lib/python3.12/site-packages/airflow/example_dags/example_skip_dag.py
[2025-03-24T08:10:38.669+0000] {processor.py:914} INFO - Processing file /home/airflow/.local/lib/python3.12/site-packages/airflow/example_dags/example_skip_dag.py for tasks to queue
[2025-03-24T08:10:38.671+0000] {logging_mixin.py:190} INFO - [2025-03-24T08:10:38.671+0000] {dagbag.py:588} INFO - Filling up the DagBag from /home/airflow/.local/lib/python3.12/site-packages/airflow/example_dags/example_skip_dag.py
[2025-03-24T08:10:38.681+0000] {processor.py:925} INFO - DAG(s) 'example_skip_dag' retrieved from /home/airflow/.local/lib/python3.12/site-packages/airflow/example_dags/example_skip_dag.py
[2025-03-24T08:10:38.704+0000] {logging_mixin.py:190} INFO - [2025-03-24T08:10:38.704+0000] {dag.py:3239} INFO - Sync 1 DAGs
[2025-03-24T08:10:38.731+0000] {logging_mixin.py:190} INFO - [2025-03-24T08:10:38.731+0000] {dag.py:4180} INFO - Setting next_dagrun for example_skip_dag to 2025-03-23 00:00:00+00:00, run_after=2025-03-24 00:00:00+00:00
[2025-03-24T08:10:38.756+0000] {processor.py:208} INFO - Processing /home/airflow/.local/lib/python3.12/site-packages/airflow/example_dags/example_skip_dag.py took 0.095 seconds
[2025-03-24T08:11:09.626+0000] {processor.py:186} INFO - Started process (PID=208) to work on /home/airflow/.local/lib/python3.12/site-packages/airflow/example_dags/example_skip_dag.py
[2025-03-24T08:11:09.628+0000] {processor.py:914} INFO - Processing file /home/airflow/.local/lib/python3.12/site-packages/airflow/example_dags/example_skip_dag.py for tasks to queue
[2025-03-24T08:11:09.630+0000] {logging_mixin.py:190} INFO - [2025-03-24T08:11:09.630+0000] {dagbag.py:588} INFO - Filling up the DagBag from /home/airflow/.local/lib/python3.12/site-packages/airflow/example_dags/example_skip_dag.py
[2025-03-24T08:11:09.639+0000] {processor.py:925} INFO - DAG(s) 'example_skip_dag' retrieved from /home/airflow/.local/lib/python3.12/site-packages/airflow/example_dags/example_skip_dag.py
[2025-03-24T08:11:09.664+0000] {logging_mixin.py:190} INFO - [2025-03-24T08:11:09.664+0000] {dag.py:3239} INFO - Sync 1 DAGs
[2025-03-24T08:11:09.691+0000] {logging_mixin.py:190} INFO - [2025-03-24T08:11:09.691+0000] {dag.py:4180} INFO - Setting next_dagrun for example_skip_dag to 2025-03-23 00:00:00+00:00, run_after=2025-03-24 00:00:00+00:00
[2025-03-24T08:11:09.716+0000] {processor.py:208} INFO - Processing /home/airflow/.local/lib/python3.12/site-packages/airflow/example_dags/example_skip_dag.py took 0.097 seconds
[2025-03-24T08:11:39.916+0000] {processor.py:186} INFO - Started process (PID=271) to work on /home/airflow/.local/lib/python3.12/site-packages/airflow/example_dags/example_skip_dag.py
[2025-03-24T08:11:39.917+0000] {processor.py:914} INFO - Processing file /home/airflow/.local/lib/python3.12/site-packages/airflow/example_dags/example_skip_dag.py for tasks to queue
[2025-03-24T08:11:39.920+0000] {logging_mixin.py:190} INFO - [2025-03-24T08:11:39.920+0000] {dagbag.py:588} INFO - Filling up the DagBag from /home/airflow/.local/lib/python3.12/site-packages/airflow/example_dags/example_skip_dag.py
[2025-03-24T08:11:39.929+0000] {processor.py:925} INFO - DAG(s) 'example_skip_dag' retrieved from /home/airflow/.local/lib/python3.12/site-packages/airflow/example_dags/example_skip_dag.py
[2025-03-24T08:11:39.952+0000] {logging_mixin.py:190} INFO - [2025-03-24T08:11:39.952+0000] {dag.py:3239} INFO - Sync 1 DAGs
[2025-03-24T08:11:39.977+0000] {logging_mixin.py:190} INFO - [2025-03-24T08:11:39.977+0000] {dag.py:4180} INFO - Setting next_dagrun for example_skip_dag to 2025-03-23 00:00:00+00:00, run_after=2025-03-24 00:00:00+00:00
[2025-03-24T08:11:40.000+0000] {processor.py:208} INFO - Processing /home/airflow/.local/lib/python3.12/site-packages/airflow/example_dags/example_skip_dag.py took 0.090 seconds
[2025-03-24T08:12:10.285+0000] {processor.py:186} INFO - Started process (PID=335) to work on /home/airflow/.local/lib/python3.12/site-packages/airflow/example_dags/example_skip_dag.py
[2025-03-24T08:12:10.286+0000] {processor.py:914} INFO - Processing file /home/airflow/.local/lib/python3.12/site-packages/airflow/example_dags/example_skip_dag.py for tasks to queue
[2025-03-24T08:12:10.289+0000] {logging_mixin.py:190} INFO - [2025-03-24T08:12:10.288+0000] {dagbag.py:588} INFO - Filling up the DagBag from /home/airflow/.local/lib/python3.12/site-packages/airflow/example_dags/example_skip_dag.py
[2025-03-24T08:12:10.298+0000] {processor.py:925} INFO - DAG(s) 'example_skip_dag' retrieved from /home/airflow/.local/lib/python3.12/site-packages/airflow/example_dags/example_skip_dag.py
[2025-03-24T08:12:10.324+0000] {logging_mixin.py:190} INFO - [2025-03-24T08:12:10.323+0000] {dag.py:3239} INFO - Sync 1 DAGs
[2025-03-24T08:12:10.350+0000] {logging_mixin.py:190} INFO - [2025-03-24T08:12:10.350+0000] {dag.py:4180} INFO - Setting next_dagrun for example_skip_dag to 2025-03-23 00:00:00+00:00, run_after=2025-03-24 00:00:00+00:00
[2025-03-24T08:12:10.371+0000] {processor.py:208} INFO - Processing /home/airflow/.local/lib/python3.12/site-packages/airflow/example_dags/example_skip_dag.py took 0.092 seconds
[2025-03-24T08:12:40.445+0000] {processor.py:186} INFO - Started process (PID=398) to work on /home/airflow/.local/lib/python3.12/site-packages/airflow/example_dags/example_skip_dag.py
[2025-03-24T08:12:40.446+0000] {processor.py:914} INFO - Processing file /home/airflow/.local/lib/python3.12/site-packages/airflow/example_dags/example_skip_dag.py for tasks to queue
[2025-03-24T08:12:40.448+0000] {logging_mixin.py:190} INFO - [2025-03-24T08:12:40.448+0000] {dagbag.py:588} INFO - Filling up the DagBag from /home/airflow/.local/lib/python3.12/site-packages/airflow/example_dags/example_skip_dag.py
[2025-03-24T08:12:40.457+0000] {processor.py:925} INFO - DAG(s) 'example_skip_dag' retrieved from /home/airflow/.local/lib/python3.12/site-packages/airflow/example_dags/example_skip_dag.py
[2025-03-24T08:12:40.481+0000] {logging_mixin.py:190} INFO - [2025-03-24T08:12:40.481+0000] {dag.py:3239} INFO - Sync 1 DAGs
[2025-03-24T08:12:40.506+0000] {logging_mixin.py:190} INFO - [2025-03-24T08:12:40.506+0000] {dag.py:4180} INFO - Setting next_dagrun for example_skip_dag to 2025-03-23 00:00:00+00:00, run_after=2025-03-24 00:00:00+00:00
[2025-03-24T08:12:40.529+0000] {processor.py:208} INFO - Processing /home/airflow/.local/lib/python3.12/site-packages/airflow/example_dags/example_skip_dag.py took 0.090 seconds
[2025-03-24T08:13:10.670+0000] {processor.py:186} INFO - Started process (PID=462) to work on /home/airflow/.local/lib/python3.12/site-packages/airflow/example_dags/example_skip_dag.py
[2025-03-24T08:13:10.671+0000] {processor.py:914} INFO - Processing file /home/airflow/.local/lib/python3.12/site-packages/airflow/example_dags/example_skip_dag.py for tasks to queue
[2025-03-24T08:13:10.674+0000] {logging_mixin.py:190} INFO - [2025-03-24T08:13:10.673+0000] {dagbag.py:588} INFO - Filling up the DagBag from /home/airflow/.local/lib/python3.12/site-packages/airflow/example_dags/example_skip_dag.py
[2025-03-24T08:13:10.683+0000] {processor.py:925} INFO - DAG(s) 'example_skip_dag' retrieved from /home/airflow/.local/lib/python3.12/site-packages/airflow/example_dags/example_skip_dag.py
[2025-03-24T08:13:10.707+0000] {logging_mixin.py:190} INFO - [2025-03-24T08:13:10.707+0000] {dag.py:3239} INFO - Sync 1 DAGs
[2025-03-24T08:13:10.733+0000] {logging_mixin.py:190} INFO - [2025-03-24T08:13:10.733+0000] {dag.py:4180} INFO - Setting next_dagrun for example_skip_dag to 2025-03-23 00:00:00+00:00, run_after=2025-03-24 00:00:00+00:00
[2025-03-24T08:13:10.753+0000] {processor.py:208} INFO - Processing /home/airflow/.local/lib/python3.12/site-packages/airflow/example_dags/example_skip_dag.py took 0.089 seconds
[2025-03-24T08:13:41.581+0000] {processor.py:186} INFO - Started process (PID=526) to work on /home/airflow/.local/lib/python3.12/site-packages/airflow/example_dags/example_skip_dag.py
[2025-03-24T08:13:41.582+0000] {processor.py:914} INFO - Processing file /home/airflow/.local/lib/python3.12/site-packages/airflow/example_dags/example_skip_dag.py for tasks to queue
[2025-03-24T08:13:41.585+0000] {logging_mixin.py:190} INFO - [2025-03-24T08:13:41.585+0000] {dagbag.py:588} INFO - Filling up the DagBag from /home/airflow/.local/lib/python3.12/site-packages/airflow/example_dags/example_skip_dag.py
[2025-03-24T08:13:41.593+0000] {processor.py:925} INFO - DAG(s) 'example_skip_dag' retrieved from /home/airflow/.local/lib/python3.12/site-packages/airflow/example_dags/example_skip_dag.py
[2025-03-24T08:13:41.617+0000] {logging_mixin.py:190} INFO - [2025-03-24T08:13:41.617+0000] {dag.py:3239} INFO - Sync 1 DAGs
[2025-03-24T08:13:41.643+0000] {logging_mixin.py:190} INFO - [2025-03-24T08:13:41.643+0000] {dag.py:4180} INFO - Setting next_dagrun for example_skip_dag to 2025-03-23 00:00:00+00:00, run_after=2025-03-24 00:00:00+00:00
[2025-03-24T08:13:41.665+0000] {processor.py:208} INFO - Processing /home/airflow/.local/lib/python3.12/site-packages/airflow/example_dags/example_skip_dag.py took 0.090 seconds
[2025-03-24T08:14:11.893+0000] {processor.py:186} INFO - Started process (PID=590) to work on /home/airflow/.local/lib/python3.12/site-packages/airflow/example_dags/example_skip_dag.py
[2025-03-24T08:14:11.894+0000] {processor.py:914} INFO - Processing file /home/airflow/.local/lib/python3.12/site-packages/airflow/example_dags/example_skip_dag.py for tasks to queue
[2025-03-24T08:14:11.897+0000] {logging_mixin.py:190} INFO - [2025-03-24T08:14:11.897+0000] {dagbag.py:588} INFO - Filling up the DagBag from /home/airflow/.local/lib/python3.12/site-packages/airflow/example_dags/example_skip_dag.py
[2025-03-24T08:14:11.906+0000] {processor.py:925} INFO - DAG(s) 'example_skip_dag' retrieved from /home/airflow/.local/lib/python3.12/site-packages/airflow/example_dags/example_skip_dag.py
[2025-03-24T08:14:11.929+0000] {logging_mixin.py:190} INFO - [2025-03-24T08:14:11.929+0000] {dag.py:3239} INFO - Sync 1 DAGs
[2025-03-24T08:14:11.954+0000] {logging_mixin.py:190} INFO - [2025-03-24T08:14:11.954+0000] {dag.py:4180} INFO - Setting next_dagrun for example_skip_dag to 2025-03-23 00:00:00+00:00, run_after=2025-03-24 00:00:00+00:00
[2025-03-24T08:14:11.974+0000] {processor.py:208} INFO - Processing /home/airflow/.local/lib/python3.12/site-packages/airflow/example_dags/example_skip_dag.py took 0.087 seconds
[2025-03-24T08:14:42.762+0000] {processor.py:186} INFO - Started process (PID=654) to work on /home/airflow/.local/lib/python3.12/site-packages/airflow/example_dags/example_skip_dag.py
[2025-03-24T08:14:42.763+0000] {processor.py:914} INFO - Processing file /home/airflow/.local/lib/python3.12/site-packages/airflow/example_dags/example_skip_dag.py for tasks to queue
[2025-03-24T08:14:42.765+0000] {logging_mixin.py:190} INFO - [2025-03-24T08:14:42.765+0000] {dagbag.py:588} INFO - Filling up the DagBag from /home/airflow/.local/lib/python3.12/site-packages/airflow/example_dags/example_skip_dag.py
[2025-03-24T08:14:42.774+0000] {processor.py:925} INFO - DAG(s) 'example_skip_dag' retrieved from /home/airflow/.local/lib/python3.12/site-packages/airflow/example_dags/example_skip_dag.py
[2025-03-24T08:14:42.802+0000] {logging_mixin.py:190} INFO - [2025-03-24T08:14:42.801+0000] {dag.py:3239} INFO - Sync 1 DAGs
[2025-03-24T08:14:42.826+0000] {logging_mixin.py:190} INFO - [2025-03-24T08:14:42.826+0000] {dag.py:4180} INFO - Setting next_dagrun for example_skip_dag to 2025-03-23 00:00:00+00:00, run_after=2025-03-24 00:00:00+00:00
[2025-03-24T08:14:42.849+0000] {processor.py:208} INFO - Processing /home/airflow/.local/lib/python3.12/site-packages/airflow/example_dags/example_skip_dag.py took 0.093 seconds
[2025-03-24T08:15:13.008+0000] {processor.py:186} INFO - Started process (PID=718) to work on /home/airflow/.local/lib/python3.12/site-packages/airflow/example_dags/example_skip_dag.py
[2025-03-24T08:15:13.009+0000] {processor.py:914} INFO - Processing file /home/airflow/.local/lib/python3.12/site-packages/airflow/example_dags/example_skip_dag.py for tasks to queue
[2025-03-24T08:15:13.011+0000] {logging_mixin.py:190} INFO - [2025-03-24T08:15:13.011+0000] {dagbag.py:588} INFO - Filling up the DagBag from /home/airflow/.local/lib/python3.12/site-packages/airflow/example_dags/example_skip_dag.py
[2025-03-24T08:15:13.020+0000] {processor.py:925} INFO - DAG(s) 'example_skip_dag' retrieved from /home/airflow/.local/lib/python3.12/site-packages/airflow/example_dags/example_skip_dag.py
[2025-03-24T08:15:13.044+0000] {logging_mixin.py:190} INFO - [2025-03-24T08:15:13.044+0000] {dag.py:3239} INFO - Sync 1 DAGs
[2025-03-24T08:15:13.068+0000] {logging_mixin.py:190} INFO - [2025-03-24T08:15:13.068+0000] {dag.py:4180} INFO - Setting next_dagrun for example_skip_dag to 2025-03-23 00:00:00+00:00, run_after=2025-03-24 00:00:00+00:00
[2025-03-24T08:15:13.093+0000] {processor.py:208} INFO - Processing /home/airflow/.local/lib/python3.12/site-packages/airflow/example_dags/example_skip_dag.py took 0.092 seconds
[2025-03-24T08:15:43.320+0000] {processor.py:186} INFO - Started process (PID=782) to work on /home/airflow/.local/lib/python3.12/site-packages/airflow/example_dags/example_skip_dag.py
[2025-03-24T08:15:43.321+0000] {processor.py:914} INFO - Processing file /home/airflow/.local/lib/python3.12/site-packages/airflow/example_dags/example_skip_dag.py for tasks to queue
[2025-03-24T08:15:43.324+0000] {logging_mixin.py:190} INFO - [2025-03-24T08:15:43.323+0000] {dagbag.py:588} INFO - Filling up the DagBag from /home/airflow/.local/lib/python3.12/site-packages/airflow/example_dags/example_skip_dag.py
[2025-03-24T08:15:43.332+0000] {processor.py:925} INFO - DAG(s) 'example_skip_dag' retrieved from /home/airflow/.local/lib/python3.12/site-packages/airflow/example_dags/example_skip_dag.py
[2025-03-24T08:15:43.357+0000] {logging_mixin.py:190} INFO - [2025-03-24T08:15:43.357+0000] {dag.py:3239} INFO - Sync 1 DAGs
[2025-03-24T08:15:43.384+0000] {logging_mixin.py:190} INFO - [2025-03-24T08:15:43.384+0000] {dag.py:4180} INFO - Setting next_dagrun for example_skip_dag to 2025-03-23 00:00:00+00:00, run_after=2025-03-24 00:00:00+00:00
[2025-03-24T08:15:43.405+0000] {processor.py:208} INFO - Processing /home/airflow/.local/lib/python3.12/site-packages/airflow/example_dags/example_skip_dag.py took 0.091 seconds
[2025-03-24T08:16:14.050+0000] {processor.py:186} INFO - Started process (PID=846) to work on /home/airflow/.local/lib/python3.12/site-packages/airflow/example_dags/example_skip_dag.py
[2025-03-24T08:16:14.051+0000] {processor.py:914} INFO - Processing file /home/airflow/.local/lib/python3.12/site-packages/airflow/example_dags/example_skip_dag.py for tasks to queue
[2025-03-24T08:16:14.054+0000] {logging_mixin.py:190} INFO - [2025-03-24T08:16:14.054+0000] {dagbag.py:588} INFO - Filling up the DagBag from /home/airflow/.local/lib/python3.12/site-packages/airflow/example_dags/example_skip_dag.py
[2025-03-24T08:16:14.064+0000] {processor.py:925} INFO - DAG(s) 'example_skip_dag' retrieved from /home/airflow/.local/lib/python3.12/site-packages/airflow/example_dags/example_skip_dag.py
[2025-03-24T08:16:14.089+0000] {logging_mixin.py:190} INFO - [2025-03-24T08:16:14.089+0000] {dag.py:3239} INFO - Sync 1 DAGs
[2025-03-24T08:16:14.115+0000] {logging_mixin.py:190} INFO - [2025-03-24T08:16:14.114+0000] {dag.py:4180} INFO - Setting next_dagrun for example_skip_dag to 2025-03-23 00:00:00+00:00, run_after=2025-03-24 00:00:00+00:00
[2025-03-24T08:16:14.136+0000] {processor.py:208} INFO - Processing /home/airflow/.local/lib/python3.12/site-packages/airflow/example_dags/example_skip_dag.py took 0.092 seconds
[2025-03-24T08:16:44.224+0000] {processor.py:186} INFO - Started process (PID=910) to work on /home/airflow/.local/lib/python3.12/site-packages/airflow/example_dags/example_skip_dag.py
[2025-03-24T08:16:44.225+0000] {processor.py:914} INFO - Processing file /home/airflow/.local/lib/python3.12/site-packages/airflow/example_dags/example_skip_dag.py for tasks to queue
[2025-03-24T08:16:44.228+0000] {logging_mixin.py:190} INFO - [2025-03-24T08:16:44.227+0000] {dagbag.py:588} INFO - Filling up the DagBag from /home/airflow/.local/lib/python3.12/site-packages/airflow/example_dags/example_skip_dag.py
[2025-03-24T08:16:44.237+0000] {processor.py:925} INFO - DAG(s) 'example_skip_dag' retrieved from /home/airflow/.local/lib/python3.12/site-packages/airflow/example_dags/example_skip_dag.py
[2025-03-24T08:16:44.261+0000] {logging_mixin.py:190} INFO - [2025-03-24T08:16:44.261+0000] {dag.py:3239} INFO - Sync 1 DAGs
[2025-03-24T08:16:44.289+0000] {logging_mixin.py:190} INFO - [2025-03-24T08:16:44.289+0000] {dag.py:4180} INFO - Setting next_dagrun for example_skip_dag to 2025-03-23 00:00:00+00:00, run_after=2025-03-24 00:00:00+00:00
[2025-03-24T08:16:44.311+0000] {processor.py:208} INFO - Processing /home/airflow/.local/lib/python3.12/site-packages/airflow/example_dags/example_skip_dag.py took 0.094 seconds
[2025-03-24T08:17:14.465+0000] {processor.py:186} INFO - Started process (PID=974) to work on /home/airflow/.local/lib/python3.12/site-packages/airflow/example_dags/example_skip_dag.py
[2025-03-24T08:17:14.467+0000] {processor.py:914} INFO - Processing file /home/airflow/.local/lib/python3.12/site-packages/airflow/example_dags/example_skip_dag.py for tasks to queue
[2025-03-24T08:17:14.469+0000] {logging_mixin.py:190} INFO - [2025-03-24T08:17:14.469+0000] {dagbag.py:588} INFO - Filling up the DagBag from /home/airflow/.local/lib/python3.12/site-packages/airflow/example_dags/example_skip_dag.py
[2025-03-24T08:17:14.478+0000] {processor.py:925} INFO - DAG(s) 'example_skip_dag' retrieved from /home/airflow/.local/lib/python3.12/site-packages/airflow/example_dags/example_skip_dag.py
[2025-03-24T08:17:14.502+0000] {logging_mixin.py:190} INFO - [2025-03-24T08:17:14.501+0000] {dag.py:3239} INFO - Sync 1 DAGs
[2025-03-24T08:17:14.527+0000] {logging_mixin.py:190} INFO - [2025-03-24T08:17:14.526+0000] {dag.py:4180} INFO - Setting next_dagrun for example_skip_dag to 2025-03-23 00:00:00+00:00, run_after=2025-03-24 00:00:00+00:00
[2025-03-24T08:17:14.547+0000] {processor.py:208} INFO - Processing /home/airflow/.local/lib/python3.12/site-packages/airflow/example_dags/example_skip_dag.py took 0.088 seconds
[2025-03-24T08:17:44.675+0000] {processor.py:186} INFO - Started process (PID=1038) to work on /home/airflow/.local/lib/python3.12/site-packages/airflow/example_dags/example_skip_dag.py
[2025-03-24T08:17:44.677+0000] {processor.py:914} INFO - Processing file /home/airflow/.local/lib/python3.12/site-packages/airflow/example_dags/example_skip_dag.py for tasks to queue
[2025-03-24T08:17:44.679+0000] {logging_mixin.py:190} INFO - [2025-03-24T08:17:44.679+0000] {dagbag.py:588} INFO - Filling up the DagBag from /home/airflow/.local/lib/python3.12/site-packages/airflow/example_dags/example_skip_dag.py
[2025-03-24T08:17:44.689+0000] {processor.py:925} INFO - DAG(s) 'example_skip_dag' retrieved from /home/airflow/.local/lib/python3.12/site-packages/airflow/example_dags/example_skip_dag.py
[2025-03-24T08:17:44.714+0000] {logging_mixin.py:190} INFO - [2025-03-24T08:17:44.714+0000] {dag.py:3239} INFO - Sync 1 DAGs
[2025-03-24T08:17:44.741+0000] {logging_mixin.py:190} INFO - [2025-03-24T08:17:44.740+0000] {dag.py:4180} INFO - Setting next_dagrun for example_skip_dag to 2025-03-23 00:00:00+00:00, run_after=2025-03-24 00:00:00+00:00
[2025-03-24T08:17:44.762+0000] {processor.py:208} INFO - Processing /home/airflow/.local/lib/python3.12/site-packages/airflow/example_dags/example_skip_dag.py took 0.093 seconds
[2025-03-24T08:18:15.621+0000] {processor.py:186} INFO - Started process (PID=1102) to work on /home/airflow/.local/lib/python3.12/site-packages/airflow/example_dags/example_skip_dag.py
[2025-03-24T08:18:15.622+0000] {processor.py:914} INFO - Processing file /home/airflow/.local/lib/python3.12/site-packages/airflow/example_dags/example_skip_dag.py for tasks to queue
[2025-03-24T08:18:15.625+0000] {logging_mixin.py:190} INFO - [2025-03-24T08:18:15.625+0000] {dagbag.py:588} INFO - Filling up the DagBag from /home/airflow/.local/lib/python3.12/site-packages/airflow/example_dags/example_skip_dag.py
[2025-03-24T08:18:15.634+0000] {processor.py:925} INFO - DAG(s) 'example_skip_dag' retrieved from /home/airflow/.local/lib/python3.12/site-packages/airflow/example_dags/example_skip_dag.py
[2025-03-24T08:18:15.658+0000] {logging_mixin.py:190} INFO - [2025-03-24T08:18:15.657+0000] {dag.py:3239} INFO - Sync 1 DAGs
[2025-03-24T08:18:15.684+0000] {logging_mixin.py:190} INFO - [2025-03-24T08:18:15.684+0000] {dag.py:4180} INFO - Setting next_dagrun for example_skip_dag to 2025-03-23 00:00:00+00:00, run_after=2025-03-24 00:00:00+00:00
[2025-03-24T08:18:15.708+0000] {processor.py:208} INFO - Processing /home/airflow/.local/lib/python3.12/site-packages/airflow/example_dags/example_skip_dag.py took 0.093 seconds
[2025-03-24T08:18:46.729+0000] {processor.py:186} INFO - Started process (PID=1166) to work on /home/airflow/.local/lib/python3.12/site-packages/airflow/example_dags/example_skip_dag.py
[2025-03-24T08:18:46.730+0000] {processor.py:914} INFO - Processing file /home/airflow/.local/lib/python3.12/site-packages/airflow/example_dags/example_skip_dag.py for tasks to queue
[2025-03-24T08:18:46.733+0000] {logging_mixin.py:190} INFO - [2025-03-24T08:18:46.733+0000] {dagbag.py:588} INFO - Filling up the DagBag from /home/airflow/.local/lib/python3.12/site-packages/airflow/example_dags/example_skip_dag.py
[2025-03-24T08:18:46.743+0000] {processor.py:925} INFO - DAG(s) 'example_skip_dag' retrieved from /home/airflow/.local/lib/python3.12/site-packages/airflow/example_dags/example_skip_dag.py
[2025-03-24T08:18:46.768+0000] {logging_mixin.py:190} INFO - [2025-03-24T08:18:46.767+0000] {dag.py:3239} INFO - Sync 1 DAGs
[2025-03-24T08:18:46.795+0000] {logging_mixin.py:190} INFO - [2025-03-24T08:18:46.794+0000] {dag.py:4180} INFO - Setting next_dagrun for example_skip_dag to 2025-03-23 00:00:00+00:00, run_after=2025-03-24 00:00:00+00:00
[2025-03-24T08:18:46.824+0000] {processor.py:208} INFO - Processing /home/airflow/.local/lib/python3.12/site-packages/airflow/example_dags/example_skip_dag.py took 0.101 seconds
[2025-03-24T08:19:17.215+0000] {processor.py:186} INFO - Started process (PID=1230) to work on /home/airflow/.local/lib/python3.12/site-packages/airflow/example_dags/example_skip_dag.py
[2025-03-24T08:19:17.216+0000] {processor.py:914} INFO - Processing file /home/airflow/.local/lib/python3.12/site-packages/airflow/example_dags/example_skip_dag.py for tasks to queue
[2025-03-24T08:19:17.219+0000] {logging_mixin.py:190} INFO - [2025-03-24T08:19:17.219+0000] {dagbag.py:588} INFO - Filling up the DagBag from /home/airflow/.local/lib/python3.12/site-packages/airflow/example_dags/example_skip_dag.py
[2025-03-24T08:19:17.228+0000] {processor.py:925} INFO - DAG(s) 'example_skip_dag' retrieved from /home/airflow/.local/lib/python3.12/site-packages/airflow/example_dags/example_skip_dag.py
[2025-03-24T08:19:17.252+0000] {logging_mixin.py:190} INFO - [2025-03-24T08:19:17.251+0000] {dag.py:3239} INFO - Sync 1 DAGs
[2025-03-24T08:19:17.277+0000] {logging_mixin.py:190} INFO - [2025-03-24T08:19:17.277+0000] {dag.py:4180} INFO - Setting next_dagrun for example_skip_dag to 2025-03-23 00:00:00+00:00, run_after=2025-03-24 00:00:00+00:00
[2025-03-24T08:19:17.299+0000] {processor.py:208} INFO - Processing /home/airflow/.local/lib/python3.12/site-packages/airflow/example_dags/example_skip_dag.py took 0.090 seconds
[2025-03-24T08:19:47.566+0000] {processor.py:186} INFO - Started process (PID=1294) to work on /home/airflow/.local/lib/python3.12/site-packages/airflow/example_dags/example_skip_dag.py
[2025-03-24T08:19:47.567+0000] {processor.py:914} INFO - Processing file /home/airflow/.local/lib/python3.12/site-packages/airflow/example_dags/example_skip_dag.py for tasks to queue
[2025-03-24T08:19:47.570+0000] {logging_mixin.py:190} INFO - [2025-03-24T08:19:47.569+0000] {dagbag.py:588} INFO - Filling up the DagBag from /home/airflow/.local/lib/python3.12/site-packages/airflow/example_dags/example_skip_dag.py
[2025-03-24T08:19:47.579+0000] {processor.py:925} INFO - DAG(s) 'example_skip_dag' retrieved from /home/airflow/.local/lib/python3.12/site-packages/airflow/example_dags/example_skip_dag.py
[2025-03-24T08:19:47.603+0000] {logging_mixin.py:190} INFO - [2025-03-24T08:19:47.603+0000] {dag.py:3239} INFO - Sync 1 DAGs
[2025-03-24T08:19:47.629+0000] {logging_mixin.py:190} INFO - [2025-03-24T08:19:47.629+0000] {dag.py:4180} INFO - Setting next_dagrun for example_skip_dag to 2025-03-23 00:00:00+00:00, run_after=2025-03-24 00:00:00+00:00
[2025-03-24T08:19:47.655+0000] {processor.py:208} INFO - Processing /home/airflow/.local/lib/python3.12/site-packages/airflow/example_dags/example_skip_dag.py took 0.095 seconds
[2025-03-24T08:20:18.412+0000] {processor.py:186} INFO - Started process (PID=1358) to work on /home/airflow/.local/lib/python3.12/site-packages/airflow/example_dags/example_skip_dag.py
[2025-03-24T08:20:18.414+0000] {processor.py:914} INFO - Processing file /home/airflow/.local/lib/python3.12/site-packages/airflow/example_dags/example_skip_dag.py for tasks to queue
[2025-03-24T08:20:18.416+0000] {logging_mixin.py:190} INFO - [2025-03-24T08:20:18.416+0000] {dagbag.py:588} INFO - Filling up the DagBag from /home/airflow/.local/lib/python3.12/site-packages/airflow/example_dags/example_skip_dag.py
[2025-03-24T08:20:18.426+0000] {processor.py:925} INFO - DAG(s) 'example_skip_dag' retrieved from /home/airflow/.local/lib/python3.12/site-packages/airflow/example_dags/example_skip_dag.py
[2025-03-24T08:20:18.449+0000] {logging_mixin.py:190} INFO - [2025-03-24T08:20:18.449+0000] {dag.py:3239} INFO - Sync 1 DAGs
[2025-03-24T08:20:18.476+0000] {logging_mixin.py:190} INFO - [2025-03-24T08:20:18.476+0000] {dag.py:4180} INFO - Setting next_dagrun for example_skip_dag to 2025-03-23 00:00:00+00:00, run_after=2025-03-24 00:00:00+00:00
[2025-03-24T08:20:18.502+0000] {processor.py:208} INFO - Processing /home/airflow/.local/lib/python3.12/site-packages/airflow/example_dags/example_skip_dag.py took 0.096 seconds
[2025-03-24T08:20:49.469+0000] {processor.py:186} INFO - Started process (PID=1422) to work on /home/airflow/.local/lib/python3.12/site-packages/airflow/example_dags/example_skip_dag.py
[2025-03-24T08:20:49.471+0000] {processor.py:914} INFO - Processing file /home/airflow/.local/lib/python3.12/site-packages/airflow/example_dags/example_skip_dag.py for tasks to queue
[2025-03-24T08:20:49.474+0000] {logging_mixin.py:190} INFO - [2025-03-24T08:20:49.474+0000] {dagbag.py:588} INFO - Filling up the DagBag from /home/airflow/.local/lib/python3.12/site-packages/airflow/example_dags/example_skip_dag.py
[2025-03-24T08:20:49.484+0000] {processor.py:925} INFO - DAG(s) 'example_skip_dag' retrieved from /home/airflow/.local/lib/python3.12/site-packages/airflow/example_dags/example_skip_dag.py
[2025-03-24T08:20:49.517+0000] {logging_mixin.py:190} INFO - [2025-03-24T08:20:49.516+0000] {dag.py:3239} INFO - Sync 1 DAGs
[2025-03-24T08:20:49.546+0000] {logging_mixin.py:190} INFO - [2025-03-24T08:20:49.545+0000] {dag.py:4180} INFO - Setting next_dagrun for example_skip_dag to 2025-03-23 00:00:00+00:00, run_after=2025-03-24 00:00:00+00:00
[2025-03-24T08:20:49.575+0000] {processor.py:208} INFO - Processing /home/airflow/.local/lib/python3.12/site-packages/airflow/example_dags/example_skip_dag.py took 0.112 seconds
[2025-03-24T08:21:20.049+0000] {processor.py:186} INFO - Started process (PID=1486) to work on /home/airflow/.local/lib/python3.12/site-packages/airflow/example_dags/example_skip_dag.py
[2025-03-24T08:21:20.051+0000] {processor.py:914} INFO - Processing file /home/airflow/.local/lib/python3.12/site-packages/airflow/example_dags/example_skip_dag.py for tasks to queue
[2025-03-24T08:21:20.054+0000] {logging_mixin.py:190} INFO - [2025-03-24T08:21:20.054+0000] {dagbag.py:588} INFO - Filling up the DagBag from /home/airflow/.local/lib/python3.12/site-packages/airflow/example_dags/example_skip_dag.py
[2025-03-24T08:21:20.063+0000] {processor.py:925} INFO - DAG(s) 'example_skip_dag' retrieved from /home/airflow/.local/lib/python3.12/site-packages/airflow/example_dags/example_skip_dag.py
[2025-03-24T08:21:20.090+0000] {logging_mixin.py:190} INFO - [2025-03-24T08:21:20.090+0000] {dag.py:3239} INFO - Sync 1 DAGs
[2025-03-24T08:21:20.123+0000] {logging_mixin.py:190} INFO - [2025-03-24T08:21:20.123+0000] {dag.py:4180} INFO - Setting next_dagrun for example_skip_dag to 2025-03-23 00:00:00+00:00, run_after=2025-03-24 00:00:00+00:00
[2025-03-24T08:21:20.149+0000] {processor.py:208} INFO - Processing /home/airflow/.local/lib/python3.12/site-packages/airflow/example_dags/example_skip_dag.py took 0.107 seconds
[2025-03-24T08:21:50.595+0000] {processor.py:186} INFO - Started process (PID=1550) to work on /home/airflow/.local/lib/python3.12/site-packages/airflow/example_dags/example_skip_dag.py
[2025-03-24T08:21:50.596+0000] {processor.py:914} INFO - Processing file /home/airflow/.local/lib/python3.12/site-packages/airflow/example_dags/example_skip_dag.py for tasks to queue
[2025-03-24T08:21:50.598+0000] {logging_mixin.py:190} INFO - [2025-03-24T08:21:50.598+0000] {dagbag.py:588} INFO - Filling up the DagBag from /home/airflow/.local/lib/python3.12/site-packages/airflow/example_dags/example_skip_dag.py
[2025-03-24T08:21:50.607+0000] {processor.py:925} INFO - DAG(s) 'example_skip_dag' retrieved from /home/airflow/.local/lib/python3.12/site-packages/airflow/example_dags/example_skip_dag.py
[2025-03-24T08:21:50.629+0000] {logging_mixin.py:190} INFO - [2025-03-24T08:21:50.629+0000] {dag.py:3239} INFO - Sync 1 DAGs
[2025-03-24T08:21:50.653+0000] {logging_mixin.py:190} INFO - [2025-03-24T08:21:50.653+0000] {dag.py:4180} INFO - Setting next_dagrun for example_skip_dag to 2025-03-23 00:00:00+00:00, run_after=2025-03-24 00:00:00+00:00
[2025-03-24T08:21:50.683+0000] {processor.py:208} INFO - Processing /home/airflow/.local/lib/python3.12/site-packages/airflow/example_dags/example_skip_dag.py took 0.095 seconds
[2025-03-24T08:22:21.176+0000] {processor.py:186} INFO - Started process (PID=1614) to work on /home/airflow/.local/lib/python3.12/site-packages/airflow/example_dags/example_skip_dag.py
[2025-03-24T08:22:21.177+0000] {processor.py:914} INFO - Processing file /home/airflow/.local/lib/python3.12/site-packages/airflow/example_dags/example_skip_dag.py for tasks to queue
[2025-03-24T08:22:21.180+0000] {logging_mixin.py:190} INFO - [2025-03-24T08:22:21.180+0000] {dagbag.py:588} INFO - Filling up the DagBag from /home/airflow/.local/lib/python3.12/site-packages/airflow/example_dags/example_skip_dag.py
[2025-03-24T08:22:21.190+0000] {processor.py:925} INFO - DAG(s) 'example_skip_dag' retrieved from /home/airflow/.local/lib/python3.12/site-packages/airflow/example_dags/example_skip_dag.py
[2025-03-24T08:22:21.213+0000] {logging_mixin.py:190} INFO - [2025-03-24T08:22:21.212+0000] {dag.py:3239} INFO - Sync 1 DAGs
[2025-03-24T08:22:21.238+0000] {logging_mixin.py:190} INFO - [2025-03-24T08:22:21.238+0000] {dag.py:4180} INFO - Setting next_dagrun for example_skip_dag to 2025-03-23 00:00:00+00:00, run_after=2025-03-24 00:00:00+00:00
[2025-03-24T08:22:21.263+0000] {processor.py:208} INFO - Processing /home/airflow/.local/lib/python3.12/site-packages/airflow/example_dags/example_skip_dag.py took 0.094 seconds
[2025-03-24T08:22:52.211+0000] {processor.py:186} INFO - Started process (PID=1678) to work on /home/airflow/.local/lib/python3.12/site-packages/airflow/example_dags/example_skip_dag.py
[2025-03-24T08:22:52.212+0000] {processor.py:914} INFO - Processing file /home/airflow/.local/lib/python3.12/site-packages/airflow/example_dags/example_skip_dag.py for tasks to queue
[2025-03-24T08:22:52.215+0000] {logging_mixin.py:190} INFO - [2025-03-24T08:22:52.215+0000] {dagbag.py:588} INFO - Filling up the DagBag from /home/airflow/.local/lib/python3.12/site-packages/airflow/example_dags/example_skip_dag.py
[2025-03-24T08:22:52.225+0000] {processor.py:925} INFO - DAG(s) 'example_skip_dag' retrieved from /home/airflow/.local/lib/python3.12/site-packages/airflow/example_dags/example_skip_dag.py
[2025-03-24T08:22:52.250+0000] {logging_mixin.py:190} INFO - [2025-03-24T08:22:52.250+0000] {dag.py:3239} INFO - Sync 1 DAGs
[2025-03-24T08:22:52.277+0000] {logging_mixin.py:190} INFO - [2025-03-24T08:22:52.276+0000] {dag.py:4180} INFO - Setting next_dagrun for example_skip_dag to 2025-03-23 00:00:00+00:00, run_after=2025-03-24 00:00:00+00:00
[2025-03-24T08:22:52.300+0000] {processor.py:208} INFO - Processing /home/airflow/.local/lib/python3.12/site-packages/airflow/example_dags/example_skip_dag.py took 0.097 seconds
[2025-03-24T08:23:22.487+0000] {processor.py:186} INFO - Started process (PID=1742) to work on /home/airflow/.local/lib/python3.12/site-packages/airflow/example_dags/example_skip_dag.py
[2025-03-24T08:23:22.489+0000] {processor.py:914} INFO - Processing file /home/airflow/.local/lib/python3.12/site-packages/airflow/example_dags/example_skip_dag.py for tasks to queue
[2025-03-24T08:23:22.491+0000] {logging_mixin.py:190} INFO - [2025-03-24T08:23:22.491+0000] {dagbag.py:588} INFO - Filling up the DagBag from /home/airflow/.local/lib/python3.12/site-packages/airflow/example_dags/example_skip_dag.py
[2025-03-24T08:23:22.500+0000] {processor.py:925} INFO - DAG(s) 'example_skip_dag' retrieved from /home/airflow/.local/lib/python3.12/site-packages/airflow/example_dags/example_skip_dag.py
[2025-03-24T08:23:22.525+0000] {logging_mixin.py:190} INFO - [2025-03-24T08:23:22.525+0000] {dag.py:3239} INFO - Sync 1 DAGs
[2025-03-24T08:23:22.551+0000] {logging_mixin.py:190} INFO - [2025-03-24T08:23:22.551+0000] {dag.py:4180} INFO - Setting next_dagrun for example_skip_dag to 2025-03-23 00:00:00+00:00, run_after=2025-03-24 00:00:00+00:00
[2025-03-24T08:23:22.575+0000] {processor.py:208} INFO - Processing /home/airflow/.local/lib/python3.12/site-packages/airflow/example_dags/example_skip_dag.py took 0.095 seconds
[2025-03-24T08:23:52.894+0000] {processor.py:186} INFO - Started process (PID=1806) to work on /home/airflow/.local/lib/python3.12/site-packages/airflow/example_dags/example_skip_dag.py
[2025-03-24T08:23:52.895+0000] {processor.py:914} INFO - Processing file /home/airflow/.local/lib/python3.12/site-packages/airflow/example_dags/example_skip_dag.py for tasks to queue
[2025-03-24T08:23:52.898+0000] {logging_mixin.py:190} INFO - [2025-03-24T08:23:52.897+0000] {dagbag.py:588} INFO - Filling up the DagBag from /home/airflow/.local/lib/python3.12/site-packages/airflow/example_dags/example_skip_dag.py
[2025-03-24T08:23:52.907+0000] {processor.py:925} INFO - DAG(s) 'example_skip_dag' retrieved from /home/airflow/.local/lib/python3.12/site-packages/airflow/example_dags/example_skip_dag.py
[2025-03-24T08:23:52.931+0000] {logging_mixin.py:190} INFO - [2025-03-24T08:23:52.930+0000] {dag.py:3239} INFO - Sync 1 DAGs
[2025-03-24T08:23:52.957+0000] {logging_mixin.py:190} INFO - [2025-03-24T08:23:52.957+0000] {dag.py:4180} INFO - Setting next_dagrun for example_skip_dag to 2025-03-23 00:00:00+00:00, run_after=2025-03-24 00:00:00+00:00
[2025-03-24T08:23:52.983+0000] {processor.py:208} INFO - Processing /home/airflow/.local/lib/python3.12/site-packages/airflow/example_dags/example_skip_dag.py took 0.095 seconds
[2025-03-24T08:24:23.143+0000] {processor.py:186} INFO - Started process (PID=1870) to work on /home/airflow/.local/lib/python3.12/site-packages/airflow/example_dags/example_skip_dag.py
[2025-03-24T08:24:23.144+0000] {processor.py:914} INFO - Processing file /home/airflow/.local/lib/python3.12/site-packages/airflow/example_dags/example_skip_dag.py for tasks to queue
[2025-03-24T08:24:23.148+0000] {logging_mixin.py:190} INFO - [2025-03-24T08:24:23.147+0000] {dagbag.py:588} INFO - Filling up the DagBag from /home/airflow/.local/lib/python3.12/site-packages/airflow/example_dags/example_skip_dag.py
[2025-03-24T08:24:23.157+0000] {processor.py:925} INFO - DAG(s) 'example_skip_dag' retrieved from /home/airflow/.local/lib/python3.12/site-packages/airflow/example_dags/example_skip_dag.py
[2025-03-24T08:24:23.182+0000] {logging_mixin.py:190} INFO - [2025-03-24T08:24:23.182+0000] {dag.py:3239} INFO - Sync 1 DAGs
[2025-03-24T08:24:23.207+0000] {logging_mixin.py:190} INFO - [2025-03-24T08:24:23.207+0000] {dag.py:4180} INFO - Setting next_dagrun for example_skip_dag to 2025-03-23 00:00:00+00:00, run_after=2025-03-24 00:00:00+00:00
[2025-03-24T08:24:23.228+0000] {processor.py:208} INFO - Processing /home/airflow/.local/lib/python3.12/site-packages/airflow/example_dags/example_skip_dag.py took 0.092 seconds
[2025-03-24T08:24:53.360+0000] {processor.py:186} INFO - Started process (PID=1934) to work on /home/airflow/.local/lib/python3.12/site-packages/airflow/example_dags/example_skip_dag.py
[2025-03-24T08:24:53.361+0000] {processor.py:914} INFO - Processing file /home/airflow/.local/lib/python3.12/site-packages/airflow/example_dags/example_skip_dag.py for tasks to queue
[2025-03-24T08:24:53.364+0000] {logging_mixin.py:190} INFO - [2025-03-24T08:24:53.363+0000] {dagbag.py:588} INFO - Filling up the DagBag from /home/airflow/.local/lib/python3.12/site-packages/airflow/example_dags/example_skip_dag.py
[2025-03-24T08:24:53.374+0000] {processor.py:925} INFO - DAG(s) 'example_skip_dag' retrieved from /home/airflow/.local/lib/python3.12/site-packages/airflow/example_dags/example_skip_dag.py
[2025-03-24T08:24:53.398+0000] {logging_mixin.py:190} INFO - [2025-03-24T08:24:53.398+0000] {dag.py:3239} INFO - Sync 1 DAGs
[2025-03-24T08:24:53.425+0000] {logging_mixin.py:190} INFO - [2025-03-24T08:24:53.424+0000] {dag.py:4180} INFO - Setting next_dagrun for example_skip_dag to 2025-03-23 00:00:00+00:00, run_after=2025-03-24 00:00:00+00:00
[2025-03-24T08:24:53.450+0000] {processor.py:208} INFO - Processing /home/airflow/.local/lib/python3.12/site-packages/airflow/example_dags/example_skip_dag.py took 0.097 seconds
[2025-03-24T08:25:23.697+0000] {processor.py:186} INFO - Started process (PID=1998) to work on /home/airflow/.local/lib/python3.12/site-packages/airflow/example_dags/example_skip_dag.py
[2025-03-24T08:25:23.698+0000] {processor.py:914} INFO - Processing file /home/airflow/.local/lib/python3.12/site-packages/airflow/example_dags/example_skip_dag.py for tasks to queue
[2025-03-24T08:25:23.701+0000] {logging_mixin.py:190} INFO - [2025-03-24T08:25:23.700+0000] {dagbag.py:588} INFO - Filling up the DagBag from /home/airflow/.local/lib/python3.12/site-packages/airflow/example_dags/example_skip_dag.py
[2025-03-24T08:25:23.709+0000] {processor.py:925} INFO - DAG(s) 'example_skip_dag' retrieved from /home/airflow/.local/lib/python3.12/site-packages/airflow/example_dags/example_skip_dag.py
[2025-03-24T08:25:23.733+0000] {logging_mixin.py:190} INFO - [2025-03-24T08:25:23.732+0000] {dag.py:3239} INFO - Sync 1 DAGs
[2025-03-24T08:25:23.758+0000] {logging_mixin.py:190} INFO - [2025-03-24T08:25:23.757+0000] {dag.py:4180} INFO - Setting next_dagrun for example_skip_dag to 2025-03-23 00:00:00+00:00, run_after=2025-03-24 00:00:00+00:00
[2025-03-24T08:25:23.782+0000] {processor.py:208} INFO - Processing /home/airflow/.local/lib/python3.12/site-packages/airflow/example_dags/example_skip_dag.py took 0.092 seconds
[2025-03-24T08:25:54.142+0000] {processor.py:186} INFO - Started process (PID=2062) to work on /home/airflow/.local/lib/python3.12/site-packages/airflow/example_dags/example_skip_dag.py
[2025-03-24T08:25:54.143+0000] {processor.py:914} INFO - Processing file /home/airflow/.local/lib/python3.12/site-packages/airflow/example_dags/example_skip_dag.py for tasks to queue
[2025-03-24T08:25:54.146+0000] {logging_mixin.py:190} INFO - [2025-03-24T08:25:54.145+0000] {dagbag.py:588} INFO - Filling up the DagBag from /home/airflow/.local/lib/python3.12/site-packages/airflow/example_dags/example_skip_dag.py
[2025-03-24T08:25:54.154+0000] {processor.py:925} INFO - DAG(s) 'example_skip_dag' retrieved from /home/airflow/.local/lib/python3.12/site-packages/airflow/example_dags/example_skip_dag.py
[2025-03-24T08:25:54.178+0000] {logging_mixin.py:190} INFO - [2025-03-24T08:25:54.177+0000] {dag.py:3239} INFO - Sync 1 DAGs
[2025-03-24T08:25:54.203+0000] {logging_mixin.py:190} INFO - [2025-03-24T08:25:54.203+0000] {dag.py:4180} INFO - Setting next_dagrun for example_skip_dag to 2025-03-23 00:00:00+00:00, run_after=2025-03-24 00:00:00+00:00
[2025-03-24T08:25:54.232+0000] {processor.py:208} INFO - Processing /home/airflow/.local/lib/python3.12/site-packages/airflow/example_dags/example_skip_dag.py took 0.097 seconds
[2025-03-24T08:26:24.399+0000] {processor.py:186} INFO - Started process (PID=2126) to work on /home/airflow/.local/lib/python3.12/site-packages/airflow/example_dags/example_skip_dag.py
[2025-03-24T08:26:24.400+0000] {processor.py:914} INFO - Processing file /home/airflow/.local/lib/python3.12/site-packages/airflow/example_dags/example_skip_dag.py for tasks to queue
[2025-03-24T08:26:24.402+0000] {logging_mixin.py:190} INFO - [2025-03-24T08:26:24.402+0000] {dagbag.py:588} INFO - Filling up the DagBag from /home/airflow/.local/lib/python3.12/site-packages/airflow/example_dags/example_skip_dag.py
[2025-03-24T08:26:24.411+0000] {processor.py:925} INFO - DAG(s) 'example_skip_dag' retrieved from /home/airflow/.local/lib/python3.12/site-packages/airflow/example_dags/example_skip_dag.py
[2025-03-24T08:26:24.435+0000] {logging_mixin.py:190} INFO - [2025-03-24T08:26:24.435+0000] {dag.py:3239} INFO - Sync 1 DAGs
[2025-03-24T08:26:24.460+0000] {logging_mixin.py:190} INFO - [2025-03-24T08:26:24.460+0000] {dag.py:4180} INFO - Setting next_dagrun for example_skip_dag to 2025-03-23 00:00:00+00:00, run_after=2025-03-24 00:00:00+00:00
[2025-03-24T08:26:24.481+0000] {processor.py:208} INFO - Processing /home/airflow/.local/lib/python3.12/site-packages/airflow/example_dags/example_skip_dag.py took 0.088 seconds
[2025-03-24T08:26:54.607+0000] {processor.py:186} INFO - Started process (PID=2190) to work on /home/airflow/.local/lib/python3.12/site-packages/airflow/example_dags/example_skip_dag.py
[2025-03-24T08:26:54.608+0000] {processor.py:914} INFO - Processing file /home/airflow/.local/lib/python3.12/site-packages/airflow/example_dags/example_skip_dag.py for tasks to queue
[2025-03-24T08:26:54.611+0000] {logging_mixin.py:190} INFO - [2025-03-24T08:26:54.611+0000] {dagbag.py:588} INFO - Filling up the DagBag from /home/airflow/.local/lib/python3.12/site-packages/airflow/example_dags/example_skip_dag.py
[2025-03-24T08:26:54.619+0000] {processor.py:925} INFO - DAG(s) 'example_skip_dag' retrieved from /home/airflow/.local/lib/python3.12/site-packages/airflow/example_dags/example_skip_dag.py
[2025-03-24T08:26:54.644+0000] {logging_mixin.py:190} INFO - [2025-03-24T08:26:54.644+0000] {dag.py:3239} INFO - Sync 1 DAGs
[2025-03-24T08:26:54.669+0000] {logging_mixin.py:190} INFO - [2025-03-24T08:26:54.669+0000] {dag.py:4180} INFO - Setting next_dagrun for example_skip_dag to 2025-03-23 00:00:00+00:00, run_after=2025-03-24 00:00:00+00:00
[2025-03-24T08:26:54.693+0000] {processor.py:208} INFO - Processing /home/airflow/.local/lib/python3.12/site-packages/airflow/example_dags/example_skip_dag.py took 0.091 seconds
[2025-03-24T08:27:24.949+0000] {processor.py:186} INFO - Started process (PID=2254) to work on /home/airflow/.local/lib/python3.12/site-packages/airflow/example_dags/example_skip_dag.py
[2025-03-24T08:27:24.950+0000] {processor.py:914} INFO - Processing file /home/airflow/.local/lib/python3.12/site-packages/airflow/example_dags/example_skip_dag.py for tasks to queue
[2025-03-24T08:27:24.954+0000] {logging_mixin.py:190} INFO - [2025-03-24T08:27:24.953+0000] {dagbag.py:588} INFO - Filling up the DagBag from /home/airflow/.local/lib/python3.12/site-packages/airflow/example_dags/example_skip_dag.py
[2025-03-24T08:27:24.963+0000] {processor.py:925} INFO - DAG(s) 'example_skip_dag' retrieved from /home/airflow/.local/lib/python3.12/site-packages/airflow/example_dags/example_skip_dag.py
[2025-03-24T08:27:24.989+0000] {logging_mixin.py:190} INFO - [2025-03-24T08:27:24.988+0000] {dag.py:3239} INFO - Sync 1 DAGs
[2025-03-24T08:27:25.016+0000] {logging_mixin.py:190} INFO - [2025-03-24T08:27:25.015+0000] {dag.py:4180} INFO - Setting next_dagrun for example_skip_dag to 2025-03-23 00:00:00+00:00, run_after=2025-03-24 00:00:00+00:00
[2025-03-24T08:27:25.043+0000] {processor.py:208} INFO - Processing /home/airflow/.local/lib/python3.12/site-packages/airflow/example_dags/example_skip_dag.py took 0.101 seconds
[2025-03-24T08:27:55.229+0000] {processor.py:186} INFO - Started process (PID=2318) to work on /home/airflow/.local/lib/python3.12/site-packages/airflow/example_dags/example_skip_dag.py
[2025-03-24T08:27:55.230+0000] {processor.py:914} INFO - Processing file /home/airflow/.local/lib/python3.12/site-packages/airflow/example_dags/example_skip_dag.py for tasks to queue
[2025-03-24T08:27:55.232+0000] {logging_mixin.py:190} INFO - [2025-03-24T08:27:55.232+0000] {dagbag.py:588} INFO - Filling up the DagBag from /home/airflow/.local/lib/python3.12/site-packages/airflow/example_dags/example_skip_dag.py
[2025-03-24T08:27:55.241+0000] {processor.py:925} INFO - DAG(s) 'example_skip_dag' retrieved from /home/airflow/.local/lib/python3.12/site-packages/airflow/example_dags/example_skip_dag.py
[2025-03-24T08:27:55.266+0000] {logging_mixin.py:190} INFO - [2025-03-24T08:27:55.266+0000] {dag.py:3239} INFO - Sync 1 DAGs
[2025-03-24T08:27:55.295+0000] {logging_mixin.py:190} INFO - [2025-03-24T08:27:55.295+0000] {dag.py:4180} INFO - Setting next_dagrun for example_skip_dag to 2025-03-23 00:00:00+00:00, run_after=2025-03-24 00:00:00+00:00
[2025-03-24T08:27:55.316+0000] {processor.py:208} INFO - Processing /home/airflow/.local/lib/python3.12/site-packages/airflow/example_dags/example_skip_dag.py took 0.094 seconds
[2025-03-24T08:28:26.005+0000] {processor.py:186} INFO - Started process (PID=2382) to work on /home/airflow/.local/lib/python3.12/site-packages/airflow/example_dags/example_skip_dag.py
[2025-03-24T08:28:26.006+0000] {processor.py:914} INFO - Processing file /home/airflow/.local/lib/python3.12/site-packages/airflow/example_dags/example_skip_dag.py for tasks to queue
[2025-03-24T08:28:26.009+0000] {logging_mixin.py:190} INFO - [2025-03-24T08:28:26.009+0000] {dagbag.py:588} INFO - Filling up the DagBag from /home/airflow/.local/lib/python3.12/site-packages/airflow/example_dags/example_skip_dag.py
[2025-03-24T08:28:26.018+0000] {processor.py:925} INFO - DAG(s) 'example_skip_dag' retrieved from /home/airflow/.local/lib/python3.12/site-packages/airflow/example_dags/example_skip_dag.py
[2025-03-24T08:28:26.042+0000] {logging_mixin.py:190} INFO - [2025-03-24T08:28:26.042+0000] {dag.py:3239} INFO - Sync 1 DAGs
[2025-03-24T08:28:26.075+0000] {logging_mixin.py:190} INFO - [2025-03-24T08:28:26.075+0000] {dag.py:4180} INFO - Setting next_dagrun for example_skip_dag to 2025-03-23 00:00:00+00:00, run_after=2025-03-24 00:00:00+00:00
[2025-03-24T08:28:26.102+0000] {processor.py:208} INFO - Processing /home/airflow/.local/lib/python3.12/site-packages/airflow/example_dags/example_skip_dag.py took 0.103 seconds
[2025-03-24T08:28:57.174+0000] {processor.py:186} INFO - Started process (PID=2446) to work on /home/airflow/.local/lib/python3.12/site-packages/airflow/example_dags/example_skip_dag.py
[2025-03-24T08:28:57.176+0000] {processor.py:914} INFO - Processing file /home/airflow/.local/lib/python3.12/site-packages/airflow/example_dags/example_skip_dag.py for tasks to queue
[2025-03-24T08:28:57.178+0000] {logging_mixin.py:190} INFO - [2025-03-24T08:28:57.178+0000] {dagbag.py:588} INFO - Filling up the DagBag from /home/airflow/.local/lib/python3.12/site-packages/airflow/example_dags/example_skip_dag.py
[2025-03-24T08:28:57.187+0000] {processor.py:925} INFO - DAG(s) 'example_skip_dag' retrieved from /home/airflow/.local/lib/python3.12/site-packages/airflow/example_dags/example_skip_dag.py
[2025-03-24T08:28:57.221+0000] {logging_mixin.py:190} INFO - [2025-03-24T08:28:57.220+0000] {dag.py:3239} INFO - Sync 1 DAGs
[2025-03-24T08:28:57.250+0000] {logging_mixin.py:190} INFO - [2025-03-24T08:28:57.250+0000] {dag.py:4180} INFO - Setting next_dagrun for example_skip_dag to 2025-03-23 00:00:00+00:00, run_after=2025-03-24 00:00:00+00:00
[2025-03-24T08:28:57.278+0000] {processor.py:208} INFO - Processing /home/airflow/.local/lib/python3.12/site-packages/airflow/example_dags/example_skip_dag.py took 0.111 seconds
[2025-03-24T08:29:28.128+0000] {processor.py:186} INFO - Started process (PID=2510) to work on /home/airflow/.local/lib/python3.12/site-packages/airflow/example_dags/example_skip_dag.py
[2025-03-24T08:29:28.129+0000] {processor.py:914} INFO - Processing file /home/airflow/.local/lib/python3.12/site-packages/airflow/example_dags/example_skip_dag.py for tasks to queue
[2025-03-24T08:29:28.131+0000] {logging_mixin.py:190} INFO - [2025-03-24T08:29:28.131+0000] {dagbag.py:588} INFO - Filling up the DagBag from /home/airflow/.local/lib/python3.12/site-packages/airflow/example_dags/example_skip_dag.py
[2025-03-24T08:29:28.140+0000] {processor.py:925} INFO - DAG(s) 'example_skip_dag' retrieved from /home/airflow/.local/lib/python3.12/site-packages/airflow/example_dags/example_skip_dag.py
[2025-03-24T08:29:28.165+0000] {logging_mixin.py:190} INFO - [2025-03-24T08:29:28.164+0000] {dag.py:3239} INFO - Sync 1 DAGs
[2025-03-24T08:29:28.190+0000] {logging_mixin.py:190} INFO - [2025-03-24T08:29:28.189+0000] {dag.py:4180} INFO - Setting next_dagrun for example_skip_dag to 2025-03-23 00:00:00+00:00, run_after=2025-03-24 00:00:00+00:00
[2025-03-24T08:29:28.211+0000] {processor.py:208} INFO - Processing /home/airflow/.local/lib/python3.12/site-packages/airflow/example_dags/example_skip_dag.py took 0.090 seconds
[2025-03-24T08:29:58.950+0000] {processor.py:186} INFO - Started process (PID=2570) to work on /home/airflow/.local/lib/python3.12/site-packages/airflow/example_dags/example_skip_dag.py
[2025-03-24T08:29:58.951+0000] {processor.py:914} INFO - Processing file /home/airflow/.local/lib/python3.12/site-packages/airflow/example_dags/example_skip_dag.py for tasks to queue
[2025-03-24T08:29:58.954+0000] {logging_mixin.py:190} INFO - [2025-03-24T08:29:58.953+0000] {dagbag.py:588} INFO - Filling up the DagBag from /home/airflow/.local/lib/python3.12/site-packages/airflow/example_dags/example_skip_dag.py
[2025-03-24T08:29:58.964+0000] {processor.py:925} INFO - DAG(s) 'example_skip_dag' retrieved from /home/airflow/.local/lib/python3.12/site-packages/airflow/example_dags/example_skip_dag.py
[2025-03-24T08:29:58.989+0000] {logging_mixin.py:190} INFO - [2025-03-24T08:29:58.989+0000] {dag.py:3239} INFO - Sync 1 DAGs
[2025-03-24T08:29:59.020+0000] {logging_mixin.py:190} INFO - [2025-03-24T08:29:59.020+0000] {dag.py:4180} INFO - Setting next_dagrun for example_skip_dag to 2025-03-23 00:00:00+00:00, run_after=2025-03-24 00:00:00+00:00
[2025-03-24T08:29:59.045+0000] {processor.py:208} INFO - Processing /home/airflow/.local/lib/python3.12/site-packages/airflow/example_dags/example_skip_dag.py took 0.102 seconds
[2025-03-24T08:30:30.133+0000] {processor.py:186} INFO - Started process (PID=2634) to work on /home/airflow/.local/lib/python3.12/site-packages/airflow/example_dags/example_skip_dag.py
[2025-03-24T08:30:30.134+0000] {processor.py:914} INFO - Processing file /home/airflow/.local/lib/python3.12/site-packages/airflow/example_dags/example_skip_dag.py for tasks to queue
[2025-03-24T08:30:30.137+0000] {logging_mixin.py:190} INFO - [2025-03-24T08:30:30.137+0000] {dagbag.py:588} INFO - Filling up the DagBag from /home/airflow/.local/lib/python3.12/site-packages/airflow/example_dags/example_skip_dag.py
[2025-03-24T08:30:30.146+0000] {processor.py:925} INFO - DAG(s) 'example_skip_dag' retrieved from /home/airflow/.local/lib/python3.12/site-packages/airflow/example_dags/example_skip_dag.py
[2025-03-24T08:30:30.170+0000] {logging_mixin.py:190} INFO - [2025-03-24T08:30:30.169+0000] {dag.py:3239} INFO - Sync 1 DAGs
[2025-03-24T08:30:30.205+0000] {logging_mixin.py:190} INFO - [2025-03-24T08:30:30.204+0000] {dag.py:4180} INFO - Setting next_dagrun for example_skip_dag to 2025-03-23 00:00:00+00:00, run_after=2025-03-24 00:00:00+00:00
[2025-03-24T08:30:30.235+0000] {processor.py:208} INFO - Processing /home/airflow/.local/lib/python3.12/site-packages/airflow/example_dags/example_skip_dag.py took 0.109 seconds
[2025-03-24T08:31:00.843+0000] {processor.py:186} INFO - Started process (PID=2698) to work on /home/airflow/.local/lib/python3.12/site-packages/airflow/example_dags/example_skip_dag.py
[2025-03-24T08:31:00.844+0000] {processor.py:914} INFO - Processing file /home/airflow/.local/lib/python3.12/site-packages/airflow/example_dags/example_skip_dag.py for tasks to queue
[2025-03-24T08:31:00.847+0000] {logging_mixin.py:190} INFO - [2025-03-24T08:31:00.847+0000] {dagbag.py:588} INFO - Filling up the DagBag from /home/airflow/.local/lib/python3.12/site-packages/airflow/example_dags/example_skip_dag.py
[2025-03-24T08:31:00.856+0000] {processor.py:925} INFO - DAG(s) 'example_skip_dag' retrieved from /home/airflow/.local/lib/python3.12/site-packages/airflow/example_dags/example_skip_dag.py
[2025-03-24T08:31:00.880+0000] {logging_mixin.py:190} INFO - [2025-03-24T08:31:00.880+0000] {dag.py:3239} INFO - Sync 1 DAGs
[2025-03-24T08:31:00.907+0000] {logging_mixin.py:190} INFO - [2025-03-24T08:31:00.907+0000] {dag.py:4180} INFO - Setting next_dagrun for example_skip_dag to 2025-03-23 00:00:00+00:00, run_after=2025-03-24 00:00:00+00:00
[2025-03-24T08:31:00.927+0000] {processor.py:208} INFO - Processing /home/airflow/.local/lib/python3.12/site-packages/airflow/example_dags/example_skip_dag.py took 0.091 seconds
[2025-03-24T08:31:31.848+0000] {processor.py:186} INFO - Started process (PID=2752) to work on /home/airflow/.local/lib/python3.12/site-packages/airflow/example_dags/example_skip_dag.py
[2025-03-24T08:31:31.849+0000] {processor.py:914} INFO - Processing file /home/airflow/.local/lib/python3.12/site-packages/airflow/example_dags/example_skip_dag.py for tasks to queue
[2025-03-24T08:31:31.851+0000] {logging_mixin.py:190} INFO - [2025-03-24T08:31:31.851+0000] {dagbag.py:588} INFO - Filling up the DagBag from /home/airflow/.local/lib/python3.12/site-packages/airflow/example_dags/example_skip_dag.py
[2025-03-24T08:31:31.860+0000] {processor.py:925} INFO - DAG(s) 'example_skip_dag' retrieved from /home/airflow/.local/lib/python3.12/site-packages/airflow/example_dags/example_skip_dag.py
[2025-03-24T08:31:31.885+0000] {logging_mixin.py:190} INFO - [2025-03-24T08:31:31.884+0000] {dag.py:3239} INFO - Sync 1 DAGs
[2025-03-24T08:31:31.910+0000] {logging_mixin.py:190} INFO - [2025-03-24T08:31:31.909+0000] {dag.py:4180} INFO - Setting next_dagrun for example_skip_dag to 2025-03-23 00:00:00+00:00, run_after=2025-03-24 00:00:00+00:00
[2025-03-24T08:31:31.934+0000] {processor.py:208} INFO - Processing /home/airflow/.local/lib/python3.12/site-packages/airflow/example_dags/example_skip_dag.py took 0.092 seconds
[2025-03-24T08:32:03.241+0000] {processor.py:186} INFO - Started process (PID=2816) to work on /home/airflow/.local/lib/python3.12/site-packages/airflow/example_dags/example_skip_dag.py
[2025-03-24T08:32:03.242+0000] {processor.py:914} INFO - Processing file /home/airflow/.local/lib/python3.12/site-packages/airflow/example_dags/example_skip_dag.py for tasks to queue
[2025-03-24T08:32:03.245+0000] {logging_mixin.py:190} INFO - [2025-03-24T08:32:03.244+0000] {dagbag.py:588} INFO - Filling up the DagBag from /home/airflow/.local/lib/python3.12/site-packages/airflow/example_dags/example_skip_dag.py
[2025-03-24T08:32:03.260+0000] {processor.py:925} INFO - DAG(s) 'example_skip_dag' retrieved from /home/airflow/.local/lib/python3.12/site-packages/airflow/example_dags/example_skip_dag.py
[2025-03-24T08:32:03.286+0000] {logging_mixin.py:190} INFO - [2025-03-24T08:32:03.285+0000] {dag.py:3239} INFO - Sync 1 DAGs
[2025-03-24T08:32:03.315+0000] {logging_mixin.py:190} INFO - [2025-03-24T08:32:03.315+0000] {dag.py:4180} INFO - Setting next_dagrun for example_skip_dag to 2025-03-23 00:00:00+00:00, run_after=2025-03-24 00:00:00+00:00
[2025-03-24T08:32:03.340+0000] {processor.py:208} INFO - Processing /home/airflow/.local/lib/python3.12/site-packages/airflow/example_dags/example_skip_dag.py took 0.106 seconds
[2025-03-24T08:32:34.142+0000] {processor.py:186} INFO - Started process (PID=2875) to work on /home/airflow/.local/lib/python3.12/site-packages/airflow/example_dags/example_skip_dag.py
[2025-03-24T08:32:34.143+0000] {processor.py:914} INFO - Processing file /home/airflow/.local/lib/python3.12/site-packages/airflow/example_dags/example_skip_dag.py for tasks to queue
[2025-03-24T08:32:34.146+0000] {logging_mixin.py:190} INFO - [2025-03-24T08:32:34.146+0000] {dagbag.py:588} INFO - Filling up the DagBag from /home/airflow/.local/lib/python3.12/site-packages/airflow/example_dags/example_skip_dag.py
[2025-03-24T08:32:34.155+0000] {processor.py:925} INFO - DAG(s) 'example_skip_dag' retrieved from /home/airflow/.local/lib/python3.12/site-packages/airflow/example_dags/example_skip_dag.py
[2025-03-24T08:32:34.180+0000] {logging_mixin.py:190} INFO - [2025-03-24T08:32:34.180+0000] {dag.py:3239} INFO - Sync 1 DAGs
[2025-03-24T08:32:34.205+0000] {logging_mixin.py:190} INFO - [2025-03-24T08:32:34.204+0000] {dag.py:4180} INFO - Setting next_dagrun for example_skip_dag to 2025-03-23 00:00:00+00:00, run_after=2025-03-24 00:00:00+00:00
[2025-03-24T08:32:34.229+0000] {processor.py:208} INFO - Processing /home/airflow/.local/lib/python3.12/site-packages/airflow/example_dags/example_skip_dag.py took 0.094 seconds
[2025-03-24T08:33:05.820+0000] {processor.py:186} INFO - Started process (PID=2944) to work on /home/airflow/.local/lib/python3.12/site-packages/airflow/example_dags/example_skip_dag.py
[2025-03-24T08:33:05.821+0000] {processor.py:914} INFO - Processing file /home/airflow/.local/lib/python3.12/site-packages/airflow/example_dags/example_skip_dag.py for tasks to queue
[2025-03-24T08:33:05.823+0000] {logging_mixin.py:190} INFO - [2025-03-24T08:33:05.823+0000] {dagbag.py:588} INFO - Filling up the DagBag from /home/airflow/.local/lib/python3.12/site-packages/airflow/example_dags/example_skip_dag.py
[2025-03-24T08:33:05.832+0000] {processor.py:925} INFO - DAG(s) 'example_skip_dag' retrieved from /home/airflow/.local/lib/python3.12/site-packages/airflow/example_dags/example_skip_dag.py
[2025-03-24T08:33:05.855+0000] {logging_mixin.py:190} INFO - [2025-03-24T08:33:05.855+0000] {dag.py:3239} INFO - Sync 1 DAGs
[2025-03-24T08:33:05.882+0000] {logging_mixin.py:190} INFO - [2025-03-24T08:33:05.882+0000] {dag.py:4180} INFO - Setting next_dagrun for example_skip_dag to 2025-03-23 00:00:00+00:00, run_after=2025-03-24 00:00:00+00:00
[2025-03-24T08:33:05.902+0000] {processor.py:208} INFO - Processing /home/airflow/.local/lib/python3.12/site-packages/airflow/example_dags/example_skip_dag.py took 0.089 seconds
