[2025-03-24T08:10:11.818+0000] {processor.py:186} INFO - Started process (PID=97) to work on /home/airflow/.local/lib/python3.12/site-packages/airflow/example_dags/example_inlet_event_extra.py
[2025-03-24T08:10:11.819+0000] {processor.py:914} INFO - Processing file /home/airflow/.local/lib/python3.12/site-packages/airflow/example_dags/example_inlet_event_extra.py for tasks to queue
[2025-03-24T08:10:11.822+0000] {logging_mixin.py:190} INFO - [2025-03-24T08:10:11.822+0000] {dagbag.py:588} INFO - Filling up the DagBag from /home/airflow/.local/lib/python3.12/site-packages/airflow/example_dags/example_inlet_event_extra.py
[2025-03-24T08:10:12.494+0000] {processor.py:925} INFO - DAG(s) 'read_dataset_event_from_classic', 'read_dataset_event' retrieved from /home/airflow/.local/lib/python3.12/site-packages/airflow/example_dags/example_inlet_event_extra.py
[2025-03-24T08:10:12.617+0000] {logging_mixin.py:190} INFO - [2025-03-24T08:10:12.616+0000] {override.py:1912} INFO - Created Permission View: can read on DAG:read_dataset_event_from_classic
[2025-03-24T08:10:12.628+0000] {logging_mixin.py:190} INFO - [2025-03-24T08:10:12.628+0000] {override.py:1912} INFO - Created Permission View: can delete on DAG:read_dataset_event_from_classic
[2025-03-24T08:10:12.637+0000] {logging_mixin.py:190} INFO - [2025-03-24T08:10:12.637+0000] {override.py:1912} INFO - Created Permission View: can edit on DAG:read_dataset_event_from_classic
[2025-03-24T08:10:12.647+0000] {logging_mixin.py:190} INFO - [2025-03-24T08:10:12.647+0000] {override.py:1912} INFO - Created Permission View: can create on DAG Run:read_dataset_event_from_classic
[2025-03-24T08:10:12.656+0000] {logging_mixin.py:190} INFO - [2025-03-24T08:10:12.656+0000] {override.py:1912} INFO - Created Permission View: menu access on DAG Run:read_dataset_event_from_classic
[2025-03-24T08:10:12.665+0000] {logging_mixin.py:190} INFO - [2025-03-24T08:10:12.665+0000] {override.py:1912} INFO - Created Permission View: can read on DAG Run:read_dataset_event_from_classic
[2025-03-24T08:10:12.674+0000] {logging_mixin.py:190} INFO - [2025-03-24T08:10:12.674+0000] {override.py:1912} INFO - Created Permission View: can delete on DAG Run:read_dataset_event_from_classic
[2025-03-24T08:10:12.691+0000] {logging_mixin.py:190} INFO - [2025-03-24T08:10:12.690+0000] {override.py:1912} INFO - Created Permission View: can read on DAG:read_dataset_event
[2025-03-24T08:10:12.699+0000] {logging_mixin.py:190} INFO - [2025-03-24T08:10:12.699+0000] {override.py:1912} INFO - Created Permission View: can delete on DAG:read_dataset_event
[2025-03-24T08:10:12.707+0000] {logging_mixin.py:190} INFO - [2025-03-24T08:10:12.707+0000] {override.py:1912} INFO - Created Permission View: can edit on DAG:read_dataset_event
[2025-03-24T08:10:12.717+0000] {logging_mixin.py:190} INFO - [2025-03-24T08:10:12.717+0000] {override.py:1912} INFO - Created Permission View: can create on DAG Run:read_dataset_event
[2025-03-24T08:10:12.726+0000] {logging_mixin.py:190} INFO - [2025-03-24T08:10:12.726+0000] {override.py:1912} INFO - Created Permission View: menu access on DAG Run:read_dataset_event
[2025-03-24T08:10:12.735+0000] {logging_mixin.py:190} INFO - [2025-03-24T08:10:12.734+0000] {override.py:1912} INFO - Created Permission View: can read on DAG Run:read_dataset_event
[2025-03-24T08:10:12.743+0000] {logging_mixin.py:190} INFO - [2025-03-24T08:10:12.742+0000] {override.py:1912} INFO - Created Permission View: can delete on DAG Run:read_dataset_event
[2025-03-24T08:10:12.744+0000] {logging_mixin.py:190} INFO - [2025-03-24T08:10:12.743+0000] {dag.py:3239} INFO - Sync 2 DAGs
[2025-03-24T08:10:12.759+0000] {logging_mixin.py:190} INFO - [2025-03-24T08:10:12.758+0000] {dag.py:3262} INFO - Creating ORM DAG for read_dataset_event_from_classic
[2025-03-24T08:10:12.760+0000] {logging_mixin.py:190} INFO - [2025-03-24T08:10:12.760+0000] {dag.py:3262} INFO - Creating ORM DAG for read_dataset_event
[2025-03-24T08:10:12.773+0000] {logging_mixin.py:190} INFO - [2025-03-24T08:10:12.773+0000] {dag.py:4180} INFO - Setting next_dagrun for read_dataset_event to 2025-03-23 00:00:00+00:00, run_after=2025-03-24 00:00:00+00:00
[2025-03-24T08:10:12.776+0000] {logging_mixin.py:190} INFO - [2025-03-24T08:10:12.775+0000] {dag.py:4180} INFO - Setting next_dagrun for read_dataset_event_from_classic to 2025-03-23 00:00:00+00:00, run_after=2025-03-24 00:00:00+00:00
[2025-03-24T08:10:12.797+0000] {processor.py:208} INFO - Processing /home/airflow/.local/lib/python3.12/site-packages/airflow/example_dags/example_inlet_event_extra.py took 0.986 seconds
[2025-03-24T08:10:43.382+0000] {processor.py:186} INFO - Started process (PID=162) to work on /home/airflow/.local/lib/python3.12/site-packages/airflow/example_dags/example_inlet_event_extra.py
[2025-03-24T08:10:43.383+0000] {processor.py:914} INFO - Processing file /home/airflow/.local/lib/python3.12/site-packages/airflow/example_dags/example_inlet_event_extra.py for tasks to queue
[2025-03-24T08:10:43.386+0000] {logging_mixin.py:190} INFO - [2025-03-24T08:10:43.385+0000] {dagbag.py:588} INFO - Filling up the DagBag from /home/airflow/.local/lib/python3.12/site-packages/airflow/example_dags/example_inlet_event_extra.py
[2025-03-24T08:10:44.051+0000] {processor.py:925} INFO - DAG(s) 'read_dataset_event', 'read_dataset_event_from_classic' retrieved from /home/airflow/.local/lib/python3.12/site-packages/airflow/example_dags/example_inlet_event_extra.py
[2025-03-24T08:10:44.074+0000] {logging_mixin.py:190} INFO - [2025-03-24T08:10:44.074+0000] {dag.py:3239} INFO - Sync 2 DAGs
[2025-03-24T08:10:44.102+0000] {logging_mixin.py:190} INFO - [2025-03-24T08:10:44.102+0000] {dag.py:4180} INFO - Setting next_dagrun for read_dataset_event to 2025-03-23 00:00:00+00:00, run_after=2025-03-24 00:00:00+00:00
[2025-03-24T08:10:44.110+0000] {logging_mixin.py:190} INFO - [2025-03-24T08:10:44.110+0000] {dag.py:4180} INFO - Setting next_dagrun for read_dataset_event_from_classic to 2025-03-23 00:00:00+00:00, run_after=2025-03-24 00:00:00+00:00
[2025-03-24T08:10:44.134+0000] {processor.py:208} INFO - Processing /home/airflow/.local/lib/python3.12/site-packages/airflow/example_dags/example_inlet_event_extra.py took 0.759 seconds
[2025-03-24T08:11:14.835+0000] {processor.py:186} INFO - Started process (PID=228) to work on /home/airflow/.local/lib/python3.12/site-packages/airflow/example_dags/example_inlet_event_extra.py
[2025-03-24T08:11:14.837+0000] {processor.py:914} INFO - Processing file /home/airflow/.local/lib/python3.12/site-packages/airflow/example_dags/example_inlet_event_extra.py for tasks to queue
[2025-03-24T08:11:14.839+0000] {logging_mixin.py:190} INFO - [2025-03-24T08:11:14.839+0000] {dagbag.py:588} INFO - Filling up the DagBag from /home/airflow/.local/lib/python3.12/site-packages/airflow/example_dags/example_inlet_event_extra.py
[2025-03-24T08:11:15.444+0000] {processor.py:925} INFO - DAG(s) 'read_dataset_event_from_classic', 'read_dataset_event' retrieved from /home/airflow/.local/lib/python3.12/site-packages/airflow/example_dags/example_inlet_event_extra.py
[2025-03-24T08:11:15.467+0000] {logging_mixin.py:190} INFO - [2025-03-24T08:11:15.466+0000] {dag.py:3239} INFO - Sync 2 DAGs
[2025-03-24T08:11:15.493+0000] {logging_mixin.py:190} INFO - [2025-03-24T08:11:15.493+0000] {dag.py:4180} INFO - Setting next_dagrun for read_dataset_event to 2025-03-23 00:00:00+00:00, run_after=2025-03-24 00:00:00+00:00
[2025-03-24T08:11:15.499+0000] {logging_mixin.py:190} INFO - [2025-03-24T08:11:15.499+0000] {dag.py:4180} INFO - Setting next_dagrun for read_dataset_event_from_classic to 2025-03-23 00:00:00+00:00, run_after=2025-03-24 00:00:00+00:00
[2025-03-24T08:11:15.520+0000] {processor.py:208} INFO - Processing /home/airflow/.local/lib/python3.12/site-packages/airflow/example_dags/example_inlet_event_extra.py took 0.691 seconds
[2025-03-24T08:11:46.229+0000] {processor.py:186} INFO - Started process (PID=292) to work on /home/airflow/.local/lib/python3.12/site-packages/airflow/example_dags/example_inlet_event_extra.py
[2025-03-24T08:11:46.230+0000] {processor.py:914} INFO - Processing file /home/airflow/.local/lib/python3.12/site-packages/airflow/example_dags/example_inlet_event_extra.py for tasks to queue
[2025-03-24T08:11:46.233+0000] {logging_mixin.py:190} INFO - [2025-03-24T08:11:46.233+0000] {dagbag.py:588} INFO - Filling up the DagBag from /home/airflow/.local/lib/python3.12/site-packages/airflow/example_dags/example_inlet_event_extra.py
[2025-03-24T08:11:46.923+0000] {processor.py:925} INFO - DAG(s) 'read_dataset_event_from_classic', 'read_dataset_event' retrieved from /home/airflow/.local/lib/python3.12/site-packages/airflow/example_dags/example_inlet_event_extra.py
[2025-03-24T08:11:46.945+0000] {logging_mixin.py:190} INFO - [2025-03-24T08:11:46.945+0000] {dag.py:3239} INFO - Sync 2 DAGs
[2025-03-24T08:11:46.976+0000] {logging_mixin.py:190} INFO - [2025-03-24T08:11:46.975+0000] {dag.py:4180} INFO - Setting next_dagrun for read_dataset_event to 2025-03-23 00:00:00+00:00, run_after=2025-03-24 00:00:00+00:00
[2025-03-24T08:11:46.983+0000] {logging_mixin.py:190} INFO - [2025-03-24T08:11:46.983+0000] {dag.py:4180} INFO - Setting next_dagrun for read_dataset_event_from_classic to 2025-03-23 00:00:00+00:00, run_after=2025-03-24 00:00:00+00:00
[2025-03-24T08:11:47.004+0000] {processor.py:208} INFO - Processing /home/airflow/.local/lib/python3.12/site-packages/airflow/example_dags/example_inlet_event_extra.py took 0.782 seconds
[2025-03-24T08:12:17.326+0000] {processor.py:186} INFO - Started process (PID=356) to work on /home/airflow/.local/lib/python3.12/site-packages/airflow/example_dags/example_inlet_event_extra.py
[2025-03-24T08:12:17.327+0000] {processor.py:914} INFO - Processing file /home/airflow/.local/lib/python3.12/site-packages/airflow/example_dags/example_inlet_event_extra.py for tasks to queue
[2025-03-24T08:12:17.330+0000] {logging_mixin.py:190} INFO - [2025-03-24T08:12:17.330+0000] {dagbag.py:588} INFO - Filling up the DagBag from /home/airflow/.local/lib/python3.12/site-packages/airflow/example_dags/example_inlet_event_extra.py
[2025-03-24T08:12:17.941+0000] {processor.py:925} INFO - DAG(s) 'read_dataset_event_from_classic', 'read_dataset_event' retrieved from /home/airflow/.local/lib/python3.12/site-packages/airflow/example_dags/example_inlet_event_extra.py
[2025-03-24T08:12:17.966+0000] {logging_mixin.py:190} INFO - [2025-03-24T08:12:17.966+0000] {dag.py:3239} INFO - Sync 2 DAGs
[2025-03-24T08:12:17.993+0000] {logging_mixin.py:190} INFO - [2025-03-24T08:12:17.993+0000] {dag.py:4180} INFO - Setting next_dagrun for read_dataset_event to 2025-03-23 00:00:00+00:00, run_after=2025-03-24 00:00:00+00:00
[2025-03-24T08:12:17.999+0000] {logging_mixin.py:190} INFO - [2025-03-24T08:12:17.999+0000] {dag.py:4180} INFO - Setting next_dagrun for read_dataset_event_from_classic to 2025-03-23 00:00:00+00:00, run_after=2025-03-24 00:00:00+00:00
[2025-03-24T08:12:18.020+0000] {processor.py:208} INFO - Processing /home/airflow/.local/lib/python3.12/site-packages/airflow/example_dags/example_inlet_event_extra.py took 0.700 seconds
[2025-03-24T08:12:48.630+0000] {processor.py:186} INFO - Started process (PID=420) to work on /home/airflow/.local/lib/python3.12/site-packages/airflow/example_dags/example_inlet_event_extra.py
[2025-03-24T08:12:48.631+0000] {processor.py:914} INFO - Processing file /home/airflow/.local/lib/python3.12/site-packages/airflow/example_dags/example_inlet_event_extra.py for tasks to queue
[2025-03-24T08:12:48.634+0000] {logging_mixin.py:190} INFO - [2025-03-24T08:12:48.634+0000] {dagbag.py:588} INFO - Filling up the DagBag from /home/airflow/.local/lib/python3.12/site-packages/airflow/example_dags/example_inlet_event_extra.py
[2025-03-24T08:12:49.243+0000] {processor.py:925} INFO - DAG(s) 'read_dataset_event', 'read_dataset_event_from_classic' retrieved from /home/airflow/.local/lib/python3.12/site-packages/airflow/example_dags/example_inlet_event_extra.py
[2025-03-24T08:12:49.266+0000] {logging_mixin.py:190} INFO - [2025-03-24T08:12:49.266+0000] {dag.py:3239} INFO - Sync 2 DAGs
[2025-03-24T08:12:49.294+0000] {logging_mixin.py:190} INFO - [2025-03-24T08:12:49.294+0000] {dag.py:4180} INFO - Setting next_dagrun for read_dataset_event to 2025-03-23 00:00:00+00:00, run_after=2025-03-24 00:00:00+00:00
[2025-03-24T08:12:49.300+0000] {logging_mixin.py:190} INFO - [2025-03-24T08:12:49.300+0000] {dag.py:4180} INFO - Setting next_dagrun for read_dataset_event_from_classic to 2025-03-23 00:00:00+00:00, run_after=2025-03-24 00:00:00+00:00
[2025-03-24T08:12:49.321+0000] {processor.py:208} INFO - Processing /home/airflow/.local/lib/python3.12/site-packages/airflow/example_dags/example_inlet_event_extra.py took 0.697 seconds
[2025-03-24T08:13:19.707+0000] {processor.py:186} INFO - Started process (PID=484) to work on /home/airflow/.local/lib/python3.12/site-packages/airflow/example_dags/example_inlet_event_extra.py
[2025-03-24T08:13:19.708+0000] {processor.py:914} INFO - Processing file /home/airflow/.local/lib/python3.12/site-packages/airflow/example_dags/example_inlet_event_extra.py for tasks to queue
[2025-03-24T08:13:19.711+0000] {logging_mixin.py:190} INFO - [2025-03-24T08:13:19.710+0000] {dagbag.py:588} INFO - Filling up the DagBag from /home/airflow/.local/lib/python3.12/site-packages/airflow/example_dags/example_inlet_event_extra.py
[2025-03-24T08:13:20.323+0000] {processor.py:925} INFO - DAG(s) 'read_dataset_event_from_classic', 'read_dataset_event' retrieved from /home/airflow/.local/lib/python3.12/site-packages/airflow/example_dags/example_inlet_event_extra.py
[2025-03-24T08:13:20.345+0000] {logging_mixin.py:190} INFO - [2025-03-24T08:13:20.345+0000] {dag.py:3239} INFO - Sync 2 DAGs
[2025-03-24T08:13:20.373+0000] {logging_mixin.py:190} INFO - [2025-03-24T08:13:20.373+0000] {dag.py:4180} INFO - Setting next_dagrun for read_dataset_event to 2025-03-23 00:00:00+00:00, run_after=2025-03-24 00:00:00+00:00
[2025-03-24T08:13:20.379+0000] {logging_mixin.py:190} INFO - [2025-03-24T08:13:20.379+0000] {dag.py:4180} INFO - Setting next_dagrun for read_dataset_event_from_classic to 2025-03-23 00:00:00+00:00, run_after=2025-03-24 00:00:00+00:00
[2025-03-24T08:13:20.397+0000] {processor.py:208} INFO - Processing /home/airflow/.local/lib/python3.12/site-packages/airflow/example_dags/example_inlet_event_extra.py took 0.696 seconds
[2025-03-24T08:13:50.684+0000] {processor.py:186} INFO - Started process (PID=548) to work on /home/airflow/.local/lib/python3.12/site-packages/airflow/example_dags/example_inlet_event_extra.py
[2025-03-24T08:13:50.685+0000] {processor.py:914} INFO - Processing file /home/airflow/.local/lib/python3.12/site-packages/airflow/example_dags/example_inlet_event_extra.py for tasks to queue
[2025-03-24T08:13:50.688+0000] {logging_mixin.py:190} INFO - [2025-03-24T08:13:50.688+0000] {dagbag.py:588} INFO - Filling up the DagBag from /home/airflow/.local/lib/python3.12/site-packages/airflow/example_dags/example_inlet_event_extra.py
[2025-03-24T08:13:51.314+0000] {processor.py:925} INFO - DAG(s) 'read_dataset_event', 'read_dataset_event_from_classic' retrieved from /home/airflow/.local/lib/python3.12/site-packages/airflow/example_dags/example_inlet_event_extra.py
[2025-03-24T08:13:51.338+0000] {logging_mixin.py:190} INFO - [2025-03-24T08:13:51.338+0000] {dag.py:3239} INFO - Sync 2 DAGs
[2025-03-24T08:13:51.367+0000] {logging_mixin.py:190} INFO - [2025-03-24T08:13:51.367+0000] {dag.py:4180} INFO - Setting next_dagrun for read_dataset_event to 2025-03-23 00:00:00+00:00, run_after=2025-03-24 00:00:00+00:00
[2025-03-24T08:13:51.375+0000] {logging_mixin.py:190} INFO - [2025-03-24T08:13:51.375+0000] {dag.py:4180} INFO - Setting next_dagrun for read_dataset_event_from_classic to 2025-03-23 00:00:00+00:00, run_after=2025-03-24 00:00:00+00:00
[2025-03-24T08:13:51.395+0000] {processor.py:208} INFO - Processing /home/airflow/.local/lib/python3.12/site-packages/airflow/example_dags/example_inlet_event_extra.py took 0.717 seconds
[2025-03-24T08:14:21.827+0000] {processor.py:186} INFO - Started process (PID=612) to work on /home/airflow/.local/lib/python3.12/site-packages/airflow/example_dags/example_inlet_event_extra.py
[2025-03-24T08:14:21.829+0000] {processor.py:914} INFO - Processing file /home/airflow/.local/lib/python3.12/site-packages/airflow/example_dags/example_inlet_event_extra.py for tasks to queue
[2025-03-24T08:14:21.832+0000] {logging_mixin.py:190} INFO - [2025-03-24T08:14:21.831+0000] {dagbag.py:588} INFO - Filling up the DagBag from /home/airflow/.local/lib/python3.12/site-packages/airflow/example_dags/example_inlet_event_extra.py
[2025-03-24T08:14:22.451+0000] {processor.py:925} INFO - DAG(s) 'read_dataset_event_from_classic', 'read_dataset_event' retrieved from /home/airflow/.local/lib/python3.12/site-packages/airflow/example_dags/example_inlet_event_extra.py
[2025-03-24T08:14:22.472+0000] {logging_mixin.py:190} INFO - [2025-03-24T08:14:22.472+0000] {dag.py:3239} INFO - Sync 2 DAGs
[2025-03-24T08:14:22.499+0000] {logging_mixin.py:190} INFO - [2025-03-24T08:14:22.499+0000] {dag.py:4180} INFO - Setting next_dagrun for read_dataset_event to 2025-03-23 00:00:00+00:00, run_after=2025-03-24 00:00:00+00:00
[2025-03-24T08:14:22.505+0000] {logging_mixin.py:190} INFO - [2025-03-24T08:14:22.505+0000] {dag.py:4180} INFO - Setting next_dagrun for read_dataset_event_from_classic to 2025-03-23 00:00:00+00:00, run_after=2025-03-24 00:00:00+00:00
[2025-03-24T08:14:22.527+0000] {processor.py:208} INFO - Processing /home/airflow/.local/lib/python3.12/site-packages/airflow/example_dags/example_inlet_event_extra.py took 0.705 seconds
[2025-03-24T08:14:52.856+0000] {processor.py:186} INFO - Started process (PID=676) to work on /home/airflow/.local/lib/python3.12/site-packages/airflow/example_dags/example_inlet_event_extra.py
[2025-03-24T08:14:52.857+0000] {processor.py:914} INFO - Processing file /home/airflow/.local/lib/python3.12/site-packages/airflow/example_dags/example_inlet_event_extra.py for tasks to queue
[2025-03-24T08:14:52.860+0000] {logging_mixin.py:190} INFO - [2025-03-24T08:14:52.860+0000] {dagbag.py:588} INFO - Filling up the DagBag from /home/airflow/.local/lib/python3.12/site-packages/airflow/example_dags/example_inlet_event_extra.py
[2025-03-24T08:14:53.469+0000] {processor.py:925} INFO - DAG(s) 'read_dataset_event_from_classic', 'read_dataset_event' retrieved from /home/airflow/.local/lib/python3.12/site-packages/airflow/example_dags/example_inlet_event_extra.py
[2025-03-24T08:14:53.491+0000] {logging_mixin.py:190} INFO - [2025-03-24T08:14:53.491+0000] {dag.py:3239} INFO - Sync 2 DAGs
[2025-03-24T08:14:53.518+0000] {logging_mixin.py:190} INFO - [2025-03-24T08:14:53.517+0000] {dag.py:4180} INFO - Setting next_dagrun for read_dataset_event to 2025-03-23 00:00:00+00:00, run_after=2025-03-24 00:00:00+00:00
[2025-03-24T08:14:53.524+0000] {logging_mixin.py:190} INFO - [2025-03-24T08:14:53.524+0000] {dag.py:4180} INFO - Setting next_dagrun for read_dataset_event_from_classic to 2025-03-23 00:00:00+00:00, run_after=2025-03-24 00:00:00+00:00
[2025-03-24T08:14:53.544+0000] {processor.py:208} INFO - Processing /home/airflow/.local/lib/python3.12/site-packages/airflow/example_dags/example_inlet_event_extra.py took 0.695 seconds
[2025-03-24T08:15:24.087+0000] {processor.py:186} INFO - Started process (PID=740) to work on /home/airflow/.local/lib/python3.12/site-packages/airflow/example_dags/example_inlet_event_extra.py
[2025-03-24T08:15:24.088+0000] {processor.py:914} INFO - Processing file /home/airflow/.local/lib/python3.12/site-packages/airflow/example_dags/example_inlet_event_extra.py for tasks to queue
[2025-03-24T08:15:24.091+0000] {logging_mixin.py:190} INFO - [2025-03-24T08:15:24.090+0000] {dagbag.py:588} INFO - Filling up the DagBag from /home/airflow/.local/lib/python3.12/site-packages/airflow/example_dags/example_inlet_event_extra.py
[2025-03-24T08:15:24.698+0000] {processor.py:925} INFO - DAG(s) 'read_dataset_event', 'read_dataset_event_from_classic' retrieved from /home/airflow/.local/lib/python3.12/site-packages/airflow/example_dags/example_inlet_event_extra.py
[2025-03-24T08:15:24.722+0000] {logging_mixin.py:190} INFO - [2025-03-24T08:15:24.722+0000] {dag.py:3239} INFO - Sync 2 DAGs
[2025-03-24T08:15:24.750+0000] {logging_mixin.py:190} INFO - [2025-03-24T08:15:24.749+0000] {dag.py:4180} INFO - Setting next_dagrun for read_dataset_event to 2025-03-23 00:00:00+00:00, run_after=2025-03-24 00:00:00+00:00
[2025-03-24T08:15:24.756+0000] {logging_mixin.py:190} INFO - [2025-03-24T08:15:24.755+0000] {dag.py:4180} INFO - Setting next_dagrun for read_dataset_event_from_classic to 2025-03-23 00:00:00+00:00, run_after=2025-03-24 00:00:00+00:00
[2025-03-24T08:15:24.773+0000] {processor.py:208} INFO - Processing /home/airflow/.local/lib/python3.12/site-packages/airflow/example_dags/example_inlet_event_extra.py took 0.692 seconds
[2025-03-24T08:15:54.872+0000] {processor.py:186} INFO - Started process (PID=804) to work on /home/airflow/.local/lib/python3.12/site-packages/airflow/example_dags/example_inlet_event_extra.py
[2025-03-24T08:15:54.873+0000] {processor.py:914} INFO - Processing file /home/airflow/.local/lib/python3.12/site-packages/airflow/example_dags/example_inlet_event_extra.py for tasks to queue
[2025-03-24T08:15:54.876+0000] {logging_mixin.py:190} INFO - [2025-03-24T08:15:54.876+0000] {dagbag.py:588} INFO - Filling up the DagBag from /home/airflow/.local/lib/python3.12/site-packages/airflow/example_dags/example_inlet_event_extra.py
[2025-03-24T08:15:55.509+0000] {processor.py:925} INFO - DAG(s) 'read_dataset_event', 'read_dataset_event_from_classic' retrieved from /home/airflow/.local/lib/python3.12/site-packages/airflow/example_dags/example_inlet_event_extra.py
[2025-03-24T08:15:55.533+0000] {logging_mixin.py:190} INFO - [2025-03-24T08:15:55.533+0000] {dag.py:3239} INFO - Sync 2 DAGs
[2025-03-24T08:15:55.563+0000] {logging_mixin.py:190} INFO - [2025-03-24T08:15:55.563+0000] {dag.py:4180} INFO - Setting next_dagrun for read_dataset_event to 2025-03-23 00:00:00+00:00, run_after=2025-03-24 00:00:00+00:00
[2025-03-24T08:15:55.570+0000] {logging_mixin.py:190} INFO - [2025-03-24T08:15:55.569+0000] {dag.py:4180} INFO - Setting next_dagrun for read_dataset_event_from_classic to 2025-03-23 00:00:00+00:00, run_after=2025-03-24 00:00:00+00:00
[2025-03-24T08:15:55.589+0000] {processor.py:208} INFO - Processing /home/airflow/.local/lib/python3.12/site-packages/airflow/example_dags/example_inlet_event_extra.py took 0.725 seconds
[2025-03-24T08:16:26.104+0000] {processor.py:186} INFO - Started process (PID=868) to work on /home/airflow/.local/lib/python3.12/site-packages/airflow/example_dags/example_inlet_event_extra.py
[2025-03-24T08:16:26.105+0000] {processor.py:914} INFO - Processing file /home/airflow/.local/lib/python3.12/site-packages/airflow/example_dags/example_inlet_event_extra.py for tasks to queue
[2025-03-24T08:16:26.108+0000] {logging_mixin.py:190} INFO - [2025-03-24T08:16:26.108+0000] {dagbag.py:588} INFO - Filling up the DagBag from /home/airflow/.local/lib/python3.12/site-packages/airflow/example_dags/example_inlet_event_extra.py
[2025-03-24T08:16:26.722+0000] {processor.py:925} INFO - DAG(s) 'read_dataset_event', 'read_dataset_event_from_classic' retrieved from /home/airflow/.local/lib/python3.12/site-packages/airflow/example_dags/example_inlet_event_extra.py
[2025-03-24T08:16:26.747+0000] {logging_mixin.py:190} INFO - [2025-03-24T08:16:26.746+0000] {dag.py:3239} INFO - Sync 2 DAGs
[2025-03-24T08:16:26.776+0000] {logging_mixin.py:190} INFO - [2025-03-24T08:16:26.776+0000] {dag.py:4180} INFO - Setting next_dagrun for read_dataset_event to 2025-03-23 00:00:00+00:00, run_after=2025-03-24 00:00:00+00:00
[2025-03-24T08:16:26.785+0000] {logging_mixin.py:190} INFO - [2025-03-24T08:16:26.784+0000] {dag.py:4180} INFO - Setting next_dagrun for read_dataset_event_from_classic to 2025-03-23 00:00:00+00:00, run_after=2025-03-24 00:00:00+00:00
[2025-03-24T08:16:26.807+0000] {processor.py:208} INFO - Processing /home/airflow/.local/lib/python3.12/site-packages/airflow/example_dags/example_inlet_event_extra.py took 0.709 seconds
[2025-03-24T08:16:57.404+0000] {processor.py:186} INFO - Started process (PID=932) to work on /home/airflow/.local/lib/python3.12/site-packages/airflow/example_dags/example_inlet_event_extra.py
[2025-03-24T08:16:57.405+0000] {processor.py:914} INFO - Processing file /home/airflow/.local/lib/python3.12/site-packages/airflow/example_dags/example_inlet_event_extra.py for tasks to queue
[2025-03-24T08:16:57.408+0000] {logging_mixin.py:190} INFO - [2025-03-24T08:16:57.407+0000] {dagbag.py:588} INFO - Filling up the DagBag from /home/airflow/.local/lib/python3.12/site-packages/airflow/example_dags/example_inlet_event_extra.py
[2025-03-24T08:16:58.013+0000] {processor.py:925} INFO - DAG(s) 'read_dataset_event', 'read_dataset_event_from_classic' retrieved from /home/airflow/.local/lib/python3.12/site-packages/airflow/example_dags/example_inlet_event_extra.py
[2025-03-24T08:16:58.035+0000] {logging_mixin.py:190} INFO - [2025-03-24T08:16:58.035+0000] {dag.py:3239} INFO - Sync 2 DAGs
[2025-03-24T08:16:58.061+0000] {logging_mixin.py:190} INFO - [2025-03-24T08:16:58.061+0000] {dag.py:4180} INFO - Setting next_dagrun for read_dataset_event to 2025-03-23 00:00:00+00:00, run_after=2025-03-24 00:00:00+00:00
[2025-03-24T08:16:58.067+0000] {logging_mixin.py:190} INFO - [2025-03-24T08:16:58.067+0000] {dag.py:4180} INFO - Setting next_dagrun for read_dataset_event_from_classic to 2025-03-23 00:00:00+00:00, run_after=2025-03-24 00:00:00+00:00
[2025-03-24T08:16:58.087+0000] {processor.py:208} INFO - Processing /home/airflow/.local/lib/python3.12/site-packages/airflow/example_dags/example_inlet_event_extra.py took 0.690 seconds
[2025-03-24T08:17:28.360+0000] {processor.py:186} INFO - Started process (PID=996) to work on /home/airflow/.local/lib/python3.12/site-packages/airflow/example_dags/example_inlet_event_extra.py
[2025-03-24T08:17:28.362+0000] {processor.py:914} INFO - Processing file /home/airflow/.local/lib/python3.12/site-packages/airflow/example_dags/example_inlet_event_extra.py for tasks to queue
[2025-03-24T08:17:28.364+0000] {logging_mixin.py:190} INFO - [2025-03-24T08:17:28.364+0000] {dagbag.py:588} INFO - Filling up the DagBag from /home/airflow/.local/lib/python3.12/site-packages/airflow/example_dags/example_inlet_event_extra.py
[2025-03-24T08:17:28.980+0000] {processor.py:925} INFO - DAG(s) 'read_dataset_event', 'read_dataset_event_from_classic' retrieved from /home/airflow/.local/lib/python3.12/site-packages/airflow/example_dags/example_inlet_event_extra.py
[2025-03-24T08:17:29.000+0000] {logging_mixin.py:190} INFO - [2025-03-24T08:17:29.000+0000] {dag.py:3239} INFO - Sync 2 DAGs
[2025-03-24T08:17:29.027+0000] {logging_mixin.py:190} INFO - [2025-03-24T08:17:29.027+0000] {dag.py:4180} INFO - Setting next_dagrun for read_dataset_event to 2025-03-23 00:00:00+00:00, run_after=2025-03-24 00:00:00+00:00
[2025-03-24T08:17:29.033+0000] {logging_mixin.py:190} INFO - [2025-03-24T08:17:29.033+0000] {dag.py:4180} INFO - Setting next_dagrun for read_dataset_event_from_classic to 2025-03-23 00:00:00+00:00, run_after=2025-03-24 00:00:00+00:00
[2025-03-24T08:17:29.054+0000] {processor.py:208} INFO - Processing /home/airflow/.local/lib/python3.12/site-packages/airflow/example_dags/example_inlet_event_extra.py took 0.700 seconds
[2025-03-24T08:17:59.452+0000] {processor.py:186} INFO - Started process (PID=1060) to work on /home/airflow/.local/lib/python3.12/site-packages/airflow/example_dags/example_inlet_event_extra.py
[2025-03-24T08:17:59.454+0000] {processor.py:914} INFO - Processing file /home/airflow/.local/lib/python3.12/site-packages/airflow/example_dags/example_inlet_event_extra.py for tasks to queue
[2025-03-24T08:17:59.456+0000] {logging_mixin.py:190} INFO - [2025-03-24T08:17:59.456+0000] {dagbag.py:588} INFO - Filling up the DagBag from /home/airflow/.local/lib/python3.12/site-packages/airflow/example_dags/example_inlet_event_extra.py
[2025-03-24T08:18:00.064+0000] {processor.py:925} INFO - DAG(s) 'read_dataset_event', 'read_dataset_event_from_classic' retrieved from /home/airflow/.local/lib/python3.12/site-packages/airflow/example_dags/example_inlet_event_extra.py
[2025-03-24T08:18:00.085+0000] {logging_mixin.py:190} INFO - [2025-03-24T08:18:00.085+0000] {dag.py:3239} INFO - Sync 2 DAGs
[2025-03-24T08:18:00.112+0000] {logging_mixin.py:190} INFO - [2025-03-24T08:18:00.112+0000] {dag.py:4180} INFO - Setting next_dagrun for read_dataset_event to 2025-03-23 00:00:00+00:00, run_after=2025-03-24 00:00:00+00:00
[2025-03-24T08:18:00.118+0000] {logging_mixin.py:190} INFO - [2025-03-24T08:18:00.118+0000] {dag.py:4180} INFO - Setting next_dagrun for read_dataset_event_from_classic to 2025-03-23 00:00:00+00:00, run_after=2025-03-24 00:00:00+00:00
[2025-03-24T08:18:00.139+0000] {processor.py:208} INFO - Processing /home/airflow/.local/lib/python3.12/site-packages/airflow/example_dags/example_inlet_event_extra.py took 0.693 seconds
[2025-03-24T08:18:30.437+0000] {processor.py:186} INFO - Started process (PID=1124) to work on /home/airflow/.local/lib/python3.12/site-packages/airflow/example_dags/example_inlet_event_extra.py
[2025-03-24T08:18:30.439+0000] {processor.py:914} INFO - Processing file /home/airflow/.local/lib/python3.12/site-packages/airflow/example_dags/example_inlet_event_extra.py for tasks to queue
[2025-03-24T08:18:30.441+0000] {logging_mixin.py:190} INFO - [2025-03-24T08:18:30.441+0000] {dagbag.py:588} INFO - Filling up the DagBag from /home/airflow/.local/lib/python3.12/site-packages/airflow/example_dags/example_inlet_event_extra.py
[2025-03-24T08:18:31.050+0000] {processor.py:925} INFO - DAG(s) 'read_dataset_event', 'read_dataset_event_from_classic' retrieved from /home/airflow/.local/lib/python3.12/site-packages/airflow/example_dags/example_inlet_event_extra.py
[2025-03-24T08:18:31.072+0000] {logging_mixin.py:190} INFO - [2025-03-24T08:18:31.072+0000] {dag.py:3239} INFO - Sync 2 DAGs
[2025-03-24T08:18:31.099+0000] {logging_mixin.py:190} INFO - [2025-03-24T08:18:31.099+0000] {dag.py:4180} INFO - Setting next_dagrun for read_dataset_event to 2025-03-23 00:00:00+00:00, run_after=2025-03-24 00:00:00+00:00
[2025-03-24T08:18:31.105+0000] {logging_mixin.py:190} INFO - [2025-03-24T08:18:31.105+0000] {dag.py:4180} INFO - Setting next_dagrun for read_dataset_event_from_classic to 2025-03-23 00:00:00+00:00, run_after=2025-03-24 00:00:00+00:00
[2025-03-24T08:18:31.127+0000] {processor.py:208} INFO - Processing /home/airflow/.local/lib/python3.12/site-packages/airflow/example_dags/example_inlet_event_extra.py took 0.696 seconds
[2025-03-24T08:19:01.946+0000] {processor.py:186} INFO - Started process (PID=1188) to work on /home/airflow/.local/lib/python3.12/site-packages/airflow/example_dags/example_inlet_event_extra.py
[2025-03-24T08:19:01.947+0000] {processor.py:914} INFO - Processing file /home/airflow/.local/lib/python3.12/site-packages/airflow/example_dags/example_inlet_event_extra.py for tasks to queue
[2025-03-24T08:19:01.949+0000] {logging_mixin.py:190} INFO - [2025-03-24T08:19:01.949+0000] {dagbag.py:588} INFO - Filling up the DagBag from /home/airflow/.local/lib/python3.12/site-packages/airflow/example_dags/example_inlet_event_extra.py
[2025-03-24T08:19:02.571+0000] {processor.py:925} INFO - DAG(s) 'read_dataset_event', 'read_dataset_event_from_classic' retrieved from /home/airflow/.local/lib/python3.12/site-packages/airflow/example_dags/example_inlet_event_extra.py
[2025-03-24T08:19:02.594+0000] {logging_mixin.py:190} INFO - [2025-03-24T08:19:02.594+0000] {dag.py:3239} INFO - Sync 2 DAGs
[2025-03-24T08:19:02.622+0000] {logging_mixin.py:190} INFO - [2025-03-24T08:19:02.622+0000] {dag.py:4180} INFO - Setting next_dagrun for read_dataset_event to 2025-03-23 00:00:00+00:00, run_after=2025-03-24 00:00:00+00:00
[2025-03-24T08:19:02.628+0000] {logging_mixin.py:190} INFO - [2025-03-24T08:19:02.628+0000] {dag.py:4180} INFO - Setting next_dagrun for read_dataset_event_from_classic to 2025-03-23 00:00:00+00:00, run_after=2025-03-24 00:00:00+00:00
[2025-03-24T08:19:02.646+0000] {processor.py:208} INFO - Processing /home/airflow/.local/lib/python3.12/site-packages/airflow/example_dags/example_inlet_event_extra.py took 0.707 seconds
[2025-03-24T08:19:33.183+0000] {processor.py:186} INFO - Started process (PID=1252) to work on /home/airflow/.local/lib/python3.12/site-packages/airflow/example_dags/example_inlet_event_extra.py
[2025-03-24T08:19:33.185+0000] {processor.py:914} INFO - Processing file /home/airflow/.local/lib/python3.12/site-packages/airflow/example_dags/example_inlet_event_extra.py for tasks to queue
[2025-03-24T08:19:33.188+0000] {logging_mixin.py:190} INFO - [2025-03-24T08:19:33.187+0000] {dagbag.py:588} INFO - Filling up the DagBag from /home/airflow/.local/lib/python3.12/site-packages/airflow/example_dags/example_inlet_event_extra.py
[2025-03-24T08:19:33.791+0000] {processor.py:925} INFO - DAG(s) 'read_dataset_event', 'read_dataset_event_from_classic' retrieved from /home/airflow/.local/lib/python3.12/site-packages/airflow/example_dags/example_inlet_event_extra.py
[2025-03-24T08:19:33.813+0000] {logging_mixin.py:190} INFO - [2025-03-24T08:19:33.812+0000] {dag.py:3239} INFO - Sync 2 DAGs
[2025-03-24T08:19:33.839+0000] {logging_mixin.py:190} INFO - [2025-03-24T08:19:33.839+0000] {dag.py:4180} INFO - Setting next_dagrun for read_dataset_event to 2025-03-23 00:00:00+00:00, run_after=2025-03-24 00:00:00+00:00
[2025-03-24T08:19:33.845+0000] {logging_mixin.py:190} INFO - [2025-03-24T08:19:33.845+0000] {dag.py:4180} INFO - Setting next_dagrun for read_dataset_event_from_classic to 2025-03-23 00:00:00+00:00, run_after=2025-03-24 00:00:00+00:00
[2025-03-24T08:19:33.869+0000] {processor.py:208} INFO - Processing /home/airflow/.local/lib/python3.12/site-packages/airflow/example_dags/example_inlet_event_extra.py took 0.692 seconds
[2025-03-24T08:20:04.570+0000] {processor.py:186} INFO - Started process (PID=1322) to work on /home/airflow/.local/lib/python3.12/site-packages/airflow/example_dags/example_inlet_event_extra.py
[2025-03-24T08:20:04.572+0000] {processor.py:914} INFO - Processing file /home/airflow/.local/lib/python3.12/site-packages/airflow/example_dags/example_inlet_event_extra.py for tasks to queue
[2025-03-24T08:20:04.574+0000] {logging_mixin.py:190} INFO - [2025-03-24T08:20:04.574+0000] {dagbag.py:588} INFO - Filling up the DagBag from /home/airflow/.local/lib/python3.12/site-packages/airflow/example_dags/example_inlet_event_extra.py
[2025-03-24T08:20:05.423+0000] {processor.py:925} INFO - DAG(s) 'read_dataset_event_from_classic', 'read_dataset_event' retrieved from /home/airflow/.local/lib/python3.12/site-packages/airflow/example_dags/example_inlet_event_extra.py
[2025-03-24T08:20:05.449+0000] {logging_mixin.py:190} INFO - [2025-03-24T08:20:05.449+0000] {dag.py:3239} INFO - Sync 2 DAGs
[2025-03-24T08:20:05.479+0000] {logging_mixin.py:190} INFO - [2025-03-24T08:20:05.478+0000] {dag.py:4180} INFO - Setting next_dagrun for read_dataset_event to 2025-03-23 00:00:00+00:00, run_after=2025-03-24 00:00:00+00:00
[2025-03-24T08:20:05.486+0000] {logging_mixin.py:190} INFO - [2025-03-24T08:20:05.486+0000] {dag.py:4180} INFO - Setting next_dagrun for read_dataset_event_from_classic to 2025-03-23 00:00:00+00:00, run_after=2025-03-24 00:00:00+00:00
[2025-03-24T08:20:05.509+0000] {processor.py:208} INFO - Processing /home/airflow/.local/lib/python3.12/site-packages/airflow/example_dags/example_inlet_event_extra.py took 0.945 seconds
[2025-03-24T08:20:35.672+0000] {processor.py:186} INFO - Started process (PID=1386) to work on /home/airflow/.local/lib/python3.12/site-packages/airflow/example_dags/example_inlet_event_extra.py
[2025-03-24T08:20:35.673+0000] {processor.py:914} INFO - Processing file /home/airflow/.local/lib/python3.12/site-packages/airflow/example_dags/example_inlet_event_extra.py for tasks to queue
[2025-03-24T08:20:35.676+0000] {logging_mixin.py:190} INFO - [2025-03-24T08:20:35.675+0000] {dagbag.py:588} INFO - Filling up the DagBag from /home/airflow/.local/lib/python3.12/site-packages/airflow/example_dags/example_inlet_event_extra.py
[2025-03-24T08:20:36.402+0000] {processor.py:925} INFO - DAG(s) 'read_dataset_event_from_classic', 'read_dataset_event' retrieved from /home/airflow/.local/lib/python3.12/site-packages/airflow/example_dags/example_inlet_event_extra.py
[2025-03-24T08:20:36.425+0000] {logging_mixin.py:190} INFO - [2025-03-24T08:20:36.425+0000] {dag.py:3239} INFO - Sync 2 DAGs
[2025-03-24T08:20:36.455+0000] {logging_mixin.py:190} INFO - [2025-03-24T08:20:36.455+0000] {dag.py:4180} INFO - Setting next_dagrun for read_dataset_event to 2025-03-23 00:00:00+00:00, run_after=2025-03-24 00:00:00+00:00
[2025-03-24T08:20:36.461+0000] {logging_mixin.py:190} INFO - [2025-03-24T08:20:36.461+0000] {dag.py:4180} INFO - Setting next_dagrun for read_dataset_event_from_classic to 2025-03-23 00:00:00+00:00, run_after=2025-03-24 00:00:00+00:00
[2025-03-24T08:20:36.494+0000] {processor.py:208} INFO - Processing /home/airflow/.local/lib/python3.12/site-packages/airflow/example_dags/example_inlet_event_extra.py took 0.829 seconds
[2025-03-24T08:21:06.645+0000] {processor.py:186} INFO - Started process (PID=1450) to work on /home/airflow/.local/lib/python3.12/site-packages/airflow/example_dags/example_inlet_event_extra.py
[2025-03-24T08:21:06.646+0000] {processor.py:914} INFO - Processing file /home/airflow/.local/lib/python3.12/site-packages/airflow/example_dags/example_inlet_event_extra.py for tasks to queue
[2025-03-24T08:21:06.649+0000] {logging_mixin.py:190} INFO - [2025-03-24T08:21:06.649+0000] {dagbag.py:588} INFO - Filling up the DagBag from /home/airflow/.local/lib/python3.12/site-packages/airflow/example_dags/example_inlet_event_extra.py
[2025-03-24T08:21:07.326+0000] {processor.py:925} INFO - DAG(s) 'read_dataset_event_from_classic', 'read_dataset_event' retrieved from /home/airflow/.local/lib/python3.12/site-packages/airflow/example_dags/example_inlet_event_extra.py
[2025-03-24T08:21:07.350+0000] {logging_mixin.py:190} INFO - [2025-03-24T08:21:07.350+0000] {dag.py:3239} INFO - Sync 2 DAGs
[2025-03-24T08:21:07.378+0000] {logging_mixin.py:190} INFO - [2025-03-24T08:21:07.377+0000] {dag.py:4180} INFO - Setting next_dagrun for read_dataset_event to 2025-03-23 00:00:00+00:00, run_after=2025-03-24 00:00:00+00:00
[2025-03-24T08:21:07.384+0000] {logging_mixin.py:190} INFO - [2025-03-24T08:21:07.384+0000] {dag.py:4180} INFO - Setting next_dagrun for read_dataset_event_from_classic to 2025-03-23 00:00:00+00:00, run_after=2025-03-24 00:00:00+00:00
[2025-03-24T08:21:07.405+0000] {processor.py:208} INFO - Processing /home/airflow/.local/lib/python3.12/site-packages/airflow/example_dags/example_inlet_event_extra.py took 0.767 seconds
[2025-03-24T08:21:38.022+0000] {processor.py:186} INFO - Started process (PID=1514) to work on /home/airflow/.local/lib/python3.12/site-packages/airflow/example_dags/example_inlet_event_extra.py
[2025-03-24T08:21:38.024+0000] {processor.py:914} INFO - Processing file /home/airflow/.local/lib/python3.12/site-packages/airflow/example_dags/example_inlet_event_extra.py for tasks to queue
[2025-03-24T08:21:38.026+0000] {logging_mixin.py:190} INFO - [2025-03-24T08:21:38.026+0000] {dagbag.py:588} INFO - Filling up the DagBag from /home/airflow/.local/lib/python3.12/site-packages/airflow/example_dags/example_inlet_event_extra.py
[2025-03-24T08:21:38.655+0000] {processor.py:925} INFO - DAG(s) 'read_dataset_event', 'read_dataset_event_from_classic' retrieved from /home/airflow/.local/lib/python3.12/site-packages/airflow/example_dags/example_inlet_event_extra.py
[2025-03-24T08:21:38.677+0000] {logging_mixin.py:190} INFO - [2025-03-24T08:21:38.676+0000] {dag.py:3239} INFO - Sync 2 DAGs
[2025-03-24T08:21:38.705+0000] {logging_mixin.py:190} INFO - [2025-03-24T08:21:38.705+0000] {dag.py:4180} INFO - Setting next_dagrun for read_dataset_event to 2025-03-23 00:00:00+00:00, run_after=2025-03-24 00:00:00+00:00
[2025-03-24T08:21:38.712+0000] {logging_mixin.py:190} INFO - [2025-03-24T08:21:38.711+0000] {dag.py:4180} INFO - Setting next_dagrun for read_dataset_event_from_classic to 2025-03-23 00:00:00+00:00, run_after=2025-03-24 00:00:00+00:00
[2025-03-24T08:21:38.733+0000] {processor.py:208} INFO - Processing /home/airflow/.local/lib/python3.12/site-packages/airflow/example_dags/example_inlet_event_extra.py took 0.717 seconds
[2025-03-24T08:22:08.929+0000] {processor.py:186} INFO - Started process (PID=1578) to work on /home/airflow/.local/lib/python3.12/site-packages/airflow/example_dags/example_inlet_event_extra.py
[2025-03-24T08:22:08.930+0000] {processor.py:914} INFO - Processing file /home/airflow/.local/lib/python3.12/site-packages/airflow/example_dags/example_inlet_event_extra.py for tasks to queue
[2025-03-24T08:22:08.933+0000] {logging_mixin.py:190} INFO - [2025-03-24T08:22:08.933+0000] {dagbag.py:588} INFO - Filling up the DagBag from /home/airflow/.local/lib/python3.12/site-packages/airflow/example_dags/example_inlet_event_extra.py
[2025-03-24T08:22:09.580+0000] {processor.py:925} INFO - DAG(s) 'read_dataset_event', 'read_dataset_event_from_classic' retrieved from /home/airflow/.local/lib/python3.12/site-packages/airflow/example_dags/example_inlet_event_extra.py
[2025-03-24T08:22:09.604+0000] {logging_mixin.py:190} INFO - [2025-03-24T08:22:09.603+0000] {dag.py:3239} INFO - Sync 2 DAGs
[2025-03-24T08:22:09.643+0000] {logging_mixin.py:190} INFO - [2025-03-24T08:22:09.643+0000] {dag.py:4180} INFO - Setting next_dagrun for read_dataset_event to 2025-03-23 00:00:00+00:00, run_after=2025-03-24 00:00:00+00:00
[2025-03-24T08:22:09.655+0000] {logging_mixin.py:190} INFO - [2025-03-24T08:22:09.653+0000] {dag.py:4180} INFO - Setting next_dagrun for read_dataset_event_from_classic to 2025-03-23 00:00:00+00:00, run_after=2025-03-24 00:00:00+00:00
[2025-03-24T08:22:09.682+0000] {processor.py:208} INFO - Processing /home/airflow/.local/lib/python3.12/site-packages/airflow/example_dags/example_inlet_event_extra.py took 0.759 seconds
[2025-03-24T08:22:40.039+0000] {processor.py:186} INFO - Started process (PID=1642) to work on /home/airflow/.local/lib/python3.12/site-packages/airflow/example_dags/example_inlet_event_extra.py
[2025-03-24T08:22:40.040+0000] {processor.py:914} INFO - Processing file /home/airflow/.local/lib/python3.12/site-packages/airflow/example_dags/example_inlet_event_extra.py for tasks to queue
[2025-03-24T08:22:40.043+0000] {logging_mixin.py:190} INFO - [2025-03-24T08:22:40.042+0000] {dagbag.py:588} INFO - Filling up the DagBag from /home/airflow/.local/lib/python3.12/site-packages/airflow/example_dags/example_inlet_event_extra.py
[2025-03-24T08:22:40.649+0000] {processor.py:925} INFO - DAG(s) 'read_dataset_event_from_classic', 'read_dataset_event' retrieved from /home/airflow/.local/lib/python3.12/site-packages/airflow/example_dags/example_inlet_event_extra.py
[2025-03-24T08:22:40.671+0000] {logging_mixin.py:190} INFO - [2025-03-24T08:22:40.671+0000] {dag.py:3239} INFO - Sync 2 DAGs
[2025-03-24T08:22:40.698+0000] {logging_mixin.py:190} INFO - [2025-03-24T08:22:40.697+0000] {dag.py:4180} INFO - Setting next_dagrun for read_dataset_event to 2025-03-23 00:00:00+00:00, run_after=2025-03-24 00:00:00+00:00
[2025-03-24T08:22:40.704+0000] {logging_mixin.py:190} INFO - [2025-03-24T08:22:40.704+0000] {dag.py:4180} INFO - Setting next_dagrun for read_dataset_event_from_classic to 2025-03-23 00:00:00+00:00, run_after=2025-03-24 00:00:00+00:00
[2025-03-24T08:22:40.726+0000] {processor.py:208} INFO - Processing /home/airflow/.local/lib/python3.12/site-packages/airflow/example_dags/example_inlet_event_extra.py took 0.693 seconds
[2025-03-24T08:23:11.287+0000] {processor.py:186} INFO - Started process (PID=1706) to work on /home/airflow/.local/lib/python3.12/site-packages/airflow/example_dags/example_inlet_event_extra.py
[2025-03-24T08:23:11.289+0000] {processor.py:914} INFO - Processing file /home/airflow/.local/lib/python3.12/site-packages/airflow/example_dags/example_inlet_event_extra.py for tasks to queue
[2025-03-24T08:23:11.291+0000] {logging_mixin.py:190} INFO - [2025-03-24T08:23:11.291+0000] {dagbag.py:588} INFO - Filling up the DagBag from /home/airflow/.local/lib/python3.12/site-packages/airflow/example_dags/example_inlet_event_extra.py
[2025-03-24T08:23:11.897+0000] {processor.py:925} INFO - DAG(s) 'read_dataset_event', 'read_dataset_event_from_classic' retrieved from /home/airflow/.local/lib/python3.12/site-packages/airflow/example_dags/example_inlet_event_extra.py
[2025-03-24T08:23:11.919+0000] {logging_mixin.py:190} INFO - [2025-03-24T08:23:11.919+0000] {dag.py:3239} INFO - Sync 2 DAGs
[2025-03-24T08:23:11.947+0000] {logging_mixin.py:190} INFO - [2025-03-24T08:23:11.947+0000] {dag.py:4180} INFO - Setting next_dagrun for read_dataset_event to 2025-03-23 00:00:00+00:00, run_after=2025-03-24 00:00:00+00:00
[2025-03-24T08:23:11.954+0000] {logging_mixin.py:190} INFO - [2025-03-24T08:23:11.953+0000] {dag.py:4180} INFO - Setting next_dagrun for read_dataset_event_from_classic to 2025-03-23 00:00:00+00:00, run_after=2025-03-24 00:00:00+00:00
[2025-03-24T08:23:11.975+0000] {processor.py:208} INFO - Processing /home/airflow/.local/lib/python3.12/site-packages/airflow/example_dags/example_inlet_event_extra.py took 0.694 seconds
[2025-03-24T08:23:42.570+0000] {processor.py:186} INFO - Started process (PID=1770) to work on /home/airflow/.local/lib/python3.12/site-packages/airflow/example_dags/example_inlet_event_extra.py
[2025-03-24T08:23:42.572+0000] {processor.py:914} INFO - Processing file /home/airflow/.local/lib/python3.12/site-packages/airflow/example_dags/example_inlet_event_extra.py for tasks to queue
[2025-03-24T08:23:42.574+0000] {logging_mixin.py:190} INFO - [2025-03-24T08:23:42.574+0000] {dagbag.py:588} INFO - Filling up the DagBag from /home/airflow/.local/lib/python3.12/site-packages/airflow/example_dags/example_inlet_event_extra.py
[2025-03-24T08:23:43.212+0000] {processor.py:925} INFO - DAG(s) 'read_dataset_event', 'read_dataset_event_from_classic' retrieved from /home/airflow/.local/lib/python3.12/site-packages/airflow/example_dags/example_inlet_event_extra.py
[2025-03-24T08:23:43.237+0000] {logging_mixin.py:190} INFO - [2025-03-24T08:23:43.236+0000] {dag.py:3239} INFO - Sync 2 DAGs
[2025-03-24T08:23:43.265+0000] {logging_mixin.py:190} INFO - [2025-03-24T08:23:43.265+0000] {dag.py:4180} INFO - Setting next_dagrun for read_dataset_event to 2025-03-23 00:00:00+00:00, run_after=2025-03-24 00:00:00+00:00
[2025-03-24T08:23:43.272+0000] {logging_mixin.py:190} INFO - [2025-03-24T08:23:43.272+0000] {dag.py:4180} INFO - Setting next_dagrun for read_dataset_event_from_classic to 2025-03-23 00:00:00+00:00, run_after=2025-03-24 00:00:00+00:00
[2025-03-24T08:23:43.296+0000] {processor.py:208} INFO - Processing /home/airflow/.local/lib/python3.12/site-packages/airflow/example_dags/example_inlet_event_extra.py took 0.732 seconds
[2025-03-24T08:24:13.893+0000] {processor.py:186} INFO - Started process (PID=1834) to work on /home/airflow/.local/lib/python3.12/site-packages/airflow/example_dags/example_inlet_event_extra.py
[2025-03-24T08:24:13.894+0000] {processor.py:914} INFO - Processing file /home/airflow/.local/lib/python3.12/site-packages/airflow/example_dags/example_inlet_event_extra.py for tasks to queue
[2025-03-24T08:24:13.897+0000] {logging_mixin.py:190} INFO - [2025-03-24T08:24:13.897+0000] {dagbag.py:588} INFO - Filling up the DagBag from /home/airflow/.local/lib/python3.12/site-packages/airflow/example_dags/example_inlet_event_extra.py
[2025-03-24T08:24:14.537+0000] {processor.py:925} INFO - DAG(s) 'read_dataset_event_from_classic', 'read_dataset_event' retrieved from /home/airflow/.local/lib/python3.12/site-packages/airflow/example_dags/example_inlet_event_extra.py
[2025-03-24T08:24:14.562+0000] {logging_mixin.py:190} INFO - [2025-03-24T08:24:14.562+0000] {dag.py:3239} INFO - Sync 2 DAGs
[2025-03-24T08:24:14.594+0000] {logging_mixin.py:190} INFO - [2025-03-24T08:24:14.594+0000] {dag.py:4180} INFO - Setting next_dagrun for read_dataset_event to 2025-03-23 00:00:00+00:00, run_after=2025-03-24 00:00:00+00:00
[2025-03-24T08:24:14.602+0000] {logging_mixin.py:190} INFO - [2025-03-24T08:24:14.602+0000] {dag.py:4180} INFO - Setting next_dagrun for read_dataset_event_from_classic to 2025-03-23 00:00:00+00:00, run_after=2025-03-24 00:00:00+00:00
[2025-03-24T08:24:14.624+0000] {processor.py:208} INFO - Processing /home/airflow/.local/lib/python3.12/site-packages/airflow/example_dags/example_inlet_event_extra.py took 0.738 seconds
[2025-03-24T08:24:45.218+0000] {processor.py:186} INFO - Started process (PID=1898) to work on /home/airflow/.local/lib/python3.12/site-packages/airflow/example_dags/example_inlet_event_extra.py
[2025-03-24T08:24:45.219+0000] {processor.py:914} INFO - Processing file /home/airflow/.local/lib/python3.12/site-packages/airflow/example_dags/example_inlet_event_extra.py for tasks to queue
[2025-03-24T08:24:45.222+0000] {logging_mixin.py:190} INFO - [2025-03-24T08:24:45.222+0000] {dagbag.py:588} INFO - Filling up the DagBag from /home/airflow/.local/lib/python3.12/site-packages/airflow/example_dags/example_inlet_event_extra.py
[2025-03-24T08:24:45.851+0000] {processor.py:925} INFO - DAG(s) 'read_dataset_event', 'read_dataset_event_from_classic' retrieved from /home/airflow/.local/lib/python3.12/site-packages/airflow/example_dags/example_inlet_event_extra.py
[2025-03-24T08:24:45.872+0000] {logging_mixin.py:190} INFO - [2025-03-24T08:24:45.872+0000] {dag.py:3239} INFO - Sync 2 DAGs
[2025-03-24T08:24:45.899+0000] {logging_mixin.py:190} INFO - [2025-03-24T08:24:45.899+0000] {dag.py:4180} INFO - Setting next_dagrun for read_dataset_event to 2025-03-23 00:00:00+00:00, run_after=2025-03-24 00:00:00+00:00
[2025-03-24T08:24:45.905+0000] {logging_mixin.py:190} INFO - [2025-03-24T08:24:45.905+0000] {dag.py:4180} INFO - Setting next_dagrun for read_dataset_event_from_classic to 2025-03-23 00:00:00+00:00, run_after=2025-03-24 00:00:00+00:00
[2025-03-24T08:24:45.928+0000] {processor.py:208} INFO - Processing /home/airflow/.local/lib/python3.12/site-packages/airflow/example_dags/example_inlet_event_extra.py took 0.716 seconds
[2025-03-24T08:25:16.558+0000] {processor.py:186} INFO - Started process (PID=1962) to work on /home/airflow/.local/lib/python3.12/site-packages/airflow/example_dags/example_inlet_event_extra.py
[2025-03-24T08:25:16.559+0000] {processor.py:914} INFO - Processing file /home/airflow/.local/lib/python3.12/site-packages/airflow/example_dags/example_inlet_event_extra.py for tasks to queue
[2025-03-24T08:25:16.562+0000] {logging_mixin.py:190} INFO - [2025-03-24T08:25:16.562+0000] {dagbag.py:588} INFO - Filling up the DagBag from /home/airflow/.local/lib/python3.12/site-packages/airflow/example_dags/example_inlet_event_extra.py
[2025-03-24T08:25:17.184+0000] {processor.py:925} INFO - DAG(s) 'read_dataset_event', 'read_dataset_event_from_classic' retrieved from /home/airflow/.local/lib/python3.12/site-packages/airflow/example_dags/example_inlet_event_extra.py
[2025-03-24T08:25:17.209+0000] {logging_mixin.py:190} INFO - [2025-03-24T08:25:17.209+0000] {dag.py:3239} INFO - Sync 2 DAGs
[2025-03-24T08:25:17.236+0000] {logging_mixin.py:190} INFO - [2025-03-24T08:25:17.236+0000] {dag.py:4180} INFO - Setting next_dagrun for read_dataset_event to 2025-03-23 00:00:00+00:00, run_after=2025-03-24 00:00:00+00:00
[2025-03-24T08:25:17.243+0000] {logging_mixin.py:190} INFO - [2025-03-24T08:25:17.243+0000] {dag.py:4180} INFO - Setting next_dagrun for read_dataset_event_from_classic to 2025-03-23 00:00:00+00:00, run_after=2025-03-24 00:00:00+00:00
[2025-03-24T08:25:17.265+0000] {processor.py:208} INFO - Processing /home/airflow/.local/lib/python3.12/site-packages/airflow/example_dags/example_inlet_event_extra.py took 0.713 seconds
[2025-03-24T08:25:47.705+0000] {processor.py:186} INFO - Started process (PID=2026) to work on /home/airflow/.local/lib/python3.12/site-packages/airflow/example_dags/example_inlet_event_extra.py
[2025-03-24T08:25:47.706+0000] {processor.py:914} INFO - Processing file /home/airflow/.local/lib/python3.12/site-packages/airflow/example_dags/example_inlet_event_extra.py for tasks to queue
[2025-03-24T08:25:47.709+0000] {logging_mixin.py:190} INFO - [2025-03-24T08:25:47.708+0000] {dagbag.py:588} INFO - Filling up the DagBag from /home/airflow/.local/lib/python3.12/site-packages/airflow/example_dags/example_inlet_event_extra.py
[2025-03-24T08:25:48.343+0000] {processor.py:925} INFO - DAG(s) 'read_dataset_event', 'read_dataset_event_from_classic' retrieved from /home/airflow/.local/lib/python3.12/site-packages/airflow/example_dags/example_inlet_event_extra.py
[2025-03-24T08:25:48.365+0000] {logging_mixin.py:190} INFO - [2025-03-24T08:25:48.365+0000] {dag.py:3239} INFO - Sync 2 DAGs
[2025-03-24T08:25:48.393+0000] {logging_mixin.py:190} INFO - [2025-03-24T08:25:48.393+0000] {dag.py:4180} INFO - Setting next_dagrun for read_dataset_event to 2025-03-23 00:00:00+00:00, run_after=2025-03-24 00:00:00+00:00
[2025-03-24T08:25:48.400+0000] {logging_mixin.py:190} INFO - [2025-03-24T08:25:48.399+0000] {dag.py:4180} INFO - Setting next_dagrun for read_dataset_event_from_classic to 2025-03-23 00:00:00+00:00, run_after=2025-03-24 00:00:00+00:00
[2025-03-24T08:25:48.422+0000] {processor.py:208} INFO - Processing /home/airflow/.local/lib/python3.12/site-packages/airflow/example_dags/example_inlet_event_extra.py took 0.723 seconds
[2025-03-24T08:26:19.120+0000] {processor.py:186} INFO - Started process (PID=2090) to work on /home/airflow/.local/lib/python3.12/site-packages/airflow/example_dags/example_inlet_event_extra.py
[2025-03-24T08:26:19.121+0000] {processor.py:914} INFO - Processing file /home/airflow/.local/lib/python3.12/site-packages/airflow/example_dags/example_inlet_event_extra.py for tasks to queue
[2025-03-24T08:26:19.123+0000] {logging_mixin.py:190} INFO - [2025-03-24T08:26:19.123+0000] {dagbag.py:588} INFO - Filling up the DagBag from /home/airflow/.local/lib/python3.12/site-packages/airflow/example_dags/example_inlet_event_extra.py
[2025-03-24T08:26:19.723+0000] {processor.py:925} INFO - DAG(s) 'read_dataset_event', 'read_dataset_event_from_classic' retrieved from /home/airflow/.local/lib/python3.12/site-packages/airflow/example_dags/example_inlet_event_extra.py
[2025-03-24T08:26:19.746+0000] {logging_mixin.py:190} INFO - [2025-03-24T08:26:19.746+0000] {dag.py:3239} INFO - Sync 2 DAGs
[2025-03-24T08:26:19.772+0000] {logging_mixin.py:190} INFO - [2025-03-24T08:26:19.772+0000] {dag.py:4180} INFO - Setting next_dagrun for read_dataset_event to 2025-03-23 00:00:00+00:00, run_after=2025-03-24 00:00:00+00:00
[2025-03-24T08:26:19.779+0000] {logging_mixin.py:190} INFO - [2025-03-24T08:26:19.779+0000] {dag.py:4180} INFO - Setting next_dagrun for read_dataset_event_from_classic to 2025-03-23 00:00:00+00:00, run_after=2025-03-24 00:00:00+00:00
[2025-03-24T08:26:19.801+0000] {processor.py:208} INFO - Processing /home/airflow/.local/lib/python3.12/site-packages/airflow/example_dags/example_inlet_event_extra.py took 0.687 seconds
[2025-03-24T08:26:50.362+0000] {processor.py:186} INFO - Started process (PID=2154) to work on /home/airflow/.local/lib/python3.12/site-packages/airflow/example_dags/example_inlet_event_extra.py
[2025-03-24T08:26:50.363+0000] {processor.py:914} INFO - Processing file /home/airflow/.local/lib/python3.12/site-packages/airflow/example_dags/example_inlet_event_extra.py for tasks to queue
[2025-03-24T08:26:50.366+0000] {logging_mixin.py:190} INFO - [2025-03-24T08:26:50.366+0000] {dagbag.py:588} INFO - Filling up the DagBag from /home/airflow/.local/lib/python3.12/site-packages/airflow/example_dags/example_inlet_event_extra.py
[2025-03-24T08:26:50.972+0000] {processor.py:925} INFO - DAG(s) 'read_dataset_event_from_classic', 'read_dataset_event' retrieved from /home/airflow/.local/lib/python3.12/site-packages/airflow/example_dags/example_inlet_event_extra.py
[2025-03-24T08:26:50.994+0000] {logging_mixin.py:190} INFO - [2025-03-24T08:26:50.994+0000] {dag.py:3239} INFO - Sync 2 DAGs
[2025-03-24T08:26:51.021+0000] {logging_mixin.py:190} INFO - [2025-03-24T08:26:51.021+0000] {dag.py:4180} INFO - Setting next_dagrun for read_dataset_event to 2025-03-23 00:00:00+00:00, run_after=2025-03-24 00:00:00+00:00
[2025-03-24T08:26:51.028+0000] {logging_mixin.py:190} INFO - [2025-03-24T08:26:51.027+0000] {dag.py:4180} INFO - Setting next_dagrun for read_dataset_event_from_classic to 2025-03-23 00:00:00+00:00, run_after=2025-03-24 00:00:00+00:00
[2025-03-24T08:26:51.049+0000] {processor.py:208} INFO - Processing /home/airflow/.local/lib/python3.12/site-packages/airflow/example_dags/example_inlet_event_extra.py took 0.694 seconds
[2025-03-24T08:27:21.605+0000] {processor.py:186} INFO - Started process (PID=2218) to work on /home/airflow/.local/lib/python3.12/site-packages/airflow/example_dags/example_inlet_event_extra.py
[2025-03-24T08:27:21.607+0000] {processor.py:914} INFO - Processing file /home/airflow/.local/lib/python3.12/site-packages/airflow/example_dags/example_inlet_event_extra.py for tasks to queue
[2025-03-24T08:27:21.609+0000] {logging_mixin.py:190} INFO - [2025-03-24T08:27:21.609+0000] {dagbag.py:588} INFO - Filling up the DagBag from /home/airflow/.local/lib/python3.12/site-packages/airflow/example_dags/example_inlet_event_extra.py
[2025-03-24T08:27:22.219+0000] {processor.py:925} INFO - DAG(s) 'read_dataset_event', 'read_dataset_event_from_classic' retrieved from /home/airflow/.local/lib/python3.12/site-packages/airflow/example_dags/example_inlet_event_extra.py
[2025-03-24T08:27:22.242+0000] {logging_mixin.py:190} INFO - [2025-03-24T08:27:22.242+0000] {dag.py:3239} INFO - Sync 2 DAGs
[2025-03-24T08:27:22.270+0000] {logging_mixin.py:190} INFO - [2025-03-24T08:27:22.270+0000] {dag.py:4180} INFO - Setting next_dagrun for read_dataset_event to 2025-03-23 00:00:00+00:00, run_after=2025-03-24 00:00:00+00:00
[2025-03-24T08:27:22.276+0000] {logging_mixin.py:190} INFO - [2025-03-24T08:27:22.276+0000] {dag.py:4180} INFO - Setting next_dagrun for read_dataset_event_from_classic to 2025-03-23 00:00:00+00:00, run_after=2025-03-24 00:00:00+00:00
[2025-03-24T08:27:22.298+0000] {processor.py:208} INFO - Processing /home/airflow/.local/lib/python3.12/site-packages/airflow/example_dags/example_inlet_event_extra.py took 0.699 seconds
[2025-03-24T08:27:52.413+0000] {processor.py:186} INFO - Started process (PID=2282) to work on /home/airflow/.local/lib/python3.12/site-packages/airflow/example_dags/example_inlet_event_extra.py
[2025-03-24T08:27:52.414+0000] {processor.py:914} INFO - Processing file /home/airflow/.local/lib/python3.12/site-packages/airflow/example_dags/example_inlet_event_extra.py for tasks to queue
[2025-03-24T08:27:52.417+0000] {logging_mixin.py:190} INFO - [2025-03-24T08:27:52.416+0000] {dagbag.py:588} INFO - Filling up the DagBag from /home/airflow/.local/lib/python3.12/site-packages/airflow/example_dags/example_inlet_event_extra.py
[2025-03-24T08:27:53.096+0000] {processor.py:925} INFO - DAG(s) 'read_dataset_event', 'read_dataset_event_from_classic' retrieved from /home/airflow/.local/lib/python3.12/site-packages/airflow/example_dags/example_inlet_event_extra.py
[2025-03-24T08:27:53.118+0000] {logging_mixin.py:190} INFO - [2025-03-24T08:27:53.118+0000] {dag.py:3239} INFO - Sync 2 DAGs
[2025-03-24T08:27:53.147+0000] {logging_mixin.py:190} INFO - [2025-03-24T08:27:53.146+0000] {dag.py:4180} INFO - Setting next_dagrun for read_dataset_event to 2025-03-23 00:00:00+00:00, run_after=2025-03-24 00:00:00+00:00
[2025-03-24T08:27:53.153+0000] {logging_mixin.py:190} INFO - [2025-03-24T08:27:53.153+0000] {dag.py:4180} INFO - Setting next_dagrun for read_dataset_event_from_classic to 2025-03-23 00:00:00+00:00, run_after=2025-03-24 00:00:00+00:00
[2025-03-24T08:27:53.174+0000] {processor.py:208} INFO - Processing /home/airflow/.local/lib/python3.12/site-packages/airflow/example_dags/example_inlet_event_extra.py took 0.767 seconds
[2025-03-24T08:28:23.280+0000] {processor.py:186} INFO - Started process (PID=2346) to work on /home/airflow/.local/lib/python3.12/site-packages/airflow/example_dags/example_inlet_event_extra.py
[2025-03-24T08:28:23.282+0000] {processor.py:914} INFO - Processing file /home/airflow/.local/lib/python3.12/site-packages/airflow/example_dags/example_inlet_event_extra.py for tasks to queue
[2025-03-24T08:28:23.284+0000] {logging_mixin.py:190} INFO - [2025-03-24T08:28:23.284+0000] {dagbag.py:588} INFO - Filling up the DagBag from /home/airflow/.local/lib/python3.12/site-packages/airflow/example_dags/example_inlet_event_extra.py
[2025-03-24T08:28:23.908+0000] {processor.py:925} INFO - DAG(s) 'read_dataset_event_from_classic', 'read_dataset_event' retrieved from /home/airflow/.local/lib/python3.12/site-packages/airflow/example_dags/example_inlet_event_extra.py
[2025-03-24T08:28:23.930+0000] {logging_mixin.py:190} INFO - [2025-03-24T08:28:23.930+0000] {dag.py:3239} INFO - Sync 2 DAGs
[2025-03-24T08:28:23.957+0000] {logging_mixin.py:190} INFO - [2025-03-24T08:28:23.957+0000] {dag.py:4180} INFO - Setting next_dagrun for read_dataset_event to 2025-03-23 00:00:00+00:00, run_after=2025-03-24 00:00:00+00:00
[2025-03-24T08:28:23.964+0000] {logging_mixin.py:190} INFO - [2025-03-24T08:28:23.963+0000] {dag.py:4180} INFO - Setting next_dagrun for read_dataset_event_from_classic to 2025-03-23 00:00:00+00:00, run_after=2025-03-24 00:00:00+00:00
[2025-03-24T08:28:23.984+0000] {processor.py:208} INFO - Processing /home/airflow/.local/lib/python3.12/site-packages/airflow/example_dags/example_inlet_event_extra.py took 0.710 seconds
[2025-03-24T08:28:54.183+0000] {processor.py:186} INFO - Started process (PID=2410) to work on /home/airflow/.local/lib/python3.12/site-packages/airflow/example_dags/example_inlet_event_extra.py
[2025-03-24T08:28:54.184+0000] {processor.py:914} INFO - Processing file /home/airflow/.local/lib/python3.12/site-packages/airflow/example_dags/example_inlet_event_extra.py for tasks to queue
[2025-03-24T08:28:54.187+0000] {logging_mixin.py:190} INFO - [2025-03-24T08:28:54.186+0000] {dagbag.py:588} INFO - Filling up the DagBag from /home/airflow/.local/lib/python3.12/site-packages/airflow/example_dags/example_inlet_event_extra.py
[2025-03-24T08:28:54.813+0000] {processor.py:925} INFO - DAG(s) 'read_dataset_event_from_classic', 'read_dataset_event' retrieved from /home/airflow/.local/lib/python3.12/site-packages/airflow/example_dags/example_inlet_event_extra.py
[2025-03-24T08:28:54.835+0000] {logging_mixin.py:190} INFO - [2025-03-24T08:28:54.834+0000] {dag.py:3239} INFO - Sync 2 DAGs
[2025-03-24T08:28:54.862+0000] {logging_mixin.py:190} INFO - [2025-03-24T08:28:54.862+0000] {dag.py:4180} INFO - Setting next_dagrun for read_dataset_event to 2025-03-23 00:00:00+00:00, run_after=2025-03-24 00:00:00+00:00
[2025-03-24T08:28:54.868+0000] {logging_mixin.py:190} INFO - [2025-03-24T08:28:54.868+0000] {dag.py:4180} INFO - Setting next_dagrun for read_dataset_event_from_classic to 2025-03-23 00:00:00+00:00, run_after=2025-03-24 00:00:00+00:00
[2025-03-24T08:28:54.886+0000] {processor.py:208} INFO - Processing /home/airflow/.local/lib/python3.12/site-packages/airflow/example_dags/example_inlet_event_extra.py took 0.710 seconds
[2025-03-24T08:29:25.223+0000] {processor.py:186} INFO - Started process (PID=2474) to work on /home/airflow/.local/lib/python3.12/site-packages/airflow/example_dags/example_inlet_event_extra.py
[2025-03-24T08:29:25.224+0000] {processor.py:914} INFO - Processing file /home/airflow/.local/lib/python3.12/site-packages/airflow/example_dags/example_inlet_event_extra.py for tasks to queue
[2025-03-24T08:29:25.226+0000] {logging_mixin.py:190} INFO - [2025-03-24T08:29:25.226+0000] {dagbag.py:588} INFO - Filling up the DagBag from /home/airflow/.local/lib/python3.12/site-packages/airflow/example_dags/example_inlet_event_extra.py
[2025-03-24T08:29:25.830+0000] {processor.py:925} INFO - DAG(s) 'read_dataset_event_from_classic', 'read_dataset_event' retrieved from /home/airflow/.local/lib/python3.12/site-packages/airflow/example_dags/example_inlet_event_extra.py
[2025-03-24T08:29:25.854+0000] {logging_mixin.py:190} INFO - [2025-03-24T08:29:25.854+0000] {dag.py:3239} INFO - Sync 2 DAGs
[2025-03-24T08:29:25.881+0000] {logging_mixin.py:190} INFO - [2025-03-24T08:29:25.880+0000] {dag.py:4180} INFO - Setting next_dagrun for read_dataset_event to 2025-03-23 00:00:00+00:00, run_after=2025-03-24 00:00:00+00:00
[2025-03-24T08:29:25.887+0000] {logging_mixin.py:190} INFO - [2025-03-24T08:29:25.887+0000] {dag.py:4180} INFO - Setting next_dagrun for read_dataset_event_from_classic to 2025-03-23 00:00:00+00:00, run_after=2025-03-24 00:00:00+00:00
[2025-03-24T08:29:25.908+0000] {processor.py:208} INFO - Processing /home/airflow/.local/lib/python3.12/site-packages/airflow/example_dags/example_inlet_event_extra.py took 0.691 seconds
[2025-03-24T08:29:56.046+0000] {processor.py:186} INFO - Started process (PID=2538) to work on /home/airflow/.local/lib/python3.12/site-packages/airflow/example_dags/example_inlet_event_extra.py
[2025-03-24T08:29:56.047+0000] {processor.py:914} INFO - Processing file /home/airflow/.local/lib/python3.12/site-packages/airflow/example_dags/example_inlet_event_extra.py for tasks to queue
[2025-03-24T08:29:56.049+0000] {logging_mixin.py:190} INFO - [2025-03-24T08:29:56.049+0000] {dagbag.py:588} INFO - Filling up the DagBag from /home/airflow/.local/lib/python3.12/site-packages/airflow/example_dags/example_inlet_event_extra.py
[2025-03-24T08:29:56.650+0000] {processor.py:925} INFO - DAG(s) 'read_dataset_event_from_classic', 'read_dataset_event' retrieved from /home/airflow/.local/lib/python3.12/site-packages/airflow/example_dags/example_inlet_event_extra.py
[2025-03-24T08:29:56.671+0000] {logging_mixin.py:190} INFO - [2025-03-24T08:29:56.671+0000] {dag.py:3239} INFO - Sync 2 DAGs
[2025-03-24T08:29:56.700+0000] {logging_mixin.py:190} INFO - [2025-03-24T08:29:56.700+0000] {dag.py:4180} INFO - Setting next_dagrun for read_dataset_event to 2025-03-23 00:00:00+00:00, run_after=2025-03-24 00:00:00+00:00
[2025-03-24T08:29:56.706+0000] {logging_mixin.py:190} INFO - [2025-03-24T08:29:56.706+0000] {dag.py:4180} INFO - Setting next_dagrun for read_dataset_event_from_classic to 2025-03-23 00:00:00+00:00, run_after=2025-03-24 00:00:00+00:00
[2025-03-24T08:29:56.726+0000] {processor.py:208} INFO - Processing /home/airflow/.local/lib/python3.12/site-packages/airflow/example_dags/example_inlet_event_extra.py took 0.687 seconds
[2025-03-24T08:30:27.067+0000] {processor.py:186} INFO - Started process (PID=2603) to work on /home/airflow/.local/lib/python3.12/site-packages/airflow/example_dags/example_inlet_event_extra.py
[2025-03-24T08:30:27.068+0000] {processor.py:914} INFO - Processing file /home/airflow/.local/lib/python3.12/site-packages/airflow/example_dags/example_inlet_event_extra.py for tasks to queue
[2025-03-24T08:30:27.071+0000] {logging_mixin.py:190} INFO - [2025-03-24T08:30:27.071+0000] {dagbag.py:588} INFO - Filling up the DagBag from /home/airflow/.local/lib/python3.12/site-packages/airflow/example_dags/example_inlet_event_extra.py
[2025-03-24T08:30:27.672+0000] {processor.py:925} INFO - DAG(s) 'read_dataset_event', 'read_dataset_event_from_classic' retrieved from /home/airflow/.local/lib/python3.12/site-packages/airflow/example_dags/example_inlet_event_extra.py
[2025-03-24T08:30:27.696+0000] {logging_mixin.py:190} INFO - [2025-03-24T08:30:27.696+0000] {dag.py:3239} INFO - Sync 2 DAGs
[2025-03-24T08:30:27.724+0000] {logging_mixin.py:190} INFO - [2025-03-24T08:30:27.724+0000] {dag.py:4180} INFO - Setting next_dagrun for read_dataset_event to 2025-03-23 00:00:00+00:00, run_after=2025-03-24 00:00:00+00:00
[2025-03-24T08:30:27.730+0000] {logging_mixin.py:190} INFO - [2025-03-24T08:30:27.730+0000] {dag.py:4180} INFO - Setting next_dagrun for read_dataset_event_from_classic to 2025-03-23 00:00:00+00:00, run_after=2025-03-24 00:00:00+00:00
[2025-03-24T08:30:27.752+0000] {processor.py:208} INFO - Processing /home/airflow/.local/lib/python3.12/site-packages/airflow/example_dags/example_inlet_event_extra.py took 0.691 seconds
[2025-03-24T08:30:57.856+0000] {processor.py:186} INFO - Started process (PID=2667) to work on /home/airflow/.local/lib/python3.12/site-packages/airflow/example_dags/example_inlet_event_extra.py
[2025-03-24T08:30:57.857+0000] {processor.py:914} INFO - Processing file /home/airflow/.local/lib/python3.12/site-packages/airflow/example_dags/example_inlet_event_extra.py for tasks to queue
[2025-03-24T08:30:57.860+0000] {logging_mixin.py:190} INFO - [2025-03-24T08:30:57.860+0000] {dagbag.py:588} INFO - Filling up the DagBag from /home/airflow/.local/lib/python3.12/site-packages/airflow/example_dags/example_inlet_event_extra.py
[2025-03-24T08:30:58.516+0000] {processor.py:925} INFO - DAG(s) 'read_dataset_event_from_classic', 'read_dataset_event' retrieved from /home/airflow/.local/lib/python3.12/site-packages/airflow/example_dags/example_inlet_event_extra.py
[2025-03-24T08:30:58.538+0000] {logging_mixin.py:190} INFO - [2025-03-24T08:30:58.537+0000] {dag.py:3239} INFO - Sync 2 DAGs
[2025-03-24T08:30:58.566+0000] {logging_mixin.py:190} INFO - [2025-03-24T08:30:58.566+0000] {dag.py:4180} INFO - Setting next_dagrun for read_dataset_event to 2025-03-23 00:00:00+00:00, run_after=2025-03-24 00:00:00+00:00
[2025-03-24T08:30:58.572+0000] {logging_mixin.py:190} INFO - [2025-03-24T08:30:58.572+0000] {dag.py:4180} INFO - Setting next_dagrun for read_dataset_event_from_classic to 2025-03-23 00:00:00+00:00, run_after=2025-03-24 00:00:00+00:00
[2025-03-24T08:30:58.590+0000] {processor.py:208} INFO - Processing /home/airflow/.local/lib/python3.12/site-packages/airflow/example_dags/example_inlet_event_extra.py took 0.742 seconds
[2025-03-24T08:31:29.500+0000] {processor.py:186} INFO - Started process (PID=2730) to work on /home/airflow/.local/lib/python3.12/site-packages/airflow/example_dags/example_inlet_event_extra.py
[2025-03-24T08:31:29.501+0000] {processor.py:914} INFO - Processing file /home/airflow/.local/lib/python3.12/site-packages/airflow/example_dags/example_inlet_event_extra.py for tasks to queue
[2025-03-24T08:31:29.503+0000] {logging_mixin.py:190} INFO - [2025-03-24T08:31:29.503+0000] {dagbag.py:588} INFO - Filling up the DagBag from /home/airflow/.local/lib/python3.12/site-packages/airflow/example_dags/example_inlet_event_extra.py
[2025-03-24T08:31:30.135+0000] {processor.py:925} INFO - DAG(s) 'read_dataset_event_from_classic', 'read_dataset_event' retrieved from /home/airflow/.local/lib/python3.12/site-packages/airflow/example_dags/example_inlet_event_extra.py
[2025-03-24T08:31:30.158+0000] {logging_mixin.py:190} INFO - [2025-03-24T08:31:30.158+0000] {dag.py:3239} INFO - Sync 2 DAGs
[2025-03-24T08:31:30.188+0000] {logging_mixin.py:190} INFO - [2025-03-24T08:31:30.188+0000] {dag.py:4180} INFO - Setting next_dagrun for read_dataset_event to 2025-03-23 00:00:00+00:00, run_after=2025-03-24 00:00:00+00:00
[2025-03-24T08:31:30.195+0000] {logging_mixin.py:190} INFO - [2025-03-24T08:31:30.195+0000] {dag.py:4180} INFO - Setting next_dagrun for read_dataset_event_from_classic to 2025-03-23 00:00:00+00:00, run_after=2025-03-24 00:00:00+00:00
[2025-03-24T08:31:30.218+0000] {processor.py:208} INFO - Processing /home/airflow/.local/lib/python3.12/site-packages/airflow/example_dags/example_inlet_event_extra.py took 0.726 seconds
[2025-03-24T08:32:00.799+0000] {processor.py:186} INFO - Started process (PID=2793) to work on /home/airflow/.local/lib/python3.12/site-packages/airflow/example_dags/example_inlet_event_extra.py
[2025-03-24T08:32:00.800+0000] {processor.py:914} INFO - Processing file /home/airflow/.local/lib/python3.12/site-packages/airflow/example_dags/example_inlet_event_extra.py for tasks to queue
[2025-03-24T08:32:00.803+0000] {logging_mixin.py:190} INFO - [2025-03-24T08:32:00.802+0000] {dagbag.py:588} INFO - Filling up the DagBag from /home/airflow/.local/lib/python3.12/site-packages/airflow/example_dags/example_inlet_event_extra.py
[2025-03-24T08:32:01.442+0000] {processor.py:925} INFO - DAG(s) 'read_dataset_event_from_classic', 'read_dataset_event' retrieved from /home/airflow/.local/lib/python3.12/site-packages/airflow/example_dags/example_inlet_event_extra.py
[2025-03-24T08:32:01.466+0000] {logging_mixin.py:190} INFO - [2025-03-24T08:32:01.466+0000] {dag.py:3239} INFO - Sync 2 DAGs
[2025-03-24T08:32:01.497+0000] {logging_mixin.py:190} INFO - [2025-03-24T08:32:01.496+0000] {dag.py:4180} INFO - Setting next_dagrun for read_dataset_event to 2025-03-23 00:00:00+00:00, run_after=2025-03-24 00:00:00+00:00
[2025-03-24T08:32:01.504+0000] {logging_mixin.py:190} INFO - [2025-03-24T08:32:01.504+0000] {dag.py:4180} INFO - Setting next_dagrun for read_dataset_event_from_classic to 2025-03-23 00:00:00+00:00, run_after=2025-03-24 00:00:00+00:00
[2025-03-24T08:32:01.527+0000] {processor.py:208} INFO - Processing /home/airflow/.local/lib/python3.12/site-packages/airflow/example_dags/example_inlet_event_extra.py took 0.734 seconds
[2025-03-24T08:32:32.639+0000] {processor.py:186} INFO - Started process (PID=2862) to work on /home/airflow/.local/lib/python3.12/site-packages/airflow/example_dags/example_inlet_event_extra.py
[2025-03-24T08:32:32.641+0000] {processor.py:914} INFO - Processing file /home/airflow/.local/lib/python3.12/site-packages/airflow/example_dags/example_inlet_event_extra.py for tasks to queue
[2025-03-24T08:32:32.645+0000] {logging_mixin.py:190} INFO - [2025-03-24T08:32:32.645+0000] {dagbag.py:588} INFO - Filling up the DagBag from /home/airflow/.local/lib/python3.12/site-packages/airflow/example_dags/example_inlet_event_extra.py
[2025-03-24T08:32:33.256+0000] {processor.py:925} INFO - DAG(s) 'read_dataset_event', 'read_dataset_event_from_classic' retrieved from /home/airflow/.local/lib/python3.12/site-packages/airflow/example_dags/example_inlet_event_extra.py
[2025-03-24T08:32:33.282+0000] {logging_mixin.py:190} INFO - [2025-03-24T08:32:33.281+0000] {dag.py:3239} INFO - Sync 2 DAGs
[2025-03-24T08:32:33.316+0000] {logging_mixin.py:190} INFO - [2025-03-24T08:32:33.315+0000] {dag.py:4180} INFO - Setting next_dagrun for read_dataset_event to 2025-03-23 00:00:00+00:00, run_after=2025-03-24 00:00:00+00:00
[2025-03-24T08:32:33.326+0000] {logging_mixin.py:190} INFO - [2025-03-24T08:32:33.325+0000] {dag.py:4180} INFO - Setting next_dagrun for read_dataset_event_from_classic to 2025-03-23 00:00:00+00:00, run_after=2025-03-24 00:00:00+00:00
[2025-03-24T08:32:33.345+0000] {processor.py:208} INFO - Processing /home/airflow/.local/lib/python3.12/site-packages/airflow/example_dags/example_inlet_event_extra.py took 0.714 seconds
[2025-03-24T08:33:04.130+0000] {processor.py:186} INFO - Started process (PID=2925) to work on /home/airflow/.local/lib/python3.12/site-packages/airflow/example_dags/example_inlet_event_extra.py
[2025-03-24T08:33:04.132+0000] {processor.py:914} INFO - Processing file /home/airflow/.local/lib/python3.12/site-packages/airflow/example_dags/example_inlet_event_extra.py for tasks to queue
[2025-03-24T08:33:04.135+0000] {logging_mixin.py:190} INFO - [2025-03-24T08:33:04.134+0000] {dagbag.py:588} INFO - Filling up the DagBag from /home/airflow/.local/lib/python3.12/site-packages/airflow/example_dags/example_inlet_event_extra.py
[2025-03-24T08:33:04.862+0000] {processor.py:925} INFO - DAG(s) 'read_dataset_event', 'read_dataset_event_from_classic' retrieved from /home/airflow/.local/lib/python3.12/site-packages/airflow/example_dags/example_inlet_event_extra.py
[2025-03-24T08:33:04.886+0000] {logging_mixin.py:190} INFO - [2025-03-24T08:33:04.886+0000] {dag.py:3239} INFO - Sync 2 DAGs
[2025-03-24T08:33:04.916+0000] {logging_mixin.py:190} INFO - [2025-03-24T08:33:04.916+0000] {dag.py:4180} INFO - Setting next_dagrun for read_dataset_event to 2025-03-23 00:00:00+00:00, run_after=2025-03-24 00:00:00+00:00
[2025-03-24T08:33:04.922+0000] {logging_mixin.py:190} INFO - [2025-03-24T08:33:04.922+0000] {dag.py:4180} INFO - Setting next_dagrun for read_dataset_event_from_classic to 2025-03-23 00:00:00+00:00, run_after=2025-03-24 00:00:00+00:00
[2025-03-24T08:33:04.947+0000] {processor.py:208} INFO - Processing /home/airflow/.local/lib/python3.12/site-packages/airflow/example_dags/example_inlet_event_extra.py took 0.827 seconds
