[2025-03-24T08:10:06.950+0000] {processor.py:186} INFO - Started process (PID=77) to work on /home/airflow/.local/lib/python3.12/site-packages/airflow/example_dags/example_sensors.py
[2025-03-24T08:10:06.951+0000] {processor.py:914} INFO - Processing file /home/airflow/.local/lib/python3.12/site-packages/airflow/example_dags/example_sensors.py for tasks to queue
[2025-03-24T08:10:06.955+0000] {logging_mixin.py:190} INFO - [2025-03-24T08:10:06.954+0000] {dagbag.py:588} INFO - Filling up the DagBag from /home/airflow/.local/lib/python3.12/site-packages/airflow/example_dags/example_sensors.py
[2025-03-24T08:10:06.972+0000] {processor.py:925} INFO - DAG(s) 'example_sensors' retrieved from /home/airflow/.local/lib/python3.12/site-packages/airflow/example_dags/example_sensors.py
[2025-03-24T08:10:07.104+0000] {logging_mixin.py:190} INFO - [2025-03-24T08:10:07.103+0000] {override.py:1912} INFO - Created Permission View: can read on DAG:example_sensors
[2025-03-24T08:10:07.115+0000] {logging_mixin.py:190} INFO - [2025-03-24T08:10:07.115+0000] {override.py:1912} INFO - Created Permission View: can delete on DAG:example_sensors
[2025-03-24T08:10:07.123+0000] {logging_mixin.py:190} INFO - [2025-03-24T08:10:07.123+0000] {override.py:1912} INFO - Created Permission View: can edit on DAG:example_sensors
[2025-03-24T08:10:07.133+0000] {logging_mixin.py:190} INFO - [2025-03-24T08:10:07.133+0000] {override.py:1912} INFO - Created Permission View: can create on DAG Run:example_sensors
[2025-03-24T08:10:07.141+0000] {logging_mixin.py:190} INFO - [2025-03-24T08:10:07.141+0000] {override.py:1912} INFO - Created Permission View: menu access on DAG Run:example_sensors
[2025-03-24T08:10:07.150+0000] {logging_mixin.py:190} INFO - [2025-03-24T08:10:07.150+0000] {override.py:1912} INFO - Created Permission View: can read on DAG Run:example_sensors
[2025-03-24T08:10:07.159+0000] {logging_mixin.py:190} INFO - [2025-03-24T08:10:07.159+0000] {override.py:1912} INFO - Created Permission View: can delete on DAG Run:example_sensors
[2025-03-24T08:10:07.160+0000] {logging_mixin.py:190} INFO - [2025-03-24T08:10:07.160+0000] {dag.py:3239} INFO - Sync 1 DAGs
[2025-03-24T08:10:07.175+0000] {logging_mixin.py:190} INFO - [2025-03-24T08:10:07.175+0000] {dag.py:3262} INFO - Creating ORM DAG for example_sensors
[2025-03-24T08:10:07.176+0000] {logging_mixin.py:190} INFO - [2025-03-24T08:10:07.176+0000] {dag.py:4180} INFO - Setting next_dagrun for example_sensors to None, run_after=None
[2025-03-24T08:10:07.195+0000] {processor.py:208} INFO - Processing /home/airflow/.local/lib/python3.12/site-packages/airflow/example_dags/example_sensors.py took 0.254 seconds
[2025-03-24T08:10:37.963+0000] {processor.py:186} INFO - Started process (PID=141) to work on /home/airflow/.local/lib/python3.12/site-packages/airflow/example_dags/example_sensors.py
[2025-03-24T08:10:37.964+0000] {processor.py:914} INFO - Processing file /home/airflow/.local/lib/python3.12/site-packages/airflow/example_dags/example_sensors.py for tasks to queue
[2025-03-24T08:10:37.966+0000] {logging_mixin.py:190} INFO - [2025-03-24T08:10:37.966+0000] {dagbag.py:588} INFO - Filling up the DagBag from /home/airflow/.local/lib/python3.12/site-packages/airflow/example_dags/example_sensors.py
[2025-03-24T08:10:37.978+0000] {processor.py:925} INFO - DAG(s) 'example_sensors' retrieved from /home/airflow/.local/lib/python3.12/site-packages/airflow/example_dags/example_sensors.py
[2025-03-24T08:10:38.009+0000] {logging_mixin.py:190} INFO - [2025-03-24T08:10:38.009+0000] {dag.py:3239} INFO - Sync 1 DAGs
[2025-03-24T08:10:38.025+0000] {logging_mixin.py:190} INFO - [2025-03-24T08:10:38.025+0000] {dag.py:4180} INFO - Setting next_dagrun for example_sensors to None, run_after=None
[2025-03-24T08:10:38.046+0000] {processor.py:208} INFO - Processing /home/airflow/.local/lib/python3.12/site-packages/airflow/example_dags/example_sensors.py took 0.090 seconds
[2025-03-24T08:11:08.131+0000] {processor.py:186} INFO - Started process (PID=204) to work on /home/airflow/.local/lib/python3.12/site-packages/airflow/example_dags/example_sensors.py
[2025-03-24T08:11:08.132+0000] {processor.py:914} INFO - Processing file /home/airflow/.local/lib/python3.12/site-packages/airflow/example_dags/example_sensors.py for tasks to queue
[2025-03-24T08:11:08.135+0000] {logging_mixin.py:190} INFO - [2025-03-24T08:11:08.135+0000] {dagbag.py:588} INFO - Filling up the DagBag from /home/airflow/.local/lib/python3.12/site-packages/airflow/example_dags/example_sensors.py
[2025-03-24T08:11:08.147+0000] {processor.py:925} INFO - DAG(s) 'example_sensors' retrieved from /home/airflow/.local/lib/python3.12/site-packages/airflow/example_dags/example_sensors.py
[2025-03-24T08:11:08.174+0000] {logging_mixin.py:190} INFO - [2025-03-24T08:11:08.173+0000] {dag.py:3239} INFO - Sync 1 DAGs
[2025-03-24T08:11:08.189+0000] {logging_mixin.py:190} INFO - [2025-03-24T08:11:08.188+0000] {dag.py:4180} INFO - Setting next_dagrun for example_sensors to None, run_after=None
[2025-03-24T08:11:08.210+0000] {processor.py:208} INFO - Processing /home/airflow/.local/lib/python3.12/site-packages/airflow/example_dags/example_sensors.py took 0.086 seconds
[2025-03-24T08:11:38.741+0000] {processor.py:186} INFO - Started process (PID=268) to work on /home/airflow/.local/lib/python3.12/site-packages/airflow/example_dags/example_sensors.py
[2025-03-24T08:11:38.742+0000] {processor.py:914} INFO - Processing file /home/airflow/.local/lib/python3.12/site-packages/airflow/example_dags/example_sensors.py for tasks to queue
[2025-03-24T08:11:38.745+0000] {logging_mixin.py:190} INFO - [2025-03-24T08:11:38.745+0000] {dagbag.py:588} INFO - Filling up the DagBag from /home/airflow/.local/lib/python3.12/site-packages/airflow/example_dags/example_sensors.py
[2025-03-24T08:11:38.757+0000] {processor.py:925} INFO - DAG(s) 'example_sensors' retrieved from /home/airflow/.local/lib/python3.12/site-packages/airflow/example_dags/example_sensors.py
[2025-03-24T08:11:38.788+0000] {logging_mixin.py:190} INFO - [2025-03-24T08:11:38.788+0000] {dag.py:3239} INFO - Sync 1 DAGs
[2025-03-24T08:11:38.804+0000] {logging_mixin.py:190} INFO - [2025-03-24T08:11:38.804+0000] {dag.py:4180} INFO - Setting next_dagrun for example_sensors to None, run_after=None
[2025-03-24T08:11:38.835+0000] {processor.py:208} INFO - Processing /home/airflow/.local/lib/python3.12/site-packages/airflow/example_dags/example_sensors.py took 0.100 seconds
[2025-03-24T08:12:09.117+0000] {processor.py:186} INFO - Started process (PID=332) to work on /home/airflow/.local/lib/python3.12/site-packages/airflow/example_dags/example_sensors.py
[2025-03-24T08:12:09.119+0000] {processor.py:914} INFO - Processing file /home/airflow/.local/lib/python3.12/site-packages/airflow/example_dags/example_sensors.py for tasks to queue
[2025-03-24T08:12:09.121+0000] {logging_mixin.py:190} INFO - [2025-03-24T08:12:09.121+0000] {dagbag.py:588} INFO - Filling up the DagBag from /home/airflow/.local/lib/python3.12/site-packages/airflow/example_dags/example_sensors.py
[2025-03-24T08:12:09.134+0000] {processor.py:925} INFO - DAG(s) 'example_sensors' retrieved from /home/airflow/.local/lib/python3.12/site-packages/airflow/example_dags/example_sensors.py
[2025-03-24T08:12:09.163+0000] {logging_mixin.py:190} INFO - [2025-03-24T08:12:09.163+0000] {dag.py:3239} INFO - Sync 1 DAGs
[2025-03-24T08:12:09.179+0000] {logging_mixin.py:190} INFO - [2025-03-24T08:12:09.179+0000] {dag.py:4180} INFO - Setting next_dagrun for example_sensors to None, run_after=None
[2025-03-24T08:12:09.203+0000] {processor.py:208} INFO - Processing /home/airflow/.local/lib/python3.12/site-packages/airflow/example_dags/example_sensors.py took 0.092 seconds
[2025-03-24T08:12:39.287+0000] {processor.py:186} INFO - Started process (PID=396) to work on /home/airflow/.local/lib/python3.12/site-packages/airflow/example_dags/example_sensors.py
[2025-03-24T08:12:39.288+0000] {processor.py:914} INFO - Processing file /home/airflow/.local/lib/python3.12/site-packages/airflow/example_dags/example_sensors.py for tasks to queue
[2025-03-24T08:12:39.290+0000] {logging_mixin.py:190} INFO - [2025-03-24T08:12:39.290+0000] {dagbag.py:588} INFO - Filling up the DagBag from /home/airflow/.local/lib/python3.12/site-packages/airflow/example_dags/example_sensors.py
[2025-03-24T08:12:39.302+0000] {processor.py:925} INFO - DAG(s) 'example_sensors' retrieved from /home/airflow/.local/lib/python3.12/site-packages/airflow/example_dags/example_sensors.py
[2025-03-24T08:12:39.331+0000] {logging_mixin.py:190} INFO - [2025-03-24T08:12:39.330+0000] {dag.py:3239} INFO - Sync 1 DAGs
[2025-03-24T08:12:39.346+0000] {logging_mixin.py:190} INFO - [2025-03-24T08:12:39.346+0000] {dag.py:4180} INFO - Setting next_dagrun for example_sensors to None, run_after=None
[2025-03-24T08:12:39.370+0000] {processor.py:208} INFO - Processing /home/airflow/.local/lib/python3.12/site-packages/airflow/example_dags/example_sensors.py took 0.089 seconds
[2025-03-24T08:13:09.535+0000] {processor.py:186} INFO - Started process (PID=460) to work on /home/airflow/.local/lib/python3.12/site-packages/airflow/example_dags/example_sensors.py
[2025-03-24T08:13:09.536+0000] {processor.py:914} INFO - Processing file /home/airflow/.local/lib/python3.12/site-packages/airflow/example_dags/example_sensors.py for tasks to queue
[2025-03-24T08:13:09.539+0000] {logging_mixin.py:190} INFO - [2025-03-24T08:13:09.538+0000] {dagbag.py:588} INFO - Filling up the DagBag from /home/airflow/.local/lib/python3.12/site-packages/airflow/example_dags/example_sensors.py
[2025-03-24T08:13:09.550+0000] {processor.py:925} INFO - DAG(s) 'example_sensors' retrieved from /home/airflow/.local/lib/python3.12/site-packages/airflow/example_dags/example_sensors.py
[2025-03-24T08:13:09.580+0000] {logging_mixin.py:190} INFO - [2025-03-24T08:13:09.580+0000] {dag.py:3239} INFO - Sync 1 DAGs
[2025-03-24T08:13:09.595+0000] {logging_mixin.py:190} INFO - [2025-03-24T08:13:09.595+0000] {dag.py:4180} INFO - Setting next_dagrun for example_sensors to None, run_after=None
[2025-03-24T08:13:09.620+0000] {processor.py:208} INFO - Processing /home/airflow/.local/lib/python3.12/site-packages/airflow/example_dags/example_sensors.py took 0.091 seconds
[2025-03-24T08:13:40.537+0000] {processor.py:186} INFO - Started process (PID=524) to work on /home/airflow/.local/lib/python3.12/site-packages/airflow/example_dags/example_sensors.py
[2025-03-24T08:13:40.538+0000] {processor.py:914} INFO - Processing file /home/airflow/.local/lib/python3.12/site-packages/airflow/example_dags/example_sensors.py for tasks to queue
[2025-03-24T08:13:40.540+0000] {logging_mixin.py:190} INFO - [2025-03-24T08:13:40.540+0000] {dagbag.py:588} INFO - Filling up the DagBag from /home/airflow/.local/lib/python3.12/site-packages/airflow/example_dags/example_sensors.py
[2025-03-24T08:13:40.552+0000] {processor.py:925} INFO - DAG(s) 'example_sensors' retrieved from /home/airflow/.local/lib/python3.12/site-packages/airflow/example_dags/example_sensors.py
[2025-03-24T08:13:40.583+0000] {logging_mixin.py:190} INFO - [2025-03-24T08:13:40.583+0000] {dag.py:3239} INFO - Sync 1 DAGs
[2025-03-24T08:13:40.598+0000] {logging_mixin.py:190} INFO - [2025-03-24T08:13:40.598+0000] {dag.py:4180} INFO - Setting next_dagrun for example_sensors to None, run_after=None
[2025-03-24T08:13:40.619+0000] {processor.py:208} INFO - Processing /home/airflow/.local/lib/python3.12/site-packages/airflow/example_dags/example_sensors.py took 0.089 seconds
[2025-03-24T08:14:10.734+0000] {processor.py:186} INFO - Started process (PID=588) to work on /home/airflow/.local/lib/python3.12/site-packages/airflow/example_dags/example_sensors.py
[2025-03-24T08:14:10.735+0000] {processor.py:914} INFO - Processing file /home/airflow/.local/lib/python3.12/site-packages/airflow/example_dags/example_sensors.py for tasks to queue
[2025-03-24T08:14:10.737+0000] {logging_mixin.py:190} INFO - [2025-03-24T08:14:10.737+0000] {dagbag.py:588} INFO - Filling up the DagBag from /home/airflow/.local/lib/python3.12/site-packages/airflow/example_dags/example_sensors.py
[2025-03-24T08:14:10.749+0000] {processor.py:925} INFO - DAG(s) 'example_sensors' retrieved from /home/airflow/.local/lib/python3.12/site-packages/airflow/example_dags/example_sensors.py
[2025-03-24T08:14:10.779+0000] {logging_mixin.py:190} INFO - [2025-03-24T08:14:10.779+0000] {dag.py:3239} INFO - Sync 1 DAGs
[2025-03-24T08:14:10.796+0000] {logging_mixin.py:190} INFO - [2025-03-24T08:14:10.796+0000] {dag.py:4180} INFO - Setting next_dagrun for example_sensors to None, run_after=None
[2025-03-24T08:14:10.819+0000] {processor.py:208} INFO - Processing /home/airflow/.local/lib/python3.12/site-packages/airflow/example_dags/example_sensors.py took 0.091 seconds
[2025-03-24T08:14:41.732+0000] {processor.py:186} INFO - Started process (PID=652) to work on /home/airflow/.local/lib/python3.12/site-packages/airflow/example_dags/example_sensors.py
[2025-03-24T08:14:41.734+0000] {processor.py:914} INFO - Processing file /home/airflow/.local/lib/python3.12/site-packages/airflow/example_dags/example_sensors.py for tasks to queue
[2025-03-24T08:14:41.736+0000] {logging_mixin.py:190} INFO - [2025-03-24T08:14:41.736+0000] {dagbag.py:588} INFO - Filling up the DagBag from /home/airflow/.local/lib/python3.12/site-packages/airflow/example_dags/example_sensors.py
[2025-03-24T08:14:41.748+0000] {processor.py:925} INFO - DAG(s) 'example_sensors' retrieved from /home/airflow/.local/lib/python3.12/site-packages/airflow/example_dags/example_sensors.py
[2025-03-24T08:14:41.779+0000] {logging_mixin.py:190} INFO - [2025-03-24T08:14:41.779+0000] {dag.py:3239} INFO - Sync 1 DAGs
[2025-03-24T08:14:41.795+0000] {logging_mixin.py:190} INFO - [2025-03-24T08:14:41.795+0000] {dag.py:4180} INFO - Setting next_dagrun for example_sensors to None, run_after=None
[2025-03-24T08:14:41.820+0000] {processor.py:208} INFO - Processing /home/airflow/.local/lib/python3.12/site-packages/airflow/example_dags/example_sensors.py took 0.094 seconds
[2025-03-24T08:15:11.964+0000] {processor.py:186} INFO - Started process (PID=716) to work on /home/airflow/.local/lib/python3.12/site-packages/airflow/example_dags/example_sensors.py
[2025-03-24T08:15:11.966+0000] {processor.py:914} INFO - Processing file /home/airflow/.local/lib/python3.12/site-packages/airflow/example_dags/example_sensors.py for tasks to queue
[2025-03-24T08:15:11.969+0000] {logging_mixin.py:190} INFO - [2025-03-24T08:15:11.968+0000] {dagbag.py:588} INFO - Filling up the DagBag from /home/airflow/.local/lib/python3.12/site-packages/airflow/example_dags/example_sensors.py
[2025-03-24T08:15:11.981+0000] {processor.py:925} INFO - DAG(s) 'example_sensors' retrieved from /home/airflow/.local/lib/python3.12/site-packages/airflow/example_dags/example_sensors.py
[2025-03-24T08:15:12.012+0000] {logging_mixin.py:190} INFO - [2025-03-24T08:15:12.012+0000] {dag.py:3239} INFO - Sync 1 DAGs
[2025-03-24T08:15:12.028+0000] {logging_mixin.py:190} INFO - [2025-03-24T08:15:12.028+0000] {dag.py:4180} INFO - Setting next_dagrun for example_sensors to None, run_after=None
[2025-03-24T08:15:12.052+0000] {processor.py:208} INFO - Processing /home/airflow/.local/lib/python3.12/site-packages/airflow/example_dags/example_sensors.py took 0.095 seconds
[2025-03-24T08:15:42.256+0000] {processor.py:186} INFO - Started process (PID=780) to work on /home/airflow/.local/lib/python3.12/site-packages/airflow/example_dags/example_sensors.py
[2025-03-24T08:15:42.258+0000] {processor.py:914} INFO - Processing file /home/airflow/.local/lib/python3.12/site-packages/airflow/example_dags/example_sensors.py for tasks to queue
[2025-03-24T08:15:42.260+0000] {logging_mixin.py:190} INFO - [2025-03-24T08:15:42.260+0000] {dagbag.py:588} INFO - Filling up the DagBag from /home/airflow/.local/lib/python3.12/site-packages/airflow/example_dags/example_sensors.py
[2025-03-24T08:15:42.273+0000] {processor.py:925} INFO - DAG(s) 'example_sensors' retrieved from /home/airflow/.local/lib/python3.12/site-packages/airflow/example_dags/example_sensors.py
[2025-03-24T08:15:42.301+0000] {logging_mixin.py:190} INFO - [2025-03-24T08:15:42.301+0000] {dag.py:3239} INFO - Sync 1 DAGs
[2025-03-24T08:15:42.317+0000] {logging_mixin.py:190} INFO - [2025-03-24T08:15:42.316+0000] {dag.py:4180} INFO - Setting next_dagrun for example_sensors to None, run_after=None
[2025-03-24T08:15:42.339+0000] {processor.py:208} INFO - Processing /home/airflow/.local/lib/python3.12/site-packages/airflow/example_dags/example_sensors.py took 0.090 seconds
[2025-03-24T08:16:12.982+0000] {processor.py:186} INFO - Started process (PID=844) to work on /home/airflow/.local/lib/python3.12/site-packages/airflow/example_dags/example_sensors.py
[2025-03-24T08:16:12.983+0000] {processor.py:914} INFO - Processing file /home/airflow/.local/lib/python3.12/site-packages/airflow/example_dags/example_sensors.py for tasks to queue
[2025-03-24T08:16:12.986+0000] {logging_mixin.py:190} INFO - [2025-03-24T08:16:12.986+0000] {dagbag.py:588} INFO - Filling up the DagBag from /home/airflow/.local/lib/python3.12/site-packages/airflow/example_dags/example_sensors.py
[2025-03-24T08:16:12.999+0000] {processor.py:925} INFO - DAG(s) 'example_sensors' retrieved from /home/airflow/.local/lib/python3.12/site-packages/airflow/example_dags/example_sensors.py
[2025-03-24T08:16:13.028+0000] {logging_mixin.py:190} INFO - [2025-03-24T08:16:13.028+0000] {dag.py:3239} INFO - Sync 1 DAGs
[2025-03-24T08:16:13.043+0000] {logging_mixin.py:190} INFO - [2025-03-24T08:16:13.043+0000] {dag.py:4180} INFO - Setting next_dagrun for example_sensors to None, run_after=None
[2025-03-24T08:16:13.067+0000] {processor.py:208} INFO - Processing /home/airflow/.local/lib/python3.12/site-packages/airflow/example_dags/example_sensors.py took 0.092 seconds
[2025-03-24T08:16:43.178+0000] {processor.py:186} INFO - Started process (PID=908) to work on /home/airflow/.local/lib/python3.12/site-packages/airflow/example_dags/example_sensors.py
[2025-03-24T08:16:43.179+0000] {processor.py:914} INFO - Processing file /home/airflow/.local/lib/python3.12/site-packages/airflow/example_dags/example_sensors.py for tasks to queue
[2025-03-24T08:16:43.182+0000] {logging_mixin.py:190} INFO - [2025-03-24T08:16:43.182+0000] {dagbag.py:588} INFO - Filling up the DagBag from /home/airflow/.local/lib/python3.12/site-packages/airflow/example_dags/example_sensors.py
[2025-03-24T08:16:43.195+0000] {processor.py:925} INFO - DAG(s) 'example_sensors' retrieved from /home/airflow/.local/lib/python3.12/site-packages/airflow/example_dags/example_sensors.py
[2025-03-24T08:16:43.224+0000] {logging_mixin.py:190} INFO - [2025-03-24T08:16:43.223+0000] {dag.py:3239} INFO - Sync 1 DAGs
[2025-03-24T08:16:43.241+0000] {logging_mixin.py:190} INFO - [2025-03-24T08:16:43.240+0000] {dag.py:4180} INFO - Setting next_dagrun for example_sensors to None, run_after=None
[2025-03-24T08:16:43.262+0000] {processor.py:208} INFO - Processing /home/airflow/.local/lib/python3.12/site-packages/airflow/example_dags/example_sensors.py took 0.092 seconds
[2025-03-24T08:17:13.407+0000] {processor.py:186} INFO - Started process (PID=972) to work on /home/airflow/.local/lib/python3.12/site-packages/airflow/example_dags/example_sensors.py
[2025-03-24T08:17:13.409+0000] {processor.py:914} INFO - Processing file /home/airflow/.local/lib/python3.12/site-packages/airflow/example_dags/example_sensors.py for tasks to queue
[2025-03-24T08:17:13.412+0000] {logging_mixin.py:190} INFO - [2025-03-24T08:17:13.411+0000] {dagbag.py:588} INFO - Filling up the DagBag from /home/airflow/.local/lib/python3.12/site-packages/airflow/example_dags/example_sensors.py
[2025-03-24T08:17:13.425+0000] {processor.py:925} INFO - DAG(s) 'example_sensors' retrieved from /home/airflow/.local/lib/python3.12/site-packages/airflow/example_dags/example_sensors.py
[2025-03-24T08:17:13.452+0000] {logging_mixin.py:190} INFO - [2025-03-24T08:17:13.452+0000] {dag.py:3239} INFO - Sync 1 DAGs
[2025-03-24T08:17:13.468+0000] {logging_mixin.py:190} INFO - [2025-03-24T08:17:13.468+0000] {dag.py:4180} INFO - Setting next_dagrun for example_sensors to None, run_after=None
[2025-03-24T08:17:13.491+0000] {processor.py:208} INFO - Processing /home/airflow/.local/lib/python3.12/site-packages/airflow/example_dags/example_sensors.py took 0.091 seconds
[2025-03-24T08:17:44.545+0000] {processor.py:186} INFO - Started process (PID=1036) to work on /home/airflow/.local/lib/python3.12/site-packages/airflow/example_dags/example_sensors.py
[2025-03-24T08:17:44.547+0000] {processor.py:914} INFO - Processing file /home/airflow/.local/lib/python3.12/site-packages/airflow/example_dags/example_sensors.py for tasks to queue
[2025-03-24T08:17:44.549+0000] {logging_mixin.py:190} INFO - [2025-03-24T08:17:44.549+0000] {dagbag.py:588} INFO - Filling up the DagBag from /home/airflow/.local/lib/python3.12/site-packages/airflow/example_dags/example_sensors.py
[2025-03-24T08:17:44.562+0000] {processor.py:925} INFO - DAG(s) 'example_sensors' retrieved from /home/airflow/.local/lib/python3.12/site-packages/airflow/example_dags/example_sensors.py
[2025-03-24T08:17:44.593+0000] {logging_mixin.py:190} INFO - [2025-03-24T08:17:44.593+0000] {dag.py:3239} INFO - Sync 1 DAGs
[2025-03-24T08:17:44.609+0000] {logging_mixin.py:190} INFO - [2025-03-24T08:17:44.609+0000] {dag.py:4180} INFO - Setting next_dagrun for example_sensors to None, run_after=None
[2025-03-24T08:17:44.630+0000] {processor.py:208} INFO - Processing /home/airflow/.local/lib/python3.12/site-packages/airflow/example_dags/example_sensors.py took 0.092 seconds
[2025-03-24T08:18:15.468+0000] {processor.py:186} INFO - Started process (PID=1100) to work on /home/airflow/.local/lib/python3.12/site-packages/airflow/example_dags/example_sensors.py
[2025-03-24T08:18:15.469+0000] {processor.py:914} INFO - Processing file /home/airflow/.local/lib/python3.12/site-packages/airflow/example_dags/example_sensors.py for tasks to queue
[2025-03-24T08:18:15.471+0000] {logging_mixin.py:190} INFO - [2025-03-24T08:18:15.471+0000] {dagbag.py:588} INFO - Filling up the DagBag from /home/airflow/.local/lib/python3.12/site-packages/airflow/example_dags/example_sensors.py
[2025-03-24T08:18:15.483+0000] {processor.py:925} INFO - DAG(s) 'example_sensors' retrieved from /home/airflow/.local/lib/python3.12/site-packages/airflow/example_dags/example_sensors.py
[2025-03-24T08:18:15.521+0000] {logging_mixin.py:190} INFO - [2025-03-24T08:18:15.520+0000] {dag.py:3239} INFO - Sync 1 DAGs
[2025-03-24T08:18:15.539+0000] {logging_mixin.py:190} INFO - [2025-03-24T08:18:15.539+0000] {dag.py:4180} INFO - Setting next_dagrun for example_sensors to None, run_after=None
[2025-03-24T08:18:15.576+0000] {processor.py:208} INFO - Processing /home/airflow/.local/lib/python3.12/site-packages/airflow/example_dags/example_sensors.py took 0.114 seconds
[2025-03-24T08:18:46.599+0000] {processor.py:186} INFO - Started process (PID=1164) to work on /home/airflow/.local/lib/python3.12/site-packages/airflow/example_dags/example_sensors.py
[2025-03-24T08:18:46.601+0000] {processor.py:914} INFO - Processing file /home/airflow/.local/lib/python3.12/site-packages/airflow/example_dags/example_sensors.py for tasks to queue
[2025-03-24T08:18:46.604+0000] {logging_mixin.py:190} INFO - [2025-03-24T08:18:46.603+0000] {dagbag.py:588} INFO - Filling up the DagBag from /home/airflow/.local/lib/python3.12/site-packages/airflow/example_dags/example_sensors.py
[2025-03-24T08:18:46.616+0000] {processor.py:925} INFO - DAG(s) 'example_sensors' retrieved from /home/airflow/.local/lib/python3.12/site-packages/airflow/example_dags/example_sensors.py
[2025-03-24T08:18:46.646+0000] {logging_mixin.py:190} INFO - [2025-03-24T08:18:46.646+0000] {dag.py:3239} INFO - Sync 1 DAGs
[2025-03-24T08:18:46.663+0000] {logging_mixin.py:190} INFO - [2025-03-24T08:18:46.663+0000] {dag.py:4180} INFO - Setting next_dagrun for example_sensors to None, run_after=None
[2025-03-24T08:18:46.686+0000] {processor.py:208} INFO - Processing /home/airflow/.local/lib/python3.12/site-packages/airflow/example_dags/example_sensors.py took 0.094 seconds
[2025-03-24T08:19:17.079+0000] {processor.py:186} INFO - Started process (PID=1228) to work on /home/airflow/.local/lib/python3.12/site-packages/airflow/example_dags/example_sensors.py
[2025-03-24T08:19:17.081+0000] {processor.py:914} INFO - Processing file /home/airflow/.local/lib/python3.12/site-packages/airflow/example_dags/example_sensors.py for tasks to queue
[2025-03-24T08:19:17.084+0000] {logging_mixin.py:190} INFO - [2025-03-24T08:19:17.083+0000] {dagbag.py:588} INFO - Filling up the DagBag from /home/airflow/.local/lib/python3.12/site-packages/airflow/example_dags/example_sensors.py
[2025-03-24T08:19:17.097+0000] {processor.py:925} INFO - DAG(s) 'example_sensors' retrieved from /home/airflow/.local/lib/python3.12/site-packages/airflow/example_dags/example_sensors.py
[2025-03-24T08:19:17.128+0000] {logging_mixin.py:190} INFO - [2025-03-24T08:19:17.128+0000] {dag.py:3239} INFO - Sync 1 DAGs
[2025-03-24T08:19:17.145+0000] {logging_mixin.py:190} INFO - [2025-03-24T08:19:17.144+0000] {dag.py:4180} INFO - Setting next_dagrun for example_sensors to None, run_after=None
[2025-03-24T08:19:17.171+0000] {processor.py:208} INFO - Processing /home/airflow/.local/lib/python3.12/site-packages/airflow/example_dags/example_sensors.py took 0.098 seconds
[2025-03-24T08:19:47.438+0000] {processor.py:186} INFO - Started process (PID=1292) to work on /home/airflow/.local/lib/python3.12/site-packages/airflow/example_dags/example_sensors.py
[2025-03-24T08:19:47.439+0000] {processor.py:914} INFO - Processing file /home/airflow/.local/lib/python3.12/site-packages/airflow/example_dags/example_sensors.py for tasks to queue
[2025-03-24T08:19:47.443+0000] {logging_mixin.py:190} INFO - [2025-03-24T08:19:47.442+0000] {dagbag.py:588} INFO - Filling up the DagBag from /home/airflow/.local/lib/python3.12/site-packages/airflow/example_dags/example_sensors.py
[2025-03-24T08:19:47.457+0000] {processor.py:925} INFO - DAG(s) 'example_sensors' retrieved from /home/airflow/.local/lib/python3.12/site-packages/airflow/example_dags/example_sensors.py
[2025-03-24T08:19:47.488+0000] {logging_mixin.py:190} INFO - [2025-03-24T08:19:47.488+0000] {dag.py:3239} INFO - Sync 1 DAGs
[2025-03-24T08:19:47.505+0000] {logging_mixin.py:190} INFO - [2025-03-24T08:19:47.505+0000] {dag.py:4180} INFO - Setting next_dagrun for example_sensors to None, run_after=None
[2025-03-24T08:19:47.527+0000] {processor.py:208} INFO - Processing /home/airflow/.local/lib/python3.12/site-packages/airflow/example_dags/example_sensors.py took 0.096 seconds
[2025-03-24T08:20:18.262+0000] {processor.py:186} INFO - Started process (PID=1356) to work on /home/airflow/.local/lib/python3.12/site-packages/airflow/example_dags/example_sensors.py
[2025-03-24T08:20:18.263+0000] {processor.py:914} INFO - Processing file /home/airflow/.local/lib/python3.12/site-packages/airflow/example_dags/example_sensors.py for tasks to queue
[2025-03-24T08:20:18.266+0000] {logging_mixin.py:190} INFO - [2025-03-24T08:20:18.265+0000] {dagbag.py:588} INFO - Filling up the DagBag from /home/airflow/.local/lib/python3.12/site-packages/airflow/example_dags/example_sensors.py
[2025-03-24T08:20:18.278+0000] {processor.py:925} INFO - DAG(s) 'example_sensors' retrieved from /home/airflow/.local/lib/python3.12/site-packages/airflow/example_dags/example_sensors.py
[2025-03-24T08:20:18.309+0000] {logging_mixin.py:190} INFO - [2025-03-24T08:20:18.308+0000] {dag.py:3239} INFO - Sync 1 DAGs
[2025-03-24T08:20:18.334+0000] {logging_mixin.py:190} INFO - [2025-03-24T08:20:18.334+0000] {dag.py:4180} INFO - Setting next_dagrun for example_sensors to None, run_after=None
[2025-03-24T08:20:18.358+0000] {processor.py:208} INFO - Processing /home/airflow/.local/lib/python3.12/site-packages/airflow/example_dags/example_sensors.py took 0.103 seconds
[2025-03-24T08:20:49.341+0000] {processor.py:186} INFO - Started process (PID=1420) to work on /home/airflow/.local/lib/python3.12/site-packages/airflow/example_dags/example_sensors.py
[2025-03-24T08:20:49.342+0000] {processor.py:914} INFO - Processing file /home/airflow/.local/lib/python3.12/site-packages/airflow/example_dags/example_sensors.py for tasks to queue
[2025-03-24T08:20:49.345+0000] {logging_mixin.py:190} INFO - [2025-03-24T08:20:49.345+0000] {dagbag.py:588} INFO - Filling up the DagBag from /home/airflow/.local/lib/python3.12/site-packages/airflow/example_dags/example_sensors.py
[2025-03-24T08:20:49.359+0000] {processor.py:925} INFO - DAG(s) 'example_sensors' retrieved from /home/airflow/.local/lib/python3.12/site-packages/airflow/example_dags/example_sensors.py
[2025-03-24T08:20:49.390+0000] {logging_mixin.py:190} INFO - [2025-03-24T08:20:49.390+0000] {dag.py:3239} INFO - Sync 1 DAGs
[2025-03-24T08:20:49.407+0000] {logging_mixin.py:190} INFO - [2025-03-24T08:20:49.407+0000] {dag.py:4180} INFO - Setting next_dagrun for example_sensors to None, run_after=None
[2025-03-24T08:20:49.433+0000] {processor.py:208} INFO - Processing /home/airflow/.local/lib/python3.12/site-packages/airflow/example_dags/example_sensors.py took 0.099 seconds
[2025-03-24T08:21:19.914+0000] {processor.py:186} INFO - Started process (PID=1484) to work on /home/airflow/.local/lib/python3.12/site-packages/airflow/example_dags/example_sensors.py
[2025-03-24T08:21:19.915+0000] {processor.py:914} INFO - Processing file /home/airflow/.local/lib/python3.12/site-packages/airflow/example_dags/example_sensors.py for tasks to queue
[2025-03-24T08:21:19.917+0000] {logging_mixin.py:190} INFO - [2025-03-24T08:21:19.917+0000] {dagbag.py:588} INFO - Filling up the DagBag from /home/airflow/.local/lib/python3.12/site-packages/airflow/example_dags/example_sensors.py
[2025-03-24T08:21:19.931+0000] {processor.py:925} INFO - DAG(s) 'example_sensors' retrieved from /home/airflow/.local/lib/python3.12/site-packages/airflow/example_dags/example_sensors.py
[2025-03-24T08:21:19.963+0000] {logging_mixin.py:190} INFO - [2025-03-24T08:21:19.962+0000] {dag.py:3239} INFO - Sync 1 DAGs
[2025-03-24T08:21:19.982+0000] {logging_mixin.py:190} INFO - [2025-03-24T08:21:19.982+0000] {dag.py:4180} INFO - Setting next_dagrun for example_sensors to None, run_after=None
[2025-03-24T08:21:20.006+0000] {processor.py:208} INFO - Processing /home/airflow/.local/lib/python3.12/site-packages/airflow/example_dags/example_sensors.py took 0.100 seconds
[2025-03-24T08:21:50.470+0000] {processor.py:186} INFO - Started process (PID=1548) to work on /home/airflow/.local/lib/python3.12/site-packages/airflow/example_dags/example_sensors.py
[2025-03-24T08:21:50.471+0000] {processor.py:914} INFO - Processing file /home/airflow/.local/lib/python3.12/site-packages/airflow/example_dags/example_sensors.py for tasks to queue
[2025-03-24T08:21:50.474+0000] {logging_mixin.py:190} INFO - [2025-03-24T08:21:50.473+0000] {dagbag.py:588} INFO - Filling up the DagBag from /home/airflow/.local/lib/python3.12/site-packages/airflow/example_dags/example_sensors.py
[2025-03-24T08:21:50.486+0000] {processor.py:925} INFO - DAG(s) 'example_sensors' retrieved from /home/airflow/.local/lib/python3.12/site-packages/airflow/example_dags/example_sensors.py
[2025-03-24T08:21:50.515+0000] {logging_mixin.py:190} INFO - [2025-03-24T08:21:50.515+0000] {dag.py:3239} INFO - Sync 1 DAGs
[2025-03-24T08:21:50.530+0000] {logging_mixin.py:190} INFO - [2025-03-24T08:21:50.530+0000] {dag.py:4180} INFO - Setting next_dagrun for example_sensors to None, run_after=None
[2025-03-24T08:21:50.555+0000] {processor.py:208} INFO - Processing /home/airflow/.local/lib/python3.12/site-packages/airflow/example_dags/example_sensors.py took 0.092 seconds
[2025-03-24T08:22:21.048+0000] {processor.py:186} INFO - Started process (PID=1612) to work on /home/airflow/.local/lib/python3.12/site-packages/airflow/example_dags/example_sensors.py
[2025-03-24T08:22:21.049+0000] {processor.py:914} INFO - Processing file /home/airflow/.local/lib/python3.12/site-packages/airflow/example_dags/example_sensors.py for tasks to queue
[2025-03-24T08:22:21.052+0000] {logging_mixin.py:190} INFO - [2025-03-24T08:22:21.052+0000] {dagbag.py:588} INFO - Filling up the DagBag from /home/airflow/.local/lib/python3.12/site-packages/airflow/example_dags/example_sensors.py
[2025-03-24T08:22:21.065+0000] {processor.py:925} INFO - DAG(s) 'example_sensors' retrieved from /home/airflow/.local/lib/python3.12/site-packages/airflow/example_dags/example_sensors.py
[2025-03-24T08:22:21.095+0000] {logging_mixin.py:190} INFO - [2025-03-24T08:22:21.095+0000] {dag.py:3239} INFO - Sync 1 DAGs
[2025-03-24T08:22:21.112+0000] {logging_mixin.py:190} INFO - [2025-03-24T08:22:21.111+0000] {dag.py:4180} INFO - Setting next_dagrun for example_sensors to None, run_after=None
[2025-03-24T08:22:21.137+0000] {processor.py:208} INFO - Processing /home/airflow/.local/lib/python3.12/site-packages/airflow/example_dags/example_sensors.py took 0.095 seconds
[2025-03-24T08:22:51.944+0000] {processor.py:186} INFO - Started process (PID=1676) to work on /home/airflow/.local/lib/python3.12/site-packages/airflow/example_dags/example_sensors.py
[2025-03-24T08:22:51.945+0000] {processor.py:914} INFO - Processing file /home/airflow/.local/lib/python3.12/site-packages/airflow/example_dags/example_sensors.py for tasks to queue
[2025-03-24T08:22:51.947+0000] {logging_mixin.py:190} INFO - [2025-03-24T08:22:51.947+0000] {dagbag.py:588} INFO - Filling up the DagBag from /home/airflow/.local/lib/python3.12/site-packages/airflow/example_dags/example_sensors.py
[2025-03-24T08:22:51.959+0000] {processor.py:925} INFO - DAG(s) 'example_sensors' retrieved from /home/airflow/.local/lib/python3.12/site-packages/airflow/example_dags/example_sensors.py
[2025-03-24T08:22:51.992+0000] {logging_mixin.py:190} INFO - [2025-03-24T08:22:51.991+0000] {dag.py:3239} INFO - Sync 1 DAGs
[2025-03-24T08:22:52.010+0000] {logging_mixin.py:190} INFO - [2025-03-24T08:22:52.009+0000] {dag.py:4180} INFO - Setting next_dagrun for example_sensors to None, run_after=None
[2025-03-24T08:22:52.037+0000] {processor.py:208} INFO - Processing /home/airflow/.local/lib/python3.12/site-packages/airflow/example_dags/example_sensors.py took 0.099 seconds
[2025-03-24T08:23:22.207+0000] {processor.py:186} INFO - Started process (PID=1740) to work on /home/airflow/.local/lib/python3.12/site-packages/airflow/example_dags/example_sensors.py
[2025-03-24T08:23:22.208+0000] {processor.py:914} INFO - Processing file /home/airflow/.local/lib/python3.12/site-packages/airflow/example_dags/example_sensors.py for tasks to queue
[2025-03-24T08:23:22.211+0000] {logging_mixin.py:190} INFO - [2025-03-24T08:23:22.210+0000] {dagbag.py:588} INFO - Filling up the DagBag from /home/airflow/.local/lib/python3.12/site-packages/airflow/example_dags/example_sensors.py
[2025-03-24T08:23:22.223+0000] {processor.py:925} INFO - DAG(s) 'example_sensors' retrieved from /home/airflow/.local/lib/python3.12/site-packages/airflow/example_dags/example_sensors.py
[2025-03-24T08:23:22.254+0000] {logging_mixin.py:190} INFO - [2025-03-24T08:23:22.254+0000] {dag.py:3239} INFO - Sync 1 DAGs
[2025-03-24T08:23:22.271+0000] {logging_mixin.py:190} INFO - [2025-03-24T08:23:22.271+0000] {dag.py:4180} INFO - Setting next_dagrun for example_sensors to None, run_after=None
[2025-03-24T08:23:22.296+0000] {processor.py:208} INFO - Processing /home/airflow/.local/lib/python3.12/site-packages/airflow/example_dags/example_sensors.py took 0.096 seconds
[2025-03-24T08:23:52.629+0000] {processor.py:186} INFO - Started process (PID=1804) to work on /home/airflow/.local/lib/python3.12/site-packages/airflow/example_dags/example_sensors.py
[2025-03-24T08:23:52.630+0000] {processor.py:914} INFO - Processing file /home/airflow/.local/lib/python3.12/site-packages/airflow/example_dags/example_sensors.py for tasks to queue
[2025-03-24T08:23:52.633+0000] {logging_mixin.py:190} INFO - [2025-03-24T08:23:52.633+0000] {dagbag.py:588} INFO - Filling up the DagBag from /home/airflow/.local/lib/python3.12/site-packages/airflow/example_dags/example_sensors.py
[2025-03-24T08:23:52.646+0000] {processor.py:925} INFO - DAG(s) 'example_sensors' retrieved from /home/airflow/.local/lib/python3.12/site-packages/airflow/example_dags/example_sensors.py
[2025-03-24T08:23:52.679+0000] {logging_mixin.py:190} INFO - [2025-03-24T08:23:52.678+0000] {dag.py:3239} INFO - Sync 1 DAGs
[2025-03-24T08:23:52.696+0000] {logging_mixin.py:190} INFO - [2025-03-24T08:23:52.695+0000] {dag.py:4180} INFO - Setting next_dagrun for example_sensors to None, run_after=None
[2025-03-24T08:23:52.722+0000] {processor.py:208} INFO - Processing /home/airflow/.local/lib/python3.12/site-packages/airflow/example_dags/example_sensors.py took 0.099 seconds
[2025-03-24T08:24:23.017+0000] {processor.py:186} INFO - Started process (PID=1868) to work on /home/airflow/.local/lib/python3.12/site-packages/airflow/example_dags/example_sensors.py
[2025-03-24T08:24:23.018+0000] {processor.py:914} INFO - Processing file /home/airflow/.local/lib/python3.12/site-packages/airflow/example_dags/example_sensors.py for tasks to queue
[2025-03-24T08:24:23.021+0000] {logging_mixin.py:190} INFO - [2025-03-24T08:24:23.021+0000] {dagbag.py:588} INFO - Filling up the DagBag from /home/airflow/.local/lib/python3.12/site-packages/airflow/example_dags/example_sensors.py
[2025-03-24T08:24:23.035+0000] {processor.py:925} INFO - DAG(s) 'example_sensors' retrieved from /home/airflow/.local/lib/python3.12/site-packages/airflow/example_dags/example_sensors.py
[2025-03-24T08:24:23.066+0000] {logging_mixin.py:190} INFO - [2025-03-24T08:24:23.066+0000] {dag.py:3239} INFO - Sync 1 DAGs
[2025-03-24T08:24:23.083+0000] {logging_mixin.py:190} INFO - [2025-03-24T08:24:23.082+0000] {dag.py:4180} INFO - Setting next_dagrun for example_sensors to None, run_after=None
[2025-03-24T08:24:23.107+0000] {processor.py:208} INFO - Processing /home/airflow/.local/lib/python3.12/site-packages/airflow/example_dags/example_sensors.py took 0.097 seconds
[2025-03-24T08:24:53.235+0000] {processor.py:186} INFO - Started process (PID=1932) to work on /home/airflow/.local/lib/python3.12/site-packages/airflow/example_dags/example_sensors.py
[2025-03-24T08:24:53.236+0000] {processor.py:914} INFO - Processing file /home/airflow/.local/lib/python3.12/site-packages/airflow/example_dags/example_sensors.py for tasks to queue
[2025-03-24T08:24:53.239+0000] {logging_mixin.py:190} INFO - [2025-03-24T08:24:53.238+0000] {dagbag.py:588} INFO - Filling up the DagBag from /home/airflow/.local/lib/python3.12/site-packages/airflow/example_dags/example_sensors.py
[2025-03-24T08:24:53.252+0000] {processor.py:925} INFO - DAG(s) 'example_sensors' retrieved from /home/airflow/.local/lib/python3.12/site-packages/airflow/example_dags/example_sensors.py
[2025-03-24T08:24:53.282+0000] {logging_mixin.py:190} INFO - [2025-03-24T08:24:53.282+0000] {dag.py:3239} INFO - Sync 1 DAGs
[2025-03-24T08:24:53.298+0000] {logging_mixin.py:190} INFO - [2025-03-24T08:24:53.298+0000] {dag.py:4180} INFO - Setting next_dagrun for example_sensors to None, run_after=None
[2025-03-24T08:24:53.323+0000] {processor.py:208} INFO - Processing /home/airflow/.local/lib/python3.12/site-packages/airflow/example_dags/example_sensors.py took 0.095 seconds
[2025-03-24T08:25:23.438+0000] {processor.py:186} INFO - Started process (PID=1996) to work on /home/airflow/.local/lib/python3.12/site-packages/airflow/example_dags/example_sensors.py
[2025-03-24T08:25:23.440+0000] {processor.py:914} INFO - Processing file /home/airflow/.local/lib/python3.12/site-packages/airflow/example_dags/example_sensors.py for tasks to queue
[2025-03-24T08:25:23.443+0000] {logging_mixin.py:190} INFO - [2025-03-24T08:25:23.442+0000] {dagbag.py:588} INFO - Filling up the DagBag from /home/airflow/.local/lib/python3.12/site-packages/airflow/example_dags/example_sensors.py
[2025-03-24T08:25:23.455+0000] {processor.py:925} INFO - DAG(s) 'example_sensors' retrieved from /home/airflow/.local/lib/python3.12/site-packages/airflow/example_dags/example_sensors.py
[2025-03-24T08:25:23.485+0000] {logging_mixin.py:190} INFO - [2025-03-24T08:25:23.485+0000] {dag.py:3239} INFO - Sync 1 DAGs
[2025-03-24T08:25:23.501+0000] {logging_mixin.py:190} INFO - [2025-03-24T08:25:23.501+0000] {dag.py:4180} INFO - Setting next_dagrun for example_sensors to None, run_after=None
[2025-03-24T08:25:23.522+0000] {processor.py:208} INFO - Processing /home/airflow/.local/lib/python3.12/site-packages/airflow/example_dags/example_sensors.py took 0.090 seconds
[2025-03-24T08:25:53.886+0000] {processor.py:186} INFO - Started process (PID=2060) to work on /home/airflow/.local/lib/python3.12/site-packages/airflow/example_dags/example_sensors.py
[2025-03-24T08:25:53.887+0000] {processor.py:914} INFO - Processing file /home/airflow/.local/lib/python3.12/site-packages/airflow/example_dags/example_sensors.py for tasks to queue
[2025-03-24T08:25:53.890+0000] {logging_mixin.py:190} INFO - [2025-03-24T08:25:53.889+0000] {dagbag.py:588} INFO - Filling up the DagBag from /home/airflow/.local/lib/python3.12/site-packages/airflow/example_dags/example_sensors.py
[2025-03-24T08:25:53.903+0000] {processor.py:925} INFO - DAG(s) 'example_sensors' retrieved from /home/airflow/.local/lib/python3.12/site-packages/airflow/example_dags/example_sensors.py
[2025-03-24T08:25:53.932+0000] {logging_mixin.py:190} INFO - [2025-03-24T08:25:53.932+0000] {dag.py:3239} INFO - Sync 1 DAGs
[2025-03-24T08:25:53.948+0000] {logging_mixin.py:190} INFO - [2025-03-24T08:25:53.948+0000] {dag.py:4180} INFO - Setting next_dagrun for example_sensors to None, run_after=None
[2025-03-24T08:25:53.972+0000] {processor.py:208} INFO - Processing /home/airflow/.local/lib/python3.12/site-packages/airflow/example_dags/example_sensors.py took 0.093 seconds
[2025-03-24T08:26:24.130+0000] {processor.py:186} INFO - Started process (PID=2124) to work on /home/airflow/.local/lib/python3.12/site-packages/airflow/example_dags/example_sensors.py
[2025-03-24T08:26:24.131+0000] {processor.py:914} INFO - Processing file /home/airflow/.local/lib/python3.12/site-packages/airflow/example_dags/example_sensors.py for tasks to queue
[2025-03-24T08:26:24.133+0000] {logging_mixin.py:190} INFO - [2025-03-24T08:26:24.133+0000] {dagbag.py:588} INFO - Filling up the DagBag from /home/airflow/.local/lib/python3.12/site-packages/airflow/example_dags/example_sensors.py
[2025-03-24T08:26:24.145+0000] {processor.py:925} INFO - DAG(s) 'example_sensors' retrieved from /home/airflow/.local/lib/python3.12/site-packages/airflow/example_dags/example_sensors.py
[2025-03-24T08:26:24.177+0000] {logging_mixin.py:190} INFO - [2025-03-24T08:26:24.176+0000] {dag.py:3239} INFO - Sync 1 DAGs
[2025-03-24T08:26:24.194+0000] {logging_mixin.py:190} INFO - [2025-03-24T08:26:24.194+0000] {dag.py:4180} INFO - Setting next_dagrun for example_sensors to None, run_after=None
[2025-03-24T08:26:24.221+0000] {processor.py:208} INFO - Processing /home/airflow/.local/lib/python3.12/site-packages/airflow/example_dags/example_sensors.py took 0.098 seconds
[2025-03-24T08:26:54.342+0000] {processor.py:186} INFO - Started process (PID=2188) to work on /home/airflow/.local/lib/python3.12/site-packages/airflow/example_dags/example_sensors.py
[2025-03-24T08:26:54.344+0000] {processor.py:914} INFO - Processing file /home/airflow/.local/lib/python3.12/site-packages/airflow/example_dags/example_sensors.py for tasks to queue
[2025-03-24T08:26:54.346+0000] {logging_mixin.py:190} INFO - [2025-03-24T08:26:54.346+0000] {dagbag.py:588} INFO - Filling up the DagBag from /home/airflow/.local/lib/python3.12/site-packages/airflow/example_dags/example_sensors.py
[2025-03-24T08:26:54.358+0000] {processor.py:925} INFO - DAG(s) 'example_sensors' retrieved from /home/airflow/.local/lib/python3.12/site-packages/airflow/example_dags/example_sensors.py
[2025-03-24T08:26:54.389+0000] {logging_mixin.py:190} INFO - [2025-03-24T08:26:54.389+0000] {dag.py:3239} INFO - Sync 1 DAGs
[2025-03-24T08:26:54.407+0000] {logging_mixin.py:190} INFO - [2025-03-24T08:26:54.406+0000] {dag.py:4180} INFO - Setting next_dagrun for example_sensors to None, run_after=None
[2025-03-24T08:26:54.432+0000] {processor.py:208} INFO - Processing /home/airflow/.local/lib/python3.12/site-packages/airflow/example_dags/example_sensors.py took 0.096 seconds
[2025-03-24T08:27:24.670+0000] {processor.py:186} INFO - Started process (PID=2252) to work on /home/airflow/.local/lib/python3.12/site-packages/airflow/example_dags/example_sensors.py
[2025-03-24T08:27:24.672+0000] {processor.py:914} INFO - Processing file /home/airflow/.local/lib/python3.12/site-packages/airflow/example_dags/example_sensors.py for tasks to queue
[2025-03-24T08:27:24.675+0000] {logging_mixin.py:190} INFO - [2025-03-24T08:27:24.675+0000] {dagbag.py:588} INFO - Filling up the DagBag from /home/airflow/.local/lib/python3.12/site-packages/airflow/example_dags/example_sensors.py
[2025-03-24T08:27:24.698+0000] {processor.py:925} INFO - DAG(s) 'example_sensors' retrieved from /home/airflow/.local/lib/python3.12/site-packages/airflow/example_dags/example_sensors.py
[2025-03-24T08:27:24.730+0000] {logging_mixin.py:190} INFO - [2025-03-24T08:27:24.729+0000] {dag.py:3239} INFO - Sync 1 DAGs
[2025-03-24T08:27:24.748+0000] {logging_mixin.py:190} INFO - [2025-03-24T08:27:24.748+0000] {dag.py:4180} INFO - Setting next_dagrun for example_sensors to None, run_after=None
[2025-03-24T08:27:24.775+0000] {processor.py:208} INFO - Processing /home/airflow/.local/lib/python3.12/site-packages/airflow/example_dags/example_sensors.py took 0.110 seconds
[2025-03-24T08:27:55.105+0000] {processor.py:186} INFO - Started process (PID=2316) to work on /home/airflow/.local/lib/python3.12/site-packages/airflow/example_dags/example_sensors.py
[2025-03-24T08:27:55.106+0000] {processor.py:914} INFO - Processing file /home/airflow/.local/lib/python3.12/site-packages/airflow/example_dags/example_sensors.py for tasks to queue
[2025-03-24T08:27:55.109+0000] {logging_mixin.py:190} INFO - [2025-03-24T08:27:55.108+0000] {dagbag.py:588} INFO - Filling up the DagBag from /home/airflow/.local/lib/python3.12/site-packages/airflow/example_dags/example_sensors.py
[2025-03-24T08:27:55.120+0000] {processor.py:925} INFO - DAG(s) 'example_sensors' retrieved from /home/airflow/.local/lib/python3.12/site-packages/airflow/example_dags/example_sensors.py
[2025-03-24T08:27:55.148+0000] {logging_mixin.py:190} INFO - [2025-03-24T08:27:55.148+0000] {dag.py:3239} INFO - Sync 1 DAGs
[2025-03-24T08:27:55.163+0000] {logging_mixin.py:190} INFO - [2025-03-24T08:27:55.163+0000] {dag.py:4180} INFO - Setting next_dagrun for example_sensors to None, run_after=None
[2025-03-24T08:27:55.186+0000] {processor.py:208} INFO - Processing /home/airflow/.local/lib/python3.12/site-packages/airflow/example_dags/example_sensors.py took 0.087 seconds
[2025-03-24T08:28:25.888+0000] {processor.py:186} INFO - Started process (PID=2380) to work on /home/airflow/.local/lib/python3.12/site-packages/airflow/example_dags/example_sensors.py
[2025-03-24T08:28:25.890+0000] {processor.py:914} INFO - Processing file /home/airflow/.local/lib/python3.12/site-packages/airflow/example_dags/example_sensors.py for tasks to queue
[2025-03-24T08:28:25.892+0000] {logging_mixin.py:190} INFO - [2025-03-24T08:28:25.892+0000] {dagbag.py:588} INFO - Filling up the DagBag from /home/airflow/.local/lib/python3.12/site-packages/airflow/example_dags/example_sensors.py
[2025-03-24T08:28:25.904+0000] {processor.py:925} INFO - DAG(s) 'example_sensors' retrieved from /home/airflow/.local/lib/python3.12/site-packages/airflow/example_dags/example_sensors.py
[2025-03-24T08:28:25.932+0000] {logging_mixin.py:190} INFO - [2025-03-24T08:28:25.932+0000] {dag.py:3239} INFO - Sync 1 DAGs
[2025-03-24T08:28:25.950+0000] {logging_mixin.py:190} INFO - [2025-03-24T08:28:25.949+0000] {dag.py:4180} INFO - Setting next_dagrun for example_sensors to None, run_after=None
[2025-03-24T08:28:25.970+0000] {processor.py:208} INFO - Processing /home/airflow/.local/lib/python3.12/site-packages/airflow/example_dags/example_sensors.py took 0.088 seconds
[2025-03-24T08:28:56.921+0000] {processor.py:186} INFO - Started process (PID=2444) to work on /home/airflow/.local/lib/python3.12/site-packages/airflow/example_dags/example_sensors.py
[2025-03-24T08:28:56.922+0000] {processor.py:914} INFO - Processing file /home/airflow/.local/lib/python3.12/site-packages/airflow/example_dags/example_sensors.py for tasks to queue
[2025-03-24T08:28:56.924+0000] {logging_mixin.py:190} INFO - [2025-03-24T08:28:56.924+0000] {dagbag.py:588} INFO - Filling up the DagBag from /home/airflow/.local/lib/python3.12/site-packages/airflow/example_dags/example_sensors.py
[2025-03-24T08:28:56.937+0000] {processor.py:925} INFO - DAG(s) 'example_sensors' retrieved from /home/airflow/.local/lib/python3.12/site-packages/airflow/example_dags/example_sensors.py
[2025-03-24T08:28:56.967+0000] {logging_mixin.py:190} INFO - [2025-03-24T08:28:56.967+0000] {dag.py:3239} INFO - Sync 1 DAGs
[2025-03-24T08:28:56.984+0000] {logging_mixin.py:190} INFO - [2025-03-24T08:28:56.984+0000] {dag.py:4180} INFO - Setting next_dagrun for example_sensors to None, run_after=None
[2025-03-24T08:28:57.009+0000] {processor.py:208} INFO - Processing /home/airflow/.local/lib/python3.12/site-packages/airflow/example_dags/example_sensors.py took 0.095 seconds
[2025-03-24T08:29:27.881+0000] {processor.py:186} INFO - Started process (PID=2504) to work on /home/airflow/.local/lib/python3.12/site-packages/airflow/example_dags/example_sensors.py
[2025-03-24T08:29:27.882+0000] {processor.py:914} INFO - Processing file /home/airflow/.local/lib/python3.12/site-packages/airflow/example_dags/example_sensors.py for tasks to queue
[2025-03-24T08:29:27.885+0000] {logging_mixin.py:190} INFO - [2025-03-24T08:29:27.884+0000] {dagbag.py:588} INFO - Filling up the DagBag from /home/airflow/.local/lib/python3.12/site-packages/airflow/example_dags/example_sensors.py
[2025-03-24T08:29:27.897+0000] {processor.py:925} INFO - DAG(s) 'example_sensors' retrieved from /home/airflow/.local/lib/python3.12/site-packages/airflow/example_dags/example_sensors.py
[2025-03-24T08:29:27.926+0000] {logging_mixin.py:190} INFO - [2025-03-24T08:29:27.926+0000] {dag.py:3239} INFO - Sync 1 DAGs
[2025-03-24T08:29:27.944+0000] {logging_mixin.py:190} INFO - [2025-03-24T08:29:27.943+0000] {dag.py:4180} INFO - Setting next_dagrun for example_sensors to None, run_after=None
[2025-03-24T08:29:27.970+0000] {processor.py:208} INFO - Processing /home/airflow/.local/lib/python3.12/site-packages/airflow/example_dags/example_sensors.py took 0.095 seconds
[2025-03-24T08:29:58.812+0000] {processor.py:186} INFO - Started process (PID=2568) to work on /home/airflow/.local/lib/python3.12/site-packages/airflow/example_dags/example_sensors.py
[2025-03-24T08:29:58.814+0000] {processor.py:914} INFO - Processing file /home/airflow/.local/lib/python3.12/site-packages/airflow/example_dags/example_sensors.py for tasks to queue
[2025-03-24T08:29:58.816+0000] {logging_mixin.py:190} INFO - [2025-03-24T08:29:58.816+0000] {dagbag.py:588} INFO - Filling up the DagBag from /home/airflow/.local/lib/python3.12/site-packages/airflow/example_dags/example_sensors.py
[2025-03-24T08:29:58.833+0000] {processor.py:925} INFO - DAG(s) 'example_sensors' retrieved from /home/airflow/.local/lib/python3.12/site-packages/airflow/example_dags/example_sensors.py
[2025-03-24T08:29:58.865+0000] {logging_mixin.py:190} INFO - [2025-03-24T08:29:58.864+0000] {dag.py:3239} INFO - Sync 1 DAGs
[2025-03-24T08:29:58.882+0000] {logging_mixin.py:190} INFO - [2025-03-24T08:29:58.881+0000] {dag.py:4180} INFO - Setting next_dagrun for example_sensors to None, run_after=None
[2025-03-24T08:29:58.907+0000] {processor.py:208} INFO - Processing /home/airflow/.local/lib/python3.12/site-packages/airflow/example_dags/example_sensors.py took 0.101 seconds
[2025-03-24T08:30:29.876+0000] {processor.py:186} INFO - Started process (PID=2632) to work on /home/airflow/.local/lib/python3.12/site-packages/airflow/example_dags/example_sensors.py
[2025-03-24T08:30:29.877+0000] {processor.py:914} INFO - Processing file /home/airflow/.local/lib/python3.12/site-packages/airflow/example_dags/example_sensors.py for tasks to queue
[2025-03-24T08:30:29.881+0000] {logging_mixin.py:190} INFO - [2025-03-24T08:30:29.880+0000] {dagbag.py:588} INFO - Filling up the DagBag from /home/airflow/.local/lib/python3.12/site-packages/airflow/example_dags/example_sensors.py
[2025-03-24T08:30:29.893+0000] {processor.py:925} INFO - DAG(s) 'example_sensors' retrieved from /home/airflow/.local/lib/python3.12/site-packages/airflow/example_dags/example_sensors.py
[2025-03-24T08:30:29.925+0000] {logging_mixin.py:190} INFO - [2025-03-24T08:30:29.924+0000] {dag.py:3239} INFO - Sync 1 DAGs
[2025-03-24T08:30:29.941+0000] {logging_mixin.py:190} INFO - [2025-03-24T08:30:29.940+0000] {dag.py:4180} INFO - Setting next_dagrun for example_sensors to None, run_after=None
[2025-03-24T08:30:29.965+0000] {processor.py:208} INFO - Processing /home/airflow/.local/lib/python3.12/site-packages/airflow/example_dags/example_sensors.py took 0.096 seconds
[2025-03-24T08:31:00.492+0000] {processor.py:186} INFO - Started process (PID=2693) to work on /home/airflow/.local/lib/python3.12/site-packages/airflow/example_dags/example_sensors.py
[2025-03-24T08:31:00.493+0000] {processor.py:914} INFO - Processing file /home/airflow/.local/lib/python3.12/site-packages/airflow/example_dags/example_sensors.py for tasks to queue
[2025-03-24T08:31:00.496+0000] {logging_mixin.py:190} INFO - [2025-03-24T08:31:00.496+0000] {dagbag.py:588} INFO - Filling up the DagBag from /home/airflow/.local/lib/python3.12/site-packages/airflow/example_dags/example_sensors.py
[2025-03-24T08:31:00.509+0000] {processor.py:925} INFO - DAG(s) 'example_sensors' retrieved from /home/airflow/.local/lib/python3.12/site-packages/airflow/example_dags/example_sensors.py
[2025-03-24T08:31:00.539+0000] {logging_mixin.py:190} INFO - [2025-03-24T08:31:00.538+0000] {dag.py:3239} INFO - Sync 1 DAGs
[2025-03-24T08:31:00.554+0000] {logging_mixin.py:190} INFO - [2025-03-24T08:31:00.554+0000] {dag.py:4180} INFO - Setting next_dagrun for example_sensors to None, run_after=None
[2025-03-24T08:31:00.578+0000] {processor.py:208} INFO - Processing /home/airflow/.local/lib/python3.12/site-packages/airflow/example_dags/example_sensors.py took 0.092 seconds
[2025-03-24T08:31:31.723+0000] {processor.py:186} INFO - Started process (PID=2750) to work on /home/airflow/.local/lib/python3.12/site-packages/airflow/example_dags/example_sensors.py
[2025-03-24T08:31:31.725+0000] {processor.py:914} INFO - Processing file /home/airflow/.local/lib/python3.12/site-packages/airflow/example_dags/example_sensors.py for tasks to queue
[2025-03-24T08:31:31.727+0000] {logging_mixin.py:190} INFO - [2025-03-24T08:31:31.727+0000] {dagbag.py:588} INFO - Filling up the DagBag from /home/airflow/.local/lib/python3.12/site-packages/airflow/example_dags/example_sensors.py
[2025-03-24T08:31:31.739+0000] {processor.py:925} INFO - DAG(s) 'example_sensors' retrieved from /home/airflow/.local/lib/python3.12/site-packages/airflow/example_dags/example_sensors.py
[2025-03-24T08:31:31.771+0000] {logging_mixin.py:190} INFO - [2025-03-24T08:31:31.771+0000] {dag.py:3239} INFO - Sync 1 DAGs
[2025-03-24T08:31:31.787+0000] {logging_mixin.py:190} INFO - [2025-03-24T08:31:31.787+0000] {dag.py:4180} INFO - Setting next_dagrun for example_sensors to None, run_after=None
[2025-03-24T08:31:31.812+0000] {processor.py:208} INFO - Processing /home/airflow/.local/lib/python3.12/site-packages/airflow/example_dags/example_sensors.py took 0.095 seconds
[2025-03-24T08:32:03.117+0000] {processor.py:186} INFO - Started process (PID=2814) to work on /home/airflow/.local/lib/python3.12/site-packages/airflow/example_dags/example_sensors.py
[2025-03-24T08:32:03.118+0000] {processor.py:914} INFO - Processing file /home/airflow/.local/lib/python3.12/site-packages/airflow/example_dags/example_sensors.py for tasks to queue
[2025-03-24T08:32:03.121+0000] {logging_mixin.py:190} INFO - [2025-03-24T08:32:03.120+0000] {dagbag.py:588} INFO - Filling up the DagBag from /home/airflow/.local/lib/python3.12/site-packages/airflow/example_dags/example_sensors.py
[2025-03-24T08:32:03.134+0000] {processor.py:925} INFO - DAG(s) 'example_sensors' retrieved from /home/airflow/.local/lib/python3.12/site-packages/airflow/example_dags/example_sensors.py
[2025-03-24T08:32:03.164+0000] {logging_mixin.py:190} INFO - [2025-03-24T08:32:03.164+0000] {dag.py:3239} INFO - Sync 1 DAGs
[2025-03-24T08:32:03.182+0000] {logging_mixin.py:190} INFO - [2025-03-24T08:32:03.182+0000] {dag.py:4180} INFO - Setting next_dagrun for example_sensors to None, run_after=None
[2025-03-24T08:32:03.204+0000] {processor.py:208} INFO - Processing /home/airflow/.local/lib/python3.12/site-packages/airflow/example_dags/example_sensors.py took 0.095 seconds
[2025-03-24T08:32:33.987+0000] {processor.py:186} INFO - Started process (PID=2873) to work on /home/airflow/.local/lib/python3.12/site-packages/airflow/example_dags/example_sensors.py
[2025-03-24T08:32:33.989+0000] {processor.py:914} INFO - Processing file /home/airflow/.local/lib/python3.12/site-packages/airflow/example_dags/example_sensors.py for tasks to queue
[2025-03-24T08:32:33.991+0000] {logging_mixin.py:190} INFO - [2025-03-24T08:32:33.991+0000] {dagbag.py:588} INFO - Filling up the DagBag from /home/airflow/.local/lib/python3.12/site-packages/airflow/example_dags/example_sensors.py
[2025-03-24T08:32:34.004+0000] {processor.py:925} INFO - DAG(s) 'example_sensors' retrieved from /home/airflow/.local/lib/python3.12/site-packages/airflow/example_dags/example_sensors.py
[2025-03-24T08:32:34.035+0000] {logging_mixin.py:190} INFO - [2025-03-24T08:32:34.035+0000] {dag.py:3239} INFO - Sync 1 DAGs
[2025-03-24T08:32:34.051+0000] {logging_mixin.py:190} INFO - [2025-03-24T08:32:34.050+0000] {dag.py:4180} INFO - Setting next_dagrun for example_sensors to None, run_after=None
[2025-03-24T08:32:34.080+0000] {processor.py:208} INFO - Processing /home/airflow/.local/lib/python3.12/site-packages/airflow/example_dags/example_sensors.py took 0.099 seconds
[2025-03-24T08:33:05.704+0000] {processor.py:186} INFO - Started process (PID=2942) to work on /home/airflow/.local/lib/python3.12/site-packages/airflow/example_dags/example_sensors.py
[2025-03-24T08:33:05.705+0000] {processor.py:914} INFO - Processing file /home/airflow/.local/lib/python3.12/site-packages/airflow/example_dags/example_sensors.py for tasks to queue
[2025-03-24T08:33:05.707+0000] {logging_mixin.py:190} INFO - [2025-03-24T08:33:05.707+0000] {dagbag.py:588} INFO - Filling up the DagBag from /home/airflow/.local/lib/python3.12/site-packages/airflow/example_dags/example_sensors.py
[2025-03-24T08:33:05.719+0000] {processor.py:925} INFO - DAG(s) 'example_sensors' retrieved from /home/airflow/.local/lib/python3.12/site-packages/airflow/example_dags/example_sensors.py
[2025-03-24T08:33:05.749+0000] {logging_mixin.py:190} INFO - [2025-03-24T08:33:05.749+0000] {dag.py:3239} INFO - Sync 1 DAGs
[2025-03-24T08:33:05.766+0000] {logging_mixin.py:190} INFO - [2025-03-24T08:33:05.765+0000] {dag.py:4180} INFO - Setting next_dagrun for example_sensors to None, run_after=None
[2025-03-24T08:33:05.785+0000] {processor.py:208} INFO - Processing /home/airflow/.local/lib/python3.12/site-packages/airflow/example_dags/example_sensors.py took 0.087 seconds
