[2025-03-24T08:10:08.959+0000] {processor.py:186} INFO - Started process (PID=86) to work on /home/airflow/.local/lib/python3.12/site-packages/airflow/example_dags/example_short_circuit_decorator.py
[2025-03-24T08:10:08.960+0000] {processor.py:914} INFO - Processing file /home/airflow/.local/lib/python3.12/site-packages/airflow/example_dags/example_short_circuit_decorator.py for tasks to queue
[2025-03-24T08:10:08.963+0000] {logging_mixin.py:190} INFO - [2025-03-24T08:10:08.963+0000] {dagbag.py:588} INFO - Filling up the DagBag from /home/airflow/.local/lib/python3.12/site-packages/airflow/example_dags/example_short_circuit_decorator.py
[2025-03-24T08:10:09.044+0000] {processor.py:925} INFO - DAG(s) 'example_short_circuit_decorator' retrieved from /home/airflow/.local/lib/python3.12/site-packages/airflow/example_dags/example_short_circuit_decorator.py
[2025-03-24T08:10:09.499+0000] {logging_mixin.py:190} INFO - [2025-03-24T08:10:09.498+0000] {override.py:1912} INFO - Created Permission View: can read on DAG:example_short_circuit_decorator
[2025-03-24T08:10:09.530+0000] {logging_mixin.py:190} INFO - [2025-03-24T08:10:09.529+0000] {override.py:1912} INFO - Created Permission View: can delete on DAG:example_short_circuit_decorator
[2025-03-24T08:10:09.543+0000] {logging_mixin.py:190} INFO - [2025-03-24T08:10:09.542+0000] {override.py:1912} INFO - Created Permission View: can edit on DAG:example_short_circuit_decorator
[2025-03-24T08:10:09.553+0000] {logging_mixin.py:190} INFO - [2025-03-24T08:10:09.553+0000] {override.py:1912} INFO - Created Permission View: can create on DAG Run:example_short_circuit_decorator
[2025-03-24T08:10:09.562+0000] {logging_mixin.py:190} INFO - [2025-03-24T08:10:09.561+0000] {override.py:1912} INFO - Created Permission View: menu access on DAG Run:example_short_circuit_decorator
[2025-03-24T08:10:09.571+0000] {logging_mixin.py:190} INFO - [2025-03-24T08:10:09.570+0000] {override.py:1912} INFO - Created Permission View: can read on DAG Run:example_short_circuit_decorator
[2025-03-24T08:10:09.581+0000] {logging_mixin.py:190} INFO - [2025-03-24T08:10:09.580+0000] {override.py:1912} INFO - Created Permission View: can delete on DAG Run:example_short_circuit_decorator
[2025-03-24T08:10:09.582+0000] {logging_mixin.py:190} INFO - [2025-03-24T08:10:09.581+0000] {dag.py:3239} INFO - Sync 1 DAGs
[2025-03-24T08:10:09.595+0000] {logging_mixin.py:190} INFO - [2025-03-24T08:10:09.595+0000] {dag.py:3262} INFO - Creating ORM DAG for example_short_circuit_decorator
[2025-03-24T08:10:09.597+0000] {logging_mixin.py:190} INFO - [2025-03-24T08:10:09.596+0000] {dag.py:4180} INFO - Setting next_dagrun for example_short_circuit_decorator to None, run_after=None
[2025-03-24T08:10:09.614+0000] {processor.py:208} INFO - Processing /home/airflow/.local/lib/python3.12/site-packages/airflow/example_dags/example_short_circuit_decorator.py took 0.662 seconds
[2025-03-24T08:10:40.201+0000] {processor.py:186} INFO - Started process (PID=150) to work on /home/airflow/.local/lib/python3.12/site-packages/airflow/example_dags/example_short_circuit_decorator.py
[2025-03-24T08:10:40.202+0000] {processor.py:914} INFO - Processing file /home/airflow/.local/lib/python3.12/site-packages/airflow/example_dags/example_short_circuit_decorator.py for tasks to queue
[2025-03-24T08:10:40.205+0000] {logging_mixin.py:190} INFO - [2025-03-24T08:10:40.205+0000] {dagbag.py:588} INFO - Filling up the DagBag from /home/airflow/.local/lib/python3.12/site-packages/airflow/example_dags/example_short_circuit_decorator.py
[2025-03-24T08:10:40.216+0000] {processor.py:925} INFO - DAG(s) 'example_short_circuit_decorator' retrieved from /home/airflow/.local/lib/python3.12/site-packages/airflow/example_dags/example_short_circuit_decorator.py
[2025-03-24T08:10:40.243+0000] {logging_mixin.py:190} INFO - [2025-03-24T08:10:40.243+0000] {dag.py:3239} INFO - Sync 1 DAGs
[2025-03-24T08:10:40.262+0000] {logging_mixin.py:190} INFO - [2025-03-24T08:10:40.262+0000] {dag.py:4180} INFO - Setting next_dagrun for example_short_circuit_decorator to None, run_after=None
[2025-03-24T08:10:40.285+0000] {processor.py:208} INFO - Processing /home/airflow/.local/lib/python3.12/site-packages/airflow/example_dags/example_short_circuit_decorator.py took 0.090 seconds
[2025-03-24T08:11:10.837+0000] {processor.py:186} INFO - Started process (PID=214) to work on /home/airflow/.local/lib/python3.12/site-packages/airflow/example_dags/example_short_circuit_decorator.py
[2025-03-24T08:11:10.838+0000] {processor.py:914} INFO - Processing file /home/airflow/.local/lib/python3.12/site-packages/airflow/example_dags/example_short_circuit_decorator.py for tasks to queue
[2025-03-24T08:11:10.840+0000] {logging_mixin.py:190} INFO - [2025-03-24T08:11:10.840+0000] {dagbag.py:588} INFO - Filling up the DagBag from /home/airflow/.local/lib/python3.12/site-packages/airflow/example_dags/example_short_circuit_decorator.py
[2025-03-24T08:11:10.853+0000] {processor.py:925} INFO - DAG(s) 'example_short_circuit_decorator' retrieved from /home/airflow/.local/lib/python3.12/site-packages/airflow/example_dags/example_short_circuit_decorator.py
[2025-03-24T08:11:10.884+0000] {logging_mixin.py:190} INFO - [2025-03-24T08:11:10.883+0000] {dag.py:3239} INFO - Sync 1 DAGs
[2025-03-24T08:11:10.901+0000] {logging_mixin.py:190} INFO - [2025-03-24T08:11:10.901+0000] {dag.py:4180} INFO - Setting next_dagrun for example_short_circuit_decorator to None, run_after=None
[2025-03-24T08:11:10.934+0000] {processor.py:208} INFO - Processing /home/airflow/.local/lib/python3.12/site-packages/airflow/example_dags/example_short_circuit_decorator.py took 0.105 seconds
[2025-03-24T08:11:41.658+0000] {processor.py:186} INFO - Started process (PID=278) to work on /home/airflow/.local/lib/python3.12/site-packages/airflow/example_dags/example_short_circuit_decorator.py
[2025-03-24T08:11:41.659+0000] {processor.py:914} INFO - Processing file /home/airflow/.local/lib/python3.12/site-packages/airflow/example_dags/example_short_circuit_decorator.py for tasks to queue
[2025-03-24T08:11:41.661+0000] {logging_mixin.py:190} INFO - [2025-03-24T08:11:41.661+0000] {dagbag.py:588} INFO - Filling up the DagBag from /home/airflow/.local/lib/python3.12/site-packages/airflow/example_dags/example_short_circuit_decorator.py
[2025-03-24T08:11:41.673+0000] {processor.py:925} INFO - DAG(s) 'example_short_circuit_decorator' retrieved from /home/airflow/.local/lib/python3.12/site-packages/airflow/example_dags/example_short_circuit_decorator.py
[2025-03-24T08:11:41.703+0000] {logging_mixin.py:190} INFO - [2025-03-24T08:11:41.702+0000] {dag.py:3239} INFO - Sync 1 DAGs
[2025-03-24T08:11:41.719+0000] {logging_mixin.py:190} INFO - [2025-03-24T08:11:41.719+0000] {dag.py:4180} INFO - Setting next_dagrun for example_short_circuit_decorator to None, run_after=None
[2025-03-24T08:11:41.741+0000] {processor.py:208} INFO - Processing /home/airflow/.local/lib/python3.12/site-packages/airflow/example_dags/example_short_circuit_decorator.py took 0.090 seconds
[2025-03-24T08:12:12.471+0000] {processor.py:186} INFO - Started process (PID=342) to work on /home/airflow/.local/lib/python3.12/site-packages/airflow/example_dags/example_short_circuit_decorator.py
[2025-03-24T08:12:12.472+0000] {processor.py:914} INFO - Processing file /home/airflow/.local/lib/python3.12/site-packages/airflow/example_dags/example_short_circuit_decorator.py for tasks to queue
[2025-03-24T08:12:12.475+0000] {logging_mixin.py:190} INFO - [2025-03-24T08:12:12.475+0000] {dagbag.py:588} INFO - Filling up the DagBag from /home/airflow/.local/lib/python3.12/site-packages/airflow/example_dags/example_short_circuit_decorator.py
[2025-03-24T08:12:12.487+0000] {processor.py:925} INFO - DAG(s) 'example_short_circuit_decorator' retrieved from /home/airflow/.local/lib/python3.12/site-packages/airflow/example_dags/example_short_circuit_decorator.py
[2025-03-24T08:12:12.513+0000] {logging_mixin.py:190} INFO - [2025-03-24T08:12:12.513+0000] {dag.py:3239} INFO - Sync 1 DAGs
[2025-03-24T08:12:12.529+0000] {logging_mixin.py:190} INFO - [2025-03-24T08:12:12.529+0000] {dag.py:4180} INFO - Setting next_dagrun for example_short_circuit_decorator to None, run_after=None
[2025-03-24T08:12:12.551+0000] {processor.py:208} INFO - Processing /home/airflow/.local/lib/python3.12/site-packages/airflow/example_dags/example_short_circuit_decorator.py took 0.087 seconds
[2025-03-24T08:12:43.871+0000] {processor.py:186} INFO - Started process (PID=406) to work on /home/airflow/.local/lib/python3.12/site-packages/airflow/example_dags/example_short_circuit_decorator.py
[2025-03-24T08:12:43.873+0000] {processor.py:914} INFO - Processing file /home/airflow/.local/lib/python3.12/site-packages/airflow/example_dags/example_short_circuit_decorator.py for tasks to queue
[2025-03-24T08:12:43.875+0000] {logging_mixin.py:190} INFO - [2025-03-24T08:12:43.875+0000] {dagbag.py:588} INFO - Filling up the DagBag from /home/airflow/.local/lib/python3.12/site-packages/airflow/example_dags/example_short_circuit_decorator.py
[2025-03-24T08:12:43.886+0000] {processor.py:925} INFO - DAG(s) 'example_short_circuit_decorator' retrieved from /home/airflow/.local/lib/python3.12/site-packages/airflow/example_dags/example_short_circuit_decorator.py
[2025-03-24T08:12:43.912+0000] {logging_mixin.py:190} INFO - [2025-03-24T08:12:43.911+0000] {dag.py:3239} INFO - Sync 1 DAGs
[2025-03-24T08:12:43.928+0000] {logging_mixin.py:190} INFO - [2025-03-24T08:12:43.928+0000] {dag.py:4180} INFO - Setting next_dagrun for example_short_circuit_decorator to None, run_after=None
[2025-03-24T08:12:43.950+0000] {processor.py:208} INFO - Processing /home/airflow/.local/lib/python3.12/site-packages/airflow/example_dags/example_short_circuit_decorator.py took 0.085 seconds
[2025-03-24T08:13:14.928+0000] {processor.py:186} INFO - Started process (PID=470) to work on /home/airflow/.local/lib/python3.12/site-packages/airflow/example_dags/example_short_circuit_decorator.py
[2025-03-24T08:13:14.929+0000] {processor.py:914} INFO - Processing file /home/airflow/.local/lib/python3.12/site-packages/airflow/example_dags/example_short_circuit_decorator.py for tasks to queue
[2025-03-24T08:13:14.932+0000] {logging_mixin.py:190} INFO - [2025-03-24T08:13:14.931+0000] {dagbag.py:588} INFO - Filling up the DagBag from /home/airflow/.local/lib/python3.12/site-packages/airflow/example_dags/example_short_circuit_decorator.py
[2025-03-24T08:13:14.943+0000] {processor.py:925} INFO - DAG(s) 'example_short_circuit_decorator' retrieved from /home/airflow/.local/lib/python3.12/site-packages/airflow/example_dags/example_short_circuit_decorator.py
[2025-03-24T08:13:14.969+0000] {logging_mixin.py:190} INFO - [2025-03-24T08:13:14.969+0000] {dag.py:3239} INFO - Sync 1 DAGs
[2025-03-24T08:13:14.986+0000] {logging_mixin.py:190} INFO - [2025-03-24T08:13:14.986+0000] {dag.py:4180} INFO - Setting next_dagrun for example_short_circuit_decorator to None, run_after=None
[2025-03-24T08:13:15.010+0000] {processor.py:208} INFO - Processing /home/airflow/.local/lib/python3.12/site-packages/airflow/example_dags/example_short_circuit_decorator.py took 0.088 seconds
[2025-03-24T08:13:45.883+0000] {processor.py:186} INFO - Started process (PID=534) to work on /home/airflow/.local/lib/python3.12/site-packages/airflow/example_dags/example_short_circuit_decorator.py
[2025-03-24T08:13:45.884+0000] {processor.py:914} INFO - Processing file /home/airflow/.local/lib/python3.12/site-packages/airflow/example_dags/example_short_circuit_decorator.py for tasks to queue
[2025-03-24T08:13:45.886+0000] {logging_mixin.py:190} INFO - [2025-03-24T08:13:45.886+0000] {dagbag.py:588} INFO - Filling up the DagBag from /home/airflow/.local/lib/python3.12/site-packages/airflow/example_dags/example_short_circuit_decorator.py
[2025-03-24T08:13:45.898+0000] {processor.py:925} INFO - DAG(s) 'example_short_circuit_decorator' retrieved from /home/airflow/.local/lib/python3.12/site-packages/airflow/example_dags/example_short_circuit_decorator.py
[2025-03-24T08:13:45.923+0000] {logging_mixin.py:190} INFO - [2025-03-24T08:13:45.923+0000] {dag.py:3239} INFO - Sync 1 DAGs
[2025-03-24T08:13:45.939+0000] {logging_mixin.py:190} INFO - [2025-03-24T08:13:45.939+0000] {dag.py:4180} INFO - Setting next_dagrun for example_short_circuit_decorator to None, run_after=None
[2025-03-24T08:13:45.961+0000] {processor.py:208} INFO - Processing /home/airflow/.local/lib/python3.12/site-packages/airflow/example_dags/example_short_circuit_decorator.py took 0.084 seconds
[2025-03-24T08:14:17.083+0000] {processor.py:186} INFO - Started process (PID=598) to work on /home/airflow/.local/lib/python3.12/site-packages/airflow/example_dags/example_short_circuit_decorator.py
[2025-03-24T08:14:17.084+0000] {processor.py:914} INFO - Processing file /home/airflow/.local/lib/python3.12/site-packages/airflow/example_dags/example_short_circuit_decorator.py for tasks to queue
[2025-03-24T08:14:17.087+0000] {logging_mixin.py:190} INFO - [2025-03-24T08:14:17.087+0000] {dagbag.py:588} INFO - Filling up the DagBag from /home/airflow/.local/lib/python3.12/site-packages/airflow/example_dags/example_short_circuit_decorator.py
[2025-03-24T08:14:17.098+0000] {processor.py:925} INFO - DAG(s) 'example_short_circuit_decorator' retrieved from /home/airflow/.local/lib/python3.12/site-packages/airflow/example_dags/example_short_circuit_decorator.py
[2025-03-24T08:14:17.123+0000] {logging_mixin.py:190} INFO - [2025-03-24T08:14:17.123+0000] {dag.py:3239} INFO - Sync 1 DAGs
[2025-03-24T08:14:17.139+0000] {logging_mixin.py:190} INFO - [2025-03-24T08:14:17.138+0000] {dag.py:4180} INFO - Setting next_dagrun for example_short_circuit_decorator to None, run_after=None
[2025-03-24T08:14:17.159+0000] {processor.py:208} INFO - Processing /home/airflow/.local/lib/python3.12/site-packages/airflow/example_dags/example_short_circuit_decorator.py took 0.082 seconds
[2025-03-24T08:14:48.082+0000] {processor.py:186} INFO - Started process (PID=662) to work on /home/airflow/.local/lib/python3.12/site-packages/airflow/example_dags/example_short_circuit_decorator.py
[2025-03-24T08:14:48.083+0000] {processor.py:914} INFO - Processing file /home/airflow/.local/lib/python3.12/site-packages/airflow/example_dags/example_short_circuit_decorator.py for tasks to queue
[2025-03-24T08:14:48.085+0000] {logging_mixin.py:190} INFO - [2025-03-24T08:14:48.085+0000] {dagbag.py:588} INFO - Filling up the DagBag from /home/airflow/.local/lib/python3.12/site-packages/airflow/example_dags/example_short_circuit_decorator.py
[2025-03-24T08:14:48.096+0000] {processor.py:925} INFO - DAG(s) 'example_short_circuit_decorator' retrieved from /home/airflow/.local/lib/python3.12/site-packages/airflow/example_dags/example_short_circuit_decorator.py
[2025-03-24T08:14:48.122+0000] {logging_mixin.py:190} INFO - [2025-03-24T08:14:48.122+0000] {dag.py:3239} INFO - Sync 1 DAGs
[2025-03-24T08:14:48.138+0000] {logging_mixin.py:190} INFO - [2025-03-24T08:14:48.138+0000] {dag.py:4180} INFO - Setting next_dagrun for example_short_circuit_decorator to None, run_after=None
[2025-03-24T08:14:48.160+0000] {processor.py:208} INFO - Processing /home/airflow/.local/lib/python3.12/site-packages/airflow/example_dags/example_short_circuit_decorator.py took 0.085 seconds
[2025-03-24T08:15:19.356+0000] {processor.py:186} INFO - Started process (PID=726) to work on /home/airflow/.local/lib/python3.12/site-packages/airflow/example_dags/example_short_circuit_decorator.py
[2025-03-24T08:15:19.357+0000] {processor.py:914} INFO - Processing file /home/airflow/.local/lib/python3.12/site-packages/airflow/example_dags/example_short_circuit_decorator.py for tasks to queue
[2025-03-24T08:15:19.359+0000] {logging_mixin.py:190} INFO - [2025-03-24T08:15:19.359+0000] {dagbag.py:588} INFO - Filling up the DagBag from /home/airflow/.local/lib/python3.12/site-packages/airflow/example_dags/example_short_circuit_decorator.py
[2025-03-24T08:15:19.371+0000] {processor.py:925} INFO - DAG(s) 'example_short_circuit_decorator' retrieved from /home/airflow/.local/lib/python3.12/site-packages/airflow/example_dags/example_short_circuit_decorator.py
[2025-03-24T08:15:19.397+0000] {logging_mixin.py:190} INFO - [2025-03-24T08:15:19.396+0000] {dag.py:3239} INFO - Sync 1 DAGs
[2025-03-24T08:15:19.412+0000] {logging_mixin.py:190} INFO - [2025-03-24T08:15:19.412+0000] {dag.py:4180} INFO - Setting next_dagrun for example_short_circuit_decorator to None, run_after=None
[2025-03-24T08:15:19.434+0000] {processor.py:208} INFO - Processing /home/airflow/.local/lib/python3.12/site-packages/airflow/example_dags/example_short_circuit_decorator.py took 0.085 seconds
[2025-03-24T08:15:50.756+0000] {processor.py:186} INFO - Started process (PID=790) to work on /home/airflow/.local/lib/python3.12/site-packages/airflow/example_dags/example_short_circuit_decorator.py
[2025-03-24T08:15:50.757+0000] {processor.py:914} INFO - Processing file /home/airflow/.local/lib/python3.12/site-packages/airflow/example_dags/example_short_circuit_decorator.py for tasks to queue
[2025-03-24T08:15:50.760+0000] {logging_mixin.py:190} INFO - [2025-03-24T08:15:50.759+0000] {dagbag.py:588} INFO - Filling up the DagBag from /home/airflow/.local/lib/python3.12/site-packages/airflow/example_dags/example_short_circuit_decorator.py
[2025-03-24T08:15:50.772+0000] {processor.py:925} INFO - DAG(s) 'example_short_circuit_decorator' retrieved from /home/airflow/.local/lib/python3.12/site-packages/airflow/example_dags/example_short_circuit_decorator.py
[2025-03-24T08:15:50.798+0000] {logging_mixin.py:190} INFO - [2025-03-24T08:15:50.797+0000] {dag.py:3239} INFO - Sync 1 DAGs
[2025-03-24T08:15:50.813+0000] {logging_mixin.py:190} INFO - [2025-03-24T08:15:50.813+0000] {dag.py:4180} INFO - Setting next_dagrun for example_short_circuit_decorator to None, run_after=None
[2025-03-24T08:15:50.835+0000] {processor.py:208} INFO - Processing /home/airflow/.local/lib/python3.12/site-packages/airflow/example_dags/example_short_circuit_decorator.py took 0.085 seconds
[2025-03-24T08:16:22.361+0000] {processor.py:186} INFO - Started process (PID=854) to work on /home/airflow/.local/lib/python3.12/site-packages/airflow/example_dags/example_short_circuit_decorator.py
[2025-03-24T08:16:22.362+0000] {processor.py:914} INFO - Processing file /home/airflow/.local/lib/python3.12/site-packages/airflow/example_dags/example_short_circuit_decorator.py for tasks to queue
[2025-03-24T08:16:22.365+0000] {logging_mixin.py:190} INFO - [2025-03-24T08:16:22.364+0000] {dagbag.py:588} INFO - Filling up the DagBag from /home/airflow/.local/lib/python3.12/site-packages/airflow/example_dags/example_short_circuit_decorator.py
[2025-03-24T08:16:22.376+0000] {processor.py:925} INFO - DAG(s) 'example_short_circuit_decorator' retrieved from /home/airflow/.local/lib/python3.12/site-packages/airflow/example_dags/example_short_circuit_decorator.py
[2025-03-24T08:16:22.402+0000] {logging_mixin.py:190} INFO - [2025-03-24T08:16:22.402+0000] {dag.py:3239} INFO - Sync 1 DAGs
[2025-03-24T08:16:22.418+0000] {logging_mixin.py:190} INFO - [2025-03-24T08:16:22.418+0000] {dag.py:4180} INFO - Setting next_dagrun for example_short_circuit_decorator to None, run_after=None
[2025-03-24T08:16:22.440+0000] {processor.py:208} INFO - Processing /home/airflow/.local/lib/python3.12/site-packages/airflow/example_dags/example_short_circuit_decorator.py took 0.085 seconds
[2025-03-24T08:16:53.615+0000] {processor.py:186} INFO - Started process (PID=918) to work on /home/airflow/.local/lib/python3.12/site-packages/airflow/example_dags/example_short_circuit_decorator.py
[2025-03-24T08:16:53.616+0000] {processor.py:914} INFO - Processing file /home/airflow/.local/lib/python3.12/site-packages/airflow/example_dags/example_short_circuit_decorator.py for tasks to queue
[2025-03-24T08:16:53.619+0000] {logging_mixin.py:190} INFO - [2025-03-24T08:16:53.619+0000] {dagbag.py:588} INFO - Filling up the DagBag from /home/airflow/.local/lib/python3.12/site-packages/airflow/example_dags/example_short_circuit_decorator.py
[2025-03-24T08:16:53.630+0000] {processor.py:925} INFO - DAG(s) 'example_short_circuit_decorator' retrieved from /home/airflow/.local/lib/python3.12/site-packages/airflow/example_dags/example_short_circuit_decorator.py
[2025-03-24T08:16:53.655+0000] {logging_mixin.py:190} INFO - [2025-03-24T08:16:53.655+0000] {dag.py:3239} INFO - Sync 1 DAGs
[2025-03-24T08:16:53.671+0000] {logging_mixin.py:190} INFO - [2025-03-24T08:16:53.670+0000] {dag.py:4180} INFO - Setting next_dagrun for example_short_circuit_decorator to None, run_after=None
[2025-03-24T08:16:53.694+0000] {processor.py:208} INFO - Processing /home/airflow/.local/lib/python3.12/site-packages/airflow/example_dags/example_short_circuit_decorator.py took 0.085 seconds
[2025-03-24T08:17:24.801+0000] {processor.py:186} INFO - Started process (PID=982) to work on /home/airflow/.local/lib/python3.12/site-packages/airflow/example_dags/example_short_circuit_decorator.py
[2025-03-24T08:17:24.802+0000] {processor.py:914} INFO - Processing file /home/airflow/.local/lib/python3.12/site-packages/airflow/example_dags/example_short_circuit_decorator.py for tasks to queue
[2025-03-24T08:17:24.805+0000] {logging_mixin.py:190} INFO - [2025-03-24T08:17:24.804+0000] {dagbag.py:588} INFO - Filling up the DagBag from /home/airflow/.local/lib/python3.12/site-packages/airflow/example_dags/example_short_circuit_decorator.py
[2025-03-24T08:17:24.816+0000] {processor.py:925} INFO - DAG(s) 'example_short_circuit_decorator' retrieved from /home/airflow/.local/lib/python3.12/site-packages/airflow/example_dags/example_short_circuit_decorator.py
[2025-03-24T08:17:24.841+0000] {logging_mixin.py:190} INFO - [2025-03-24T08:17:24.841+0000] {dag.py:3239} INFO - Sync 1 DAGs
[2025-03-24T08:17:24.858+0000] {logging_mixin.py:190} INFO - [2025-03-24T08:17:24.858+0000] {dag.py:4180} INFO - Setting next_dagrun for example_short_circuit_decorator to None, run_after=None
[2025-03-24T08:17:24.880+0000] {processor.py:208} INFO - Processing /home/airflow/.local/lib/python3.12/site-packages/airflow/example_dags/example_short_circuit_decorator.py took 0.085 seconds
[2025-03-24T08:17:55.894+0000] {processor.py:186} INFO - Started process (PID=1046) to work on /home/airflow/.local/lib/python3.12/site-packages/airflow/example_dags/example_short_circuit_decorator.py
[2025-03-24T08:17:55.895+0000] {processor.py:914} INFO - Processing file /home/airflow/.local/lib/python3.12/site-packages/airflow/example_dags/example_short_circuit_decorator.py for tasks to queue
[2025-03-24T08:17:55.898+0000] {logging_mixin.py:190} INFO - [2025-03-24T08:17:55.897+0000] {dagbag.py:588} INFO - Filling up the DagBag from /home/airflow/.local/lib/python3.12/site-packages/airflow/example_dags/example_short_circuit_decorator.py
[2025-03-24T08:17:55.909+0000] {processor.py:925} INFO - DAG(s) 'example_short_circuit_decorator' retrieved from /home/airflow/.local/lib/python3.12/site-packages/airflow/example_dags/example_short_circuit_decorator.py
[2025-03-24T08:17:55.935+0000] {logging_mixin.py:190} INFO - [2025-03-24T08:17:55.935+0000] {dag.py:3239} INFO - Sync 1 DAGs
[2025-03-24T08:17:55.950+0000] {logging_mixin.py:190} INFO - [2025-03-24T08:17:55.950+0000] {dag.py:4180} INFO - Setting next_dagrun for example_short_circuit_decorator to None, run_after=None
[2025-03-24T08:17:55.972+0000] {processor.py:208} INFO - Processing /home/airflow/.local/lib/python3.12/site-packages/airflow/example_dags/example_short_circuit_decorator.py took 0.085 seconds
[2025-03-24T08:18:26.808+0000] {processor.py:186} INFO - Started process (PID=1110) to work on /home/airflow/.local/lib/python3.12/site-packages/airflow/example_dags/example_short_circuit_decorator.py
[2025-03-24T08:18:26.809+0000] {processor.py:914} INFO - Processing file /home/airflow/.local/lib/python3.12/site-packages/airflow/example_dags/example_short_circuit_decorator.py for tasks to queue
[2025-03-24T08:18:26.812+0000] {logging_mixin.py:190} INFO - [2025-03-24T08:18:26.811+0000] {dagbag.py:588} INFO - Filling up the DagBag from /home/airflow/.local/lib/python3.12/site-packages/airflow/example_dags/example_short_circuit_decorator.py
[2025-03-24T08:18:26.823+0000] {processor.py:925} INFO - DAG(s) 'example_short_circuit_decorator' retrieved from /home/airflow/.local/lib/python3.12/site-packages/airflow/example_dags/example_short_circuit_decorator.py
[2025-03-24T08:18:26.850+0000] {logging_mixin.py:190} INFO - [2025-03-24T08:18:26.850+0000] {dag.py:3239} INFO - Sync 1 DAGs
[2025-03-24T08:18:26.867+0000] {logging_mixin.py:190} INFO - [2025-03-24T08:18:26.866+0000] {dag.py:4180} INFO - Setting next_dagrun for example_short_circuit_decorator to None, run_after=None
[2025-03-24T08:18:26.889+0000] {processor.py:208} INFO - Processing /home/airflow/.local/lib/python3.12/site-packages/airflow/example_dags/example_short_circuit_decorator.py took 0.088 seconds
[2025-03-24T08:18:58.108+0000] {processor.py:186} INFO - Started process (PID=1174) to work on /home/airflow/.local/lib/python3.12/site-packages/airflow/example_dags/example_short_circuit_decorator.py
[2025-03-24T08:18:58.109+0000] {processor.py:914} INFO - Processing file /home/airflow/.local/lib/python3.12/site-packages/airflow/example_dags/example_short_circuit_decorator.py for tasks to queue
[2025-03-24T08:18:58.112+0000] {logging_mixin.py:190} INFO - [2025-03-24T08:18:58.111+0000] {dagbag.py:588} INFO - Filling up the DagBag from /home/airflow/.local/lib/python3.12/site-packages/airflow/example_dags/example_short_circuit_decorator.py
[2025-03-24T08:18:58.125+0000] {processor.py:925} INFO - DAG(s) 'example_short_circuit_decorator' retrieved from /home/airflow/.local/lib/python3.12/site-packages/airflow/example_dags/example_short_circuit_decorator.py
[2025-03-24T08:18:58.154+0000] {logging_mixin.py:190} INFO - [2025-03-24T08:18:58.154+0000] {dag.py:3239} INFO - Sync 1 DAGs
[2025-03-24T08:18:58.174+0000] {logging_mixin.py:190} INFO - [2025-03-24T08:18:58.174+0000] {dag.py:4180} INFO - Setting next_dagrun for example_short_circuit_decorator to None, run_after=None
[2025-03-24T08:18:58.199+0000] {processor.py:208} INFO - Processing /home/airflow/.local/lib/python3.12/site-packages/airflow/example_dags/example_short_circuit_decorator.py took 0.099 seconds
[2025-03-24T08:19:29.587+0000] {processor.py:186} INFO - Started process (PID=1238) to work on /home/airflow/.local/lib/python3.12/site-packages/airflow/example_dags/example_short_circuit_decorator.py
[2025-03-24T08:19:29.588+0000] {processor.py:914} INFO - Processing file /home/airflow/.local/lib/python3.12/site-packages/airflow/example_dags/example_short_circuit_decorator.py for tasks to queue
[2025-03-24T08:19:29.591+0000] {logging_mixin.py:190} INFO - [2025-03-24T08:19:29.591+0000] {dagbag.py:588} INFO - Filling up the DagBag from /home/airflow/.local/lib/python3.12/site-packages/airflow/example_dags/example_short_circuit_decorator.py
[2025-03-24T08:19:29.604+0000] {processor.py:925} INFO - DAG(s) 'example_short_circuit_decorator' retrieved from /home/airflow/.local/lib/python3.12/site-packages/airflow/example_dags/example_short_circuit_decorator.py
[2025-03-24T08:19:29.631+0000] {logging_mixin.py:190} INFO - [2025-03-24T08:19:29.631+0000] {dag.py:3239} INFO - Sync 1 DAGs
[2025-03-24T08:19:29.648+0000] {logging_mixin.py:190} INFO - [2025-03-24T08:19:29.648+0000] {dag.py:4180} INFO - Setting next_dagrun for example_short_circuit_decorator to None, run_after=None
[2025-03-24T08:19:29.671+0000] {processor.py:208} INFO - Processing /home/airflow/.local/lib/python3.12/site-packages/airflow/example_dags/example_short_circuit_decorator.py took 0.091 seconds
[2025-03-24T08:20:00.875+0000] {processor.py:186} INFO - Started process (PID=1302) to work on /home/airflow/.local/lib/python3.12/site-packages/airflow/example_dags/example_short_circuit_decorator.py
[2025-03-24T08:20:00.876+0000] {processor.py:914} INFO - Processing file /home/airflow/.local/lib/python3.12/site-packages/airflow/example_dags/example_short_circuit_decorator.py for tasks to queue
[2025-03-24T08:20:00.879+0000] {logging_mixin.py:190} INFO - [2025-03-24T08:20:00.878+0000] {dagbag.py:588} INFO - Filling up the DagBag from /home/airflow/.local/lib/python3.12/site-packages/airflow/example_dags/example_short_circuit_decorator.py
[2025-03-24T08:20:00.890+0000] {processor.py:925} INFO - DAG(s) 'example_short_circuit_decorator' retrieved from /home/airflow/.local/lib/python3.12/site-packages/airflow/example_dags/example_short_circuit_decorator.py
[2025-03-24T08:20:00.917+0000] {logging_mixin.py:190} INFO - [2025-03-24T08:20:00.917+0000] {dag.py:3239} INFO - Sync 1 DAGs
[2025-03-24T08:20:00.934+0000] {logging_mixin.py:190} INFO - [2025-03-24T08:20:00.934+0000] {dag.py:4180} INFO - Setting next_dagrun for example_short_circuit_decorator to None, run_after=None
[2025-03-24T08:20:00.957+0000] {processor.py:208} INFO - Processing /home/airflow/.local/lib/python3.12/site-packages/airflow/example_dags/example_short_circuit_decorator.py took 0.089 seconds
[2025-03-24T08:20:31.931+0000] {processor.py:186} INFO - Started process (PID=1366) to work on /home/airflow/.local/lib/python3.12/site-packages/airflow/example_dags/example_short_circuit_decorator.py
[2025-03-24T08:20:31.932+0000] {processor.py:914} INFO - Processing file /home/airflow/.local/lib/python3.12/site-packages/airflow/example_dags/example_short_circuit_decorator.py for tasks to queue
[2025-03-24T08:20:31.935+0000] {logging_mixin.py:190} INFO - [2025-03-24T08:20:31.935+0000] {dagbag.py:588} INFO - Filling up the DagBag from /home/airflow/.local/lib/python3.12/site-packages/airflow/example_dags/example_short_circuit_decorator.py
[2025-03-24T08:20:31.947+0000] {processor.py:925} INFO - DAG(s) 'example_short_circuit_decorator' retrieved from /home/airflow/.local/lib/python3.12/site-packages/airflow/example_dags/example_short_circuit_decorator.py
[2025-03-24T08:20:31.973+0000] {logging_mixin.py:190} INFO - [2025-03-24T08:20:31.973+0000] {dag.py:3239} INFO - Sync 1 DAGs
[2025-03-24T08:20:31.989+0000] {logging_mixin.py:190} INFO - [2025-03-24T08:20:31.989+0000] {dag.py:4180} INFO - Setting next_dagrun for example_short_circuit_decorator to None, run_after=None
[2025-03-24T08:20:32.013+0000] {processor.py:208} INFO - Processing /home/airflow/.local/lib/python3.12/site-packages/airflow/example_dags/example_short_circuit_decorator.py took 0.090 seconds
[2025-03-24T08:21:02.773+0000] {processor.py:186} INFO - Started process (PID=1430) to work on /home/airflow/.local/lib/python3.12/site-packages/airflow/example_dags/example_short_circuit_decorator.py
[2025-03-24T08:21:02.774+0000] {processor.py:914} INFO - Processing file /home/airflow/.local/lib/python3.12/site-packages/airflow/example_dags/example_short_circuit_decorator.py for tasks to queue
[2025-03-24T08:21:02.777+0000] {logging_mixin.py:190} INFO - [2025-03-24T08:21:02.776+0000] {dagbag.py:588} INFO - Filling up the DagBag from /home/airflow/.local/lib/python3.12/site-packages/airflow/example_dags/example_short_circuit_decorator.py
[2025-03-24T08:21:02.790+0000] {processor.py:925} INFO - DAG(s) 'example_short_circuit_decorator' retrieved from /home/airflow/.local/lib/python3.12/site-packages/airflow/example_dags/example_short_circuit_decorator.py
[2025-03-24T08:21:02.817+0000] {logging_mixin.py:190} INFO - [2025-03-24T08:21:02.817+0000] {dag.py:3239} INFO - Sync 1 DAGs
[2025-03-24T08:21:02.832+0000] {logging_mixin.py:190} INFO - [2025-03-24T08:21:02.832+0000] {dag.py:4180} INFO - Setting next_dagrun for example_short_circuit_decorator to None, run_after=None
[2025-03-24T08:21:02.854+0000] {processor.py:208} INFO - Processing /home/airflow/.local/lib/python3.12/site-packages/airflow/example_dags/example_short_circuit_decorator.py took 0.089 seconds
[2025-03-24T08:21:34.328+0000] {processor.py:186} INFO - Started process (PID=1494) to work on /home/airflow/.local/lib/python3.12/site-packages/airflow/example_dags/example_short_circuit_decorator.py
[2025-03-24T08:21:34.329+0000] {processor.py:914} INFO - Processing file /home/airflow/.local/lib/python3.12/site-packages/airflow/example_dags/example_short_circuit_decorator.py for tasks to queue
[2025-03-24T08:21:34.332+0000] {logging_mixin.py:190} INFO - [2025-03-24T08:21:34.332+0000] {dagbag.py:588} INFO - Filling up the DagBag from /home/airflow/.local/lib/python3.12/site-packages/airflow/example_dags/example_short_circuit_decorator.py
[2025-03-24T08:21:34.343+0000] {processor.py:925} INFO - DAG(s) 'example_short_circuit_decorator' retrieved from /home/airflow/.local/lib/python3.12/site-packages/airflow/example_dags/example_short_circuit_decorator.py
[2025-03-24T08:21:34.370+0000] {logging_mixin.py:190} INFO - [2025-03-24T08:21:34.370+0000] {dag.py:3239} INFO - Sync 1 DAGs
[2025-03-24T08:21:34.386+0000] {logging_mixin.py:190} INFO - [2025-03-24T08:21:34.386+0000] {dag.py:4180} INFO - Setting next_dagrun for example_short_circuit_decorator to None, run_after=None
[2025-03-24T08:21:34.409+0000] {processor.py:208} INFO - Processing /home/airflow/.local/lib/python3.12/site-packages/airflow/example_dags/example_short_circuit_decorator.py took 0.088 seconds
[2025-03-24T08:22:06.054+0000] {processor.py:186} INFO - Started process (PID=1564) to work on /home/airflow/.local/lib/python3.12/site-packages/airflow/example_dags/example_short_circuit_decorator.py
[2025-03-24T08:22:06.055+0000] {processor.py:914} INFO - Processing file /home/airflow/.local/lib/python3.12/site-packages/airflow/example_dags/example_short_circuit_decorator.py for tasks to queue
[2025-03-24T08:22:06.057+0000] {logging_mixin.py:190} INFO - [2025-03-24T08:22:06.057+0000] {dagbag.py:588} INFO - Filling up the DagBag from /home/airflow/.local/lib/python3.12/site-packages/airflow/example_dags/example_short_circuit_decorator.py
[2025-03-24T08:22:06.069+0000] {processor.py:925} INFO - DAG(s) 'example_short_circuit_decorator' retrieved from /home/airflow/.local/lib/python3.12/site-packages/airflow/example_dags/example_short_circuit_decorator.py
[2025-03-24T08:22:06.095+0000] {logging_mixin.py:190} INFO - [2025-03-24T08:22:06.095+0000] {dag.py:3239} INFO - Sync 1 DAGs
[2025-03-24T08:22:06.111+0000] {logging_mixin.py:190} INFO - [2025-03-24T08:22:06.111+0000] {dag.py:4180} INFO - Setting next_dagrun for example_short_circuit_decorator to None, run_after=None
[2025-03-24T08:22:06.133+0000] {processor.py:208} INFO - Processing /home/airflow/.local/lib/python3.12/site-packages/airflow/example_dags/example_short_circuit_decorator.py took 0.085 seconds
[2025-03-24T08:22:37.485+0000] {processor.py:186} INFO - Started process (PID=1628) to work on /home/airflow/.local/lib/python3.12/site-packages/airflow/example_dags/example_short_circuit_decorator.py
[2025-03-24T08:22:37.486+0000] {processor.py:914} INFO - Processing file /home/airflow/.local/lib/python3.12/site-packages/airflow/example_dags/example_short_circuit_decorator.py for tasks to queue
[2025-03-24T08:22:37.489+0000] {logging_mixin.py:190} INFO - [2025-03-24T08:22:37.488+0000] {dagbag.py:588} INFO - Filling up the DagBag from /home/airflow/.local/lib/python3.12/site-packages/airflow/example_dags/example_short_circuit_decorator.py
[2025-03-24T08:22:37.500+0000] {processor.py:925} INFO - DAG(s) 'example_short_circuit_decorator' retrieved from /home/airflow/.local/lib/python3.12/site-packages/airflow/example_dags/example_short_circuit_decorator.py
[2025-03-24T08:22:37.528+0000] {logging_mixin.py:190} INFO - [2025-03-24T08:22:37.528+0000] {dag.py:3239} INFO - Sync 1 DAGs
[2025-03-24T08:22:37.544+0000] {logging_mixin.py:190} INFO - [2025-03-24T08:22:37.544+0000] {dag.py:4180} INFO - Setting next_dagrun for example_short_circuit_decorator to None, run_after=None
[2025-03-24T08:22:37.569+0000] {processor.py:208} INFO - Processing /home/airflow/.local/lib/python3.12/site-packages/airflow/example_dags/example_short_circuit_decorator.py took 0.091 seconds
[2025-03-24T08:23:08.692+0000] {processor.py:186} INFO - Started process (PID=1692) to work on /home/airflow/.local/lib/python3.12/site-packages/airflow/example_dags/example_short_circuit_decorator.py
[2025-03-24T08:23:08.693+0000] {processor.py:914} INFO - Processing file /home/airflow/.local/lib/python3.12/site-packages/airflow/example_dags/example_short_circuit_decorator.py for tasks to queue
[2025-03-24T08:23:08.696+0000] {logging_mixin.py:190} INFO - [2025-03-24T08:23:08.696+0000] {dagbag.py:588} INFO - Filling up the DagBag from /home/airflow/.local/lib/python3.12/site-packages/airflow/example_dags/example_short_circuit_decorator.py
[2025-03-24T08:23:08.707+0000] {processor.py:925} INFO - DAG(s) 'example_short_circuit_decorator' retrieved from /home/airflow/.local/lib/python3.12/site-packages/airflow/example_dags/example_short_circuit_decorator.py
[2025-03-24T08:23:08.734+0000] {logging_mixin.py:190} INFO - [2025-03-24T08:23:08.734+0000] {dag.py:3239} INFO - Sync 1 DAGs
[2025-03-24T08:23:08.751+0000] {logging_mixin.py:190} INFO - [2025-03-24T08:23:08.750+0000] {dag.py:4180} INFO - Setting next_dagrun for example_short_circuit_decorator to None, run_after=None
[2025-03-24T08:23:08.775+0000] {processor.py:208} INFO - Processing /home/airflow/.local/lib/python3.12/site-packages/airflow/example_dags/example_short_circuit_decorator.py took 0.089 seconds
[2025-03-24T08:23:40.039+0000] {processor.py:186} INFO - Started process (PID=1756) to work on /home/airflow/.local/lib/python3.12/site-packages/airflow/example_dags/example_short_circuit_decorator.py
[2025-03-24T08:23:40.040+0000] {processor.py:914} INFO - Processing file /home/airflow/.local/lib/python3.12/site-packages/airflow/example_dags/example_short_circuit_decorator.py for tasks to queue
[2025-03-24T08:23:40.042+0000] {logging_mixin.py:190} INFO - [2025-03-24T08:23:40.042+0000] {dagbag.py:588} INFO - Filling up the DagBag from /home/airflow/.local/lib/python3.12/site-packages/airflow/example_dags/example_short_circuit_decorator.py
[2025-03-24T08:23:40.053+0000] {processor.py:925} INFO - DAG(s) 'example_short_circuit_decorator' retrieved from /home/airflow/.local/lib/python3.12/site-packages/airflow/example_dags/example_short_circuit_decorator.py
[2025-03-24T08:23:40.079+0000] {logging_mixin.py:190} INFO - [2025-03-24T08:23:40.079+0000] {dag.py:3239} INFO - Sync 1 DAGs
[2025-03-24T08:23:40.097+0000] {logging_mixin.py:190} INFO - [2025-03-24T08:23:40.097+0000] {dag.py:4180} INFO - Setting next_dagrun for example_short_circuit_decorator to None, run_after=None
[2025-03-24T08:23:40.120+0000] {processor.py:208} INFO - Processing /home/airflow/.local/lib/python3.12/site-packages/airflow/example_dags/example_short_circuit_decorator.py took 0.088 seconds
[2025-03-24T08:24:11.333+0000] {processor.py:186} INFO - Started process (PID=1820) to work on /home/airflow/.local/lib/python3.12/site-packages/airflow/example_dags/example_short_circuit_decorator.py
[2025-03-24T08:24:11.334+0000] {processor.py:914} INFO - Processing file /home/airflow/.local/lib/python3.12/site-packages/airflow/example_dags/example_short_circuit_decorator.py for tasks to queue
[2025-03-24T08:24:11.337+0000] {logging_mixin.py:190} INFO - [2025-03-24T08:24:11.336+0000] {dagbag.py:588} INFO - Filling up the DagBag from /home/airflow/.local/lib/python3.12/site-packages/airflow/example_dags/example_short_circuit_decorator.py
[2025-03-24T08:24:11.348+0000] {processor.py:925} INFO - DAG(s) 'example_short_circuit_decorator' retrieved from /home/airflow/.local/lib/python3.12/site-packages/airflow/example_dags/example_short_circuit_decorator.py
[2025-03-24T08:24:11.378+0000] {logging_mixin.py:190} INFO - [2025-03-24T08:24:11.378+0000] {dag.py:3239} INFO - Sync 1 DAGs
[2025-03-24T08:24:11.395+0000] {logging_mixin.py:190} INFO - [2025-03-24T08:24:11.395+0000] {dag.py:4180} INFO - Setting next_dagrun for example_short_circuit_decorator to None, run_after=None
[2025-03-24T08:24:11.416+0000] {processor.py:208} INFO - Processing /home/airflow/.local/lib/python3.12/site-packages/airflow/example_dags/example_short_circuit_decorator.py took 0.089 seconds
[2025-03-24T08:24:42.728+0000] {processor.py:186} INFO - Started process (PID=1884) to work on /home/airflow/.local/lib/python3.12/site-packages/airflow/example_dags/example_short_circuit_decorator.py
[2025-03-24T08:24:42.729+0000] {processor.py:914} INFO - Processing file /home/airflow/.local/lib/python3.12/site-packages/airflow/example_dags/example_short_circuit_decorator.py for tasks to queue
[2025-03-24T08:24:42.732+0000] {logging_mixin.py:190} INFO - [2025-03-24T08:24:42.731+0000] {dagbag.py:588} INFO - Filling up the DagBag from /home/airflow/.local/lib/python3.12/site-packages/airflow/example_dags/example_short_circuit_decorator.py
[2025-03-24T08:24:42.743+0000] {processor.py:925} INFO - DAG(s) 'example_short_circuit_decorator' retrieved from /home/airflow/.local/lib/python3.12/site-packages/airflow/example_dags/example_short_circuit_decorator.py
[2025-03-24T08:24:42.770+0000] {logging_mixin.py:190} INFO - [2025-03-24T08:24:42.769+0000] {dag.py:3239} INFO - Sync 1 DAGs
[2025-03-24T08:24:42.786+0000] {logging_mixin.py:190} INFO - [2025-03-24T08:24:42.786+0000] {dag.py:4180} INFO - Setting next_dagrun for example_short_circuit_decorator to None, run_after=None
[2025-03-24T08:24:42.810+0000] {processor.py:208} INFO - Processing /home/airflow/.local/lib/python3.12/site-packages/airflow/example_dags/example_short_circuit_decorator.py took 0.088 seconds
[2025-03-24T08:25:13.915+0000] {processor.py:186} INFO - Started process (PID=1948) to work on /home/airflow/.local/lib/python3.12/site-packages/airflow/example_dags/example_short_circuit_decorator.py
[2025-03-24T08:25:13.916+0000] {processor.py:914} INFO - Processing file /home/airflow/.local/lib/python3.12/site-packages/airflow/example_dags/example_short_circuit_decorator.py for tasks to queue
[2025-03-24T08:25:13.919+0000] {logging_mixin.py:190} INFO - [2025-03-24T08:25:13.918+0000] {dagbag.py:588} INFO - Filling up the DagBag from /home/airflow/.local/lib/python3.12/site-packages/airflow/example_dags/example_short_circuit_decorator.py
[2025-03-24T08:25:13.930+0000] {processor.py:925} INFO - DAG(s) 'example_short_circuit_decorator' retrieved from /home/airflow/.local/lib/python3.12/site-packages/airflow/example_dags/example_short_circuit_decorator.py
[2025-03-24T08:25:13.957+0000] {logging_mixin.py:190} INFO - [2025-03-24T08:25:13.957+0000] {dag.py:3239} INFO - Sync 1 DAGs
[2025-03-24T08:25:13.973+0000] {logging_mixin.py:190} INFO - [2025-03-24T08:25:13.973+0000] {dag.py:4180} INFO - Setting next_dagrun for example_short_circuit_decorator to None, run_after=None
[2025-03-24T08:25:13.997+0000] {processor.py:208} INFO - Processing /home/airflow/.local/lib/python3.12/site-packages/airflow/example_dags/example_short_circuit_decorator.py took 0.088 seconds
[2025-03-24T08:25:45.138+0000] {processor.py:186} INFO - Started process (PID=2012) to work on /home/airflow/.local/lib/python3.12/site-packages/airflow/example_dags/example_short_circuit_decorator.py
[2025-03-24T08:25:45.140+0000] {processor.py:914} INFO - Processing file /home/airflow/.local/lib/python3.12/site-packages/airflow/example_dags/example_short_circuit_decorator.py for tasks to queue
[2025-03-24T08:25:45.142+0000] {logging_mixin.py:190} INFO - [2025-03-24T08:25:45.142+0000] {dagbag.py:588} INFO - Filling up the DagBag from /home/airflow/.local/lib/python3.12/site-packages/airflow/example_dags/example_short_circuit_decorator.py
[2025-03-24T08:25:45.154+0000] {processor.py:925} INFO - DAG(s) 'example_short_circuit_decorator' retrieved from /home/airflow/.local/lib/python3.12/site-packages/airflow/example_dags/example_short_circuit_decorator.py
[2025-03-24T08:25:45.181+0000] {logging_mixin.py:190} INFO - [2025-03-24T08:25:45.181+0000] {dag.py:3239} INFO - Sync 1 DAGs
[2025-03-24T08:25:45.197+0000] {logging_mixin.py:190} INFO - [2025-03-24T08:25:45.197+0000] {dag.py:4180} INFO - Setting next_dagrun for example_short_circuit_decorator to None, run_after=None
[2025-03-24T08:25:45.222+0000] {processor.py:208} INFO - Processing /home/airflow/.local/lib/python3.12/site-packages/airflow/example_dags/example_short_circuit_decorator.py took 0.090 seconds
[2025-03-24T08:26:16.576+0000] {processor.py:186} INFO - Started process (PID=2076) to work on /home/airflow/.local/lib/python3.12/site-packages/airflow/example_dags/example_short_circuit_decorator.py
[2025-03-24T08:26:16.577+0000] {processor.py:914} INFO - Processing file /home/airflow/.local/lib/python3.12/site-packages/airflow/example_dags/example_short_circuit_decorator.py for tasks to queue
[2025-03-24T08:26:16.580+0000] {logging_mixin.py:190} INFO - [2025-03-24T08:26:16.580+0000] {dagbag.py:588} INFO - Filling up the DagBag from /home/airflow/.local/lib/python3.12/site-packages/airflow/example_dags/example_short_circuit_decorator.py
[2025-03-24T08:26:16.591+0000] {processor.py:925} INFO - DAG(s) 'example_short_circuit_decorator' retrieved from /home/airflow/.local/lib/python3.12/site-packages/airflow/example_dags/example_short_circuit_decorator.py
[2025-03-24T08:26:16.620+0000] {logging_mixin.py:190} INFO - [2025-03-24T08:26:16.620+0000] {dag.py:3239} INFO - Sync 1 DAGs
[2025-03-24T08:26:16.637+0000] {logging_mixin.py:190} INFO - [2025-03-24T08:26:16.637+0000] {dag.py:4180} INFO - Setting next_dagrun for example_short_circuit_decorator to None, run_after=None
[2025-03-24T08:26:16.658+0000] {processor.py:208} INFO - Processing /home/airflow/.local/lib/python3.12/site-packages/airflow/example_dags/example_short_circuit_decorator.py took 0.089 seconds
[2025-03-24T08:26:47.856+0000] {processor.py:186} INFO - Started process (PID=2140) to work on /home/airflow/.local/lib/python3.12/site-packages/airflow/example_dags/example_short_circuit_decorator.py
[2025-03-24T08:26:47.858+0000] {processor.py:914} INFO - Processing file /home/airflow/.local/lib/python3.12/site-packages/airflow/example_dags/example_short_circuit_decorator.py for tasks to queue
[2025-03-24T08:26:47.860+0000] {logging_mixin.py:190} INFO - [2025-03-24T08:26:47.860+0000] {dagbag.py:588} INFO - Filling up the DagBag from /home/airflow/.local/lib/python3.12/site-packages/airflow/example_dags/example_short_circuit_decorator.py
[2025-03-24T08:26:47.871+0000] {processor.py:925} INFO - DAG(s) 'example_short_circuit_decorator' retrieved from /home/airflow/.local/lib/python3.12/site-packages/airflow/example_dags/example_short_circuit_decorator.py
[2025-03-24T08:26:47.897+0000] {logging_mixin.py:190} INFO - [2025-03-24T08:26:47.896+0000] {dag.py:3239} INFO - Sync 1 DAGs
[2025-03-24T08:26:47.913+0000] {logging_mixin.py:190} INFO - [2025-03-24T08:26:47.913+0000] {dag.py:4180} INFO - Setting next_dagrun for example_short_circuit_decorator to None, run_after=None
[2025-03-24T08:26:47.936+0000] {processor.py:208} INFO - Processing /home/airflow/.local/lib/python3.12/site-packages/airflow/example_dags/example_short_circuit_decorator.py took 0.086 seconds
[2025-03-24T08:27:19.074+0000] {processor.py:186} INFO - Started process (PID=2204) to work on /home/airflow/.local/lib/python3.12/site-packages/airflow/example_dags/example_short_circuit_decorator.py
[2025-03-24T08:27:19.075+0000] {processor.py:914} INFO - Processing file /home/airflow/.local/lib/python3.12/site-packages/airflow/example_dags/example_short_circuit_decorator.py for tasks to queue
[2025-03-24T08:27:19.078+0000] {logging_mixin.py:190} INFO - [2025-03-24T08:27:19.078+0000] {dagbag.py:588} INFO - Filling up the DagBag from /home/airflow/.local/lib/python3.12/site-packages/airflow/example_dags/example_short_circuit_decorator.py
[2025-03-24T08:27:19.090+0000] {processor.py:925} INFO - DAG(s) 'example_short_circuit_decorator' retrieved from /home/airflow/.local/lib/python3.12/site-packages/airflow/example_dags/example_short_circuit_decorator.py
[2025-03-24T08:27:19.117+0000] {logging_mixin.py:190} INFO - [2025-03-24T08:27:19.117+0000] {dag.py:3239} INFO - Sync 1 DAGs
[2025-03-24T08:27:19.135+0000] {logging_mixin.py:190} INFO - [2025-03-24T08:27:19.135+0000] {dag.py:4180} INFO - Setting next_dagrun for example_short_circuit_decorator to None, run_after=None
[2025-03-24T08:27:19.160+0000] {processor.py:208} INFO - Processing /home/airflow/.local/lib/python3.12/site-packages/airflow/example_dags/example_short_circuit_decorator.py took 0.093 seconds
[2025-03-24T08:27:50.623+0000] {processor.py:186} INFO - Started process (PID=2268) to work on /home/airflow/.local/lib/python3.12/site-packages/airflow/example_dags/example_short_circuit_decorator.py
[2025-03-24T08:27:50.624+0000] {processor.py:914} INFO - Processing file /home/airflow/.local/lib/python3.12/site-packages/airflow/example_dags/example_short_circuit_decorator.py for tasks to queue
[2025-03-24T08:27:50.627+0000] {logging_mixin.py:190} INFO - [2025-03-24T08:27:50.627+0000] {dagbag.py:588} INFO - Filling up the DagBag from /home/airflow/.local/lib/python3.12/site-packages/airflow/example_dags/example_short_circuit_decorator.py
[2025-03-24T08:27:50.642+0000] {processor.py:925} INFO - DAG(s) 'example_short_circuit_decorator' retrieved from /home/airflow/.local/lib/python3.12/site-packages/airflow/example_dags/example_short_circuit_decorator.py
[2025-03-24T08:27:50.673+0000] {logging_mixin.py:190} INFO - [2025-03-24T08:27:50.672+0000] {dag.py:3239} INFO - Sync 1 DAGs
[2025-03-24T08:27:50.692+0000] {logging_mixin.py:190} INFO - [2025-03-24T08:27:50.691+0000] {dag.py:4180} INFO - Setting next_dagrun for example_short_circuit_decorator to None, run_after=None
[2025-03-24T08:27:50.717+0000] {processor.py:208} INFO - Processing /home/airflow/.local/lib/python3.12/site-packages/airflow/example_dags/example_short_circuit_decorator.py took 0.102 seconds
[2025-03-24T08:28:21.748+0000] {processor.py:186} INFO - Started process (PID=2332) to work on /home/airflow/.local/lib/python3.12/site-packages/airflow/example_dags/example_short_circuit_decorator.py
[2025-03-24T08:28:21.749+0000] {processor.py:914} INFO - Processing file /home/airflow/.local/lib/python3.12/site-packages/airflow/example_dags/example_short_circuit_decorator.py for tasks to queue
[2025-03-24T08:28:21.752+0000] {logging_mixin.py:190} INFO - [2025-03-24T08:28:21.752+0000] {dagbag.py:588} INFO - Filling up the DagBag from /home/airflow/.local/lib/python3.12/site-packages/airflow/example_dags/example_short_circuit_decorator.py
[2025-03-24T08:28:21.764+0000] {processor.py:925} INFO - DAG(s) 'example_short_circuit_decorator' retrieved from /home/airflow/.local/lib/python3.12/site-packages/airflow/example_dags/example_short_circuit_decorator.py
[2025-03-24T08:28:21.793+0000] {logging_mixin.py:190} INFO - [2025-03-24T08:28:21.793+0000] {dag.py:3239} INFO - Sync 1 DAGs
[2025-03-24T08:28:21.810+0000] {logging_mixin.py:190} INFO - [2025-03-24T08:28:21.810+0000] {dag.py:4180} INFO - Setting next_dagrun for example_short_circuit_decorator to None, run_after=None
[2025-03-24T08:28:21.835+0000] {processor.py:208} INFO - Processing /home/airflow/.local/lib/python3.12/site-packages/airflow/example_dags/example_short_circuit_decorator.py took 0.094 seconds
[2025-03-24T08:28:52.552+0000] {processor.py:186} INFO - Started process (PID=2396) to work on /home/airflow/.local/lib/python3.12/site-packages/airflow/example_dags/example_short_circuit_decorator.py
[2025-03-24T08:28:52.554+0000] {processor.py:914} INFO - Processing file /home/airflow/.local/lib/python3.12/site-packages/airflow/example_dags/example_short_circuit_decorator.py for tasks to queue
[2025-03-24T08:28:52.556+0000] {logging_mixin.py:190} INFO - [2025-03-24T08:28:52.556+0000] {dagbag.py:588} INFO - Filling up the DagBag from /home/airflow/.local/lib/python3.12/site-packages/airflow/example_dags/example_short_circuit_decorator.py
[2025-03-24T08:28:52.568+0000] {processor.py:925} INFO - DAG(s) 'example_short_circuit_decorator' retrieved from /home/airflow/.local/lib/python3.12/site-packages/airflow/example_dags/example_short_circuit_decorator.py
[2025-03-24T08:28:52.594+0000] {logging_mixin.py:190} INFO - [2025-03-24T08:28:52.594+0000] {dag.py:3239} INFO - Sync 1 DAGs
[2025-03-24T08:28:52.610+0000] {logging_mixin.py:190} INFO - [2025-03-24T08:28:52.610+0000] {dag.py:4180} INFO - Setting next_dagrun for example_short_circuit_decorator to None, run_after=None
[2025-03-24T08:28:52.636+0000] {processor.py:208} INFO - Processing /home/airflow/.local/lib/python3.12/site-packages/airflow/example_dags/example_short_circuit_decorator.py took 0.090 seconds
[2025-03-24T08:29:23.715+0000] {processor.py:186} INFO - Started process (PID=2460) to work on /home/airflow/.local/lib/python3.12/site-packages/airflow/example_dags/example_short_circuit_decorator.py
[2025-03-24T08:29:23.716+0000] {processor.py:914} INFO - Processing file /home/airflow/.local/lib/python3.12/site-packages/airflow/example_dags/example_short_circuit_decorator.py for tasks to queue
[2025-03-24T08:29:23.719+0000] {logging_mixin.py:190} INFO - [2025-03-24T08:29:23.719+0000] {dagbag.py:588} INFO - Filling up the DagBag from /home/airflow/.local/lib/python3.12/site-packages/airflow/example_dags/example_short_circuit_decorator.py
[2025-03-24T08:29:23.731+0000] {processor.py:925} INFO - DAG(s) 'example_short_circuit_decorator' retrieved from /home/airflow/.local/lib/python3.12/site-packages/airflow/example_dags/example_short_circuit_decorator.py
[2025-03-24T08:29:23.758+0000] {logging_mixin.py:190} INFO - [2025-03-24T08:29:23.757+0000] {dag.py:3239} INFO - Sync 1 DAGs
[2025-03-24T08:29:23.774+0000] {logging_mixin.py:190} INFO - [2025-03-24T08:29:23.774+0000] {dag.py:4180} INFO - Setting next_dagrun for example_short_circuit_decorator to None, run_after=None
[2025-03-24T08:29:23.798+0000] {processor.py:208} INFO - Processing /home/airflow/.local/lib/python3.12/site-packages/airflow/example_dags/example_short_circuit_decorator.py took 0.090 seconds
[2025-03-24T08:29:54.484+0000] {processor.py:186} INFO - Started process (PID=2524) to work on /home/airflow/.local/lib/python3.12/site-packages/airflow/example_dags/example_short_circuit_decorator.py
[2025-03-24T08:29:54.485+0000] {processor.py:914} INFO - Processing file /home/airflow/.local/lib/python3.12/site-packages/airflow/example_dags/example_short_circuit_decorator.py for tasks to queue
[2025-03-24T08:29:54.487+0000] {logging_mixin.py:190} INFO - [2025-03-24T08:29:54.487+0000] {dagbag.py:588} INFO - Filling up the DagBag from /home/airflow/.local/lib/python3.12/site-packages/airflow/example_dags/example_short_circuit_decorator.py
[2025-03-24T08:29:54.498+0000] {processor.py:925} INFO - DAG(s) 'example_short_circuit_decorator' retrieved from /home/airflow/.local/lib/python3.12/site-packages/airflow/example_dags/example_short_circuit_decorator.py
[2025-03-24T08:29:54.524+0000] {logging_mixin.py:190} INFO - [2025-03-24T08:29:54.524+0000] {dag.py:3239} INFO - Sync 1 DAGs
[2025-03-24T08:29:54.540+0000] {logging_mixin.py:190} INFO - [2025-03-24T08:29:54.540+0000] {dag.py:4180} INFO - Setting next_dagrun for example_short_circuit_decorator to None, run_after=None
[2025-03-24T08:29:54.563+0000] {processor.py:208} INFO - Processing /home/airflow/.local/lib/python3.12/site-packages/airflow/example_dags/example_short_circuit_decorator.py took 0.086 seconds
[2025-03-24T08:30:25.849+0000] {processor.py:186} INFO - Started process (PID=2588) to work on /home/airflow/.local/lib/python3.12/site-packages/airflow/example_dags/example_short_circuit_decorator.py
[2025-03-24T08:30:25.850+0000] {processor.py:914} INFO - Processing file /home/airflow/.local/lib/python3.12/site-packages/airflow/example_dags/example_short_circuit_decorator.py for tasks to queue
[2025-03-24T08:30:25.853+0000] {logging_mixin.py:190} INFO - [2025-03-24T08:30:25.853+0000] {dagbag.py:588} INFO - Filling up the DagBag from /home/airflow/.local/lib/python3.12/site-packages/airflow/example_dags/example_short_circuit_decorator.py
[2025-03-24T08:30:25.864+0000] {processor.py:925} INFO - DAG(s) 'example_short_circuit_decorator' retrieved from /home/airflow/.local/lib/python3.12/site-packages/airflow/example_dags/example_short_circuit_decorator.py
[2025-03-24T08:30:25.890+0000] {logging_mixin.py:190} INFO - [2025-03-24T08:30:25.890+0000] {dag.py:3239} INFO - Sync 1 DAGs
[2025-03-24T08:30:25.905+0000] {logging_mixin.py:190} INFO - [2025-03-24T08:30:25.905+0000] {dag.py:4180} INFO - Setting next_dagrun for example_short_circuit_decorator to None, run_after=None
[2025-03-24T08:30:25.930+0000] {processor.py:208} INFO - Processing /home/airflow/.local/lib/python3.12/site-packages/airflow/example_dags/example_short_circuit_decorator.py took 0.087 seconds
[2025-03-24T08:30:56.724+0000] {processor.py:186} INFO - Started process (PID=2652) to work on /home/airflow/.local/lib/python3.12/site-packages/airflow/example_dags/example_short_circuit_decorator.py
[2025-03-24T08:30:56.725+0000] {processor.py:914} INFO - Processing file /home/airflow/.local/lib/python3.12/site-packages/airflow/example_dags/example_short_circuit_decorator.py for tasks to queue
[2025-03-24T08:30:56.728+0000] {logging_mixin.py:190} INFO - [2025-03-24T08:30:56.727+0000] {dagbag.py:588} INFO - Filling up the DagBag from /home/airflow/.local/lib/python3.12/site-packages/airflow/example_dags/example_short_circuit_decorator.py
[2025-03-24T08:30:56.739+0000] {processor.py:925} INFO - DAG(s) 'example_short_circuit_decorator' retrieved from /home/airflow/.local/lib/python3.12/site-packages/airflow/example_dags/example_short_circuit_decorator.py
[2025-03-24T08:30:56.764+0000] {logging_mixin.py:190} INFO - [2025-03-24T08:30:56.764+0000] {dag.py:3239} INFO - Sync 1 DAGs
[2025-03-24T08:30:56.779+0000] {logging_mixin.py:190} INFO - [2025-03-24T08:30:56.779+0000] {dag.py:4180} INFO - Setting next_dagrun for example_short_circuit_decorator to None, run_after=None
[2025-03-24T08:30:56.803+0000] {processor.py:208} INFO - Processing /home/airflow/.local/lib/python3.12/site-packages/airflow/example_dags/example_short_circuit_decorator.py took 0.085 seconds
[2025-03-24T08:31:28.465+0000] {processor.py:186} INFO - Started process (PID=2716) to work on /home/airflow/.local/lib/python3.12/site-packages/airflow/example_dags/example_short_circuit_decorator.py
[2025-03-24T08:31:28.467+0000] {processor.py:914} INFO - Processing file /home/airflow/.local/lib/python3.12/site-packages/airflow/example_dags/example_short_circuit_decorator.py for tasks to queue
[2025-03-24T08:31:28.469+0000] {logging_mixin.py:190} INFO - [2025-03-24T08:31:28.469+0000] {dagbag.py:588} INFO - Filling up the DagBag from /home/airflow/.local/lib/python3.12/site-packages/airflow/example_dags/example_short_circuit_decorator.py
[2025-03-24T08:31:28.488+0000] {processor.py:925} INFO - DAG(s) 'example_short_circuit_decorator' retrieved from /home/airflow/.local/lib/python3.12/site-packages/airflow/example_dags/example_short_circuit_decorator.py
[2025-03-24T08:31:28.518+0000] {logging_mixin.py:190} INFO - [2025-03-24T08:31:28.517+0000] {dag.py:3239} INFO - Sync 1 DAGs
[2025-03-24T08:31:28.534+0000] {logging_mixin.py:190} INFO - [2025-03-24T08:31:28.534+0000] {dag.py:4180} INFO - Setting next_dagrun for example_short_circuit_decorator to None, run_after=None
[2025-03-24T08:31:28.559+0000] {processor.py:208} INFO - Processing /home/airflow/.local/lib/python3.12/site-packages/airflow/example_dags/example_short_circuit_decorator.py took 0.101 seconds
[2025-03-24T08:32:00.030+0000] {processor.py:186} INFO - Started process (PID=2780) to work on /home/airflow/.local/lib/python3.12/site-packages/airflow/example_dags/example_short_circuit_decorator.py
[2025-03-24T08:32:00.031+0000] {processor.py:914} INFO - Processing file /home/airflow/.local/lib/python3.12/site-packages/airflow/example_dags/example_short_circuit_decorator.py for tasks to queue
[2025-03-24T08:32:00.033+0000] {logging_mixin.py:190} INFO - [2025-03-24T08:32:00.033+0000] {dagbag.py:588} INFO - Filling up the DagBag from /home/airflow/.local/lib/python3.12/site-packages/airflow/example_dags/example_short_circuit_decorator.py
[2025-03-24T08:32:00.045+0000] {processor.py:925} INFO - DAG(s) 'example_short_circuit_decorator' retrieved from /home/airflow/.local/lib/python3.12/site-packages/airflow/example_dags/example_short_circuit_decorator.py
[2025-03-24T08:32:00.071+0000] {logging_mixin.py:190} INFO - [2025-03-24T08:32:00.071+0000] {dag.py:3239} INFO - Sync 1 DAGs
[2025-03-24T08:32:00.088+0000] {logging_mixin.py:190} INFO - [2025-03-24T08:32:00.088+0000] {dag.py:4180} INFO - Setting next_dagrun for example_short_circuit_decorator to None, run_after=None
[2025-03-24T08:32:00.113+0000] {processor.py:208} INFO - Processing /home/airflow/.local/lib/python3.12/site-packages/airflow/example_dags/example_short_circuit_decorator.py took 0.090 seconds
[2025-03-24T08:32:31.543+0000] {processor.py:186} INFO - Started process (PID=2844) to work on /home/airflow/.local/lib/python3.12/site-packages/airflow/example_dags/example_short_circuit_decorator.py
[2025-03-24T08:32:31.544+0000] {processor.py:914} INFO - Processing file /home/airflow/.local/lib/python3.12/site-packages/airflow/example_dags/example_short_circuit_decorator.py for tasks to queue
[2025-03-24T08:32:31.546+0000] {logging_mixin.py:190} INFO - [2025-03-24T08:32:31.546+0000] {dagbag.py:588} INFO - Filling up the DagBag from /home/airflow/.local/lib/python3.12/site-packages/airflow/example_dags/example_short_circuit_decorator.py
[2025-03-24T08:32:31.557+0000] {processor.py:925} INFO - DAG(s) 'example_short_circuit_decorator' retrieved from /home/airflow/.local/lib/python3.12/site-packages/airflow/example_dags/example_short_circuit_decorator.py
[2025-03-24T08:32:31.584+0000] {logging_mixin.py:190} INFO - [2025-03-24T08:32:31.584+0000] {dag.py:3239} INFO - Sync 1 DAGs
[2025-03-24T08:32:31.600+0000] {logging_mixin.py:190} INFO - [2025-03-24T08:32:31.600+0000] {dag.py:4180} INFO - Setting next_dagrun for example_short_circuit_decorator to None, run_after=None
[2025-03-24T08:32:31.624+0000] {processor.py:208} INFO - Processing /home/airflow/.local/lib/python3.12/site-packages/airflow/example_dags/example_short_circuit_decorator.py took 0.088 seconds
[2025-03-24T08:33:03.036+0000] {processor.py:186} INFO - Started process (PID=2908) to work on /home/airflow/.local/lib/python3.12/site-packages/airflow/example_dags/example_short_circuit_decorator.py
[2025-03-24T08:33:03.037+0000] {processor.py:914} INFO - Processing file /home/airflow/.local/lib/python3.12/site-packages/airflow/example_dags/example_short_circuit_decorator.py for tasks to queue
[2025-03-24T08:33:03.040+0000] {logging_mixin.py:190} INFO - [2025-03-24T08:33:03.040+0000] {dagbag.py:588} INFO - Filling up the DagBag from /home/airflow/.local/lib/python3.12/site-packages/airflow/example_dags/example_short_circuit_decorator.py
[2025-03-24T08:33:03.052+0000] {processor.py:925} INFO - DAG(s) 'example_short_circuit_decorator' retrieved from /home/airflow/.local/lib/python3.12/site-packages/airflow/example_dags/example_short_circuit_decorator.py
[2025-03-24T08:33:03.080+0000] {logging_mixin.py:190} INFO - [2025-03-24T08:33:03.080+0000] {dag.py:3239} INFO - Sync 1 DAGs
[2025-03-24T08:33:03.097+0000] {logging_mixin.py:190} INFO - [2025-03-24T08:33:03.096+0000] {dag.py:4180} INFO - Setting next_dagrun for example_short_circuit_decorator to None, run_after=None
[2025-03-24T08:33:03.120+0000] {processor.py:208} INFO - Processing /home/airflow/.local/lib/python3.12/site-packages/airflow/example_dags/example_short_circuit_decorator.py took 0.091 seconds
