[2025-03-24T08:10:06.852+0000] {processor.py:186} INFO - Started process (PID=76) to work on /home/airflow/.local/lib/python3.12/site-packages/airflow/example_dags/example_complex.py
[2025-03-24T08:10:06.853+0000] {processor.py:914} INFO - Processing file /home/airflow/.local/lib/python3.12/site-packages/airflow/example_dags/example_complex.py for tasks to queue
[2025-03-24T08:10:06.856+0000] {logging_mixin.py:190} INFO - [2025-03-24T08:10:06.855+0000] {dagbag.py:588} INFO - Filling up the DagBag from /home/airflow/.local/lib/python3.12/site-packages/airflow/example_dags/example_complex.py
[2025-03-24T08:10:06.877+0000] {processor.py:925} INFO - DAG(s) 'example_complex' retrieved from /home/airflow/.local/lib/python3.12/site-packages/airflow/example_dags/example_complex.py
[2025-03-24T08:10:07.044+0000] {logging_mixin.py:190} INFO - [2025-03-24T08:10:07.044+0000] {override.py:1912} INFO - Created Permission View: can read on DAG:example_complex
[2025-03-24T08:10:07.056+0000] {logging_mixin.py:190} INFO - [2025-03-24T08:10:07.056+0000] {override.py:1912} INFO - Created Permission View: can delete on DAG:example_complex
[2025-03-24T08:10:07.064+0000] {logging_mixin.py:190} INFO - [2025-03-24T08:10:07.064+0000] {override.py:1912} INFO - Created Permission View: can edit on DAG:example_complex
[2025-03-24T08:10:07.074+0000] {logging_mixin.py:190} INFO - [2025-03-24T08:10:07.073+0000] {override.py:1912} INFO - Created Permission View: can create on DAG Run:example_complex
[2025-03-24T08:10:07.081+0000] {logging_mixin.py:190} INFO - [2025-03-24T08:10:07.081+0000] {override.py:1912} INFO - Created Permission View: menu access on DAG Run:example_complex
[2025-03-24T08:10:07.089+0000] {logging_mixin.py:190} INFO - [2025-03-24T08:10:07.089+0000] {override.py:1912} INFO - Created Permission View: can read on DAG Run:example_complex
[2025-03-24T08:10:07.097+0000] {logging_mixin.py:190} INFO - [2025-03-24T08:10:07.096+0000] {override.py:1912} INFO - Created Permission View: can delete on DAG Run:example_complex
[2025-03-24T08:10:07.098+0000] {logging_mixin.py:190} INFO - [2025-03-24T08:10:07.097+0000] {dag.py:3239} INFO - Sync 1 DAGs
[2025-03-24T08:10:07.113+0000] {logging_mixin.py:190} INFO - [2025-03-24T08:10:07.113+0000] {dag.py:3262} INFO - Creating ORM DAG for example_complex
[2025-03-24T08:10:07.114+0000] {logging_mixin.py:190} INFO - [2025-03-24T08:10:07.114+0000] {dag.py:4180} INFO - Setting next_dagrun for example_complex to None, run_after=None
[2025-03-24T08:10:07.134+0000] {processor.py:208} INFO - Processing /home/airflow/.local/lib/python3.12/site-packages/airflow/example_dags/example_complex.py took 0.288 seconds
[2025-03-24T08:10:37.826+0000] {processor.py:186} INFO - Started process (PID=140) to work on /home/airflow/.local/lib/python3.12/site-packages/airflow/example_dags/example_complex.py
[2025-03-24T08:10:37.827+0000] {processor.py:914} INFO - Processing file /home/airflow/.local/lib/python3.12/site-packages/airflow/example_dags/example_complex.py for tasks to queue
[2025-03-24T08:10:37.830+0000] {logging_mixin.py:190} INFO - [2025-03-24T08:10:37.829+0000] {dagbag.py:588} INFO - Filling up the DagBag from /home/airflow/.local/lib/python3.12/site-packages/airflow/example_dags/example_complex.py
[2025-03-24T08:10:37.844+0000] {processor.py:925} INFO - DAG(s) 'example_complex' retrieved from /home/airflow/.local/lib/python3.12/site-packages/airflow/example_dags/example_complex.py
[2025-03-24T08:10:37.885+0000] {logging_mixin.py:190} INFO - [2025-03-24T08:10:37.885+0000] {dag.py:3239} INFO - Sync 1 DAGs
[2025-03-24T08:10:37.906+0000] {logging_mixin.py:190} INFO - [2025-03-24T08:10:37.906+0000] {dag.py:4180} INFO - Setting next_dagrun for example_complex to None, run_after=None
[2025-03-24T08:10:37.931+0000] {processor.py:208} INFO - Processing /home/airflow/.local/lib/python3.12/site-packages/airflow/example_dags/example_complex.py took 0.112 seconds
[2025-03-24T08:11:07.997+0000] {processor.py:186} INFO - Started process (PID=203) to work on /home/airflow/.local/lib/python3.12/site-packages/airflow/example_dags/example_complex.py
[2025-03-24T08:11:07.998+0000] {processor.py:914} INFO - Processing file /home/airflow/.local/lib/python3.12/site-packages/airflow/example_dags/example_complex.py for tasks to queue
[2025-03-24T08:11:08.001+0000] {logging_mixin.py:190} INFO - [2025-03-24T08:11:08.000+0000] {dagbag.py:588} INFO - Filling up the DagBag from /home/airflow/.local/lib/python3.12/site-packages/airflow/example_dags/example_complex.py
[2025-03-24T08:11:08.014+0000] {processor.py:925} INFO - DAG(s) 'example_complex' retrieved from /home/airflow/.local/lib/python3.12/site-packages/airflow/example_dags/example_complex.py
[2025-03-24T08:11:08.051+0000] {logging_mixin.py:190} INFO - [2025-03-24T08:11:08.051+0000] {dag.py:3239} INFO - Sync 1 DAGs
[2025-03-24T08:11:08.067+0000] {logging_mixin.py:190} INFO - [2025-03-24T08:11:08.066+0000] {dag.py:4180} INFO - Setting next_dagrun for example_complex to None, run_after=None
[2025-03-24T08:11:08.091+0000] {processor.py:208} INFO - Processing /home/airflow/.local/lib/python3.12/site-packages/airflow/example_dags/example_complex.py took 0.100 seconds
[2025-03-24T08:11:38.613+0000] {processor.py:186} INFO - Started process (PID=267) to work on /home/airflow/.local/lib/python3.12/site-packages/airflow/example_dags/example_complex.py
[2025-03-24T08:11:38.614+0000] {processor.py:914} INFO - Processing file /home/airflow/.local/lib/python3.12/site-packages/airflow/example_dags/example_complex.py for tasks to queue
[2025-03-24T08:11:38.617+0000] {logging_mixin.py:190} INFO - [2025-03-24T08:11:38.617+0000] {dagbag.py:588} INFO - Filling up the DagBag from /home/airflow/.local/lib/python3.12/site-packages/airflow/example_dags/example_complex.py
[2025-03-24T08:11:38.631+0000] {processor.py:925} INFO - DAG(s) 'example_complex' retrieved from /home/airflow/.local/lib/python3.12/site-packages/airflow/example_dags/example_complex.py
[2025-03-24T08:11:38.667+0000] {logging_mixin.py:190} INFO - [2025-03-24T08:11:38.667+0000] {dag.py:3239} INFO - Sync 1 DAGs
[2025-03-24T08:11:38.683+0000] {logging_mixin.py:190} INFO - [2025-03-24T08:11:38.683+0000] {dag.py:4180} INFO - Setting next_dagrun for example_complex to None, run_after=None
[2025-03-24T08:11:38.707+0000] {processor.py:208} INFO - Processing /home/airflow/.local/lib/python3.12/site-packages/airflow/example_dags/example_complex.py took 0.100 seconds
[2025-03-24T08:12:08.984+0000] {processor.py:186} INFO - Started process (PID=331) to work on /home/airflow/.local/lib/python3.12/site-packages/airflow/example_dags/example_complex.py
[2025-03-24T08:12:08.985+0000] {processor.py:914} INFO - Processing file /home/airflow/.local/lib/python3.12/site-packages/airflow/example_dags/example_complex.py for tasks to queue
[2025-03-24T08:12:08.987+0000] {logging_mixin.py:190} INFO - [2025-03-24T08:12:08.987+0000] {dagbag.py:588} INFO - Filling up the DagBag from /home/airflow/.local/lib/python3.12/site-packages/airflow/example_dags/example_complex.py
[2025-03-24T08:12:09.001+0000] {processor.py:925} INFO - DAG(s) 'example_complex' retrieved from /home/airflow/.local/lib/python3.12/site-packages/airflow/example_dags/example_complex.py
[2025-03-24T08:12:09.039+0000] {logging_mixin.py:190} INFO - [2025-03-24T08:12:09.039+0000] {dag.py:3239} INFO - Sync 1 DAGs
[2025-03-24T08:12:09.055+0000] {logging_mixin.py:190} INFO - [2025-03-24T08:12:09.055+0000] {dag.py:4180} INFO - Setting next_dagrun for example_complex to None, run_after=None
[2025-03-24T08:12:09.081+0000] {processor.py:208} INFO - Processing /home/airflow/.local/lib/python3.12/site-packages/airflow/example_dags/example_complex.py took 0.104 seconds
[2025-03-24T08:12:39.153+0000] {processor.py:186} INFO - Started process (PID=394) to work on /home/airflow/.local/lib/python3.12/site-packages/airflow/example_dags/example_complex.py
[2025-03-24T08:12:39.154+0000] {processor.py:914} INFO - Processing file /home/airflow/.local/lib/python3.12/site-packages/airflow/example_dags/example_complex.py for tasks to queue
[2025-03-24T08:12:39.156+0000] {logging_mixin.py:190} INFO - [2025-03-24T08:12:39.156+0000] {dagbag.py:588} INFO - Filling up the DagBag from /home/airflow/.local/lib/python3.12/site-packages/airflow/example_dags/example_complex.py
[2025-03-24T08:12:39.170+0000] {processor.py:925} INFO - DAG(s) 'example_complex' retrieved from /home/airflow/.local/lib/python3.12/site-packages/airflow/example_dags/example_complex.py
[2025-03-24T08:12:39.206+0000] {logging_mixin.py:190} INFO - [2025-03-24T08:12:39.206+0000] {dag.py:3239} INFO - Sync 1 DAGs
[2025-03-24T08:12:39.222+0000] {logging_mixin.py:190} INFO - [2025-03-24T08:12:39.222+0000] {dag.py:4180} INFO - Setting next_dagrun for example_complex to None, run_after=None
[2025-03-24T08:12:39.245+0000] {processor.py:208} INFO - Processing /home/airflow/.local/lib/python3.12/site-packages/airflow/example_dags/example_complex.py took 0.099 seconds
[2025-03-24T08:13:09.398+0000] {processor.py:186} INFO - Started process (PID=458) to work on /home/airflow/.local/lib/python3.12/site-packages/airflow/example_dags/example_complex.py
[2025-03-24T08:13:09.400+0000] {processor.py:914} INFO - Processing file /home/airflow/.local/lib/python3.12/site-packages/airflow/example_dags/example_complex.py for tasks to queue
[2025-03-24T08:13:09.402+0000] {logging_mixin.py:190} INFO - [2025-03-24T08:13:09.402+0000] {dagbag.py:588} INFO - Filling up the DagBag from /home/airflow/.local/lib/python3.12/site-packages/airflow/example_dags/example_complex.py
[2025-03-24T08:13:09.415+0000] {processor.py:925} INFO - DAG(s) 'example_complex' retrieved from /home/airflow/.local/lib/python3.12/site-packages/airflow/example_dags/example_complex.py
[2025-03-24T08:13:09.451+0000] {logging_mixin.py:190} INFO - [2025-03-24T08:13:09.451+0000] {dag.py:3239} INFO - Sync 1 DAGs
[2025-03-24T08:13:09.467+0000] {logging_mixin.py:190} INFO - [2025-03-24T08:13:09.467+0000] {dag.py:4180} INFO - Setting next_dagrun for example_complex to None, run_after=None
[2025-03-24T08:13:09.491+0000] {processor.py:208} INFO - Processing /home/airflow/.local/lib/python3.12/site-packages/airflow/example_dags/example_complex.py took 0.099 seconds
[2025-03-24T08:13:40.537+0000] {processor.py:186} INFO - Started process (PID=523) to work on /home/airflow/.local/lib/python3.12/site-packages/airflow/example_dags/example_complex.py
[2025-03-24T08:13:40.538+0000] {processor.py:914} INFO - Processing file /home/airflow/.local/lib/python3.12/site-packages/airflow/example_dags/example_complex.py for tasks to queue
[2025-03-24T08:13:40.540+0000] {logging_mixin.py:190} INFO - [2025-03-24T08:13:40.540+0000] {dagbag.py:588} INFO - Filling up the DagBag from /home/airflow/.local/lib/python3.12/site-packages/airflow/example_dags/example_complex.py
[2025-03-24T08:13:40.554+0000] {processor.py:925} INFO - DAG(s) 'example_complex' retrieved from /home/airflow/.local/lib/python3.12/site-packages/airflow/example_dags/example_complex.py
[2025-03-24T08:13:40.590+0000] {logging_mixin.py:190} INFO - [2025-03-24T08:13:40.589+0000] {dag.py:3239} INFO - Sync 1 DAGs
[2025-03-24T08:13:40.605+0000] {logging_mixin.py:190} INFO - [2025-03-24T08:13:40.605+0000] {dag.py:4180} INFO - Setting next_dagrun for example_complex to None, run_after=None
[2025-03-24T08:13:40.626+0000] {processor.py:208} INFO - Processing /home/airflow/.local/lib/python3.12/site-packages/airflow/example_dags/example_complex.py took 0.095 seconds
[2025-03-24T08:14:10.734+0000] {processor.py:186} INFO - Started process (PID=587) to work on /home/airflow/.local/lib/python3.12/site-packages/airflow/example_dags/example_complex.py
[2025-03-24T08:14:10.735+0000] {processor.py:914} INFO - Processing file /home/airflow/.local/lib/python3.12/site-packages/airflow/example_dags/example_complex.py for tasks to queue
[2025-03-24T08:14:10.737+0000] {logging_mixin.py:190} INFO - [2025-03-24T08:14:10.737+0000] {dagbag.py:588} INFO - Filling up the DagBag from /home/airflow/.local/lib/python3.12/site-packages/airflow/example_dags/example_complex.py
[2025-03-24T08:14:10.751+0000] {processor.py:925} INFO - DAG(s) 'example_complex' retrieved from /home/airflow/.local/lib/python3.12/site-packages/airflow/example_dags/example_complex.py
[2025-03-24T08:14:10.788+0000] {logging_mixin.py:190} INFO - [2025-03-24T08:14:10.788+0000] {dag.py:3239} INFO - Sync 1 DAGs
[2025-03-24T08:14:10.806+0000] {logging_mixin.py:190} INFO - [2025-03-24T08:14:10.806+0000] {dag.py:4180} INFO - Setting next_dagrun for example_complex to None, run_after=None
[2025-03-24T08:14:10.829+0000] {processor.py:208} INFO - Processing /home/airflow/.local/lib/python3.12/site-packages/airflow/example_dags/example_complex.py took 0.101 seconds
[2025-03-24T08:14:41.732+0000] {processor.py:186} INFO - Started process (PID=651) to work on /home/airflow/.local/lib/python3.12/site-packages/airflow/example_dags/example_complex.py
[2025-03-24T08:14:41.733+0000] {processor.py:914} INFO - Processing file /home/airflow/.local/lib/python3.12/site-packages/airflow/example_dags/example_complex.py for tasks to queue
[2025-03-24T08:14:41.736+0000] {logging_mixin.py:190} INFO - [2025-03-24T08:14:41.735+0000] {dagbag.py:588} INFO - Filling up the DagBag from /home/airflow/.local/lib/python3.12/site-packages/airflow/example_dags/example_complex.py
[2025-03-24T08:14:41.749+0000] {processor.py:925} INFO - DAG(s) 'example_complex' retrieved from /home/airflow/.local/lib/python3.12/site-packages/airflow/example_dags/example_complex.py
[2025-03-24T08:14:41.789+0000] {logging_mixin.py:190} INFO - [2025-03-24T08:14:41.788+0000] {dag.py:3239} INFO - Sync 1 DAGs
[2025-03-24T08:14:41.805+0000] {logging_mixin.py:190} INFO - [2025-03-24T08:14:41.805+0000] {dag.py:4180} INFO - Setting next_dagrun for example_complex to None, run_after=None
[2025-03-24T08:14:41.826+0000] {processor.py:208} INFO - Processing /home/airflow/.local/lib/python3.12/site-packages/airflow/example_dags/example_complex.py took 0.101 seconds
[2025-03-24T08:15:11.963+0000] {processor.py:186} INFO - Started process (PID=715) to work on /home/airflow/.local/lib/python3.12/site-packages/airflow/example_dags/example_complex.py
[2025-03-24T08:15:11.964+0000] {processor.py:914} INFO - Processing file /home/airflow/.local/lib/python3.12/site-packages/airflow/example_dags/example_complex.py for tasks to queue
[2025-03-24T08:15:11.967+0000] {logging_mixin.py:190} INFO - [2025-03-24T08:15:11.967+0000] {dagbag.py:588} INFO - Filling up the DagBag from /home/airflow/.local/lib/python3.12/site-packages/airflow/example_dags/example_complex.py
[2025-03-24T08:15:11.982+0000] {processor.py:925} INFO - DAG(s) 'example_complex' retrieved from /home/airflow/.local/lib/python3.12/site-packages/airflow/example_dags/example_complex.py
[2025-03-24T08:15:12.019+0000] {logging_mixin.py:190} INFO - [2025-03-24T08:15:12.019+0000] {dag.py:3239} INFO - Sync 1 DAGs
[2025-03-24T08:15:12.035+0000] {logging_mixin.py:190} INFO - [2025-03-24T08:15:12.035+0000] {dag.py:4180} INFO - Setting next_dagrun for example_complex to None, run_after=None
[2025-03-24T08:15:12.057+0000] {processor.py:208} INFO - Processing /home/airflow/.local/lib/python3.12/site-packages/airflow/example_dags/example_complex.py took 0.101 seconds
[2025-03-24T08:15:42.121+0000] {processor.py:186} INFO - Started process (PID=779) to work on /home/airflow/.local/lib/python3.12/site-packages/airflow/example_dags/example_complex.py
[2025-03-24T08:15:42.122+0000] {processor.py:914} INFO - Processing file /home/airflow/.local/lib/python3.12/site-packages/airflow/example_dags/example_complex.py for tasks to queue
[2025-03-24T08:15:42.125+0000] {logging_mixin.py:190} INFO - [2025-03-24T08:15:42.124+0000] {dagbag.py:588} INFO - Filling up the DagBag from /home/airflow/.local/lib/python3.12/site-packages/airflow/example_dags/example_complex.py
[2025-03-24T08:15:42.139+0000] {processor.py:925} INFO - DAG(s) 'example_complex' retrieved from /home/airflow/.local/lib/python3.12/site-packages/airflow/example_dags/example_complex.py
[2025-03-24T08:15:42.176+0000] {logging_mixin.py:190} INFO - [2025-03-24T08:15:42.176+0000] {dag.py:3239} INFO - Sync 1 DAGs
[2025-03-24T08:15:42.193+0000] {logging_mixin.py:190} INFO - [2025-03-24T08:15:42.192+0000] {dag.py:4180} INFO - Setting next_dagrun for example_complex to None, run_after=None
[2025-03-24T08:15:42.217+0000] {processor.py:208} INFO - Processing /home/airflow/.local/lib/python3.12/site-packages/airflow/example_dags/example_complex.py took 0.102 seconds
[2025-03-24T08:16:12.850+0000] {processor.py:186} INFO - Started process (PID=843) to work on /home/airflow/.local/lib/python3.12/site-packages/airflow/example_dags/example_complex.py
[2025-03-24T08:16:12.851+0000] {processor.py:914} INFO - Processing file /home/airflow/.local/lib/python3.12/site-packages/airflow/example_dags/example_complex.py for tasks to queue
[2025-03-24T08:16:12.853+0000] {logging_mixin.py:190} INFO - [2025-03-24T08:16:12.853+0000] {dagbag.py:588} INFO - Filling up the DagBag from /home/airflow/.local/lib/python3.12/site-packages/airflow/example_dags/example_complex.py
[2025-03-24T08:16:12.867+0000] {processor.py:925} INFO - DAG(s) 'example_complex' retrieved from /home/airflow/.local/lib/python3.12/site-packages/airflow/example_dags/example_complex.py
[2025-03-24T08:16:12.903+0000] {logging_mixin.py:190} INFO - [2025-03-24T08:16:12.903+0000] {dag.py:3239} INFO - Sync 1 DAGs
[2025-03-24T08:16:12.919+0000] {logging_mixin.py:190} INFO - [2025-03-24T08:16:12.919+0000] {dag.py:4180} INFO - Setting next_dagrun for example_complex to None, run_after=None
[2025-03-24T08:16:12.944+0000] {processor.py:208} INFO - Processing /home/airflow/.local/lib/python3.12/site-packages/airflow/example_dags/example_complex.py took 0.100 seconds
[2025-03-24T08:16:43.039+0000] {processor.py:186} INFO - Started process (PID=907) to work on /home/airflow/.local/lib/python3.12/site-packages/airflow/example_dags/example_complex.py
[2025-03-24T08:16:43.040+0000] {processor.py:914} INFO - Processing file /home/airflow/.local/lib/python3.12/site-packages/airflow/example_dags/example_complex.py for tasks to queue
[2025-03-24T08:16:43.043+0000] {logging_mixin.py:190} INFO - [2025-03-24T08:16:43.043+0000] {dagbag.py:588} INFO - Filling up the DagBag from /home/airflow/.local/lib/python3.12/site-packages/airflow/example_dags/example_complex.py
[2025-03-24T08:16:43.058+0000] {processor.py:925} INFO - DAG(s) 'example_complex' retrieved from /home/airflow/.local/lib/python3.12/site-packages/airflow/example_dags/example_complex.py
[2025-03-24T08:16:43.095+0000] {logging_mixin.py:190} INFO - [2025-03-24T08:16:43.095+0000] {dag.py:3239} INFO - Sync 1 DAGs
[2025-03-24T08:16:43.111+0000] {logging_mixin.py:190} INFO - [2025-03-24T08:16:43.111+0000] {dag.py:4180} INFO - Setting next_dagrun for example_complex to None, run_after=None
[2025-03-24T08:16:43.138+0000] {processor.py:208} INFO - Processing /home/airflow/.local/lib/python3.12/site-packages/airflow/example_dags/example_complex.py took 0.105 seconds
[2025-03-24T08:17:13.275+0000] {processor.py:186} INFO - Started process (PID=971) to work on /home/airflow/.local/lib/python3.12/site-packages/airflow/example_dags/example_complex.py
[2025-03-24T08:17:13.276+0000] {processor.py:914} INFO - Processing file /home/airflow/.local/lib/python3.12/site-packages/airflow/example_dags/example_complex.py for tasks to queue
[2025-03-24T08:17:13.278+0000] {logging_mixin.py:190} INFO - [2025-03-24T08:17:13.278+0000] {dagbag.py:588} INFO - Filling up the DagBag from /home/airflow/.local/lib/python3.12/site-packages/airflow/example_dags/example_complex.py
[2025-03-24T08:17:13.292+0000] {processor.py:925} INFO - DAG(s) 'example_complex' retrieved from /home/airflow/.local/lib/python3.12/site-packages/airflow/example_dags/example_complex.py
[2025-03-24T08:17:13.328+0000] {logging_mixin.py:190} INFO - [2025-03-24T08:17:13.328+0000] {dag.py:3239} INFO - Sync 1 DAGs
[2025-03-24T08:17:13.345+0000] {logging_mixin.py:190} INFO - [2025-03-24T08:17:13.344+0000] {dag.py:4180} INFO - Setting next_dagrun for example_complex to None, run_after=None
[2025-03-24T08:17:13.367+0000] {processor.py:208} INFO - Processing /home/airflow/.local/lib/python3.12/site-packages/airflow/example_dags/example_complex.py took 0.098 seconds
[2025-03-24T08:17:44.400+0000] {processor.py:186} INFO - Started process (PID=1035) to work on /home/airflow/.local/lib/python3.12/site-packages/airflow/example_dags/example_complex.py
[2025-03-24T08:17:44.401+0000] {processor.py:914} INFO - Processing file /home/airflow/.local/lib/python3.12/site-packages/airflow/example_dags/example_complex.py for tasks to queue
[2025-03-24T08:17:44.404+0000] {logging_mixin.py:190} INFO - [2025-03-24T08:17:44.403+0000] {dagbag.py:588} INFO - Filling up the DagBag from /home/airflow/.local/lib/python3.12/site-packages/airflow/example_dags/example_complex.py
[2025-03-24T08:17:44.418+0000] {processor.py:925} INFO - DAG(s) 'example_complex' retrieved from /home/airflow/.local/lib/python3.12/site-packages/airflow/example_dags/example_complex.py
[2025-03-24T08:17:44.455+0000] {logging_mixin.py:190} INFO - [2025-03-24T08:17:44.455+0000] {dag.py:3239} INFO - Sync 1 DAGs
[2025-03-24T08:17:44.472+0000] {logging_mixin.py:190} INFO - [2025-03-24T08:17:44.472+0000] {dag.py:4180} INFO - Setting next_dagrun for example_complex to None, run_after=None
[2025-03-24T08:17:44.499+0000] {processor.py:208} INFO - Processing /home/airflow/.local/lib/python3.12/site-packages/airflow/example_dags/example_complex.py took 0.105 seconds
[2025-03-24T08:18:15.468+0000] {processor.py:186} INFO - Started process (PID=1099) to work on /home/airflow/.local/lib/python3.12/site-packages/airflow/example_dags/example_complex.py
[2025-03-24T08:18:15.469+0000] {processor.py:914} INFO - Processing file /home/airflow/.local/lib/python3.12/site-packages/airflow/example_dags/example_complex.py for tasks to queue
[2025-03-24T08:18:15.471+0000] {logging_mixin.py:190} INFO - [2025-03-24T08:18:15.471+0000] {dagbag.py:588} INFO - Filling up the DagBag from /home/airflow/.local/lib/python3.12/site-packages/airflow/example_dags/example_complex.py
[2025-03-24T08:18:15.485+0000] {processor.py:925} INFO - DAG(s) 'example_complex' retrieved from /home/airflow/.local/lib/python3.12/site-packages/airflow/example_dags/example_complex.py
[2025-03-24T08:18:15.531+0000] {logging_mixin.py:190} INFO - [2025-03-24T08:18:15.531+0000] {dag.py:3239} INFO - Sync 1 DAGs
[2025-03-24T08:18:15.547+0000] {logging_mixin.py:190} INFO - [2025-03-24T08:18:15.547+0000] {dag.py:4180} INFO - Setting next_dagrun for example_complex to None, run_after=None
[2025-03-24T08:18:15.575+0000] {processor.py:208} INFO - Processing /home/airflow/.local/lib/python3.12/site-packages/airflow/example_dags/example_complex.py took 0.113 seconds
[2025-03-24T08:18:46.456+0000] {processor.py:186} INFO - Started process (PID=1163) to work on /home/airflow/.local/lib/python3.12/site-packages/airflow/example_dags/example_complex.py
[2025-03-24T08:18:46.457+0000] {processor.py:914} INFO - Processing file /home/airflow/.local/lib/python3.12/site-packages/airflow/example_dags/example_complex.py for tasks to queue
[2025-03-24T08:18:46.460+0000] {logging_mixin.py:190} INFO - [2025-03-24T08:18:46.459+0000] {dagbag.py:588} INFO - Filling up the DagBag from /home/airflow/.local/lib/python3.12/site-packages/airflow/example_dags/example_complex.py
[2025-03-24T08:18:46.473+0000] {processor.py:925} INFO - DAG(s) 'example_complex' retrieved from /home/airflow/.local/lib/python3.12/site-packages/airflow/example_dags/example_complex.py
[2025-03-24T08:18:46.510+0000] {logging_mixin.py:190} INFO - [2025-03-24T08:18:46.509+0000] {dag.py:3239} INFO - Sync 1 DAGs
[2025-03-24T08:18:46.527+0000] {logging_mixin.py:190} INFO - [2025-03-24T08:18:46.527+0000] {dag.py:4180} INFO - Setting next_dagrun for example_complex to None, run_after=None
[2025-03-24T08:18:46.553+0000] {processor.py:208} INFO - Processing /home/airflow/.local/lib/python3.12/site-packages/airflow/example_dags/example_complex.py took 0.103 seconds
[2025-03-24T08:19:16.940+0000] {processor.py:186} INFO - Started process (PID=1227) to work on /home/airflow/.local/lib/python3.12/site-packages/airflow/example_dags/example_complex.py
[2025-03-24T08:19:16.941+0000] {processor.py:914} INFO - Processing file /home/airflow/.local/lib/python3.12/site-packages/airflow/example_dags/example_complex.py for tasks to queue
[2025-03-24T08:19:16.943+0000] {logging_mixin.py:190} INFO - [2025-03-24T08:19:16.943+0000] {dagbag.py:588} INFO - Filling up the DagBag from /home/airflow/.local/lib/python3.12/site-packages/airflow/example_dags/example_complex.py
[2025-03-24T08:19:16.956+0000] {processor.py:925} INFO - DAG(s) 'example_complex' retrieved from /home/airflow/.local/lib/python3.12/site-packages/airflow/example_dags/example_complex.py
[2025-03-24T08:19:16.992+0000] {logging_mixin.py:190} INFO - [2025-03-24T08:19:16.992+0000] {dag.py:3239} INFO - Sync 1 DAGs
[2025-03-24T08:19:17.008+0000] {logging_mixin.py:190} INFO - [2025-03-24T08:19:17.008+0000] {dag.py:4180} INFO - Setting next_dagrun for example_complex to None, run_after=None
[2025-03-24T08:19:17.032+0000] {processor.py:208} INFO - Processing /home/airflow/.local/lib/python3.12/site-packages/airflow/example_dags/example_complex.py took 0.099 seconds
[2025-03-24T08:19:47.290+0000] {processor.py:186} INFO - Started process (PID=1291) to work on /home/airflow/.local/lib/python3.12/site-packages/airflow/example_dags/example_complex.py
[2025-03-24T08:19:47.291+0000] {processor.py:914} INFO - Processing file /home/airflow/.local/lib/python3.12/site-packages/airflow/example_dags/example_complex.py for tasks to queue
[2025-03-24T08:19:47.295+0000] {logging_mixin.py:190} INFO - [2025-03-24T08:19:47.294+0000] {dagbag.py:588} INFO - Filling up the DagBag from /home/airflow/.local/lib/python3.12/site-packages/airflow/example_dags/example_complex.py
[2025-03-24T08:19:47.310+0000] {processor.py:925} INFO - DAG(s) 'example_complex' retrieved from /home/airflow/.local/lib/python3.12/site-packages/airflow/example_dags/example_complex.py
[2025-03-24T08:19:47.348+0000] {logging_mixin.py:190} INFO - [2025-03-24T08:19:47.347+0000] {dag.py:3239} INFO - Sync 1 DAGs
[2025-03-24T08:19:47.365+0000] {logging_mixin.py:190} INFO - [2025-03-24T08:19:47.365+0000] {dag.py:4180} INFO - Setting next_dagrun for example_complex to None, run_after=None
[2025-03-24T08:19:47.391+0000] {processor.py:208} INFO - Processing /home/airflow/.local/lib/python3.12/site-packages/airflow/example_dags/example_complex.py took 0.109 seconds
[2025-03-24T08:20:18.129+0000] {processor.py:186} INFO - Started process (PID=1355) to work on /home/airflow/.local/lib/python3.12/site-packages/airflow/example_dags/example_complex.py
[2025-03-24T08:20:18.130+0000] {processor.py:914} INFO - Processing file /home/airflow/.local/lib/python3.12/site-packages/airflow/example_dags/example_complex.py for tasks to queue
[2025-03-24T08:20:18.133+0000] {logging_mixin.py:190} INFO - [2025-03-24T08:20:18.133+0000] {dagbag.py:588} INFO - Filling up the DagBag from /home/airflow/.local/lib/python3.12/site-packages/airflow/example_dags/example_complex.py
[2025-03-24T08:20:18.148+0000] {processor.py:925} INFO - DAG(s) 'example_complex' retrieved from /home/airflow/.local/lib/python3.12/site-packages/airflow/example_dags/example_complex.py
[2025-03-24T08:20:18.186+0000] {logging_mixin.py:190} INFO - [2025-03-24T08:20:18.186+0000] {dag.py:3239} INFO - Sync 1 DAGs
[2025-03-24T08:20:18.203+0000] {logging_mixin.py:190} INFO - [2025-03-24T08:20:18.202+0000] {dag.py:4180} INFO - Setting next_dagrun for example_complex to None, run_after=None
[2025-03-24T08:20:18.227+0000] {processor.py:208} INFO - Processing /home/airflow/.local/lib/python3.12/site-packages/airflow/example_dags/example_complex.py took 0.105 seconds
[2025-03-24T08:20:49.200+0000] {processor.py:186} INFO - Started process (PID=1419) to work on /home/airflow/.local/lib/python3.12/site-packages/airflow/example_dags/example_complex.py
[2025-03-24T08:20:49.201+0000] {processor.py:914} INFO - Processing file /home/airflow/.local/lib/python3.12/site-packages/airflow/example_dags/example_complex.py for tasks to queue
[2025-03-24T08:20:49.204+0000] {logging_mixin.py:190} INFO - [2025-03-24T08:20:49.203+0000] {dagbag.py:588} INFO - Filling up the DagBag from /home/airflow/.local/lib/python3.12/site-packages/airflow/example_dags/example_complex.py
[2025-03-24T08:20:49.218+0000] {processor.py:925} INFO - DAG(s) 'example_complex' retrieved from /home/airflow/.local/lib/python3.12/site-packages/airflow/example_dags/example_complex.py
[2025-03-24T08:20:49.257+0000] {logging_mixin.py:190} INFO - [2025-03-24T08:20:49.257+0000] {dag.py:3239} INFO - Sync 1 DAGs
[2025-03-24T08:20:49.275+0000] {logging_mixin.py:190} INFO - [2025-03-24T08:20:49.275+0000] {dag.py:4180} INFO - Setting next_dagrun for example_complex to None, run_after=None
[2025-03-24T08:20:49.303+0000] {processor.py:208} INFO - Processing /home/airflow/.local/lib/python3.12/site-packages/airflow/example_dags/example_complex.py took 0.110 seconds
[2025-03-24T08:21:19.776+0000] {processor.py:186} INFO - Started process (PID=1483) to work on /home/airflow/.local/lib/python3.12/site-packages/airflow/example_dags/example_complex.py
[2025-03-24T08:21:19.777+0000] {processor.py:914} INFO - Processing file /home/airflow/.local/lib/python3.12/site-packages/airflow/example_dags/example_complex.py for tasks to queue
[2025-03-24T08:21:19.780+0000] {logging_mixin.py:190} INFO - [2025-03-24T08:21:19.780+0000] {dagbag.py:588} INFO - Filling up the DagBag from /home/airflow/.local/lib/python3.12/site-packages/airflow/example_dags/example_complex.py
[2025-03-24T08:21:19.794+0000] {processor.py:925} INFO - DAG(s) 'example_complex' retrieved from /home/airflow/.local/lib/python3.12/site-packages/airflow/example_dags/example_complex.py
[2025-03-24T08:21:19.834+0000] {logging_mixin.py:190} INFO - [2025-03-24T08:21:19.833+0000] {dag.py:3239} INFO - Sync 1 DAGs
[2025-03-24T08:21:19.851+0000] {logging_mixin.py:190} INFO - [2025-03-24T08:21:19.850+0000] {dag.py:4180} INFO - Setting next_dagrun for example_complex to None, run_after=None
[2025-03-24T08:21:19.876+0000] {processor.py:208} INFO - Processing /home/airflow/.local/lib/python3.12/site-packages/airflow/example_dags/example_complex.py took 0.107 seconds
[2025-03-24T08:21:50.329+0000] {processor.py:186} INFO - Started process (PID=1547) to work on /home/airflow/.local/lib/python3.12/site-packages/airflow/example_dags/example_complex.py
[2025-03-24T08:21:50.331+0000] {processor.py:914} INFO - Processing file /home/airflow/.local/lib/python3.12/site-packages/airflow/example_dags/example_complex.py for tasks to queue
[2025-03-24T08:21:50.333+0000] {logging_mixin.py:190} INFO - [2025-03-24T08:21:50.333+0000] {dagbag.py:588} INFO - Filling up the DagBag from /home/airflow/.local/lib/python3.12/site-packages/airflow/example_dags/example_complex.py
[2025-03-24T08:21:50.346+0000] {processor.py:925} INFO - DAG(s) 'example_complex' retrieved from /home/airflow/.local/lib/python3.12/site-packages/airflow/example_dags/example_complex.py
[2025-03-24T08:21:50.383+0000] {logging_mixin.py:190} INFO - [2025-03-24T08:21:50.383+0000] {dag.py:3239} INFO - Sync 1 DAGs
[2025-03-24T08:21:50.399+0000] {logging_mixin.py:190} INFO - [2025-03-24T08:21:50.398+0000] {dag.py:4180} INFO - Setting next_dagrun for example_complex to None, run_after=None
[2025-03-24T08:21:50.424+0000] {processor.py:208} INFO - Processing /home/airflow/.local/lib/python3.12/site-packages/airflow/example_dags/example_complex.py took 0.101 seconds
[2025-03-24T08:22:20.914+0000] {processor.py:186} INFO - Started process (PID=1611) to work on /home/airflow/.local/lib/python3.12/site-packages/airflow/example_dags/example_complex.py
[2025-03-24T08:22:20.915+0000] {processor.py:914} INFO - Processing file /home/airflow/.local/lib/python3.12/site-packages/airflow/example_dags/example_complex.py for tasks to queue
[2025-03-24T08:22:20.917+0000] {logging_mixin.py:190} INFO - [2025-03-24T08:22:20.917+0000] {dagbag.py:588} INFO - Filling up the DagBag from /home/airflow/.local/lib/python3.12/site-packages/airflow/example_dags/example_complex.py
[2025-03-24T08:22:20.933+0000] {processor.py:925} INFO - DAG(s) 'example_complex' retrieved from /home/airflow/.local/lib/python3.12/site-packages/airflow/example_dags/example_complex.py
[2025-03-24T08:22:20.970+0000] {logging_mixin.py:190} INFO - [2025-03-24T08:22:20.970+0000] {dag.py:3239} INFO - Sync 1 DAGs
[2025-03-24T08:22:20.986+0000] {logging_mixin.py:190} INFO - [2025-03-24T08:22:20.986+0000] {dag.py:4180} INFO - Setting next_dagrun for example_complex to None, run_after=None
[2025-03-24T08:22:21.012+0000] {processor.py:208} INFO - Processing /home/airflow/.local/lib/python3.12/site-packages/airflow/example_dags/example_complex.py took 0.105 seconds
[2025-03-24T08:22:51.942+0000] {processor.py:186} INFO - Started process (PID=1675) to work on /home/airflow/.local/lib/python3.12/site-packages/airflow/example_dags/example_complex.py
[2025-03-24T08:22:51.944+0000] {processor.py:914} INFO - Processing file /home/airflow/.local/lib/python3.12/site-packages/airflow/example_dags/example_complex.py for tasks to queue
[2025-03-24T08:22:51.946+0000] {logging_mixin.py:190} INFO - [2025-03-24T08:22:51.946+0000] {dagbag.py:588} INFO - Filling up the DagBag from /home/airflow/.local/lib/python3.12/site-packages/airflow/example_dags/example_complex.py
[2025-03-24T08:22:51.960+0000] {processor.py:925} INFO - DAG(s) 'example_complex' retrieved from /home/airflow/.local/lib/python3.12/site-packages/airflow/example_dags/example_complex.py
[2025-03-24T08:22:52.002+0000] {logging_mixin.py:190} INFO - [2025-03-24T08:22:52.001+0000] {dag.py:3239} INFO - Sync 1 DAGs
[2025-03-24T08:22:52.019+0000] {logging_mixin.py:190} INFO - [2025-03-24T08:22:52.019+0000] {dag.py:4180} INFO - Setting next_dagrun for example_complex to None, run_after=None
[2025-03-24T08:22:52.046+0000] {processor.py:208} INFO - Processing /home/airflow/.local/lib/python3.12/site-packages/airflow/example_dags/example_complex.py took 0.110 seconds
[2025-03-24T08:23:22.206+0000] {processor.py:186} INFO - Started process (PID=1739) to work on /home/airflow/.local/lib/python3.12/site-packages/airflow/example_dags/example_complex.py
[2025-03-24T08:23:22.208+0000] {processor.py:914} INFO - Processing file /home/airflow/.local/lib/python3.12/site-packages/airflow/example_dags/example_complex.py for tasks to queue
[2025-03-24T08:23:22.211+0000] {logging_mixin.py:190} INFO - [2025-03-24T08:23:22.210+0000] {dagbag.py:588} INFO - Filling up the DagBag from /home/airflow/.local/lib/python3.12/site-packages/airflow/example_dags/example_complex.py
[2025-03-24T08:23:22.225+0000] {processor.py:925} INFO - DAG(s) 'example_complex' retrieved from /home/airflow/.local/lib/python3.12/site-packages/airflow/example_dags/example_complex.py
[2025-03-24T08:23:22.263+0000] {logging_mixin.py:190} INFO - [2025-03-24T08:23:22.263+0000] {dag.py:3239} INFO - Sync 1 DAGs
[2025-03-24T08:23:22.279+0000] {logging_mixin.py:190} INFO - [2025-03-24T08:23:22.279+0000] {dag.py:4180} INFO - Setting next_dagrun for example_complex to None, run_after=None
[2025-03-24T08:23:22.301+0000] {processor.py:208} INFO - Processing /home/airflow/.local/lib/python3.12/site-packages/airflow/example_dags/example_complex.py took 0.101 seconds
[2025-03-24T08:23:52.628+0000] {processor.py:186} INFO - Started process (PID=1803) to work on /home/airflow/.local/lib/python3.12/site-packages/airflow/example_dags/example_complex.py
[2025-03-24T08:23:52.629+0000] {processor.py:914} INFO - Processing file /home/airflow/.local/lib/python3.12/site-packages/airflow/example_dags/example_complex.py for tasks to queue
[2025-03-24T08:23:52.632+0000] {logging_mixin.py:190} INFO - [2025-03-24T08:23:52.632+0000] {dagbag.py:588} INFO - Filling up the DagBag from /home/airflow/.local/lib/python3.12/site-packages/airflow/example_dags/example_complex.py
[2025-03-24T08:23:52.646+0000] {processor.py:925} INFO - DAG(s) 'example_complex' retrieved from /home/airflow/.local/lib/python3.12/site-packages/airflow/example_dags/example_complex.py
[2025-03-24T08:23:52.687+0000] {logging_mixin.py:190} INFO - [2025-03-24T08:23:52.686+0000] {dag.py:3239} INFO - Sync 1 DAGs
[2025-03-24T08:23:52.705+0000] {logging_mixin.py:190} INFO - [2025-03-24T08:23:52.704+0000] {dag.py:4180} INFO - Setting next_dagrun for example_complex to None, run_after=None
[2025-03-24T08:23:52.727+0000] {processor.py:208} INFO - Processing /home/airflow/.local/lib/python3.12/site-packages/airflow/example_dags/example_complex.py took 0.106 seconds
[2025-03-24T08:24:22.883+0000] {processor.py:186} INFO - Started process (PID=1867) to work on /home/airflow/.local/lib/python3.12/site-packages/airflow/example_dags/example_complex.py
[2025-03-24T08:24:22.884+0000] {processor.py:914} INFO - Processing file /home/airflow/.local/lib/python3.12/site-packages/airflow/example_dags/example_complex.py for tasks to queue
[2025-03-24T08:24:22.887+0000] {logging_mixin.py:190} INFO - [2025-03-24T08:24:22.886+0000] {dagbag.py:588} INFO - Filling up the DagBag from /home/airflow/.local/lib/python3.12/site-packages/airflow/example_dags/example_complex.py
[2025-03-24T08:24:22.901+0000] {processor.py:925} INFO - DAG(s) 'example_complex' retrieved from /home/airflow/.local/lib/python3.12/site-packages/airflow/example_dags/example_complex.py
[2025-03-24T08:24:22.939+0000] {logging_mixin.py:190} INFO - [2025-03-24T08:24:22.939+0000] {dag.py:3239} INFO - Sync 1 DAGs
[2025-03-24T08:24:22.957+0000] {logging_mixin.py:190} INFO - [2025-03-24T08:24:22.956+0000] {dag.py:4180} INFO - Setting next_dagrun for example_complex to None, run_after=None
[2025-03-24T08:24:22.980+0000] {processor.py:208} INFO - Processing /home/airflow/.local/lib/python3.12/site-packages/airflow/example_dags/example_complex.py took 0.104 seconds
[2025-03-24T08:24:53.099+0000] {processor.py:186} INFO - Started process (PID=1931) to work on /home/airflow/.local/lib/python3.12/site-packages/airflow/example_dags/example_complex.py
[2025-03-24T08:24:53.100+0000] {processor.py:914} INFO - Processing file /home/airflow/.local/lib/python3.12/site-packages/airflow/example_dags/example_complex.py for tasks to queue
[2025-03-24T08:24:53.103+0000] {logging_mixin.py:190} INFO - [2025-03-24T08:24:53.102+0000] {dagbag.py:588} INFO - Filling up the DagBag from /home/airflow/.local/lib/python3.12/site-packages/airflow/example_dags/example_complex.py
[2025-03-24T08:24:53.116+0000] {processor.py:925} INFO - DAG(s) 'example_complex' retrieved from /home/airflow/.local/lib/python3.12/site-packages/airflow/example_dags/example_complex.py
[2025-03-24T08:24:53.153+0000] {logging_mixin.py:190} INFO - [2025-03-24T08:24:53.153+0000] {dag.py:3239} INFO - Sync 1 DAGs
[2025-03-24T08:24:53.169+0000] {logging_mixin.py:190} INFO - [2025-03-24T08:24:53.169+0000] {dag.py:4180} INFO - Setting next_dagrun for example_complex to None, run_after=None
[2025-03-24T08:24:53.193+0000] {processor.py:208} INFO - Processing /home/airflow/.local/lib/python3.12/site-packages/airflow/example_dags/example_complex.py took 0.101 seconds
[2025-03-24T08:25:23.427+0000] {processor.py:186} INFO - Started process (PID=1995) to work on /home/airflow/.local/lib/python3.12/site-packages/airflow/example_dags/example_complex.py
[2025-03-24T08:25:23.428+0000] {processor.py:914} INFO - Processing file /home/airflow/.local/lib/python3.12/site-packages/airflow/example_dags/example_complex.py for tasks to queue
[2025-03-24T08:25:23.431+0000] {logging_mixin.py:190} INFO - [2025-03-24T08:25:23.430+0000] {dagbag.py:588} INFO - Filling up the DagBag from /home/airflow/.local/lib/python3.12/site-packages/airflow/example_dags/example_complex.py
[2025-03-24T08:25:23.444+0000] {processor.py:925} INFO - DAG(s) 'example_complex' retrieved from /home/airflow/.local/lib/python3.12/site-packages/airflow/example_dags/example_complex.py
[2025-03-24T08:25:23.480+0000] {logging_mixin.py:190} INFO - [2025-03-24T08:25:23.480+0000] {dag.py:3239} INFO - Sync 1 DAGs
[2025-03-24T08:25:23.496+0000] {logging_mixin.py:190} INFO - [2025-03-24T08:25:23.496+0000] {dag.py:4180} INFO - Setting next_dagrun for example_complex to None, run_after=None
[2025-03-24T08:25:23.519+0000] {processor.py:208} INFO - Processing /home/airflow/.local/lib/python3.12/site-packages/airflow/example_dags/example_complex.py took 0.098 seconds
[2025-03-24T08:25:53.886+0000] {processor.py:186} INFO - Started process (PID=2059) to work on /home/airflow/.local/lib/python3.12/site-packages/airflow/example_dags/example_complex.py
[2025-03-24T08:25:53.887+0000] {processor.py:914} INFO - Processing file /home/airflow/.local/lib/python3.12/site-packages/airflow/example_dags/example_complex.py for tasks to queue
[2025-03-24T08:25:53.890+0000] {logging_mixin.py:190} INFO - [2025-03-24T08:25:53.889+0000] {dagbag.py:588} INFO - Filling up the DagBag from /home/airflow/.local/lib/python3.12/site-packages/airflow/example_dags/example_complex.py
[2025-03-24T08:25:53.904+0000] {processor.py:925} INFO - DAG(s) 'example_complex' retrieved from /home/airflow/.local/lib/python3.12/site-packages/airflow/example_dags/example_complex.py
[2025-03-24T08:25:53.940+0000] {logging_mixin.py:190} INFO - [2025-03-24T08:25:53.939+0000] {dag.py:3239} INFO - Sync 1 DAGs
[2025-03-24T08:25:53.956+0000] {logging_mixin.py:190} INFO - [2025-03-24T08:25:53.956+0000] {dag.py:4180} INFO - Setting next_dagrun for example_complex to None, run_after=None
[2025-03-24T08:25:53.976+0000] {processor.py:208} INFO - Processing /home/airflow/.local/lib/python3.12/site-packages/airflow/example_dags/example_complex.py took 0.097 seconds
[2025-03-24T08:26:24.127+0000] {processor.py:186} INFO - Started process (PID=2123) to work on /home/airflow/.local/lib/python3.12/site-packages/airflow/example_dags/example_complex.py
[2025-03-24T08:26:24.128+0000] {processor.py:914} INFO - Processing file /home/airflow/.local/lib/python3.12/site-packages/airflow/example_dags/example_complex.py for tasks to queue
[2025-03-24T08:26:24.131+0000] {logging_mixin.py:190} INFO - [2025-03-24T08:26:24.131+0000] {dagbag.py:588} INFO - Filling up the DagBag from /home/airflow/.local/lib/python3.12/site-packages/airflow/example_dags/example_complex.py
[2025-03-24T08:26:24.145+0000] {processor.py:925} INFO - DAG(s) 'example_complex' retrieved from /home/airflow/.local/lib/python3.12/site-packages/airflow/example_dags/example_complex.py
[2025-03-24T08:26:24.186+0000] {logging_mixin.py:190} INFO - [2025-03-24T08:26:24.185+0000] {dag.py:3239} INFO - Sync 1 DAGs
[2025-03-24T08:26:24.204+0000] {logging_mixin.py:190} INFO - [2025-03-24T08:26:24.204+0000] {dag.py:4180} INFO - Setting next_dagrun for example_complex to None, run_after=None
[2025-03-24T08:26:24.226+0000] {processor.py:208} INFO - Processing /home/airflow/.local/lib/python3.12/site-packages/airflow/example_dags/example_complex.py took 0.106 seconds
[2025-03-24T08:26:54.342+0000] {processor.py:186} INFO - Started process (PID=2187) to work on /home/airflow/.local/lib/python3.12/site-packages/airflow/example_dags/example_complex.py
[2025-03-24T08:26:54.344+0000] {processor.py:914} INFO - Processing file /home/airflow/.local/lib/python3.12/site-packages/airflow/example_dags/example_complex.py for tasks to queue
[2025-03-24T08:26:54.346+0000] {logging_mixin.py:190} INFO - [2025-03-24T08:26:54.346+0000] {dagbag.py:588} INFO - Filling up the DagBag from /home/airflow/.local/lib/python3.12/site-packages/airflow/example_dags/example_complex.py
[2025-03-24T08:26:54.360+0000] {processor.py:925} INFO - DAG(s) 'example_complex' retrieved from /home/airflow/.local/lib/python3.12/site-packages/airflow/example_dags/example_complex.py
[2025-03-24T08:26:54.397+0000] {logging_mixin.py:190} INFO - [2025-03-24T08:26:54.397+0000] {dag.py:3239} INFO - Sync 1 DAGs
[2025-03-24T08:26:54.415+0000] {logging_mixin.py:190} INFO - [2025-03-24T08:26:54.414+0000] {dag.py:4180} INFO - Setting next_dagrun for example_complex to None, run_after=None
[2025-03-24T08:26:54.436+0000] {processor.py:208} INFO - Processing /home/airflow/.local/lib/python3.12/site-packages/airflow/example_dags/example_complex.py took 0.100 seconds
[2025-03-24T08:27:24.670+0000] {processor.py:186} INFO - Started process (PID=2251) to work on /home/airflow/.local/lib/python3.12/site-packages/airflow/example_dags/example_complex.py
[2025-03-24T08:27:24.672+0000] {processor.py:914} INFO - Processing file /home/airflow/.local/lib/python3.12/site-packages/airflow/example_dags/example_complex.py for tasks to queue
[2025-03-24T08:27:24.675+0000] {logging_mixin.py:190} INFO - [2025-03-24T08:27:24.675+0000] {dagbag.py:588} INFO - Filling up the DagBag from /home/airflow/.local/lib/python3.12/site-packages/airflow/example_dags/example_complex.py
[2025-03-24T08:27:24.700+0000] {processor.py:925} INFO - DAG(s) 'example_complex' retrieved from /home/airflow/.local/lib/python3.12/site-packages/airflow/example_dags/example_complex.py
[2025-03-24T08:27:24.739+0000] {logging_mixin.py:190} INFO - [2025-03-24T08:27:24.738+0000] {dag.py:3239} INFO - Sync 1 DAGs
[2025-03-24T08:27:24.757+0000] {logging_mixin.py:190} INFO - [2025-03-24T08:27:24.756+0000] {dag.py:4180} INFO - Setting next_dagrun for example_complex to None, run_after=None
[2025-03-24T08:27:24.779+0000] {processor.py:208} INFO - Processing /home/airflow/.local/lib/python3.12/site-packages/airflow/example_dags/example_complex.py took 0.115 seconds
[2025-03-24T08:27:55.079+0000] {processor.py:186} INFO - Started process (PID=2315) to work on /home/airflow/.local/lib/python3.12/site-packages/airflow/example_dags/example_complex.py
[2025-03-24T08:27:55.081+0000] {processor.py:914} INFO - Processing file /home/airflow/.local/lib/python3.12/site-packages/airflow/example_dags/example_complex.py for tasks to queue
[2025-03-24T08:27:55.083+0000] {logging_mixin.py:190} INFO - [2025-03-24T08:27:55.083+0000] {dagbag.py:588} INFO - Filling up the DagBag from /home/airflow/.local/lib/python3.12/site-packages/airflow/example_dags/example_complex.py
[2025-03-24T08:27:55.097+0000] {processor.py:925} INFO - DAG(s) 'example_complex' retrieved from /home/airflow/.local/lib/python3.12/site-packages/airflow/example_dags/example_complex.py
[2025-03-24T08:27:55.132+0000] {logging_mixin.py:190} INFO - [2025-03-24T08:27:55.132+0000] {dag.py:3239} INFO - Sync 1 DAGs
[2025-03-24T08:27:55.148+0000] {logging_mixin.py:190} INFO - [2025-03-24T08:27:55.147+0000] {dag.py:4180} INFO - Setting next_dagrun for example_complex to None, run_after=None
[2025-03-24T08:27:55.167+0000] {processor.py:208} INFO - Processing /home/airflow/.local/lib/python3.12/site-packages/airflow/example_dags/example_complex.py took 0.094 seconds
[2025-03-24T08:28:25.840+0000] {processor.py:186} INFO - Started process (PID=2379) to work on /home/airflow/.local/lib/python3.12/site-packages/airflow/example_dags/example_complex.py
[2025-03-24T08:28:25.841+0000] {processor.py:914} INFO - Processing file /home/airflow/.local/lib/python3.12/site-packages/airflow/example_dags/example_complex.py for tasks to queue
[2025-03-24T08:28:25.843+0000] {logging_mixin.py:190} INFO - [2025-03-24T08:28:25.843+0000] {dagbag.py:588} INFO - Filling up the DagBag from /home/airflow/.local/lib/python3.12/site-packages/airflow/example_dags/example_complex.py
[2025-03-24T08:28:25.858+0000] {processor.py:925} INFO - DAG(s) 'example_complex' retrieved from /home/airflow/.local/lib/python3.12/site-packages/airflow/example_dags/example_complex.py
[2025-03-24T08:28:25.897+0000] {logging_mixin.py:190} INFO - [2025-03-24T08:28:25.896+0000] {dag.py:3239} INFO - Sync 1 DAGs
[2025-03-24T08:28:25.913+0000] {logging_mixin.py:190} INFO - [2025-03-24T08:28:25.912+0000] {dag.py:4180} INFO - Setting next_dagrun for example_complex to None, run_after=None
[2025-03-24T08:28:25.936+0000] {processor.py:208} INFO - Processing /home/airflow/.local/lib/python3.12/site-packages/airflow/example_dags/example_complex.py took 0.103 seconds
[2025-03-24T08:28:56.916+0000] {processor.py:186} INFO - Started process (PID=2443) to work on /home/airflow/.local/lib/python3.12/site-packages/airflow/example_dags/example_complex.py
[2025-03-24T08:28:56.917+0000] {processor.py:914} INFO - Processing file /home/airflow/.local/lib/python3.12/site-packages/airflow/example_dags/example_complex.py for tasks to queue
[2025-03-24T08:28:56.920+0000] {logging_mixin.py:190} INFO - [2025-03-24T08:28:56.920+0000] {dagbag.py:588} INFO - Filling up the DagBag from /home/airflow/.local/lib/python3.12/site-packages/airflow/example_dags/example_complex.py
[2025-03-24T08:28:56.935+0000] {processor.py:925} INFO - DAG(s) 'example_complex' retrieved from /home/airflow/.local/lib/python3.12/site-packages/airflow/example_dags/example_complex.py
[2025-03-24T08:28:56.974+0000] {logging_mixin.py:190} INFO - [2025-03-24T08:28:56.974+0000] {dag.py:3239} INFO - Sync 1 DAGs
[2025-03-24T08:28:56.992+0000] {logging_mixin.py:190} INFO - [2025-03-24T08:28:56.992+0000] {dag.py:4180} INFO - Setting next_dagrun for example_complex to None, run_after=None
[2025-03-24T08:28:57.013+0000] {processor.py:208} INFO - Processing /home/airflow/.local/lib/python3.12/site-packages/airflow/example_dags/example_complex.py took 0.104 seconds
[2025-03-24T08:29:27.838+0000] {processor.py:186} INFO - Started process (PID=2503) to work on /home/airflow/.local/lib/python3.12/site-packages/airflow/example_dags/example_complex.py
[2025-03-24T08:29:27.839+0000] {processor.py:914} INFO - Processing file /home/airflow/.local/lib/python3.12/site-packages/airflow/example_dags/example_complex.py for tasks to queue
[2025-03-24T08:29:27.841+0000] {logging_mixin.py:190} INFO - [2025-03-24T08:29:27.841+0000] {dagbag.py:588} INFO - Filling up the DagBag from /home/airflow/.local/lib/python3.12/site-packages/airflow/example_dags/example_complex.py
[2025-03-24T08:29:27.856+0000] {processor.py:925} INFO - DAG(s) 'example_complex' retrieved from /home/airflow/.local/lib/python3.12/site-packages/airflow/example_dags/example_complex.py
[2025-03-24T08:29:27.893+0000] {logging_mixin.py:190} INFO - [2025-03-24T08:29:27.892+0000] {dag.py:3239} INFO - Sync 1 DAGs
[2025-03-24T08:29:27.909+0000] {logging_mixin.py:190} INFO - [2025-03-24T08:29:27.909+0000] {dag.py:4180} INFO - Setting next_dagrun for example_complex to None, run_after=None
[2025-03-24T08:29:27.932+0000] {processor.py:208} INFO - Processing /home/airflow/.local/lib/python3.12/site-packages/airflow/example_dags/example_complex.py took 0.100 seconds
[2025-03-24T08:29:58.665+0000] {processor.py:186} INFO - Started process (PID=2567) to work on /home/airflow/.local/lib/python3.12/site-packages/airflow/example_dags/example_complex.py
[2025-03-24T08:29:58.667+0000] {processor.py:914} INFO - Processing file /home/airflow/.local/lib/python3.12/site-packages/airflow/example_dags/example_complex.py for tasks to queue
[2025-03-24T08:29:58.669+0000] {logging_mixin.py:190} INFO - [2025-03-24T08:29:58.669+0000] {dagbag.py:588} INFO - Filling up the DagBag from /home/airflow/.local/lib/python3.12/site-packages/airflow/example_dags/example_complex.py
[2025-03-24T08:29:58.683+0000] {processor.py:925} INFO - DAG(s) 'example_complex' retrieved from /home/airflow/.local/lib/python3.12/site-packages/airflow/example_dags/example_complex.py
[2025-03-24T08:29:58.722+0000] {logging_mixin.py:190} INFO - [2025-03-24T08:29:58.722+0000] {dag.py:3239} INFO - Sync 1 DAGs
[2025-03-24T08:29:58.739+0000] {logging_mixin.py:190} INFO - [2025-03-24T08:29:58.739+0000] {dag.py:4180} INFO - Setting next_dagrun for example_complex to None, run_after=None
[2025-03-24T08:29:58.765+0000] {processor.py:208} INFO - Processing /home/airflow/.local/lib/python3.12/site-packages/airflow/example_dags/example_complex.py took 0.106 seconds
[2025-03-24T08:30:29.875+0000] {processor.py:186} INFO - Started process (PID=2631) to work on /home/airflow/.local/lib/python3.12/site-packages/airflow/example_dags/example_complex.py
[2025-03-24T08:30:29.876+0000] {processor.py:914} INFO - Processing file /home/airflow/.local/lib/python3.12/site-packages/airflow/example_dags/example_complex.py for tasks to queue
[2025-03-24T08:30:29.881+0000] {logging_mixin.py:190} INFO - [2025-03-24T08:30:29.880+0000] {dagbag.py:588} INFO - Filling up the DagBag from /home/airflow/.local/lib/python3.12/site-packages/airflow/example_dags/example_complex.py
[2025-03-24T08:30:29.895+0000] {processor.py:925} INFO - DAG(s) 'example_complex' retrieved from /home/airflow/.local/lib/python3.12/site-packages/airflow/example_dags/example_complex.py
[2025-03-24T08:30:29.935+0000] {logging_mixin.py:190} INFO - [2025-03-24T08:30:29.934+0000] {dag.py:3239} INFO - Sync 1 DAGs
[2025-03-24T08:30:29.951+0000] {logging_mixin.py:190} INFO - [2025-03-24T08:30:29.951+0000] {dag.py:4180} INFO - Setting next_dagrun for example_complex to None, run_after=None
[2025-03-24T08:30:29.973+0000] {processor.py:208} INFO - Processing /home/airflow/.local/lib/python3.12/site-packages/airflow/example_dags/example_complex.py took 0.105 seconds
[2025-03-24T08:31:00.400+0000] {processor.py:186} INFO - Started process (PID=2692) to work on /home/airflow/.local/lib/python3.12/site-packages/airflow/example_dags/example_complex.py
[2025-03-24T08:31:00.401+0000] {processor.py:914} INFO - Processing file /home/airflow/.local/lib/python3.12/site-packages/airflow/example_dags/example_complex.py for tasks to queue
[2025-03-24T08:31:00.404+0000] {logging_mixin.py:190} INFO - [2025-03-24T08:31:00.403+0000] {dagbag.py:588} INFO - Filling up the DagBag from /home/airflow/.local/lib/python3.12/site-packages/airflow/example_dags/example_complex.py
[2025-03-24T08:31:00.417+0000] {processor.py:925} INFO - DAG(s) 'example_complex' retrieved from /home/airflow/.local/lib/python3.12/site-packages/airflow/example_dags/example_complex.py
[2025-03-24T08:31:00.454+0000] {logging_mixin.py:190} INFO - [2025-03-24T08:31:00.453+0000] {dag.py:3239} INFO - Sync 1 DAGs
[2025-03-24T08:31:00.470+0000] {logging_mixin.py:190} INFO - [2025-03-24T08:31:00.470+0000] {dag.py:4180} INFO - Setting next_dagrun for example_complex to None, run_after=None
[2025-03-24T08:31:00.492+0000] {processor.py:208} INFO - Processing /home/airflow/.local/lib/python3.12/site-packages/airflow/example_dags/example_complex.py took 0.099 seconds
[2025-03-24T08:31:31.644+0000] {processor.py:186} INFO - Started process (PID=2749) to work on /home/airflow/.local/lib/python3.12/site-packages/airflow/example_dags/example_complex.py
[2025-03-24T08:31:31.646+0000] {processor.py:914} INFO - Processing file /home/airflow/.local/lib/python3.12/site-packages/airflow/example_dags/example_complex.py for tasks to queue
[2025-03-24T08:31:31.648+0000] {logging_mixin.py:190} INFO - [2025-03-24T08:31:31.648+0000] {dagbag.py:588} INFO - Filling up the DagBag from /home/airflow/.local/lib/python3.12/site-packages/airflow/example_dags/example_complex.py
[2025-03-24T08:31:31.663+0000] {processor.py:925} INFO - DAG(s) 'example_complex' retrieved from /home/airflow/.local/lib/python3.12/site-packages/airflow/example_dags/example_complex.py
[2025-03-24T08:31:31.702+0000] {logging_mixin.py:190} INFO - [2025-03-24T08:31:31.702+0000] {dag.py:3239} INFO - Sync 1 DAGs
[2025-03-24T08:31:31.719+0000] {logging_mixin.py:190} INFO - [2025-03-24T08:31:31.718+0000] {dag.py:4180} INFO - Setting next_dagrun for example_complex to None, run_after=None
[2025-03-24T08:31:31.740+0000] {processor.py:208} INFO - Processing /home/airflow/.local/lib/python3.12/site-packages/airflow/example_dags/example_complex.py took 0.102 seconds
[2025-03-24T08:32:02.970+0000] {processor.py:186} INFO - Started process (PID=2813) to work on /home/airflow/.local/lib/python3.12/site-packages/airflow/example_dags/example_complex.py
[2025-03-24T08:32:02.971+0000] {processor.py:914} INFO - Processing file /home/airflow/.local/lib/python3.12/site-packages/airflow/example_dags/example_complex.py for tasks to queue
[2025-03-24T08:32:02.974+0000] {logging_mixin.py:190} INFO - [2025-03-24T08:32:02.973+0000] {dagbag.py:588} INFO - Filling up the DagBag from /home/airflow/.local/lib/python3.12/site-packages/airflow/example_dags/example_complex.py
[2025-03-24T08:32:02.988+0000] {processor.py:925} INFO - DAG(s) 'example_complex' retrieved from /home/airflow/.local/lib/python3.12/site-packages/airflow/example_dags/example_complex.py
[2025-03-24T08:32:03.031+0000] {logging_mixin.py:190} INFO - [2025-03-24T08:32:03.031+0000] {dag.py:3239} INFO - Sync 1 DAGs
[2025-03-24T08:32:03.051+0000] {logging_mixin.py:190} INFO - [2025-03-24T08:32:03.051+0000] {dag.py:4180} INFO - Setting next_dagrun for example_complex to None, run_after=None
[2025-03-24T08:32:03.078+0000] {processor.py:208} INFO - Processing /home/airflow/.local/lib/python3.12/site-packages/airflow/example_dags/example_complex.py took 0.114 seconds
[2025-03-24T08:32:33.907+0000] {processor.py:186} INFO - Started process (PID=2872) to work on /home/airflow/.local/lib/python3.12/site-packages/airflow/example_dags/example_complex.py
[2025-03-24T08:32:33.909+0000] {processor.py:914} INFO - Processing file /home/airflow/.local/lib/python3.12/site-packages/airflow/example_dags/example_complex.py for tasks to queue
[2025-03-24T08:32:33.912+0000] {logging_mixin.py:190} INFO - [2025-03-24T08:32:33.911+0000] {dagbag.py:588} INFO - Filling up the DagBag from /home/airflow/.local/lib/python3.12/site-packages/airflow/example_dags/example_complex.py
[2025-03-24T08:32:33.926+0000] {processor.py:925} INFO - DAG(s) 'example_complex' retrieved from /home/airflow/.local/lib/python3.12/site-packages/airflow/example_dags/example_complex.py
[2025-03-24T08:32:33.966+0000] {logging_mixin.py:190} INFO - [2025-03-24T08:32:33.966+0000] {dag.py:3239} INFO - Sync 1 DAGs
[2025-03-24T08:32:33.983+0000] {logging_mixin.py:190} INFO - [2025-03-24T08:32:33.983+0000] {dag.py:4180} INFO - Setting next_dagrun for example_complex to None, run_after=None
[2025-03-24T08:32:34.004+0000] {processor.py:208} INFO - Processing /home/airflow/.local/lib/python3.12/site-packages/airflow/example_dags/example_complex.py took 0.103 seconds
[2025-03-24T08:33:05.645+0000] {processor.py:186} INFO - Started process (PID=2941) to work on /home/airflow/.local/lib/python3.12/site-packages/airflow/example_dags/example_complex.py
[2025-03-24T08:33:05.646+0000] {processor.py:914} INFO - Processing file /home/airflow/.local/lib/python3.12/site-packages/airflow/example_dags/example_complex.py for tasks to queue
[2025-03-24T08:33:05.648+0000] {logging_mixin.py:190} INFO - [2025-03-24T08:33:05.648+0000] {dagbag.py:588} INFO - Filling up the DagBag from /home/airflow/.local/lib/python3.12/site-packages/airflow/example_dags/example_complex.py
[2025-03-24T08:33:05.663+0000] {processor.py:925} INFO - DAG(s) 'example_complex' retrieved from /home/airflow/.local/lib/python3.12/site-packages/airflow/example_dags/example_complex.py
[2025-03-24T08:33:05.700+0000] {logging_mixin.py:190} INFO - [2025-03-24T08:33:05.700+0000] {dag.py:3239} INFO - Sync 1 DAGs
[2025-03-24T08:33:05.716+0000] {logging_mixin.py:190} INFO - [2025-03-24T08:33:05.716+0000] {dag.py:4180} INFO - Setting next_dagrun for example_complex to None, run_after=None
[2025-03-24T08:33:05.740+0000] {processor.py:208} INFO - Processing /home/airflow/.local/lib/python3.12/site-packages/airflow/example_dags/example_complex.py took 0.103 seconds
