[2025-03-24T08:10:14.582+0000] {processor.py:186} INFO - Started process (PID=111) to work on /home/airflow/.local/lib/python3.12/site-packages/airflow/example_dags/example_external_task_marker_dag.py
[2025-03-24T08:10:14.583+0000] {processor.py:914} INFO - Processing file /home/airflow/.local/lib/python3.12/site-packages/airflow/example_dags/example_external_task_marker_dag.py for tasks to queue
[2025-03-24T08:10:14.586+0000] {logging_mixin.py:190} INFO - [2025-03-24T08:10:14.586+0000] {dagbag.py:588} INFO - Filling up the DagBag from /home/airflow/.local/lib/python3.12/site-packages/airflow/example_dags/example_external_task_marker_dag.py
[2025-03-24T08:10:14.598+0000] {processor.py:925} INFO - DAG(s) 'example_external_task_marker_parent', 'example_external_task_marker_child' retrieved from /home/airflow/.local/lib/python3.12/site-packages/airflow/example_dags/example_external_task_marker_dag.py
[2025-03-24T08:10:14.712+0000] {logging_mixin.py:190} INFO - [2025-03-24T08:10:14.711+0000] {override.py:1912} INFO - Created Permission View: can read on DAG:example_external_task_marker_parent
[2025-03-24T08:10:14.723+0000] {logging_mixin.py:190} INFO - [2025-03-24T08:10:14.723+0000] {override.py:1912} INFO - Created Permission View: can delete on DAG:example_external_task_marker_parent
[2025-03-24T08:10:14.731+0000] {logging_mixin.py:190} INFO - [2025-03-24T08:10:14.731+0000] {override.py:1912} INFO - Created Permission View: can edit on DAG:example_external_task_marker_parent
[2025-03-24T08:10:14.741+0000] {logging_mixin.py:190} INFO - [2025-03-24T08:10:14.741+0000] {override.py:1912} INFO - Created Permission View: can create on DAG Run:example_external_task_marker_parent
[2025-03-24T08:10:14.750+0000] {logging_mixin.py:190} INFO - [2025-03-24T08:10:14.750+0000] {override.py:1912} INFO - Created Permission View: menu access on DAG Run:example_external_task_marker_parent
[2025-03-24T08:10:14.758+0000] {logging_mixin.py:190} INFO - [2025-03-24T08:10:14.758+0000] {override.py:1912} INFO - Created Permission View: can read on DAG Run:example_external_task_marker_parent
[2025-03-24T08:10:14.766+0000] {logging_mixin.py:190} INFO - [2025-03-24T08:10:14.766+0000] {override.py:1912} INFO - Created Permission View: can delete on DAG Run:example_external_task_marker_parent
[2025-03-24T08:10:14.783+0000] {logging_mixin.py:190} INFO - [2025-03-24T08:10:14.783+0000] {override.py:1912} INFO - Created Permission View: can read on DAG:example_external_task_marker_child
[2025-03-24T08:10:14.791+0000] {logging_mixin.py:190} INFO - [2025-03-24T08:10:14.791+0000] {override.py:1912} INFO - Created Permission View: can delete on DAG:example_external_task_marker_child
[2025-03-24T08:10:14.801+0000] {logging_mixin.py:190} INFO - [2025-03-24T08:10:14.801+0000] {override.py:1912} INFO - Created Permission View: can edit on DAG:example_external_task_marker_child
[2025-03-24T08:10:14.813+0000] {logging_mixin.py:190} INFO - [2025-03-24T08:10:14.812+0000] {override.py:1912} INFO - Created Permission View: can create on DAG Run:example_external_task_marker_child
[2025-03-24T08:10:14.822+0000] {logging_mixin.py:190} INFO - [2025-03-24T08:10:14.821+0000] {override.py:1912} INFO - Created Permission View: menu access on DAG Run:example_external_task_marker_child
[2025-03-24T08:10:14.830+0000] {logging_mixin.py:190} INFO - [2025-03-24T08:10:14.830+0000] {override.py:1912} INFO - Created Permission View: can read on DAG Run:example_external_task_marker_child
[2025-03-24T08:10:14.838+0000] {logging_mixin.py:190} INFO - [2025-03-24T08:10:14.838+0000] {override.py:1912} INFO - Created Permission View: can delete on DAG Run:example_external_task_marker_child
[2025-03-24T08:10:14.839+0000] {logging_mixin.py:190} INFO - [2025-03-24T08:10:14.839+0000] {dag.py:3239} INFO - Sync 2 DAGs
[2025-03-24T08:10:14.855+0000] {logging_mixin.py:190} INFO - [2025-03-24T08:10:14.855+0000] {dag.py:3262} INFO - Creating ORM DAG for example_external_task_marker_parent
[2025-03-24T08:10:14.856+0000] {logging_mixin.py:190} INFO - [2025-03-24T08:10:14.856+0000] {dag.py:3262} INFO - Creating ORM DAG for example_external_task_marker_child
[2025-03-24T08:10:14.857+0000] {logging_mixin.py:190} INFO - [2025-03-24T08:10:14.857+0000] {dag.py:4180} INFO - Setting next_dagrun for example_external_task_marker_child to None, run_after=None
[2025-03-24T08:10:14.859+0000] {logging_mixin.py:190} INFO - [2025-03-24T08:10:14.858+0000] {dag.py:4180} INFO - Setting next_dagrun for example_external_task_marker_parent to None, run_after=None
[2025-03-24T08:10:14.879+0000] {processor.py:208} INFO - Processing /home/airflow/.local/lib/python3.12/site-packages/airflow/example_dags/example_external_task_marker_dag.py took 0.304 seconds
[2025-03-24T08:10:45.012+0000] {processor.py:186} INFO - Started process (PID=175) to work on /home/airflow/.local/lib/python3.12/site-packages/airflow/example_dags/example_external_task_marker_dag.py
[2025-03-24T08:10:45.013+0000] {processor.py:914} INFO - Processing file /home/airflow/.local/lib/python3.12/site-packages/airflow/example_dags/example_external_task_marker_dag.py for tasks to queue
[2025-03-24T08:10:45.016+0000] {logging_mixin.py:190} INFO - [2025-03-24T08:10:45.016+0000] {dagbag.py:588} INFO - Filling up the DagBag from /home/airflow/.local/lib/python3.12/site-packages/airflow/example_dags/example_external_task_marker_dag.py
[2025-03-24T08:10:45.026+0000] {processor.py:925} INFO - DAG(s) 'example_external_task_marker_parent', 'example_external_task_marker_child' retrieved from /home/airflow/.local/lib/python3.12/site-packages/airflow/example_dags/example_external_task_marker_dag.py
[2025-03-24T08:10:45.054+0000] {logging_mixin.py:190} INFO - [2025-03-24T08:10:45.053+0000] {dag.py:3239} INFO - Sync 2 DAGs
[2025-03-24T08:10:45.073+0000] {logging_mixin.py:190} INFO - [2025-03-24T08:10:45.072+0000] {dag.py:4180} INFO - Setting next_dagrun for example_external_task_marker_child to None, run_after=None
[2025-03-24T08:10:45.078+0000] {logging_mixin.py:190} INFO - [2025-03-24T08:10:45.077+0000] {dag.py:4180} INFO - Setting next_dagrun for example_external_task_marker_parent to None, run_after=None
[2025-03-24T08:10:45.100+0000] {processor.py:208} INFO - Processing /home/airflow/.local/lib/python3.12/site-packages/airflow/example_dags/example_external_task_marker_dag.py took 0.094 seconds
[2025-03-24T08:11:16.134+0000] {processor.py:186} INFO - Started process (PID=239) to work on /home/airflow/.local/lib/python3.12/site-packages/airflow/example_dags/example_external_task_marker_dag.py
[2025-03-24T08:11:16.135+0000] {processor.py:914} INFO - Processing file /home/airflow/.local/lib/python3.12/site-packages/airflow/example_dags/example_external_task_marker_dag.py for tasks to queue
[2025-03-24T08:11:16.138+0000] {logging_mixin.py:190} INFO - [2025-03-24T08:11:16.137+0000] {dagbag.py:588} INFO - Filling up the DagBag from /home/airflow/.local/lib/python3.12/site-packages/airflow/example_dags/example_external_task_marker_dag.py
[2025-03-24T08:11:16.147+0000] {processor.py:925} INFO - DAG(s) 'example_external_task_marker_child', 'example_external_task_marker_parent' retrieved from /home/airflow/.local/lib/python3.12/site-packages/airflow/example_dags/example_external_task_marker_dag.py
[2025-03-24T08:11:16.175+0000] {logging_mixin.py:190} INFO - [2025-03-24T08:11:16.175+0000] {dag.py:3239} INFO - Sync 2 DAGs
[2025-03-24T08:11:16.194+0000] {logging_mixin.py:190} INFO - [2025-03-24T08:11:16.194+0000] {dag.py:4180} INFO - Setting next_dagrun for example_external_task_marker_child to None, run_after=None
[2025-03-24T08:11:16.198+0000] {logging_mixin.py:190} INFO - [2025-03-24T08:11:16.198+0000] {dag.py:4180} INFO - Setting next_dagrun for example_external_task_marker_parent to None, run_after=None
[2025-03-24T08:11:16.217+0000] {processor.py:208} INFO - Processing /home/airflow/.local/lib/python3.12/site-packages/airflow/example_dags/example_external_task_marker_dag.py took 0.090 seconds
[2025-03-24T08:11:47.692+0000] {processor.py:186} INFO - Started process (PID=303) to work on /home/airflow/.local/lib/python3.12/site-packages/airflow/example_dags/example_external_task_marker_dag.py
[2025-03-24T08:11:47.693+0000] {processor.py:914} INFO - Processing file /home/airflow/.local/lib/python3.12/site-packages/airflow/example_dags/example_external_task_marker_dag.py for tasks to queue
[2025-03-24T08:11:47.696+0000] {logging_mixin.py:190} INFO - [2025-03-24T08:11:47.696+0000] {dagbag.py:588} INFO - Filling up the DagBag from /home/airflow/.local/lib/python3.12/site-packages/airflow/example_dags/example_external_task_marker_dag.py
[2025-03-24T08:11:47.705+0000] {processor.py:925} INFO - DAG(s) 'example_external_task_marker_child', 'example_external_task_marker_parent' retrieved from /home/airflow/.local/lib/python3.12/site-packages/airflow/example_dags/example_external_task_marker_dag.py
[2025-03-24T08:11:47.730+0000] {logging_mixin.py:190} INFO - [2025-03-24T08:11:47.730+0000] {dag.py:3239} INFO - Sync 2 DAGs
[2025-03-24T08:11:47.747+0000] {logging_mixin.py:190} INFO - [2025-03-24T08:11:47.747+0000] {dag.py:4180} INFO - Setting next_dagrun for example_external_task_marker_child to None, run_after=None
[2025-03-24T08:11:47.752+0000] {logging_mixin.py:190} INFO - [2025-03-24T08:11:47.751+0000] {dag.py:4180} INFO - Setting next_dagrun for example_external_task_marker_parent to None, run_after=None
[2025-03-24T08:11:47.770+0000] {processor.py:208} INFO - Processing /home/airflow/.local/lib/python3.12/site-packages/airflow/example_dags/example_external_task_marker_dag.py took 0.084 seconds
[2025-03-24T08:12:18.578+0000] {processor.py:186} INFO - Started process (PID=367) to work on /home/airflow/.local/lib/python3.12/site-packages/airflow/example_dags/example_external_task_marker_dag.py
[2025-03-24T08:12:18.579+0000] {processor.py:914} INFO - Processing file /home/airflow/.local/lib/python3.12/site-packages/airflow/example_dags/example_external_task_marker_dag.py for tasks to queue
[2025-03-24T08:12:18.582+0000] {logging_mixin.py:190} INFO - [2025-03-24T08:12:18.581+0000] {dagbag.py:588} INFO - Filling up the DagBag from /home/airflow/.local/lib/python3.12/site-packages/airflow/example_dags/example_external_task_marker_dag.py
[2025-03-24T08:12:18.590+0000] {processor.py:925} INFO - DAG(s) 'example_external_task_marker_child', 'example_external_task_marker_parent' retrieved from /home/airflow/.local/lib/python3.12/site-packages/airflow/example_dags/example_external_task_marker_dag.py
[2025-03-24T08:12:18.614+0000] {logging_mixin.py:190} INFO - [2025-03-24T08:12:18.614+0000] {dag.py:3239} INFO - Sync 2 DAGs
[2025-03-24T08:12:18.631+0000] {logging_mixin.py:190} INFO - [2025-03-24T08:12:18.631+0000] {dag.py:4180} INFO - Setting next_dagrun for example_external_task_marker_child to None, run_after=None
[2025-03-24T08:12:18.635+0000] {logging_mixin.py:190} INFO - [2025-03-24T08:12:18.635+0000] {dag.py:4180} INFO - Setting next_dagrun for example_external_task_marker_parent to None, run_after=None
[2025-03-24T08:12:18.655+0000] {processor.py:208} INFO - Processing /home/airflow/.local/lib/python3.12/site-packages/airflow/example_dags/example_external_task_marker_dag.py took 0.084 seconds
[2025-03-24T08:12:49.882+0000] {processor.py:186} INFO - Started process (PID=431) to work on /home/airflow/.local/lib/python3.12/site-packages/airflow/example_dags/example_external_task_marker_dag.py
[2025-03-24T08:12:49.883+0000] {processor.py:914} INFO - Processing file /home/airflow/.local/lib/python3.12/site-packages/airflow/example_dags/example_external_task_marker_dag.py for tasks to queue
[2025-03-24T08:12:49.885+0000] {logging_mixin.py:190} INFO - [2025-03-24T08:12:49.885+0000] {dagbag.py:588} INFO - Filling up the DagBag from /home/airflow/.local/lib/python3.12/site-packages/airflow/example_dags/example_external_task_marker_dag.py
[2025-03-24T08:12:49.894+0000] {processor.py:925} INFO - DAG(s) 'example_external_task_marker_child', 'example_external_task_marker_parent' retrieved from /home/airflow/.local/lib/python3.12/site-packages/airflow/example_dags/example_external_task_marker_dag.py
[2025-03-24T08:12:49.919+0000] {logging_mixin.py:190} INFO - [2025-03-24T08:12:49.919+0000] {dag.py:3239} INFO - Sync 2 DAGs
[2025-03-24T08:12:49.936+0000] {logging_mixin.py:190} INFO - [2025-03-24T08:12:49.936+0000] {dag.py:4180} INFO - Setting next_dagrun for example_external_task_marker_child to None, run_after=None
[2025-03-24T08:12:49.941+0000] {logging_mixin.py:190} INFO - [2025-03-24T08:12:49.941+0000] {dag.py:4180} INFO - Setting next_dagrun for example_external_task_marker_parent to None, run_after=None
[2025-03-24T08:12:49.960+0000] {processor.py:208} INFO - Processing /home/airflow/.local/lib/python3.12/site-packages/airflow/example_dags/example_external_task_marker_dag.py took 0.085 seconds
[2025-03-24T08:13:20.954+0000] {processor.py:186} INFO - Started process (PID=495) to work on /home/airflow/.local/lib/python3.12/site-packages/airflow/example_dags/example_external_task_marker_dag.py
[2025-03-24T08:13:20.955+0000] {processor.py:914} INFO - Processing file /home/airflow/.local/lib/python3.12/site-packages/airflow/example_dags/example_external_task_marker_dag.py for tasks to queue
[2025-03-24T08:13:20.957+0000] {logging_mixin.py:190} INFO - [2025-03-24T08:13:20.957+0000] {dagbag.py:588} INFO - Filling up the DagBag from /home/airflow/.local/lib/python3.12/site-packages/airflow/example_dags/example_external_task_marker_dag.py
[2025-03-24T08:13:20.966+0000] {processor.py:925} INFO - DAG(s) 'example_external_task_marker_child', 'example_external_task_marker_parent' retrieved from /home/airflow/.local/lib/python3.12/site-packages/airflow/example_dags/example_external_task_marker_dag.py
[2025-03-24T08:13:20.990+0000] {logging_mixin.py:190} INFO - [2025-03-24T08:13:20.990+0000] {dag.py:3239} INFO - Sync 2 DAGs
[2025-03-24T08:13:21.006+0000] {logging_mixin.py:190} INFO - [2025-03-24T08:13:21.006+0000] {dag.py:4180} INFO - Setting next_dagrun for example_external_task_marker_child to None, run_after=None
[2025-03-24T08:13:21.010+0000] {logging_mixin.py:190} INFO - [2025-03-24T08:13:21.010+0000] {dag.py:4180} INFO - Setting next_dagrun for example_external_task_marker_parent to None, run_after=None
[2025-03-24T08:13:21.029+0000] {processor.py:208} INFO - Processing /home/airflow/.local/lib/python3.12/site-packages/airflow/example_dags/example_external_task_marker_dag.py took 0.082 seconds
[2025-03-24T08:13:51.971+0000] {processor.py:186} INFO - Started process (PID=559) to work on /home/airflow/.local/lib/python3.12/site-packages/airflow/example_dags/example_external_task_marker_dag.py
[2025-03-24T08:13:51.973+0000] {processor.py:914} INFO - Processing file /home/airflow/.local/lib/python3.12/site-packages/airflow/example_dags/example_external_task_marker_dag.py for tasks to queue
[2025-03-24T08:13:51.976+0000] {logging_mixin.py:190} INFO - [2025-03-24T08:13:51.975+0000] {dagbag.py:588} INFO - Filling up the DagBag from /home/airflow/.local/lib/python3.12/site-packages/airflow/example_dags/example_external_task_marker_dag.py
[2025-03-24T08:13:51.985+0000] {processor.py:925} INFO - DAG(s) 'example_external_task_marker_parent', 'example_external_task_marker_child' retrieved from /home/airflow/.local/lib/python3.12/site-packages/airflow/example_dags/example_external_task_marker_dag.py
[2025-03-24T08:13:52.013+0000] {logging_mixin.py:190} INFO - [2025-03-24T08:13:52.013+0000] {dag.py:3239} INFO - Sync 2 DAGs
[2025-03-24T08:13:52.031+0000] {logging_mixin.py:190} INFO - [2025-03-24T08:13:52.031+0000] {dag.py:4180} INFO - Setting next_dagrun for example_external_task_marker_child to None, run_after=None
[2025-03-24T08:13:52.036+0000] {logging_mixin.py:190} INFO - [2025-03-24T08:13:52.035+0000] {dag.py:4180} INFO - Setting next_dagrun for example_external_task_marker_parent to None, run_after=None
[2025-03-24T08:13:52.054+0000] {processor.py:208} INFO - Processing /home/airflow/.local/lib/python3.12/site-packages/airflow/example_dags/example_external_task_marker_dag.py took 0.089 seconds
[2025-03-24T08:14:23.095+0000] {processor.py:186} INFO - Started process (PID=623) to work on /home/airflow/.local/lib/python3.12/site-packages/airflow/example_dags/example_external_task_marker_dag.py
[2025-03-24T08:14:23.096+0000] {processor.py:914} INFO - Processing file /home/airflow/.local/lib/python3.12/site-packages/airflow/example_dags/example_external_task_marker_dag.py for tasks to queue
[2025-03-24T08:14:23.098+0000] {logging_mixin.py:190} INFO - [2025-03-24T08:14:23.098+0000] {dagbag.py:588} INFO - Filling up the DagBag from /home/airflow/.local/lib/python3.12/site-packages/airflow/example_dags/example_external_task_marker_dag.py
[2025-03-24T08:14:23.107+0000] {processor.py:925} INFO - DAG(s) 'example_external_task_marker_parent', 'example_external_task_marker_child' retrieved from /home/airflow/.local/lib/python3.12/site-packages/airflow/example_dags/example_external_task_marker_dag.py
[2025-03-24T08:14:23.144+0000] {logging_mixin.py:190} INFO - [2025-03-24T08:14:23.144+0000] {dag.py:3239} INFO - Sync 2 DAGs
[2025-03-24T08:14:23.162+0000] {logging_mixin.py:190} INFO - [2025-03-24T08:14:23.162+0000] {dag.py:4180} INFO - Setting next_dagrun for example_external_task_marker_child to None, run_after=None
[2025-03-24T08:14:23.167+0000] {logging_mixin.py:190} INFO - [2025-03-24T08:14:23.166+0000] {dag.py:4180} INFO - Setting next_dagrun for example_external_task_marker_parent to None, run_after=None
[2025-03-24T08:14:23.185+0000] {processor.py:208} INFO - Processing /home/airflow/.local/lib/python3.12/site-packages/airflow/example_dags/example_external_task_marker_dag.py took 0.098 seconds
[2025-03-24T08:14:54.101+0000] {processor.py:186} INFO - Started process (PID=687) to work on /home/airflow/.local/lib/python3.12/site-packages/airflow/example_dags/example_external_task_marker_dag.py
[2025-03-24T08:14:54.102+0000] {processor.py:914} INFO - Processing file /home/airflow/.local/lib/python3.12/site-packages/airflow/example_dags/example_external_task_marker_dag.py for tasks to queue
[2025-03-24T08:14:54.104+0000] {logging_mixin.py:190} INFO - [2025-03-24T08:14:54.104+0000] {dagbag.py:588} INFO - Filling up the DagBag from /home/airflow/.local/lib/python3.12/site-packages/airflow/example_dags/example_external_task_marker_dag.py
[2025-03-24T08:14:54.113+0000] {processor.py:925} INFO - DAG(s) 'example_external_task_marker_parent', 'example_external_task_marker_child' retrieved from /home/airflow/.local/lib/python3.12/site-packages/airflow/example_dags/example_external_task_marker_dag.py
[2025-03-24T08:14:54.138+0000] {logging_mixin.py:190} INFO - [2025-03-24T08:14:54.138+0000] {dag.py:3239} INFO - Sync 2 DAGs
[2025-03-24T08:14:54.156+0000] {logging_mixin.py:190} INFO - [2025-03-24T08:14:54.155+0000] {dag.py:4180} INFO - Setting next_dagrun for example_external_task_marker_child to None, run_after=None
[2025-03-24T08:14:54.160+0000] {logging_mixin.py:190} INFO - [2025-03-24T08:14:54.160+0000] {dag.py:4180} INFO - Setting next_dagrun for example_external_task_marker_parent to None, run_after=None
[2025-03-24T08:14:54.180+0000] {processor.py:208} INFO - Processing /home/airflow/.local/lib/python3.12/site-packages/airflow/example_dags/example_external_task_marker_dag.py took 0.086 seconds
[2025-03-24T08:15:25.347+0000] {processor.py:186} INFO - Started process (PID=751) to work on /home/airflow/.local/lib/python3.12/site-packages/airflow/example_dags/example_external_task_marker_dag.py
[2025-03-24T08:15:25.349+0000] {processor.py:914} INFO - Processing file /home/airflow/.local/lib/python3.12/site-packages/airflow/example_dags/example_external_task_marker_dag.py for tasks to queue
[2025-03-24T08:15:25.351+0000] {logging_mixin.py:190} INFO - [2025-03-24T08:15:25.351+0000] {dagbag.py:588} INFO - Filling up the DagBag from /home/airflow/.local/lib/python3.12/site-packages/airflow/example_dags/example_external_task_marker_dag.py
[2025-03-24T08:15:25.360+0000] {processor.py:925} INFO - DAG(s) 'example_external_task_marker_parent', 'example_external_task_marker_child' retrieved from /home/airflow/.local/lib/python3.12/site-packages/airflow/example_dags/example_external_task_marker_dag.py
[2025-03-24T08:15:25.385+0000] {logging_mixin.py:190} INFO - [2025-03-24T08:15:25.385+0000] {dag.py:3239} INFO - Sync 2 DAGs
[2025-03-24T08:15:25.401+0000] {logging_mixin.py:190} INFO - [2025-03-24T08:15:25.401+0000] {dag.py:4180} INFO - Setting next_dagrun for example_external_task_marker_child to None, run_after=None
[2025-03-24T08:15:25.406+0000] {logging_mixin.py:190} INFO - [2025-03-24T08:15:25.406+0000] {dag.py:4180} INFO - Setting next_dagrun for example_external_task_marker_parent to None, run_after=None
[2025-03-24T08:15:25.424+0000] {processor.py:208} INFO - Processing /home/airflow/.local/lib/python3.12/site-packages/airflow/example_dags/example_external_task_marker_dag.py took 0.083 seconds
[2025-03-24T08:15:56.149+0000] {processor.py:186} INFO - Started process (PID=815) to work on /home/airflow/.local/lib/python3.12/site-packages/airflow/example_dags/example_external_task_marker_dag.py
[2025-03-24T08:15:56.150+0000] {processor.py:914} INFO - Processing file /home/airflow/.local/lib/python3.12/site-packages/airflow/example_dags/example_external_task_marker_dag.py for tasks to queue
[2025-03-24T08:15:56.153+0000] {logging_mixin.py:190} INFO - [2025-03-24T08:15:56.152+0000] {dagbag.py:588} INFO - Filling up the DagBag from /home/airflow/.local/lib/python3.12/site-packages/airflow/example_dags/example_external_task_marker_dag.py
[2025-03-24T08:15:56.162+0000] {processor.py:925} INFO - DAG(s) 'example_external_task_marker_child', 'example_external_task_marker_parent' retrieved from /home/airflow/.local/lib/python3.12/site-packages/airflow/example_dags/example_external_task_marker_dag.py
[2025-03-24T08:15:56.187+0000] {logging_mixin.py:190} INFO - [2025-03-24T08:15:56.186+0000] {dag.py:3239} INFO - Sync 2 DAGs
[2025-03-24T08:15:56.203+0000] {logging_mixin.py:190} INFO - [2025-03-24T08:15:56.203+0000] {dag.py:4180} INFO - Setting next_dagrun for example_external_task_marker_child to None, run_after=None
[2025-03-24T08:15:56.208+0000] {logging_mixin.py:190} INFO - [2025-03-24T08:15:56.208+0000] {dag.py:4180} INFO - Setting next_dagrun for example_external_task_marker_parent to None, run_after=None
[2025-03-24T08:15:56.227+0000] {processor.py:208} INFO - Processing /home/airflow/.local/lib/python3.12/site-packages/airflow/example_dags/example_external_task_marker_dag.py took 0.085 seconds
[2025-03-24T08:16:27.365+0000] {processor.py:186} INFO - Started process (PID=879) to work on /home/airflow/.local/lib/python3.12/site-packages/airflow/example_dags/example_external_task_marker_dag.py
[2025-03-24T08:16:27.366+0000] {processor.py:914} INFO - Processing file /home/airflow/.local/lib/python3.12/site-packages/airflow/example_dags/example_external_task_marker_dag.py for tasks to queue
[2025-03-24T08:16:27.369+0000] {logging_mixin.py:190} INFO - [2025-03-24T08:16:27.368+0000] {dagbag.py:588} INFO - Filling up the DagBag from /home/airflow/.local/lib/python3.12/site-packages/airflow/example_dags/example_external_task_marker_dag.py
[2025-03-24T08:16:27.377+0000] {processor.py:925} INFO - DAG(s) 'example_external_task_marker_parent', 'example_external_task_marker_child' retrieved from /home/airflow/.local/lib/python3.12/site-packages/airflow/example_dags/example_external_task_marker_dag.py
[2025-03-24T08:16:27.404+0000] {logging_mixin.py:190} INFO - [2025-03-24T08:16:27.404+0000] {dag.py:3239} INFO - Sync 2 DAGs
[2025-03-24T08:16:27.422+0000] {logging_mixin.py:190} INFO - [2025-03-24T08:16:27.421+0000] {dag.py:4180} INFO - Setting next_dagrun for example_external_task_marker_child to None, run_after=None
[2025-03-24T08:16:27.427+0000] {logging_mixin.py:190} INFO - [2025-03-24T08:16:27.426+0000] {dag.py:4180} INFO - Setting next_dagrun for example_external_task_marker_parent to None, run_after=None
[2025-03-24T08:16:27.448+0000] {processor.py:208} INFO - Processing /home/airflow/.local/lib/python3.12/site-packages/airflow/example_dags/example_external_task_marker_dag.py took 0.090 seconds
[2025-03-24T08:16:58.650+0000] {processor.py:186} INFO - Started process (PID=943) to work on /home/airflow/.local/lib/python3.12/site-packages/airflow/example_dags/example_external_task_marker_dag.py
[2025-03-24T08:16:58.651+0000] {processor.py:914} INFO - Processing file /home/airflow/.local/lib/python3.12/site-packages/airflow/example_dags/example_external_task_marker_dag.py for tasks to queue
[2025-03-24T08:16:58.653+0000] {logging_mixin.py:190} INFO - [2025-03-24T08:16:58.653+0000] {dagbag.py:588} INFO - Filling up the DagBag from /home/airflow/.local/lib/python3.12/site-packages/airflow/example_dags/example_external_task_marker_dag.py
[2025-03-24T08:16:58.663+0000] {processor.py:925} INFO - DAG(s) 'example_external_task_marker_child', 'example_external_task_marker_parent' retrieved from /home/airflow/.local/lib/python3.12/site-packages/airflow/example_dags/example_external_task_marker_dag.py
[2025-03-24T08:16:58.690+0000] {logging_mixin.py:190} INFO - [2025-03-24T08:16:58.690+0000] {dag.py:3239} INFO - Sync 2 DAGs
[2025-03-24T08:16:58.707+0000] {logging_mixin.py:190} INFO - [2025-03-24T08:16:58.707+0000] {dag.py:4180} INFO - Setting next_dagrun for example_external_task_marker_child to None, run_after=None
[2025-03-24T08:16:58.713+0000] {logging_mixin.py:190} INFO - [2025-03-24T08:16:58.712+0000] {dag.py:4180} INFO - Setting next_dagrun for example_external_task_marker_parent to None, run_after=None
[2025-03-24T08:16:58.732+0000] {processor.py:208} INFO - Processing /home/airflow/.local/lib/python3.12/site-packages/airflow/example_dags/example_external_task_marker_dag.py took 0.089 seconds
[2025-03-24T08:17:29.723+0000] {processor.py:186} INFO - Started process (PID=1007) to work on /home/airflow/.local/lib/python3.12/site-packages/airflow/example_dags/example_external_task_marker_dag.py
[2025-03-24T08:17:29.724+0000] {processor.py:914} INFO - Processing file /home/airflow/.local/lib/python3.12/site-packages/airflow/example_dags/example_external_task_marker_dag.py for tasks to queue
[2025-03-24T08:17:29.727+0000] {logging_mixin.py:190} INFO - [2025-03-24T08:17:29.726+0000] {dagbag.py:588} INFO - Filling up the DagBag from /home/airflow/.local/lib/python3.12/site-packages/airflow/example_dags/example_external_task_marker_dag.py
[2025-03-24T08:17:29.737+0000] {processor.py:925} INFO - DAG(s) 'example_external_task_marker_child', 'example_external_task_marker_parent' retrieved from /home/airflow/.local/lib/python3.12/site-packages/airflow/example_dags/example_external_task_marker_dag.py
[2025-03-24T08:17:29.762+0000] {logging_mixin.py:190} INFO - [2025-03-24T08:17:29.762+0000] {dag.py:3239} INFO - Sync 2 DAGs
[2025-03-24T08:17:29.779+0000] {logging_mixin.py:190} INFO - [2025-03-24T08:17:29.779+0000] {dag.py:4180} INFO - Setting next_dagrun for example_external_task_marker_child to None, run_after=None
[2025-03-24T08:17:29.784+0000] {logging_mixin.py:190} INFO - [2025-03-24T08:17:29.784+0000] {dag.py:4180} INFO - Setting next_dagrun for example_external_task_marker_parent to None, run_after=None
[2025-03-24T08:17:29.805+0000] {processor.py:208} INFO - Processing /home/airflow/.local/lib/python3.12/site-packages/airflow/example_dags/example_external_task_marker_dag.py took 0.089 seconds
[2025-03-24T08:18:00.703+0000] {processor.py:186} INFO - Started process (PID=1071) to work on /home/airflow/.local/lib/python3.12/site-packages/airflow/example_dags/example_external_task_marker_dag.py
[2025-03-24T08:18:00.704+0000] {processor.py:914} INFO - Processing file /home/airflow/.local/lib/python3.12/site-packages/airflow/example_dags/example_external_task_marker_dag.py for tasks to queue
[2025-03-24T08:18:00.707+0000] {logging_mixin.py:190} INFO - [2025-03-24T08:18:00.706+0000] {dagbag.py:588} INFO - Filling up the DagBag from /home/airflow/.local/lib/python3.12/site-packages/airflow/example_dags/example_external_task_marker_dag.py
[2025-03-24T08:18:00.716+0000] {processor.py:925} INFO - DAG(s) 'example_external_task_marker_child', 'example_external_task_marker_parent' retrieved from /home/airflow/.local/lib/python3.12/site-packages/airflow/example_dags/example_external_task_marker_dag.py
[2025-03-24T08:18:00.740+0000] {logging_mixin.py:190} INFO - [2025-03-24T08:18:00.740+0000] {dag.py:3239} INFO - Sync 2 DAGs
[2025-03-24T08:18:00.757+0000] {logging_mixin.py:190} INFO - [2025-03-24T08:18:00.756+0000] {dag.py:4180} INFO - Setting next_dagrun for example_external_task_marker_child to None, run_after=None
[2025-03-24T08:18:00.761+0000] {logging_mixin.py:190} INFO - [2025-03-24T08:18:00.760+0000] {dag.py:4180} INFO - Setting next_dagrun for example_external_task_marker_parent to None, run_after=None
[2025-03-24T08:18:00.780+0000] {processor.py:208} INFO - Processing /home/airflow/.local/lib/python3.12/site-packages/airflow/example_dags/example_external_task_marker_dag.py took 0.084 seconds
[2025-03-24T08:18:31.684+0000] {processor.py:186} INFO - Started process (PID=1135) to work on /home/airflow/.local/lib/python3.12/site-packages/airflow/example_dags/example_external_task_marker_dag.py
[2025-03-24T08:18:31.685+0000] {processor.py:914} INFO - Processing file /home/airflow/.local/lib/python3.12/site-packages/airflow/example_dags/example_external_task_marker_dag.py for tasks to queue
[2025-03-24T08:18:31.688+0000] {logging_mixin.py:190} INFO - [2025-03-24T08:18:31.687+0000] {dagbag.py:588} INFO - Filling up the DagBag from /home/airflow/.local/lib/python3.12/site-packages/airflow/example_dags/example_external_task_marker_dag.py
[2025-03-24T08:18:31.696+0000] {processor.py:925} INFO - DAG(s) 'example_external_task_marker_child', 'example_external_task_marker_parent' retrieved from /home/airflow/.local/lib/python3.12/site-packages/airflow/example_dags/example_external_task_marker_dag.py
[2025-03-24T08:18:31.721+0000] {logging_mixin.py:190} INFO - [2025-03-24T08:18:31.721+0000] {dag.py:3239} INFO - Sync 2 DAGs
[2025-03-24T08:18:31.739+0000] {logging_mixin.py:190} INFO - [2025-03-24T08:18:31.738+0000] {dag.py:4180} INFO - Setting next_dagrun for example_external_task_marker_child to None, run_after=None
[2025-03-24T08:18:31.743+0000] {logging_mixin.py:190} INFO - [2025-03-24T08:18:31.743+0000] {dag.py:4180} INFO - Setting next_dagrun for example_external_task_marker_parent to None, run_after=None
[2025-03-24T08:18:31.762+0000] {processor.py:208} INFO - Processing /home/airflow/.local/lib/python3.12/site-packages/airflow/example_dags/example_external_task_marker_dag.py took 0.085 seconds
[2025-03-24T08:19:03.229+0000] {processor.py:186} INFO - Started process (PID=1199) to work on /home/airflow/.local/lib/python3.12/site-packages/airflow/example_dags/example_external_task_marker_dag.py
[2025-03-24T08:19:03.230+0000] {processor.py:914} INFO - Processing file /home/airflow/.local/lib/python3.12/site-packages/airflow/example_dags/example_external_task_marker_dag.py for tasks to queue
[2025-03-24T08:19:03.233+0000] {logging_mixin.py:190} INFO - [2025-03-24T08:19:03.232+0000] {dagbag.py:588} INFO - Filling up the DagBag from /home/airflow/.local/lib/python3.12/site-packages/airflow/example_dags/example_external_task_marker_dag.py
[2025-03-24T08:19:03.242+0000] {processor.py:925} INFO - DAG(s) 'example_external_task_marker_child', 'example_external_task_marker_parent' retrieved from /home/airflow/.local/lib/python3.12/site-packages/airflow/example_dags/example_external_task_marker_dag.py
[2025-03-24T08:19:03.268+0000] {logging_mixin.py:190} INFO - [2025-03-24T08:19:03.268+0000] {dag.py:3239} INFO - Sync 2 DAGs
[2025-03-24T08:19:03.286+0000] {logging_mixin.py:190} INFO - [2025-03-24T08:19:03.285+0000] {dag.py:4180} INFO - Setting next_dagrun for example_external_task_marker_child to None, run_after=None
[2025-03-24T08:19:03.290+0000] {logging_mixin.py:190} INFO - [2025-03-24T08:19:03.290+0000] {dag.py:4180} INFO - Setting next_dagrun for example_external_task_marker_parent to None, run_after=None
[2025-03-24T08:19:03.311+0000] {processor.py:208} INFO - Processing /home/airflow/.local/lib/python3.12/site-packages/airflow/example_dags/example_external_task_marker_dag.py took 0.089 seconds
[2025-03-24T08:19:34.446+0000] {processor.py:186} INFO - Started process (PID=1269) to work on /home/airflow/.local/lib/python3.12/site-packages/airflow/example_dags/example_external_task_marker_dag.py
[2025-03-24T08:19:34.447+0000] {processor.py:914} INFO - Processing file /home/airflow/.local/lib/python3.12/site-packages/airflow/example_dags/example_external_task_marker_dag.py for tasks to queue
[2025-03-24T08:19:34.449+0000] {logging_mixin.py:190} INFO - [2025-03-24T08:19:34.449+0000] {dagbag.py:588} INFO - Filling up the DagBag from /home/airflow/.local/lib/python3.12/site-packages/airflow/example_dags/example_external_task_marker_dag.py
[2025-03-24T08:19:34.459+0000] {processor.py:925} INFO - DAG(s) 'example_external_task_marker_parent', 'example_external_task_marker_child' retrieved from /home/airflow/.local/lib/python3.12/site-packages/airflow/example_dags/example_external_task_marker_dag.py
[2025-03-24T08:19:34.485+0000] {logging_mixin.py:190} INFO - [2025-03-24T08:19:34.484+0000] {dag.py:3239} INFO - Sync 2 DAGs
[2025-03-24T08:19:34.502+0000] {logging_mixin.py:190} INFO - [2025-03-24T08:19:34.501+0000] {dag.py:4180} INFO - Setting next_dagrun for example_external_task_marker_child to None, run_after=None
[2025-03-24T08:19:34.506+0000] {logging_mixin.py:190} INFO - [2025-03-24T08:19:34.506+0000] {dag.py:4180} INFO - Setting next_dagrun for example_external_task_marker_parent to None, run_after=None
[2025-03-24T08:19:34.525+0000] {processor.py:208} INFO - Processing /home/airflow/.local/lib/python3.12/site-packages/airflow/example_dags/example_external_task_marker_dag.py took 0.086 seconds
[2025-03-24T08:20:06.430+0000] {processor.py:186} INFO - Started process (PID=1333) to work on /home/airflow/.local/lib/python3.12/site-packages/airflow/example_dags/example_external_task_marker_dag.py
[2025-03-24T08:20:06.432+0000] {processor.py:914} INFO - Processing file /home/airflow/.local/lib/python3.12/site-packages/airflow/example_dags/example_external_task_marker_dag.py for tasks to queue
[2025-03-24T08:20:06.435+0000] {logging_mixin.py:190} INFO - [2025-03-24T08:20:06.434+0000] {dagbag.py:588} INFO - Filling up the DagBag from /home/airflow/.local/lib/python3.12/site-packages/airflow/example_dags/example_external_task_marker_dag.py
[2025-03-24T08:20:06.444+0000] {processor.py:925} INFO - DAG(s) 'example_external_task_marker_parent', 'example_external_task_marker_child' retrieved from /home/airflow/.local/lib/python3.12/site-packages/airflow/example_dags/example_external_task_marker_dag.py
[2025-03-24T08:20:06.472+0000] {logging_mixin.py:190} INFO - [2025-03-24T08:20:06.471+0000] {dag.py:3239} INFO - Sync 2 DAGs
[2025-03-24T08:20:06.490+0000] {logging_mixin.py:190} INFO - [2025-03-24T08:20:06.490+0000] {dag.py:4180} INFO - Setting next_dagrun for example_external_task_marker_child to None, run_after=None
[2025-03-24T08:20:06.496+0000] {logging_mixin.py:190} INFO - [2025-03-24T08:20:06.495+0000] {dag.py:4180} INFO - Setting next_dagrun for example_external_task_marker_parent to None, run_after=None
[2025-03-24T08:20:06.521+0000] {processor.py:208} INFO - Processing /home/airflow/.local/lib/python3.12/site-packages/airflow/example_dags/example_external_task_marker_dag.py took 0.099 seconds
[2025-03-24T08:20:37.392+0000] {processor.py:186} INFO - Started process (PID=1397) to work on /home/airflow/.local/lib/python3.12/site-packages/airflow/example_dags/example_external_task_marker_dag.py
[2025-03-24T08:20:37.393+0000] {processor.py:914} INFO - Processing file /home/airflow/.local/lib/python3.12/site-packages/airflow/example_dags/example_external_task_marker_dag.py for tasks to queue
[2025-03-24T08:20:37.397+0000] {logging_mixin.py:190} INFO - [2025-03-24T08:20:37.396+0000] {dagbag.py:588} INFO - Filling up the DagBag from /home/airflow/.local/lib/python3.12/site-packages/airflow/example_dags/example_external_task_marker_dag.py
[2025-03-24T08:20:37.406+0000] {processor.py:925} INFO - DAG(s) 'example_external_task_marker_parent', 'example_external_task_marker_child' retrieved from /home/airflow/.local/lib/python3.12/site-packages/airflow/example_dags/example_external_task_marker_dag.py
[2025-03-24T08:20:37.433+0000] {logging_mixin.py:190} INFO - [2025-03-24T08:20:37.433+0000] {dag.py:3239} INFO - Sync 2 DAGs
[2025-03-24T08:20:37.451+0000] {logging_mixin.py:190} INFO - [2025-03-24T08:20:37.450+0000] {dag.py:4180} INFO - Setting next_dagrun for example_external_task_marker_child to None, run_after=None
[2025-03-24T08:20:37.456+0000] {logging_mixin.py:190} INFO - [2025-03-24T08:20:37.455+0000] {dag.py:4180} INFO - Setting next_dagrun for example_external_task_marker_parent to None, run_after=None
[2025-03-24T08:20:37.474+0000] {processor.py:208} INFO - Processing /home/airflow/.local/lib/python3.12/site-packages/airflow/example_dags/example_external_task_marker_dag.py took 0.088 seconds
[2025-03-24T08:21:08.152+0000] {processor.py:186} INFO - Started process (PID=1461) to work on /home/airflow/.local/lib/python3.12/site-packages/airflow/example_dags/example_external_task_marker_dag.py
[2025-03-24T08:21:08.153+0000] {processor.py:914} INFO - Processing file /home/airflow/.local/lib/python3.12/site-packages/airflow/example_dags/example_external_task_marker_dag.py for tasks to queue
[2025-03-24T08:21:08.156+0000] {logging_mixin.py:190} INFO - [2025-03-24T08:21:08.155+0000] {dagbag.py:588} INFO - Filling up the DagBag from /home/airflow/.local/lib/python3.12/site-packages/airflow/example_dags/example_external_task_marker_dag.py
[2025-03-24T08:21:08.165+0000] {processor.py:925} INFO - DAG(s) 'example_external_task_marker_child', 'example_external_task_marker_parent' retrieved from /home/airflow/.local/lib/python3.12/site-packages/airflow/example_dags/example_external_task_marker_dag.py
[2025-03-24T08:21:08.189+0000] {logging_mixin.py:190} INFO - [2025-03-24T08:21:08.188+0000] {dag.py:3239} INFO - Sync 2 DAGs
[2025-03-24T08:21:08.205+0000] {logging_mixin.py:190} INFO - [2025-03-24T08:21:08.205+0000] {dag.py:4180} INFO - Setting next_dagrun for example_external_task_marker_child to None, run_after=None
[2025-03-24T08:21:08.210+0000] {logging_mixin.py:190} INFO - [2025-03-24T08:21:08.210+0000] {dag.py:4180} INFO - Setting next_dagrun for example_external_task_marker_parent to None, run_after=None
[2025-03-24T08:21:08.232+0000] {processor.py:208} INFO - Processing /home/airflow/.local/lib/python3.12/site-packages/airflow/example_dags/example_external_task_marker_dag.py took 0.086 seconds
[2025-03-24T08:21:39.542+0000] {processor.py:186} INFO - Started process (PID=1525) to work on /home/airflow/.local/lib/python3.12/site-packages/airflow/example_dags/example_external_task_marker_dag.py
[2025-03-24T08:21:39.544+0000] {processor.py:914} INFO - Processing file /home/airflow/.local/lib/python3.12/site-packages/airflow/example_dags/example_external_task_marker_dag.py for tasks to queue
[2025-03-24T08:21:39.553+0000] {logging_mixin.py:190} INFO - [2025-03-24T08:21:39.552+0000] {dagbag.py:588} INFO - Filling up the DagBag from /home/airflow/.local/lib/python3.12/site-packages/airflow/example_dags/example_external_task_marker_dag.py
[2025-03-24T08:21:39.565+0000] {processor.py:925} INFO - DAG(s) 'example_external_task_marker_parent', 'example_external_task_marker_child' retrieved from /home/airflow/.local/lib/python3.12/site-packages/airflow/example_dags/example_external_task_marker_dag.py
[2025-03-24T08:21:39.600+0000] {logging_mixin.py:190} INFO - [2025-03-24T08:21:39.599+0000] {dag.py:3239} INFO - Sync 2 DAGs
[2025-03-24T08:21:39.628+0000] {logging_mixin.py:190} INFO - [2025-03-24T08:21:39.628+0000] {dag.py:4180} INFO - Setting next_dagrun for example_external_task_marker_child to None, run_after=None
[2025-03-24T08:21:39.635+0000] {logging_mixin.py:190} INFO - [2025-03-24T08:21:39.635+0000] {dag.py:4180} INFO - Setting next_dagrun for example_external_task_marker_parent to None, run_after=None
[2025-03-24T08:21:39.660+0000] {processor.py:208} INFO - Processing /home/airflow/.local/lib/python3.12/site-packages/airflow/example_dags/example_external_task_marker_dag.py took 0.124 seconds
[2025-03-24T08:22:10.265+0000] {processor.py:186} INFO - Started process (PID=1589) to work on /home/airflow/.local/lib/python3.12/site-packages/airflow/example_dags/example_external_task_marker_dag.py
[2025-03-24T08:22:10.266+0000] {processor.py:914} INFO - Processing file /home/airflow/.local/lib/python3.12/site-packages/airflow/example_dags/example_external_task_marker_dag.py for tasks to queue
[2025-03-24T08:22:10.269+0000] {logging_mixin.py:190} INFO - [2025-03-24T08:22:10.268+0000] {dagbag.py:588} INFO - Filling up the DagBag from /home/airflow/.local/lib/python3.12/site-packages/airflow/example_dags/example_external_task_marker_dag.py
[2025-03-24T08:22:10.278+0000] {processor.py:925} INFO - DAG(s) 'example_external_task_marker_child', 'example_external_task_marker_parent' retrieved from /home/airflow/.local/lib/python3.12/site-packages/airflow/example_dags/example_external_task_marker_dag.py
[2025-03-24T08:22:10.303+0000] {logging_mixin.py:190} INFO - [2025-03-24T08:22:10.302+0000] {dag.py:3239} INFO - Sync 2 DAGs
[2025-03-24T08:22:10.319+0000] {logging_mixin.py:190} INFO - [2025-03-24T08:22:10.318+0000] {dag.py:4180} INFO - Setting next_dagrun for example_external_task_marker_child to None, run_after=None
[2025-03-24T08:22:10.323+0000] {logging_mixin.py:190} INFO - [2025-03-24T08:22:10.323+0000] {dag.py:4180} INFO - Setting next_dagrun for example_external_task_marker_parent to None, run_after=None
[2025-03-24T08:22:10.343+0000] {processor.py:208} INFO - Processing /home/airflow/.local/lib/python3.12/site-packages/airflow/example_dags/example_external_task_marker_dag.py took 0.084 seconds
[2025-03-24T08:22:41.292+0000] {processor.py:186} INFO - Started process (PID=1653) to work on /home/airflow/.local/lib/python3.12/site-packages/airflow/example_dags/example_external_task_marker_dag.py
[2025-03-24T08:22:41.293+0000] {processor.py:914} INFO - Processing file /home/airflow/.local/lib/python3.12/site-packages/airflow/example_dags/example_external_task_marker_dag.py for tasks to queue
[2025-03-24T08:22:41.297+0000] {logging_mixin.py:190} INFO - [2025-03-24T08:22:41.296+0000] {dagbag.py:588} INFO - Filling up the DagBag from /home/airflow/.local/lib/python3.12/site-packages/airflow/example_dags/example_external_task_marker_dag.py
[2025-03-24T08:22:41.305+0000] {processor.py:925} INFO - DAG(s) 'example_external_task_marker_parent', 'example_external_task_marker_child' retrieved from /home/airflow/.local/lib/python3.12/site-packages/airflow/example_dags/example_external_task_marker_dag.py
[2025-03-24T08:22:41.331+0000] {logging_mixin.py:190} INFO - [2025-03-24T08:22:41.331+0000] {dag.py:3239} INFO - Sync 2 DAGs
[2025-03-24T08:22:41.349+0000] {logging_mixin.py:190} INFO - [2025-03-24T08:22:41.349+0000] {dag.py:4180} INFO - Setting next_dagrun for example_external_task_marker_child to None, run_after=None
[2025-03-24T08:22:41.354+0000] {logging_mixin.py:190} INFO - [2025-03-24T08:22:41.354+0000] {dag.py:4180} INFO - Setting next_dagrun for example_external_task_marker_parent to None, run_after=None
[2025-03-24T08:22:41.374+0000] {processor.py:208} INFO - Processing /home/airflow/.local/lib/python3.12/site-packages/airflow/example_dags/example_external_task_marker_dag.py took 0.089 seconds
[2025-03-24T08:23:12.547+0000] {processor.py:186} INFO - Started process (PID=1717) to work on /home/airflow/.local/lib/python3.12/site-packages/airflow/example_dags/example_external_task_marker_dag.py
[2025-03-24T08:23:12.548+0000] {processor.py:914} INFO - Processing file /home/airflow/.local/lib/python3.12/site-packages/airflow/example_dags/example_external_task_marker_dag.py for tasks to queue
[2025-03-24T08:23:12.550+0000] {logging_mixin.py:190} INFO - [2025-03-24T08:23:12.550+0000] {dagbag.py:588} INFO - Filling up the DagBag from /home/airflow/.local/lib/python3.12/site-packages/airflow/example_dags/example_external_task_marker_dag.py
[2025-03-24T08:23:12.559+0000] {processor.py:925} INFO - DAG(s) 'example_external_task_marker_parent', 'example_external_task_marker_child' retrieved from /home/airflow/.local/lib/python3.12/site-packages/airflow/example_dags/example_external_task_marker_dag.py
[2025-03-24T08:23:12.584+0000] {logging_mixin.py:190} INFO - [2025-03-24T08:23:12.583+0000] {dag.py:3239} INFO - Sync 2 DAGs
[2025-03-24T08:23:12.601+0000] {logging_mixin.py:190} INFO - [2025-03-24T08:23:12.600+0000] {dag.py:4180} INFO - Setting next_dagrun for example_external_task_marker_child to None, run_after=None
[2025-03-24T08:23:12.605+0000] {logging_mixin.py:190} INFO - [2025-03-24T08:23:12.605+0000] {dag.py:4180} INFO - Setting next_dagrun for example_external_task_marker_parent to None, run_after=None
[2025-03-24T08:23:12.624+0000] {processor.py:208} INFO - Processing /home/airflow/.local/lib/python3.12/site-packages/airflow/example_dags/example_external_task_marker_dag.py took 0.085 seconds
[2025-03-24T08:23:43.851+0000] {processor.py:186} INFO - Started process (PID=1781) to work on /home/airflow/.local/lib/python3.12/site-packages/airflow/example_dags/example_external_task_marker_dag.py
[2025-03-24T08:23:43.852+0000] {processor.py:914} INFO - Processing file /home/airflow/.local/lib/python3.12/site-packages/airflow/example_dags/example_external_task_marker_dag.py for tasks to queue
[2025-03-24T08:23:43.855+0000] {logging_mixin.py:190} INFO - [2025-03-24T08:23:43.854+0000] {dagbag.py:588} INFO - Filling up the DagBag from /home/airflow/.local/lib/python3.12/site-packages/airflow/example_dags/example_external_task_marker_dag.py
[2025-03-24T08:23:43.864+0000] {processor.py:925} INFO - DAG(s) 'example_external_task_marker_child', 'example_external_task_marker_parent' retrieved from /home/airflow/.local/lib/python3.12/site-packages/airflow/example_dags/example_external_task_marker_dag.py
[2025-03-24T08:23:43.889+0000] {logging_mixin.py:190} INFO - [2025-03-24T08:23:43.889+0000] {dag.py:3239} INFO - Sync 2 DAGs
[2025-03-24T08:23:43.905+0000] {logging_mixin.py:190} INFO - [2025-03-24T08:23:43.905+0000] {dag.py:4180} INFO - Setting next_dagrun for example_external_task_marker_child to None, run_after=None
[2025-03-24T08:23:43.910+0000] {logging_mixin.py:190} INFO - [2025-03-24T08:23:43.910+0000] {dag.py:4180} INFO - Setting next_dagrun for example_external_task_marker_parent to None, run_after=None
[2025-03-24T08:23:43.929+0000] {processor.py:208} INFO - Processing /home/airflow/.local/lib/python3.12/site-packages/airflow/example_dags/example_external_task_marker_dag.py took 0.084 seconds
[2025-03-24T08:24:15.222+0000] {processor.py:186} INFO - Started process (PID=1845) to work on /home/airflow/.local/lib/python3.12/site-packages/airflow/example_dags/example_external_task_marker_dag.py
[2025-03-24T08:24:15.223+0000] {processor.py:914} INFO - Processing file /home/airflow/.local/lib/python3.12/site-packages/airflow/example_dags/example_external_task_marker_dag.py for tasks to queue
[2025-03-24T08:24:15.225+0000] {logging_mixin.py:190} INFO - [2025-03-24T08:24:15.225+0000] {dagbag.py:588} INFO - Filling up the DagBag from /home/airflow/.local/lib/python3.12/site-packages/airflow/example_dags/example_external_task_marker_dag.py
[2025-03-24T08:24:15.235+0000] {processor.py:925} INFO - DAG(s) 'example_external_task_marker_child', 'example_external_task_marker_parent' retrieved from /home/airflow/.local/lib/python3.12/site-packages/airflow/example_dags/example_external_task_marker_dag.py
[2025-03-24T08:24:15.263+0000] {logging_mixin.py:190} INFO - [2025-03-24T08:24:15.262+0000] {dag.py:3239} INFO - Sync 2 DAGs
[2025-03-24T08:24:15.280+0000] {logging_mixin.py:190} INFO - [2025-03-24T08:24:15.280+0000] {dag.py:4180} INFO - Setting next_dagrun for example_external_task_marker_child to None, run_after=None
[2025-03-24T08:24:15.285+0000] {logging_mixin.py:190} INFO - [2025-03-24T08:24:15.284+0000] {dag.py:4180} INFO - Setting next_dagrun for example_external_task_marker_parent to None, run_after=None
[2025-03-24T08:24:15.304+0000] {processor.py:208} INFO - Processing /home/airflow/.local/lib/python3.12/site-packages/airflow/example_dags/example_external_task_marker_dag.py took 0.089 seconds
[2025-03-24T08:24:46.496+0000] {processor.py:186} INFO - Started process (PID=1909) to work on /home/airflow/.local/lib/python3.12/site-packages/airflow/example_dags/example_external_task_marker_dag.py
[2025-03-24T08:24:46.498+0000] {processor.py:914} INFO - Processing file /home/airflow/.local/lib/python3.12/site-packages/airflow/example_dags/example_external_task_marker_dag.py for tasks to queue
[2025-03-24T08:24:46.500+0000] {logging_mixin.py:190} INFO - [2025-03-24T08:24:46.500+0000] {dagbag.py:588} INFO - Filling up the DagBag from /home/airflow/.local/lib/python3.12/site-packages/airflow/example_dags/example_external_task_marker_dag.py
[2025-03-24T08:24:46.509+0000] {processor.py:925} INFO - DAG(s) 'example_external_task_marker_parent', 'example_external_task_marker_child' retrieved from /home/airflow/.local/lib/python3.12/site-packages/airflow/example_dags/example_external_task_marker_dag.py
[2025-03-24T08:24:46.535+0000] {logging_mixin.py:190} INFO - [2025-03-24T08:24:46.535+0000] {dag.py:3239} INFO - Sync 2 DAGs
[2025-03-24T08:24:46.552+0000] {logging_mixin.py:190} INFO - [2025-03-24T08:24:46.552+0000] {dag.py:4180} INFO - Setting next_dagrun for example_external_task_marker_child to None, run_after=None
[2025-03-24T08:24:46.557+0000] {logging_mixin.py:190} INFO - [2025-03-24T08:24:46.557+0000] {dag.py:4180} INFO - Setting next_dagrun for example_external_task_marker_parent to None, run_after=None
[2025-03-24T08:24:46.576+0000] {processor.py:208} INFO - Processing /home/airflow/.local/lib/python3.12/site-packages/airflow/example_dags/example_external_task_marker_dag.py took 0.086 seconds
[2025-03-24T08:25:17.827+0000] {processor.py:186} INFO - Started process (PID=1973) to work on /home/airflow/.local/lib/python3.12/site-packages/airflow/example_dags/example_external_task_marker_dag.py
[2025-03-24T08:25:17.828+0000] {processor.py:914} INFO - Processing file /home/airflow/.local/lib/python3.12/site-packages/airflow/example_dags/example_external_task_marker_dag.py for tasks to queue
[2025-03-24T08:25:17.831+0000] {logging_mixin.py:190} INFO - [2025-03-24T08:25:17.831+0000] {dagbag.py:588} INFO - Filling up the DagBag from /home/airflow/.local/lib/python3.12/site-packages/airflow/example_dags/example_external_task_marker_dag.py
[2025-03-24T08:25:17.840+0000] {processor.py:925} INFO - DAG(s) 'example_external_task_marker_child', 'example_external_task_marker_parent' retrieved from /home/airflow/.local/lib/python3.12/site-packages/airflow/example_dags/example_external_task_marker_dag.py
[2025-03-24T08:25:17.866+0000] {logging_mixin.py:190} INFO - [2025-03-24T08:25:17.866+0000] {dag.py:3239} INFO - Sync 2 DAGs
[2025-03-24T08:25:17.883+0000] {logging_mixin.py:190} INFO - [2025-03-24T08:25:17.882+0000] {dag.py:4180} INFO - Setting next_dagrun for example_external_task_marker_child to None, run_after=None
[2025-03-24T08:25:17.889+0000] {logging_mixin.py:190} INFO - [2025-03-24T08:25:17.889+0000] {dag.py:4180} INFO - Setting next_dagrun for example_external_task_marker_parent to None, run_after=None
[2025-03-24T08:25:17.911+0000] {processor.py:208} INFO - Processing /home/airflow/.local/lib/python3.12/site-packages/airflow/example_dags/example_external_task_marker_dag.py took 0.091 seconds
[2025-03-24T08:25:49.005+0000] {processor.py:186} INFO - Started process (PID=2037) to work on /home/airflow/.local/lib/python3.12/site-packages/airflow/example_dags/example_external_task_marker_dag.py
[2025-03-24T08:25:49.007+0000] {processor.py:914} INFO - Processing file /home/airflow/.local/lib/python3.12/site-packages/airflow/example_dags/example_external_task_marker_dag.py for tasks to queue
[2025-03-24T08:25:49.009+0000] {logging_mixin.py:190} INFO - [2025-03-24T08:25:49.009+0000] {dagbag.py:588} INFO - Filling up the DagBag from /home/airflow/.local/lib/python3.12/site-packages/airflow/example_dags/example_external_task_marker_dag.py
[2025-03-24T08:25:49.018+0000] {processor.py:925} INFO - DAG(s) 'example_external_task_marker_parent', 'example_external_task_marker_child' retrieved from /home/airflow/.local/lib/python3.12/site-packages/airflow/example_dags/example_external_task_marker_dag.py
[2025-03-24T08:25:49.043+0000] {logging_mixin.py:190} INFO - [2025-03-24T08:25:49.042+0000] {dag.py:3239} INFO - Sync 2 DAGs
[2025-03-24T08:25:49.059+0000] {logging_mixin.py:190} INFO - [2025-03-24T08:25:49.059+0000] {dag.py:4180} INFO - Setting next_dagrun for example_external_task_marker_child to None, run_after=None
[2025-03-24T08:25:49.064+0000] {logging_mixin.py:190} INFO - [2025-03-24T08:25:49.064+0000] {dag.py:4180} INFO - Setting next_dagrun for example_external_task_marker_parent to None, run_after=None
[2025-03-24T08:25:49.084+0000] {processor.py:208} INFO - Processing /home/airflow/.local/lib/python3.12/site-packages/airflow/example_dags/example_external_task_marker_dag.py took 0.085 seconds
[2025-03-24T08:26:20.359+0000] {processor.py:186} INFO - Started process (PID=2101) to work on /home/airflow/.local/lib/python3.12/site-packages/airflow/example_dags/example_external_task_marker_dag.py
[2025-03-24T08:26:20.360+0000] {processor.py:914} INFO - Processing file /home/airflow/.local/lib/python3.12/site-packages/airflow/example_dags/example_external_task_marker_dag.py for tasks to queue
[2025-03-24T08:26:20.363+0000] {logging_mixin.py:190} INFO - [2025-03-24T08:26:20.363+0000] {dagbag.py:588} INFO - Filling up the DagBag from /home/airflow/.local/lib/python3.12/site-packages/airflow/example_dags/example_external_task_marker_dag.py
[2025-03-24T08:26:20.372+0000] {processor.py:925} INFO - DAG(s) 'example_external_task_marker_child', 'example_external_task_marker_parent' retrieved from /home/airflow/.local/lib/python3.12/site-packages/airflow/example_dags/example_external_task_marker_dag.py
[2025-03-24T08:26:20.397+0000] {logging_mixin.py:190} INFO - [2025-03-24T08:26:20.396+0000] {dag.py:3239} INFO - Sync 2 DAGs
[2025-03-24T08:26:20.413+0000] {logging_mixin.py:190} INFO - [2025-03-24T08:26:20.413+0000] {dag.py:4180} INFO - Setting next_dagrun for example_external_task_marker_child to None, run_after=None
[2025-03-24T08:26:20.418+0000] {logging_mixin.py:190} INFO - [2025-03-24T08:26:20.418+0000] {dag.py:4180} INFO - Setting next_dagrun for example_external_task_marker_parent to None, run_after=None
[2025-03-24T08:26:20.438+0000] {processor.py:208} INFO - Processing /home/airflow/.local/lib/python3.12/site-packages/airflow/example_dags/example_external_task_marker_dag.py took 0.086 seconds
[2025-03-24T08:26:51.622+0000] {processor.py:186} INFO - Started process (PID=2165) to work on /home/airflow/.local/lib/python3.12/site-packages/airflow/example_dags/example_external_task_marker_dag.py
[2025-03-24T08:26:51.623+0000] {processor.py:914} INFO - Processing file /home/airflow/.local/lib/python3.12/site-packages/airflow/example_dags/example_external_task_marker_dag.py for tasks to queue
[2025-03-24T08:26:51.626+0000] {logging_mixin.py:190} INFO - [2025-03-24T08:26:51.625+0000] {dagbag.py:588} INFO - Filling up the DagBag from /home/airflow/.local/lib/python3.12/site-packages/airflow/example_dags/example_external_task_marker_dag.py
[2025-03-24T08:26:51.634+0000] {processor.py:925} INFO - DAG(s) 'example_external_task_marker_child', 'example_external_task_marker_parent' retrieved from /home/airflow/.local/lib/python3.12/site-packages/airflow/example_dags/example_external_task_marker_dag.py
[2025-03-24T08:26:51.658+0000] {logging_mixin.py:190} INFO - [2025-03-24T08:26:51.658+0000] {dag.py:3239} INFO - Sync 2 DAGs
[2025-03-24T08:26:51.674+0000] {logging_mixin.py:190} INFO - [2025-03-24T08:26:51.674+0000] {dag.py:4180} INFO - Setting next_dagrun for example_external_task_marker_child to None, run_after=None
[2025-03-24T08:26:51.679+0000] {logging_mixin.py:190} INFO - [2025-03-24T08:26:51.679+0000] {dag.py:4180} INFO - Setting next_dagrun for example_external_task_marker_parent to None, run_after=None
[2025-03-24T08:26:51.698+0000] {processor.py:208} INFO - Processing /home/airflow/.local/lib/python3.12/site-packages/airflow/example_dags/example_external_task_marker_dag.py took 0.082 seconds
[2025-03-24T08:27:22.853+0000] {processor.py:186} INFO - Started process (PID=2229) to work on /home/airflow/.local/lib/python3.12/site-packages/airflow/example_dags/example_external_task_marker_dag.py
[2025-03-24T08:27:22.854+0000] {processor.py:914} INFO - Processing file /home/airflow/.local/lib/python3.12/site-packages/airflow/example_dags/example_external_task_marker_dag.py for tasks to queue
[2025-03-24T08:27:22.857+0000] {logging_mixin.py:190} INFO - [2025-03-24T08:27:22.857+0000] {dagbag.py:588} INFO - Filling up the DagBag from /home/airflow/.local/lib/python3.12/site-packages/airflow/example_dags/example_external_task_marker_dag.py
[2025-03-24T08:27:22.866+0000] {processor.py:925} INFO - DAG(s) 'example_external_task_marker_child', 'example_external_task_marker_parent' retrieved from /home/airflow/.local/lib/python3.12/site-packages/airflow/example_dags/example_external_task_marker_dag.py
[2025-03-24T08:27:22.890+0000] {logging_mixin.py:190} INFO - [2025-03-24T08:27:22.890+0000] {dag.py:3239} INFO - Sync 2 DAGs
[2025-03-24T08:27:22.919+0000] {logging_mixin.py:190} INFO - [2025-03-24T08:27:22.919+0000] {dag.py:4180} INFO - Setting next_dagrun for example_external_task_marker_child to None, run_after=None
[2025-03-24T08:27:22.933+0000] {logging_mixin.py:190} INFO - [2025-03-24T08:27:22.933+0000] {dag.py:4180} INFO - Setting next_dagrun for example_external_task_marker_parent to None, run_after=None
[2025-03-24T08:27:22.959+0000] {processor.py:208} INFO - Processing /home/airflow/.local/lib/python3.12/site-packages/airflow/example_dags/example_external_task_marker_dag.py took 0.112 seconds
[2025-03-24T08:27:53.739+0000] {processor.py:186} INFO - Started process (PID=2293) to work on /home/airflow/.local/lib/python3.12/site-packages/airflow/example_dags/example_external_task_marker_dag.py
[2025-03-24T08:27:53.740+0000] {processor.py:914} INFO - Processing file /home/airflow/.local/lib/python3.12/site-packages/airflow/example_dags/example_external_task_marker_dag.py for tasks to queue
[2025-03-24T08:27:53.743+0000] {logging_mixin.py:190} INFO - [2025-03-24T08:27:53.742+0000] {dagbag.py:588} INFO - Filling up the DagBag from /home/airflow/.local/lib/python3.12/site-packages/airflow/example_dags/example_external_task_marker_dag.py
[2025-03-24T08:27:53.752+0000] {processor.py:925} INFO - DAG(s) 'example_external_task_marker_child', 'example_external_task_marker_parent' retrieved from /home/airflow/.local/lib/python3.12/site-packages/airflow/example_dags/example_external_task_marker_dag.py
[2025-03-24T08:27:53.779+0000] {logging_mixin.py:190} INFO - [2025-03-24T08:27:53.779+0000] {dag.py:3239} INFO - Sync 2 DAGs
[2025-03-24T08:27:53.796+0000] {logging_mixin.py:190} INFO - [2025-03-24T08:27:53.796+0000] {dag.py:4180} INFO - Setting next_dagrun for example_external_task_marker_child to None, run_after=None
[2025-03-24T08:27:53.800+0000] {logging_mixin.py:190} INFO - [2025-03-24T08:27:53.800+0000] {dag.py:4180} INFO - Setting next_dagrun for example_external_task_marker_parent to None, run_after=None
[2025-03-24T08:27:53.820+0000] {processor.py:208} INFO - Processing /home/airflow/.local/lib/python3.12/site-packages/airflow/example_dags/example_external_task_marker_dag.py took 0.088 seconds
[2025-03-24T08:28:24.557+0000] {processor.py:186} INFO - Started process (PID=2357) to work on /home/airflow/.local/lib/python3.12/site-packages/airflow/example_dags/example_external_task_marker_dag.py
[2025-03-24T08:28:24.559+0000] {processor.py:914} INFO - Processing file /home/airflow/.local/lib/python3.12/site-packages/airflow/example_dags/example_external_task_marker_dag.py for tasks to queue
[2025-03-24T08:28:24.562+0000] {logging_mixin.py:190} INFO - [2025-03-24T08:28:24.562+0000] {dagbag.py:588} INFO - Filling up the DagBag from /home/airflow/.local/lib/python3.12/site-packages/airflow/example_dags/example_external_task_marker_dag.py
[2025-03-24T08:28:24.573+0000] {processor.py:925} INFO - DAG(s) 'example_external_task_marker_child', 'example_external_task_marker_parent' retrieved from /home/airflow/.local/lib/python3.12/site-packages/airflow/example_dags/example_external_task_marker_dag.py
[2025-03-24T08:28:24.598+0000] {logging_mixin.py:190} INFO - [2025-03-24T08:28:24.598+0000] {dag.py:3239} INFO - Sync 2 DAGs
[2025-03-24T08:28:24.616+0000] {logging_mixin.py:190} INFO - [2025-03-24T08:28:24.616+0000] {dag.py:4180} INFO - Setting next_dagrun for example_external_task_marker_child to None, run_after=None
[2025-03-24T08:28:24.621+0000] {logging_mixin.py:190} INFO - [2025-03-24T08:28:24.621+0000] {dag.py:4180} INFO - Setting next_dagrun for example_external_task_marker_parent to None, run_after=None
[2025-03-24T08:28:24.639+0000] {processor.py:208} INFO - Processing /home/airflow/.local/lib/python3.12/site-packages/airflow/example_dags/example_external_task_marker_dag.py took 0.090 seconds
[2025-03-24T08:28:55.479+0000] {processor.py:186} INFO - Started process (PID=2421) to work on /home/airflow/.local/lib/python3.12/site-packages/airflow/example_dags/example_external_task_marker_dag.py
[2025-03-24T08:28:55.480+0000] {processor.py:914} INFO - Processing file /home/airflow/.local/lib/python3.12/site-packages/airflow/example_dags/example_external_task_marker_dag.py for tasks to queue
[2025-03-24T08:28:55.483+0000] {logging_mixin.py:190} INFO - [2025-03-24T08:28:55.482+0000] {dagbag.py:588} INFO - Filling up the DagBag from /home/airflow/.local/lib/python3.12/site-packages/airflow/example_dags/example_external_task_marker_dag.py
[2025-03-24T08:28:55.492+0000] {processor.py:925} INFO - DAG(s) 'example_external_task_marker_child', 'example_external_task_marker_parent' retrieved from /home/airflow/.local/lib/python3.12/site-packages/airflow/example_dags/example_external_task_marker_dag.py
[2025-03-24T08:28:55.517+0000] {logging_mixin.py:190} INFO - [2025-03-24T08:28:55.517+0000] {dag.py:3239} INFO - Sync 2 DAGs
[2025-03-24T08:28:55.535+0000] {logging_mixin.py:190} INFO - [2025-03-24T08:28:55.535+0000] {dag.py:4180} INFO - Setting next_dagrun for example_external_task_marker_child to None, run_after=None
[2025-03-24T08:28:55.540+0000] {logging_mixin.py:190} INFO - [2025-03-24T08:28:55.540+0000] {dag.py:4180} INFO - Setting next_dagrun for example_external_task_marker_parent to None, run_after=None
[2025-03-24T08:28:55.560+0000] {processor.py:208} INFO - Processing /home/airflow/.local/lib/python3.12/site-packages/airflow/example_dags/example_external_task_marker_dag.py took 0.088 seconds
[2025-03-24T08:29:26.599+0000] {processor.py:186} INFO - Started process (PID=2486) to work on /home/airflow/.local/lib/python3.12/site-packages/airflow/example_dags/example_external_task_marker_dag.py
[2025-03-24T08:29:26.601+0000] {processor.py:914} INFO - Processing file /home/airflow/.local/lib/python3.12/site-packages/airflow/example_dags/example_external_task_marker_dag.py for tasks to queue
[2025-03-24T08:29:26.603+0000] {logging_mixin.py:190} INFO - [2025-03-24T08:29:26.603+0000] {dagbag.py:588} INFO - Filling up the DagBag from /home/airflow/.local/lib/python3.12/site-packages/airflow/example_dags/example_external_task_marker_dag.py
[2025-03-24T08:29:26.612+0000] {processor.py:925} INFO - DAG(s) 'example_external_task_marker_child', 'example_external_task_marker_parent' retrieved from /home/airflow/.local/lib/python3.12/site-packages/airflow/example_dags/example_external_task_marker_dag.py
[2025-03-24T08:29:26.637+0000] {logging_mixin.py:190} INFO - [2025-03-24T08:29:26.637+0000] {dag.py:3239} INFO - Sync 2 DAGs
[2025-03-24T08:29:26.653+0000] {logging_mixin.py:190} INFO - [2025-03-24T08:29:26.653+0000] {dag.py:4180} INFO - Setting next_dagrun for example_external_task_marker_child to None, run_after=None
[2025-03-24T08:29:26.658+0000] {logging_mixin.py:190} INFO - [2025-03-24T08:29:26.658+0000] {dag.py:4180} INFO - Setting next_dagrun for example_external_task_marker_parent to None, run_after=None
[2025-03-24T08:29:26.678+0000] {processor.py:208} INFO - Processing /home/airflow/.local/lib/python3.12/site-packages/airflow/example_dags/example_external_task_marker_dag.py took 0.085 seconds
[2025-03-24T08:29:57.461+0000] {processor.py:186} INFO - Started process (PID=2550) to work on /home/airflow/.local/lib/python3.12/site-packages/airflow/example_dags/example_external_task_marker_dag.py
[2025-03-24T08:29:57.462+0000] {processor.py:914} INFO - Processing file /home/airflow/.local/lib/python3.12/site-packages/airflow/example_dags/example_external_task_marker_dag.py for tasks to queue
[2025-03-24T08:29:57.465+0000] {logging_mixin.py:190} INFO - [2025-03-24T08:29:57.465+0000] {dagbag.py:588} INFO - Filling up the DagBag from /home/airflow/.local/lib/python3.12/site-packages/airflow/example_dags/example_external_task_marker_dag.py
[2025-03-24T08:29:57.474+0000] {processor.py:925} INFO - DAG(s) 'example_external_task_marker_parent', 'example_external_task_marker_child' retrieved from /home/airflow/.local/lib/python3.12/site-packages/airflow/example_dags/example_external_task_marker_dag.py
[2025-03-24T08:29:57.500+0000] {logging_mixin.py:190} INFO - [2025-03-24T08:29:57.500+0000] {dag.py:3239} INFO - Sync 2 DAGs
[2025-03-24T08:29:57.517+0000] {logging_mixin.py:190} INFO - [2025-03-24T08:29:57.517+0000] {dag.py:4180} INFO - Setting next_dagrun for example_external_task_marker_child to None, run_after=None
[2025-03-24T08:29:57.522+0000] {logging_mixin.py:190} INFO - [2025-03-24T08:29:57.522+0000] {dag.py:4180} INFO - Setting next_dagrun for example_external_task_marker_parent to None, run_after=None
[2025-03-24T08:29:57.542+0000] {processor.py:208} INFO - Processing /home/airflow/.local/lib/python3.12/site-packages/airflow/example_dags/example_external_task_marker_dag.py took 0.088 seconds
[2025-03-24T08:30:28.416+0000] {processor.py:186} INFO - Started process (PID=2614) to work on /home/airflow/.local/lib/python3.12/site-packages/airflow/example_dags/example_external_task_marker_dag.py
[2025-03-24T08:30:28.417+0000] {processor.py:914} INFO - Processing file /home/airflow/.local/lib/python3.12/site-packages/airflow/example_dags/example_external_task_marker_dag.py for tasks to queue
[2025-03-24T08:30:28.419+0000] {logging_mixin.py:190} INFO - [2025-03-24T08:30:28.419+0000] {dagbag.py:588} INFO - Filling up the DagBag from /home/airflow/.local/lib/python3.12/site-packages/airflow/example_dags/example_external_task_marker_dag.py
[2025-03-24T08:30:28.428+0000] {processor.py:925} INFO - DAG(s) 'example_external_task_marker_parent', 'example_external_task_marker_child' retrieved from /home/airflow/.local/lib/python3.12/site-packages/airflow/example_dags/example_external_task_marker_dag.py
[2025-03-24T08:30:28.455+0000] {logging_mixin.py:190} INFO - [2025-03-24T08:30:28.455+0000] {dag.py:3239} INFO - Sync 2 DAGs
[2025-03-24T08:30:28.473+0000] {logging_mixin.py:190} INFO - [2025-03-24T08:30:28.472+0000] {dag.py:4180} INFO - Setting next_dagrun for example_external_task_marker_child to None, run_after=None
[2025-03-24T08:30:28.477+0000] {logging_mixin.py:190} INFO - [2025-03-24T08:30:28.477+0000] {dag.py:4180} INFO - Setting next_dagrun for example_external_task_marker_parent to None, run_after=None
[2025-03-24T08:30:28.498+0000] {processor.py:208} INFO - Processing /home/airflow/.local/lib/python3.12/site-packages/airflow/example_dags/example_external_task_marker_dag.py took 0.088 seconds
[2025-03-24T08:30:59.960+0000] {processor.py:186} INFO - Started process (PID=2686) to work on /home/airflow/.local/lib/python3.12/site-packages/airflow/example_dags/example_external_task_marker_dag.py
[2025-03-24T08:30:59.962+0000] {processor.py:914} INFO - Processing file /home/airflow/.local/lib/python3.12/site-packages/airflow/example_dags/example_external_task_marker_dag.py for tasks to queue
[2025-03-24T08:30:59.965+0000] {logging_mixin.py:190} INFO - [2025-03-24T08:30:59.964+0000] {dagbag.py:588} INFO - Filling up the DagBag from /home/airflow/.local/lib/python3.12/site-packages/airflow/example_dags/example_external_task_marker_dag.py
[2025-03-24T08:30:59.975+0000] {processor.py:925} INFO - DAG(s) 'example_external_task_marker_parent', 'example_external_task_marker_child' retrieved from /home/airflow/.local/lib/python3.12/site-packages/airflow/example_dags/example_external_task_marker_dag.py
[2025-03-24T08:31:00.003+0000] {logging_mixin.py:190} INFO - [2025-03-24T08:31:00.002+0000] {dag.py:3239} INFO - Sync 2 DAGs
[2025-03-24T08:31:00.034+0000] {logging_mixin.py:190} INFO - [2025-03-24T08:31:00.034+0000] {dag.py:4180} INFO - Setting next_dagrun for example_external_task_marker_child to None, run_after=None
[2025-03-24T08:31:00.039+0000] {logging_mixin.py:190} INFO - [2025-03-24T08:31:00.039+0000] {dag.py:4180} INFO - Setting next_dagrun for example_external_task_marker_parent to None, run_after=None
[2025-03-24T08:31:00.078+0000] {processor.py:208} INFO - Processing /home/airflow/.local/lib/python3.12/site-packages/airflow/example_dags/example_external_task_marker_dag.py took 0.125 seconds
[2025-03-24T08:31:32.138+0000] {processor.py:186} INFO - Started process (PID=2757) to work on /home/airflow/.local/lib/python3.12/site-packages/airflow/example_dags/example_external_task_marker_dag.py
[2025-03-24T08:31:32.139+0000] {processor.py:914} INFO - Processing file /home/airflow/.local/lib/python3.12/site-packages/airflow/example_dags/example_external_task_marker_dag.py for tasks to queue
[2025-03-24T08:31:32.141+0000] {logging_mixin.py:190} INFO - [2025-03-24T08:31:32.141+0000] {dagbag.py:588} INFO - Filling up the DagBag from /home/airflow/.local/lib/python3.12/site-packages/airflow/example_dags/example_external_task_marker_dag.py
[2025-03-24T08:31:32.150+0000] {processor.py:925} INFO - DAG(s) 'example_external_task_marker_parent', 'example_external_task_marker_child' retrieved from /home/airflow/.local/lib/python3.12/site-packages/airflow/example_dags/example_external_task_marker_dag.py
[2025-03-24T08:31:32.175+0000] {logging_mixin.py:190} INFO - [2025-03-24T08:31:32.174+0000] {dag.py:3239} INFO - Sync 2 DAGs
[2025-03-24T08:31:32.193+0000] {logging_mixin.py:190} INFO - [2025-03-24T08:31:32.193+0000] {dag.py:4180} INFO - Setting next_dagrun for example_external_task_marker_child to None, run_after=None
[2025-03-24T08:31:32.198+0000] {logging_mixin.py:190} INFO - [2025-03-24T08:31:32.198+0000] {dag.py:4180} INFO - Setting next_dagrun for example_external_task_marker_parent to None, run_after=None
[2025-03-24T08:31:32.216+0000] {processor.py:208} INFO - Processing /home/airflow/.local/lib/python3.12/site-packages/airflow/example_dags/example_external_task_marker_dag.py took 0.085 seconds
[2025-03-24T08:32:03.721+0000] {processor.py:186} INFO - Started process (PID=2823) to work on /home/airflow/.local/lib/python3.12/site-packages/airflow/example_dags/example_external_task_marker_dag.py
[2025-03-24T08:32:03.722+0000] {processor.py:914} INFO - Processing file /home/airflow/.local/lib/python3.12/site-packages/airflow/example_dags/example_external_task_marker_dag.py for tasks to queue
[2025-03-24T08:32:03.725+0000] {logging_mixin.py:190} INFO - [2025-03-24T08:32:03.724+0000] {dagbag.py:588} INFO - Filling up the DagBag from /home/airflow/.local/lib/python3.12/site-packages/airflow/example_dags/example_external_task_marker_dag.py
[2025-03-24T08:32:03.737+0000] {processor.py:925} INFO - DAG(s) 'example_external_task_marker_child', 'example_external_task_marker_parent' retrieved from /home/airflow/.local/lib/python3.12/site-packages/airflow/example_dags/example_external_task_marker_dag.py
[2025-03-24T08:32:03.767+0000] {logging_mixin.py:190} INFO - [2025-03-24T08:32:03.766+0000] {dag.py:3239} INFO - Sync 2 DAGs
[2025-03-24T08:32:03.785+0000] {logging_mixin.py:190} INFO - [2025-03-24T08:32:03.785+0000] {dag.py:4180} INFO - Setting next_dagrun for example_external_task_marker_child to None, run_after=None
[2025-03-24T08:32:03.790+0000] {logging_mixin.py:190} INFO - [2025-03-24T08:32:03.790+0000] {dag.py:4180} INFO - Setting next_dagrun for example_external_task_marker_parent to None, run_after=None
[2025-03-24T08:32:03.814+0000] {processor.py:208} INFO - Processing /home/airflow/.local/lib/python3.12/site-packages/airflow/example_dags/example_external_task_marker_dag.py took 0.099 seconds
[2025-03-24T08:32:35.220+0000] {processor.py:186} INFO - Started process (PID=2887) to work on /home/airflow/.local/lib/python3.12/site-packages/airflow/example_dags/example_external_task_marker_dag.py
[2025-03-24T08:32:35.221+0000] {processor.py:914} INFO - Processing file /home/airflow/.local/lib/python3.12/site-packages/airflow/example_dags/example_external_task_marker_dag.py for tasks to queue
[2025-03-24T08:32:35.224+0000] {logging_mixin.py:190} INFO - [2025-03-24T08:32:35.224+0000] {dagbag.py:588} INFO - Filling up the DagBag from /home/airflow/.local/lib/python3.12/site-packages/airflow/example_dags/example_external_task_marker_dag.py
[2025-03-24T08:32:35.233+0000] {processor.py:925} INFO - DAG(s) 'example_external_task_marker_child', 'example_external_task_marker_parent' retrieved from /home/airflow/.local/lib/python3.12/site-packages/airflow/example_dags/example_external_task_marker_dag.py
[2025-03-24T08:32:35.258+0000] {logging_mixin.py:190} INFO - [2025-03-24T08:32:35.258+0000] {dag.py:3239} INFO - Sync 2 DAGs
[2025-03-24T08:32:35.279+0000] {logging_mixin.py:190} INFO - [2025-03-24T08:32:35.278+0000] {dag.py:4180} INFO - Setting next_dagrun for example_external_task_marker_child to None, run_after=None
[2025-03-24T08:32:35.284+0000] {logging_mixin.py:190} INFO - [2025-03-24T08:32:35.284+0000] {dag.py:4180} INFO - Setting next_dagrun for example_external_task_marker_parent to None, run_after=None
[2025-03-24T08:32:35.306+0000] {processor.py:208} INFO - Processing /home/airflow/.local/lib/python3.12/site-packages/airflow/example_dags/example_external_task_marker_dag.py took 0.093 seconds
[2025-03-24T08:33:06.920+0000] {processor.py:186} INFO - Started process (PID=2956) to work on /home/airflow/.local/lib/python3.12/site-packages/airflow/example_dags/example_external_task_marker_dag.py
[2025-03-24T08:33:06.921+0000] {processor.py:914} INFO - Processing file /home/airflow/.local/lib/python3.12/site-packages/airflow/example_dags/example_external_task_marker_dag.py for tasks to queue
[2025-03-24T08:33:06.924+0000] {logging_mixin.py:190} INFO - [2025-03-24T08:33:06.924+0000] {dagbag.py:588} INFO - Filling up the DagBag from /home/airflow/.local/lib/python3.12/site-packages/airflow/example_dags/example_external_task_marker_dag.py
[2025-03-24T08:33:06.933+0000] {processor.py:925} INFO - DAG(s) 'example_external_task_marker_parent', 'example_external_task_marker_child' retrieved from /home/airflow/.local/lib/python3.12/site-packages/airflow/example_dags/example_external_task_marker_dag.py
[2025-03-24T08:33:06.958+0000] {logging_mixin.py:190} INFO - [2025-03-24T08:33:06.958+0000] {dag.py:3239} INFO - Sync 2 DAGs
[2025-03-24T08:33:06.976+0000] {logging_mixin.py:190} INFO - [2025-03-24T08:33:06.976+0000] {dag.py:4180} INFO - Setting next_dagrun for example_external_task_marker_child to None, run_after=None
[2025-03-24T08:33:06.981+0000] {logging_mixin.py:190} INFO - [2025-03-24T08:33:06.981+0000] {dag.py:4180} INFO - Setting next_dagrun for example_external_task_marker_parent to None, run_after=None
[2025-03-24T08:33:07.005+0000] {processor.py:208} INFO - Processing /home/airflow/.local/lib/python3.12/site-packages/airflow/example_dags/example_external_task_marker_dag.py took 0.091 seconds
