[2025-03-24T08:10:08.543+0000] {processor.py:186} INFO - Started process (PID=83) to work on /home/airflow/.local/lib/python3.12/site-packages/airflow/example_dags/example_latest_only.py
[2025-03-24T08:10:08.544+0000] {processor.py:914} INFO - Processing file /home/airflow/.local/lib/python3.12/site-packages/airflow/example_dags/example_latest_only.py for tasks to queue
[2025-03-24T08:10:08.548+0000] {logging_mixin.py:190} INFO - [2025-03-24T08:10:08.548+0000] {dagbag.py:588} INFO - Filling up the DagBag from /home/airflow/.local/lib/python3.12/site-packages/airflow/example_dags/example_latest_only.py
[2025-03-24T08:10:08.557+0000] {processor.py:925} INFO - DAG(s) 'latest_only' retrieved from /home/airflow/.local/lib/python3.12/site-packages/airflow/example_dags/example_latest_only.py
[2025-03-24T08:10:08.681+0000] {logging_mixin.py:190} INFO - [2025-03-24T08:10:08.680+0000] {override.py:1912} INFO - Created Permission View: can read on DAG:latest_only
[2025-03-24T08:10:08.692+0000] {logging_mixin.py:190} INFO - [2025-03-24T08:10:08.692+0000] {override.py:1912} INFO - Created Permission View: can delete on DAG:latest_only
[2025-03-24T08:10:08.699+0000] {logging_mixin.py:190} INFO - [2025-03-24T08:10:08.699+0000] {override.py:1912} INFO - Created Permission View: can edit on DAG:latest_only
[2025-03-24T08:10:08.708+0000] {logging_mixin.py:190} INFO - [2025-03-24T08:10:08.707+0000] {override.py:1912} INFO - Created Permission View: can create on DAG Run:latest_only
[2025-03-24T08:10:08.715+0000] {logging_mixin.py:190} INFO - [2025-03-24T08:10:08.715+0000] {override.py:1912} INFO - Created Permission View: menu access on DAG Run:latest_only
[2025-03-24T08:10:08.724+0000] {logging_mixin.py:190} INFO - [2025-03-24T08:10:08.723+0000] {override.py:1912} INFO - Created Permission View: can read on DAG Run:latest_only
[2025-03-24T08:10:08.732+0000] {logging_mixin.py:190} INFO - [2025-03-24T08:10:08.732+0000] {override.py:1912} INFO - Created Permission View: can delete on DAG Run:latest_only
[2025-03-24T08:10:08.733+0000] {logging_mixin.py:190} INFO - [2025-03-24T08:10:08.733+0000] {dag.py:3239} INFO - Sync 1 DAGs
[2025-03-24T08:10:08.749+0000] {logging_mixin.py:190} INFO - [2025-03-24T08:10:08.748+0000] {dag.py:3262} INFO - Creating ORM DAG for latest_only
[2025-03-24T08:10:08.760+0000] {logging_mixin.py:190} INFO - [2025-03-24T08:10:08.760+0000] {dag.py:4180} INFO - Setting next_dagrun for latest_only to 2025-03-24 04:00:00+00:00, run_after=2025-03-24 08:00:00+00:00
[2025-03-24T08:10:08.780+0000] {processor.py:208} INFO - Processing /home/airflow/.local/lib/python3.12/site-packages/airflow/example_dags/example_latest_only.py took 0.244 seconds
[2025-03-24T08:10:38.918+0000] {processor.py:186} INFO - Started process (PID=147) to work on /home/airflow/.local/lib/python3.12/site-packages/airflow/example_dags/example_latest_only.py
[2025-03-24T08:10:38.919+0000] {processor.py:914} INFO - Processing file /home/airflow/.local/lib/python3.12/site-packages/airflow/example_dags/example_latest_only.py for tasks to queue
[2025-03-24T08:10:38.922+0000] {logging_mixin.py:190} INFO - [2025-03-24T08:10:38.921+0000] {dagbag.py:588} INFO - Filling up the DagBag from /home/airflow/.local/lib/python3.12/site-packages/airflow/example_dags/example_latest_only.py
[2025-03-24T08:10:38.930+0000] {processor.py:925} INFO - DAG(s) 'latest_only' retrieved from /home/airflow/.local/lib/python3.12/site-packages/airflow/example_dags/example_latest_only.py
[2025-03-24T08:10:38.952+0000] {logging_mixin.py:190} INFO - [2025-03-24T08:10:38.951+0000] {dag.py:3239} INFO - Sync 1 DAGs
[2025-03-24T08:10:38.979+0000] {logging_mixin.py:190} INFO - [2025-03-24T08:10:38.979+0000] {dag.py:4180} INFO - Setting next_dagrun for latest_only to 2025-03-24 04:00:00+00:00, run_after=2025-03-24 08:00:00+00:00
[2025-03-24T08:10:39.006+0000] {processor.py:208} INFO - Processing /home/airflow/.local/lib/python3.12/site-packages/airflow/example_dags/example_latest_only.py took 0.095 seconds
[2025-03-24T08:11:09.880+0000] {processor.py:186} INFO - Started process (PID=210) to work on /home/airflow/.local/lib/python3.12/site-packages/airflow/example_dags/example_latest_only.py
[2025-03-24T08:11:09.881+0000] {processor.py:914} INFO - Processing file /home/airflow/.local/lib/python3.12/site-packages/airflow/example_dags/example_latest_only.py for tasks to queue
[2025-03-24T08:11:09.884+0000] {logging_mixin.py:190} INFO - [2025-03-24T08:11:09.883+0000] {dagbag.py:588} INFO - Filling up the DagBag from /home/airflow/.local/lib/python3.12/site-packages/airflow/example_dags/example_latest_only.py
[2025-03-24T08:11:09.892+0000] {processor.py:925} INFO - DAG(s) 'latest_only' retrieved from /home/airflow/.local/lib/python3.12/site-packages/airflow/example_dags/example_latest_only.py
[2025-03-24T08:11:09.913+0000] {logging_mixin.py:190} INFO - [2025-03-24T08:11:09.912+0000] {dag.py:3239} INFO - Sync 1 DAGs
[2025-03-24T08:11:09.939+0000] {logging_mixin.py:190} INFO - [2025-03-24T08:11:09.939+0000] {dag.py:4180} INFO - Setting next_dagrun for latest_only to 2025-03-24 04:00:00+00:00, run_after=2025-03-24 08:00:00+00:00
[2025-03-24T08:11:09.963+0000] {processor.py:208} INFO - Processing /home/airflow/.local/lib/python3.12/site-packages/airflow/example_dags/example_latest_only.py took 0.089 seconds
[2025-03-24T08:11:40.240+0000] {processor.py:186} INFO - Started process (PID=274) to work on /home/airflow/.local/lib/python3.12/site-packages/airflow/example_dags/example_latest_only.py
[2025-03-24T08:11:40.241+0000] {processor.py:914} INFO - Processing file /home/airflow/.local/lib/python3.12/site-packages/airflow/example_dags/example_latest_only.py for tasks to queue
[2025-03-24T08:11:40.244+0000] {logging_mixin.py:190} INFO - [2025-03-24T08:11:40.244+0000] {dagbag.py:588} INFO - Filling up the DagBag from /home/airflow/.local/lib/python3.12/site-packages/airflow/example_dags/example_latest_only.py
[2025-03-24T08:11:40.252+0000] {processor.py:925} INFO - DAG(s) 'latest_only' retrieved from /home/airflow/.local/lib/python3.12/site-packages/airflow/example_dags/example_latest_only.py
[2025-03-24T08:11:40.274+0000] {logging_mixin.py:190} INFO - [2025-03-24T08:11:40.274+0000] {dag.py:3239} INFO - Sync 1 DAGs
[2025-03-24T08:11:40.300+0000] {logging_mixin.py:190} INFO - [2025-03-24T08:11:40.300+0000] {dag.py:4180} INFO - Setting next_dagrun for latest_only to 2025-03-24 04:00:00+00:00, run_after=2025-03-24 08:00:00+00:00
[2025-03-24T08:11:40.321+0000] {processor.py:208} INFO - Processing /home/airflow/.local/lib/python3.12/site-packages/airflow/example_dags/example_latest_only.py took 0.087 seconds
[2025-03-24T08:12:10.495+0000] {processor.py:186} INFO - Started process (PID=337) to work on /home/airflow/.local/lib/python3.12/site-packages/airflow/example_dags/example_latest_only.py
[2025-03-24T08:12:10.497+0000] {processor.py:914} INFO - Processing file /home/airflow/.local/lib/python3.12/site-packages/airflow/example_dags/example_latest_only.py for tasks to queue
[2025-03-24T08:12:10.499+0000] {logging_mixin.py:190} INFO - [2025-03-24T08:12:10.499+0000] {dagbag.py:588} INFO - Filling up the DagBag from /home/airflow/.local/lib/python3.12/site-packages/airflow/example_dags/example_latest_only.py
[2025-03-24T08:12:10.508+0000] {processor.py:925} INFO - DAG(s) 'latest_only' retrieved from /home/airflow/.local/lib/python3.12/site-packages/airflow/example_dags/example_latest_only.py
[2025-03-24T08:12:10.530+0000] {logging_mixin.py:190} INFO - [2025-03-24T08:12:10.530+0000] {dag.py:3239} INFO - Sync 1 DAGs
[2025-03-24T08:12:10.557+0000] {logging_mixin.py:190} INFO - [2025-03-24T08:12:10.557+0000] {dag.py:4180} INFO - Setting next_dagrun for latest_only to 2025-03-24 04:00:00+00:00, run_after=2025-03-24 08:00:00+00:00
[2025-03-24T08:12:10.580+0000] {processor.py:208} INFO - Processing /home/airflow/.local/lib/python3.12/site-packages/airflow/example_dags/example_latest_only.py took 0.092 seconds
[2025-03-24T08:12:41.032+0000] {processor.py:186} INFO - Started process (PID=401) to work on /home/airflow/.local/lib/python3.12/site-packages/airflow/example_dags/example_latest_only.py
[2025-03-24T08:12:41.034+0000] {processor.py:914} INFO - Processing file /home/airflow/.local/lib/python3.12/site-packages/airflow/example_dags/example_latest_only.py for tasks to queue
[2025-03-24T08:12:41.036+0000] {logging_mixin.py:190} INFO - [2025-03-24T08:12:41.036+0000] {dagbag.py:588} INFO - Filling up the DagBag from /home/airflow/.local/lib/python3.12/site-packages/airflow/example_dags/example_latest_only.py
[2025-03-24T08:12:41.044+0000] {processor.py:925} INFO - DAG(s) 'latest_only' retrieved from /home/airflow/.local/lib/python3.12/site-packages/airflow/example_dags/example_latest_only.py
[2025-03-24T08:12:41.066+0000] {logging_mixin.py:190} INFO - [2025-03-24T08:12:41.066+0000] {dag.py:3239} INFO - Sync 1 DAGs
[2025-03-24T08:12:41.092+0000] {logging_mixin.py:190} INFO - [2025-03-24T08:12:41.091+0000] {dag.py:4180} INFO - Setting next_dagrun for latest_only to 2025-03-24 04:00:00+00:00, run_after=2025-03-24 08:00:00+00:00
[2025-03-24T08:12:41.117+0000] {processor.py:208} INFO - Processing /home/airflow/.local/lib/python3.12/site-packages/airflow/example_dags/example_latest_only.py took 0.091 seconds
[2025-03-24T08:13:11.864+0000] {processor.py:186} INFO - Started process (PID=465) to work on /home/airflow/.local/lib/python3.12/site-packages/airflow/example_dags/example_latest_only.py
[2025-03-24T08:13:11.866+0000] {processor.py:914} INFO - Processing file /home/airflow/.local/lib/python3.12/site-packages/airflow/example_dags/example_latest_only.py for tasks to queue
[2025-03-24T08:13:11.868+0000] {logging_mixin.py:190} INFO - [2025-03-24T08:13:11.868+0000] {dagbag.py:588} INFO - Filling up the DagBag from /home/airflow/.local/lib/python3.12/site-packages/airflow/example_dags/example_latest_only.py
[2025-03-24T08:13:11.876+0000] {processor.py:925} INFO - DAG(s) 'latest_only' retrieved from /home/airflow/.local/lib/python3.12/site-packages/airflow/example_dags/example_latest_only.py
[2025-03-24T08:13:11.897+0000] {logging_mixin.py:190} INFO - [2025-03-24T08:13:11.897+0000] {dag.py:3239} INFO - Sync 1 DAGs
[2025-03-24T08:13:11.922+0000] {logging_mixin.py:190} INFO - [2025-03-24T08:13:11.922+0000] {dag.py:4180} INFO - Setting next_dagrun for latest_only to 2025-03-24 04:00:00+00:00, run_after=2025-03-24 08:00:00+00:00
[2025-03-24T08:13:11.946+0000] {processor.py:208} INFO - Processing /home/airflow/.local/lib/python3.12/site-packages/airflow/example_dags/example_latest_only.py took 0.088 seconds
[2025-03-24T08:13:42.829+0000] {processor.py:186} INFO - Started process (PID=529) to work on /home/airflow/.local/lib/python3.12/site-packages/airflow/example_dags/example_latest_only.py
[2025-03-24T08:13:42.830+0000] {processor.py:914} INFO - Processing file /home/airflow/.local/lib/python3.12/site-packages/airflow/example_dags/example_latest_only.py for tasks to queue
[2025-03-24T08:13:42.833+0000] {logging_mixin.py:190} INFO - [2025-03-24T08:13:42.832+0000] {dagbag.py:588} INFO - Filling up the DagBag from /home/airflow/.local/lib/python3.12/site-packages/airflow/example_dags/example_latest_only.py
[2025-03-24T08:13:42.841+0000] {processor.py:925} INFO - DAG(s) 'latest_only' retrieved from /home/airflow/.local/lib/python3.12/site-packages/airflow/example_dags/example_latest_only.py
[2025-03-24T08:13:42.862+0000] {logging_mixin.py:190} INFO - [2025-03-24T08:13:42.862+0000] {dag.py:3239} INFO - Sync 1 DAGs
[2025-03-24T08:13:42.888+0000] {logging_mixin.py:190} INFO - [2025-03-24T08:13:42.887+0000] {dag.py:4180} INFO - Setting next_dagrun for latest_only to 2025-03-24 04:00:00+00:00, run_after=2025-03-24 08:00:00+00:00
[2025-03-24T08:13:42.911+0000] {processor.py:208} INFO - Processing /home/airflow/.local/lib/python3.12/site-packages/airflow/example_dags/example_latest_only.py took 0.088 seconds
[2025-03-24T08:14:13.017+0000] {processor.py:186} INFO - Started process (PID=592) to work on /home/airflow/.local/lib/python3.12/site-packages/airflow/example_dags/example_latest_only.py
[2025-03-24T08:14:13.018+0000] {processor.py:914} INFO - Processing file /home/airflow/.local/lib/python3.12/site-packages/airflow/example_dags/example_latest_only.py for tasks to queue
[2025-03-24T08:14:13.021+0000] {logging_mixin.py:190} INFO - [2025-03-24T08:14:13.021+0000] {dagbag.py:588} INFO - Filling up the DagBag from /home/airflow/.local/lib/python3.12/site-packages/airflow/example_dags/example_latest_only.py
[2025-03-24T08:14:13.028+0000] {processor.py:925} INFO - DAG(s) 'latest_only' retrieved from /home/airflow/.local/lib/python3.12/site-packages/airflow/example_dags/example_latest_only.py
[2025-03-24T08:14:13.050+0000] {logging_mixin.py:190} INFO - [2025-03-24T08:14:13.050+0000] {dag.py:3239} INFO - Sync 1 DAGs
[2025-03-24T08:14:13.077+0000] {logging_mixin.py:190} INFO - [2025-03-24T08:14:13.077+0000] {dag.py:4180} INFO - Setting next_dagrun for latest_only to 2025-03-24 04:00:00+00:00, run_after=2025-03-24 08:00:00+00:00
[2025-03-24T08:14:13.100+0000] {processor.py:208} INFO - Processing /home/airflow/.local/lib/python3.12/site-packages/airflow/example_dags/example_latest_only.py took 0.089 seconds
[2025-03-24T08:14:44.017+0000] {processor.py:186} INFO - Started process (PID=657) to work on /home/airflow/.local/lib/python3.12/site-packages/airflow/example_dags/example_latest_only.py
[2025-03-24T08:14:44.018+0000] {processor.py:914} INFO - Processing file /home/airflow/.local/lib/python3.12/site-packages/airflow/example_dags/example_latest_only.py for tasks to queue
[2025-03-24T08:14:44.021+0000] {logging_mixin.py:190} INFO - [2025-03-24T08:14:44.021+0000] {dagbag.py:588} INFO - Filling up the DagBag from /home/airflow/.local/lib/python3.12/site-packages/airflow/example_dags/example_latest_only.py
[2025-03-24T08:14:44.029+0000] {processor.py:925} INFO - DAG(s) 'latest_only' retrieved from /home/airflow/.local/lib/python3.12/site-packages/airflow/example_dags/example_latest_only.py
[2025-03-24T08:14:44.050+0000] {logging_mixin.py:190} INFO - [2025-03-24T08:14:44.050+0000] {dag.py:3239} INFO - Sync 1 DAGs
[2025-03-24T08:14:44.075+0000] {logging_mixin.py:190} INFO - [2025-03-24T08:14:44.074+0000] {dag.py:4180} INFO - Setting next_dagrun for latest_only to 2025-03-24 04:00:00+00:00, run_after=2025-03-24 08:00:00+00:00
[2025-03-24T08:14:44.098+0000] {processor.py:208} INFO - Processing /home/airflow/.local/lib/python3.12/site-packages/airflow/example_dags/example_latest_only.py took 0.087 seconds
[2025-03-24T08:15:14.147+0000] {processor.py:186} INFO - Started process (PID=720) to work on /home/airflow/.local/lib/python3.12/site-packages/airflow/example_dags/example_latest_only.py
[2025-03-24T08:15:14.148+0000] {processor.py:914} INFO - Processing file /home/airflow/.local/lib/python3.12/site-packages/airflow/example_dags/example_latest_only.py for tasks to queue
[2025-03-24T08:15:14.151+0000] {logging_mixin.py:190} INFO - [2025-03-24T08:15:14.150+0000] {dagbag.py:588} INFO - Filling up the DagBag from /home/airflow/.local/lib/python3.12/site-packages/airflow/example_dags/example_latest_only.py
[2025-03-24T08:15:14.158+0000] {processor.py:925} INFO - DAG(s) 'latest_only' retrieved from /home/airflow/.local/lib/python3.12/site-packages/airflow/example_dags/example_latest_only.py
[2025-03-24T08:15:14.180+0000] {logging_mixin.py:190} INFO - [2025-03-24T08:15:14.180+0000] {dag.py:3239} INFO - Sync 1 DAGs
[2025-03-24T08:15:14.205+0000] {logging_mixin.py:190} INFO - [2025-03-24T08:15:14.205+0000] {dag.py:4180} INFO - Setting next_dagrun for latest_only to 2025-03-24 04:00:00+00:00, run_after=2025-03-24 08:00:00+00:00
[2025-03-24T08:15:14.231+0000] {processor.py:208} INFO - Processing /home/airflow/.local/lib/python3.12/site-packages/airflow/example_dags/example_latest_only.py took 0.090 seconds
[2025-03-24T08:15:44.423+0000] {processor.py:186} INFO - Started process (PID=784) to work on /home/airflow/.local/lib/python3.12/site-packages/airflow/example_dags/example_latest_only.py
[2025-03-24T08:15:44.424+0000] {processor.py:914} INFO - Processing file /home/airflow/.local/lib/python3.12/site-packages/airflow/example_dags/example_latest_only.py for tasks to queue
[2025-03-24T08:15:44.427+0000] {logging_mixin.py:190} INFO - [2025-03-24T08:15:44.427+0000] {dagbag.py:588} INFO - Filling up the DagBag from /home/airflow/.local/lib/python3.12/site-packages/airflow/example_dags/example_latest_only.py
[2025-03-24T08:15:44.435+0000] {processor.py:925} INFO - DAG(s) 'latest_only' retrieved from /home/airflow/.local/lib/python3.12/site-packages/airflow/example_dags/example_latest_only.py
[2025-03-24T08:15:44.457+0000] {logging_mixin.py:190} INFO - [2025-03-24T08:15:44.456+0000] {dag.py:3239} INFO - Sync 1 DAGs
[2025-03-24T08:15:44.484+0000] {logging_mixin.py:190} INFO - [2025-03-24T08:15:44.484+0000] {dag.py:4180} INFO - Setting next_dagrun for latest_only to 2025-03-24 04:00:00+00:00, run_after=2025-03-24 08:00:00+00:00
[2025-03-24T08:15:44.505+0000] {processor.py:208} INFO - Processing /home/airflow/.local/lib/python3.12/site-packages/airflow/example_dags/example_latest_only.py took 0.088 seconds
[2025-03-24T08:16:15.253+0000] {processor.py:186} INFO - Started process (PID=849) to work on /home/airflow/.local/lib/python3.12/site-packages/airflow/example_dags/example_latest_only.py
[2025-03-24T08:16:15.254+0000] {processor.py:914} INFO - Processing file /home/airflow/.local/lib/python3.12/site-packages/airflow/example_dags/example_latest_only.py for tasks to queue
[2025-03-24T08:16:15.257+0000] {logging_mixin.py:190} INFO - [2025-03-24T08:16:15.257+0000] {dagbag.py:588} INFO - Filling up the DagBag from /home/airflow/.local/lib/python3.12/site-packages/airflow/example_dags/example_latest_only.py
[2025-03-24T08:16:15.265+0000] {processor.py:925} INFO - DAG(s) 'latest_only' retrieved from /home/airflow/.local/lib/python3.12/site-packages/airflow/example_dags/example_latest_only.py
[2025-03-24T08:16:15.286+0000] {logging_mixin.py:190} INFO - [2025-03-24T08:16:15.286+0000] {dag.py:3239} INFO - Sync 1 DAGs
[2025-03-24T08:16:15.312+0000] {logging_mixin.py:190} INFO - [2025-03-24T08:16:15.312+0000] {dag.py:4180} INFO - Setting next_dagrun for latest_only to 2025-03-24 04:00:00+00:00, run_after=2025-03-24 08:00:00+00:00
[2025-03-24T08:16:15.336+0000] {processor.py:208} INFO - Processing /home/airflow/.local/lib/python3.12/site-packages/airflow/example_dags/example_latest_only.py took 0.089 seconds
[2025-03-24T08:16:45.458+0000] {processor.py:186} INFO - Started process (PID=913) to work on /home/airflow/.local/lib/python3.12/site-packages/airflow/example_dags/example_latest_only.py
[2025-03-24T08:16:45.460+0000] {processor.py:914} INFO - Processing file /home/airflow/.local/lib/python3.12/site-packages/airflow/example_dags/example_latest_only.py for tasks to queue
[2025-03-24T08:16:45.462+0000] {logging_mixin.py:190} INFO - [2025-03-24T08:16:45.462+0000] {dagbag.py:588} INFO - Filling up the DagBag from /home/airflow/.local/lib/python3.12/site-packages/airflow/example_dags/example_latest_only.py
[2025-03-24T08:16:45.470+0000] {processor.py:925} INFO - DAG(s) 'latest_only' retrieved from /home/airflow/.local/lib/python3.12/site-packages/airflow/example_dags/example_latest_only.py
[2025-03-24T08:16:45.491+0000] {logging_mixin.py:190} INFO - [2025-03-24T08:16:45.491+0000] {dag.py:3239} INFO - Sync 1 DAGs
[2025-03-24T08:16:45.517+0000] {logging_mixin.py:190} INFO - [2025-03-24T08:16:45.516+0000] {dag.py:4180} INFO - Setting next_dagrun for latest_only to 2025-03-24 04:00:00+00:00, run_after=2025-03-24 08:00:00+00:00
[2025-03-24T08:16:45.540+0000] {processor.py:208} INFO - Processing /home/airflow/.local/lib/python3.12/site-packages/airflow/example_dags/example_latest_only.py took 0.087 seconds
[2025-03-24T08:17:15.592+0000] {processor.py:186} INFO - Started process (PID=976) to work on /home/airflow/.local/lib/python3.12/site-packages/airflow/example_dags/example_latest_only.py
[2025-03-24T08:17:15.593+0000] {processor.py:914} INFO - Processing file /home/airflow/.local/lib/python3.12/site-packages/airflow/example_dags/example_latest_only.py for tasks to queue
[2025-03-24T08:17:15.596+0000] {logging_mixin.py:190} INFO - [2025-03-24T08:17:15.595+0000] {dagbag.py:588} INFO - Filling up the DagBag from /home/airflow/.local/lib/python3.12/site-packages/airflow/example_dags/example_latest_only.py
[2025-03-24T08:17:15.603+0000] {processor.py:925} INFO - DAG(s) 'latest_only' retrieved from /home/airflow/.local/lib/python3.12/site-packages/airflow/example_dags/example_latest_only.py
[2025-03-24T08:17:15.625+0000] {logging_mixin.py:190} INFO - [2025-03-24T08:17:15.625+0000] {dag.py:3239} INFO - Sync 1 DAGs
[2025-03-24T08:17:15.652+0000] {logging_mixin.py:190} INFO - [2025-03-24T08:17:15.652+0000] {dag.py:4180} INFO - Setting next_dagrun for latest_only to 2025-03-24 04:00:00+00:00, run_after=2025-03-24 08:00:00+00:00
[2025-03-24T08:17:15.673+0000] {processor.py:208} INFO - Processing /home/airflow/.local/lib/python3.12/site-packages/airflow/example_dags/example_latest_only.py took 0.088 seconds
[2025-03-24T08:17:45.803+0000] {processor.py:186} INFO - Started process (PID=1040) to work on /home/airflow/.local/lib/python3.12/site-packages/airflow/example_dags/example_latest_only.py
[2025-03-24T08:17:45.804+0000] {processor.py:914} INFO - Processing file /home/airflow/.local/lib/python3.12/site-packages/airflow/example_dags/example_latest_only.py for tasks to queue
[2025-03-24T08:17:45.806+0000] {logging_mixin.py:190} INFO - [2025-03-24T08:17:45.806+0000] {dagbag.py:588} INFO - Filling up the DagBag from /home/airflow/.local/lib/python3.12/site-packages/airflow/example_dags/example_latest_only.py
[2025-03-24T08:17:45.815+0000] {processor.py:925} INFO - DAG(s) 'latest_only' retrieved from /home/airflow/.local/lib/python3.12/site-packages/airflow/example_dags/example_latest_only.py
[2025-03-24T08:17:45.837+0000] {logging_mixin.py:190} INFO - [2025-03-24T08:17:45.837+0000] {dag.py:3239} INFO - Sync 1 DAGs
[2025-03-24T08:17:45.862+0000] {logging_mixin.py:190} INFO - [2025-03-24T08:17:45.862+0000] {dag.py:4180} INFO - Setting next_dagrun for latest_only to 2025-03-24 04:00:00+00:00, run_after=2025-03-24 08:00:00+00:00
[2025-03-24T08:17:45.886+0000] {processor.py:208} INFO - Processing /home/airflow/.local/lib/python3.12/site-packages/airflow/example_dags/example_latest_only.py took 0.090 seconds
[2025-03-24T08:18:16.642+0000] {processor.py:186} INFO - Started process (PID=1104) to work on /home/airflow/.local/lib/python3.12/site-packages/airflow/example_dags/example_latest_only.py
[2025-03-24T08:18:16.643+0000] {processor.py:914} INFO - Processing file /home/airflow/.local/lib/python3.12/site-packages/airflow/example_dags/example_latest_only.py for tasks to queue
[2025-03-24T08:18:16.645+0000] {logging_mixin.py:190} INFO - [2025-03-24T08:18:16.645+0000] {dagbag.py:588} INFO - Filling up the DagBag from /home/airflow/.local/lib/python3.12/site-packages/airflow/example_dags/example_latest_only.py
[2025-03-24T08:18:16.654+0000] {processor.py:925} INFO - DAG(s) 'latest_only' retrieved from /home/airflow/.local/lib/python3.12/site-packages/airflow/example_dags/example_latest_only.py
[2025-03-24T08:18:16.675+0000] {logging_mixin.py:190} INFO - [2025-03-24T08:18:16.675+0000] {dag.py:3239} INFO - Sync 1 DAGs
[2025-03-24T08:18:16.705+0000] {logging_mixin.py:190} INFO - [2025-03-24T08:18:16.704+0000] {dag.py:4180} INFO - Setting next_dagrun for latest_only to 2025-03-24 04:00:00+00:00, run_after=2025-03-24 08:00:00+00:00
[2025-03-24T08:18:16.728+0000] {processor.py:208} INFO - Processing /home/airflow/.local/lib/python3.12/site-packages/airflow/example_dags/example_latest_only.py took 0.093 seconds
[2025-03-24T08:18:46.867+0000] {processor.py:186} INFO - Started process (PID=1168) to work on /home/airflow/.local/lib/python3.12/site-packages/airflow/example_dags/example_latest_only.py
[2025-03-24T08:18:46.868+0000] {processor.py:914} INFO - Processing file /home/airflow/.local/lib/python3.12/site-packages/airflow/example_dags/example_latest_only.py for tasks to queue
[2025-03-24T08:18:46.871+0000] {logging_mixin.py:190} INFO - [2025-03-24T08:18:46.871+0000] {dagbag.py:588} INFO - Filling up the DagBag from /home/airflow/.local/lib/python3.12/site-packages/airflow/example_dags/example_latest_only.py
[2025-03-24T08:18:46.879+0000] {processor.py:925} INFO - DAG(s) 'latest_only' retrieved from /home/airflow/.local/lib/python3.12/site-packages/airflow/example_dags/example_latest_only.py
[2025-03-24T08:18:46.901+0000] {logging_mixin.py:190} INFO - [2025-03-24T08:18:46.900+0000] {dag.py:3239} INFO - Sync 1 DAGs
[2025-03-24T08:18:46.927+0000] {logging_mixin.py:190} INFO - [2025-03-24T08:18:46.927+0000] {dag.py:4180} INFO - Setting next_dagrun for latest_only to 2025-03-24 04:00:00+00:00, run_after=2025-03-24 08:00:00+00:00
[2025-03-24T08:18:46.953+0000] {processor.py:208} INFO - Processing /home/airflow/.local/lib/python3.12/site-packages/airflow/example_dags/example_latest_only.py took 0.092 seconds
[2025-03-24T08:19:17.340+0000] {processor.py:186} INFO - Started process (PID=1232) to work on /home/airflow/.local/lib/python3.12/site-packages/airflow/example_dags/example_latest_only.py
[2025-03-24T08:19:17.342+0000] {processor.py:914} INFO - Processing file /home/airflow/.local/lib/python3.12/site-packages/airflow/example_dags/example_latest_only.py for tasks to queue
[2025-03-24T08:19:17.344+0000] {logging_mixin.py:190} INFO - [2025-03-24T08:19:17.344+0000] {dagbag.py:588} INFO - Filling up the DagBag from /home/airflow/.local/lib/python3.12/site-packages/airflow/example_dags/example_latest_only.py
[2025-03-24T08:19:17.352+0000] {processor.py:925} INFO - DAG(s) 'latest_only' retrieved from /home/airflow/.local/lib/python3.12/site-packages/airflow/example_dags/example_latest_only.py
[2025-03-24T08:19:17.373+0000] {logging_mixin.py:190} INFO - [2025-03-24T08:19:17.372+0000] {dag.py:3239} INFO - Sync 1 DAGs
[2025-03-24T08:19:17.398+0000] {logging_mixin.py:190} INFO - [2025-03-24T08:19:17.398+0000] {dag.py:4180} INFO - Setting next_dagrun for latest_only to 2025-03-24 04:00:00+00:00, run_after=2025-03-24 08:00:00+00:00
[2025-03-24T08:19:17.421+0000] {processor.py:208} INFO - Processing /home/airflow/.local/lib/python3.12/site-packages/airflow/example_dags/example_latest_only.py took 0.087 seconds
[2025-03-24T08:19:47.698+0000] {processor.py:186} INFO - Started process (PID=1296) to work on /home/airflow/.local/lib/python3.12/site-packages/airflow/example_dags/example_latest_only.py
[2025-03-24T08:19:47.700+0000] {processor.py:914} INFO - Processing file /home/airflow/.local/lib/python3.12/site-packages/airflow/example_dags/example_latest_only.py for tasks to queue
[2025-03-24T08:19:47.702+0000] {logging_mixin.py:190} INFO - [2025-03-24T08:19:47.702+0000] {dagbag.py:588} INFO - Filling up the DagBag from /home/airflow/.local/lib/python3.12/site-packages/airflow/example_dags/example_latest_only.py
[2025-03-24T08:19:47.710+0000] {processor.py:925} INFO - DAG(s) 'latest_only' retrieved from /home/airflow/.local/lib/python3.12/site-packages/airflow/example_dags/example_latest_only.py
[2025-03-24T08:19:47.732+0000] {logging_mixin.py:190} INFO - [2025-03-24T08:19:47.732+0000] {dag.py:3239} INFO - Sync 1 DAGs
[2025-03-24T08:19:47.759+0000] {logging_mixin.py:190} INFO - [2025-03-24T08:19:47.758+0000] {dag.py:4180} INFO - Setting next_dagrun for latest_only to 2025-03-24 04:00:00+00:00, run_after=2025-03-24 08:00:00+00:00
[2025-03-24T08:19:47.783+0000] {processor.py:208} INFO - Processing /home/airflow/.local/lib/python3.12/site-packages/airflow/example_dags/example_latest_only.py took 0.091 seconds
[2025-03-24T08:20:18.539+0000] {processor.py:186} INFO - Started process (PID=1360) to work on /home/airflow/.local/lib/python3.12/site-packages/airflow/example_dags/example_latest_only.py
[2025-03-24T08:20:18.540+0000] {processor.py:914} INFO - Processing file /home/airflow/.local/lib/python3.12/site-packages/airflow/example_dags/example_latest_only.py for tasks to queue
[2025-03-24T08:20:18.543+0000] {logging_mixin.py:190} INFO - [2025-03-24T08:20:18.542+0000] {dagbag.py:588} INFO - Filling up the DagBag from /home/airflow/.local/lib/python3.12/site-packages/airflow/example_dags/example_latest_only.py
[2025-03-24T08:20:18.552+0000] {processor.py:925} INFO - DAG(s) 'latest_only' retrieved from /home/airflow/.local/lib/python3.12/site-packages/airflow/example_dags/example_latest_only.py
[2025-03-24T08:20:18.574+0000] {logging_mixin.py:190} INFO - [2025-03-24T08:20:18.573+0000] {dag.py:3239} INFO - Sync 1 DAGs
[2025-03-24T08:20:18.601+0000] {logging_mixin.py:190} INFO - [2025-03-24T08:20:18.601+0000] {dag.py:4180} INFO - Setting next_dagrun for latest_only to 2025-03-24 04:00:00+00:00, run_after=2025-03-24 08:00:00+00:00
[2025-03-24T08:20:18.623+0000] {processor.py:208} INFO - Processing /home/airflow/.local/lib/python3.12/site-packages/airflow/example_dags/example_latest_only.py took 0.091 seconds
[2025-03-24T08:20:49.613+0000] {processor.py:186} INFO - Started process (PID=1424) to work on /home/airflow/.local/lib/python3.12/site-packages/airflow/example_dags/example_latest_only.py
[2025-03-24T08:20:49.615+0000] {processor.py:914} INFO - Processing file /home/airflow/.local/lib/python3.12/site-packages/airflow/example_dags/example_latest_only.py for tasks to queue
[2025-03-24T08:20:49.617+0000] {logging_mixin.py:190} INFO - [2025-03-24T08:20:49.617+0000] {dagbag.py:588} INFO - Filling up the DagBag from /home/airflow/.local/lib/python3.12/site-packages/airflow/example_dags/example_latest_only.py
[2025-03-24T08:20:49.625+0000] {processor.py:925} INFO - DAG(s) 'latest_only' retrieved from /home/airflow/.local/lib/python3.12/site-packages/airflow/example_dags/example_latest_only.py
[2025-03-24T08:20:49.650+0000] {logging_mixin.py:190} INFO - [2025-03-24T08:20:49.650+0000] {dag.py:3239} INFO - Sync 1 DAGs
[2025-03-24T08:20:49.677+0000] {logging_mixin.py:190} INFO - [2025-03-24T08:20:49.677+0000] {dag.py:4180} INFO - Setting next_dagrun for latest_only to 2025-03-24 04:00:00+00:00, run_after=2025-03-24 08:00:00+00:00
[2025-03-24T08:20:49.702+0000] {processor.py:208} INFO - Processing /home/airflow/.local/lib/python3.12/site-packages/airflow/example_dags/example_latest_only.py took 0.096 seconds
[2025-03-24T08:21:20.187+0000] {processor.py:186} INFO - Started process (PID=1488) to work on /home/airflow/.local/lib/python3.12/site-packages/airflow/example_dags/example_latest_only.py
[2025-03-24T08:21:20.188+0000] {processor.py:914} INFO - Processing file /home/airflow/.local/lib/python3.12/site-packages/airflow/example_dags/example_latest_only.py for tasks to queue
[2025-03-24T08:21:20.191+0000] {logging_mixin.py:190} INFO - [2025-03-24T08:21:20.190+0000] {dagbag.py:588} INFO - Filling up the DagBag from /home/airflow/.local/lib/python3.12/site-packages/airflow/example_dags/example_latest_only.py
[2025-03-24T08:21:20.200+0000] {processor.py:925} INFO - DAG(s) 'latest_only' retrieved from /home/airflow/.local/lib/python3.12/site-packages/airflow/example_dags/example_latest_only.py
[2025-03-24T08:21:20.223+0000] {logging_mixin.py:190} INFO - [2025-03-24T08:21:20.223+0000] {dag.py:3239} INFO - Sync 1 DAGs
[2025-03-24T08:21:20.254+0000] {logging_mixin.py:190} INFO - [2025-03-24T08:21:20.253+0000] {dag.py:4180} INFO - Setting next_dagrun for latest_only to 2025-03-24 04:00:00+00:00, run_after=2025-03-24 08:00:00+00:00
[2025-03-24T08:21:20.277+0000] {processor.py:208} INFO - Processing /home/airflow/.local/lib/python3.12/site-packages/airflow/example_dags/example_latest_only.py took 0.098 seconds
[2025-03-24T08:21:50.725+0000] {processor.py:186} INFO - Started process (PID=1552) to work on /home/airflow/.local/lib/python3.12/site-packages/airflow/example_dags/example_latest_only.py
[2025-03-24T08:21:50.726+0000] {processor.py:914} INFO - Processing file /home/airflow/.local/lib/python3.12/site-packages/airflow/example_dags/example_latest_only.py for tasks to queue
[2025-03-24T08:21:50.728+0000] {logging_mixin.py:190} INFO - [2025-03-24T08:21:50.728+0000] {dagbag.py:588} INFO - Filling up the DagBag from /home/airflow/.local/lib/python3.12/site-packages/airflow/example_dags/example_latest_only.py
[2025-03-24T08:21:50.736+0000] {processor.py:925} INFO - DAG(s) 'latest_only' retrieved from /home/airflow/.local/lib/python3.12/site-packages/airflow/example_dags/example_latest_only.py
[2025-03-24T08:21:50.757+0000] {logging_mixin.py:190} INFO - [2025-03-24T08:21:50.757+0000] {dag.py:3239} INFO - Sync 1 DAGs
[2025-03-24T08:21:50.783+0000] {logging_mixin.py:190} INFO - [2025-03-24T08:21:50.782+0000] {dag.py:4180} INFO - Setting next_dagrun for latest_only to 2025-03-24 04:00:00+00:00, run_after=2025-03-24 08:00:00+00:00
[2025-03-24T08:21:50.808+0000] {processor.py:208} INFO - Processing /home/airflow/.local/lib/python3.12/site-packages/airflow/example_dags/example_latest_only.py took 0.089 seconds
[2025-03-24T08:22:21.298+0000] {processor.py:186} INFO - Started process (PID=1616) to work on /home/airflow/.local/lib/python3.12/site-packages/airflow/example_dags/example_latest_only.py
[2025-03-24T08:22:21.299+0000] {processor.py:914} INFO - Processing file /home/airflow/.local/lib/python3.12/site-packages/airflow/example_dags/example_latest_only.py for tasks to queue
[2025-03-24T08:22:21.301+0000] {logging_mixin.py:190} INFO - [2025-03-24T08:22:21.301+0000] {dagbag.py:588} INFO - Filling up the DagBag from /home/airflow/.local/lib/python3.12/site-packages/airflow/example_dags/example_latest_only.py
[2025-03-24T08:22:21.309+0000] {processor.py:925} INFO - DAG(s) 'latest_only' retrieved from /home/airflow/.local/lib/python3.12/site-packages/airflow/example_dags/example_latest_only.py
[2025-03-24T08:22:21.330+0000] {logging_mixin.py:190} INFO - [2025-03-24T08:22:21.330+0000] {dag.py:3239} INFO - Sync 1 DAGs
[2025-03-24T08:22:21.355+0000] {logging_mixin.py:190} INFO - [2025-03-24T08:22:21.355+0000] {dag.py:4180} INFO - Setting next_dagrun for latest_only to 2025-03-24 04:00:00+00:00, run_after=2025-03-24 08:00:00+00:00
[2025-03-24T08:22:21.377+0000] {processor.py:208} INFO - Processing /home/airflow/.local/lib/python3.12/site-packages/airflow/example_dags/example_latest_only.py took 0.086 seconds
[2025-03-24T08:22:52.340+0000] {processor.py:186} INFO - Started process (PID=1680) to work on /home/airflow/.local/lib/python3.12/site-packages/airflow/example_dags/example_latest_only.py
[2025-03-24T08:22:52.342+0000] {processor.py:914} INFO - Processing file /home/airflow/.local/lib/python3.12/site-packages/airflow/example_dags/example_latest_only.py for tasks to queue
[2025-03-24T08:22:52.344+0000] {logging_mixin.py:190} INFO - [2025-03-24T08:22:52.344+0000] {dagbag.py:588} INFO - Filling up the DagBag from /home/airflow/.local/lib/python3.12/site-packages/airflow/example_dags/example_latest_only.py
[2025-03-24T08:22:52.353+0000] {processor.py:925} INFO - DAG(s) 'latest_only' retrieved from /home/airflow/.local/lib/python3.12/site-packages/airflow/example_dags/example_latest_only.py
[2025-03-24T08:22:52.374+0000] {logging_mixin.py:190} INFO - [2025-03-24T08:22:52.374+0000] {dag.py:3239} INFO - Sync 1 DAGs
[2025-03-24T08:22:52.400+0000] {logging_mixin.py:190} INFO - [2025-03-24T08:22:52.400+0000] {dag.py:4180} INFO - Setting next_dagrun for latest_only to 2025-03-24 04:00:00+00:00, run_after=2025-03-24 08:00:00+00:00
[2025-03-24T08:22:52.430+0000] {processor.py:208} INFO - Processing /home/airflow/.local/lib/python3.12/site-packages/airflow/example_dags/example_latest_only.py took 0.096 seconds
[2025-03-24T08:23:22.613+0000] {processor.py:186} INFO - Started process (PID=1744) to work on /home/airflow/.local/lib/python3.12/site-packages/airflow/example_dags/example_latest_only.py
[2025-03-24T08:23:22.614+0000] {processor.py:914} INFO - Processing file /home/airflow/.local/lib/python3.12/site-packages/airflow/example_dags/example_latest_only.py for tasks to queue
[2025-03-24T08:23:22.617+0000] {logging_mixin.py:190} INFO - [2025-03-24T08:23:22.616+0000] {dagbag.py:588} INFO - Filling up the DagBag from /home/airflow/.local/lib/python3.12/site-packages/airflow/example_dags/example_latest_only.py
[2025-03-24T08:23:22.625+0000] {processor.py:925} INFO - DAG(s) 'latest_only' retrieved from /home/airflow/.local/lib/python3.12/site-packages/airflow/example_dags/example_latest_only.py
[2025-03-24T08:23:22.645+0000] {logging_mixin.py:190} INFO - [2025-03-24T08:23:22.645+0000] {dag.py:3239} INFO - Sync 1 DAGs
[2025-03-24T08:23:22.671+0000] {logging_mixin.py:190} INFO - [2025-03-24T08:23:22.671+0000] {dag.py:4180} INFO - Setting next_dagrun for latest_only to 2025-03-24 04:00:00+00:00, run_after=2025-03-24 08:00:00+00:00
[2025-03-24T08:23:22.692+0000] {processor.py:208} INFO - Processing /home/airflow/.local/lib/python3.12/site-packages/airflow/example_dags/example_latest_only.py took 0.086 seconds
[2025-03-24T08:23:53.026+0000] {processor.py:186} INFO - Started process (PID=1808) to work on /home/airflow/.local/lib/python3.12/site-packages/airflow/example_dags/example_latest_only.py
[2025-03-24T08:23:53.027+0000] {processor.py:914} INFO - Processing file /home/airflow/.local/lib/python3.12/site-packages/airflow/example_dags/example_latest_only.py for tasks to queue
[2025-03-24T08:23:53.030+0000] {logging_mixin.py:190} INFO - [2025-03-24T08:23:53.030+0000] {dagbag.py:588} INFO - Filling up the DagBag from /home/airflow/.local/lib/python3.12/site-packages/airflow/example_dags/example_latest_only.py
[2025-03-24T08:23:53.038+0000] {processor.py:925} INFO - DAG(s) 'latest_only' retrieved from /home/airflow/.local/lib/python3.12/site-packages/airflow/example_dags/example_latest_only.py
[2025-03-24T08:23:53.060+0000] {logging_mixin.py:190} INFO - [2025-03-24T08:23:53.059+0000] {dag.py:3239} INFO - Sync 1 DAGs
[2025-03-24T08:23:53.090+0000] {logging_mixin.py:190} INFO - [2025-03-24T08:23:53.090+0000] {dag.py:4180} INFO - Setting next_dagrun for latest_only to 2025-03-24 04:00:00+00:00, run_after=2025-03-24 08:00:00+00:00
[2025-03-24T08:23:53.117+0000] {processor.py:208} INFO - Processing /home/airflow/.local/lib/python3.12/site-packages/airflow/example_dags/example_latest_only.py took 0.097 seconds
[2025-03-24T08:24:23.263+0000] {processor.py:186} INFO - Started process (PID=1872) to work on /home/airflow/.local/lib/python3.12/site-packages/airflow/example_dags/example_latest_only.py
[2025-03-24T08:24:23.265+0000] {processor.py:914} INFO - Processing file /home/airflow/.local/lib/python3.12/site-packages/airflow/example_dags/example_latest_only.py for tasks to queue
[2025-03-24T08:24:23.267+0000] {logging_mixin.py:190} INFO - [2025-03-24T08:24:23.267+0000] {dagbag.py:588} INFO - Filling up the DagBag from /home/airflow/.local/lib/python3.12/site-packages/airflow/example_dags/example_latest_only.py
[2025-03-24T08:24:23.275+0000] {processor.py:925} INFO - DAG(s) 'latest_only' retrieved from /home/airflow/.local/lib/python3.12/site-packages/airflow/example_dags/example_latest_only.py
[2025-03-24T08:24:23.298+0000] {logging_mixin.py:190} INFO - [2025-03-24T08:24:23.298+0000] {dag.py:3239} INFO - Sync 1 DAGs
[2025-03-24T08:24:23.324+0000] {logging_mixin.py:190} INFO - [2025-03-24T08:24:23.324+0000] {dag.py:4180} INFO - Setting next_dagrun for latest_only to 2025-03-24 04:00:00+00:00, run_after=2025-03-24 08:00:00+00:00
[2025-03-24T08:24:23.350+0000] {processor.py:208} INFO - Processing /home/airflow/.local/lib/python3.12/site-packages/airflow/example_dags/example_latest_only.py took 0.094 seconds
[2025-03-24T08:24:53.489+0000] {processor.py:186} INFO - Started process (PID=1936) to work on /home/airflow/.local/lib/python3.12/site-packages/airflow/example_dags/example_latest_only.py
[2025-03-24T08:24:53.490+0000] {processor.py:914} INFO - Processing file /home/airflow/.local/lib/python3.12/site-packages/airflow/example_dags/example_latest_only.py for tasks to queue
[2025-03-24T08:24:53.493+0000] {logging_mixin.py:190} INFO - [2025-03-24T08:24:53.493+0000] {dagbag.py:588} INFO - Filling up the DagBag from /home/airflow/.local/lib/python3.12/site-packages/airflow/example_dags/example_latest_only.py
[2025-03-24T08:24:53.501+0000] {processor.py:925} INFO - DAG(s) 'latest_only' retrieved from /home/airflow/.local/lib/python3.12/site-packages/airflow/example_dags/example_latest_only.py
[2025-03-24T08:24:53.523+0000] {logging_mixin.py:190} INFO - [2025-03-24T08:24:53.523+0000] {dag.py:3239} INFO - Sync 1 DAGs
[2025-03-24T08:24:53.549+0000] {logging_mixin.py:190} INFO - [2025-03-24T08:24:53.549+0000] {dag.py:4180} INFO - Setting next_dagrun for latest_only to 2025-03-24 04:00:00+00:00, run_after=2025-03-24 08:00:00+00:00
[2025-03-24T08:24:53.571+0000] {processor.py:208} INFO - Processing /home/airflow/.local/lib/python3.12/site-packages/airflow/example_dags/example_latest_only.py took 0.089 seconds
[2025-03-24T08:25:23.829+0000] {processor.py:186} INFO - Started process (PID=2000) to work on /home/airflow/.local/lib/python3.12/site-packages/airflow/example_dags/example_latest_only.py
[2025-03-24T08:25:23.830+0000] {processor.py:914} INFO - Processing file /home/airflow/.local/lib/python3.12/site-packages/airflow/example_dags/example_latest_only.py for tasks to queue
[2025-03-24T08:25:23.833+0000] {logging_mixin.py:190} INFO - [2025-03-24T08:25:23.832+0000] {dagbag.py:588} INFO - Filling up the DagBag from /home/airflow/.local/lib/python3.12/site-packages/airflow/example_dags/example_latest_only.py
[2025-03-24T08:25:23.840+0000] {processor.py:925} INFO - DAG(s) 'latest_only' retrieved from /home/airflow/.local/lib/python3.12/site-packages/airflow/example_dags/example_latest_only.py
[2025-03-24T08:25:23.861+0000] {logging_mixin.py:190} INFO - [2025-03-24T08:25:23.861+0000] {dag.py:3239} INFO - Sync 1 DAGs
[2025-03-24T08:25:23.886+0000] {logging_mixin.py:190} INFO - [2025-03-24T08:25:23.886+0000] {dag.py:4180} INFO - Setting next_dagrun for latest_only to 2025-03-24 04:00:00+00:00, run_after=2025-03-24 08:00:00+00:00
[2025-03-24T08:25:23.911+0000] {processor.py:208} INFO - Processing /home/airflow/.local/lib/python3.12/site-packages/airflow/example_dags/example_latest_only.py took 0.088 seconds
[2025-03-24T08:25:54.284+0000] {processor.py:186} INFO - Started process (PID=2064) to work on /home/airflow/.local/lib/python3.12/site-packages/airflow/example_dags/example_latest_only.py
[2025-03-24T08:25:54.285+0000] {processor.py:914} INFO - Processing file /home/airflow/.local/lib/python3.12/site-packages/airflow/example_dags/example_latest_only.py for tasks to queue
[2025-03-24T08:25:54.288+0000] {logging_mixin.py:190} INFO - [2025-03-24T08:25:54.287+0000] {dagbag.py:588} INFO - Filling up the DagBag from /home/airflow/.local/lib/python3.12/site-packages/airflow/example_dags/example_latest_only.py
[2025-03-24T08:25:54.297+0000] {processor.py:925} INFO - DAG(s) 'latest_only' retrieved from /home/airflow/.local/lib/python3.12/site-packages/airflow/example_dags/example_latest_only.py
[2025-03-24T08:25:54.318+0000] {logging_mixin.py:190} INFO - [2025-03-24T08:25:54.318+0000] {dag.py:3239} INFO - Sync 1 DAGs
[2025-03-24T08:25:54.344+0000] {logging_mixin.py:190} INFO - [2025-03-24T08:25:54.343+0000] {dag.py:4180} INFO - Setting next_dagrun for latest_only to 2025-03-24 04:00:00+00:00, run_after=2025-03-24 08:00:00+00:00
[2025-03-24T08:25:54.368+0000] {processor.py:208} INFO - Processing /home/airflow/.local/lib/python3.12/site-packages/airflow/example_dags/example_latest_only.py took 0.091 seconds
[2025-03-24T08:26:24.526+0000] {processor.py:186} INFO - Started process (PID=2128) to work on /home/airflow/.local/lib/python3.12/site-packages/airflow/example_dags/example_latest_only.py
[2025-03-24T08:26:24.527+0000] {processor.py:914} INFO - Processing file /home/airflow/.local/lib/python3.12/site-packages/airflow/example_dags/example_latest_only.py for tasks to queue
[2025-03-24T08:26:24.530+0000] {logging_mixin.py:190} INFO - [2025-03-24T08:26:24.529+0000] {dagbag.py:588} INFO - Filling up the DagBag from /home/airflow/.local/lib/python3.12/site-packages/airflow/example_dags/example_latest_only.py
[2025-03-24T08:26:24.537+0000] {processor.py:925} INFO - DAG(s) 'latest_only' retrieved from /home/airflow/.local/lib/python3.12/site-packages/airflow/example_dags/example_latest_only.py
[2025-03-24T08:26:24.559+0000] {logging_mixin.py:190} INFO - [2025-03-24T08:26:24.559+0000] {dag.py:3239} INFO - Sync 1 DAGs
[2025-03-24T08:26:24.586+0000] {logging_mixin.py:190} INFO - [2025-03-24T08:26:24.586+0000] {dag.py:4180} INFO - Setting next_dagrun for latest_only to 2025-03-24 04:00:00+00:00, run_after=2025-03-24 08:00:00+00:00
[2025-03-24T08:26:24.612+0000] {processor.py:208} INFO - Processing /home/airflow/.local/lib/python3.12/site-packages/airflow/example_dags/example_latest_only.py took 0.092 seconds
[2025-03-24T08:26:54.741+0000] {processor.py:186} INFO - Started process (PID=2192) to work on /home/airflow/.local/lib/python3.12/site-packages/airflow/example_dags/example_latest_only.py
[2025-03-24T08:26:54.743+0000] {processor.py:914} INFO - Processing file /home/airflow/.local/lib/python3.12/site-packages/airflow/example_dags/example_latest_only.py for tasks to queue
[2025-03-24T08:26:54.745+0000] {logging_mixin.py:190} INFO - [2025-03-24T08:26:54.745+0000] {dagbag.py:588} INFO - Filling up the DagBag from /home/airflow/.local/lib/python3.12/site-packages/airflow/example_dags/example_latest_only.py
[2025-03-24T08:26:54.754+0000] {processor.py:925} INFO - DAG(s) 'latest_only' retrieved from /home/airflow/.local/lib/python3.12/site-packages/airflow/example_dags/example_latest_only.py
[2025-03-24T08:26:54.776+0000] {logging_mixin.py:190} INFO - [2025-03-24T08:26:54.776+0000] {dag.py:3239} INFO - Sync 1 DAGs
[2025-03-24T08:26:54.801+0000] {logging_mixin.py:190} INFO - [2025-03-24T08:26:54.801+0000] {dag.py:4180} INFO - Setting next_dagrun for latest_only to 2025-03-24 04:00:00+00:00, run_after=2025-03-24 08:00:00+00:00
[2025-03-24T08:26:54.820+0000] {processor.py:208} INFO - Processing /home/airflow/.local/lib/python3.12/site-packages/airflow/example_dags/example_latest_only.py took 0.085 seconds
[2025-03-24T08:27:25.088+0000] {processor.py:186} INFO - Started process (PID=2256) to work on /home/airflow/.local/lib/python3.12/site-packages/airflow/example_dags/example_latest_only.py
[2025-03-24T08:27:25.089+0000] {processor.py:914} INFO - Processing file /home/airflow/.local/lib/python3.12/site-packages/airflow/example_dags/example_latest_only.py for tasks to queue
[2025-03-24T08:27:25.092+0000] {logging_mixin.py:190} INFO - [2025-03-24T08:27:25.092+0000] {dagbag.py:588} INFO - Filling up the DagBag from /home/airflow/.local/lib/python3.12/site-packages/airflow/example_dags/example_latest_only.py
[2025-03-24T08:27:25.101+0000] {processor.py:925} INFO - DAG(s) 'latest_only' retrieved from /home/airflow/.local/lib/python3.12/site-packages/airflow/example_dags/example_latest_only.py
[2025-03-24T08:27:25.125+0000] {logging_mixin.py:190} INFO - [2025-03-24T08:27:25.125+0000] {dag.py:3239} INFO - Sync 1 DAGs
[2025-03-24T08:27:25.153+0000] {logging_mixin.py:190} INFO - [2025-03-24T08:27:25.153+0000] {dag.py:4180} INFO - Setting next_dagrun for latest_only to 2025-03-24 04:00:00+00:00, run_after=2025-03-24 08:00:00+00:00
[2025-03-24T08:27:25.175+0000] {processor.py:208} INFO - Processing /home/airflow/.local/lib/python3.12/site-packages/airflow/example_dags/example_latest_only.py took 0.094 seconds
[2025-03-24T08:27:55.352+0000] {processor.py:186} INFO - Started process (PID=2320) to work on /home/airflow/.local/lib/python3.12/site-packages/airflow/example_dags/example_latest_only.py
[2025-03-24T08:27:55.353+0000] {processor.py:914} INFO - Processing file /home/airflow/.local/lib/python3.12/site-packages/airflow/example_dags/example_latest_only.py for tasks to queue
[2025-03-24T08:27:55.356+0000] {logging_mixin.py:190} INFO - [2025-03-24T08:27:55.355+0000] {dagbag.py:588} INFO - Filling up the DagBag from /home/airflow/.local/lib/python3.12/site-packages/airflow/example_dags/example_latest_only.py
[2025-03-24T08:27:55.364+0000] {processor.py:925} INFO - DAG(s) 'latest_only' retrieved from /home/airflow/.local/lib/python3.12/site-packages/airflow/example_dags/example_latest_only.py
[2025-03-24T08:27:55.385+0000] {logging_mixin.py:190} INFO - [2025-03-24T08:27:55.385+0000] {dag.py:3239} INFO - Sync 1 DAGs
[2025-03-24T08:27:55.412+0000] {logging_mixin.py:190} INFO - [2025-03-24T08:27:55.412+0000] {dag.py:4180} INFO - Setting next_dagrun for latest_only to 2025-03-24 04:00:00+00:00, run_after=2025-03-24 08:00:00+00:00
[2025-03-24T08:27:55.434+0000] {processor.py:208} INFO - Processing /home/airflow/.local/lib/python3.12/site-packages/airflow/example_dags/example_latest_only.py took 0.089 seconds
[2025-03-24T08:28:26.135+0000] {processor.py:186} INFO - Started process (PID=2384) to work on /home/airflow/.local/lib/python3.12/site-packages/airflow/example_dags/example_latest_only.py
[2025-03-24T08:28:26.136+0000] {processor.py:914} INFO - Processing file /home/airflow/.local/lib/python3.12/site-packages/airflow/example_dags/example_latest_only.py for tasks to queue
[2025-03-24T08:28:26.139+0000] {logging_mixin.py:190} INFO - [2025-03-24T08:28:26.138+0000] {dagbag.py:588} INFO - Filling up the DagBag from /home/airflow/.local/lib/python3.12/site-packages/airflow/example_dags/example_latest_only.py
[2025-03-24T08:28:26.147+0000] {processor.py:925} INFO - DAG(s) 'latest_only' retrieved from /home/airflow/.local/lib/python3.12/site-packages/airflow/example_dags/example_latest_only.py
[2025-03-24T08:28:26.168+0000] {logging_mixin.py:190} INFO - [2025-03-24T08:28:26.167+0000] {dag.py:3239} INFO - Sync 1 DAGs
[2025-03-24T08:28:26.194+0000] {logging_mixin.py:190} INFO - [2025-03-24T08:28:26.193+0000] {dag.py:4180} INFO - Setting next_dagrun for latest_only to 2025-03-24 04:00:00+00:00, run_after=2025-03-24 08:00:00+00:00
[2025-03-24T08:28:26.216+0000] {processor.py:208} INFO - Processing /home/airflow/.local/lib/python3.12/site-packages/airflow/example_dags/example_latest_only.py took 0.088 seconds
[2025-03-24T08:28:57.321+0000] {processor.py:186} INFO - Started process (PID=2448) to work on /home/airflow/.local/lib/python3.12/site-packages/airflow/example_dags/example_latest_only.py
[2025-03-24T08:28:57.322+0000] {processor.py:914} INFO - Processing file /home/airflow/.local/lib/python3.12/site-packages/airflow/example_dags/example_latest_only.py for tasks to queue
[2025-03-24T08:28:57.324+0000] {logging_mixin.py:190} INFO - [2025-03-24T08:28:57.324+0000] {dagbag.py:588} INFO - Filling up the DagBag from /home/airflow/.local/lib/python3.12/site-packages/airflow/example_dags/example_latest_only.py
[2025-03-24T08:28:57.333+0000] {processor.py:925} INFO - DAG(s) 'latest_only' retrieved from /home/airflow/.local/lib/python3.12/site-packages/airflow/example_dags/example_latest_only.py
[2025-03-24T08:28:57.356+0000] {logging_mixin.py:190} INFO - [2025-03-24T08:28:57.356+0000] {dag.py:3239} INFO - Sync 1 DAGs
[2025-03-24T08:28:57.385+0000] {logging_mixin.py:190} INFO - [2025-03-24T08:28:57.385+0000] {dag.py:4180} INFO - Setting next_dagrun for latest_only to 2025-03-24 04:00:00+00:00, run_after=2025-03-24 08:00:00+00:00
[2025-03-24T08:28:57.412+0000] {processor.py:208} INFO - Processing /home/airflow/.local/lib/python3.12/site-packages/airflow/example_dags/example_latest_only.py took 0.098 seconds
[2025-03-24T08:29:28.248+0000] {processor.py:186} INFO - Started process (PID=2512) to work on /home/airflow/.local/lib/python3.12/site-packages/airflow/example_dags/example_latest_only.py
[2025-03-24T08:29:28.249+0000] {processor.py:914} INFO - Processing file /home/airflow/.local/lib/python3.12/site-packages/airflow/example_dags/example_latest_only.py for tasks to queue
[2025-03-24T08:29:28.252+0000] {logging_mixin.py:190} INFO - [2025-03-24T08:29:28.252+0000] {dagbag.py:588} INFO - Filling up the DagBag from /home/airflow/.local/lib/python3.12/site-packages/airflow/example_dags/example_latest_only.py
[2025-03-24T08:29:28.260+0000] {processor.py:925} INFO - DAG(s) 'latest_only' retrieved from /home/airflow/.local/lib/python3.12/site-packages/airflow/example_dags/example_latest_only.py
[2025-03-24T08:29:28.281+0000] {logging_mixin.py:190} INFO - [2025-03-24T08:29:28.281+0000] {dag.py:3239} INFO - Sync 1 DAGs
[2025-03-24T08:29:28.307+0000] {logging_mixin.py:190} INFO - [2025-03-24T08:29:28.307+0000] {dag.py:4180} INFO - Setting next_dagrun for latest_only to 2025-03-24 04:00:00+00:00, run_after=2025-03-24 08:00:00+00:00
[2025-03-24T08:29:28.329+0000] {processor.py:208} INFO - Processing /home/airflow/.local/lib/python3.12/site-packages/airflow/example_dags/example_latest_only.py took 0.087 seconds
[2025-03-24T08:29:59.096+0000] {processor.py:186} INFO - Started process (PID=2572) to work on /home/airflow/.local/lib/python3.12/site-packages/airflow/example_dags/example_latest_only.py
[2025-03-24T08:29:59.097+0000] {processor.py:914} INFO - Processing file /home/airflow/.local/lib/python3.12/site-packages/airflow/example_dags/example_latest_only.py for tasks to queue
[2025-03-24T08:29:59.100+0000] {logging_mixin.py:190} INFO - [2025-03-24T08:29:59.100+0000] {dagbag.py:588} INFO - Filling up the DagBag from /home/airflow/.local/lib/python3.12/site-packages/airflow/example_dags/example_latest_only.py
[2025-03-24T08:29:59.108+0000] {processor.py:925} INFO - DAG(s) 'latest_only' retrieved from /home/airflow/.local/lib/python3.12/site-packages/airflow/example_dags/example_latest_only.py
[2025-03-24T08:29:59.129+0000] {logging_mixin.py:190} INFO - [2025-03-24T08:29:59.129+0000] {dag.py:3239} INFO - Sync 1 DAGs
[2025-03-24T08:29:59.156+0000] {logging_mixin.py:190} INFO - [2025-03-24T08:29:59.156+0000] {dag.py:4180} INFO - Setting next_dagrun for latest_only to 2025-03-24 04:00:00+00:00, run_after=2025-03-24 08:00:00+00:00
[2025-03-24T08:29:59.188+0000] {processor.py:208} INFO - Processing /home/airflow/.local/lib/python3.12/site-packages/airflow/example_dags/example_latest_only.py took 0.099 seconds
[2025-03-24T08:30:30.280+0000] {processor.py:186} INFO - Started process (PID=2636) to work on /home/airflow/.local/lib/python3.12/site-packages/airflow/example_dags/example_latest_only.py
[2025-03-24T08:30:30.281+0000] {processor.py:914} INFO - Processing file /home/airflow/.local/lib/python3.12/site-packages/airflow/example_dags/example_latest_only.py for tasks to queue
[2025-03-24T08:30:30.283+0000] {logging_mixin.py:190} INFO - [2025-03-24T08:30:30.283+0000] {dagbag.py:588} INFO - Filling up the DagBag from /home/airflow/.local/lib/python3.12/site-packages/airflow/example_dags/example_latest_only.py
[2025-03-24T08:30:30.291+0000] {processor.py:925} INFO - DAG(s) 'latest_only' retrieved from /home/airflow/.local/lib/python3.12/site-packages/airflow/example_dags/example_latest_only.py
[2025-03-24T08:30:30.311+0000] {logging_mixin.py:190} INFO - [2025-03-24T08:30:30.311+0000] {dag.py:3239} INFO - Sync 1 DAGs
[2025-03-24T08:30:30.336+0000] {logging_mixin.py:190} INFO - [2025-03-24T08:30:30.336+0000] {dag.py:4180} INFO - Setting next_dagrun for latest_only to 2025-03-24 04:00:00+00:00, run_after=2025-03-24 08:00:00+00:00
[2025-03-24T08:30:30.365+0000] {processor.py:208} INFO - Processing /home/airflow/.local/lib/python3.12/site-packages/airflow/example_dags/example_latest_only.py took 0.092 seconds
[2025-03-24T08:31:00.967+0000] {processor.py:186} INFO - Started process (PID=2700) to work on /home/airflow/.local/lib/python3.12/site-packages/airflow/example_dags/example_latest_only.py
[2025-03-24T08:31:00.969+0000] {processor.py:914} INFO - Processing file /home/airflow/.local/lib/python3.12/site-packages/airflow/example_dags/example_latest_only.py for tasks to queue
[2025-03-24T08:31:00.971+0000] {logging_mixin.py:190} INFO - [2025-03-24T08:31:00.971+0000] {dagbag.py:588} INFO - Filling up the DagBag from /home/airflow/.local/lib/python3.12/site-packages/airflow/example_dags/example_latest_only.py
[2025-03-24T08:31:00.979+0000] {processor.py:925} INFO - DAG(s) 'latest_only' retrieved from /home/airflow/.local/lib/python3.12/site-packages/airflow/example_dags/example_latest_only.py
[2025-03-24T08:31:01.000+0000] {logging_mixin.py:190} INFO - [2025-03-24T08:31:01.000+0000] {dag.py:3239} INFO - Sync 1 DAGs
[2025-03-24T08:31:01.027+0000] {logging_mixin.py:190} INFO - [2025-03-24T08:31:01.026+0000] {dag.py:4180} INFO - Setting next_dagrun for latest_only to 2025-03-24 04:00:00+00:00, run_after=2025-03-24 08:00:00+00:00
[2025-03-24T08:31:01.052+0000] {processor.py:208} INFO - Processing /home/airflow/.local/lib/python3.12/site-packages/airflow/example_dags/example_latest_only.py took 0.091 seconds
[2025-03-24T08:31:32.578+0000] {processor.py:186} INFO - Started process (PID=2764) to work on /home/airflow/.local/lib/python3.12/site-packages/airflow/example_dags/example_latest_only.py
[2025-03-24T08:31:32.579+0000] {processor.py:914} INFO - Processing file /home/airflow/.local/lib/python3.12/site-packages/airflow/example_dags/example_latest_only.py for tasks to queue
[2025-03-24T08:31:32.582+0000] {logging_mixin.py:190} INFO - [2025-03-24T08:31:32.582+0000] {dagbag.py:588} INFO - Filling up the DagBag from /home/airflow/.local/lib/python3.12/site-packages/airflow/example_dags/example_latest_only.py
[2025-03-24T08:31:32.589+0000] {processor.py:925} INFO - DAG(s) 'latest_only' retrieved from /home/airflow/.local/lib/python3.12/site-packages/airflow/example_dags/example_latest_only.py
[2025-03-24T08:31:32.610+0000] {logging_mixin.py:190} INFO - [2025-03-24T08:31:32.610+0000] {dag.py:3239} INFO - Sync 1 DAGs
[2025-03-24T08:31:32.635+0000] {logging_mixin.py:190} INFO - [2025-03-24T08:31:32.635+0000] {dag.py:4180} INFO - Setting next_dagrun for latest_only to 2025-03-24 04:00:00+00:00, run_after=2025-03-24 08:00:00+00:00
[2025-03-24T08:31:32.662+0000] {processor.py:208} INFO - Processing /home/airflow/.local/lib/python3.12/site-packages/airflow/example_dags/example_latest_only.py took 0.090 seconds
[2025-03-24T08:32:03.374+0000] {processor.py:186} INFO - Started process (PID=2818) to work on /home/airflow/.local/lib/python3.12/site-packages/airflow/example_dags/example_latest_only.py
[2025-03-24T08:32:03.375+0000] {processor.py:914} INFO - Processing file /home/airflow/.local/lib/python3.12/site-packages/airflow/example_dags/example_latest_only.py for tasks to queue
[2025-03-24T08:32:03.378+0000] {logging_mixin.py:190} INFO - [2025-03-24T08:32:03.377+0000] {dagbag.py:588} INFO - Filling up the DagBag from /home/airflow/.local/lib/python3.12/site-packages/airflow/example_dags/example_latest_only.py
[2025-03-24T08:32:03.386+0000] {processor.py:925} INFO - DAG(s) 'latest_only' retrieved from /home/airflow/.local/lib/python3.12/site-packages/airflow/example_dags/example_latest_only.py
[2025-03-24T08:32:03.408+0000] {logging_mixin.py:190} INFO - [2025-03-24T08:32:03.407+0000] {dag.py:3239} INFO - Sync 1 DAGs
[2025-03-24T08:32:03.437+0000] {logging_mixin.py:190} INFO - [2025-03-24T08:32:03.437+0000] {dag.py:4180} INFO - Setting next_dagrun for latest_only to 2025-03-24 04:00:00+00:00, run_after=2025-03-24 08:00:00+00:00
[2025-03-24T08:32:03.459+0000] {processor.py:208} INFO - Processing /home/airflow/.local/lib/python3.12/site-packages/airflow/example_dags/example_latest_only.py took 0.092 seconds
[2025-03-24T08:32:34.264+0000] {processor.py:186} INFO - Started process (PID=2877) to work on /home/airflow/.local/lib/python3.12/site-packages/airflow/example_dags/example_latest_only.py
[2025-03-24T08:32:34.265+0000] {processor.py:914} INFO - Processing file /home/airflow/.local/lib/python3.12/site-packages/airflow/example_dags/example_latest_only.py for tasks to queue
[2025-03-24T08:32:34.268+0000] {logging_mixin.py:190} INFO - [2025-03-24T08:32:34.267+0000] {dagbag.py:588} INFO - Filling up the DagBag from /home/airflow/.local/lib/python3.12/site-packages/airflow/example_dags/example_latest_only.py
[2025-03-24T08:32:34.276+0000] {processor.py:925} INFO - DAG(s) 'latest_only' retrieved from /home/airflow/.local/lib/python3.12/site-packages/airflow/example_dags/example_latest_only.py
[2025-03-24T08:32:34.299+0000] {logging_mixin.py:190} INFO - [2025-03-24T08:32:34.298+0000] {dag.py:3239} INFO - Sync 1 DAGs
[2025-03-24T08:32:34.324+0000] {logging_mixin.py:190} INFO - [2025-03-24T08:32:34.324+0000] {dag.py:4180} INFO - Setting next_dagrun for latest_only to 2025-03-24 04:00:00+00:00, run_after=2025-03-24 08:00:00+00:00
[2025-03-24T08:32:34.347+0000] {processor.py:208} INFO - Processing /home/airflow/.local/lib/python3.12/site-packages/airflow/example_dags/example_latest_only.py took 0.089 seconds
[2025-03-24T08:33:05.936+0000] {processor.py:186} INFO - Started process (PID=2946) to work on /home/airflow/.local/lib/python3.12/site-packages/airflow/example_dags/example_latest_only.py
[2025-03-24T08:33:05.938+0000] {processor.py:914} INFO - Processing file /home/airflow/.local/lib/python3.12/site-packages/airflow/example_dags/example_latest_only.py for tasks to queue
[2025-03-24T08:33:05.940+0000] {logging_mixin.py:190} INFO - [2025-03-24T08:33:05.940+0000] {dagbag.py:588} INFO - Filling up the DagBag from /home/airflow/.local/lib/python3.12/site-packages/airflow/example_dags/example_latest_only.py
[2025-03-24T08:33:05.948+0000] {processor.py:925} INFO - DAG(s) 'latest_only' retrieved from /home/airflow/.local/lib/python3.12/site-packages/airflow/example_dags/example_latest_only.py
[2025-03-24T08:33:05.971+0000] {logging_mixin.py:190} INFO - [2025-03-24T08:33:05.971+0000] {dag.py:3239} INFO - Sync 1 DAGs
[2025-03-24T08:33:05.999+0000] {logging_mixin.py:190} INFO - [2025-03-24T08:33:05.999+0000] {dag.py:4180} INFO - Setting next_dagrun for latest_only to 2025-03-24 04:00:00+00:00, run_after=2025-03-24 08:00:00+00:00
[2025-03-24T08:33:06.022+0000] {processor.py:208} INFO - Processing /home/airflow/.local/lib/python3.12/site-packages/airflow/example_dags/example_latest_only.py took 0.091 seconds
