[2025-03-24T08:10:11.854+0000] {processor.py:186} INFO - Started process (PID=98) to work on /home/airflow/.local/lib/python3.12/site-packages/airflow/example_dags/tutorial_dag.py
[2025-03-24T08:10:11.855+0000] {processor.py:914} INFO - Processing file /home/airflow/.local/lib/python3.12/site-packages/airflow/example_dags/tutorial_dag.py for tasks to queue
[2025-03-24T08:10:11.858+0000] {logging_mixin.py:190} INFO - [2025-03-24T08:10:11.858+0000] {dagbag.py:588} INFO - Filling up the DagBag from /home/airflow/.local/lib/python3.12/site-packages/airflow/example_dags/tutorial_dag.py
[2025-03-24T08:10:11.868+0000] {processor.py:925} INFO - DAG(s) 'tutorial_dag' retrieved from /home/airflow/.local/lib/python3.12/site-packages/airflow/example_dags/tutorial_dag.py
[2025-03-24T08:10:11.995+0000] {logging_mixin.py:190} INFO - [2025-03-24T08:10:11.994+0000] {override.py:1912} INFO - Created Permission View: can read on DAG:tutorial_dag
[2025-03-24T08:10:12.006+0000] {logging_mixin.py:190} INFO - [2025-03-24T08:10:12.006+0000] {override.py:1912} INFO - Created Permission View: can delete on DAG:tutorial_dag
[2025-03-24T08:10:12.015+0000] {logging_mixin.py:190} INFO - [2025-03-24T08:10:12.014+0000] {override.py:1912} INFO - Created Permission View: can edit on DAG:tutorial_dag
[2025-03-24T08:10:12.024+0000] {logging_mixin.py:190} INFO - [2025-03-24T08:10:12.024+0000] {override.py:1912} INFO - Created Permission View: can create on DAG Run:tutorial_dag
[2025-03-24T08:10:12.033+0000] {logging_mixin.py:190} INFO - [2025-03-24T08:10:12.032+0000] {override.py:1912} INFO - Created Permission View: menu access on DAG Run:tutorial_dag
[2025-03-24T08:10:12.040+0000] {logging_mixin.py:190} INFO - [2025-03-24T08:10:12.040+0000] {override.py:1912} INFO - Created Permission View: can read on DAG Run:tutorial_dag
[2025-03-24T08:10:12.048+0000] {logging_mixin.py:190} INFO - [2025-03-24T08:10:12.048+0000] {override.py:1912} INFO - Created Permission View: can delete on DAG Run:tutorial_dag
[2025-03-24T08:10:12.049+0000] {logging_mixin.py:190} INFO - [2025-03-24T08:10:12.049+0000] {dag.py:3239} INFO - Sync 1 DAGs
[2025-03-24T08:10:12.064+0000] {logging_mixin.py:190} INFO - [2025-03-24T08:10:12.063+0000] {dag.py:3262} INFO - Creating ORM DAG for tutorial_dag
[2025-03-24T08:10:12.065+0000] {logging_mixin.py:190} INFO - [2025-03-24T08:10:12.065+0000] {dag.py:4180} INFO - Setting next_dagrun for tutorial_dag to None, run_after=None
[2025-03-24T08:10:12.084+0000] {processor.py:208} INFO - Processing /home/airflow/.local/lib/python3.12/site-packages/airflow/example_dags/tutorial_dag.py took 0.236 seconds
[2025-03-24T08:10:42.283+0000] {processor.py:186} INFO - Started process (PID=161) to work on /home/airflow/.local/lib/python3.12/site-packages/airflow/example_dags/tutorial_dag.py
[2025-03-24T08:10:42.285+0000] {processor.py:914} INFO - Processing file /home/airflow/.local/lib/python3.12/site-packages/airflow/example_dags/tutorial_dag.py for tasks to queue
[2025-03-24T08:10:42.287+0000] {logging_mixin.py:190} INFO - [2025-03-24T08:10:42.287+0000] {dagbag.py:588} INFO - Filling up the DagBag from /home/airflow/.local/lib/python3.12/site-packages/airflow/example_dags/tutorial_dag.py
[2025-03-24T08:10:42.295+0000] {processor.py:925} INFO - DAG(s) 'tutorial_dag' retrieved from /home/airflow/.local/lib/python3.12/site-packages/airflow/example_dags/tutorial_dag.py
[2025-03-24T08:10:42.318+0000] {logging_mixin.py:190} INFO - [2025-03-24T08:10:42.318+0000] {dag.py:3239} INFO - Sync 1 DAGs
[2025-03-24T08:10:42.336+0000] {logging_mixin.py:190} INFO - [2025-03-24T08:10:42.335+0000] {dag.py:4180} INFO - Setting next_dagrun for tutorial_dag to None, run_after=None
[2025-03-24T08:10:42.360+0000] {processor.py:208} INFO - Processing /home/airflow/.local/lib/python3.12/site-packages/airflow/example_dags/tutorial_dag.py took 0.084 seconds
[2025-03-24T08:11:12.694+0000] {processor.py:186} INFO - Started process (PID=225) to work on /home/airflow/.local/lib/python3.12/site-packages/airflow/example_dags/tutorial_dag.py
[2025-03-24T08:11:12.695+0000] {processor.py:914} INFO - Processing file /home/airflow/.local/lib/python3.12/site-packages/airflow/example_dags/tutorial_dag.py for tasks to queue
[2025-03-24T08:11:12.698+0000] {logging_mixin.py:190} INFO - [2025-03-24T08:11:12.697+0000] {dagbag.py:588} INFO - Filling up the DagBag from /home/airflow/.local/lib/python3.12/site-packages/airflow/example_dags/tutorial_dag.py
[2025-03-24T08:11:12.706+0000] {processor.py:925} INFO - DAG(s) 'tutorial_dag' retrieved from /home/airflow/.local/lib/python3.12/site-packages/airflow/example_dags/tutorial_dag.py
[2025-03-24T08:11:12.726+0000] {logging_mixin.py:190} INFO - [2025-03-24T08:11:12.726+0000] {dag.py:3239} INFO - Sync 1 DAGs
[2025-03-24T08:11:12.742+0000] {logging_mixin.py:190} INFO - [2025-03-24T08:11:12.742+0000] {dag.py:4180} INFO - Setting next_dagrun for tutorial_dag to None, run_after=None
[2025-03-24T08:11:12.763+0000] {processor.py:208} INFO - Processing /home/airflow/.local/lib/python3.12/site-packages/airflow/example_dags/tutorial_dag.py took 0.075 seconds
[2025-03-24T08:11:43.338+0000] {processor.py:186} INFO - Started process (PID=288) to work on /home/airflow/.local/lib/python3.12/site-packages/airflow/example_dags/tutorial_dag.py
[2025-03-24T08:11:43.339+0000] {processor.py:914} INFO - Processing file /home/airflow/.local/lib/python3.12/site-packages/airflow/example_dags/tutorial_dag.py for tasks to queue
[2025-03-24T08:11:43.341+0000] {logging_mixin.py:190} INFO - [2025-03-24T08:11:43.341+0000] {dagbag.py:588} INFO - Filling up the DagBag from /home/airflow/.local/lib/python3.12/site-packages/airflow/example_dags/tutorial_dag.py
[2025-03-24T08:11:43.350+0000] {processor.py:925} INFO - DAG(s) 'tutorial_dag' retrieved from /home/airflow/.local/lib/python3.12/site-packages/airflow/example_dags/tutorial_dag.py
[2025-03-24T08:11:43.372+0000] {logging_mixin.py:190} INFO - [2025-03-24T08:11:43.371+0000] {dag.py:3239} INFO - Sync 1 DAGs
[2025-03-24T08:11:43.390+0000] {logging_mixin.py:190} INFO - [2025-03-24T08:11:43.390+0000] {dag.py:4180} INFO - Setting next_dagrun for tutorial_dag to None, run_after=None
[2025-03-24T08:11:43.412+0000] {processor.py:208} INFO - Processing /home/airflow/.local/lib/python3.12/site-packages/airflow/example_dags/tutorial_dag.py took 0.082 seconds
[2025-03-24T08:12:14.002+0000] {processor.py:186} INFO - Started process (PID=352) to work on /home/airflow/.local/lib/python3.12/site-packages/airflow/example_dags/tutorial_dag.py
[2025-03-24T08:12:14.004+0000] {processor.py:914} INFO - Processing file /home/airflow/.local/lib/python3.12/site-packages/airflow/example_dags/tutorial_dag.py for tasks to queue
[2025-03-24T08:12:14.006+0000] {logging_mixin.py:190} INFO - [2025-03-24T08:12:14.006+0000] {dagbag.py:588} INFO - Filling up the DagBag from /home/airflow/.local/lib/python3.12/site-packages/airflow/example_dags/tutorial_dag.py
[2025-03-24T08:12:14.014+0000] {processor.py:925} INFO - DAG(s) 'tutorial_dag' retrieved from /home/airflow/.local/lib/python3.12/site-packages/airflow/example_dags/tutorial_dag.py
[2025-03-24T08:12:14.035+0000] {logging_mixin.py:190} INFO - [2025-03-24T08:12:14.035+0000] {dag.py:3239} INFO - Sync 1 DAGs
[2025-03-24T08:12:14.052+0000] {logging_mixin.py:190} INFO - [2025-03-24T08:12:14.052+0000] {dag.py:4180} INFO - Setting next_dagrun for tutorial_dag to None, run_after=None
[2025-03-24T08:12:14.072+0000] {processor.py:208} INFO - Processing /home/airflow/.local/lib/python3.12/site-packages/airflow/example_dags/tutorial_dag.py took 0.076 seconds
[2025-03-24T08:12:44.726+0000] {processor.py:186} INFO - Started process (PID=416) to work on /home/airflow/.local/lib/python3.12/site-packages/airflow/example_dags/tutorial_dag.py
[2025-03-24T08:12:44.727+0000] {processor.py:914} INFO - Processing file /home/airflow/.local/lib/python3.12/site-packages/airflow/example_dags/tutorial_dag.py for tasks to queue
[2025-03-24T08:12:44.730+0000] {logging_mixin.py:190} INFO - [2025-03-24T08:12:44.729+0000] {dagbag.py:588} INFO - Filling up the DagBag from /home/airflow/.local/lib/python3.12/site-packages/airflow/example_dags/tutorial_dag.py
[2025-03-24T08:12:44.738+0000] {processor.py:925} INFO - DAG(s) 'tutorial_dag' retrieved from /home/airflow/.local/lib/python3.12/site-packages/airflow/example_dags/tutorial_dag.py
[2025-03-24T08:12:44.759+0000] {logging_mixin.py:190} INFO - [2025-03-24T08:12:44.759+0000] {dag.py:3239} INFO - Sync 1 DAGs
[2025-03-24T08:12:44.774+0000] {logging_mixin.py:190} INFO - [2025-03-24T08:12:44.774+0000] {dag.py:4180} INFO - Setting next_dagrun for tutorial_dag to None, run_after=None
[2025-03-24T08:12:44.795+0000] {processor.py:208} INFO - Processing /home/airflow/.local/lib/python3.12/site-packages/airflow/example_dags/tutorial_dag.py took 0.076 seconds
[2025-03-24T08:13:15.785+0000] {processor.py:186} INFO - Started process (PID=480) to work on /home/airflow/.local/lib/python3.12/site-packages/airflow/example_dags/tutorial_dag.py
[2025-03-24T08:13:15.786+0000] {processor.py:914} INFO - Processing file /home/airflow/.local/lib/python3.12/site-packages/airflow/example_dags/tutorial_dag.py for tasks to queue
[2025-03-24T08:13:15.788+0000] {logging_mixin.py:190} INFO - [2025-03-24T08:13:15.788+0000] {dagbag.py:588} INFO - Filling up the DagBag from /home/airflow/.local/lib/python3.12/site-packages/airflow/example_dags/tutorial_dag.py
[2025-03-24T08:13:15.796+0000] {processor.py:925} INFO - DAG(s) 'tutorial_dag' retrieved from /home/airflow/.local/lib/python3.12/site-packages/airflow/example_dags/tutorial_dag.py
[2025-03-24T08:13:15.818+0000] {logging_mixin.py:190} INFO - [2025-03-24T08:13:15.818+0000] {dag.py:3239} INFO - Sync 1 DAGs
[2025-03-24T08:13:15.834+0000] {logging_mixin.py:190} INFO - [2025-03-24T08:13:15.834+0000] {dag.py:4180} INFO - Setting next_dagrun for tutorial_dag to None, run_after=None
[2025-03-24T08:13:15.858+0000] {processor.py:208} INFO - Processing /home/airflow/.local/lib/python3.12/site-packages/airflow/example_dags/tutorial_dag.py took 0.079 seconds
[2025-03-24T08:13:46.730+0000] {processor.py:186} INFO - Started process (PID=544) to work on /home/airflow/.local/lib/python3.12/site-packages/airflow/example_dags/tutorial_dag.py
[2025-03-24T08:13:46.731+0000] {processor.py:914} INFO - Processing file /home/airflow/.local/lib/python3.12/site-packages/airflow/example_dags/tutorial_dag.py for tasks to queue
[2025-03-24T08:13:46.734+0000] {logging_mixin.py:190} INFO - [2025-03-24T08:13:46.734+0000] {dagbag.py:588} INFO - Filling up the DagBag from /home/airflow/.local/lib/python3.12/site-packages/airflow/example_dags/tutorial_dag.py
[2025-03-24T08:13:46.742+0000] {processor.py:925} INFO - DAG(s) 'tutorial_dag' retrieved from /home/airflow/.local/lib/python3.12/site-packages/airflow/example_dags/tutorial_dag.py
[2025-03-24T08:13:46.763+0000] {logging_mixin.py:190} INFO - [2025-03-24T08:13:46.763+0000] {dag.py:3239} INFO - Sync 1 DAGs
[2025-03-24T08:13:46.779+0000] {logging_mixin.py:190} INFO - [2025-03-24T08:13:46.779+0000] {dag.py:4180} INFO - Setting next_dagrun for tutorial_dag to None, run_after=None
[2025-03-24T08:13:46.804+0000] {processor.py:208} INFO - Processing /home/airflow/.local/lib/python3.12/site-packages/airflow/example_dags/tutorial_dag.py took 0.080 seconds
[2025-03-24T08:14:17.928+0000] {processor.py:186} INFO - Started process (PID=608) to work on /home/airflow/.local/lib/python3.12/site-packages/airflow/example_dags/tutorial_dag.py
[2025-03-24T08:14:17.929+0000] {processor.py:914} INFO - Processing file /home/airflow/.local/lib/python3.12/site-packages/airflow/example_dags/tutorial_dag.py for tasks to queue
[2025-03-24T08:14:17.932+0000] {logging_mixin.py:190} INFO - [2025-03-24T08:14:17.931+0000] {dagbag.py:588} INFO - Filling up the DagBag from /home/airflow/.local/lib/python3.12/site-packages/airflow/example_dags/tutorial_dag.py
[2025-03-24T08:14:17.940+0000] {processor.py:925} INFO - DAG(s) 'tutorial_dag' retrieved from /home/airflow/.local/lib/python3.12/site-packages/airflow/example_dags/tutorial_dag.py
[2025-03-24T08:14:17.961+0000] {logging_mixin.py:190} INFO - [2025-03-24T08:14:17.961+0000] {dag.py:3239} INFO - Sync 1 DAGs
[2025-03-24T08:14:17.977+0000] {logging_mixin.py:190} INFO - [2025-03-24T08:14:17.977+0000] {dag.py:4180} INFO - Setting next_dagrun for tutorial_dag to None, run_after=None
[2025-03-24T08:14:18.002+0000] {processor.py:208} INFO - Processing /home/airflow/.local/lib/python3.12/site-packages/airflow/example_dags/tutorial_dag.py took 0.080 seconds
[2025-03-24T08:14:48.837+0000] {processor.py:186} INFO - Started process (PID=672) to work on /home/airflow/.local/lib/python3.12/site-packages/airflow/example_dags/tutorial_dag.py
[2025-03-24T08:14:48.838+0000] {processor.py:914} INFO - Processing file /home/airflow/.local/lib/python3.12/site-packages/airflow/example_dags/tutorial_dag.py for tasks to queue
[2025-03-24T08:14:48.840+0000] {logging_mixin.py:190} INFO - [2025-03-24T08:14:48.840+0000] {dagbag.py:588} INFO - Filling up the DagBag from /home/airflow/.local/lib/python3.12/site-packages/airflow/example_dags/tutorial_dag.py
[2025-03-24T08:14:48.849+0000] {processor.py:925} INFO - DAG(s) 'tutorial_dag' retrieved from /home/airflow/.local/lib/python3.12/site-packages/airflow/example_dags/tutorial_dag.py
[2025-03-24T08:14:48.871+0000] {logging_mixin.py:190} INFO - [2025-03-24T08:14:48.871+0000] {dag.py:3239} INFO - Sync 1 DAGs
[2025-03-24T08:14:48.888+0000] {logging_mixin.py:190} INFO - [2025-03-24T08:14:48.888+0000] {dag.py:4180} INFO - Setting next_dagrun for tutorial_dag to None, run_after=None
[2025-03-24T08:14:48.910+0000] {processor.py:208} INFO - Processing /home/airflow/.local/lib/python3.12/site-packages/airflow/example_dags/tutorial_dag.py took 0.081 seconds
[2025-03-24T08:15:20.183+0000] {processor.py:186} INFO - Started process (PID=736) to work on /home/airflow/.local/lib/python3.12/site-packages/airflow/example_dags/tutorial_dag.py
[2025-03-24T08:15:20.184+0000] {processor.py:914} INFO - Processing file /home/airflow/.local/lib/python3.12/site-packages/airflow/example_dags/tutorial_dag.py for tasks to queue
[2025-03-24T08:15:20.186+0000] {logging_mixin.py:190} INFO - [2025-03-24T08:15:20.186+0000] {dagbag.py:588} INFO - Filling up the DagBag from /home/airflow/.local/lib/python3.12/site-packages/airflow/example_dags/tutorial_dag.py
[2025-03-24T08:15:20.195+0000] {processor.py:925} INFO - DAG(s) 'tutorial_dag' retrieved from /home/airflow/.local/lib/python3.12/site-packages/airflow/example_dags/tutorial_dag.py
[2025-03-24T08:15:20.216+0000] {logging_mixin.py:190} INFO - [2025-03-24T08:15:20.216+0000] {dag.py:3239} INFO - Sync 1 DAGs
[2025-03-24T08:15:20.231+0000] {logging_mixin.py:190} INFO - [2025-03-24T08:15:20.231+0000] {dag.py:4180} INFO - Setting next_dagrun for tutorial_dag to None, run_after=None
[2025-03-24T08:15:20.254+0000] {processor.py:208} INFO - Processing /home/airflow/.local/lib/python3.12/site-packages/airflow/example_dags/tutorial_dag.py took 0.078 seconds
[2025-03-24T08:15:51.611+0000] {processor.py:186} INFO - Started process (PID=800) to work on /home/airflow/.local/lib/python3.12/site-packages/airflow/example_dags/tutorial_dag.py
[2025-03-24T08:15:51.613+0000] {processor.py:914} INFO - Processing file /home/airflow/.local/lib/python3.12/site-packages/airflow/example_dags/tutorial_dag.py for tasks to queue
[2025-03-24T08:15:51.615+0000] {logging_mixin.py:190} INFO - [2025-03-24T08:15:51.615+0000] {dagbag.py:588} INFO - Filling up the DagBag from /home/airflow/.local/lib/python3.12/site-packages/airflow/example_dags/tutorial_dag.py
[2025-03-24T08:15:51.623+0000] {processor.py:925} INFO - DAG(s) 'tutorial_dag' retrieved from /home/airflow/.local/lib/python3.12/site-packages/airflow/example_dags/tutorial_dag.py
[2025-03-24T08:15:51.645+0000] {logging_mixin.py:190} INFO - [2025-03-24T08:15:51.644+0000] {dag.py:3239} INFO - Sync 1 DAGs
[2025-03-24T08:15:51.660+0000] {logging_mixin.py:190} INFO - [2025-03-24T08:15:51.660+0000] {dag.py:4180} INFO - Setting next_dagrun for tutorial_dag to None, run_after=None
[2025-03-24T08:15:51.685+0000] {processor.py:208} INFO - Processing /home/airflow/.local/lib/python3.12/site-packages/airflow/example_dags/tutorial_dag.py took 0.080 seconds
[2025-03-24T08:16:23.202+0000] {processor.py:186} INFO - Started process (PID=864) to work on /home/airflow/.local/lib/python3.12/site-packages/airflow/example_dags/tutorial_dag.py
[2025-03-24T08:16:23.203+0000] {processor.py:914} INFO - Processing file /home/airflow/.local/lib/python3.12/site-packages/airflow/example_dags/tutorial_dag.py for tasks to queue
[2025-03-24T08:16:23.206+0000] {logging_mixin.py:190} INFO - [2025-03-24T08:16:23.206+0000] {dagbag.py:588} INFO - Filling up the DagBag from /home/airflow/.local/lib/python3.12/site-packages/airflow/example_dags/tutorial_dag.py
[2025-03-24T08:16:23.214+0000] {processor.py:925} INFO - DAG(s) 'tutorial_dag' retrieved from /home/airflow/.local/lib/python3.12/site-packages/airflow/example_dags/tutorial_dag.py
[2025-03-24T08:16:23.235+0000] {logging_mixin.py:190} INFO - [2025-03-24T08:16:23.235+0000] {dag.py:3239} INFO - Sync 1 DAGs
[2025-03-24T08:16:23.251+0000] {logging_mixin.py:190} INFO - [2025-03-24T08:16:23.250+0000] {dag.py:4180} INFO - Setting next_dagrun for tutorial_dag to None, run_after=None
[2025-03-24T08:16:23.277+0000] {processor.py:208} INFO - Processing /home/airflow/.local/lib/python3.12/site-packages/airflow/example_dags/tutorial_dag.py took 0.081 seconds
[2025-03-24T08:16:54.482+0000] {processor.py:186} INFO - Started process (PID=928) to work on /home/airflow/.local/lib/python3.12/site-packages/airflow/example_dags/tutorial_dag.py
[2025-03-24T08:16:54.483+0000] {processor.py:914} INFO - Processing file /home/airflow/.local/lib/python3.12/site-packages/airflow/example_dags/tutorial_dag.py for tasks to queue
[2025-03-24T08:16:54.486+0000] {logging_mixin.py:190} INFO - [2025-03-24T08:16:54.486+0000] {dagbag.py:588} INFO - Filling up the DagBag from /home/airflow/.local/lib/python3.12/site-packages/airflow/example_dags/tutorial_dag.py
[2025-03-24T08:16:54.495+0000] {processor.py:925} INFO - DAG(s) 'tutorial_dag' retrieved from /home/airflow/.local/lib/python3.12/site-packages/airflow/example_dags/tutorial_dag.py
[2025-03-24T08:16:54.524+0000] {logging_mixin.py:190} INFO - [2025-03-24T08:16:54.524+0000] {dag.py:3239} INFO - Sync 1 DAGs
[2025-03-24T08:16:54.548+0000] {logging_mixin.py:190} INFO - [2025-03-24T08:16:54.548+0000] {dag.py:4180} INFO - Setting next_dagrun for tutorial_dag to None, run_after=None
[2025-03-24T08:16:54.575+0000] {processor.py:208} INFO - Processing /home/airflow/.local/lib/python3.12/site-packages/airflow/example_dags/tutorial_dag.py took 0.100 seconds
[2025-03-24T08:17:25.426+0000] {processor.py:186} INFO - Started process (PID=992) to work on /home/airflow/.local/lib/python3.12/site-packages/airflow/example_dags/tutorial_dag.py
[2025-03-24T08:17:25.427+0000] {processor.py:914} INFO - Processing file /home/airflow/.local/lib/python3.12/site-packages/airflow/example_dags/tutorial_dag.py for tasks to queue
[2025-03-24T08:17:25.430+0000] {logging_mixin.py:190} INFO - [2025-03-24T08:17:25.430+0000] {dagbag.py:588} INFO - Filling up the DagBag from /home/airflow/.local/lib/python3.12/site-packages/airflow/example_dags/tutorial_dag.py
[2025-03-24T08:17:25.438+0000] {processor.py:925} INFO - DAG(s) 'tutorial_dag' retrieved from /home/airflow/.local/lib/python3.12/site-packages/airflow/example_dags/tutorial_dag.py
[2025-03-24T08:17:25.460+0000] {logging_mixin.py:190} INFO - [2025-03-24T08:17:25.459+0000] {dag.py:3239} INFO - Sync 1 DAGs
[2025-03-24T08:17:25.476+0000] {logging_mixin.py:190} INFO - [2025-03-24T08:17:25.476+0000] {dag.py:4180} INFO - Setting next_dagrun for tutorial_dag to None, run_after=None
[2025-03-24T08:17:25.496+0000] {processor.py:208} INFO - Processing /home/airflow/.local/lib/python3.12/site-packages/airflow/example_dags/tutorial_dag.py took 0.076 seconds
[2025-03-24T08:17:56.503+0000] {processor.py:186} INFO - Started process (PID=1056) to work on /home/airflow/.local/lib/python3.12/site-packages/airflow/example_dags/tutorial_dag.py
[2025-03-24T08:17:56.504+0000] {processor.py:914} INFO - Processing file /home/airflow/.local/lib/python3.12/site-packages/airflow/example_dags/tutorial_dag.py for tasks to queue
[2025-03-24T08:17:56.507+0000] {logging_mixin.py:190} INFO - [2025-03-24T08:17:56.506+0000] {dagbag.py:588} INFO - Filling up the DagBag from /home/airflow/.local/lib/python3.12/site-packages/airflow/example_dags/tutorial_dag.py
[2025-03-24T08:17:56.515+0000] {processor.py:925} INFO - DAG(s) 'tutorial_dag' retrieved from /home/airflow/.local/lib/python3.12/site-packages/airflow/example_dags/tutorial_dag.py
[2025-03-24T08:17:56.536+0000] {logging_mixin.py:190} INFO - [2025-03-24T08:17:56.536+0000] {dag.py:3239} INFO - Sync 1 DAGs
[2025-03-24T08:17:56.552+0000] {logging_mixin.py:190} INFO - [2025-03-24T08:17:56.552+0000] {dag.py:4180} INFO - Setting next_dagrun for tutorial_dag to None, run_after=None
[2025-03-24T08:17:56.573+0000] {processor.py:208} INFO - Processing /home/airflow/.local/lib/python3.12/site-packages/airflow/example_dags/tutorial_dag.py took 0.077 seconds
[2025-03-24T08:18:27.438+0000] {processor.py:186} INFO - Started process (PID=1120) to work on /home/airflow/.local/lib/python3.12/site-packages/airflow/example_dags/tutorial_dag.py
[2025-03-24T08:18:27.439+0000] {processor.py:914} INFO - Processing file /home/airflow/.local/lib/python3.12/site-packages/airflow/example_dags/tutorial_dag.py for tasks to queue
[2025-03-24T08:18:27.442+0000] {logging_mixin.py:190} INFO - [2025-03-24T08:18:27.442+0000] {dagbag.py:588} INFO - Filling up the DagBag from /home/airflow/.local/lib/python3.12/site-packages/airflow/example_dags/tutorial_dag.py
[2025-03-24T08:18:27.451+0000] {processor.py:925} INFO - DAG(s) 'tutorial_dag' retrieved from /home/airflow/.local/lib/python3.12/site-packages/airflow/example_dags/tutorial_dag.py
[2025-03-24T08:18:27.476+0000] {logging_mixin.py:190} INFO - [2025-03-24T08:18:27.476+0000] {dag.py:3239} INFO - Sync 1 DAGs
[2025-03-24T08:18:27.493+0000] {logging_mixin.py:190} INFO - [2025-03-24T08:18:27.493+0000] {dag.py:4180} INFO - Setting next_dagrun for tutorial_dag to None, run_after=None
[2025-03-24T08:18:27.519+0000] {processor.py:208} INFO - Processing /home/airflow/.local/lib/python3.12/site-packages/airflow/example_dags/tutorial_dag.py took 0.088 seconds
[2025-03-24T08:18:58.901+0000] {processor.py:186} INFO - Started process (PID=1184) to work on /home/airflow/.local/lib/python3.12/site-packages/airflow/example_dags/tutorial_dag.py
[2025-03-24T08:18:58.902+0000] {processor.py:914} INFO - Processing file /home/airflow/.local/lib/python3.12/site-packages/airflow/example_dags/tutorial_dag.py for tasks to queue
[2025-03-24T08:18:58.905+0000] {logging_mixin.py:190} INFO - [2025-03-24T08:18:58.905+0000] {dagbag.py:588} INFO - Filling up the DagBag from /home/airflow/.local/lib/python3.12/site-packages/airflow/example_dags/tutorial_dag.py
[2025-03-24T08:18:58.913+0000] {processor.py:925} INFO - DAG(s) 'tutorial_dag' retrieved from /home/airflow/.local/lib/python3.12/site-packages/airflow/example_dags/tutorial_dag.py
[2025-03-24T08:18:58.935+0000] {logging_mixin.py:190} INFO - [2025-03-24T08:18:58.934+0000] {dag.py:3239} INFO - Sync 1 DAGs
[2025-03-24T08:18:58.950+0000] {logging_mixin.py:190} INFO - [2025-03-24T08:18:58.950+0000] {dag.py:4180} INFO - Setting next_dagrun for tutorial_dag to None, run_after=None
[2025-03-24T08:18:58.971+0000] {processor.py:208} INFO - Processing /home/airflow/.local/lib/python3.12/site-packages/airflow/example_dags/tutorial_dag.py took 0.076 seconds
[2025-03-24T08:19:30.196+0000] {processor.py:186} INFO - Started process (PID=1248) to work on /home/airflow/.local/lib/python3.12/site-packages/airflow/example_dags/tutorial_dag.py
[2025-03-24T08:19:30.197+0000] {processor.py:914} INFO - Processing file /home/airflow/.local/lib/python3.12/site-packages/airflow/example_dags/tutorial_dag.py for tasks to queue
[2025-03-24T08:19:30.200+0000] {logging_mixin.py:190} INFO - [2025-03-24T08:19:30.199+0000] {dagbag.py:588} INFO - Filling up the DagBag from /home/airflow/.local/lib/python3.12/site-packages/airflow/example_dags/tutorial_dag.py
[2025-03-24T08:19:30.209+0000] {processor.py:925} INFO - DAG(s) 'tutorial_dag' retrieved from /home/airflow/.local/lib/python3.12/site-packages/airflow/example_dags/tutorial_dag.py
[2025-03-24T08:19:30.231+0000] {logging_mixin.py:190} INFO - [2025-03-24T08:19:30.231+0000] {dag.py:3239} INFO - Sync 1 DAGs
[2025-03-24T08:19:30.249+0000] {logging_mixin.py:190} INFO - [2025-03-24T08:19:30.248+0000] {dag.py:4180} INFO - Setting next_dagrun for tutorial_dag to None, run_after=None
[2025-03-24T08:19:30.270+0000] {processor.py:208} INFO - Processing /home/airflow/.local/lib/python3.12/site-packages/airflow/example_dags/tutorial_dag.py took 0.081 seconds
[2025-03-24T08:20:01.492+0000] {processor.py:186} INFO - Started process (PID=1312) to work on /home/airflow/.local/lib/python3.12/site-packages/airflow/example_dags/tutorial_dag.py
[2025-03-24T08:20:01.494+0000] {processor.py:914} INFO - Processing file /home/airflow/.local/lib/python3.12/site-packages/airflow/example_dags/tutorial_dag.py for tasks to queue
[2025-03-24T08:20:01.496+0000] {logging_mixin.py:190} INFO - [2025-03-24T08:20:01.496+0000] {dagbag.py:588} INFO - Filling up the DagBag from /home/airflow/.local/lib/python3.12/site-packages/airflow/example_dags/tutorial_dag.py
[2025-03-24T08:20:01.504+0000] {processor.py:925} INFO - DAG(s) 'tutorial_dag' retrieved from /home/airflow/.local/lib/python3.12/site-packages/airflow/example_dags/tutorial_dag.py
[2025-03-24T08:20:01.533+0000] {logging_mixin.py:190} INFO - [2025-03-24T08:20:01.533+0000] {dag.py:3239} INFO - Sync 1 DAGs
[2025-03-24T08:20:01.553+0000] {logging_mixin.py:190} INFO - [2025-03-24T08:20:01.552+0000] {dag.py:4180} INFO - Setting next_dagrun for tutorial_dag to None, run_after=None
[2025-03-24T08:20:01.575+0000] {processor.py:208} INFO - Processing /home/airflow/.local/lib/python3.12/site-packages/airflow/example_dags/tutorial_dag.py took 0.089 seconds
[2025-03-24T08:20:32.622+0000] {processor.py:186} INFO - Started process (PID=1376) to work on /home/airflow/.local/lib/python3.12/site-packages/airflow/example_dags/tutorial_dag.py
[2025-03-24T08:20:32.623+0000] {processor.py:914} INFO - Processing file /home/airflow/.local/lib/python3.12/site-packages/airflow/example_dags/tutorial_dag.py for tasks to queue
[2025-03-24T08:20:32.626+0000] {logging_mixin.py:190} INFO - [2025-03-24T08:20:32.625+0000] {dagbag.py:588} INFO - Filling up the DagBag from /home/airflow/.local/lib/python3.12/site-packages/airflow/example_dags/tutorial_dag.py
[2025-03-24T08:20:32.637+0000] {processor.py:925} INFO - DAG(s) 'tutorial_dag' retrieved from /home/airflow/.local/lib/python3.12/site-packages/airflow/example_dags/tutorial_dag.py
[2025-03-24T08:20:32.658+0000] {logging_mixin.py:190} INFO - [2025-03-24T08:20:32.658+0000] {dag.py:3239} INFO - Sync 1 DAGs
[2025-03-24T08:20:32.676+0000] {logging_mixin.py:190} INFO - [2025-03-24T08:20:32.676+0000] {dag.py:4180} INFO - Setting next_dagrun for tutorial_dag to None, run_after=None
[2025-03-24T08:20:32.702+0000] {processor.py:208} INFO - Processing /home/airflow/.local/lib/python3.12/site-packages/airflow/example_dags/tutorial_dag.py took 0.088 seconds
[2025-03-24T08:21:03.509+0000] {processor.py:186} INFO - Started process (PID=1440) to work on /home/airflow/.local/lib/python3.12/site-packages/airflow/example_dags/tutorial_dag.py
[2025-03-24T08:21:03.510+0000] {processor.py:914} INFO - Processing file /home/airflow/.local/lib/python3.12/site-packages/airflow/example_dags/tutorial_dag.py for tasks to queue
[2025-03-24T08:21:03.515+0000] {logging_mixin.py:190} INFO - [2025-03-24T08:21:03.514+0000] {dagbag.py:588} INFO - Filling up the DagBag from /home/airflow/.local/lib/python3.12/site-packages/airflow/example_dags/tutorial_dag.py
[2025-03-24T08:21:03.523+0000] {processor.py:925} INFO - DAG(s) 'tutorial_dag' retrieved from /home/airflow/.local/lib/python3.12/site-packages/airflow/example_dags/tutorial_dag.py
[2025-03-24T08:21:03.548+0000] {logging_mixin.py:190} INFO - [2025-03-24T08:21:03.548+0000] {dag.py:3239} INFO - Sync 1 DAGs
[2025-03-24T08:21:03.565+0000] {logging_mixin.py:190} INFO - [2025-03-24T08:21:03.564+0000] {dag.py:4180} INFO - Setting next_dagrun for tutorial_dag to None, run_after=None
[2025-03-24T08:21:03.585+0000] {processor.py:208} INFO - Processing /home/airflow/.local/lib/python3.12/site-packages/airflow/example_dags/tutorial_dag.py took 0.082 seconds
[2025-03-24T08:21:34.965+0000] {processor.py:186} INFO - Started process (PID=1510) to work on /home/airflow/.local/lib/python3.12/site-packages/airflow/example_dags/tutorial_dag.py
[2025-03-24T08:21:34.966+0000] {processor.py:914} INFO - Processing file /home/airflow/.local/lib/python3.12/site-packages/airflow/example_dags/tutorial_dag.py for tasks to queue
[2025-03-24T08:21:34.969+0000] {logging_mixin.py:190} INFO - [2025-03-24T08:21:34.968+0000] {dagbag.py:588} INFO - Filling up the DagBag from /home/airflow/.local/lib/python3.12/site-packages/airflow/example_dags/tutorial_dag.py
[2025-03-24T08:21:34.978+0000] {processor.py:925} INFO - DAG(s) 'tutorial_dag' retrieved from /home/airflow/.local/lib/python3.12/site-packages/airflow/example_dags/tutorial_dag.py
[2025-03-24T08:21:35.001+0000] {logging_mixin.py:190} INFO - [2025-03-24T08:21:35.001+0000] {dag.py:3239} INFO - Sync 1 DAGs
[2025-03-24T08:21:35.018+0000] {logging_mixin.py:190} INFO - [2025-03-24T08:21:35.017+0000] {dag.py:4180} INFO - Setting next_dagrun for tutorial_dag to None, run_after=None
[2025-03-24T08:21:35.043+0000] {processor.py:208} INFO - Processing /home/airflow/.local/lib/python3.12/site-packages/airflow/example_dags/tutorial_dag.py took 0.087 seconds
[2025-03-24T08:22:06.669+0000] {processor.py:186} INFO - Started process (PID=1574) to work on /home/airflow/.local/lib/python3.12/site-packages/airflow/example_dags/tutorial_dag.py
[2025-03-24T08:22:06.670+0000] {processor.py:914} INFO - Processing file /home/airflow/.local/lib/python3.12/site-packages/airflow/example_dags/tutorial_dag.py for tasks to queue
[2025-03-24T08:22:06.673+0000] {logging_mixin.py:190} INFO - [2025-03-24T08:22:06.672+0000] {dagbag.py:588} INFO - Filling up the DagBag from /home/airflow/.local/lib/python3.12/site-packages/airflow/example_dags/tutorial_dag.py
[2025-03-24T08:22:06.681+0000] {processor.py:925} INFO - DAG(s) 'tutorial_dag' retrieved from /home/airflow/.local/lib/python3.12/site-packages/airflow/example_dags/tutorial_dag.py
[2025-03-24T08:22:06.703+0000] {logging_mixin.py:190} INFO - [2025-03-24T08:22:06.703+0000] {dag.py:3239} INFO - Sync 1 DAGs
[2025-03-24T08:22:06.719+0000] {logging_mixin.py:190} INFO - [2025-03-24T08:22:06.719+0000] {dag.py:4180} INFO - Setting next_dagrun for tutorial_dag to None, run_after=None
[2025-03-24T08:22:06.740+0000] {processor.py:208} INFO - Processing /home/airflow/.local/lib/python3.12/site-packages/airflow/example_dags/tutorial_dag.py took 0.077 seconds
[2025-03-24T08:22:38.108+0000] {processor.py:186} INFO - Started process (PID=1638) to work on /home/airflow/.local/lib/python3.12/site-packages/airflow/example_dags/tutorial_dag.py
[2025-03-24T08:22:38.109+0000] {processor.py:914} INFO - Processing file /home/airflow/.local/lib/python3.12/site-packages/airflow/example_dags/tutorial_dag.py for tasks to queue
[2025-03-24T08:22:38.112+0000] {logging_mixin.py:190} INFO - [2025-03-24T08:22:38.112+0000] {dagbag.py:588} INFO - Filling up the DagBag from /home/airflow/.local/lib/python3.12/site-packages/airflow/example_dags/tutorial_dag.py
[2025-03-24T08:22:38.121+0000] {processor.py:925} INFO - DAG(s) 'tutorial_dag' retrieved from /home/airflow/.local/lib/python3.12/site-packages/airflow/example_dags/tutorial_dag.py
[2025-03-24T08:22:38.143+0000] {logging_mixin.py:190} INFO - [2025-03-24T08:22:38.143+0000] {dag.py:3239} INFO - Sync 1 DAGs
[2025-03-24T08:22:38.160+0000] {logging_mixin.py:190} INFO - [2025-03-24T08:22:38.160+0000] {dag.py:4180} INFO - Setting next_dagrun for tutorial_dag to None, run_after=None
[2025-03-24T08:22:38.185+0000] {processor.py:208} INFO - Processing /home/airflow/.local/lib/python3.12/site-packages/airflow/example_dags/tutorial_dag.py took 0.083 seconds
[2025-03-24T08:23:09.331+0000] {processor.py:186} INFO - Started process (PID=1702) to work on /home/airflow/.local/lib/python3.12/site-packages/airflow/example_dags/tutorial_dag.py
[2025-03-24T08:23:09.332+0000] {processor.py:914} INFO - Processing file /home/airflow/.local/lib/python3.12/site-packages/airflow/example_dags/tutorial_dag.py for tasks to queue
[2025-03-24T08:23:09.335+0000] {logging_mixin.py:190} INFO - [2025-03-24T08:23:09.334+0000] {dagbag.py:588} INFO - Filling up the DagBag from /home/airflow/.local/lib/python3.12/site-packages/airflow/example_dags/tutorial_dag.py
[2025-03-24T08:23:09.343+0000] {processor.py:925} INFO - DAG(s) 'tutorial_dag' retrieved from /home/airflow/.local/lib/python3.12/site-packages/airflow/example_dags/tutorial_dag.py
[2025-03-24T08:23:09.365+0000] {logging_mixin.py:190} INFO - [2025-03-24T08:23:09.364+0000] {dag.py:3239} INFO - Sync 1 DAGs
[2025-03-24T08:23:09.381+0000] {logging_mixin.py:190} INFO - [2025-03-24T08:23:09.381+0000] {dag.py:4180} INFO - Setting next_dagrun for tutorial_dag to None, run_after=None
[2025-03-24T08:23:09.404+0000] {processor.py:208} INFO - Processing /home/airflow/.local/lib/python3.12/site-packages/airflow/example_dags/tutorial_dag.py took 0.080 seconds
[2025-03-24T08:23:40.641+0000] {processor.py:186} INFO - Started process (PID=1766) to work on /home/airflow/.local/lib/python3.12/site-packages/airflow/example_dags/tutorial_dag.py
[2025-03-24T08:23:40.642+0000] {processor.py:914} INFO - Processing file /home/airflow/.local/lib/python3.12/site-packages/airflow/example_dags/tutorial_dag.py for tasks to queue
[2025-03-24T08:23:40.645+0000] {logging_mixin.py:190} INFO - [2025-03-24T08:23:40.644+0000] {dagbag.py:588} INFO - Filling up the DagBag from /home/airflow/.local/lib/python3.12/site-packages/airflow/example_dags/tutorial_dag.py
[2025-03-24T08:23:40.653+0000] {processor.py:925} INFO - DAG(s) 'tutorial_dag' retrieved from /home/airflow/.local/lib/python3.12/site-packages/airflow/example_dags/tutorial_dag.py
[2025-03-24T08:23:40.674+0000] {logging_mixin.py:190} INFO - [2025-03-24T08:23:40.674+0000] {dag.py:3239} INFO - Sync 1 DAGs
[2025-03-24T08:23:40.689+0000] {logging_mixin.py:190} INFO - [2025-03-24T08:23:40.689+0000] {dag.py:4180} INFO - Setting next_dagrun for tutorial_dag to None, run_after=None
[2025-03-24T08:23:40.713+0000] {processor.py:208} INFO - Processing /home/airflow/.local/lib/python3.12/site-packages/airflow/example_dags/tutorial_dag.py took 0.079 seconds
[2025-03-24T08:24:11.954+0000] {processor.py:186} INFO - Started process (PID=1830) to work on /home/airflow/.local/lib/python3.12/site-packages/airflow/example_dags/tutorial_dag.py
[2025-03-24T08:24:11.956+0000] {processor.py:914} INFO - Processing file /home/airflow/.local/lib/python3.12/site-packages/airflow/example_dags/tutorial_dag.py for tasks to queue
[2025-03-24T08:24:11.958+0000] {logging_mixin.py:190} INFO - [2025-03-24T08:24:11.958+0000] {dagbag.py:588} INFO - Filling up the DagBag from /home/airflow/.local/lib/python3.12/site-packages/airflow/example_dags/tutorial_dag.py
[2025-03-24T08:24:11.967+0000] {processor.py:925} INFO - DAG(s) 'tutorial_dag' retrieved from /home/airflow/.local/lib/python3.12/site-packages/airflow/example_dags/tutorial_dag.py
[2025-03-24T08:24:11.989+0000] {logging_mixin.py:190} INFO - [2025-03-24T08:24:11.989+0000] {dag.py:3239} INFO - Sync 1 DAGs
[2025-03-24T08:24:12.007+0000] {logging_mixin.py:190} INFO - [2025-03-24T08:24:12.006+0000] {dag.py:4180} INFO - Setting next_dagrun for tutorial_dag to None, run_after=None
[2025-03-24T08:24:12.030+0000] {processor.py:208} INFO - Processing /home/airflow/.local/lib/python3.12/site-packages/airflow/example_dags/tutorial_dag.py took 0.083 seconds
[2025-03-24T08:24:43.350+0000] {processor.py:186} INFO - Started process (PID=1894) to work on /home/airflow/.local/lib/python3.12/site-packages/airflow/example_dags/tutorial_dag.py
[2025-03-24T08:24:43.351+0000] {processor.py:914} INFO - Processing file /home/airflow/.local/lib/python3.12/site-packages/airflow/example_dags/tutorial_dag.py for tasks to queue
[2025-03-24T08:24:43.354+0000] {logging_mixin.py:190} INFO - [2025-03-24T08:24:43.353+0000] {dagbag.py:588} INFO - Filling up the DagBag from /home/airflow/.local/lib/python3.12/site-packages/airflow/example_dags/tutorial_dag.py
[2025-03-24T08:24:43.362+0000] {processor.py:925} INFO - DAG(s) 'tutorial_dag' retrieved from /home/airflow/.local/lib/python3.12/site-packages/airflow/example_dags/tutorial_dag.py
[2025-03-24T08:24:43.383+0000] {logging_mixin.py:190} INFO - [2025-03-24T08:24:43.383+0000] {dag.py:3239} INFO - Sync 1 DAGs
[2025-03-24T08:24:43.400+0000] {logging_mixin.py:190} INFO - [2025-03-24T08:24:43.400+0000] {dag.py:4180} INFO - Setting next_dagrun for tutorial_dag to None, run_after=None
[2025-03-24T08:24:43.421+0000] {processor.py:208} INFO - Processing /home/airflow/.local/lib/python3.12/site-packages/airflow/example_dags/tutorial_dag.py took 0.077 seconds
[2025-03-24T08:25:14.547+0000] {processor.py:186} INFO - Started process (PID=1958) to work on /home/airflow/.local/lib/python3.12/site-packages/airflow/example_dags/tutorial_dag.py
[2025-03-24T08:25:14.548+0000] {processor.py:914} INFO - Processing file /home/airflow/.local/lib/python3.12/site-packages/airflow/example_dags/tutorial_dag.py for tasks to queue
[2025-03-24T08:25:14.551+0000] {logging_mixin.py:190} INFO - [2025-03-24T08:25:14.550+0000] {dagbag.py:588} INFO - Filling up the DagBag from /home/airflow/.local/lib/python3.12/site-packages/airflow/example_dags/tutorial_dag.py
[2025-03-24T08:25:14.559+0000] {processor.py:925} INFO - DAG(s) 'tutorial_dag' retrieved from /home/airflow/.local/lib/python3.12/site-packages/airflow/example_dags/tutorial_dag.py
[2025-03-24T08:25:14.580+0000] {logging_mixin.py:190} INFO - [2025-03-24T08:25:14.580+0000] {dag.py:3239} INFO - Sync 1 DAGs
[2025-03-24T08:25:14.597+0000] {logging_mixin.py:190} INFO - [2025-03-24T08:25:14.597+0000] {dag.py:4180} INFO - Setting next_dagrun for tutorial_dag to None, run_after=None
[2025-03-24T08:25:14.618+0000] {processor.py:208} INFO - Processing /home/airflow/.local/lib/python3.12/site-packages/airflow/example_dags/tutorial_dag.py took 0.078 seconds
[2025-03-24T08:25:45.764+0000] {processor.py:186} INFO - Started process (PID=2022) to work on /home/airflow/.local/lib/python3.12/site-packages/airflow/example_dags/tutorial_dag.py
[2025-03-24T08:25:45.766+0000] {processor.py:914} INFO - Processing file /home/airflow/.local/lib/python3.12/site-packages/airflow/example_dags/tutorial_dag.py for tasks to queue
[2025-03-24T08:25:45.768+0000] {logging_mixin.py:190} INFO - [2025-03-24T08:25:45.768+0000] {dagbag.py:588} INFO - Filling up the DagBag from /home/airflow/.local/lib/python3.12/site-packages/airflow/example_dags/tutorial_dag.py
[2025-03-24T08:25:45.778+0000] {processor.py:925} INFO - DAG(s) 'tutorial_dag' retrieved from /home/airflow/.local/lib/python3.12/site-packages/airflow/example_dags/tutorial_dag.py
[2025-03-24T08:25:45.799+0000] {logging_mixin.py:190} INFO - [2025-03-24T08:25:45.799+0000] {dag.py:3239} INFO - Sync 1 DAGs
[2025-03-24T08:25:45.815+0000] {logging_mixin.py:190} INFO - [2025-03-24T08:25:45.814+0000] {dag.py:4180} INFO - Setting next_dagrun for tutorial_dag to None, run_after=None
[2025-03-24T08:25:45.835+0000] {processor.py:208} INFO - Processing /home/airflow/.local/lib/python3.12/site-packages/airflow/example_dags/tutorial_dag.py took 0.078 seconds
[2025-03-24T08:26:17.200+0000] {processor.py:186} INFO - Started process (PID=2086) to work on /home/airflow/.local/lib/python3.12/site-packages/airflow/example_dags/tutorial_dag.py
[2025-03-24T08:26:17.201+0000] {processor.py:914} INFO - Processing file /home/airflow/.local/lib/python3.12/site-packages/airflow/example_dags/tutorial_dag.py for tasks to queue
[2025-03-24T08:26:17.204+0000] {logging_mixin.py:190} INFO - [2025-03-24T08:26:17.203+0000] {dagbag.py:588} INFO - Filling up the DagBag from /home/airflow/.local/lib/python3.12/site-packages/airflow/example_dags/tutorial_dag.py
[2025-03-24T08:26:17.213+0000] {processor.py:925} INFO - DAG(s) 'tutorial_dag' retrieved from /home/airflow/.local/lib/python3.12/site-packages/airflow/example_dags/tutorial_dag.py
[2025-03-24T08:26:17.235+0000] {logging_mixin.py:190} INFO - [2025-03-24T08:26:17.234+0000] {dag.py:3239} INFO - Sync 1 DAGs
[2025-03-24T08:26:17.251+0000] {logging_mixin.py:190} INFO - [2025-03-24T08:26:17.251+0000] {dag.py:4180} INFO - Setting next_dagrun for tutorial_dag to None, run_after=None
[2025-03-24T08:26:17.275+0000] {processor.py:208} INFO - Processing /home/airflow/.local/lib/python3.12/site-packages/airflow/example_dags/tutorial_dag.py took 0.082 seconds
[2025-03-24T08:26:48.449+0000] {processor.py:186} INFO - Started process (PID=2150) to work on /home/airflow/.local/lib/python3.12/site-packages/airflow/example_dags/tutorial_dag.py
[2025-03-24T08:26:48.450+0000] {processor.py:914} INFO - Processing file /home/airflow/.local/lib/python3.12/site-packages/airflow/example_dags/tutorial_dag.py for tasks to queue
[2025-03-24T08:26:48.452+0000] {logging_mixin.py:190} INFO - [2025-03-24T08:26:48.452+0000] {dagbag.py:588} INFO - Filling up the DagBag from /home/airflow/.local/lib/python3.12/site-packages/airflow/example_dags/tutorial_dag.py
[2025-03-24T08:26:48.461+0000] {processor.py:925} INFO - DAG(s) 'tutorial_dag' retrieved from /home/airflow/.local/lib/python3.12/site-packages/airflow/example_dags/tutorial_dag.py
[2025-03-24T08:26:48.481+0000] {logging_mixin.py:190} INFO - [2025-03-24T08:26:48.481+0000] {dag.py:3239} INFO - Sync 1 DAGs
[2025-03-24T08:26:48.497+0000] {logging_mixin.py:190} INFO - [2025-03-24T08:26:48.497+0000] {dag.py:4180} INFO - Setting next_dagrun for tutorial_dag to None, run_after=None
[2025-03-24T08:26:48.517+0000] {processor.py:208} INFO - Processing /home/airflow/.local/lib/python3.12/site-packages/airflow/example_dags/tutorial_dag.py took 0.074 seconds
[2025-03-24T08:27:19.704+0000] {processor.py:186} INFO - Started process (PID=2214) to work on /home/airflow/.local/lib/python3.12/site-packages/airflow/example_dags/tutorial_dag.py
[2025-03-24T08:27:19.705+0000] {processor.py:914} INFO - Processing file /home/airflow/.local/lib/python3.12/site-packages/airflow/example_dags/tutorial_dag.py for tasks to queue
[2025-03-24T08:27:19.708+0000] {logging_mixin.py:190} INFO - [2025-03-24T08:27:19.708+0000] {dagbag.py:588} INFO - Filling up the DagBag from /home/airflow/.local/lib/python3.12/site-packages/airflow/example_dags/tutorial_dag.py
[2025-03-24T08:27:19.717+0000] {processor.py:925} INFO - DAG(s) 'tutorial_dag' retrieved from /home/airflow/.local/lib/python3.12/site-packages/airflow/example_dags/tutorial_dag.py
[2025-03-24T08:27:19.737+0000] {logging_mixin.py:190} INFO - [2025-03-24T08:27:19.736+0000] {dag.py:3239} INFO - Sync 1 DAGs
[2025-03-24T08:27:19.752+0000] {logging_mixin.py:190} INFO - [2025-03-24T08:27:19.752+0000] {dag.py:4180} INFO - Setting next_dagrun for tutorial_dag to None, run_after=None
[2025-03-24T08:27:19.781+0000] {processor.py:208} INFO - Processing /home/airflow/.local/lib/python3.12/site-packages/airflow/example_dags/tutorial_dag.py took 0.083 seconds
[2025-03-24T08:27:51.388+0000] {processor.py:186} INFO - Started process (PID=2278) to work on /home/airflow/.local/lib/python3.12/site-packages/airflow/example_dags/tutorial_dag.py
[2025-03-24T08:27:51.389+0000] {processor.py:914} INFO - Processing file /home/airflow/.local/lib/python3.12/site-packages/airflow/example_dags/tutorial_dag.py for tasks to queue
[2025-03-24T08:27:51.392+0000] {logging_mixin.py:190} INFO - [2025-03-24T08:27:51.391+0000] {dagbag.py:588} INFO - Filling up the DagBag from /home/airflow/.local/lib/python3.12/site-packages/airflow/example_dags/tutorial_dag.py
[2025-03-24T08:27:51.400+0000] {processor.py:925} INFO - DAG(s) 'tutorial_dag' retrieved from /home/airflow/.local/lib/python3.12/site-packages/airflow/example_dags/tutorial_dag.py
[2025-03-24T08:27:51.422+0000] {logging_mixin.py:190} INFO - [2025-03-24T08:27:51.422+0000] {dag.py:3239} INFO - Sync 1 DAGs
[2025-03-24T08:27:51.438+0000] {logging_mixin.py:190} INFO - [2025-03-24T08:27:51.438+0000] {dag.py:4180} INFO - Setting next_dagrun for tutorial_dag to None, run_after=None
[2025-03-24T08:27:51.460+0000] {processor.py:208} INFO - Processing /home/airflow/.local/lib/python3.12/site-packages/airflow/example_dags/tutorial_dag.py took 0.079 seconds
[2025-03-24T08:28:22.360+0000] {processor.py:186} INFO - Started process (PID=2342) to work on /home/airflow/.local/lib/python3.12/site-packages/airflow/example_dags/tutorial_dag.py
[2025-03-24T08:28:22.361+0000] {processor.py:914} INFO - Processing file /home/airflow/.local/lib/python3.12/site-packages/airflow/example_dags/tutorial_dag.py for tasks to queue
[2025-03-24T08:28:22.363+0000] {logging_mixin.py:190} INFO - [2025-03-24T08:28:22.363+0000] {dagbag.py:588} INFO - Filling up the DagBag from /home/airflow/.local/lib/python3.12/site-packages/airflow/example_dags/tutorial_dag.py
[2025-03-24T08:28:22.372+0000] {processor.py:925} INFO - DAG(s) 'tutorial_dag' retrieved from /home/airflow/.local/lib/python3.12/site-packages/airflow/example_dags/tutorial_dag.py
[2025-03-24T08:28:22.393+0000] {logging_mixin.py:190} INFO - [2025-03-24T08:28:22.393+0000] {dag.py:3239} INFO - Sync 1 DAGs
[2025-03-24T08:28:22.410+0000] {logging_mixin.py:190} INFO - [2025-03-24T08:28:22.409+0000] {dag.py:4180} INFO - Setting next_dagrun for tutorial_dag to None, run_after=None
[2025-03-24T08:28:22.433+0000] {processor.py:208} INFO - Processing /home/airflow/.local/lib/python3.12/site-packages/airflow/example_dags/tutorial_dag.py took 0.081 seconds
[2025-03-24T08:28:53.224+0000] {processor.py:186} INFO - Started process (PID=2406) to work on /home/airflow/.local/lib/python3.12/site-packages/airflow/example_dags/tutorial_dag.py
[2025-03-24T08:28:53.226+0000] {processor.py:914} INFO - Processing file /home/airflow/.local/lib/python3.12/site-packages/airflow/example_dags/tutorial_dag.py for tasks to queue
[2025-03-24T08:28:53.228+0000] {logging_mixin.py:190} INFO - [2025-03-24T08:28:53.228+0000] {dagbag.py:588} INFO - Filling up the DagBag from /home/airflow/.local/lib/python3.12/site-packages/airflow/example_dags/tutorial_dag.py
[2025-03-24T08:28:53.237+0000] {processor.py:925} INFO - DAG(s) 'tutorial_dag' retrieved from /home/airflow/.local/lib/python3.12/site-packages/airflow/example_dags/tutorial_dag.py
[2025-03-24T08:28:53.259+0000] {logging_mixin.py:190} INFO - [2025-03-24T08:28:53.259+0000] {dag.py:3239} INFO - Sync 1 DAGs
[2025-03-24T08:28:53.276+0000] {logging_mixin.py:190} INFO - [2025-03-24T08:28:53.276+0000] {dag.py:4180} INFO - Setting next_dagrun for tutorial_dag to None, run_after=None
[2025-03-24T08:28:53.300+0000] {processor.py:208} INFO - Processing /home/airflow/.local/lib/python3.12/site-packages/airflow/example_dags/tutorial_dag.py took 0.082 seconds
[2025-03-24T08:29:24.332+0000] {processor.py:186} INFO - Started process (PID=2470) to work on /home/airflow/.local/lib/python3.12/site-packages/airflow/example_dags/tutorial_dag.py
[2025-03-24T08:29:24.333+0000] {processor.py:914} INFO - Processing file /home/airflow/.local/lib/python3.12/site-packages/airflow/example_dags/tutorial_dag.py for tasks to queue
[2025-03-24T08:29:24.335+0000] {logging_mixin.py:190} INFO - [2025-03-24T08:29:24.335+0000] {dagbag.py:588} INFO - Filling up the DagBag from /home/airflow/.local/lib/python3.12/site-packages/airflow/example_dags/tutorial_dag.py
[2025-03-24T08:29:24.344+0000] {processor.py:925} INFO - DAG(s) 'tutorial_dag' retrieved from /home/airflow/.local/lib/python3.12/site-packages/airflow/example_dags/tutorial_dag.py
[2025-03-24T08:29:24.366+0000] {logging_mixin.py:190} INFO - [2025-03-24T08:29:24.366+0000] {dag.py:3239} INFO - Sync 1 DAGs
[2025-03-24T08:29:24.382+0000] {logging_mixin.py:190} INFO - [2025-03-24T08:29:24.382+0000] {dag.py:4180} INFO - Setting next_dagrun for tutorial_dag to None, run_after=None
[2025-03-24T08:29:24.407+0000] {processor.py:208} INFO - Processing /home/airflow/.local/lib/python3.12/site-packages/airflow/example_dags/tutorial_dag.py took 0.082 seconds
[2025-03-24T08:29:55.124+0000] {processor.py:186} INFO - Started process (PID=2534) to work on /home/airflow/.local/lib/python3.12/site-packages/airflow/example_dags/tutorial_dag.py
[2025-03-24T08:29:55.125+0000] {processor.py:914} INFO - Processing file /home/airflow/.local/lib/python3.12/site-packages/airflow/example_dags/tutorial_dag.py for tasks to queue
[2025-03-24T08:29:55.128+0000] {logging_mixin.py:190} INFO - [2025-03-24T08:29:55.128+0000] {dagbag.py:588} INFO - Filling up the DagBag from /home/airflow/.local/lib/python3.12/site-packages/airflow/example_dags/tutorial_dag.py
[2025-03-24T08:29:55.137+0000] {processor.py:925} INFO - DAG(s) 'tutorial_dag' retrieved from /home/airflow/.local/lib/python3.12/site-packages/airflow/example_dags/tutorial_dag.py
[2025-03-24T08:29:55.160+0000] {logging_mixin.py:190} INFO - [2025-03-24T08:29:55.160+0000] {dag.py:3239} INFO - Sync 1 DAGs
[2025-03-24T08:29:55.178+0000] {logging_mixin.py:190} INFO - [2025-03-24T08:29:55.178+0000] {dag.py:4180} INFO - Setting next_dagrun for tutorial_dag to None, run_after=None
[2025-03-24T08:29:55.200+0000] {processor.py:208} INFO - Processing /home/airflow/.local/lib/python3.12/site-packages/airflow/example_dags/tutorial_dag.py took 0.082 seconds
[2025-03-24T08:30:26.596+0000] {processor.py:186} INFO - Started process (PID=2599) to work on /home/airflow/.local/lib/python3.12/site-packages/airflow/example_dags/tutorial_dag.py
[2025-03-24T08:30:26.597+0000] {processor.py:914} INFO - Processing file /home/airflow/.local/lib/python3.12/site-packages/airflow/example_dags/tutorial_dag.py for tasks to queue
[2025-03-24T08:30:26.600+0000] {logging_mixin.py:190} INFO - [2025-03-24T08:30:26.600+0000] {dagbag.py:588} INFO - Filling up the DagBag from /home/airflow/.local/lib/python3.12/site-packages/airflow/example_dags/tutorial_dag.py
[2025-03-24T08:30:26.609+0000] {processor.py:925} INFO - DAG(s) 'tutorial_dag' retrieved from /home/airflow/.local/lib/python3.12/site-packages/airflow/example_dags/tutorial_dag.py
[2025-03-24T08:30:26.633+0000] {logging_mixin.py:190} INFO - [2025-03-24T08:30:26.633+0000] {dag.py:3239} INFO - Sync 1 DAGs
[2025-03-24T08:30:26.650+0000] {logging_mixin.py:190} INFO - [2025-03-24T08:30:26.650+0000] {dag.py:4180} INFO - Setting next_dagrun for tutorial_dag to None, run_after=None
[2025-03-24T08:30:26.675+0000] {processor.py:208} INFO - Processing /home/airflow/.local/lib/python3.12/site-packages/airflow/example_dags/tutorial_dag.py took 0.087 seconds
[2025-03-24T08:30:57.367+0000] {processor.py:186} INFO - Started process (PID=2662) to work on /home/airflow/.local/lib/python3.12/site-packages/airflow/example_dags/tutorial_dag.py
[2025-03-24T08:30:57.368+0000] {processor.py:914} INFO - Processing file /home/airflow/.local/lib/python3.12/site-packages/airflow/example_dags/tutorial_dag.py for tasks to queue
[2025-03-24T08:30:57.371+0000] {logging_mixin.py:190} INFO - [2025-03-24T08:30:57.370+0000] {dagbag.py:588} INFO - Filling up the DagBag from /home/airflow/.local/lib/python3.12/site-packages/airflow/example_dags/tutorial_dag.py
[2025-03-24T08:30:57.379+0000] {processor.py:925} INFO - DAG(s) 'tutorial_dag' retrieved from /home/airflow/.local/lib/python3.12/site-packages/airflow/example_dags/tutorial_dag.py
[2025-03-24T08:30:57.402+0000] {logging_mixin.py:190} INFO - [2025-03-24T08:30:57.401+0000] {dag.py:3239} INFO - Sync 1 DAGs
[2025-03-24T08:30:57.418+0000] {logging_mixin.py:190} INFO - [2025-03-24T08:30:57.417+0000] {dag.py:4180} INFO - Setting next_dagrun for tutorial_dag to None, run_after=None
[2025-03-24T08:30:57.443+0000] {processor.py:208} INFO - Processing /home/airflow/.local/lib/python3.12/site-packages/airflow/example_dags/tutorial_dag.py took 0.083 seconds
[2025-03-24T08:31:29.123+0000] {processor.py:186} INFO - Started process (PID=2726) to work on /home/airflow/.local/lib/python3.12/site-packages/airflow/example_dags/tutorial_dag.py
[2025-03-24T08:31:29.124+0000] {processor.py:914} INFO - Processing file /home/airflow/.local/lib/python3.12/site-packages/airflow/example_dags/tutorial_dag.py for tasks to queue
[2025-03-24T08:31:29.127+0000] {logging_mixin.py:190} INFO - [2025-03-24T08:31:29.127+0000] {dagbag.py:588} INFO - Filling up the DagBag from /home/airflow/.local/lib/python3.12/site-packages/airflow/example_dags/tutorial_dag.py
[2025-03-24T08:31:29.136+0000] {processor.py:925} INFO - DAG(s) 'tutorial_dag' retrieved from /home/airflow/.local/lib/python3.12/site-packages/airflow/example_dags/tutorial_dag.py
[2025-03-24T08:31:29.159+0000] {logging_mixin.py:190} INFO - [2025-03-24T08:31:29.159+0000] {dag.py:3239} INFO - Sync 1 DAGs
[2025-03-24T08:31:29.176+0000] {logging_mixin.py:190} INFO - [2025-03-24T08:31:29.176+0000] {dag.py:4180} INFO - Setting next_dagrun for tutorial_dag to None, run_after=None
[2025-03-24T08:31:29.209+0000] {processor.py:208} INFO - Processing /home/airflow/.local/lib/python3.12/site-packages/airflow/example_dags/tutorial_dag.py took 0.092 seconds
[2025-03-24T08:32:00.629+0000] {processor.py:186} INFO - Started process (PID=2790) to work on /home/airflow/.local/lib/python3.12/site-packages/airflow/example_dags/tutorial_dag.py
[2025-03-24T08:32:00.631+0000] {processor.py:914} INFO - Processing file /home/airflow/.local/lib/python3.12/site-packages/airflow/example_dags/tutorial_dag.py for tasks to queue
[2025-03-24T08:32:00.633+0000] {logging_mixin.py:190} INFO - [2025-03-24T08:32:00.633+0000] {dagbag.py:588} INFO - Filling up the DagBag from /home/airflow/.local/lib/python3.12/site-packages/airflow/example_dags/tutorial_dag.py
[2025-03-24T08:32:00.643+0000] {processor.py:925} INFO - DAG(s) 'tutorial_dag' retrieved from /home/airflow/.local/lib/python3.12/site-packages/airflow/example_dags/tutorial_dag.py
[2025-03-24T08:32:00.667+0000] {logging_mixin.py:190} INFO - [2025-03-24T08:32:00.666+0000] {dag.py:3239} INFO - Sync 1 DAGs
[2025-03-24T08:32:00.683+0000] {logging_mixin.py:190} INFO - [2025-03-24T08:32:00.683+0000] {dag.py:4180} INFO - Setting next_dagrun for tutorial_dag to None, run_after=None
[2025-03-24T08:32:00.704+0000] {processor.py:208} INFO - Processing /home/airflow/.local/lib/python3.12/site-packages/airflow/example_dags/tutorial_dag.py took 0.081 seconds
[2025-03-24T08:32:32.146+0000] {processor.py:186} INFO - Started process (PID=2854) to work on /home/airflow/.local/lib/python3.12/site-packages/airflow/example_dags/tutorial_dag.py
[2025-03-24T08:32:32.147+0000] {processor.py:914} INFO - Processing file /home/airflow/.local/lib/python3.12/site-packages/airflow/example_dags/tutorial_dag.py for tasks to queue
[2025-03-24T08:32:32.150+0000] {logging_mixin.py:190} INFO - [2025-03-24T08:32:32.150+0000] {dagbag.py:588} INFO - Filling up the DagBag from /home/airflow/.local/lib/python3.12/site-packages/airflow/example_dags/tutorial_dag.py
[2025-03-24T08:32:32.158+0000] {processor.py:925} INFO - DAG(s) 'tutorial_dag' retrieved from /home/airflow/.local/lib/python3.12/site-packages/airflow/example_dags/tutorial_dag.py
[2025-03-24T08:32:32.180+0000] {logging_mixin.py:190} INFO - [2025-03-24T08:32:32.179+0000] {dag.py:3239} INFO - Sync 1 DAGs
[2025-03-24T08:32:32.196+0000] {logging_mixin.py:190} INFO - [2025-03-24T08:32:32.196+0000] {dag.py:4180} INFO - Setting next_dagrun for tutorial_dag to None, run_after=None
[2025-03-24T08:32:32.220+0000] {processor.py:208} INFO - Processing /home/airflow/.local/lib/python3.12/site-packages/airflow/example_dags/tutorial_dag.py took 0.080 seconds
[2025-03-24T08:33:04.965+0000] {processor.py:186} INFO - Started process (PID=2926) to work on /home/airflow/.local/lib/python3.12/site-packages/airflow/example_dags/tutorial_dag.py
[2025-03-24T08:33:04.967+0000] {processor.py:914} INFO - Processing file /home/airflow/.local/lib/python3.12/site-packages/airflow/example_dags/tutorial_dag.py for tasks to queue
[2025-03-24T08:33:04.969+0000] {logging_mixin.py:190} INFO - [2025-03-24T08:33:04.969+0000] {dagbag.py:588} INFO - Filling up the DagBag from /home/airflow/.local/lib/python3.12/site-packages/airflow/example_dags/tutorial_dag.py
[2025-03-24T08:33:04.978+0000] {processor.py:925} INFO - DAG(s) 'tutorial_dag' retrieved from /home/airflow/.local/lib/python3.12/site-packages/airflow/example_dags/tutorial_dag.py
[2025-03-24T08:33:04.999+0000] {logging_mixin.py:190} INFO - [2025-03-24T08:33:04.999+0000] {dag.py:3239} INFO - Sync 1 DAGs
[2025-03-24T08:33:05.015+0000] {logging_mixin.py:190} INFO - [2025-03-24T08:33:05.015+0000] {dag.py:4180} INFO - Setting next_dagrun for tutorial_dag to None, run_after=None
[2025-03-24T08:33:05.036+0000] {processor.py:208} INFO - Processing /home/airflow/.local/lib/python3.12/site-packages/airflow/example_dags/tutorial_dag.py took 0.078 seconds
