[2025-03-24T08:10:12.840+0000] {processor.py:186} INFO - Started process (PID=101) to work on /home/airflow/.local/lib/python3.12/site-packages/airflow/example_dags/tutorial_objectstorage.py
[2025-03-24T08:10:12.841+0000] {processor.py:914} INFO - Processing file /home/airflow/.local/lib/python3.12/site-packages/airflow/example_dags/tutorial_objectstorage.py for tasks to queue
[2025-03-24T08:10:12.844+0000] {logging_mixin.py:190} INFO - [2025-03-24T08:10:12.843+0000] {dagbag.py:588} INFO - Filling up the DagBag from /home/airflow/.local/lib/python3.12/site-packages/airflow/example_dags/tutorial_objectstorage.py
[2025-03-24T08:10:12.857+0000] {processor.py:925} INFO - DAG(s) 'tutorial_objectstorage' retrieved from /home/airflow/.local/lib/python3.12/site-packages/airflow/example_dags/tutorial_objectstorage.py
[2025-03-24T08:10:12.984+0000] {logging_mixin.py:190} INFO - [2025-03-24T08:10:12.983+0000] {override.py:1912} INFO - Created Permission View: can read on DAG:tutorial_objectstorage
[2025-03-24T08:10:12.997+0000] {logging_mixin.py:190} INFO - [2025-03-24T08:10:12.996+0000] {override.py:1912} INFO - Created Permission View: can delete on DAG:tutorial_objectstorage
[2025-03-24T08:10:13.006+0000] {logging_mixin.py:190} INFO - [2025-03-24T08:10:13.006+0000] {override.py:1912} INFO - Created Permission View: can edit on DAG:tutorial_objectstorage
[2025-03-24T08:10:13.017+0000] {logging_mixin.py:190} INFO - [2025-03-24T08:10:13.016+0000] {override.py:1912} INFO - Created Permission View: can create on DAG Run:tutorial_objectstorage
[2025-03-24T08:10:13.025+0000] {logging_mixin.py:190} INFO - [2025-03-24T08:10:13.024+0000] {override.py:1912} INFO - Created Permission View: menu access on DAG Run:tutorial_objectstorage
[2025-03-24T08:10:13.034+0000] {logging_mixin.py:190} INFO - [2025-03-24T08:10:13.033+0000] {override.py:1912} INFO - Created Permission View: can read on DAG Run:tutorial_objectstorage
[2025-03-24T08:10:13.042+0000] {logging_mixin.py:190} INFO - [2025-03-24T08:10:13.042+0000] {override.py:1912} INFO - Created Permission View: can delete on DAG Run:tutorial_objectstorage
[2025-03-24T08:10:13.043+0000] {logging_mixin.py:190} INFO - [2025-03-24T08:10:13.043+0000] {dag.py:3239} INFO - Sync 1 DAGs
[2025-03-24T08:10:13.057+0000] {logging_mixin.py:190} INFO - [2025-03-24T08:10:13.057+0000] {dag.py:3262} INFO - Creating ORM DAG for tutorial_objectstorage
[2025-03-24T08:10:13.058+0000] {logging_mixin.py:190} INFO - [2025-03-24T08:10:13.058+0000] {dag.py:4180} INFO - Setting next_dagrun for tutorial_objectstorage to None, run_after=None
[2025-03-24T08:10:13.077+0000] {processor.py:208} INFO - Processing /home/airflow/.local/lib/python3.12/site-packages/airflow/example_dags/tutorial_objectstorage.py took 0.244 seconds
[2025-03-24T08:10:43.500+0000] {processor.py:186} INFO - Started process (PID=164) to work on /home/airflow/.local/lib/python3.12/site-packages/airflow/example_dags/tutorial_objectstorage.py
[2025-03-24T08:10:43.501+0000] {processor.py:914} INFO - Processing file /home/airflow/.local/lib/python3.12/site-packages/airflow/example_dags/tutorial_objectstorage.py for tasks to queue
[2025-03-24T08:10:43.504+0000] {logging_mixin.py:190} INFO - [2025-03-24T08:10:43.503+0000] {dagbag.py:588} INFO - Filling up the DagBag from /home/airflow/.local/lib/python3.12/site-packages/airflow/example_dags/tutorial_objectstorage.py
[2025-03-24T08:10:43.514+0000] {processor.py:925} INFO - DAG(s) 'tutorial_objectstorage' retrieved from /home/airflow/.local/lib/python3.12/site-packages/airflow/example_dags/tutorial_objectstorage.py
[2025-03-24T08:10:43.540+0000] {logging_mixin.py:190} INFO - [2025-03-24T08:10:43.540+0000] {dag.py:3239} INFO - Sync 1 DAGs
[2025-03-24T08:10:43.558+0000] {logging_mixin.py:190} INFO - [2025-03-24T08:10:43.557+0000] {dag.py:4180} INFO - Setting next_dagrun for tutorial_objectstorage to None, run_after=None
[2025-03-24T08:10:43.579+0000] {processor.py:208} INFO - Processing /home/airflow/.local/lib/python3.12/site-packages/airflow/example_dags/tutorial_objectstorage.py took 0.085 seconds
[2025-03-24T08:11:13.814+0000] {processor.py:186} INFO - Started process (PID=227) to work on /home/airflow/.local/lib/python3.12/site-packages/airflow/example_dags/tutorial_objectstorage.py
[2025-03-24T08:11:13.815+0000] {processor.py:914} INFO - Processing file /home/airflow/.local/lib/python3.12/site-packages/airflow/example_dags/tutorial_objectstorage.py for tasks to queue
[2025-03-24T08:11:13.817+0000] {logging_mixin.py:190} INFO - [2025-03-24T08:11:13.817+0000] {dagbag.py:588} INFO - Filling up the DagBag from /home/airflow/.local/lib/python3.12/site-packages/airflow/example_dags/tutorial_objectstorage.py
[2025-03-24T08:11:13.827+0000] {processor.py:925} INFO - DAG(s) 'tutorial_objectstorage' retrieved from /home/airflow/.local/lib/python3.12/site-packages/airflow/example_dags/tutorial_objectstorage.py
[2025-03-24T08:11:13.848+0000] {logging_mixin.py:190} INFO - [2025-03-24T08:11:13.848+0000] {dag.py:3239} INFO - Sync 1 DAGs
[2025-03-24T08:11:13.864+0000] {logging_mixin.py:190} INFO - [2025-03-24T08:11:13.864+0000] {dag.py:4180} INFO - Setting next_dagrun for tutorial_objectstorage to None, run_after=None
[2025-03-24T08:11:13.890+0000] {processor.py:208} INFO - Processing /home/airflow/.local/lib/python3.12/site-packages/airflow/example_dags/tutorial_objectstorage.py took 0.082 seconds
[2025-03-24T08:11:44.202+0000] {processor.py:186} INFO - Started process (PID=291) to work on /home/airflow/.local/lib/python3.12/site-packages/airflow/example_dags/tutorial_objectstorage.py
[2025-03-24T08:11:44.203+0000] {processor.py:914} INFO - Processing file /home/airflow/.local/lib/python3.12/site-packages/airflow/example_dags/tutorial_objectstorage.py for tasks to queue
[2025-03-24T08:11:44.206+0000] {logging_mixin.py:190} INFO - [2025-03-24T08:11:44.205+0000] {dagbag.py:588} INFO - Filling up the DagBag from /home/airflow/.local/lib/python3.12/site-packages/airflow/example_dags/tutorial_objectstorage.py
[2025-03-24T08:11:44.216+0000] {processor.py:925} INFO - DAG(s) 'tutorial_objectstorage' retrieved from /home/airflow/.local/lib/python3.12/site-packages/airflow/example_dags/tutorial_objectstorage.py
[2025-03-24T08:11:44.237+0000] {logging_mixin.py:190} INFO - [2025-03-24T08:11:44.237+0000] {dag.py:3239} INFO - Sync 1 DAGs
[2025-03-24T08:11:44.254+0000] {logging_mixin.py:190} INFO - [2025-03-24T08:11:44.254+0000] {dag.py:4180} INFO - Setting next_dagrun for tutorial_objectstorage to None, run_after=None
[2025-03-24T08:11:44.273+0000] {processor.py:208} INFO - Processing /home/airflow/.local/lib/python3.12/site-packages/airflow/example_dags/tutorial_objectstorage.py took 0.078 seconds
[2025-03-24T08:12:15.198+0000] {processor.py:186} INFO - Started process (PID=355) to work on /home/airflow/.local/lib/python3.12/site-packages/airflow/example_dags/tutorial_objectstorage.py
[2025-03-24T08:12:15.199+0000] {processor.py:914} INFO - Processing file /home/airflow/.local/lib/python3.12/site-packages/airflow/example_dags/tutorial_objectstorage.py for tasks to queue
[2025-03-24T08:12:15.201+0000] {logging_mixin.py:190} INFO - [2025-03-24T08:12:15.201+0000] {dagbag.py:588} INFO - Filling up the DagBag from /home/airflow/.local/lib/python3.12/site-packages/airflow/example_dags/tutorial_objectstorage.py
[2025-03-24T08:12:15.211+0000] {processor.py:925} INFO - DAG(s) 'tutorial_objectstorage' retrieved from /home/airflow/.local/lib/python3.12/site-packages/airflow/example_dags/tutorial_objectstorage.py
[2025-03-24T08:12:15.232+0000] {logging_mixin.py:190} INFO - [2025-03-24T08:12:15.232+0000] {dag.py:3239} INFO - Sync 1 DAGs
[2025-03-24T08:12:15.248+0000] {logging_mixin.py:190} INFO - [2025-03-24T08:12:15.248+0000] {dag.py:4180} INFO - Setting next_dagrun for tutorial_objectstorage to None, run_after=None
[2025-03-24T08:12:15.272+0000] {processor.py:208} INFO - Processing /home/airflow/.local/lib/python3.12/site-packages/airflow/example_dags/tutorial_objectstorage.py took 0.081 seconds
[2025-03-24T08:12:45.740+0000] {processor.py:186} INFO - Started process (PID=418) to work on /home/airflow/.local/lib/python3.12/site-packages/airflow/example_dags/tutorial_objectstorage.py
[2025-03-24T08:12:45.742+0000] {processor.py:914} INFO - Processing file /home/airflow/.local/lib/python3.12/site-packages/airflow/example_dags/tutorial_objectstorage.py for tasks to queue
[2025-03-24T08:12:45.744+0000] {logging_mixin.py:190} INFO - [2025-03-24T08:12:45.744+0000] {dagbag.py:588} INFO - Filling up the DagBag from /home/airflow/.local/lib/python3.12/site-packages/airflow/example_dags/tutorial_objectstorage.py
[2025-03-24T08:12:45.754+0000] {processor.py:925} INFO - DAG(s) 'tutorial_objectstorage' retrieved from /home/airflow/.local/lib/python3.12/site-packages/airflow/example_dags/tutorial_objectstorage.py
[2025-03-24T08:12:45.774+0000] {logging_mixin.py:190} INFO - [2025-03-24T08:12:45.774+0000] {dag.py:3239} INFO - Sync 1 DAGs
[2025-03-24T08:12:45.790+0000] {logging_mixin.py:190} INFO - [2025-03-24T08:12:45.790+0000] {dag.py:4180} INFO - Setting next_dagrun for tutorial_objectstorage to None, run_after=None
[2025-03-24T08:12:45.816+0000] {processor.py:208} INFO - Processing /home/airflow/.local/lib/python3.12/site-packages/airflow/example_dags/tutorial_objectstorage.py took 0.081 seconds
[2025-03-24T08:13:15.902+0000] {processor.py:186} INFO - Started process (PID=482) to work on /home/airflow/.local/lib/python3.12/site-packages/airflow/example_dags/tutorial_objectstorage.py
[2025-03-24T08:13:15.903+0000] {processor.py:914} INFO - Processing file /home/airflow/.local/lib/python3.12/site-packages/airflow/example_dags/tutorial_objectstorage.py for tasks to queue
[2025-03-24T08:13:15.905+0000] {logging_mixin.py:190} INFO - [2025-03-24T08:13:15.905+0000] {dagbag.py:588} INFO - Filling up the DagBag from /home/airflow/.local/lib/python3.12/site-packages/airflow/example_dags/tutorial_objectstorage.py
[2025-03-24T08:13:15.915+0000] {processor.py:925} INFO - DAG(s) 'tutorial_objectstorage' retrieved from /home/airflow/.local/lib/python3.12/site-packages/airflow/example_dags/tutorial_objectstorage.py
[2025-03-24T08:13:15.936+0000] {logging_mixin.py:190} INFO - [2025-03-24T08:13:15.936+0000] {dag.py:3239} INFO - Sync 1 DAGs
[2025-03-24T08:13:15.952+0000] {logging_mixin.py:190} INFO - [2025-03-24T08:13:15.951+0000] {dag.py:4180} INFO - Setting next_dagrun for tutorial_objectstorage to None, run_after=None
[2025-03-24T08:13:15.975+0000] {processor.py:208} INFO - Processing /home/airflow/.local/lib/python3.12/site-packages/airflow/example_dags/tutorial_objectstorage.py took 0.080 seconds
[2025-03-24T08:13:46.850+0000] {processor.py:186} INFO - Started process (PID=546) to work on /home/airflow/.local/lib/python3.12/site-packages/airflow/example_dags/tutorial_objectstorage.py
[2025-03-24T08:13:46.851+0000] {processor.py:914} INFO - Processing file /home/airflow/.local/lib/python3.12/site-packages/airflow/example_dags/tutorial_objectstorage.py for tasks to queue
[2025-03-24T08:13:46.853+0000] {logging_mixin.py:190} INFO - [2025-03-24T08:13:46.853+0000] {dagbag.py:588} INFO - Filling up the DagBag from /home/airflow/.local/lib/python3.12/site-packages/airflow/example_dags/tutorial_objectstorage.py
[2025-03-24T08:13:46.863+0000] {processor.py:925} INFO - DAG(s) 'tutorial_objectstorage' retrieved from /home/airflow/.local/lib/python3.12/site-packages/airflow/example_dags/tutorial_objectstorage.py
[2025-03-24T08:13:46.884+0000] {logging_mixin.py:190} INFO - [2025-03-24T08:13:46.883+0000] {dag.py:3239} INFO - Sync 1 DAGs
[2025-03-24T08:13:46.899+0000] {logging_mixin.py:190} INFO - [2025-03-24T08:13:46.899+0000] {dag.py:4180} INFO - Setting next_dagrun for tutorial_objectstorage to None, run_after=None
[2025-03-24T08:13:46.923+0000] {processor.py:208} INFO - Processing /home/airflow/.local/lib/python3.12/site-packages/airflow/example_dags/tutorial_objectstorage.py took 0.080 seconds
[2025-03-24T08:14:18.046+0000] {processor.py:186} INFO - Started process (PID=610) to work on /home/airflow/.local/lib/python3.12/site-packages/airflow/example_dags/tutorial_objectstorage.py
[2025-03-24T08:14:18.048+0000] {processor.py:914} INFO - Processing file /home/airflow/.local/lib/python3.12/site-packages/airflow/example_dags/tutorial_objectstorage.py for tasks to queue
[2025-03-24T08:14:18.050+0000] {logging_mixin.py:190} INFO - [2025-03-24T08:14:18.050+0000] {dagbag.py:588} INFO - Filling up the DagBag from /home/airflow/.local/lib/python3.12/site-packages/airflow/example_dags/tutorial_objectstorage.py
[2025-03-24T08:14:18.061+0000] {processor.py:925} INFO - DAG(s) 'tutorial_objectstorage' retrieved from /home/airflow/.local/lib/python3.12/site-packages/airflow/example_dags/tutorial_objectstorage.py
[2025-03-24T08:14:18.082+0000] {logging_mixin.py:190} INFO - [2025-03-24T08:14:18.081+0000] {dag.py:3239} INFO - Sync 1 DAGs
[2025-03-24T08:14:18.098+0000] {logging_mixin.py:190} INFO - [2025-03-24T08:14:18.098+0000] {dag.py:4180} INFO - Setting next_dagrun for tutorial_objectstorage to None, run_after=None
[2025-03-24T08:14:18.119+0000] {processor.py:208} INFO - Processing /home/airflow/.local/lib/python3.12/site-packages/airflow/example_dags/tutorial_objectstorage.py took 0.079 seconds
[2025-03-24T08:14:49.061+0000] {processor.py:186} INFO - Started process (PID=674) to work on /home/airflow/.local/lib/python3.12/site-packages/airflow/example_dags/tutorial_objectstorage.py
[2025-03-24T08:14:49.062+0000] {processor.py:914} INFO - Processing file /home/airflow/.local/lib/python3.12/site-packages/airflow/example_dags/tutorial_objectstorage.py for tasks to queue
[2025-03-24T08:14:49.065+0000] {logging_mixin.py:190} INFO - [2025-03-24T08:14:49.064+0000] {dagbag.py:588} INFO - Filling up the DagBag from /home/airflow/.local/lib/python3.12/site-packages/airflow/example_dags/tutorial_objectstorage.py
[2025-03-24T08:14:49.076+0000] {processor.py:925} INFO - DAG(s) 'tutorial_objectstorage' retrieved from /home/airflow/.local/lib/python3.12/site-packages/airflow/example_dags/tutorial_objectstorage.py
[2025-03-24T08:14:49.097+0000] {logging_mixin.py:190} INFO - [2025-03-24T08:14:49.096+0000] {dag.py:3239} INFO - Sync 1 DAGs
[2025-03-24T08:14:49.113+0000] {logging_mixin.py:190} INFO - [2025-03-24T08:14:49.113+0000] {dag.py:4180} INFO - Setting next_dagrun for tutorial_objectstorage to None, run_after=None
[2025-03-24T08:14:49.139+0000] {processor.py:208} INFO - Processing /home/airflow/.local/lib/python3.12/site-packages/airflow/example_dags/tutorial_objectstorage.py took 0.085 seconds
[2025-03-24T08:15:20.296+0000] {processor.py:186} INFO - Started process (PID=738) to work on /home/airflow/.local/lib/python3.12/site-packages/airflow/example_dags/tutorial_objectstorage.py
[2025-03-24T08:15:20.297+0000] {processor.py:914} INFO - Processing file /home/airflow/.local/lib/python3.12/site-packages/airflow/example_dags/tutorial_objectstorage.py for tasks to queue
[2025-03-24T08:15:20.299+0000] {logging_mixin.py:190} INFO - [2025-03-24T08:15:20.299+0000] {dagbag.py:588} INFO - Filling up the DagBag from /home/airflow/.local/lib/python3.12/site-packages/airflow/example_dags/tutorial_objectstorage.py
[2025-03-24T08:15:20.309+0000] {processor.py:925} INFO - DAG(s) 'tutorial_objectstorage' retrieved from /home/airflow/.local/lib/python3.12/site-packages/airflow/example_dags/tutorial_objectstorage.py
[2025-03-24T08:15:20.329+0000] {logging_mixin.py:190} INFO - [2025-03-24T08:15:20.329+0000] {dag.py:3239} INFO - Sync 1 DAGs
[2025-03-24T08:15:20.345+0000] {logging_mixin.py:190} INFO - [2025-03-24T08:15:20.345+0000] {dag.py:4180} INFO - Setting next_dagrun for tutorial_objectstorage to None, run_after=None
[2025-03-24T08:15:20.370+0000] {processor.py:208} INFO - Processing /home/airflow/.local/lib/python3.12/site-packages/airflow/example_dags/tutorial_objectstorage.py took 0.081 seconds
[2025-03-24T08:15:51.731+0000] {processor.py:186} INFO - Started process (PID=802) to work on /home/airflow/.local/lib/python3.12/site-packages/airflow/example_dags/tutorial_objectstorage.py
[2025-03-24T08:15:51.733+0000] {processor.py:914} INFO - Processing file /home/airflow/.local/lib/python3.12/site-packages/airflow/example_dags/tutorial_objectstorage.py for tasks to queue
[2025-03-24T08:15:51.735+0000] {logging_mixin.py:190} INFO - [2025-03-24T08:15:51.735+0000] {dagbag.py:588} INFO - Filling up the DagBag from /home/airflow/.local/lib/python3.12/site-packages/airflow/example_dags/tutorial_objectstorage.py
[2025-03-24T08:15:51.745+0000] {processor.py:925} INFO - DAG(s) 'tutorial_objectstorage' retrieved from /home/airflow/.local/lib/python3.12/site-packages/airflow/example_dags/tutorial_objectstorage.py
[2025-03-24T08:15:51.766+0000] {logging_mixin.py:190} INFO - [2025-03-24T08:15:51.766+0000] {dag.py:3239} INFO - Sync 1 DAGs
[2025-03-24T08:15:51.782+0000] {logging_mixin.py:190} INFO - [2025-03-24T08:15:51.782+0000] {dag.py:4180} INFO - Setting next_dagrun for tutorial_objectstorage to None, run_after=None
[2025-03-24T08:15:51.805+0000] {processor.py:208} INFO - Processing /home/airflow/.local/lib/python3.12/site-packages/airflow/example_dags/tutorial_objectstorage.py took 0.080 seconds
[2025-03-24T08:16:23.325+0000] {processor.py:186} INFO - Started process (PID=866) to work on /home/airflow/.local/lib/python3.12/site-packages/airflow/example_dags/tutorial_objectstorage.py
[2025-03-24T08:16:23.327+0000] {processor.py:914} INFO - Processing file /home/airflow/.local/lib/python3.12/site-packages/airflow/example_dags/tutorial_objectstorage.py for tasks to queue
[2025-03-24T08:16:23.329+0000] {logging_mixin.py:190} INFO - [2025-03-24T08:16:23.329+0000] {dagbag.py:588} INFO - Filling up the DagBag from /home/airflow/.local/lib/python3.12/site-packages/airflow/example_dags/tutorial_objectstorage.py
[2025-03-24T08:16:23.340+0000] {processor.py:925} INFO - DAG(s) 'tutorial_objectstorage' retrieved from /home/airflow/.local/lib/python3.12/site-packages/airflow/example_dags/tutorial_objectstorage.py
[2025-03-24T08:16:23.362+0000] {logging_mixin.py:190} INFO - [2025-03-24T08:16:23.361+0000] {dag.py:3239} INFO - Sync 1 DAGs
[2025-03-24T08:16:23.378+0000] {logging_mixin.py:190} INFO - [2025-03-24T08:16:23.378+0000] {dag.py:4180} INFO - Setting next_dagrun for tutorial_objectstorage to None, run_after=None
[2025-03-24T08:16:23.402+0000] {processor.py:208} INFO - Processing /home/airflow/.local/lib/python3.12/site-packages/airflow/example_dags/tutorial_objectstorage.py took 0.083 seconds
[2025-03-24T08:16:54.618+0000] {processor.py:186} INFO - Started process (PID=930) to work on /home/airflow/.local/lib/python3.12/site-packages/airflow/example_dags/tutorial_objectstorage.py
[2025-03-24T08:16:54.620+0000] {processor.py:914} INFO - Processing file /home/airflow/.local/lib/python3.12/site-packages/airflow/example_dags/tutorial_objectstorage.py for tasks to queue
[2025-03-24T08:16:54.622+0000] {logging_mixin.py:190} INFO - [2025-03-24T08:16:54.622+0000] {dagbag.py:588} INFO - Filling up the DagBag from /home/airflow/.local/lib/python3.12/site-packages/airflow/example_dags/tutorial_objectstorage.py
[2025-03-24T08:16:54.632+0000] {processor.py:925} INFO - DAG(s) 'tutorial_objectstorage' retrieved from /home/airflow/.local/lib/python3.12/site-packages/airflow/example_dags/tutorial_objectstorage.py
[2025-03-24T08:16:54.654+0000] {logging_mixin.py:190} INFO - [2025-03-24T08:16:54.653+0000] {dag.py:3239} INFO - Sync 1 DAGs
[2025-03-24T08:16:54.671+0000] {logging_mixin.py:190} INFO - [2025-03-24T08:16:54.671+0000] {dag.py:4180} INFO - Setting next_dagrun for tutorial_objectstorage to None, run_after=None
[2025-03-24T08:16:54.690+0000] {processor.py:208} INFO - Processing /home/airflow/.local/lib/python3.12/site-packages/airflow/example_dags/tutorial_objectstorage.py took 0.079 seconds
[2025-03-24T08:17:25.532+0000] {processor.py:186} INFO - Started process (PID=994) to work on /home/airflow/.local/lib/python3.12/site-packages/airflow/example_dags/tutorial_objectstorage.py
[2025-03-24T08:17:25.533+0000] {processor.py:914} INFO - Processing file /home/airflow/.local/lib/python3.12/site-packages/airflow/example_dags/tutorial_objectstorage.py for tasks to queue
[2025-03-24T08:17:25.536+0000] {logging_mixin.py:190} INFO - [2025-03-24T08:17:25.536+0000] {dagbag.py:588} INFO - Filling up the DagBag from /home/airflow/.local/lib/python3.12/site-packages/airflow/example_dags/tutorial_objectstorage.py
[2025-03-24T08:17:25.546+0000] {processor.py:925} INFO - DAG(s) 'tutorial_objectstorage' retrieved from /home/airflow/.local/lib/python3.12/site-packages/airflow/example_dags/tutorial_objectstorage.py
[2025-03-24T08:17:25.568+0000] {logging_mixin.py:190} INFO - [2025-03-24T08:17:25.568+0000] {dag.py:3239} INFO - Sync 1 DAGs
[2025-03-24T08:17:25.584+0000] {logging_mixin.py:190} INFO - [2025-03-24T08:17:25.584+0000] {dag.py:4180} INFO - Setting next_dagrun for tutorial_objectstorage to None, run_after=None
[2025-03-24T08:17:25.607+0000] {processor.py:208} INFO - Processing /home/airflow/.local/lib/python3.12/site-packages/airflow/example_dags/tutorial_objectstorage.py took 0.081 seconds
[2025-03-24T08:17:56.609+0000] {processor.py:186} INFO - Started process (PID=1058) to work on /home/airflow/.local/lib/python3.12/site-packages/airflow/example_dags/tutorial_objectstorage.py
[2025-03-24T08:17:56.611+0000] {processor.py:914} INFO - Processing file /home/airflow/.local/lib/python3.12/site-packages/airflow/example_dags/tutorial_objectstorage.py for tasks to queue
[2025-03-24T08:17:56.613+0000] {logging_mixin.py:190} INFO - [2025-03-24T08:17:56.613+0000] {dagbag.py:588} INFO - Filling up the DagBag from /home/airflow/.local/lib/python3.12/site-packages/airflow/example_dags/tutorial_objectstorage.py
[2025-03-24T08:17:56.623+0000] {processor.py:925} INFO - DAG(s) 'tutorial_objectstorage' retrieved from /home/airflow/.local/lib/python3.12/site-packages/airflow/example_dags/tutorial_objectstorage.py
[2025-03-24T08:17:56.644+0000] {logging_mixin.py:190} INFO - [2025-03-24T08:17:56.644+0000] {dag.py:3239} INFO - Sync 1 DAGs
[2025-03-24T08:17:56.660+0000] {logging_mixin.py:190} INFO - [2025-03-24T08:17:56.660+0000] {dag.py:4180} INFO - Setting next_dagrun for tutorial_objectstorage to None, run_after=None
[2025-03-24T08:17:56.680+0000] {processor.py:208} INFO - Processing /home/airflow/.local/lib/python3.12/site-packages/airflow/example_dags/tutorial_objectstorage.py took 0.077 seconds
[2025-03-24T08:18:27.564+0000] {processor.py:186} INFO - Started process (PID=1122) to work on /home/airflow/.local/lib/python3.12/site-packages/airflow/example_dags/tutorial_objectstorage.py
[2025-03-24T08:18:27.565+0000] {processor.py:914} INFO - Processing file /home/airflow/.local/lib/python3.12/site-packages/airflow/example_dags/tutorial_objectstorage.py for tasks to queue
[2025-03-24T08:18:27.568+0000] {logging_mixin.py:190} INFO - [2025-03-24T08:18:27.567+0000] {dagbag.py:588} INFO - Filling up the DagBag from /home/airflow/.local/lib/python3.12/site-packages/airflow/example_dags/tutorial_objectstorage.py
[2025-03-24T08:18:27.578+0000] {processor.py:925} INFO - DAG(s) 'tutorial_objectstorage' retrieved from /home/airflow/.local/lib/python3.12/site-packages/airflow/example_dags/tutorial_objectstorage.py
[2025-03-24T08:18:27.604+0000] {logging_mixin.py:190} INFO - [2025-03-24T08:18:27.603+0000] {dag.py:3239} INFO - Sync 1 DAGs
[2025-03-24T08:18:27.621+0000] {logging_mixin.py:190} INFO - [2025-03-24T08:18:27.620+0000] {dag.py:4180} INFO - Setting next_dagrun for tutorial_objectstorage to None, run_after=None
[2025-03-24T08:18:27.644+0000] {processor.py:208} INFO - Processing /home/airflow/.local/lib/python3.12/site-packages/airflow/example_dags/tutorial_objectstorage.py took 0.087 seconds
[2025-03-24T08:18:59.007+0000] {processor.py:186} INFO - Started process (PID=1186) to work on /home/airflow/.local/lib/python3.12/site-packages/airflow/example_dags/tutorial_objectstorage.py
[2025-03-24T08:18:59.009+0000] {processor.py:914} INFO - Processing file /home/airflow/.local/lib/python3.12/site-packages/airflow/example_dags/tutorial_objectstorage.py for tasks to queue
[2025-03-24T08:18:59.011+0000] {logging_mixin.py:190} INFO - [2025-03-24T08:18:59.011+0000] {dagbag.py:588} INFO - Filling up the DagBag from /home/airflow/.local/lib/python3.12/site-packages/airflow/example_dags/tutorial_objectstorage.py
[2025-03-24T08:18:59.021+0000] {processor.py:925} INFO - DAG(s) 'tutorial_objectstorage' retrieved from /home/airflow/.local/lib/python3.12/site-packages/airflow/example_dags/tutorial_objectstorage.py
[2025-03-24T08:18:59.042+0000] {logging_mixin.py:190} INFO - [2025-03-24T08:18:59.042+0000] {dag.py:3239} INFO - Sync 1 DAGs
[2025-03-24T08:18:59.059+0000] {logging_mixin.py:190} INFO - [2025-03-24T08:18:59.058+0000] {dag.py:4180} INFO - Setting next_dagrun for tutorial_objectstorage to None, run_after=None
[2025-03-24T08:18:59.083+0000] {processor.py:208} INFO - Processing /home/airflow/.local/lib/python3.12/site-packages/airflow/example_dags/tutorial_objectstorage.py took 0.082 seconds
[2025-03-24T08:19:30.304+0000] {processor.py:186} INFO - Started process (PID=1250) to work on /home/airflow/.local/lib/python3.12/site-packages/airflow/example_dags/tutorial_objectstorage.py
[2025-03-24T08:19:30.306+0000] {processor.py:914} INFO - Processing file /home/airflow/.local/lib/python3.12/site-packages/airflow/example_dags/tutorial_objectstorage.py for tasks to queue
[2025-03-24T08:19:30.308+0000] {logging_mixin.py:190} INFO - [2025-03-24T08:19:30.308+0000] {dagbag.py:588} INFO - Filling up the DagBag from /home/airflow/.local/lib/python3.12/site-packages/airflow/example_dags/tutorial_objectstorage.py
[2025-03-24T08:19:30.319+0000] {processor.py:925} INFO - DAG(s) 'tutorial_objectstorage' retrieved from /home/airflow/.local/lib/python3.12/site-packages/airflow/example_dags/tutorial_objectstorage.py
[2025-03-24T08:19:30.338+0000] {logging_mixin.py:190} INFO - [2025-03-24T08:19:30.338+0000] {dag.py:3239} INFO - Sync 1 DAGs
[2025-03-24T08:19:30.356+0000] {logging_mixin.py:190} INFO - [2025-03-24T08:19:30.356+0000] {dag.py:4180} INFO - Setting next_dagrun for tutorial_objectstorage to None, run_after=None
[2025-03-24T08:19:30.377+0000] {processor.py:208} INFO - Processing /home/airflow/.local/lib/python3.12/site-packages/airflow/example_dags/tutorial_objectstorage.py took 0.079 seconds
[2025-03-24T08:20:01.612+0000] {processor.py:186} INFO - Started process (PID=1314) to work on /home/airflow/.local/lib/python3.12/site-packages/airflow/example_dags/tutorial_objectstorage.py
[2025-03-24T08:20:01.613+0000] {processor.py:914} INFO - Processing file /home/airflow/.local/lib/python3.12/site-packages/airflow/example_dags/tutorial_objectstorage.py for tasks to queue
[2025-03-24T08:20:01.616+0000] {logging_mixin.py:190} INFO - [2025-03-24T08:20:01.616+0000] {dagbag.py:588} INFO - Filling up the DagBag from /home/airflow/.local/lib/python3.12/site-packages/airflow/example_dags/tutorial_objectstorage.py
[2025-03-24T08:20:01.627+0000] {processor.py:925} INFO - DAG(s) 'tutorial_objectstorage' retrieved from /home/airflow/.local/lib/python3.12/site-packages/airflow/example_dags/tutorial_objectstorage.py
[2025-03-24T08:20:01.648+0000] {logging_mixin.py:190} INFO - [2025-03-24T08:20:01.648+0000] {dag.py:3239} INFO - Sync 1 DAGs
[2025-03-24T08:20:01.667+0000] {logging_mixin.py:190} INFO - [2025-03-24T08:20:01.666+0000] {dag.py:4180} INFO - Setting next_dagrun for tutorial_objectstorage to None, run_after=None
[2025-03-24T08:20:01.688+0000] {processor.py:208} INFO - Processing /home/airflow/.local/lib/python3.12/site-packages/airflow/example_dags/tutorial_objectstorage.py took 0.082 seconds
[2025-03-24T08:20:32.739+0000] {processor.py:186} INFO - Started process (PID=1378) to work on /home/airflow/.local/lib/python3.12/site-packages/airflow/example_dags/tutorial_objectstorage.py
[2025-03-24T08:20:32.741+0000] {processor.py:914} INFO - Processing file /home/airflow/.local/lib/python3.12/site-packages/airflow/example_dags/tutorial_objectstorage.py for tasks to queue
[2025-03-24T08:20:32.743+0000] {logging_mixin.py:190} INFO - [2025-03-24T08:20:32.743+0000] {dagbag.py:588} INFO - Filling up the DagBag from /home/airflow/.local/lib/python3.12/site-packages/airflow/example_dags/tutorial_objectstorage.py
[2025-03-24T08:20:32.755+0000] {processor.py:925} INFO - DAG(s) 'tutorial_objectstorage' retrieved from /home/airflow/.local/lib/python3.12/site-packages/airflow/example_dags/tutorial_objectstorage.py
[2025-03-24T08:20:32.776+0000] {logging_mixin.py:190} INFO - [2025-03-24T08:20:32.776+0000] {dag.py:3239} INFO - Sync 1 DAGs
[2025-03-24T08:20:32.793+0000] {logging_mixin.py:190} INFO - [2025-03-24T08:20:32.793+0000] {dag.py:4180} INFO - Setting next_dagrun for tutorial_objectstorage to None, run_after=None
[2025-03-24T08:20:32.820+0000] {processor.py:208} INFO - Processing /home/airflow/.local/lib/python3.12/site-packages/airflow/example_dags/tutorial_objectstorage.py took 0.088 seconds
[2025-03-24T08:21:03.748+0000] {processor.py:186} INFO - Started process (PID=1442) to work on /home/airflow/.local/lib/python3.12/site-packages/airflow/example_dags/tutorial_objectstorage.py
[2025-03-24T08:21:03.749+0000] {processor.py:914} INFO - Processing file /home/airflow/.local/lib/python3.12/site-packages/airflow/example_dags/tutorial_objectstorage.py for tasks to queue
[2025-03-24T08:21:03.751+0000] {logging_mixin.py:190} INFO - [2025-03-24T08:21:03.751+0000] {dagbag.py:588} INFO - Filling up the DagBag from /home/airflow/.local/lib/python3.12/site-packages/airflow/example_dags/tutorial_objectstorage.py
[2025-03-24T08:21:03.761+0000] {processor.py:925} INFO - DAG(s) 'tutorial_objectstorage' retrieved from /home/airflow/.local/lib/python3.12/site-packages/airflow/example_dags/tutorial_objectstorage.py
[2025-03-24T08:21:03.784+0000] {logging_mixin.py:190} INFO - [2025-03-24T08:21:03.784+0000] {dag.py:3239} INFO - Sync 1 DAGs
[2025-03-24T08:21:03.802+0000] {logging_mixin.py:190} INFO - [2025-03-24T08:21:03.802+0000] {dag.py:4180} INFO - Setting next_dagrun for tutorial_objectstorage to None, run_after=None
[2025-03-24T08:21:03.826+0000] {processor.py:208} INFO - Processing /home/airflow/.local/lib/python3.12/site-packages/airflow/example_dags/tutorial_objectstorage.py took 0.085 seconds
[2025-03-24T08:21:35.082+0000] {processor.py:186} INFO - Started process (PID=1512) to work on /home/airflow/.local/lib/python3.12/site-packages/airflow/example_dags/tutorial_objectstorage.py
[2025-03-24T08:21:35.083+0000] {processor.py:914} INFO - Processing file /home/airflow/.local/lib/python3.12/site-packages/airflow/example_dags/tutorial_objectstorage.py for tasks to queue
[2025-03-24T08:21:35.086+0000] {logging_mixin.py:190} INFO - [2025-03-24T08:21:35.085+0000] {dagbag.py:588} INFO - Filling up the DagBag from /home/airflow/.local/lib/python3.12/site-packages/airflow/example_dags/tutorial_objectstorage.py
[2025-03-24T08:21:35.099+0000] {processor.py:925} INFO - DAG(s) 'tutorial_objectstorage' retrieved from /home/airflow/.local/lib/python3.12/site-packages/airflow/example_dags/tutorial_objectstorage.py
[2025-03-24T08:21:35.120+0000] {logging_mixin.py:190} INFO - [2025-03-24T08:21:35.120+0000] {dag.py:3239} INFO - Sync 1 DAGs
[2025-03-24T08:21:35.137+0000] {logging_mixin.py:190} INFO - [2025-03-24T08:21:35.137+0000] {dag.py:4180} INFO - Setting next_dagrun for tutorial_objectstorage to None, run_after=None
[2025-03-24T08:21:35.158+0000] {processor.py:208} INFO - Processing /home/airflow/.local/lib/python3.12/site-packages/airflow/example_dags/tutorial_objectstorage.py took 0.084 seconds
[2025-03-24T08:22:06.774+0000] {processor.py:186} INFO - Started process (PID=1576) to work on /home/airflow/.local/lib/python3.12/site-packages/airflow/example_dags/tutorial_objectstorage.py
[2025-03-24T08:22:06.775+0000] {processor.py:914} INFO - Processing file /home/airflow/.local/lib/python3.12/site-packages/airflow/example_dags/tutorial_objectstorage.py for tasks to queue
[2025-03-24T08:22:06.778+0000] {logging_mixin.py:190} INFO - [2025-03-24T08:22:06.778+0000] {dagbag.py:588} INFO - Filling up the DagBag from /home/airflow/.local/lib/python3.12/site-packages/airflow/example_dags/tutorial_objectstorage.py
[2025-03-24T08:22:06.788+0000] {processor.py:925} INFO - DAG(s) 'tutorial_objectstorage' retrieved from /home/airflow/.local/lib/python3.12/site-packages/airflow/example_dags/tutorial_objectstorage.py
[2025-03-24T08:22:06.812+0000] {logging_mixin.py:190} INFO - [2025-03-24T08:22:06.811+0000] {dag.py:3239} INFO - Sync 1 DAGs
[2025-03-24T08:22:06.827+0000] {logging_mixin.py:190} INFO - [2025-03-24T08:22:06.827+0000] {dag.py:4180} INFO - Setting next_dagrun for tutorial_objectstorage to None, run_after=None
[2025-03-24T08:22:06.847+0000] {processor.py:208} INFO - Processing /home/airflow/.local/lib/python3.12/site-packages/airflow/example_dags/tutorial_objectstorage.py took 0.080 seconds
[2025-03-24T08:22:38.220+0000] {processor.py:186} INFO - Started process (PID=1640) to work on /home/airflow/.local/lib/python3.12/site-packages/airflow/example_dags/tutorial_objectstorage.py
[2025-03-24T08:22:38.221+0000] {processor.py:914} INFO - Processing file /home/airflow/.local/lib/python3.12/site-packages/airflow/example_dags/tutorial_objectstorage.py for tasks to queue
[2025-03-24T08:22:38.224+0000] {logging_mixin.py:190} INFO - [2025-03-24T08:22:38.223+0000] {dagbag.py:588} INFO - Filling up the DagBag from /home/airflow/.local/lib/python3.12/site-packages/airflow/example_dags/tutorial_objectstorage.py
[2025-03-24T08:22:38.234+0000] {processor.py:925} INFO - DAG(s) 'tutorial_objectstorage' retrieved from /home/airflow/.local/lib/python3.12/site-packages/airflow/example_dags/tutorial_objectstorage.py
[2025-03-24T08:22:38.255+0000] {logging_mixin.py:190} INFO - [2025-03-24T08:22:38.255+0000] {dag.py:3239} INFO - Sync 1 DAGs
[2025-03-24T08:22:38.272+0000] {logging_mixin.py:190} INFO - [2025-03-24T08:22:38.271+0000] {dag.py:4180} INFO - Setting next_dagrun for tutorial_objectstorage to None, run_after=None
[2025-03-24T08:22:38.293+0000] {processor.py:208} INFO - Processing /home/airflow/.local/lib/python3.12/site-packages/airflow/example_dags/tutorial_objectstorage.py took 0.079 seconds
[2025-03-24T08:23:09.439+0000] {processor.py:186} INFO - Started process (PID=1704) to work on /home/airflow/.local/lib/python3.12/site-packages/airflow/example_dags/tutorial_objectstorage.py
[2025-03-24T08:23:09.440+0000] {processor.py:914} INFO - Processing file /home/airflow/.local/lib/python3.12/site-packages/airflow/example_dags/tutorial_objectstorage.py for tasks to queue
[2025-03-24T08:23:09.442+0000] {logging_mixin.py:190} INFO - [2025-03-24T08:23:09.442+0000] {dagbag.py:588} INFO - Filling up the DagBag from /home/airflow/.local/lib/python3.12/site-packages/airflow/example_dags/tutorial_objectstorage.py
[2025-03-24T08:23:09.453+0000] {processor.py:925} INFO - DAG(s) 'tutorial_objectstorage' retrieved from /home/airflow/.local/lib/python3.12/site-packages/airflow/example_dags/tutorial_objectstorage.py
[2025-03-24T08:23:09.473+0000] {logging_mixin.py:190} INFO - [2025-03-24T08:23:09.473+0000] {dag.py:3239} INFO - Sync 1 DAGs
[2025-03-24T08:23:09.489+0000] {logging_mixin.py:190} INFO - [2025-03-24T08:23:09.488+0000] {dag.py:4180} INFO - Setting next_dagrun for tutorial_objectstorage to None, run_after=None
[2025-03-24T08:23:09.513+0000] {processor.py:208} INFO - Processing /home/airflow/.local/lib/python3.12/site-packages/airflow/example_dags/tutorial_objectstorage.py took 0.081 seconds
[2025-03-24T08:23:40.750+0000] {processor.py:186} INFO - Started process (PID=1768) to work on /home/airflow/.local/lib/python3.12/site-packages/airflow/example_dags/tutorial_objectstorage.py
[2025-03-24T08:23:40.751+0000] {processor.py:914} INFO - Processing file /home/airflow/.local/lib/python3.12/site-packages/airflow/example_dags/tutorial_objectstorage.py for tasks to queue
[2025-03-24T08:23:40.754+0000] {logging_mixin.py:190} INFO - [2025-03-24T08:23:40.754+0000] {dagbag.py:588} INFO - Filling up the DagBag from /home/airflow/.local/lib/python3.12/site-packages/airflow/example_dags/tutorial_objectstorage.py
[2025-03-24T08:23:40.765+0000] {processor.py:925} INFO - DAG(s) 'tutorial_objectstorage' retrieved from /home/airflow/.local/lib/python3.12/site-packages/airflow/example_dags/tutorial_objectstorage.py
[2025-03-24T08:23:40.784+0000] {logging_mixin.py:190} INFO - [2025-03-24T08:23:40.784+0000] {dag.py:3239} INFO - Sync 1 DAGs
[2025-03-24T08:23:40.799+0000] {logging_mixin.py:190} INFO - [2025-03-24T08:23:40.799+0000] {dag.py:4180} INFO - Setting next_dagrun for tutorial_objectstorage to None, run_after=None
[2025-03-24T08:23:40.823+0000] {processor.py:208} INFO - Processing /home/airflow/.local/lib/python3.12/site-packages/airflow/example_dags/tutorial_objectstorage.py took 0.079 seconds
[2025-03-24T08:24:12.071+0000] {processor.py:186} INFO - Started process (PID=1832) to work on /home/airflow/.local/lib/python3.12/site-packages/airflow/example_dags/tutorial_objectstorage.py
[2025-03-24T08:24:12.072+0000] {processor.py:914} INFO - Processing file /home/airflow/.local/lib/python3.12/site-packages/airflow/example_dags/tutorial_objectstorage.py for tasks to queue
[2025-03-24T08:24:12.075+0000] {logging_mixin.py:190} INFO - [2025-03-24T08:24:12.074+0000] {dagbag.py:588} INFO - Filling up the DagBag from /home/airflow/.local/lib/python3.12/site-packages/airflow/example_dags/tutorial_objectstorage.py
[2025-03-24T08:24:12.086+0000] {processor.py:925} INFO - DAG(s) 'tutorial_objectstorage' retrieved from /home/airflow/.local/lib/python3.12/site-packages/airflow/example_dags/tutorial_objectstorage.py
[2025-03-24T08:24:12.106+0000] {logging_mixin.py:190} INFO - [2025-03-24T08:24:12.106+0000] {dag.py:3239} INFO - Sync 1 DAGs
[2025-03-24T08:24:12.122+0000] {logging_mixin.py:190} INFO - [2025-03-24T08:24:12.122+0000] {dag.py:4180} INFO - Setting next_dagrun for tutorial_objectstorage to None, run_after=None
[2025-03-24T08:24:12.151+0000] {processor.py:208} INFO - Processing /home/airflow/.local/lib/python3.12/site-packages/airflow/example_dags/tutorial_objectstorage.py took 0.089 seconds
[2025-03-24T08:24:43.467+0000] {processor.py:186} INFO - Started process (PID=1896) to work on /home/airflow/.local/lib/python3.12/site-packages/airflow/example_dags/tutorial_objectstorage.py
[2025-03-24T08:24:43.468+0000] {processor.py:914} INFO - Processing file /home/airflow/.local/lib/python3.12/site-packages/airflow/example_dags/tutorial_objectstorage.py for tasks to queue
[2025-03-24T08:24:43.470+0000] {logging_mixin.py:190} INFO - [2025-03-24T08:24:43.470+0000] {dagbag.py:588} INFO - Filling up the DagBag from /home/airflow/.local/lib/python3.12/site-packages/airflow/example_dags/tutorial_objectstorage.py
[2025-03-24T08:24:43.480+0000] {processor.py:925} INFO - DAG(s) 'tutorial_objectstorage' retrieved from /home/airflow/.local/lib/python3.12/site-packages/airflow/example_dags/tutorial_objectstorage.py
[2025-03-24T08:24:43.501+0000] {logging_mixin.py:190} INFO - [2025-03-24T08:24:43.501+0000] {dag.py:3239} INFO - Sync 1 DAGs
[2025-03-24T08:24:43.516+0000] {logging_mixin.py:190} INFO - [2025-03-24T08:24:43.516+0000] {dag.py:4180} INFO - Setting next_dagrun for tutorial_objectstorage to None, run_after=None
[2025-03-24T08:24:43.543+0000] {processor.py:208} INFO - Processing /home/airflow/.local/lib/python3.12/site-packages/airflow/example_dags/tutorial_objectstorage.py took 0.083 seconds
[2025-03-24T08:25:14.786+0000] {processor.py:186} INFO - Started process (PID=1960) to work on /home/airflow/.local/lib/python3.12/site-packages/airflow/example_dags/tutorial_objectstorage.py
[2025-03-24T08:25:14.787+0000] {processor.py:914} INFO - Processing file /home/airflow/.local/lib/python3.12/site-packages/airflow/example_dags/tutorial_objectstorage.py for tasks to queue
[2025-03-24T08:25:14.789+0000] {logging_mixin.py:190} INFO - [2025-03-24T08:25:14.789+0000] {dagbag.py:588} INFO - Filling up the DagBag from /home/airflow/.local/lib/python3.12/site-packages/airflow/example_dags/tutorial_objectstorage.py
[2025-03-24T08:25:14.799+0000] {processor.py:925} INFO - DAG(s) 'tutorial_objectstorage' retrieved from /home/airflow/.local/lib/python3.12/site-packages/airflow/example_dags/tutorial_objectstorage.py
[2025-03-24T08:25:14.820+0000] {logging_mixin.py:190} INFO - [2025-03-24T08:25:14.819+0000] {dag.py:3239} INFO - Sync 1 DAGs
[2025-03-24T08:25:14.836+0000] {logging_mixin.py:190} INFO - [2025-03-24T08:25:14.835+0000] {dag.py:4180} INFO - Setting next_dagrun for tutorial_objectstorage to None, run_after=None
[2025-03-24T08:25:14.859+0000] {processor.py:208} INFO - Processing /home/airflow/.local/lib/python3.12/site-packages/airflow/example_dags/tutorial_objectstorage.py took 0.081 seconds
[2025-03-24T08:25:45.872+0000] {processor.py:186} INFO - Started process (PID=2024) to work on /home/airflow/.local/lib/python3.12/site-packages/airflow/example_dags/tutorial_objectstorage.py
[2025-03-24T08:25:45.873+0000] {processor.py:914} INFO - Processing file /home/airflow/.local/lib/python3.12/site-packages/airflow/example_dags/tutorial_objectstorage.py for tasks to queue
[2025-03-24T08:25:45.876+0000] {logging_mixin.py:190} INFO - [2025-03-24T08:25:45.876+0000] {dagbag.py:588} INFO - Filling up the DagBag from /home/airflow/.local/lib/python3.12/site-packages/airflow/example_dags/tutorial_objectstorage.py
[2025-03-24T08:25:45.887+0000] {processor.py:925} INFO - DAG(s) 'tutorial_objectstorage' retrieved from /home/airflow/.local/lib/python3.12/site-packages/airflow/example_dags/tutorial_objectstorage.py
[2025-03-24T08:25:45.909+0000] {logging_mixin.py:190} INFO - [2025-03-24T08:25:45.909+0000] {dag.py:3239} INFO - Sync 1 DAGs
[2025-03-24T08:25:45.926+0000] {logging_mixin.py:190} INFO - [2025-03-24T08:25:45.926+0000] {dag.py:4180} INFO - Setting next_dagrun for tutorial_objectstorage to None, run_after=None
[2025-03-24T08:25:45.952+0000] {processor.py:208} INFO - Processing /home/airflow/.local/lib/python3.12/site-packages/airflow/example_dags/tutorial_objectstorage.py took 0.087 seconds
[2025-03-24T08:26:17.323+0000] {processor.py:186} INFO - Started process (PID=2088) to work on /home/airflow/.local/lib/python3.12/site-packages/airflow/example_dags/tutorial_objectstorage.py
[2025-03-24T08:26:17.324+0000] {processor.py:914} INFO - Processing file /home/airflow/.local/lib/python3.12/site-packages/airflow/example_dags/tutorial_objectstorage.py for tasks to queue
[2025-03-24T08:26:17.326+0000] {logging_mixin.py:190} INFO - [2025-03-24T08:26:17.326+0000] {dagbag.py:588} INFO - Filling up the DagBag from /home/airflow/.local/lib/python3.12/site-packages/airflow/example_dags/tutorial_objectstorage.py
[2025-03-24T08:26:17.338+0000] {processor.py:925} INFO - DAG(s) 'tutorial_objectstorage' retrieved from /home/airflow/.local/lib/python3.12/site-packages/airflow/example_dags/tutorial_objectstorage.py
[2025-03-24T08:26:17.363+0000] {logging_mixin.py:190} INFO - [2025-03-24T08:26:17.363+0000] {dag.py:3239} INFO - Sync 1 DAGs
[2025-03-24T08:26:17.380+0000] {logging_mixin.py:190} INFO - [2025-03-24T08:26:17.380+0000] {dag.py:4180} INFO - Setting next_dagrun for tutorial_objectstorage to None, run_after=None
[2025-03-24T08:26:17.404+0000] {processor.py:208} INFO - Processing /home/airflow/.local/lib/python3.12/site-packages/airflow/example_dags/tutorial_objectstorage.py took 0.088 seconds
[2025-03-24T08:26:48.553+0000] {processor.py:186} INFO - Started process (PID=2152) to work on /home/airflow/.local/lib/python3.12/site-packages/airflow/example_dags/tutorial_objectstorage.py
[2025-03-24T08:26:48.554+0000] {processor.py:914} INFO - Processing file /home/airflow/.local/lib/python3.12/site-packages/airflow/example_dags/tutorial_objectstorage.py for tasks to queue
[2025-03-24T08:26:48.557+0000] {logging_mixin.py:190} INFO - [2025-03-24T08:26:48.556+0000] {dagbag.py:588} INFO - Filling up the DagBag from /home/airflow/.local/lib/python3.12/site-packages/airflow/example_dags/tutorial_objectstorage.py
[2025-03-24T08:26:48.566+0000] {processor.py:925} INFO - DAG(s) 'tutorial_objectstorage' retrieved from /home/airflow/.local/lib/python3.12/site-packages/airflow/example_dags/tutorial_objectstorage.py
[2025-03-24T08:26:48.587+0000] {logging_mixin.py:190} INFO - [2025-03-24T08:26:48.587+0000] {dag.py:3239} INFO - Sync 1 DAGs
[2025-03-24T08:26:48.603+0000] {logging_mixin.py:190} INFO - [2025-03-24T08:26:48.603+0000] {dag.py:4180} INFO - Setting next_dagrun for tutorial_objectstorage to None, run_after=None
[2025-03-24T08:26:48.628+0000] {processor.py:208} INFO - Processing /home/airflow/.local/lib/python3.12/site-packages/airflow/example_dags/tutorial_objectstorage.py took 0.081 seconds
[2025-03-24T08:27:19.824+0000] {processor.py:186} INFO - Started process (PID=2216) to work on /home/airflow/.local/lib/python3.12/site-packages/airflow/example_dags/tutorial_objectstorage.py
[2025-03-24T08:27:19.825+0000] {processor.py:914} INFO - Processing file /home/airflow/.local/lib/python3.12/site-packages/airflow/example_dags/tutorial_objectstorage.py for tasks to queue
[2025-03-24T08:27:19.828+0000] {logging_mixin.py:190} INFO - [2025-03-24T08:27:19.828+0000] {dagbag.py:588} INFO - Filling up the DagBag from /home/airflow/.local/lib/python3.12/site-packages/airflow/example_dags/tutorial_objectstorage.py
[2025-03-24T08:27:19.838+0000] {processor.py:925} INFO - DAG(s) 'tutorial_objectstorage' retrieved from /home/airflow/.local/lib/python3.12/site-packages/airflow/example_dags/tutorial_objectstorage.py
[2025-03-24T08:27:19.860+0000] {logging_mixin.py:190} INFO - [2025-03-24T08:27:19.859+0000] {dag.py:3239} INFO - Sync 1 DAGs
[2025-03-24T08:27:19.875+0000] {logging_mixin.py:190} INFO - [2025-03-24T08:27:19.875+0000] {dag.py:4180} INFO - Setting next_dagrun for tutorial_objectstorage to None, run_after=None
[2025-03-24T08:27:19.896+0000] {processor.py:208} INFO - Processing /home/airflow/.local/lib/python3.12/site-packages/airflow/example_dags/tutorial_objectstorage.py took 0.079 seconds
[2025-03-24T08:27:51.506+0000] {processor.py:186} INFO - Started process (PID=2280) to work on /home/airflow/.local/lib/python3.12/site-packages/airflow/example_dags/tutorial_objectstorage.py
[2025-03-24T08:27:51.507+0000] {processor.py:914} INFO - Processing file /home/airflow/.local/lib/python3.12/site-packages/airflow/example_dags/tutorial_objectstorage.py for tasks to queue
[2025-03-24T08:27:51.510+0000] {logging_mixin.py:190} INFO - [2025-03-24T08:27:51.510+0000] {dagbag.py:588} INFO - Filling up the DagBag from /home/airflow/.local/lib/python3.12/site-packages/airflow/example_dags/tutorial_objectstorage.py
[2025-03-24T08:27:51.521+0000] {processor.py:925} INFO - DAG(s) 'tutorial_objectstorage' retrieved from /home/airflow/.local/lib/python3.12/site-packages/airflow/example_dags/tutorial_objectstorage.py
[2025-03-24T08:27:51.542+0000] {logging_mixin.py:190} INFO - [2025-03-24T08:27:51.542+0000] {dag.py:3239} INFO - Sync 1 DAGs
[2025-03-24T08:27:51.562+0000] {logging_mixin.py:190} INFO - [2025-03-24T08:27:51.562+0000] {dag.py:4180} INFO - Setting next_dagrun for tutorial_objectstorage to None, run_after=None
[2025-03-24T08:27:51.586+0000] {processor.py:208} INFO - Processing /home/airflow/.local/lib/python3.12/site-packages/airflow/example_dags/tutorial_objectstorage.py took 0.088 seconds
[2025-03-24T08:28:22.470+0000] {processor.py:186} INFO - Started process (PID=2344) to work on /home/airflow/.local/lib/python3.12/site-packages/airflow/example_dags/tutorial_objectstorage.py
[2025-03-24T08:28:22.471+0000] {processor.py:914} INFO - Processing file /home/airflow/.local/lib/python3.12/site-packages/airflow/example_dags/tutorial_objectstorage.py for tasks to queue
[2025-03-24T08:28:22.474+0000] {logging_mixin.py:190} INFO - [2025-03-24T08:28:22.473+0000] {dagbag.py:588} INFO - Filling up the DagBag from /home/airflow/.local/lib/python3.12/site-packages/airflow/example_dags/tutorial_objectstorage.py
[2025-03-24T08:28:22.484+0000] {processor.py:925} INFO - DAG(s) 'tutorial_objectstorage' retrieved from /home/airflow/.local/lib/python3.12/site-packages/airflow/example_dags/tutorial_objectstorage.py
[2025-03-24T08:28:22.504+0000] {logging_mixin.py:190} INFO - [2025-03-24T08:28:22.503+0000] {dag.py:3239} INFO - Sync 1 DAGs
[2025-03-24T08:28:22.521+0000] {logging_mixin.py:190} INFO - [2025-03-24T08:28:22.520+0000] {dag.py:4180} INFO - Setting next_dagrun for tutorial_objectstorage to None, run_after=None
[2025-03-24T08:28:22.545+0000] {processor.py:208} INFO - Processing /home/airflow/.local/lib/python3.12/site-packages/airflow/example_dags/tutorial_objectstorage.py took 0.082 seconds
[2025-03-24T08:28:53.336+0000] {processor.py:186} INFO - Started process (PID=2408) to work on /home/airflow/.local/lib/python3.12/site-packages/airflow/example_dags/tutorial_objectstorage.py
[2025-03-24T08:28:53.337+0000] {processor.py:914} INFO - Processing file /home/airflow/.local/lib/python3.12/site-packages/airflow/example_dags/tutorial_objectstorage.py for tasks to queue
[2025-03-24T08:28:53.340+0000] {logging_mixin.py:190} INFO - [2025-03-24T08:28:53.340+0000] {dagbag.py:588} INFO - Filling up the DagBag from /home/airflow/.local/lib/python3.12/site-packages/airflow/example_dags/tutorial_objectstorage.py
[2025-03-24T08:28:53.350+0000] {processor.py:925} INFO - DAG(s) 'tutorial_objectstorage' retrieved from /home/airflow/.local/lib/python3.12/site-packages/airflow/example_dags/tutorial_objectstorage.py
[2025-03-24T08:28:53.372+0000] {logging_mixin.py:190} INFO - [2025-03-24T08:28:53.372+0000] {dag.py:3239} INFO - Sync 1 DAGs
[2025-03-24T08:28:53.388+0000] {logging_mixin.py:190} INFO - [2025-03-24T08:28:53.388+0000] {dag.py:4180} INFO - Setting next_dagrun for tutorial_objectstorage to None, run_after=None
[2025-03-24T08:28:53.413+0000] {processor.py:208} INFO - Processing /home/airflow/.local/lib/python3.12/site-packages/airflow/example_dags/tutorial_objectstorage.py took 0.083 seconds
[2025-03-24T08:29:24.451+0000] {processor.py:186} INFO - Started process (PID=2472) to work on /home/airflow/.local/lib/python3.12/site-packages/airflow/example_dags/tutorial_objectstorage.py
[2025-03-24T08:29:24.452+0000] {processor.py:914} INFO - Processing file /home/airflow/.local/lib/python3.12/site-packages/airflow/example_dags/tutorial_objectstorage.py for tasks to queue
[2025-03-24T08:29:24.455+0000] {logging_mixin.py:190} INFO - [2025-03-24T08:29:24.455+0000] {dagbag.py:588} INFO - Filling up the DagBag from /home/airflow/.local/lib/python3.12/site-packages/airflow/example_dags/tutorial_objectstorage.py
[2025-03-24T08:29:24.465+0000] {processor.py:925} INFO - DAG(s) 'tutorial_objectstorage' retrieved from /home/airflow/.local/lib/python3.12/site-packages/airflow/example_dags/tutorial_objectstorage.py
[2025-03-24T08:29:24.485+0000] {logging_mixin.py:190} INFO - [2025-03-24T08:29:24.485+0000] {dag.py:3239} INFO - Sync 1 DAGs
[2025-03-24T08:29:24.501+0000] {logging_mixin.py:190} INFO - [2025-03-24T08:29:24.501+0000] {dag.py:4180} INFO - Setting next_dagrun for tutorial_objectstorage to None, run_after=None
[2025-03-24T08:29:24.522+0000] {processor.py:208} INFO - Processing /home/airflow/.local/lib/python3.12/site-packages/airflow/example_dags/tutorial_objectstorage.py took 0.077 seconds
[2025-03-24T08:29:55.235+0000] {processor.py:186} INFO - Started process (PID=2536) to work on /home/airflow/.local/lib/python3.12/site-packages/airflow/example_dags/tutorial_objectstorage.py
[2025-03-24T08:29:55.236+0000] {processor.py:914} INFO - Processing file /home/airflow/.local/lib/python3.12/site-packages/airflow/example_dags/tutorial_objectstorage.py for tasks to queue
[2025-03-24T08:29:55.239+0000] {logging_mixin.py:190} INFO - [2025-03-24T08:29:55.238+0000] {dagbag.py:588} INFO - Filling up the DagBag from /home/airflow/.local/lib/python3.12/site-packages/airflow/example_dags/tutorial_objectstorage.py
[2025-03-24T08:29:55.249+0000] {processor.py:925} INFO - DAG(s) 'tutorial_objectstorage' retrieved from /home/airflow/.local/lib/python3.12/site-packages/airflow/example_dags/tutorial_objectstorage.py
[2025-03-24T08:29:55.271+0000] {logging_mixin.py:190} INFO - [2025-03-24T08:29:55.271+0000] {dag.py:3239} INFO - Sync 1 DAGs
[2025-03-24T08:29:55.289+0000] {logging_mixin.py:190} INFO - [2025-03-24T08:29:55.288+0000] {dag.py:4180} INFO - Setting next_dagrun for tutorial_objectstorage to None, run_after=None
[2025-03-24T08:29:55.309+0000] {processor.py:208} INFO - Processing /home/airflow/.local/lib/python3.12/site-packages/airflow/example_dags/tutorial_objectstorage.py took 0.081 seconds
[2025-03-24T08:30:26.824+0000] {processor.py:186} INFO - Started process (PID=2601) to work on /home/airflow/.local/lib/python3.12/site-packages/airflow/example_dags/tutorial_objectstorage.py
[2025-03-24T08:30:26.825+0000] {processor.py:914} INFO - Processing file /home/airflow/.local/lib/python3.12/site-packages/airflow/example_dags/tutorial_objectstorage.py for tasks to queue
[2025-03-24T08:30:26.828+0000] {logging_mixin.py:190} INFO - [2025-03-24T08:30:26.827+0000] {dagbag.py:588} INFO - Filling up the DagBag from /home/airflow/.local/lib/python3.12/site-packages/airflow/example_dags/tutorial_objectstorage.py
[2025-03-24T08:30:26.839+0000] {processor.py:925} INFO - DAG(s) 'tutorial_objectstorage' retrieved from /home/airflow/.local/lib/python3.12/site-packages/airflow/example_dags/tutorial_objectstorage.py
[2025-03-24T08:30:26.861+0000] {logging_mixin.py:190} INFO - [2025-03-24T08:30:26.861+0000] {dag.py:3239} INFO - Sync 1 DAGs
[2025-03-24T08:30:26.878+0000] {logging_mixin.py:190} INFO - [2025-03-24T08:30:26.878+0000] {dag.py:4180} INFO - Setting next_dagrun for tutorial_objectstorage to None, run_after=None
[2025-03-24T08:30:26.904+0000] {processor.py:208} INFO - Processing /home/airflow/.local/lib/python3.12/site-packages/airflow/example_dags/tutorial_objectstorage.py took 0.086 seconds
[2025-03-24T08:30:57.737+0000] {processor.py:186} INFO - Started process (PID=2666) to work on /home/airflow/.local/lib/python3.12/site-packages/airflow/example_dags/tutorial_objectstorage.py
[2025-03-24T08:30:57.739+0000] {processor.py:914} INFO - Processing file /home/airflow/.local/lib/python3.12/site-packages/airflow/example_dags/tutorial_objectstorage.py for tasks to queue
[2025-03-24T08:30:57.742+0000] {logging_mixin.py:190} INFO - [2025-03-24T08:30:57.741+0000] {dagbag.py:588} INFO - Filling up the DagBag from /home/airflow/.local/lib/python3.12/site-packages/airflow/example_dags/tutorial_objectstorage.py
[2025-03-24T08:30:57.753+0000] {processor.py:925} INFO - DAG(s) 'tutorial_objectstorage' retrieved from /home/airflow/.local/lib/python3.12/site-packages/airflow/example_dags/tutorial_objectstorage.py
[2025-03-24T08:30:57.775+0000] {logging_mixin.py:190} INFO - [2025-03-24T08:30:57.775+0000] {dag.py:3239} INFO - Sync 1 DAGs
[2025-03-24T08:30:57.792+0000] {logging_mixin.py:190} INFO - [2025-03-24T08:30:57.792+0000] {dag.py:4180} INFO - Setting next_dagrun for tutorial_objectstorage to None, run_after=None
[2025-03-24T08:30:57.816+0000] {processor.py:208} INFO - Processing /home/airflow/.local/lib/python3.12/site-packages/airflow/example_dags/tutorial_objectstorage.py took 0.085 seconds
[2025-03-24T08:31:30.261+0000] {processor.py:186} INFO - Started process (PID=2732) to work on /home/airflow/.local/lib/python3.12/site-packages/airflow/example_dags/tutorial_objectstorage.py
[2025-03-24T08:31:30.262+0000] {processor.py:914} INFO - Processing file /home/airflow/.local/lib/python3.12/site-packages/airflow/example_dags/tutorial_objectstorage.py for tasks to queue
[2025-03-24T08:31:30.265+0000] {logging_mixin.py:190} INFO - [2025-03-24T08:31:30.265+0000] {dagbag.py:588} INFO - Filling up the DagBag from /home/airflow/.local/lib/python3.12/site-packages/airflow/example_dags/tutorial_objectstorage.py
[2025-03-24T08:31:30.276+0000] {processor.py:925} INFO - DAG(s) 'tutorial_objectstorage' retrieved from /home/airflow/.local/lib/python3.12/site-packages/airflow/example_dags/tutorial_objectstorage.py
[2025-03-24T08:31:30.297+0000] {logging_mixin.py:190} INFO - [2025-03-24T08:31:30.297+0000] {dag.py:3239} INFO - Sync 1 DAGs
[2025-03-24T08:31:30.314+0000] {logging_mixin.py:190} INFO - [2025-03-24T08:31:30.314+0000] {dag.py:4180} INFO - Setting next_dagrun for tutorial_objectstorage to None, run_after=None
[2025-03-24T08:31:30.336+0000] {processor.py:208} INFO - Processing /home/airflow/.local/lib/python3.12/site-packages/airflow/example_dags/tutorial_objectstorage.py took 0.082 seconds
[2025-03-24T08:32:01.572+0000] {processor.py:186} INFO - Started process (PID=2795) to work on /home/airflow/.local/lib/python3.12/site-packages/airflow/example_dags/tutorial_objectstorage.py
[2025-03-24T08:32:01.573+0000] {processor.py:914} INFO - Processing file /home/airflow/.local/lib/python3.12/site-packages/airflow/example_dags/tutorial_objectstorage.py for tasks to queue
[2025-03-24T08:32:01.575+0000] {logging_mixin.py:190} INFO - [2025-03-24T08:32:01.575+0000] {dagbag.py:588} INFO - Filling up the DagBag from /home/airflow/.local/lib/python3.12/site-packages/airflow/example_dags/tutorial_objectstorage.py
[2025-03-24T08:32:01.586+0000] {processor.py:925} INFO - DAG(s) 'tutorial_objectstorage' retrieved from /home/airflow/.local/lib/python3.12/site-packages/airflow/example_dags/tutorial_objectstorage.py
[2025-03-24T08:32:01.608+0000] {logging_mixin.py:190} INFO - [2025-03-24T08:32:01.607+0000] {dag.py:3239} INFO - Sync 1 DAGs
[2025-03-24T08:32:01.625+0000] {logging_mixin.py:190} INFO - [2025-03-24T08:32:01.624+0000] {dag.py:4180} INFO - Setting next_dagrun for tutorial_objectstorage to None, run_after=None
[2025-03-24T08:32:01.647+0000] {processor.py:208} INFO - Processing /home/airflow/.local/lib/python3.12/site-packages/airflow/example_dags/tutorial_objectstorage.py took 0.082 seconds
[2025-03-24T08:32:33.388+0000] {processor.py:186} INFO - Started process (PID=2864) to work on /home/airflow/.local/lib/python3.12/site-packages/airflow/example_dags/tutorial_objectstorage.py
[2025-03-24T08:32:33.389+0000] {processor.py:914} INFO - Processing file /home/airflow/.local/lib/python3.12/site-packages/airflow/example_dags/tutorial_objectstorage.py for tasks to queue
[2025-03-24T08:32:33.391+0000] {logging_mixin.py:190} INFO - [2025-03-24T08:32:33.391+0000] {dagbag.py:588} INFO - Filling up the DagBag from /home/airflow/.local/lib/python3.12/site-packages/airflow/example_dags/tutorial_objectstorage.py
[2025-03-24T08:32:33.405+0000] {processor.py:925} INFO - DAG(s) 'tutorial_objectstorage' retrieved from /home/airflow/.local/lib/python3.12/site-packages/airflow/example_dags/tutorial_objectstorage.py
[2025-03-24T08:32:33.428+0000] {logging_mixin.py:190} INFO - [2025-03-24T08:32:33.427+0000] {dag.py:3239} INFO - Sync 1 DAGs
[2025-03-24T08:32:33.444+0000] {logging_mixin.py:190} INFO - [2025-03-24T08:32:33.444+0000] {dag.py:4180} INFO - Setting next_dagrun for tutorial_objectstorage to None, run_after=None
[2025-03-24T08:32:33.473+0000] {processor.py:208} INFO - Processing /home/airflow/.local/lib/python3.12/site-packages/airflow/example_dags/tutorial_objectstorage.py took 0.092 seconds
[2025-03-24T08:33:05.071+0000] {processor.py:186} INFO - Started process (PID=2928) to work on /home/airflow/.local/lib/python3.12/site-packages/airflow/example_dags/tutorial_objectstorage.py
[2025-03-24T08:33:05.073+0000] {processor.py:914} INFO - Processing file /home/airflow/.local/lib/python3.12/site-packages/airflow/example_dags/tutorial_objectstorage.py for tasks to queue
[2025-03-24T08:33:05.075+0000] {logging_mixin.py:190} INFO - [2025-03-24T08:33:05.075+0000] {dagbag.py:588} INFO - Filling up the DagBag from /home/airflow/.local/lib/python3.12/site-packages/airflow/example_dags/tutorial_objectstorage.py
[2025-03-24T08:33:05.086+0000] {processor.py:925} INFO - DAG(s) 'tutorial_objectstorage' retrieved from /home/airflow/.local/lib/python3.12/site-packages/airflow/example_dags/tutorial_objectstorage.py
[2025-03-24T08:33:05.110+0000] {logging_mixin.py:190} INFO - [2025-03-24T08:33:05.110+0000] {dag.py:3239} INFO - Sync 1 DAGs
[2025-03-24T08:33:05.127+0000] {logging_mixin.py:190} INFO - [2025-03-24T08:33:05.126+0000] {dag.py:4180} INFO - Setting next_dagrun for tutorial_objectstorage to None, run_after=None
[2025-03-24T08:33:05.152+0000] {processor.py:208} INFO - Processing /home/airflow/.local/lib/python3.12/site-packages/airflow/example_dags/tutorial_objectstorage.py took 0.088 seconds
