[2025-03-24T08:47:50.207+0000] {local_task_job_runner.py:123} INFO - ::group::Pre task execution logs
[2025-03-24T08:47:50.227+0000] {taskinstance.py:2614} INFO - Dependencies all met for dep_context=non-requeueable deps ti=<TaskInstance: dlt_to_postgres_pipeline.run_dlt_pipeline_task manual__2025-03-24T08:42:42.020090+00:00 [queued]>
[2025-03-24T08:47:50.237+0000] {taskinstance.py:2614} INFO - Dependencies all met for dep_context=requeueable deps ti=<TaskInstance: dlt_to_postgres_pipeline.run_dlt_pipeline_task manual__2025-03-24T08:42:42.020090+00:00 [queued]>
[2025-03-24T08:47:50.242+0000] {taskinstance.py:2867} INFO - Starting attempt 2 of 2
[2025-03-24T08:47:50.262+0000] {taskinstance.py:2890} INFO - Executing <Task(PythonOperator): run_dlt_pipeline_task> on 2025-03-24 08:42:42.020090+00:00
[2025-03-24T08:47:50.268+0000] {warnings.py:112} WARNING - /home/***/.local/lib/python3.12/site-packages/***/task/task_runner/standard_task_runner.py:70: DeprecationWarning: This process (pid=155) is multi-threaded, use of fork() may lead to deadlocks in the child.
  pid = os.fork()

[2025-03-24T08:47:50.269+0000] {standard_task_runner.py:72} INFO - Started process 157 to run task
[2025-03-24T08:47:50.270+0000] {standard_task_runner.py:104} INFO - Running: ['***', 'tasks', 'run', 'dlt_to_postgres_pipeline', 'run_dlt_pipeline_task', 'manual__2025-03-24T08:42:42.020090+00:00', '--job-id', '8', '--raw', '--subdir', 'DAGS_FOLDER/dlt_pipeline_dag.py', '--cfg-path', '/tmp/tmpnik6p_6a']
[2025-03-24T08:47:50.272+0000] {standard_task_runner.py:105} INFO - Job 8: Subtask run_dlt_pipeline_task
[2025-03-24T08:47:50.633+0000] {task_command.py:467} INFO - Running <TaskInstance: dlt_to_postgres_pipeline.run_dlt_pipeline_task manual__2025-03-24T08:42:42.020090+00:00 [running]> on host e006bd29727e
[2025-03-24T08:47:50.735+0000] {taskinstance.py:3134} INFO - Exporting env vars: AIRFLOW_CTX_DAG_OWNER='***' AIRFLOW_CTX_DAG_ID='dlt_to_postgres_pipeline' AIRFLOW_CTX_TASK_ID='run_dlt_pipeline_task' AIRFLOW_CTX_EXECUTION_DATE='2025-03-24T08:42:42.020090+00:00' AIRFLOW_CTX_TRY_NUMBER='2' AIRFLOW_CTX_DAG_RUN_ID='manual__2025-03-24T08:42:42.020090+00:00'
[2025-03-24T08:47:50.736+0000] {logging_mixin.py:190} INFO - Task instance is in running state
[2025-03-24T08:47:50.737+0000] {logging_mixin.py:190} INFO -  Previous state of the Task instance: queued
[2025-03-24T08:47:50.738+0000] {logging_mixin.py:190} INFO - Current task name:run_dlt_pipeline_task state:running start_date:2025-03-24 08:47:50.228448+00:00
[2025-03-24T08:47:50.738+0000] {logging_mixin.py:190} INFO - Dag name:dlt_to_postgres_pipeline and current dag run status:running
[2025-03-24T08:47:50.739+0000] {taskinstance.py:732} INFO - ::endgroup::
[2025-03-24T08:47:50.743+0000] {taskinstance.py:3313} ERROR - Task failed with exception
Traceback (most recent call last):
  File "/home/airflow/.local/lib/python3.12/site-packages/airflow/models/taskinstance.py", line 768, in _execute_task
    result = _execute_callable(context=context, **execute_callable_kwargs)
             ^^^^^^^^^^^^^^^^^^^^^^^^^^^^^^^^^^^^^^^^^^^^^^^^^^^^^^^^^^^^^
  File "/home/airflow/.local/lib/python3.12/site-packages/airflow/models/taskinstance.py", line 734, in _execute_callable
    return ExecutionCallableRunner(
           ^^^^^^^^^^^^^^^^^^^^^^^^
  File "/home/airflow/.local/lib/python3.12/site-packages/airflow/utils/operator_helpers.py", line 252, in run
    return self.func(*args, **kwargs)
           ^^^^^^^^^^^^^^^^^^^^^^^^^^
  File "/home/airflow/.local/lib/python3.12/site-packages/airflow/models/baseoperator.py", line 424, in wrapper
    return func(self, *args, **kwargs)
           ^^^^^^^^^^^^^^^^^^^^^^^^^^^
  File "/home/airflow/.local/lib/python3.12/site-packages/airflow/operators/python.py", line 238, in execute
    return_value = self.execute_callable()
                   ^^^^^^^^^^^^^^^^^^^^^^^
  File "/home/airflow/.local/lib/python3.12/site-packages/airflow/operators/python.py", line 256, in execute_callable
    return runner.run(*self.op_args, **self.op_kwargs)
           ^^^^^^^^^^^^^^^^^^^^^^^^^^^^^^^^^^^^^^^^^^^
  File "/home/airflow/.local/lib/python3.12/site-packages/airflow/utils/operator_helpers.py", line 252, in run
    return self.func(*args, **kwargs)
           ^^^^^^^^^^^^^^^^^^^^^^^^^^
  File "/opt/airflow/dags/dlt_pipeline_dag.py", line 11, in run_dlt_pipeline
    from pipeline import pipeline_main
ModuleNotFoundError: No module named 'pipeline'
[2025-03-24T08:47:50.759+0000] {logging_mixin.py:190} INFO - Task instance in failure state
[2025-03-24T08:47:50.760+0000] {logging_mixin.py:190} INFO - Task start:2025-03-24 08:47:50.228448+00:00 end:2025-03-24 08:47:50.759515+00:00 duration:0.531067
[2025-03-24T08:47:50.761+0000] {logging_mixin.py:190} INFO - Task:<Task(PythonOperator): run_dlt_pipeline_task> dag:<DAG: dlt_to_postgres_pipeline> dagrun:<DagRun dlt_to_postgres_pipeline @ 2025-03-24 08:42:42.020090+00:00: manual__2025-03-24T08:42:42.020090+00:00, state:running, queued_at: 2025-03-24 08:42:42.036163+00:00. externally triggered: True>
[2025-03-24T08:47:50.761+0000] {logging_mixin.py:190} INFO - Failure caused by No module named 'pipeline'
[2025-03-24T08:47:50.762+0000] {taskinstance.py:1226} INFO - Marking task as FAILED. dag_id=dlt_to_postgres_pipeline, task_id=run_dlt_pipeline_task, run_id=manual__2025-03-24T08:42:42.020090+00:00, execution_date=20250324T084242, start_date=20250324T084750, end_date=20250324T084750
[2025-03-24T08:47:50.792+0000] {taskinstance.py:341} INFO - ::group::Post task execution logs
[2025-03-24T08:47:50.793+0000] {standard_task_runner.py:124} ERROR - Failed to execute job 8 for task run_dlt_pipeline_task (No module named 'pipeline'; 157)
Traceback (most recent call last):
  File "/home/airflow/.local/lib/python3.12/site-packages/airflow/task/task_runner/standard_task_runner.py", line 117, in _start_by_fork
    ret = args.func(args, dag=self.dag)
          ^^^^^^^^^^^^^^^^^^^^^^^^^^^^^
  File "/home/airflow/.local/lib/python3.12/site-packages/airflow/cli/cli_config.py", line 49, in command
    return func(*args, **kwargs)
           ^^^^^^^^^^^^^^^^^^^^^
  File "/home/airflow/.local/lib/python3.12/site-packages/airflow/utils/cli.py", line 116, in wrapper
    return f(*args, **kwargs)
           ^^^^^^^^^^^^^^^^^^
  File "/home/airflow/.local/lib/python3.12/site-packages/airflow/cli/commands/task_command.py", line 483, in task_run
    task_return_code = _run_task_by_selected_method(args, _dag, ti)
                       ^^^^^^^^^^^^^^^^^^^^^^^^^^^^^^^^^^^^^^^^^^^^
  File "/home/airflow/.local/lib/python3.12/site-packages/airflow/cli/commands/task_command.py", line 256, in _run_task_by_selected_method
    return _run_raw_task(args, ti)
           ^^^^^^^^^^^^^^^^^^^^^^^
  File "/home/airflow/.local/lib/python3.12/site-packages/airflow/cli/commands/task_command.py", line 341, in _run_raw_task
    return ti._run_raw_task(
           ^^^^^^^^^^^^^^^^^
  File "/home/airflow/.local/lib/python3.12/site-packages/airflow/utils/session.py", line 97, in wrapper
    return func(*args, session=session, **kwargs)
           ^^^^^^^^^^^^^^^^^^^^^^^^^^^^^^^^^^^^^^
  File "/home/airflow/.local/lib/python3.12/site-packages/airflow/models/taskinstance.py", line 3006, in _run_raw_task
    return _run_raw_task(
           ^^^^^^^^^^^^^^
  File "/home/airflow/.local/lib/python3.12/site-packages/airflow/models/taskinstance.py", line 274, in _run_raw_task
    TaskInstance._execute_task_with_callbacks(
  File "/home/airflow/.local/lib/python3.12/site-packages/airflow/models/taskinstance.py", line 3161, in _execute_task_with_callbacks
    result = self._execute_task(context, task_orig)
             ^^^^^^^^^^^^^^^^^^^^^^^^^^^^^^^^^^^^^^
  File "/home/airflow/.local/lib/python3.12/site-packages/airflow/models/taskinstance.py", line 3185, in _execute_task
    return _execute_task(self, context, task_orig)
           ^^^^^^^^^^^^^^^^^^^^^^^^^^^^^^^^^^^^^^^
  File "/home/airflow/.local/lib/python3.12/site-packages/airflow/models/taskinstance.py", line 768, in _execute_task
    result = _execute_callable(context=context, **execute_callable_kwargs)
             ^^^^^^^^^^^^^^^^^^^^^^^^^^^^^^^^^^^^^^^^^^^^^^^^^^^^^^^^^^^^^
  File "/home/airflow/.local/lib/python3.12/site-packages/airflow/models/taskinstance.py", line 734, in _execute_callable
    return ExecutionCallableRunner(
           ^^^^^^^^^^^^^^^^^^^^^^^^
  File "/home/airflow/.local/lib/python3.12/site-packages/airflow/utils/operator_helpers.py", line 252, in run
    return self.func(*args, **kwargs)
           ^^^^^^^^^^^^^^^^^^^^^^^^^^
  File "/home/airflow/.local/lib/python3.12/site-packages/airflow/models/baseoperator.py", line 424, in wrapper
    return func(self, *args, **kwargs)
           ^^^^^^^^^^^^^^^^^^^^^^^^^^^
  File "/home/airflow/.local/lib/python3.12/site-packages/airflow/operators/python.py", line 238, in execute
    return_value = self.execute_callable()
                   ^^^^^^^^^^^^^^^^^^^^^^^
  File "/home/airflow/.local/lib/python3.12/site-packages/airflow/operators/python.py", line 256, in execute_callable
    return runner.run(*self.op_args, **self.op_kwargs)
           ^^^^^^^^^^^^^^^^^^^^^^^^^^^^^^^^^^^^^^^^^^^
  File "/home/airflow/.local/lib/python3.12/site-packages/airflow/utils/operator_helpers.py", line 252, in run
    return self.func(*args, **kwargs)
           ^^^^^^^^^^^^^^^^^^^^^^^^^^
  File "/opt/airflow/dags/dlt_pipeline_dag.py", line 11, in run_dlt_pipeline
    from pipeline import pipeline_main
ModuleNotFoundError: No module named 'pipeline'
[2025-03-24T08:47:50.849+0000] {local_task_job_runner.py:266} INFO - Task exited with return code 1
[2025-03-24T08:47:51.034+0000] {taskinstance.py:3901} INFO - 0 downstream tasks scheduled from follow-on schedule check
[2025-03-24T08:47:51.040+0000] {local_task_job_runner.py:245} INFO - ::endgroup::
